-----FD003-----
关键参数:
序列长度: 30
批大小(batch_size): 128
最大训练轮数(max_epochs): 30
随机数种子: 80
模型代号(model_code): FD003_B_BC_20260422_054641
模型结构(model_structure): encoderdecoder
消融预设(ablation_preset): B - Full-connected graph + GAT-LSTM with encoder and decoder (AOF off)
学习率: 0.002
学习率调度器: step
Step步长(step_size): 10
Step衰减系数(gamma): 0.1
空间GAT: 开启
是否使用解码器LSTM: 是
是否使用AOF: 否
Decoder注意力隐层维度: 28
图构建模式(graph_mode): dynamic_knn
GAT层数(num_layers): 2
GAT邻居数(topk): 14
GAT嵌入维度: 8
GAT隐藏层维度: 8
------------------------------
Epoch: 1, Loss: 24.4481, Rmse_valid: 19.1979, valid_score: 17848.4, , rmse_test: 23.3808, score_test: 3241.9, Learning rate:0.00200000
Epoch: 2, Loss: 18.2010, Rmse_valid: 13.9416, valid_score: 12736.6, , rmse_test: 19.4777, score_test: 2176.3, Learning rate:0.00200000
Epoch: 3, Loss: 15.2965, Rmse_valid: 13.4198, valid_score: 12333.6, , rmse_test: 21.3604, score_test: 2591.7, Learning rate:0.00200000
Epoch: 4, Loss: 13.8679, Rmse_valid: 12.9785, valid_score: 10348.9, , rmse_test: 16.3199, score_test: 1303.2, Learning rate:0.00200000
Epoch: 5, Loss: 12.7343, Rmse_valid: 13.8202, valid_score: 9483.3, , rmse_test: 16.8826, score_test: 1213.1, Learning rate:0.00200000
Epoch: 6, Loss: 12.4389, Rmse_valid: 12.3337, valid_score: 8012.3, , rmse_test: 15.8259, score_test: 1099.3, Learning rate:0.00200000
Epoch: 7, Loss: 12.0603, Rmse_valid: 11.4670, valid_score: 8363.0, , rmse_test: 16.1197, score_test: 1380.7, Learning rate:0.00200000
Epoch: 8, Loss: 11.7865, Rmse_valid: 11.2694, valid_score: 8802.5, , rmse_test: 16.1333, score_test: 1325.4, Learning rate:0.00200000
Epoch: 9, Loss: 11.4739, Rmse_valid: 12.7029, valid_score: 8361.5, , rmse_test: 15.5385, score_test: 1149.0, Learning rate:0.00200000
Epoch: 10, Loss: 11.2304, Rmse_valid: 11.5743, valid_score: 7300.9, , rmse_test: 15.4521, score_test: 1097.5, Learning rate:0.00200000
Epoch: 11, Loss: 10.2221, Rmse_valid: 10.8837, valid_score: 8374.2, , rmse_test: 15.7586, score_test: 1398.2, Learning rate:0.00020000
Epoch: 12, Loss: 10.1048, Rmse_valid: 10.7838, valid_score: 8516.2, , rmse_test: 15.7251, score_test: 1419.0, Learning rate:0.00020000
Epoch: 13, Loss: 10.0513, Rmse_valid: 10.6935, valid_score: 8298.6, , rmse_test: 15.7108, score_test: 1385.2, Learning rate:0.00020000
Epoch: 14, Loss: 9.9927, Rmse_valid: 10.6610, valid_score: 7918.7, , rmse_test: 15.5571, score_test: 1325.1, Learning rate:0.00020000
Epoch: 15, Loss: 9.9500, Rmse_valid: 10.3272, valid_score: 8385.5, , rmse_test: 15.7830, score_test: 1489.3, Learning rate:0.00020000
Epoch: 16, Loss: 9.8988, Rmse_valid: 10.3291, valid_score: 8257.6, , rmse_test: 15.7558, score_test: 1452.5, Learning rate:0.00020000
Epoch: 17, Loss: 9.8492, Rmse_valid: 10.3745, valid_score: 7622.2, , rmse_test: 15.4325, score_test: 1331.0, Learning rate:0.00020000
Epoch: 18, Loss: 9.8058, Rmse_valid: 10.2089, valid_score: 7793.1, , rmse_test: 15.5189, score_test: 1314.5, Learning rate:0.00020000
Epoch: 19, Loss: 9.7713, Rmse_valid: 9.8540, valid_score: 7499.9, , rmse_test: 15.6888, score_test: 1413.0, Learning rate:0.00020000
Epoch: 20, Loss: 9.7312, Rmse_valid: 9.9885, valid_score: 7578.5, , rmse_test: 15.7339, score_test: 1462.7, Learning rate:0.00020000
Epoch: 21, Loss: 9.6575, Rmse_valid: 10.0288, valid_score: 7653.2, , rmse_test: 15.6438, score_test: 1424.5, Learning rate:0.00002000
Epoch: 22, Loss: 9.6404, Rmse_valid: 9.9827, valid_score: 7683.3, , rmse_test: 15.5787, score_test: 1396.4, Learning rate:0.00002000
Epoch: 23, Loss: 9.6341, Rmse_valid: 10.0218, valid_score: 7879.4, , rmse_test: 15.6388, score_test: 1435.8, Learning rate:0.00002000
Epoch: 24, Loss: 9.6295, Rmse_valid: 9.9006, valid_score: 7817.5, , rmse_test: 15.6383, score_test: 1412.5, Learning rate:0.00002000
Epoch: 25, Loss: 9.6265, Rmse_valid: 10.0748, valid_score: 7802.5, , rmse_test: 15.5791, score_test: 1407.1, Learning rate:0.00002000
Epoch: 26, Loss: 9.6211, Rmse_valid: 9.9650, valid_score: 7808.8, , rmse_test: 15.5914, score_test: 1414.4, Learning rate:0.00002000
Epoch: 27, Loss: 9.6160, Rmse_valid: 9.8786, valid_score: 7868.2, , rmse_test: 15.6632, score_test: 1430.6, Learning rate:0.00002000
Epoch: 28, Loss: 9.6122, Rmse_valid: 9.8873, valid_score: 7789.3, , rmse_test: 15.6064, score_test: 1411.5, Learning rate:0.00002000
Epoch: 29, Loss: 9.6054, Rmse_valid: 9.9155, valid_score: 7841.2, , rmse_test: 15.6853, score_test: 1428.0, Learning rate:0.00002000
Epoch: 30, Loss: 9.6046, Rmse_valid: 9.9221, valid_score: 7818.0, , rmse_test: 15.6263, score_test: 1423.8, Learning rate:0.00002000
[Train Summary] Restored best model from epoch 19, rmse_valid: 9.8540, valid_score: 7499.9, rmse_test: 15.6888, score_test: 1413.0
[Train Time] start: 2026-04-22 09:53:59, end: 2026-04-22 09:55:39, duration: 0:01:40, total_seconds: 100.35
[Auto Test] command: /usr/bin/python /CMAPSS-release/scipt/test_model.py --sub-dataset FD003 --smooth-rate 40 --sequence-len 30 --feature-num 14 --dataset-root /CMAPSS-release/CMAPSSData/ --max-rul 125 --batch-size 128 --model-path /CMAPSS-release/logs/FD003_FD003_B_BC_20260422_054641/seed80/model_FD003_0422_095359_seed80.pkl
model_path:/CMAPSS-release/logs/FD003_FD003_B_BC_20260422_054641/seed80/model_FD003_0422_095359_seed80.pkl
rmse_final:15.522563934326172, score:1340.790283203125
