-----FD001-----
关键参数:
序列长度: 30
批大小(batch_size): 128
最大训练轮数(max_epochs): 30
随机数种子: 97
模型代号(model_code): A_g_dropout0.1
模型结构(model_structure): encoderdecoder
消融预设(ablation_preset): A - KNN graph + GAT-LSTM with encoder and decoder (AOF off)
学习率: 0.002
学习率调度器: step
Step步长(step_size): 10
Step衰减系数(gamma): 0.1
空间GAT: 开启
是否使用解码器LSTM: 是
是否使用AOF: 否
Decoder注意力隐层维度: 28
图构建模式(graph_mode): dynamic_knn
GAT层数(num_layers): 2
GAT邻居数(topk): 7
GAT嵌入维度: 8
GAT隐藏层维度: 8
------------------------------
Epoch: 1, Loss: 28.8404, Rmse_valid: 21.5904, valid_score: 31395.1, , rmse_test: 25.8226, score_test: 26481.7, Learning rate:0.00200000
Epoch: 2, Loss: 20.1822, Rmse_valid: 16.7786, valid_score: 9667.2, , rmse_test: 20.0031, score_test: 2850.0, Learning rate:0.00200000
Epoch: 3, Loss: 17.9435, Rmse_valid: 15.2220, valid_score: 6097.6, , rmse_test: 15.6290, score_test: 407.0, Learning rate:0.00200000
Epoch: 4, Loss: 14.5818, Rmse_valid: 12.3037, valid_score: 4647.1, , rmse_test: 13.1562, score_test: 263.5, Learning rate:0.00200000
Epoch: 5, Loss: 12.9693, Rmse_valid: 14.2989, valid_score: 4582.4, , rmse_test: 15.5760, score_test: 297.8, Learning rate:0.00200000
Epoch: 6, Loss: 12.5049, Rmse_valid: 15.4955, valid_score: 10536.4, , rmse_test: 18.2825, score_test: 978.1, Learning rate:0.00200000
Epoch: 7, Loss: 12.0077, Rmse_valid: 13.4067, valid_score: 7956.2, , rmse_test: 15.9706, score_test: 560.9, Learning rate:0.00200000
Epoch: 8, Loss: 11.8661, Rmse_valid: 11.8959, valid_score: 3801.8, , rmse_test: 15.0501, score_test: 306.6, Learning rate:0.00200000
Epoch: 9, Loss: 11.4965, Rmse_valid: 12.5562, valid_score: 3779.8, , rmse_test: 15.1948, score_test: 309.3, Learning rate:0.00200000
Epoch: 10, Loss: 11.3331, Rmse_valid: 16.2673, valid_score: 13007.6, , rmse_test: 18.8134, score_test: 778.4, Learning rate:0.00200000
Epoch: 11, Loss: 10.2622, Rmse_valid: 10.7666, valid_score: 4348.5, , rmse_test: 13.5852, score_test: 314.4, Learning rate:0.00020000
Epoch: 12, Loss: 9.9333, Rmse_valid: 10.9547, valid_score: 4313.7, , rmse_test: 13.5636, score_test: 301.6, Learning rate:0.00020000
Epoch: 13, Loss: 9.8722, Rmse_valid: 11.0426, valid_score: 4670.6, , rmse_test: 13.7162, score_test: 317.5, Learning rate:0.00020000
Epoch: 14, Loss: 9.8053, Rmse_valid: 11.5833, valid_score: 4229.5, , rmse_test: 13.7305, score_test: 331.9, Learning rate:0.00020000
Epoch: 15, Loss: 9.7526, Rmse_valid: 11.1721, valid_score: 4625.7, , rmse_test: 13.9674, score_test: 347.6, Learning rate:0.00020000
Epoch: 16, Loss: 9.6989, Rmse_valid: 11.2545, valid_score: 4278.5, , rmse_test: 13.6432, score_test: 312.1, Learning rate:0.00020000
Epoch: 17, Loss: 9.6698, Rmse_valid: 11.1992, valid_score: 3565.1, , rmse_test: 13.6539, score_test: 299.4, Learning rate:0.00020000
Epoch: 18, Loss: 9.6167, Rmse_valid: 11.0023, valid_score: 3820.6, , rmse_test: 13.5896, score_test: 304.5, Learning rate:0.00020000
Epoch: 19, Loss: 9.5860, Rmse_valid: 10.7914, valid_score: 3896.7, , rmse_test: 13.5605, score_test: 301.5, Learning rate:0.00020000
Epoch: 20, Loss: 9.5583, Rmse_valid: 10.9451, valid_score: 4032.8, , rmse_test: 13.6422, score_test: 311.2, Learning rate:0.00020000
Epoch: 21, Loss: 9.4669, Rmse_valid: 11.1052, valid_score: 3933.9, , rmse_test: 13.6825, score_test: 313.0, Learning rate:0.00002000
Epoch: 22, Loss: 9.4511, Rmse_valid: 10.7840, valid_score: 4090.4, , rmse_test: 13.7512, score_test: 323.5, Learning rate:0.00002000
Epoch: 23, Loss: 9.4518, Rmse_valid: 10.9756, valid_score: 4078.9, , rmse_test: 13.7319, score_test: 320.5, Learning rate:0.00002000
Epoch: 24, Loss: 9.4469, Rmse_valid: 10.9055, valid_score: 4079.8, , rmse_test: 13.7416, score_test: 322.0, Learning rate:0.00002000
Epoch: 25, Loss: 9.4443, Rmse_valid: 10.7843, valid_score: 4152.6, , rmse_test: 13.7802, score_test: 327.8, Learning rate:0.00002000
Epoch: 26, Loss: 9.4406, Rmse_valid: 11.2473, valid_score: 4174.1, , rmse_test: 13.7969, score_test: 329.7, Learning rate:0.00002000
Epoch: 27, Loss: 9.4358, Rmse_valid: 10.8517, valid_score: 3905.8, , rmse_test: 13.7301, score_test: 317.6, Learning rate:0.00002000
Epoch: 28, Loss: 9.4364, Rmse_valid: 10.7161, valid_score: 4014.4, , rmse_test: 13.7534, score_test: 321.4, Learning rate:0.00002000
Epoch: 29, Loss: 9.4314, Rmse_valid: 11.0253, valid_score: 3986.5, , rmse_test: 13.7594, score_test: 320.2, Learning rate:0.00002000
Epoch: 30, Loss: 9.4295, Rmse_valid: 11.0555, valid_score: 3976.5, , rmse_test: 13.7396, score_test: 319.3, Learning rate:0.00002000
[Train Summary] Restored best model from epoch 28, rmse_valid: 10.7161, valid_score: 4014.4, rmse_test: 13.7534, score_test: 321.4
[Train Time] start: 2026-04-24 15:00:13, end: 2026-04-24 15:08:28, duration: 0:08:15, total_seconds: 495.37
[Auto Test] command: /usr/bin/python /CMAPSS-release/scipt/test_model.py --sub-dataset FD001 --smooth-rate 30 --sequence-len 30 --feature-num 14 --dataset-root /CMAPSS-release/CMAPSSData/ --max-rul 125 --batch-size 128 --model-path /CMAPSS-release/logs/FD001_A_g_dropout0.1/seed97/model_FD001_0424_150013_seed97.pkl --no-cuda
model_path:/CMAPSS-release/logs/FD001_A_g_dropout0.1/seed97/model_FD001_0424_150013_seed97.pkl
rmse_final:13.64331340789795, score:310.7754211425781
