-----FD004-----
关键参数:
序列长度: 30
批大小(batch_size): 128
最大训练轮数(max_epochs): 30
随机数种子: 33
模型代号(model_code): FD004_B
模型结构(model_structure): encoderdecoder
消融预设(ablation_preset): B - Path graph + GAT + EncoderDecoder-LSTM without AOF
学习率: 0.002
学习率调度器: step
Step步长(step_size): 10
Step衰减系数(gamma): 0.1
空间GAT: 开启
是否使用解码器LSTM: 是
是否使用AOF: 否
Decoder注意力隐层维度: 28
图构建模式(graph_mode): path
GAT层数(num_layers): 2
GAT邻居数(topk): 7
GAT嵌入维度: 8
GAT隐藏层维度: 8
------------------------------
Epoch: 1, Loss: 25.7904, Rmse_valid: 21.1625, valid_score: 67491.3, , rmse_test: 24.4474, score_test: 7488.8, Learning rate:0.00200000
Epoch: 2, Loss: 21.8684, Rmse_valid: 20.8033, valid_score: 103413.0, , rmse_test: 25.0868, score_test: 10335.9, Learning rate:0.00200000
Epoch: 3, Loss: 20.1457, Rmse_valid: 18.7288, valid_score: 59770.0, , rmse_test: 19.9619, score_test: 4270.0, Learning rate:0.00200000
Epoch: 4, Loss: 19.2439, Rmse_valid: 19.0054, valid_score: 67107.4, , rmse_test: 20.6239, score_test: 3669.0, Learning rate:0.00200000
Epoch: 5, Loss: 18.3614, Rmse_valid: 19.4820, valid_score: 118554.8, , rmse_test: 19.7011, score_test: 3696.6, Learning rate:0.00200000
Epoch: 6, Loss: 17.6844, Rmse_valid: 16.8560, valid_score: 63799.1, , rmse_test: 18.0715, score_test: 2577.6, Learning rate:0.00200000
Epoch: 7, Loss: 17.1575, Rmse_valid: 17.5567, valid_score: 104065.7, , rmse_test: 18.3572, score_test: 2894.3, Learning rate:0.00200000
Epoch: 8, Loss: 16.8325, Rmse_valid: 16.6755, valid_score: 92883.0, , rmse_test: 18.1130, score_test: 2537.8, Learning rate:0.00200000
Epoch: 9, Loss: 16.7337, Rmse_valid: 17.0406, valid_score: 117523.8, , rmse_test: 18.4588, score_test: 2577.0, Learning rate:0.00200000
Epoch: 10, Loss: 16.2433, Rmse_valid: 16.4782, valid_score: 70326.0, , rmse_test: 18.2078, score_test: 1878.4, Learning rate:0.00200000
Epoch: 11, Loss: 14.4958, Rmse_valid: 16.6092, valid_score: 130827.7, , rmse_test: 17.7808, score_test: 2327.8, Learning rate:0.00020000
Epoch: 12, Loss: 14.3590, Rmse_valid: 16.4774, valid_score: 130927.1, , rmse_test: 17.5728, score_test: 2336.7, Learning rate:0.00020000
Epoch: 13, Loss: 14.2897, Rmse_valid: 16.3579, valid_score: 144930.4, , rmse_test: 17.6347, score_test: 2182.3, Learning rate:0.00020000
Epoch: 14, Loss: 14.2446, Rmse_valid: 16.4610, valid_score: 141807.4, , rmse_test: 17.4624, score_test: 2140.6, Learning rate:0.00020000
Epoch: 15, Loss: 14.2126, Rmse_valid: 16.4004, valid_score: 148182.9, , rmse_test: 17.7232, score_test: 2582.1, Learning rate:0.00020000
Epoch: 16, Loss: 14.1681, Rmse_valid: 16.6214, valid_score: 143747.1, , rmse_test: 17.7094, score_test: 2299.0, Learning rate:0.00020000
Epoch: 17, Loss: 14.1316, Rmse_valid: 16.7711, valid_score: 145333.0, , rmse_test: 17.4069, score_test: 1911.8, Learning rate:0.00020000
Epoch: 18, Loss: 14.0952, Rmse_valid: 16.5333, valid_score: 153457.9, , rmse_test: 18.0150, score_test: 2632.0, Learning rate:0.00020000
Epoch: 19, Loss: 14.0720, Rmse_valid: 16.2088, valid_score: 141784.3, , rmse_test: 17.5159, score_test: 2105.7, Learning rate:0.00020000
Epoch: 20, Loss: 14.0374, Rmse_valid: 16.6518, valid_score: 152010.7, , rmse_test: 17.3555, score_test: 1949.0, Learning rate:0.00020000
Epoch: 21, Loss: 13.9147, Rmse_valid: 16.6311, valid_score: 155092.1, , rmse_test: 17.6809, score_test: 2278.9, Learning rate:0.00002000
Epoch: 22, Loss: 13.8993, Rmse_valid: 16.4600, valid_score: 154245.0, , rmse_test: 17.6565, score_test: 2214.9, Learning rate:0.00002000
Epoch: 23, Loss: 13.8954, Rmse_valid: 16.5751, valid_score: 153996.4, , rmse_test: 17.6068, score_test: 2148.5, Learning rate:0.00002000
Epoch: 24, Loss: 13.8899, Rmse_valid: 16.5079, valid_score: 158971.5, , rmse_test: 17.5888, score_test: 2174.8, Learning rate:0.00002000
Epoch: 25, Loss: 13.8866, Rmse_valid: 16.5149, valid_score: 155153.0, , rmse_test: 17.6188, score_test: 2190.7, Learning rate:0.00002000
Epoch: 26, Loss: 13.8837, Rmse_valid: 16.5738, valid_score: 155987.8, , rmse_test: 17.6388, score_test: 2217.1, Learning rate:0.00002000
Epoch: 27, Loss: 13.8809, Rmse_valid: 16.6242, valid_score: 155434.1, , rmse_test: 17.5619, score_test: 2104.6, Learning rate:0.00002000
Epoch: 28, Loss: 13.8763, Rmse_valid: 16.5832, valid_score: 158199.2, , rmse_test: 17.6572, score_test: 2231.3, Learning rate:0.00002000
Epoch: 29, Loss: 13.8714, Rmse_valid: 16.5364, valid_score: 161182.9, , rmse_test: 17.6871, score_test: 2340.7, Learning rate:0.00002000
Epoch: 30, Loss: 13.8684, Rmse_valid: 16.4516, valid_score: 157818.9, , rmse_test: 17.5793, score_test: 2182.8, Learning rate:0.00002000
[Train Summary] Restored best model from epoch 19, rmse_valid: 16.2088, valid_score: 141784.3, rmse_test: 17.5159, score_test: 2105.7
[Train Time] start: 2026-04-20 11:36:56, end: 2026-04-20 11:40:47, duration: 0:03:51, total_seconds: 230.62
[Auto Test] command: /usr/bin/python /CMAPSS-release/scipt/test_model.py --sub-dataset FD004 --smooth-rate 40 --sequence-len 30 --feature-num 14 --dataset-root /CMAPSS-release/CMAPSSData/ --max-rul 125 --batch-size 128 --model-path /CMAPSS-release/logs/FD004_FD004_B/seed33/model_FD004_0420_113656_seed33.pkl
model_path:/CMAPSS-release/logs/FD004_FD004_B/seed33/model_FD004_0420_113656_seed33.pkl
rmse_final:17.42888832092285, score:2029.2061767578125
