-----FD001-----
关键参数:
序列长度: 30
批大小(batch_size): 128
最大训练轮数(max_epochs): 30
随机数种子: 30
模型代号(model_code): FD001_C_BC_20260422_054641
模型结构(model_structure): encoderdecoder
消融预设(ablation_preset): C - KNN graph + GAT-LSTM with encoder only (no decoder, no AOF)
学习率: 0.002
学习率调度器: step
Step步长(step_size): 10
Step衰减系数(gamma): 0.1
空间GAT: 开启
是否使用解码器LSTM: 否
是否使用AOF: 否
图构建模式(graph_mode): dynamic_knn
GAT层数(num_layers): 2
GAT邻居数(topk): 7
GAT嵌入维度: 8
GAT隐藏层维度: 8
------------------------------
Epoch: 1, Loss: 23.7402, Rmse_valid: 21.6135, valid_score: 19353.8, , rmse_test: 23.7375, score_test: 22699.4, Learning rate:0.00200000
Epoch: 2, Loss: 21.6317, Rmse_valid: 23.2262, valid_score: 16017.0, , rmse_test: 22.8051, score_test: 9613.2, Learning rate:0.00200000
Epoch: 3, Loss: 21.1815, Rmse_valid: 20.5745, valid_score: 19597.4, , rmse_test: 24.5610, score_test: 19038.8, Learning rate:0.00200000
Epoch: 4, Loss: 20.8021, Rmse_valid: 20.1820, valid_score: 15063.8, , rmse_test: 23.4523, score_test: 9733.9, Learning rate:0.00200000
Epoch: 5, Loss: 19.5014, Rmse_valid: 19.3109, valid_score: 14673.3, , rmse_test: 22.6000, score_test: 15285.5, Learning rate:0.00200000
Epoch: 6, Loss: 18.3315, Rmse_valid: 18.9271, valid_score: 13648.5, , rmse_test: 22.0363, score_test: 9082.8, Learning rate:0.00200000
Epoch: 7, Loss: 17.1328, Rmse_valid: 17.4304, valid_score: 11528.7, , rmse_test: 20.0578, score_test: 4470.2, Learning rate:0.00200000
Epoch: 8, Loss: 15.6444, Rmse_valid: 18.3512, valid_score: 8387.6, , rmse_test: 19.6674, score_test: 600.1, Learning rate:0.00200000
Epoch: 9, Loss: 14.3322, Rmse_valid: 16.6709, valid_score: 14488.9, , rmse_test: 19.5491, score_test: 1202.7, Learning rate:0.00200000
Epoch: 10, Loss: 13.5894, Rmse_valid: 17.4951, valid_score: 8057.3, , rmse_test: 17.7375, score_test: 462.1, Learning rate:0.00200000
Epoch: 11, Loss: 11.7592, Rmse_valid: 14.4359, valid_score: 8791.1, , rmse_test: 16.7089, score_test: 546.7, Learning rate:0.00020000
Epoch: 12, Loss: 11.2707, Rmse_valid: 14.8381, valid_score: 7603.6, , rmse_test: 16.1590, score_test: 479.3, Learning rate:0.00020000
Epoch: 13, Loss: 11.0749, Rmse_valid: 14.7972, valid_score: 8663.0, , rmse_test: 16.4211, score_test: 536.0, Learning rate:0.00020000
Epoch: 14, Loss: 10.9345, Rmse_valid: 14.5473, valid_score: 7427.5, , rmse_test: 16.3239, score_test: 457.5, Learning rate:0.00020000
Epoch: 15, Loss: 10.8090, Rmse_valid: 13.9396, valid_score: 7869.0, , rmse_test: 16.5119, score_test: 619.7, Learning rate:0.00020000
Epoch: 16, Loss: 10.6796, Rmse_valid: 14.6655, valid_score: 8426.5, , rmse_test: 16.2807, score_test: 546.9, Learning rate:0.00020000
Epoch: 17, Loss: 10.5715, Rmse_valid: 14.2725, valid_score: 7712.1, , rmse_test: 16.2635, score_test: 576.3, Learning rate:0.00020000
Epoch: 18, Loss: 10.4462, Rmse_valid: 14.3287, valid_score: 7742.1, , rmse_test: 16.1346, score_test: 489.4, Learning rate:0.00020000
Epoch: 19, Loss: 10.3847, Rmse_valid: 14.2833, valid_score: 7880.4, , rmse_test: 15.9072, score_test: 445.6, Learning rate:0.00020000
Epoch: 20, Loss: 10.2878, Rmse_valid: 14.6337, valid_score: 7680.3, , rmse_test: 15.7899, score_test: 427.3, Learning rate:0.00020000
Epoch: 21, Loss: 10.0998, Rmse_valid: 14.1638, valid_score: 7855.6, , rmse_test: 15.9289, score_test: 475.7, Learning rate:0.00002000
Epoch: 22, Loss: 10.0871, Rmse_valid: 14.4607, valid_score: 7980.5, , rmse_test: 15.9503, score_test: 489.3, Learning rate:0.00002000
Epoch: 23, Loss: 10.0722, Rmse_valid: 14.4510, valid_score: 7827.6, , rmse_test: 15.9077, score_test: 480.7, Learning rate:0.00002000
Epoch: 24, Loss: 10.0605, Rmse_valid: 13.9944, valid_score: 7845.1, , rmse_test: 15.9249, score_test: 481.5, Learning rate:0.00002000
Epoch: 25, Loss: 10.0569, Rmse_valid: 14.2664, valid_score: 7775.9, , rmse_test: 15.8428, score_test: 471.6, Learning rate:0.00002000
Epoch: 26, Loss: 10.0496, Rmse_valid: 14.0075, valid_score: 7781.4, , rmse_test: 15.8948, score_test: 478.2, Learning rate:0.00002000
Epoch: 27, Loss: 10.0257, Rmse_valid: 14.1547, valid_score: 7999.8, , rmse_test: 15.9759, score_test: 486.2, Learning rate:0.00002000
Epoch: 28, Loss: 10.0250, Rmse_valid: 14.1152, valid_score: 7733.7, , rmse_test: 15.8986, score_test: 469.0, Learning rate:0.00002000
Epoch: 29, Loss: 10.0073, Rmse_valid: 14.4091, valid_score: 7769.0, , rmse_test: 15.8816, score_test: 478.7, Learning rate:0.00002000
Epoch: 30, Loss: 9.9941, Rmse_valid: 13.7323, valid_score: 7781.6, , rmse_test: 15.8669, score_test: 474.1, Learning rate:0.00002000
[Train Summary] Restored best model from epoch 30, rmse_valid: 13.7323, valid_score: 7781.6, rmse_test: 15.8669, score_test: 474.1
[Train Time] start: 2026-04-22 06:13:43, end: 2026-04-22 06:15:03, duration: 0:01:21, total_seconds: 80.77
[Auto Test] command: /usr/bin/python /CMAPSS-release/scipt/test_model.py --sub-dataset FD001 --smooth-rate 40 --sequence-len 30 --feature-num 14 --dataset-root /CMAPSS-release/CMAPSSData/ --max-rul 125 --batch-size 128 --model-path /CMAPSS-release/logs/FD001_FD001_C_BC_20260422_054641/seed30/model_FD001_0422_061343_seed30.pkl
model_path:/CMAPSS-release/logs/FD001_FD001_C_BC_20260422_054641/seed30/model_FD001_0422_061343_seed30.pkl
rmse_final:15.831929206848145, score:458.52154541015625
