-----FD004-----
关键参数:
序列长度: 30
批大小(batch_size): 128
最大训练轮数(max_epochs): 30
随机数种子: 33
模型代号(model_code): FD004_D
模型结构(model_structure): encoderdecoder
消融预设(ablation_preset): D - KNN graph + GAT + EncoderDecoder-LSTM with AOF
学习率: 0.002
学习率调度器: step
Step步长(step_size): 10
Step衰减系数(gamma): 0.1
空间GAT: 开启
是否使用解码器LSTM: 是
是否使用AOF: 是
Decoder注意力隐层维度: 28
Decoder融合方式: concat
图构建模式(graph_mode): dynamic_knn
GAT层数(num_layers): 2
GAT邻居数(topk): 7
GAT嵌入维度: 8
GAT隐藏层维度: 8
------------------------------
Epoch: 1, Loss: 25.5430, Rmse_valid: 21.6558, valid_score: 100437.8, , rmse_test: 25.3225, score_test: 10501.2, Learning rate:0.00200000
Epoch: 2, Loss: 21.5626, Rmse_valid: 20.1506, valid_score: 61593.1, , rmse_test: 20.9925, score_test: 3840.2, Learning rate:0.00200000
Epoch: 3, Loss: 20.0632, Rmse_valid: 18.6723, valid_score: 53028.3, , rmse_test: 20.9874, score_test: 4969.0, Learning rate:0.00200000
Epoch: 4, Loss: 19.3418, Rmse_valid: 18.7811, valid_score: 43732.7, , rmse_test: 19.5904, score_test: 2917.9, Learning rate:0.00200000
Epoch: 5, Loss: 18.6827, Rmse_valid: 18.4996, valid_score: 37473.8, , rmse_test: 19.8934, score_test: 1958.8, Learning rate:0.00200000
Epoch: 6, Loss: 18.0025, Rmse_valid: 18.6486, valid_score: 52870.1, , rmse_test: 20.4196, score_test: 4003.6, Learning rate:0.00200000
Epoch: 7, Loss: 17.5859, Rmse_valid: 18.1189, valid_score: 64587.6, , rmse_test: 19.3382, score_test: 3917.0, Learning rate:0.00200000
Epoch: 8, Loss: 17.0895, Rmse_valid: 17.2426, valid_score: 27401.4, , rmse_test: 19.2970, score_test: 1688.7, Learning rate:0.00200000
Epoch: 9, Loss: 16.7445, Rmse_valid: 17.3579, valid_score: 49536.3, , rmse_test: 18.3880, score_test: 1982.9, Learning rate:0.00200000
Epoch: 10, Loss: 16.4416, Rmse_valid: 17.7817, valid_score: 49220.1, , rmse_test: 17.8468, score_test: 1711.6, Learning rate:0.00200000
Epoch: 11, Loss: 14.7361, Rmse_valid: 16.9043, valid_score: 42466.9, , rmse_test: 17.9681, score_test: 1787.1, Learning rate:0.00020000
Epoch: 12, Loss: 14.5538, Rmse_valid: 17.1614, valid_score: 50197.9, , rmse_test: 17.9700, score_test: 1910.4, Learning rate:0.00020000
Epoch: 13, Loss: 14.4492, Rmse_valid: 16.7826, valid_score: 42118.2, , rmse_test: 18.2014, score_test: 1934.5, Learning rate:0.00020000
Epoch: 14, Loss: 14.3870, Rmse_valid: 16.8687, valid_score: 45144.6, , rmse_test: 17.9952, score_test: 1932.8, Learning rate:0.00020000
Epoch: 15, Loss: 14.3202, Rmse_valid: 17.0934, valid_score: 44287.8, , rmse_test: 18.0997, score_test: 1756.4, Learning rate:0.00020000
Epoch: 16, Loss: 14.2472, Rmse_valid: 16.9164, valid_score: 44164.0, , rmse_test: 17.7286, score_test: 1876.3, Learning rate:0.00020000
Epoch: 17, Loss: 14.1942, Rmse_valid: 16.9876, valid_score: 45465.6, , rmse_test: 17.8074, score_test: 1843.0, Learning rate:0.00020000
Epoch: 18, Loss: 14.1536, Rmse_valid: 17.2210, valid_score: 50374.9, , rmse_test: 17.8109, score_test: 1947.5, Learning rate:0.00020000
Epoch: 19, Loss: 14.0973, Rmse_valid: 16.7290, valid_score: 42881.3, , rmse_test: 17.5156, score_test: 1797.9, Learning rate:0.00020000
Epoch: 20, Loss: 14.0492, Rmse_valid: 17.1969, valid_score: 46967.2, , rmse_test: 17.5457, score_test: 1768.2, Learning rate:0.00020000
Epoch: 21, Loss: 13.9061, Rmse_valid: 16.8346, valid_score: 45291.5, , rmse_test: 17.7321, score_test: 1820.5, Learning rate:0.00002000
Epoch: 22, Loss: 13.8913, Rmse_valid: 17.0588, valid_score: 44516.4, , rmse_test: 17.6963, score_test: 1806.7, Learning rate:0.00002000
Epoch: 23, Loss: 13.8830, Rmse_valid: 16.9499, valid_score: 44955.5, , rmse_test: 17.7505, score_test: 1863.3, Learning rate:0.00002000
Epoch: 24, Loss: 13.8789, Rmse_valid: 17.0216, valid_score: 44278.6, , rmse_test: 17.6974, score_test: 1776.9, Learning rate:0.00002000
Epoch: 25, Loss: 13.8720, Rmse_valid: 16.8858, valid_score: 44275.6, , rmse_test: 17.6724, score_test: 1765.3, Learning rate:0.00002000
Epoch: 26, Loss: 13.8650, Rmse_valid: 17.0390, valid_score: 46500.4, , rmse_test: 17.6896, score_test: 1821.2, Learning rate:0.00002000
Epoch: 27, Loss: 13.8596, Rmse_valid: 16.9958, valid_score: 45062.9, , rmse_test: 17.6973, score_test: 1814.1, Learning rate:0.00002000
Epoch: 28, Loss: 13.8514, Rmse_valid: 17.2913, valid_score: 47997.4, , rmse_test: 17.8059, score_test: 1898.5, Learning rate:0.00002000
Epoch: 29, Loss: 13.8492, Rmse_valid: 16.9502, valid_score: 47269.3, , rmse_test: 17.6525, score_test: 1811.7, Learning rate:0.00002000
Epoch: 30, Loss: 13.8465, Rmse_valid: 17.0945, valid_score: 44862.9, , rmse_test: 17.6140, score_test: 1747.6, Learning rate:0.00002000
[Train Summary] Restored best model from epoch 19, rmse_valid: 16.7290, valid_score: 42881.3, rmse_test: 17.5156, score_test: 1797.9
[Train Time] start: 2026-04-20 13:36:46, end: 2026-04-20 13:41:19, duration: 0:04:33, total_seconds: 273.31
[Auto Test] command: /usr/bin/python /CMAPSS-release/scipt/test_model.py --sub-dataset FD004 --smooth-rate 40 --sequence-len 30 --feature-num 14 --dataset-root /CMAPSS-release/CMAPSSData/ --max-rul 125 --batch-size 128 --model-path /CMAPSS-release/logs/FD004_FD004_D/seed33/model_FD004_0420_133646_seed33.pkl
model_path:/CMAPSS-release/logs/FD004_FD004_D/seed33/model_FD004_0420_133646_seed33.pkl
rmse_final:17.41558074951172, score:1717.2115478515625
