-----FD001-----
关键参数:
序列长度: 30
批大小(batch_size): 128
最大训练轮数(max_epochs): 30
随机数种子: 88
模型代号(model_code): A_g_dropout0.2_1
模型结构(model_structure): encoderdecoder
消融预设(ablation_preset): A - KNN graph + GAT-LSTM with encoder and decoder (AEF on)
学习率: 0.002
学习率调度器: step
Step步长(step_size): 10
Step衰减系数(gamma): 0.1
空间GAT: 开启
是否使用解码器LSTM: 是
是否使用AEF: 是
Decoder注意力隐层维度: 28
图构建模式(graph_mode): dynamic_knn
GAT层数(num_layers): 2
GAT邻居数(topk): 7
GAT嵌入维度: 8
GAT隐藏层维度: 8
------------------------------
Epoch: 1, Loss: 25.8525, Rmse_valid: 21.0459, valid_score: 14580.7, , rmse_test: 21.9311, score_test: 6454.8, Learning rate:0.00200000
Epoch: 2, Loss: 19.5605, Rmse_valid: 18.0265, valid_score: 11318.7, , rmse_test: 19.4349, score_test: 1125.9, Learning rate:0.00200000
Epoch: 3, Loss: 18.5898, Rmse_valid: 15.0789, valid_score: 7004.7, , rmse_test: 16.4553, score_test: 496.4, Learning rate:0.00200000
Epoch: 4, Loss: 14.8022, Rmse_valid: 12.8781, valid_score: 5525.2, , rmse_test: 14.9056, score_test: 350.7, Learning rate:0.00200000
Epoch: 5, Loss: 13.1665, Rmse_valid: 11.1959, valid_score: 3307.9, , rmse_test: 13.9599, score_test: 307.0, Learning rate:0.00200000
Epoch: 6, Loss: 12.3096, Rmse_valid: 11.1619, valid_score: 3238.8, , rmse_test: 14.3482, score_test: 295.2, Learning rate:0.00200000
Epoch: 7, Loss: 12.1157, Rmse_valid: 10.8543, valid_score: 3396.4, , rmse_test: 14.3683, score_test: 374.9, Learning rate:0.00200000
Epoch: 8, Loss: 11.6514, Rmse_valid: 10.3999, valid_score: 2697.9, , rmse_test: 13.6421, score_test: 321.4, Learning rate:0.00200000
Epoch: 9, Loss: 11.4384, Rmse_valid: 12.1266, valid_score: 3255.8, , rmse_test: 14.8215, score_test: 288.4, Learning rate:0.00200000
Epoch: 10, Loss: 11.3440, Rmse_valid: 9.8281, valid_score: 2761.9, , rmse_test: 13.0475, score_test: 280.5, Learning rate:0.00200000
Epoch: 11, Loss: 10.1631, Rmse_valid: 9.9649, valid_score: 3371.1, , rmse_test: 13.7775, score_test: 381.3, Learning rate:0.00020000
Epoch: 12, Loss: 10.0193, Rmse_valid: 9.8110, valid_score: 3702.5, , rmse_test: 14.0006, score_test: 419.0, Learning rate:0.00020000
Epoch: 13, Loss: 9.9287, Rmse_valid: 10.3241, valid_score: 3056.1, , rmse_test: 13.6072, score_test: 353.7, Learning rate:0.00020000
Epoch: 14, Loss: 9.8927, Rmse_valid: 9.7893, valid_score: 3490.3, , rmse_test: 13.6490, score_test: 377.6, Learning rate:0.00020000
Epoch: 15, Loss: 9.8312, Rmse_valid: 9.9853, valid_score: 3512.8, , rmse_test: 13.8306, score_test: 404.9, Learning rate:0.00020000
Epoch: 16, Loss: 9.8011, Rmse_valid: 10.1890, valid_score: 3912.2, , rmse_test: 14.0893, score_test: 423.9, Learning rate:0.00020000
Epoch: 17, Loss: 9.7537, Rmse_valid: 9.7674, valid_score: 3122.4, , rmse_test: 13.4981, score_test: 356.6, Learning rate:0.00020000
Epoch: 18, Loss: 9.7132, Rmse_valid: 9.8591, valid_score: 3292.2, , rmse_test: 13.6686, score_test: 379.5, Learning rate:0.00020000
Epoch: 19, Loss: 9.6794, Rmse_valid: 9.8492, valid_score: 3420.3, , rmse_test: 13.8379, score_test: 411.8, Learning rate:0.00020000
Epoch: 20, Loss: 9.6324, Rmse_valid: 9.9448, valid_score: 3482.2, , rmse_test: 13.7982, score_test: 382.0, Learning rate:0.00020000
Epoch: 21, Loss: 9.5566, Rmse_valid: 9.8126, valid_score: 3358.4, , rmse_test: 13.7815, score_test: 387.6, Learning rate:0.00002000
Epoch: 22, Loss: 9.5397, Rmse_valid: 10.0752, valid_score: 3306.1, , rmse_test: 13.7179, score_test: 379.4, Learning rate:0.00002000
Epoch: 23, Loss: 9.5387, Rmse_valid: 9.5376, valid_score: 3471.1, , rmse_test: 13.8501, score_test: 401.2, Learning rate:0.00002000
Epoch: 24, Loss: 9.5357, Rmse_valid: 9.5305, valid_score: 3343.1, , rmse_test: 13.7462, score_test: 385.3, Learning rate:0.00002000
Epoch: 25, Loss: 9.5287, Rmse_valid: 9.8984, valid_score: 3320.9, , rmse_test: 13.7025, score_test: 379.3, Learning rate:0.00002000
Epoch: 26, Loss: 9.5406, Rmse_valid: 10.2546, valid_score: 3341.0, , rmse_test: 13.7364, score_test: 385.8, Learning rate:0.00002000
Epoch: 27, Loss: 9.5238, Rmse_valid: 10.1762, valid_score: 3407.7, , rmse_test: 13.7616, score_test: 389.4, Learning rate:0.00002000
Epoch: 28, Loss: 9.5123, Rmse_valid: 9.8650, valid_score: 3368.5, , rmse_test: 13.7503, score_test: 389.7, Learning rate:0.00002000
Epoch: 29, Loss: 9.5024, Rmse_valid: 9.6134, valid_score: 3305.6, , rmse_test: 13.7149, score_test: 382.3, Learning rate:0.00002000
Epoch: 30, Loss: 9.5014, Rmse_valid: 9.8663, valid_score: 3427.6, , rmse_test: 13.8067, score_test: 397.3, Learning rate:0.00002000
[Train Summary] Restored best model from epoch 24, rmse_valid: 9.5305, valid_score: 3343.1, rmse_test: 13.7462, score_test: 385.3
[Train Time] start: 2026-04-25 11:19:55, end: 2026-04-25 11:21:31, duration: 0:01:36, total_seconds: 95.71
[Auto Test] command: /usr/bin/python /CMAPSS-release/scipt/test_model.py --sub-dataset FD001 --smooth-rate 30 --sequence-len 30 --feature-num 14 --dataset-root /CMAPSS-release/CMAPSSData/ --max-rul 125 --batch-size 128 --model-path /CMAPSS-release/logs/FD001_A_g_dropout0.2_1/seed88/model_FD001_0425_111955_seed88.pkl
model_path:/CMAPSS-release/logs/FD001_A_g_dropout0.2_1/seed88/model_FD001_0425_111955_seed88.pkl
rmse_final:13.633781433105469, score:370.6644592285156
