-----FD001-----
关键参数:
序列长度: 30
批大小(batch_size): 128
最大训练轮数(max_epochs): 30
随机数种子: 2
模型代号(model_code): A_AEF_0FF
模型结构(model_structure): encoderdecoder
消融预设(ablation_preset): A_AEF_0FF - KNN graph + GAT-LSTM with encoder and decoder (AEF off)
学习率: 0.002
学习率调度器: step
Step步长(step_size): 10
Step衰减系数(gamma): 0.1
空间GAT: 开启
是否使用解码器LSTM: 是
是否使用AEF: 否
Decoder注意力隐层维度: 28
图构建模式(graph_mode): dynamic_knn
GAT层数(num_layers): 2
GAT邻居数(topk): 7
GAT嵌入维度: 8
GAT隐藏层维度: 8
------------------------------
Epoch: 1, Loss: 23.2518, Rmse_valid: 21.2234, valid_score: 37053.3, , rmse_test: 25.4788, score_test: 5794.1, Learning rate:0.00200000
Epoch: 2, Loss: 19.2309, Rmse_valid: 17.4644, valid_score: 10216.6, , rmse_test: 20.0513, score_test: 1574.6, Learning rate:0.00200000
Epoch: 3, Loss: 17.6695, Rmse_valid: 16.5775, valid_score: 11807.5, , rmse_test: 19.7133, score_test: 1161.0, Learning rate:0.00200000
Epoch: 4, Loss: 15.0788, Rmse_valid: 14.0395, valid_score: 5051.0, , rmse_test: 15.5176, score_test: 407.0, Learning rate:0.00200000
Epoch: 5, Loss: 13.3942, Rmse_valid: 13.8976, valid_score: 4521.8, , rmse_test: 16.2882, score_test: 495.9, Learning rate:0.00200000
Epoch: 6, Loss: 12.6319, Rmse_valid: 13.5939, valid_score: 4421.9, , rmse_test: 15.1058, score_test: 387.2, Learning rate:0.00200000
Epoch: 7, Loss: 12.0423, Rmse_valid: 13.3263, valid_score: 4890.4, , rmse_test: 16.1994, score_test: 394.1, Learning rate:0.00200000
Epoch: 8, Loss: 11.6646, Rmse_valid: 12.3520, valid_score: 6046.6, , rmse_test: 16.4443, score_test: 497.3, Learning rate:0.00200000
Epoch: 9, Loss: 11.2580, Rmse_valid: 11.9578, valid_score: 3430.4, , rmse_test: 15.2948, score_test: 452.8, Learning rate:0.00200000
Epoch: 10, Loss: 11.1122, Rmse_valid: 11.2265, valid_score: 3643.6, , rmse_test: 15.8274, score_test: 481.9, Learning rate:0.00200000
Epoch: 11, Loss: 9.7311, Rmse_valid: 11.2591, valid_score: 4150.2, , rmse_test: 15.3066, score_test: 462.3, Learning rate:0.00020000
Epoch: 12, Loss: 9.6641, Rmse_valid: 11.5045, valid_score: 3807.9, , rmse_test: 15.3262, score_test: 439.7, Learning rate:0.00020000
Epoch: 13, Loss: 9.5932, Rmse_valid: 11.9165, valid_score: 3705.5, , rmse_test: 15.7900, score_test: 418.0, Learning rate:0.00020000
Epoch: 14, Loss: 9.5513, Rmse_valid: 11.0965, valid_score: 4081.7, , rmse_test: 15.3762, score_test: 443.8, Learning rate:0.00020000
Epoch: 15, Loss: 9.4926, Rmse_valid: 10.9225, valid_score: 4191.6, , rmse_test: 15.3969, score_test: 448.4, Learning rate:0.00020000
Epoch: 16, Loss: 9.4410, Rmse_valid: 11.5254, valid_score: 4261.6, , rmse_test: 15.5059, score_test: 522.3, Learning rate:0.00020000
Epoch: 17, Loss: 9.3956, Rmse_valid: 11.0892, valid_score: 4227.9, , rmse_test: 15.5198, score_test: 485.5, Learning rate:0.00020000
Epoch: 18, Loss: 9.3610, Rmse_valid: 11.4367, valid_score: 4134.0, , rmse_test: 15.2768, score_test: 432.3, Learning rate:0.00020000
Epoch: 19, Loss: 9.3079, Rmse_valid: 11.2951, valid_score: 4134.6, , rmse_test: 15.7979, score_test: 555.7, Learning rate:0.00020000
Epoch: 20, Loss: 9.3023, Rmse_valid: 11.0599, valid_score: 4181.4, , rmse_test: 15.2883, score_test: 466.2, Learning rate:0.00020000
Epoch: 21, Loss: 9.2065, Rmse_valid: 11.3384, valid_score: 4012.5, , rmse_test: 15.4558, score_test: 451.1, Learning rate:0.00002000
Epoch: 22, Loss: 9.1863, Rmse_valid: 11.0622, valid_score: 4063.1, , rmse_test: 15.4309, score_test: 446.5, Learning rate:0.00002000
Epoch: 23, Loss: 9.1769, Rmse_valid: 10.9003, valid_score: 4075.2, , rmse_test: 15.4972, score_test: 456.8, Learning rate:0.00002000
Epoch: 24, Loss: 9.1723, Rmse_valid: 11.0812, valid_score: 4082.8, , rmse_test: 15.5292, score_test: 462.9, Learning rate:0.00002000
Epoch: 25, Loss: 9.1659, Rmse_valid: 11.5646, valid_score: 4161.1, , rmse_test: 15.4545, score_test: 465.1, Learning rate:0.00002000
Epoch: 26, Loss: 9.1713, Rmse_valid: 11.3288, valid_score: 4088.0, , rmse_test: 15.5000, score_test: 457.1, Learning rate:0.00002000
Epoch: 27, Loss: 9.1756, Rmse_valid: 11.0998, valid_score: 4106.7, , rmse_test: 15.5172, score_test: 461.6, Learning rate:0.00002000
Epoch: 28, Loss: 9.1583, Rmse_valid: 11.2431, valid_score: 4136.2, , rmse_test: 15.4940, score_test: 457.9, Learning rate:0.00002000
Epoch: 29, Loss: 9.1499, Rmse_valid: 11.3369, valid_score: 4148.9, , rmse_test: 15.5304, score_test: 477.7, Learning rate:0.00002000
Epoch: 30, Loss: 9.1550, Rmse_valid: 11.1458, valid_score: 4116.4, , rmse_test: 15.5187, score_test: 462.2, Learning rate:0.00002000
[Train Summary] Restored best model from epoch 23, rmse_valid: 10.9003, valid_score: 4075.2, rmse_test: 15.4972, score_test: 456.8
[Train Time] start: 2026-04-25 12:54:47, end: 2026-04-25 12:56:02, duration: 0:01:15, total_seconds: 75.20
[Auto Test] command: /usr/bin/python /CMAPSS-release/scipt/test_model.py --sub-dataset FD001 --smooth-rate 30 --sequence-len 30 --feature-num 14 --dataset-root /CMAPSS-release/CMAPSSData/ --max-rul 125 --batch-size 128 --model-path /CMAPSS-release/logs/FD001_A_AEF_0FF/seed2/model_FD001_0425_125447_seed2.pkl
model_path:/CMAPSS-release/logs/FD001_A_AEF_0FF/seed2/model_FD001_0425_125447_seed2.pkl
rmse_final:15.340469360351562, score:439.81158447265625
