-----FD003-----
关键参数:
序列长度: 30
批大小(batch_size): 128
最大训练轮数(max_epochs): 30
随机数种子: 33
模型代号(model_code): FD003_B
模型结构(model_structure): encoderdecoder
消融预设(ablation_preset): B - Path graph + GAT + EncoderDecoder-LSTM without AOF
学习率: 0.002
学习率调度器: step
Step步长(step_size): 10
Step衰减系数(gamma): 0.1
空间GAT: 开启
是否使用解码器LSTM: 是
是否使用AOF: 否
Decoder注意力隐层维度: 28
图构建模式(graph_mode): path
GAT层数(num_layers): 2
GAT邻居数(topk): 7
GAT嵌入维度: 8
GAT隐藏层维度: 8
------------------------------
Epoch: 1, Loss: 23.1397, Rmse_valid: 19.9211, valid_score: 25274.9, , rmse_test: 23.2687, score_test: 3035.8, Learning rate:0.00200000
Epoch: 2, Loss: 18.0035, Rmse_valid: 16.2814, valid_score: 12706.4, , rmse_test: 18.7527, score_test: 1083.4, Learning rate:0.00200000
Epoch: 3, Loss: 14.8358, Rmse_valid: 14.6796, valid_score: 9417.0, , rmse_test: 17.8503, score_test: 1691.7, Learning rate:0.00200000
Epoch: 4, Loss: 13.0665, Rmse_valid: 12.7029, valid_score: 7426.7, , rmse_test: 16.0710, score_test: 1558.6, Learning rate:0.00200000
Epoch: 5, Loss: 12.1129, Rmse_valid: 10.8070, valid_score: 6442.1, , rmse_test: 15.8386, score_test: 1389.2, Learning rate:0.00200000
Epoch: 6, Loss: 11.5233, Rmse_valid: 11.6697, valid_score: 6470.5, , rmse_test: 16.0397, score_test: 1996.0, Learning rate:0.00200000
Epoch: 7, Loss: 11.0246, Rmse_valid: 10.1387, valid_score: 5707.7, , rmse_test: 15.7577, score_test: 2060.0, Learning rate:0.00200000
Epoch: 8, Loss: 10.9023, Rmse_valid: 11.0752, valid_score: 6191.6, , rmse_test: 14.9520, score_test: 1083.8, Learning rate:0.00200000
Epoch: 9, Loss: 10.4536, Rmse_valid: 11.4163, valid_score: 6510.4, , rmse_test: 15.1755, score_test: 855.2, Learning rate:0.00200000
Epoch: 10, Loss: 10.5112, Rmse_valid: 11.8026, valid_score: 6487.7, , rmse_test: 15.7050, score_test: 1320.0, Learning rate:0.00200000
Epoch: 11, Loss: 9.2404, Rmse_valid: 9.4847, valid_score: 6285.8, , rmse_test: 15.2329, score_test: 1290.6, Learning rate:0.00020000
Epoch: 12, Loss: 9.0930, Rmse_valid: 9.3690, valid_score: 6154.6, , rmse_test: 15.2051, score_test: 1258.1, Learning rate:0.00020000
Epoch: 13, Loss: 9.0179, Rmse_valid: 9.2566, valid_score: 5779.7, , rmse_test: 14.9117, score_test: 1136.8, Learning rate:0.00020000
Epoch: 14, Loss: 8.9548, Rmse_valid: 9.1838, valid_score: 6330.5, , rmse_test: 15.1760, score_test: 1293.2, Learning rate:0.00020000
Epoch: 15, Loss: 8.8994, Rmse_valid: 9.3385, valid_score: 6276.2, , rmse_test: 15.0182, score_test: 1212.1, Learning rate:0.00020000
Epoch: 16, Loss: 8.8401, Rmse_valid: 9.3415, valid_score: 5895.6, , rmse_test: 14.9011, score_test: 1159.1, Learning rate:0.00020000
Epoch: 17, Loss: 8.7886, Rmse_valid: 9.2921, valid_score: 6240.7, , rmse_test: 14.9817, score_test: 1131.8, Learning rate:0.00020000
Epoch: 18, Loss: 8.7499, Rmse_valid: 9.1046, valid_score: 6533.7, , rmse_test: 15.1910, score_test: 1177.5, Learning rate:0.00020000
Epoch: 19, Loss: 8.6957, Rmse_valid: 8.9497, valid_score: 6242.9, , rmse_test: 15.0215, score_test: 1083.3, Learning rate:0.00020000
Epoch: 20, Loss: 8.6626, Rmse_valid: 9.3343, valid_score: 6086.1, , rmse_test: 14.9583, score_test: 1258.1, Learning rate:0.00020000
Epoch: 21, Loss: 8.5568, Rmse_valid: 9.0094, valid_score: 6121.8, , rmse_test: 15.0544, score_test: 1198.0, Learning rate:0.00002000
Epoch: 22, Loss: 8.5447, Rmse_valid: 9.0054, valid_score: 6178.3, , rmse_test: 15.0922, score_test: 1163.9, Learning rate:0.00002000
Epoch: 23, Loss: 8.5386, Rmse_valid: 9.0001, valid_score: 6022.6, , rmse_test: 15.0064, score_test: 1170.6, Learning rate:0.00002000
Epoch: 24, Loss: 8.5336, Rmse_valid: 8.9305, valid_score: 6078.9, , rmse_test: 15.0683, score_test: 1185.1, Learning rate:0.00002000
Epoch: 25, Loss: 8.5283, Rmse_valid: 9.0292, valid_score: 5964.3, , rmse_test: 15.0131, score_test: 1166.2, Learning rate:0.00002000
Epoch: 26, Loss: 8.5219, Rmse_valid: 9.0320, valid_score: 6013.8, , rmse_test: 15.0280, score_test: 1173.4, Learning rate:0.00002000
Epoch: 27, Loss: 8.5183, Rmse_valid: 8.9684, valid_score: 6128.3, , rmse_test: 15.0719, score_test: 1168.1, Learning rate:0.00002000
Epoch: 28, Loss: 8.5138, Rmse_valid: 9.0089, valid_score: 6047.7, , rmse_test: 15.0210, score_test: 1171.8, Learning rate:0.00002000
Epoch: 29, Loss: 8.5073, Rmse_valid: 9.0468, valid_score: 5988.5, , rmse_test: 15.0147, score_test: 1174.7, Learning rate:0.00002000
Epoch: 30, Loss: 8.5031, Rmse_valid: 9.0014, valid_score: 6004.2, , rmse_test: 15.0277, score_test: 1173.0, Learning rate:0.00002000
[Train Summary] Restored best model from epoch 24, rmse_valid: 8.9305, valid_score: 6078.9, rmse_test: 15.0683, score_test: 1185.1
[Train Time] start: 2026-04-20 08:23:38, end: 2026-04-20 08:26:28, duration: 0:02:50, total_seconds: 169.71
[Auto Test] command: /usr/bin/python /CMAPSS-release/scipt/test_model.py --sub-dataset FD003 --smooth-rate 40 --sequence-len 30 --feature-num 14 --dataset-root /CMAPSS-release/CMAPSSData/ --max-rul 125 --batch-size 128 --model-path /CMAPSS-release/logs/FD003_FD003_B/seed33/model_FD003_0420_082338_seed33.pkl
model_path:/CMAPSS-release/logs/FD003_FD003_B/seed33/model_FD003_0420_082338_seed33.pkl
rmse_final:14.976982116699219, score:1130.5325927734375
