-----FD003-----
关键参数:
序列长度: 30
批大小(batch_size): 128
最大训练轮数(max_epochs): 30
随机数种子: 30
模型代号(model_code): FD003_E
模型结构(model_structure): original
消融预设(ablation_preset): E - Only original GAT-LSTM
学习率: 0.002
学习率调度器: step
Step步长(step_size): 10
Step衰减系数(gamma): 0.1
空间GAT: 由模型内部默认启用
图构建模式(graph_mode): path
GAT层数(num_layers): 2
GAT邻居数(topk): 7
GAT嵌入维度: 8
GAT隐藏层维度: 8
------------------------------
Epoch: 1, Loss: 34.2433, Rmse_valid: 33.5729, valid_score: 197343.0, , rmse_test: 26.1447, score_test: 5129.3, Learning rate:0.00200000
Epoch: 2, Loss: 20.6239, Rmse_valid: 18.6430, valid_score: 23443.7, , rmse_test: 19.1213, score_test: 2024.0, Learning rate:0.00200000
Epoch: 3, Loss: 18.3275, Rmse_valid: 17.0553, valid_score: 17777.1, , rmse_test: 17.5070, score_test: 2132.6, Learning rate:0.00200000
Epoch: 4, Loss: 16.9113, Rmse_valid: 18.1797, valid_score: 21144.2, , rmse_test: 17.7950, score_test: 2791.7, Learning rate:0.00200000
Epoch: 5, Loss: 16.3237, Rmse_valid: 16.1801, valid_score: 31227.6, , rmse_test: 24.5899, score_test: 4550.2, Learning rate:0.00200000
Epoch: 6, Loss: 15.9300, Rmse_valid: 13.1022, valid_score: 22870.9, , rmse_test: 18.1440, score_test: 2256.1, Learning rate:0.00200000
Epoch: 7, Loss: 15.3791, Rmse_valid: 13.6535, valid_score: 20356.7, , rmse_test: 16.5007, score_test: 2119.3, Learning rate:0.00200000
Epoch: 8, Loss: 15.1067, Rmse_valid: 13.1236, valid_score: 20711.8, , rmse_test: 16.0576, score_test: 1312.5, Learning rate:0.00200000
Epoch: 9, Loss: 14.6979, Rmse_valid: 16.4657, valid_score: 15669.8, , rmse_test: 15.3879, score_test: 930.4, Learning rate:0.00200000
Epoch: 10, Loss: 14.7086, Rmse_valid: 13.1224, valid_score: 20112.7, , rmse_test: 15.8343, score_test: 954.6, Learning rate:0.00200000
Epoch: 11, Loss: 13.0606, Rmse_valid: 13.2588, valid_score: 17909.3, , rmse_test: 15.3420, score_test: 972.7, Learning rate:0.00020000
Epoch: 12, Loss: 12.9898, Rmse_valid: 13.1578, valid_score: 19045.7, , rmse_test: 15.7460, score_test: 1427.8, Learning rate:0.00020000
Epoch: 13, Loss: 12.9355, Rmse_valid: 13.3884, valid_score: 17608.5, , rmse_test: 15.4834, score_test: 1214.9, Learning rate:0.00020000
Epoch: 14, Loss: 12.8843, Rmse_valid: 12.9844, valid_score: 19634.8, , rmse_test: 15.4659, score_test: 1345.0, Learning rate:0.00020000
Epoch: 15, Loss: 12.8587, Rmse_valid: 13.0618, valid_score: 19601.1, , rmse_test: 15.7605, score_test: 1313.6, Learning rate:0.00020000
Epoch: 16, Loss: 12.7916, Rmse_valid: 13.3447, valid_score: 17914.8, , rmse_test: 15.3162, score_test: 1214.4, Learning rate:0.00020000
Epoch: 17, Loss: 12.7549, Rmse_valid: 12.8468, valid_score: 18880.7, , rmse_test: 15.4452, score_test: 1150.4, Learning rate:0.00020000
Epoch: 18, Loss: 12.7020, Rmse_valid: 13.5699, valid_score: 17571.8, , rmse_test: 15.2137, score_test: 1038.4, Learning rate:0.00020000
Epoch: 19, Loss: 12.6549, Rmse_valid: 13.0815, valid_score: 17851.0, , rmse_test: 15.1635, score_test: 1094.2, Learning rate:0.00020000
Epoch: 20, Loss: 12.6413, Rmse_valid: 13.1935, valid_score: 17162.7, , rmse_test: 15.1319, score_test: 954.6, Learning rate:0.00020000
Epoch: 21, Loss: 12.5569, Rmse_valid: 12.8603, valid_score: 18708.3, , rmse_test: 15.3075, score_test: 1083.3, Learning rate:0.00002000
Epoch: 22, Loss: 12.5511, Rmse_valid: 13.0094, valid_score: 18413.5, , rmse_test: 15.2048, score_test: 1056.4, Learning rate:0.00002000
Epoch: 23, Loss: 12.5462, Rmse_valid: 12.9801, valid_score: 18326.1, , rmse_test: 15.1700, score_test: 1044.2, Learning rate:0.00002000
Epoch: 24, Loss: 12.5430, Rmse_valid: 12.9265, valid_score: 18293.9, , rmse_test: 15.1479, score_test: 1033.8, Learning rate:0.00002000
Epoch: 25, Loss: 12.5418, Rmse_valid: 12.9809, valid_score: 18383.2, , rmse_test: 15.1626, score_test: 1042.8, Learning rate:0.00002000
Epoch: 26, Loss: 12.5355, Rmse_valid: 12.8682, valid_score: 19001.8, , rmse_test: 15.3285, score_test: 1113.3, Learning rate:0.00002000
Epoch: 27, Loss: 12.5350, Rmse_valid: 12.9056, valid_score: 18259.8, , rmse_test: 15.1183, score_test: 1022.7, Learning rate:0.00002000
Epoch: 28, Loss: 12.5272, Rmse_valid: 12.9724, valid_score: 18415.5, , rmse_test: 15.1142, score_test: 1040.1, Learning rate:0.00002000
Epoch: 29, Loss: 12.5252, Rmse_valid: 12.8806, valid_score: 18700.5, , rmse_test: 15.1350, score_test: 1041.9, Learning rate:0.00002000
Epoch: 30, Loss: 12.5210, Rmse_valid: 13.0347, valid_score: 18293.0, , rmse_test: 15.0748, score_test: 1029.6, Learning rate:0.00002000
[Train Summary] Restored best model from epoch 17, rmse_valid: 12.8468, valid_score: 18880.7, rmse_test: 15.4452, score_test: 1150.4
[Train Time] start: 2026-04-20 09:51:13, end: 2026-04-20 09:52:48, duration: 0:01:36, total_seconds: 95.78
[Auto Test] command: /usr/bin/python /CMAPSS-release/scipt/test_model.py --sub-dataset FD003 --smooth-rate 40 --sequence-len 30 --feature-num 14 --dataset-root /CMAPSS-release/CMAPSSData/ --max-rul 125 --batch-size 128 --model-path /CMAPSS-release/logs/FD003_FD003_E/seed30/model_FD003_0420_095113_seed30.pkl
model_path:/CMAPSS-release/logs/FD003_FD003_E/seed30/model_FD003_0420_095113_seed30.pkl
rmse_final:15.315025329589844, score:1082.788818359375
