-----FD002-----
关键参数1:
序列长度: 30
批大小(batch_size): 128
最大训练轮数(max_epochs): 30
随机数种子: 80
模型代号(model_code): MBdecoder
模型结构(model_structure): lstm_mamba_attention
学习率: 0.002
学习率调度器: step
Step步长(step_size): 10
Step衰减系数(gamma): 0.1
编码器: LSTM
编码器后处理: 2层Mamba block
encoder_hidden_size: 8
mamba_num_layers: 2
mamba_d_state: 16
decoder_attention_size: 28
------------------------------
Epoch: 1, Loss: 27.4201, Rmse_valid: 24.0501, valid_score: 204400.6, , rmse_test: 24.0705, score_test: 18291.9, Learning rate:0.00200000
Epoch: 2, Loss: 22.9857, Rmse_valid: 22.7791, valid_score: 164454.8, , rmse_test: 21.9719, score_test: 7060.3, Learning rate:0.00200000
Epoch: 3, Loss: 21.1361, Rmse_valid: 21.0411, valid_score: 185361.3, , rmse_test: 19.5036, score_test: 3358.9, Learning rate:0.00200000
Epoch: 4, Loss: 20.2271, Rmse_valid: 19.5410, valid_score: 101229.9, , rmse_test: 18.7045, score_test: 2732.7, Learning rate:0.00200000
Epoch: 5, Loss: 19.6064, Rmse_valid: 20.3712, valid_score: 92039.4, , rmse_test: 17.9245, score_test: 1974.4, Learning rate:0.00200000
Epoch: 6, Loss: 19.1911, Rmse_valid: 18.9427, valid_score: 61747.8, , rmse_test: 17.6869, score_test: 1533.6, Learning rate:0.00200000
Epoch: 7, Loss: 18.7332, Rmse_valid: 18.6257, valid_score: 53220.3, , rmse_test: 18.3520, score_test: 1639.5, Learning rate:0.00200000
Epoch: 8, Loss: 18.4539, Rmse_valid: 19.3366, valid_score: 85098.9, , rmse_test: 16.8878, score_test: 1689.0, Learning rate:0.00200000
Epoch: 9, Loss: 18.0514, Rmse_valid: 18.7126, valid_score: 62877.5, , rmse_test: 16.7787, score_test: 1591.3, Learning rate:0.00200000
Epoch: 10, Loss: 17.6758, Rmse_valid: 19.2350, valid_score: 51264.8, , rmse_test: 16.8030, score_test: 1354.0, Learning rate:0.00200000
Epoch: 11, Loss: 15.7438, Rmse_valid: 18.1105, valid_score: 51751.4, , rmse_test: 15.4975, score_test: 1254.2, Learning rate:0.00020000
Epoch: 12, Loss: 15.4747, Rmse_valid: 17.6197, valid_score: 57393.5, , rmse_test: 15.4544, score_test: 1415.4, Learning rate:0.00020000
Epoch: 13, Loss: 15.3075, Rmse_valid: 17.1957, valid_score: 51733.9, , rmse_test: 15.1910, score_test: 1218.2, Learning rate:0.00020000
Epoch: 14, Loss: 15.2004, Rmse_valid: 17.1319, valid_score: 62252.5, , rmse_test: 15.1289, score_test: 1221.8, Learning rate:0.00020000
Epoch: 15, Loss: 15.0788, Rmse_valid: 17.1786, valid_score: 51660.9, , rmse_test: 14.9621, score_test: 1312.9, Learning rate:0.00020000
Epoch: 16, Loss: 15.0009, Rmse_valid: 17.4431, valid_score: 77359.0, , rmse_test: 15.2139, score_test: 1460.7, Learning rate:0.00020000
Epoch: 17, Loss: 14.9295, Rmse_valid: 17.0791, valid_score: 51471.1, , rmse_test: 14.6422, score_test: 1166.8, Learning rate:0.00020000
Epoch: 18, Loss: 14.8262, Rmse_valid: 17.3632, valid_score: 68928.2, , rmse_test: 14.8426, score_test: 1149.8, Learning rate:0.00020000
Epoch: 19, Loss: 14.7686, Rmse_valid: 17.1077, valid_score: 63561.4, , rmse_test: 14.5367, score_test: 1058.7, Learning rate:0.00020000
Epoch: 20, Loss: 14.7222, Rmse_valid: 16.6886, valid_score: 56175.7, , rmse_test: 14.3544, score_test: 1052.4, Learning rate:0.00020000
Epoch: 21, Loss: 14.5235, Rmse_valid: 16.6522, valid_score: 53998.6, , rmse_test: 14.3370, score_test: 1075.4, Learning rate:0.00002000
Epoch: 22, Loss: 14.5153, Rmse_valid: 16.7509, valid_score: 58981.2, , rmse_test: 14.3909, score_test: 1113.6, Learning rate:0.00002000
Epoch: 23, Loss: 14.5072, Rmse_valid: 16.6557, valid_score: 53878.2, , rmse_test: 14.3645, score_test: 1121.7, Learning rate:0.00002000
Epoch: 24, Loss: 14.4947, Rmse_valid: 16.9127, valid_score: 63923.6, , rmse_test: 14.3392, score_test: 1094.0, Learning rate:0.00002000
Epoch: 25, Loss: 14.4843, Rmse_valid: 17.1250, valid_score: 59088.6, , rmse_test: 14.3558, score_test: 1097.1, Learning rate:0.00002000
Epoch: 26, Loss: 14.4722, Rmse_valid: 16.8184, valid_score: 66209.4, , rmse_test: 14.3922, score_test: 1163.4, Learning rate:0.00002000
Epoch: 27, Loss: 14.4798, Rmse_valid: 16.9594, valid_score: 60793.9, , rmse_test: 14.2835, score_test: 1103.9, Learning rate:0.00002000
Epoch: 28, Loss: 14.4655, Rmse_valid: 16.8244, valid_score: 58933.7, , rmse_test: 14.2446, score_test: 1064.3, Learning rate:0.00002000
Epoch: 29, Loss: 14.4534, Rmse_valid: 16.7391, valid_score: 64632.0, , rmse_test: 14.2973, score_test: 1102.8, Learning rate:0.00002000
Epoch: 30, Loss: 14.4514, Rmse_valid: 16.9340, valid_score: 57053.4, , rmse_test: 14.2297, score_test: 1078.4, Learning rate:0.00002000
[Train Summary] Restored best model from epoch 21, rmse_valid: 16.6522, valid_score: 53998.6, rmse_test: 14.3370, score_test: 1075.4
[Train Time] start: 2026-07-03 05:53:14, end: 2026-07-03 05:55:37, duration: 0:02:23, total_seconds: 142.98
[Auto Test] command: /usr/local/miniconda3/envs/HV/bin/python /Mamba_Rul/test_GAT_encoderaef_decodermamba/test_model.py --sub-dataset FD002 --smooth-rate 40 --sequence-len 30 --feature-num 14 --dataset-root /Mamba_Rul/CMAPSSData/ --max-rul 125 --batch-size 128 --model-path /Mamba_Rul/logs/FD002_MBdecoder/seed80/model_FD002_0703_055314_seed80.pkl
model_path:/Mamba_Rul/logs/FD002_MBdecoder/seed80/model_FD002_0703_055314_seed80.pkl
rmse_final:14.298256874084473, score:1036.7454833984375
