-----FD003-----
关键参数:
序列长度: 30
批大小(batch_size): 128
最大训练轮数(max_epochs): 30
随机数种子: 17
模型代号(model_code): FD003_F
模型结构(model_structure): encoderdecoder
消融预设(ablation_preset): F - KNN graph + GAT + EncoderDecoder-LSTM without AOF
学习率: 0.002
学习率调度器: step
Step步长(step_size): 10
Step衰减系数(gamma): 0.1
空间GAT: 开启
是否使用解码器LSTM: 是
是否使用AOF: 否
Decoder注意力隐层维度: 28
图构建模式(graph_mode): dynamic_knn
GAT层数(num_layers): 2
GAT邻居数(topk): 7
GAT嵌入维度: 8
GAT隐藏层维度: 8
------------------------------
Epoch: 1, Loss: 21.5514, Rmse_valid: 18.5065, valid_score: 23187.1, , rmse_test: 24.1433, score_test: 4053.7, Learning rate:0.00200000
Epoch: 2, Loss: 18.1745, Rmse_valid: 13.3524, valid_score: 7861.1, , rmse_test: 18.3741, score_test: 1654.7, Learning rate:0.00200000
Epoch: 3, Loss: 14.4271, Rmse_valid: 11.7019, valid_score: 7208.1, , rmse_test: 17.0630, score_test: 1917.2, Learning rate:0.00200000
Epoch: 4, Loss: 12.7882, Rmse_valid: 11.9592, valid_score: 6420.2, , rmse_test: 15.5563, score_test: 1111.0, Learning rate:0.00200000
Epoch: 5, Loss: 12.0348, Rmse_valid: 10.8252, valid_score: 7363.0, , rmse_test: 16.8689, score_test: 1362.8, Learning rate:0.00200000
Epoch: 6, Loss: 11.4695, Rmse_valid: 10.6840, valid_score: 8184.7, , rmse_test: 17.4251, score_test: 1833.5, Learning rate:0.00200000
Epoch: 7, Loss: 11.1360, Rmse_valid: 11.7917, valid_score: 5635.4, , rmse_test: 15.2746, score_test: 1127.1, Learning rate:0.00200000
Epoch: 8, Loss: 11.0298, Rmse_valid: 12.4954, valid_score: 6743.2, , rmse_test: 15.2034, score_test: 914.7, Learning rate:0.00200000
Epoch: 9, Loss: 10.6891, Rmse_valid: 11.0665, valid_score: 8664.9, , rmse_test: 16.4672, score_test: 1236.0, Learning rate:0.00200000
Epoch: 10, Loss: 10.5579, Rmse_valid: 9.6317, valid_score: 6664.4, , rmse_test: 16.3125, score_test: 1281.0, Learning rate:0.00200000
Epoch: 11, Loss: 9.4995, Rmse_valid: 9.7867, valid_score: 5889.1, , rmse_test: 15.4074, score_test: 1269.1, Learning rate:0.00020000
Epoch: 12, Loss: 9.3605, Rmse_valid: 9.5344, valid_score: 5773.4, , rmse_test: 15.3410, score_test: 1207.0, Learning rate:0.00020000
Epoch: 13, Loss: 9.2839, Rmse_valid: 9.5701, valid_score: 6525.0, , rmse_test: 15.5286, score_test: 1205.7, Learning rate:0.00020000
Epoch: 14, Loss: 9.2325, Rmse_valid: 9.5973, valid_score: 5891.5, , rmse_test: 15.2240, score_test: 1191.9, Learning rate:0.00020000
Epoch: 15, Loss: 9.1625, Rmse_valid: 9.7706, valid_score: 5519.7, , rmse_test: 14.9426, score_test: 1065.9, Learning rate:0.00020000
Epoch: 16, Loss: 9.1256, Rmse_valid: 9.5016, valid_score: 5976.9, , rmse_test: 15.1017, score_test: 959.2, Learning rate:0.00020000
Epoch: 17, Loss: 9.0686, Rmse_valid: 9.6246, valid_score: 6452.8, , rmse_test: 15.2659, score_test: 1063.6, Learning rate:0.00020000
Epoch: 18, Loss: 9.0445, Rmse_valid: 9.6946, valid_score: 5654.8, , rmse_test: 14.8486, score_test: 982.3, Learning rate:0.00020000
Epoch: 19, Loss: 8.9957, Rmse_valid: 9.5780, valid_score: 5754.7, , rmse_test: 14.8819, score_test: 940.2, Learning rate:0.00020000
Epoch: 20, Loss: 8.9628, Rmse_valid: 9.5310, valid_score: 5359.0, , rmse_test: 14.7705, score_test: 924.1, Learning rate:0.00020000
Epoch: 21, Loss: 8.8668, Rmse_valid: 9.3494, valid_score: 5584.2, , rmse_test: 14.9249, score_test: 951.8, Learning rate:0.00002000
Epoch: 22, Loss: 8.8597, Rmse_valid: 9.4000, valid_score: 5588.3, , rmse_test: 14.9083, score_test: 965.4, Learning rate:0.00002000
Epoch: 23, Loss: 8.8549, Rmse_valid: 9.4427, valid_score: 5566.5, , rmse_test: 14.8760, score_test: 939.7, Learning rate:0.00002000
Epoch: 24, Loss: 8.8502, Rmse_valid: 9.4618, valid_score: 5626.9, , rmse_test: 14.9097, score_test: 946.2, Learning rate:0.00002000
Epoch: 25, Loss: 8.8466, Rmse_valid: 9.4718, valid_score: 5626.1, , rmse_test: 14.9281, score_test: 954.6, Learning rate:0.00002000
Epoch: 26, Loss: 8.8435, Rmse_valid: 9.3942, valid_score: 5649.5, , rmse_test: 14.9337, score_test: 955.6, Learning rate:0.00002000
Epoch: 27, Loss: 8.8378, Rmse_valid: 9.4138, valid_score: 5661.4, , rmse_test: 14.9747, score_test: 963.9, Learning rate:0.00002000
Epoch: 28, Loss: 8.8327, Rmse_valid: 9.3915, valid_score: 5645.3, , rmse_test: 14.8929, score_test: 929.1, Learning rate:0.00002000
Epoch: 29, Loss: 8.8311, Rmse_valid: 9.3604, valid_score: 5712.9, , rmse_test: 14.9743, score_test: 954.5, Learning rate:0.00002000
Epoch: 30, Loss: 8.8258, Rmse_valid: 9.5104, valid_score: 5631.0, , rmse_test: 14.8970, score_test: 943.4, Learning rate:0.00002000
[Train Summary] Restored best model from epoch 21, rmse_valid: 9.3494, valid_score: 5584.2, rmse_test: 14.9249, score_test: 951.8
[Train Time] start: 2026-04-21 01:14:22, end: 2026-04-21 01:17:07, duration: 0:02:45, total_seconds: 165.47
[Auto Test] command: /usr/bin/python /CMAPSS-release/scipt/test_model.py --sub-dataset FD003 --smooth-rate 40 --sequence-len 30 --feature-num 14 --dataset-root /CMAPSS-release/CMAPSSData/ --max-rul 125 --batch-size 128 --model-path /CMAPSS-release/logs/FD003_FD003_F/seed17/model_FD003_0421_011422_seed17.pkl
model_path:/CMAPSS-release/logs/FD003_FD003_F/seed17/model_FD003_0421_011422_seed17.pkl
rmse_final:14.808781623840332, score:894.5797119140625
