-----FD004-----
关键参数:
序列长度: 30
批大小(batch_size): 128
最大训练轮数(max_epochs): 30
随机数种子: 80
模型代号(model_code): FD004_B
模型结构(model_structure): encoderdecoder
消融预设(ablation_preset): B - Path graph + GAT + EncoderDecoder-LSTM without AOF
学习率: 0.002
学习率调度器: step
Step步长(step_size): 10
Step衰减系数(gamma): 0.1
空间GAT: 开启
是否使用解码器LSTM: 是
是否使用AOF: 否
Decoder注意力隐层维度: 28
图构建模式(graph_mode): path
GAT层数(num_layers): 2
GAT邻居数(topk): 7
GAT嵌入维度: 8
GAT隐藏层维度: 8
------------------------------
Epoch: 1, Loss: 25.8594, Rmse_valid: 23.4838, valid_score: 166616.2, , rmse_test: 27.7581, score_test: 24811.7, Learning rate:0.00200000
Epoch: 2, Loss: 21.7545, Rmse_valid: 20.1000, valid_score: 90849.3, , rmse_test: 21.7306, score_test: 4713.8, Learning rate:0.00200000
Epoch: 3, Loss: 20.1737, Rmse_valid: 18.7909, valid_score: 57260.6, , rmse_test: 19.4824, score_test: 2739.6, Learning rate:0.00200000
Epoch: 4, Loss: 19.3877, Rmse_valid: 20.5303, valid_score: 110148.7, , rmse_test: 22.2069, score_test: 5560.8, Learning rate:0.00200000
Epoch: 5, Loss: 18.7148, Rmse_valid: 17.5380, valid_score: 36688.2, , rmse_test: 18.3496, score_test: 1983.8, Learning rate:0.00200000
Epoch: 6, Loss: 18.2757, Rmse_valid: 17.4955, valid_score: 43036.5, , rmse_test: 17.9930, score_test: 2945.2, Learning rate:0.00200000
Epoch: 7, Loss: 17.7790, Rmse_valid: 16.8828, valid_score: 33801.9, , rmse_test: 18.2770, score_test: 2593.6, Learning rate:0.00200000
Epoch: 8, Loss: 17.1252, Rmse_valid: 19.0394, valid_score: 51317.1, , rmse_test: 18.2424, score_test: 1599.6, Learning rate:0.00200000
Epoch: 9, Loss: 16.7352, Rmse_valid: 17.9184, valid_score: 61136.6, , rmse_test: 19.6487, score_test: 4290.2, Learning rate:0.00200000
Epoch: 10, Loss: 16.4308, Rmse_valid: 16.9597, valid_score: 50564.3, , rmse_test: 17.5443, score_test: 1983.6, Learning rate:0.00200000
Epoch: 11, Loss: 14.7295, Rmse_valid: 16.3638, valid_score: 46316.4, , rmse_test: 17.4967, score_test: 1882.8, Learning rate:0.00020000
Epoch: 12, Loss: 14.5756, Rmse_valid: 16.7841, valid_score: 52251.1, , rmse_test: 17.6428, score_test: 1933.3, Learning rate:0.00020000
Epoch: 13, Loss: 14.4844, Rmse_valid: 16.7422, valid_score: 54522.4, , rmse_test: 17.5714, score_test: 2022.4, Learning rate:0.00020000
Epoch: 14, Loss: 14.4059, Rmse_valid: 16.5588, valid_score: 55180.6, , rmse_test: 17.6093, score_test: 1875.4, Learning rate:0.00020000
Epoch: 15, Loss: 14.3438, Rmse_valid: 16.6970, valid_score: 55534.9, , rmse_test: 17.4822, score_test: 1964.9, Learning rate:0.00020000
Epoch: 16, Loss: 14.2969, Rmse_valid: 16.5878, valid_score: 57681.7, , rmse_test: 17.4861, score_test: 1755.3, Learning rate:0.00020000
Epoch: 17, Loss: 14.2471, Rmse_valid: 16.8384, valid_score: 57112.7, , rmse_test: 17.6426, score_test: 1950.3, Learning rate:0.00020000
Epoch: 18, Loss: 14.2067, Rmse_valid: 16.6557, valid_score: 55891.3, , rmse_test: 17.3174, score_test: 1751.5, Learning rate:0.00020000
Epoch: 19, Loss: 14.1519, Rmse_valid: 17.0635, valid_score: 63456.8, , rmse_test: 17.3754, score_test: 1712.4, Learning rate:0.00020000
Epoch: 20, Loss: 14.1010, Rmse_valid: 16.6094, valid_score: 58845.0, , rmse_test: 17.2812, score_test: 1739.8, Learning rate:0.00020000
Epoch: 21, Loss: 13.9792, Rmse_valid: 16.6893, valid_score: 60328.7, , rmse_test: 17.4137, score_test: 1786.1, Learning rate:0.00002000
Epoch: 22, Loss: 13.9642, Rmse_valid: 16.7268, valid_score: 60064.0, , rmse_test: 17.4312, score_test: 1825.9, Learning rate:0.00002000
Epoch: 23, Loss: 13.9573, Rmse_valid: 16.7313, valid_score: 61564.3, , rmse_test: 17.5424, score_test: 1879.4, Learning rate:0.00002000
Epoch: 24, Loss: 13.9538, Rmse_valid: 16.7161, valid_score: 61107.1, , rmse_test: 17.5286, score_test: 1868.6, Learning rate:0.00002000
Epoch: 25, Loss: 13.9449, Rmse_valid: 16.9045, valid_score: 65956.7, , rmse_test: 17.5311, score_test: 1936.4, Learning rate:0.00002000
Epoch: 26, Loss: 13.9416, Rmse_valid: 16.6926, valid_score: 60420.6, , rmse_test: 17.4505, score_test: 1814.8, Learning rate:0.00002000
Epoch: 27, Loss: 13.9369, Rmse_valid: 16.9525, valid_score: 65580.0, , rmse_test: 17.5881, score_test: 1975.0, Learning rate:0.00002000
Epoch: 28, Loss: 13.9308, Rmse_valid: 16.8219, valid_score: 65195.8, , rmse_test: 17.5418, score_test: 1971.1, Learning rate:0.00002000
Epoch: 29, Loss: 13.9309, Rmse_valid: 16.9239, valid_score: 62260.4, , rmse_test: 17.4882, score_test: 1849.9, Learning rate:0.00002000
Epoch: 30, Loss: 13.9212, Rmse_valid: 16.8113, valid_score: 62481.1, , rmse_test: 17.4209, score_test: 1812.1, Learning rate:0.00002000
[Train Summary] Restored best model from epoch 11, rmse_valid: 16.3638, valid_score: 46316.4, rmse_test: 17.4967, score_test: 1882.8
[Train Time] start: 2026-04-20 11:52:25, end: 2026-04-20 11:58:06, duration: 0:05:40, total_seconds: 340.19
[Auto Test] command: /usr/bin/python /CMAPSS-release/scipt/test_model.py --sub-dataset FD004 --smooth-rate 40 --sequence-len 30 --feature-num 14 --dataset-root /CMAPSS-release/CMAPSSData/ --max-rul 125 --batch-size 128 --model-path /CMAPSS-release/logs/FD004_FD004_B/seed80/model_FD004_0420_115225_seed80.pkl
model_path:/CMAPSS-release/logs/FD004_FD004_B/seed80/model_FD004_0420_115225_seed80.pkl
rmse_final:17.416622161865234, score:1827.0069580078125
