-----FD004-----
关键参数:
序列长度: 30
批大小(batch_size): 128
最大训练轮数(max_epochs): 30
随机数种子: 88
模型代号(model_code): FD004_A
模型结构(model_structure): encoderdecoder
消融预设(ablation_preset): A - Path graph + GAT + EncoderDecoder-LSTM with AOF
学习率: 0.002
学习率调度器: step
Step步长(step_size): 10
Step衰减系数(gamma): 0.1
空间GAT: 开启
是否使用解码器LSTM: 是
是否使用AOF: 是
Decoder注意力隐层维度: 28
Decoder融合方式: concat
图构建模式(graph_mode): path
GAT层数(num_layers): 2
GAT邻居数(topk): 7
GAT嵌入维度: 8
GAT隐藏层维度: 8
------------------------------
Epoch: 1, Loss: 26.6852, Rmse_valid: 20.9158, valid_score: 49345.6, , rmse_test: 25.0746, score_test: 6679.6, Learning rate:0.00200000
Epoch: 2, Loss: 21.8303, Rmse_valid: 25.2553, valid_score: 286364.8, , rmse_test: 30.9683, score_test: 137205.0, Learning rate:0.00200000
Epoch: 3, Loss: 20.2312, Rmse_valid: 18.8585, valid_score: 49413.7, , rmse_test: 21.4490, score_test: 4294.4, Learning rate:0.00200000
Epoch: 4, Loss: 19.2992, Rmse_valid: 19.0250, valid_score: 41022.2, , rmse_test: 20.7089, score_test: 2800.8, Learning rate:0.00200000
Epoch: 5, Loss: 18.6188, Rmse_valid: 18.3414, valid_score: 41698.3, , rmse_test: 18.9140, score_test: 2199.5, Learning rate:0.00200000
Epoch: 6, Loss: 18.0398, Rmse_valid: 19.4074, valid_score: 67615.2, , rmse_test: 22.6670, score_test: 6895.8, Learning rate:0.00200000
Epoch: 7, Loss: 17.5273, Rmse_valid: 20.8452, valid_score: 145093.5, , rmse_test: 19.8355, score_test: 3715.1, Learning rate:0.00200000
Epoch: 8, Loss: 16.9571, Rmse_valid: 18.3091, valid_score: 44355.4, , rmse_test: 19.2310, score_test: 2272.2, Learning rate:0.00200000
Epoch: 9, Loss: 16.7331, Rmse_valid: 19.8611, valid_score: 94538.4, , rmse_test: 20.5739, score_test: 5451.1, Learning rate:0.00200000
Epoch: 10, Loss: 16.4485, Rmse_valid: 19.1308, valid_score: 75894.9, , rmse_test: 20.8218, score_test: 5946.9, Learning rate:0.00200000
Epoch: 11, Loss: 14.7046, Rmse_valid: 17.3806, valid_score: 50183.3, , rmse_test: 18.5818, score_test: 2963.9, Learning rate:0.00020000
Epoch: 12, Loss: 14.5256, Rmse_valid: 17.2867, valid_score: 45160.0, , rmse_test: 18.5156, score_test: 2416.1, Learning rate:0.00020000
Epoch: 13, Loss: 14.4319, Rmse_valid: 17.5711, valid_score: 56650.7, , rmse_test: 18.7171, score_test: 2924.4, Learning rate:0.00020000
Epoch: 14, Loss: 14.3616, Rmse_valid: 17.2644, valid_score: 47482.2, , rmse_test: 18.3532, score_test: 2388.9, Learning rate:0.00020000
Epoch: 15, Loss: 14.2881, Rmse_valid: 17.3826, valid_score: 50958.2, , rmse_test: 18.4512, score_test: 2568.0, Learning rate:0.00020000
Epoch: 16, Loss: 14.2331, Rmse_valid: 17.2036, valid_score: 50257.9, , rmse_test: 18.4307, score_test: 2507.4, Learning rate:0.00020000
Epoch: 17, Loss: 14.1609, Rmse_valid: 17.3839, valid_score: 49790.0, , rmse_test: 18.6113, score_test: 2545.6, Learning rate:0.00020000
Epoch: 18, Loss: 14.1235, Rmse_valid: 17.2638, valid_score: 48266.8, , rmse_test: 18.9082, score_test: 2527.2, Learning rate:0.00020000
Epoch: 19, Loss: 14.0691, Rmse_valid: 17.1125, valid_score: 43042.4, , rmse_test: 18.7182, score_test: 2375.2, Learning rate:0.00020000
Epoch: 20, Loss: 14.0072, Rmse_valid: 17.0449, valid_score: 45622.3, , rmse_test: 18.7834, score_test: 2480.6, Learning rate:0.00020000
Epoch: 21, Loss: 13.8764, Rmse_valid: 17.0501, valid_score: 47610.7, , rmse_test: 18.6027, score_test: 2514.7, Learning rate:0.00002000
Epoch: 22, Loss: 13.8562, Rmse_valid: 17.1171, valid_score: 49513.6, , rmse_test: 18.6617, score_test: 2605.1, Learning rate:0.00002000
Epoch: 23, Loss: 13.8510, Rmse_valid: 17.0010, valid_score: 48393.9, , rmse_test: 18.6100, score_test: 2568.6, Learning rate:0.00002000
Epoch: 24, Loss: 13.8427, Rmse_valid: 17.2177, valid_score: 49977.4, , rmse_test: 18.6435, score_test: 2582.1, Learning rate:0.00002000
Epoch: 25, Loss: 13.8385, Rmse_valid: 17.1206, valid_score: 49537.7, , rmse_test: 18.6314, score_test: 2561.1, Learning rate:0.00002000
Epoch: 26, Loss: 13.8309, Rmse_valid: 17.2380, valid_score: 50328.2, , rmse_test: 18.6414, score_test: 2620.9, Learning rate:0.00002000
Epoch: 27, Loss: 13.8254, Rmse_valid: 17.0276, valid_score: 47669.3, , rmse_test: 18.6382, score_test: 2546.4, Learning rate:0.00002000
Epoch: 28, Loss: 13.8178, Rmse_valid: 17.1399, valid_score: 48457.9, , rmse_test: 18.6226, score_test: 2562.8, Learning rate:0.00002000
Epoch: 29, Loss: 13.8151, Rmse_valid: 17.1063, valid_score: 47185.4, , rmse_test: 18.6791, score_test: 2552.3, Learning rate:0.00002000
Epoch: 30, Loss: 13.8094, Rmse_valid: 17.1289, valid_score: 48895.7, , rmse_test: 18.6815, score_test: 2565.1, Learning rate:0.00002000
[Train Summary] Restored best model from epoch 23, rmse_valid: 17.0010, valid_score: 48393.9, rmse_test: 18.6100, score_test: 2568.6
[Train Time] start: 2026-04-20 11:02:30, end: 2026-04-20 11:08:15, duration: 0:05:45, total_seconds: 345.50
[Auto Test] command: /usr/bin/python /CMAPSS-release/scipt/test_model.py --sub-dataset FD004 --smooth-rate 40 --sequence-len 30 --feature-num 14 --dataset-root /CMAPSS-release/CMAPSSData/ --max-rul 125 --batch-size 128 --model-path /CMAPSS-release/logs/FD004_FD004_A/seed88/model_FD004_0420_110230_seed88.pkl
model_path:/CMAPSS-release/logs/FD004_FD004_A/seed88/model_FD004_0420_110230_seed88.pkl
rmse_final:18.546476364135742, score:2457.810546875
