-----FD004-----
关键参数:
序列长度: 40
批大小(batch_size): 128
最大训练轮数(max_epochs): 30
随机数种子: 2
模型代号(model_code): GAT_EDmamba+40
模型结构(model_structure): mamba_mamba
学习率: 0.002
学习率调度器: step
Step步长(step_size): 10
Step衰减系数(gamma): 0.1
use_gat: True
gat_hidden_dim: 8
编码器: 2层Mamba
解码器: 2层Mamba
encoder_hidden_size: 16
mamba_num_layers: 2
mamba_d_state: 16
------------------------------
Epoch: 1, Loss: 29.8885, Rmse_valid: 23.5312, valid_score: 112138.0, , rmse_test: 27.2194, score_test: 21548.6, Learning rate:0.00200000
Epoch: 2, Loss: 22.8466, Rmse_valid: 20.3664, valid_score: 55710.1, , rmse_test: 22.4709, score_test: 4363.6, Learning rate:0.00200000
Epoch: 3, Loss: 20.4798, Rmse_valid: 19.3652, valid_score: 46567.5, , rmse_test: 21.2911, score_test: 2611.4, Learning rate:0.00200000
Epoch: 4, Loss: 19.0981, Rmse_valid: 18.3531, valid_score: 49505.5, , rmse_test: 18.8028, score_test: 2735.6, Learning rate:0.00200000
Epoch: 5, Loss: 18.1800, Rmse_valid: 21.1693, valid_score: 102050.6, , rmse_test: 21.5835, score_test: 4204.0, Learning rate:0.00200000
Epoch: 6, Loss: 17.5194, Rmse_valid: 21.1771, valid_score: 129179.8, , rmse_test: 20.8507, score_test: 6166.8, Learning rate:0.00200000
Epoch: 7, Loss: 16.9967, Rmse_valid: 19.3880, valid_score: 70853.9, , rmse_test: 17.9595, score_test: 2216.9, Learning rate:0.00200000
Epoch: 8, Loss: 16.5147, Rmse_valid: 16.5043, valid_score: 24929.4, , rmse_test: 18.1218, score_test: 1900.0, Learning rate:0.00200000
Epoch: 9, Loss: 16.2971, Rmse_valid: 17.4162, valid_score: 38673.1, , rmse_test: 18.4953, score_test: 2457.7, Learning rate:0.00200000
Epoch: 10, Loss: 15.7335, Rmse_valid: 17.7775, valid_score: 48871.7, , rmse_test: 19.9665, score_test: 4764.8, Learning rate:0.00200000
Epoch: 11, Loss: 13.4225, Rmse_valid: 17.2897, valid_score: 43847.0, , rmse_test: 18.3682, score_test: 1929.7, Learning rate:0.00020000
Epoch: 12, Loss: 13.2026, Rmse_valid: 17.4506, valid_score: 40969.7, , rmse_test: 18.6867, score_test: 2135.0, Learning rate:0.00020000
Epoch: 13, Loss: 13.0102, Rmse_valid: 17.6519, valid_score: 52589.1, , rmse_test: 19.1954, score_test: 2387.4, Learning rate:0.00020000
Epoch: 14, Loss: 12.8837, Rmse_valid: 17.6776, valid_score: 58164.3, , rmse_test: 19.2295, score_test: 2363.3, Learning rate:0.00020000
Epoch: 15, Loss: 12.7400, Rmse_valid: 18.0597, valid_score: 60449.8, , rmse_test: 19.4340, score_test: 2684.9, Learning rate:0.00020000
Epoch: 16, Loss: 12.6119, Rmse_valid: 18.0355, valid_score: 72600.0, , rmse_test: 19.6205, score_test: 2745.7, Learning rate:0.00020000
Epoch: 17, Loss: 12.5090, Rmse_valid: 18.4766, valid_score: 127091.1, , rmse_test: 20.2281, score_test: 3145.5, Learning rate:0.00020000
Epoch: 18, Loss: 12.3819, Rmse_valid: 18.6497, valid_score: 115329.8, , rmse_test: 19.9223, score_test: 2870.2, Learning rate:0.00020000
Epoch: 19, Loss: 12.2637, Rmse_valid: 17.8115, valid_score: 76617.5, , rmse_test: 20.0419, score_test: 2761.2, Learning rate:0.00020000
Epoch: 20, Loss: 12.2093, Rmse_valid: 18.7771, valid_score: 128854.8, , rmse_test: 19.8938, score_test: 2633.7, Learning rate:0.00020000
Epoch: 21, Loss: 12.0100, Rmse_valid: 18.7918, valid_score: 158262.8, , rmse_test: 19.9730, score_test: 2945.3, Learning rate:0.00002000
Epoch: 22, Loss: 11.9419, Rmse_valid: 18.8226, valid_score: 177593.5, , rmse_test: 20.1024, score_test: 3034.9, Learning rate:0.00002000
Epoch: 23, Loss: 11.9266, Rmse_valid: 18.7326, valid_score: 159789.2, , rmse_test: 20.1030, score_test: 2936.9, Learning rate:0.00002000
Epoch: 24, Loss: 11.9406, Rmse_valid: 18.8016, valid_score: 165405.7, , rmse_test: 20.0669, score_test: 2932.3, Learning rate:0.00002000
Epoch: 25, Loss: 11.9064, Rmse_valid: 18.7641, valid_score: 152014.2, , rmse_test: 20.0206, score_test: 2832.3, Learning rate:0.00002000
Epoch: 26, Loss: 11.8913, Rmse_valid: 18.8453, valid_score: 197076.2, , rmse_test: 20.1713, score_test: 3053.8, Learning rate:0.00002000
Epoch: 27, Loss: 11.8946, Rmse_valid: 18.9103, valid_score: 206907.1, , rmse_test: 20.1580, score_test: 2958.2, Learning rate:0.00002000
Epoch: 28, Loss: 11.8522, Rmse_valid: 18.7590, valid_score: 160935.2, , rmse_test: 20.0391, score_test: 2840.8, Learning rate:0.00002000
Epoch: 29, Loss: 11.8620, Rmse_valid: 18.9707, valid_score: 216735.1, , rmse_test: 20.3075, score_test: 3180.3, Learning rate:0.00002000
Epoch: 30, Loss: 11.8627, Rmse_valid: 18.8932, valid_score: 227644.8, , rmse_test: 20.3287, score_test: 3226.9, Learning rate:0.00002000
[Train Summary] Restored best model from epoch 8, rmse_valid: 16.5043, valid_score: 24929.4, rmse_test: 18.1218, score_test: 1900.0
[Train Time] start: 2026-07-20 06:27:52, end: 2026-07-20 06:34:52, duration: 0:07:00, total_seconds: 419.83
[Auto Test] command: /usr/local/miniconda3/envs/HV/bin/python /Mamba_Rul/test_GAT_EDmamba/test_model.py --sub-dataset FD004 --smooth-rate 40 --sequence-len 40 --feature-num 14 --dataset-root /Mamba_Rul/CMAPSSData/ --max-rul 125 --batch-size 128 --model-path /Mamba_Rul/logs/FD004_GAT_EDmamba+40/seed2/model_FD004_0720_062752_seed2.pkl
model_path:/Mamba_Rul/logs/FD004_GAT_EDmamba+40/seed2/model_FD004_0720_062752_seed2.pkl
rmse_final:18.12690544128418, score:1830.943359375
