-----FD002-----
模型: GAT_LSTM_AEFAOF_model(AEF与AOF均开启)
序列长度: 30
特征维度: 14
批大小: 128
最大训练轮数: 30
随机种子: 27
学习率: 0.002
学习率调度器: step
Step步长(step_size): 10
Step衰减系数(gamma): 0.1
是否启用AEF: 是
是否启用AOF: 是
GAT隐藏层维度: [8, 8, 8]
LSTM隐藏层维度: [8, 8]
GAT Dropout系数: 0.1
GAT LeakyReLU系数(alpha): 0.1
图构建模式: path
节点嵌入维度(embed_dim): 8
Topk邻居数: 7
AOF注意力隐藏维度: 4
AEF注意力隐藏维度: 28
AEF/AOF融合方式: concat
是否启用指数平滑: True
平滑系数(smooth_rate): 40
------------------------------
第1轮, 训练损失: 41.8828, 验证集RMSE: 41.4312, 验证集S分数: 970033.9, 测试集RMSE: 43.2674, 测试集S分数: 67169.5, 学习率: 0.00200000
第2轮, 训练损失: 41.0770, 验证集RMSE: 41.5979, 验证集S分数: 1317693.9, 测试集RMSE: 42.6100, 测试集S分数: 84254.8, 学习率: 0.00200000
第3轮, 训练损失: 40.7393, 验证集RMSE: 41.1870, 验证集S分数: 840543.3, 测试集RMSE: 42.4060, 测试集S分数: 65727.1, 学习率: 0.00200000
第4轮, 训练损失: 40.5063, 验证集RMSE: 39.9930, 验证集S分数: 929219.6, 测试集RMSE: 41.4471, 测试集S分数: 59606.3, 学习率: 0.00200000
第5轮, 训练损失: 40.2948, 验证集RMSE: 39.7562, 验证集S分数: 952964.9, 测试集RMSE: 41.3808, 测试集S分数: 58132.9, 学习率: 0.00200000
第6轮, 训练损失: 40.2516, 验证集RMSE: 39.7791, 验证集S分数: 664760.7, 测试集RMSE: 40.9108, 测试集S分数: 46403.9, 学习率: 0.00200000
第7轮, 训练损失: 40.1117, 验证集RMSE: 39.8997, 验证集S分数: 820410.6, 测试集RMSE: 41.2051, 测试集S分数: 61789.2, 学习率: 0.00200000
第8轮, 训练损失: 39.9363, 验证集RMSE: 39.9917, 验证集S分数: 494646.1, 测试集RMSE: 40.0615, 测试集S分数: 34293.0, 学习率: 0.00200000
第9轮, 训练损失: 39.9420, 验证集RMSE: 39.9388, 验证集S分数: 544365.2, 测试集RMSE: 40.3474, 测试集S分数: 50139.9, 学习率: 0.00200000
第10轮, 训练损失: 39.7999, 验证集RMSE: 39.7119, 验证集S分数: 693931.1, 测试集RMSE: 40.2520, 测试集S分数: 47542.3, 学习率: 0.00200000
第11轮, 训练损失: 39.4421, 验证集RMSE: 39.4497, 验证集S分数: 661615.3, 测试集RMSE: 40.4757, 测试集S分数: 49771.5, 学习率: 0.00020000
第12轮, 训练损失: 39.4241, 验证集RMSE: 39.4046, 验证集S分数: 651379.6, 测试集RMSE: 40.4773, 测试集S分数: 50532.3, 学习率: 0.00020000
第13轮, 训练损失: 39.3523, 验证集RMSE: 39.6073, 验证集S分数: 653270.8, 测试集RMSE: 40.4961, 测试集S分数: 52446.1, 学习率: 0.00020000
第14轮, 训练损失: 39.3115, 验证集RMSE: 39.9652, 验证集S分数: 616635.3, 测试集RMSE: 40.0621, 测试集S分数: 45105.0, 学习率: 0.00020000
第15轮, 训练损失: 39.3407, 验证集RMSE: 39.4761, 验证集S分数: 661275.9, 测试集RMSE: 40.4221, 测试集S分数: 51050.1, 学习率: 0.00020000
第16轮, 训练损失: 39.3087, 验证集RMSE: 39.5917, 验证集S分数: 603510.9, 测试集RMSE: 40.0277, 测试集S分数: 45652.4, 学习率: 0.00020000
第17轮, 训练损失: 39.2571, 验证集RMSE: 39.5303, 验证集S分数: 636621.6, 测试集RMSE: 40.3736, 测试集S分数: 52741.0, 学习率: 0.00020000
第18轮, 训练损失: 39.2385, 验证集RMSE: 39.2727, 验证集S分数: 614363.5, 测试集RMSE: 40.2733, 测试集S分数: 49989.8, 学习率: 0.00020000
第19轮, 训练损失: 39.1745, 验证集RMSE: 39.2470, 验证集S分数: 610215.2, 测试集RMSE: 40.3534, 测试集S分数: 51174.8, 学习率: 0.00020000
第20轮, 训练损失: 39.1639, 验证集RMSE: 39.3655, 验证集S分数: 572394.1, 测试集RMSE: 40.0057, 测试集S分数: 45992.6, 学习率: 0.00020000
第21轮, 训练损失: 39.1209, 验证集RMSE: 39.3390, 验证集S分数: 610414.6, 测试集RMSE: 40.3225, 测试集S分数: 53119.2, 学习率: 0.00002000
第22轮, 训练损失: 39.0854, 验证集RMSE: 39.4143, 验证集S分数: 598756.8, 测试集RMSE: 40.2050, 测试集S分数: 50680.4, 学习率: 0.00002000
第23轮, 训练损失: 39.1286, 验证集RMSE: 39.2079, 验证集S分数: 578737.2, 测试集RMSE: 40.2062, 测试集S分数: 49579.4, 学习率: 0.00002000
第24轮, 训练损失: 39.1082, 验证集RMSE: 39.3275, 验证集S分数: 590768.3, 测试集RMSE: 40.1311, 测试集S分数: 49551.1, 学习率: 0.00002000
第25轮, 训练损失: 39.0389, 验证集RMSE: 39.2684, 验证集S分数: 603951.4, 测试集RMSE: 40.1974, 测试集S分数: 51311.1, 学习率: 0.00002000
第26轮, 训练损失: 39.0678, 验证集RMSE: 39.2836, 验证集S分数: 607961.6, 测试集RMSE: 40.1496, 测试集S分数: 51092.8, 学习率: 0.00002000
第27轮, 训练损失: 39.0899, 验证集RMSE: 39.2821, 验证集S分数: 611181.3, 测试集RMSE: 40.2138, 测试集S分数: 52080.8, 学习率: 0.00002000
第28轮, 训练损失: 39.0753, 验证集RMSE: 39.1634, 验证集S分数: 601419.0, 测试集RMSE: 40.1272, 测试集S分数: 50510.5, 学习率: 0.00002000
第29轮, 训练损失: 39.0602, 验证集RMSE: 39.4062, 验证集S分数: 587428.2, 测试集RMSE: 40.1563, 测试集S分数: 50104.4, 学习率: 0.00002000
第30轮, 训练损失: 39.0551, 验证集RMSE: 39.2576, 验证集S分数: 594263.1, 测试集RMSE: 40.1252, 测试集S分数: 50208.4, 学习率: 0.00002000
[训练总结] 已恢复第28轮的最佳模型, 验证集RMSE: 39.1634, 验证集S分数: 601419.0, 测试集RMSE: 40.1272, 测试集S分数: 50510.5
[训练耗时] 开始: 2026-04-19 16:29:19, 结束: 2026-04-19 16:34:04, 时长: 0:04:46, 总秒数: 285.89
[自动测试] 命令: /usr/bin/python /CMAPSS-release/scipt/test_model.py --sub-dataset FD002 --smooth-rate 40 --sequence-len 30 --feature-num 14 --dataset-root /CMAPSS-release/CMAPSSData/ --max-rul 125 --batch-size 128 --model-path /CMAPSS-release/logs_GAT_LSTM/B/seed27/model_FD002_0419_162919_seed27.pkl
模型路径:/CMAPSS-release/logs_GAT_LSTM/B/seed27/model_FD002_0419_162919_seed27.pkl
最终RMSE:40.05695724487305, 评分:48079.5
