-----FD003-----
关键参数:
序列长度: 30
批大小(batch_size): 128
最大训练轮数(max_epochs): 30
随机数种子: 62
模型代号(model_code): FD003_C
模型结构(model_structure): encoderdecoder
消融预设(ablation_preset): C - Path graph + GAT + Encoder-only LSTM (no decoder, no AOF)
学习率: 0.002
学习率调度器: step
Step步长(step_size): 10
Step衰减系数(gamma): 0.1
空间GAT: 开启
是否使用解码器LSTM: 否
是否使用AOF: 否
图构建模式(graph_mode): path
GAT层数(num_layers): 2
GAT邻居数(topk): 7
GAT嵌入维度: 8
GAT隐藏层维度: 8
------------------------------
Epoch: 1, Loss: 27.0662, Rmse_valid: 20.4023, valid_score: 28671.8, , rmse_test: 24.9142, score_test: 5499.7, Learning rate:0.00200000
Epoch: 2, Loss: 19.2814, Rmse_valid: 19.7473, valid_score: 41416.7, , rmse_test: 24.3592, score_test: 4786.0, Learning rate:0.00200000
Epoch: 3, Loss: 17.8702, Rmse_valid: 16.6406, valid_score: 19893.7, , rmse_test: 22.9374, score_test: 2848.7, Learning rate:0.00200000
Epoch: 4, Loss: 16.4532, Rmse_valid: 15.3017, valid_score: 12243.0, , rmse_test: 18.8038, score_test: 1405.3, Learning rate:0.00200000
Epoch: 5, Loss: 14.9939, Rmse_valid: 13.8227, valid_score: 14522.2, , rmse_test: 17.9222, score_test: 1608.2, Learning rate:0.00200000
Epoch: 6, Loss: 14.1451, Rmse_valid: 12.6142, valid_score: 11281.4, , rmse_test: 16.8812, score_test: 1299.1, Learning rate:0.00200000
Epoch: 7, Loss: 13.4058, Rmse_valid: 16.7550, valid_score: 12573.0, , rmse_test: 17.2795, score_test: 1157.8, Learning rate:0.00200000
Epoch: 8, Loss: 13.1177, Rmse_valid: 12.5264, valid_score: 9947.3, , rmse_test: 16.8530, score_test: 1257.6, Learning rate:0.00200000
Epoch: 9, Loss: 12.5940, Rmse_valid: 14.6658, valid_score: 10493.4, , rmse_test: 16.6507, score_test: 1171.3, Learning rate:0.00200000
Epoch: 10, Loss: 12.4011, Rmse_valid: 10.8045, valid_score: 8551.4, , rmse_test: 17.7376, score_test: 1623.2, Learning rate:0.00200000
Epoch: 11, Loss: 10.6864, Rmse_valid: 10.5846, valid_score: 9105.5, , rmse_test: 17.6330, score_test: 1513.3, Learning rate:0.00020000
Epoch: 12, Loss: 10.4514, Rmse_valid: 10.5565, valid_score: 8853.9, , rmse_test: 17.5747, score_test: 1478.0, Learning rate:0.00020000
Epoch: 13, Loss: 10.2995, Rmse_valid: 10.6051, valid_score: 9056.3, , rmse_test: 17.6066, score_test: 1526.4, Learning rate:0.00020000
Epoch: 14, Loss: 10.1775, Rmse_valid: 10.5895, valid_score: 9187.8, , rmse_test: 17.4095, score_test: 1410.2, Learning rate:0.00020000
Epoch: 15, Loss: 10.0990, Rmse_valid: 10.3444, valid_score: 9626.6, , rmse_test: 17.4601, score_test: 1551.1, Learning rate:0.00020000
Epoch: 16, Loss: 10.0166, Rmse_valid: 10.4170, valid_score: 8557.1, , rmse_test: 17.2157, score_test: 1420.9, Learning rate:0.00020000
Epoch: 17, Loss: 9.9236, Rmse_valid: 10.4996, valid_score: 8153.3, , rmse_test: 17.1289, score_test: 1381.5, Learning rate:0.00020000
Epoch: 18, Loss: 9.8410, Rmse_valid: 10.7767, valid_score: 8672.4, , rmse_test: 17.0230, score_test: 1294.8, Learning rate:0.00020000
Epoch: 19, Loss: 9.7937, Rmse_valid: 10.4731, valid_score: 8167.4, , rmse_test: 17.1530, score_test: 1348.0, Learning rate:0.00020000
Epoch: 20, Loss: 9.7122, Rmse_valid: 10.8860, valid_score: 8806.8, , rmse_test: 17.0338, score_test: 1404.6, Learning rate:0.00020000
Epoch: 21, Loss: 9.5824, Rmse_valid: 10.2086, valid_score: 8655.6, , rmse_test: 17.1352, score_test: 1450.4, Learning rate:0.00002000
Epoch: 22, Loss: 9.5609, Rmse_valid: 10.1978, valid_score: 8645.4, , rmse_test: 17.1377, score_test: 1445.3, Learning rate:0.00002000
Epoch: 23, Loss: 9.5526, Rmse_valid: 10.1932, valid_score: 8627.4, , rmse_test: 17.0937, score_test: 1406.9, Learning rate:0.00002000
Epoch: 24, Loss: 9.5437, Rmse_valid: 10.2539, valid_score: 8387.7, , rmse_test: 17.0303, score_test: 1365.3, Learning rate:0.00002000
Epoch: 25, Loss: 9.5368, Rmse_valid: 10.2186, valid_score: 8547.7, , rmse_test: 17.0719, score_test: 1397.2, Learning rate:0.00002000
Epoch: 26, Loss: 9.5276, Rmse_valid: 10.2502, valid_score: 8501.7, , rmse_test: 17.1095, score_test: 1397.1, Learning rate:0.00002000
Epoch: 27, Loss: 9.5200, Rmse_valid: 10.2672, valid_score: 8586.9, , rmse_test: 17.0927, score_test: 1413.8, Learning rate:0.00002000
Epoch: 28, Loss: 9.5152, Rmse_valid: 10.2139, valid_score: 8630.3, , rmse_test: 17.1585, score_test: 1433.4, Learning rate:0.00002000
Epoch: 29, Loss: 9.5070, Rmse_valid: 10.2938, valid_score: 8468.7, , rmse_test: 17.0492, score_test: 1377.6, Learning rate:0.00002000
Epoch: 30, Loss: 9.4971, Rmse_valid: 10.2318, valid_score: 8722.1, , rmse_test: 17.1776, score_test: 1459.8, Learning rate:0.00002000
[Train Summary] Restored best model from epoch 23, rmse_valid: 10.1932, valid_score: 8627.4, rmse_test: 17.0937, score_test: 1406.9
[Train Time] start: 2026-04-20 08:59:16, end: 2026-04-20 09:01:29, duration: 0:02:13, total_seconds: 132.65
[Auto Test] command: /usr/bin/python /CMAPSS-release/scipt/test_model.py --sub-dataset FD003 --smooth-rate 40 --sequence-len 30 --feature-num 14 --dataset-root /CMAPSS-release/CMAPSSData/ --max-rul 125 --batch-size 128 --model-path /CMAPSS-release/logs/FD003_FD003_C/seed62/model_FD003_0420_085916_seed62.pkl
model_path:/CMAPSS-release/logs/FD003_FD003_C/seed62/model_FD003_0420_085916_seed62.pkl
rmse_final:16.996469497680664, score:1343.842529296875
