-----FD004-----
关键参数:
序列长度: 30
批大小(batch_size): 128
最大训练轮数(max_epochs): 30
随机数种子: 88
模型代号(model_code): FD004_B
模型结构(model_structure): encoderdecoder
消融预设(ablation_preset): B - Path graph + GAT + EncoderDecoder-LSTM without AOF
学习率: 0.002
学习率调度器: step
Step步长(step_size): 10
Step衰减系数(gamma): 0.1
空间GAT: 开启
是否使用解码器LSTM: 是
是否使用AOF: 否
Decoder注意力隐层维度: 28
图构建模式(graph_mode): path
GAT层数(num_layers): 2
GAT邻居数(topk): 7
GAT嵌入维度: 8
GAT隐藏层维度: 8
------------------------------
Epoch: 1, Loss: 26.3329, Rmse_valid: 21.9276, valid_score: 104400.0, , rmse_test: 25.4454, score_test: 16198.6, Learning rate:0.00200000
Epoch: 2, Loss: 22.1989, Rmse_valid: 19.5360, valid_score: 54516.7, , rmse_test: 21.7375, score_test: 3894.4, Learning rate:0.00200000
Epoch: 3, Loss: 20.3892, Rmse_valid: 19.0453, valid_score: 39418.8, , rmse_test: 21.5700, score_test: 2464.1, Learning rate:0.00200000
Epoch: 4, Loss: 19.4270, Rmse_valid: 17.9814, valid_score: 50723.6, , rmse_test: 19.6079, score_test: 3439.3, Learning rate:0.00200000
Epoch: 5, Loss: 18.6796, Rmse_valid: 18.0828, valid_score: 45033.8, , rmse_test: 19.3752, score_test: 3136.0, Learning rate:0.00200000
Epoch: 6, Loss: 17.9425, Rmse_valid: 19.8195, valid_score: 116801.3, , rmse_test: 19.4288, score_test: 2874.6, Learning rate:0.00200000
Epoch: 7, Loss: 17.4554, Rmse_valid: 16.3173, valid_score: 32696.4, , rmse_test: 18.7264, score_test: 3168.1, Learning rate:0.00200000
Epoch: 8, Loss: 17.0372, Rmse_valid: 17.2852, valid_score: 37798.5, , rmse_test: 18.1459, score_test: 2112.5, Learning rate:0.00200000
Epoch: 9, Loss: 16.8224, Rmse_valid: 16.3595, valid_score: 38859.1, , rmse_test: 17.6756, score_test: 1825.5, Learning rate:0.00200000
Epoch: 10, Loss: 16.7277, Rmse_valid: 17.8115, valid_score: 66252.4, , rmse_test: 19.4984, score_test: 3695.2, Learning rate:0.00200000
Epoch: 11, Loss: 14.9536, Rmse_valid: 15.8569, valid_score: 45079.8, , rmse_test: 17.6573, score_test: 2298.4, Learning rate:0.00020000
Epoch: 12, Loss: 14.7434, Rmse_valid: 16.1278, valid_score: 56439.3, , rmse_test: 17.3461, score_test: 2084.6, Learning rate:0.00020000
Epoch: 13, Loss: 14.6374, Rmse_valid: 16.4680, valid_score: 62517.1, , rmse_test: 17.5598, score_test: 2203.4, Learning rate:0.00020000
Epoch: 14, Loss: 14.5739, Rmse_valid: 16.1195, valid_score: 56066.7, , rmse_test: 17.3596, score_test: 1981.6, Learning rate:0.00020000
Epoch: 15, Loss: 14.5269, Rmse_valid: 16.4128, valid_score: 68295.7, , rmse_test: 17.5706, score_test: 2129.7, Learning rate:0.00020000
Epoch: 16, Loss: 14.4733, Rmse_valid: 16.1288, valid_score: 60885.9, , rmse_test: 17.2556, score_test: 1904.0, Learning rate:0.00020000
Epoch: 17, Loss: 14.4519, Rmse_valid: 16.3190, valid_score: 68583.6, , rmse_test: 17.0156, score_test: 1840.8, Learning rate:0.00020000
Epoch: 18, Loss: 14.4091, Rmse_valid: 16.5799, valid_score: 73442.3, , rmse_test: 17.2114, score_test: 1884.2, Learning rate:0.00020000
Epoch: 19, Loss: 14.3766, Rmse_valid: 15.9776, valid_score: 63329.8, , rmse_test: 17.3189, score_test: 1922.3, Learning rate:0.00020000
Epoch: 20, Loss: 14.3429, Rmse_valid: 16.0754, valid_score: 66448.9, , rmse_test: 17.4504, score_test: 1993.9, Learning rate:0.00020000
Epoch: 21, Loss: 14.2077, Rmse_valid: 16.2187, valid_score: 72867.8, , rmse_test: 17.3738, score_test: 2043.1, Learning rate:0.00002000
Epoch: 22, Loss: 14.1959, Rmse_valid: 16.3769, valid_score: 72453.4, , rmse_test: 17.2747, score_test: 1959.1, Learning rate:0.00002000
Epoch: 23, Loss: 14.1915, Rmse_valid: 16.1914, valid_score: 70047.1, , rmse_test: 17.3132, score_test: 1951.0, Learning rate:0.00002000
Epoch: 24, Loss: 14.1836, Rmse_valid: 16.5905, valid_score: 71790.5, , rmse_test: 17.1553, score_test: 1853.0, Learning rate:0.00002000
Epoch: 25, Loss: 14.1820, Rmse_valid: 16.4338, valid_score: 73275.0, , rmse_test: 17.2912, score_test: 1991.2, Learning rate:0.00002000
Epoch: 26, Loss: 14.1770, Rmse_valid: 16.4055, valid_score: 71793.4, , rmse_test: 17.3242, score_test: 1951.9, Learning rate:0.00002000
Epoch: 27, Loss: 14.1758, Rmse_valid: 16.2046, valid_score: 71663.1, , rmse_test: 17.2895, score_test: 1941.6, Learning rate:0.00002000
Epoch: 28, Loss: 14.1702, Rmse_valid: 16.3946, valid_score: 74077.2, , rmse_test: 17.3415, score_test: 2020.0, Learning rate:0.00002000
Epoch: 29, Loss: 14.1643, Rmse_valid: 16.2461, valid_score: 72469.6, , rmse_test: 17.3525, score_test: 2013.5, Learning rate:0.00002000
Epoch: 30, Loss: 14.1603, Rmse_valid: 16.4013, valid_score: 73434.6, , rmse_test: 17.3105, score_test: 1982.0, Learning rate:0.00002000
[Train Summary] Restored best model from epoch 11, rmse_valid: 15.8569, valid_score: 45079.8, rmse_test: 17.6573, score_test: 2298.4
[Train Time] start: 2026-04-20 11:58:48, end: 2026-04-20 12:04:02, duration: 0:05:14, total_seconds: 314.19
[Auto Test] command: /usr/bin/python /CMAPSS-release/scipt/test_model.py --sub-dataset FD004 --smooth-rate 40 --sequence-len 30 --feature-num 14 --dataset-root /CMAPSS-release/CMAPSSData/ --max-rul 125 --batch-size 128 --model-path /CMAPSS-release/logs/FD004_FD004_B/seed88/model_FD004_0420_115848_seed88.pkl
model_path:/CMAPSS-release/logs/FD004_FD004_B/seed88/model_FD004_0420_115848_seed88.pkl
rmse_final:17.572546005249023, score:2229.211669921875
