-----FD001-----
关键参数:
序列长度: 30
批大小(batch_size): 128
最大训练轮数(max_epochs): 30
随机数种子: 88
模型代号(model_code): A_g_dropout0.3
模型结构(model_structure): encoderdecoder
消融预设(ablation_preset): A - KNN graph + GAT-LSTM with encoder and decoder (AOF off)
学习率: 0.002
学习率调度器: step
Step步长(step_size): 10
Step衰减系数(gamma): 0.1
空间GAT: 开启
是否使用解码器LSTM: 是
是否使用AOF: 否
Decoder注意力隐层维度: 28
图构建模式(graph_mode): dynamic_knn
GAT层数(num_layers): 2
GAT邻居数(topk): 7
GAT嵌入维度: 8
GAT隐藏层维度: 8
------------------------------
Epoch: 1, Loss: 25.8633, Rmse_valid: 21.0144, valid_score: 15700.0, , rmse_test: 22.8338, score_test: 17055.3, Learning rate:0.00200000
Epoch: 2, Loss: 19.8118, Rmse_valid: 18.0083, valid_score: 13727.8, , rmse_test: 22.9066, score_test: 8676.4, Learning rate:0.00200000
Epoch: 3, Loss: 18.5546, Rmse_valid: 18.8173, valid_score: 9121.5, , rmse_test: 17.9819, score_test: 852.0, Learning rate:0.00200000
Epoch: 4, Loss: 17.0735, Rmse_valid: 18.2142, valid_score: 19387.8, , rmse_test: 22.3474, score_test: 1998.0, Learning rate:0.00200000
Epoch: 5, Loss: 14.7358, Rmse_valid: 14.2802, valid_score: 6408.9, , rmse_test: 14.9542, score_test: 378.2, Learning rate:0.00200000
Epoch: 6, Loss: 13.1268, Rmse_valid: 11.0547, valid_score: 3466.0, , rmse_test: 13.7995, score_test: 325.3, Learning rate:0.00200000
Epoch: 7, Loss: 12.6819, Rmse_valid: 12.1901, valid_score: 3471.2, , rmse_test: 13.3595, score_test: 250.2, Learning rate:0.00200000
Epoch: 8, Loss: 12.1882, Rmse_valid: 12.6125, valid_score: 3668.6, , rmse_test: 14.2282, score_test: 347.2, Learning rate:0.00200000
Epoch: 9, Loss: 11.9147, Rmse_valid: 13.7611, valid_score: 6674.4, , rmse_test: 16.6554, score_test: 518.1, Learning rate:0.00200000
Epoch: 10, Loss: 11.6225, Rmse_valid: 10.9098, valid_score: 3538.3, , rmse_test: 14.4947, score_test: 496.9, Learning rate:0.00200000
Epoch: 11, Loss: 10.4239, Rmse_valid: 9.9780, valid_score: 3139.3, , rmse_test: 13.4684, score_test: 358.4, Learning rate:0.00020000
Epoch: 12, Loss: 10.2881, Rmse_valid: 9.9930, valid_score: 2927.3, , rmse_test: 13.4077, score_test: 342.3, Learning rate:0.00020000
Epoch: 13, Loss: 10.2315, Rmse_valid: 10.5948, valid_score: 3410.3, , rmse_test: 13.3177, score_test: 315.5, Learning rate:0.00020000
Epoch: 14, Loss: 10.1660, Rmse_valid: 10.0652, valid_score: 2964.2, , rmse_test: 13.3685, score_test: 340.9, Learning rate:0.00020000
Epoch: 15, Loss: 10.1086, Rmse_valid: 9.8860, valid_score: 3174.0, , rmse_test: 13.2717, score_test: 329.7, Learning rate:0.00020000
Epoch: 16, Loss: 10.0517, Rmse_valid: 10.0975, valid_score: 2992.3, , rmse_test: 13.3355, score_test: 346.7, Learning rate:0.00020000
Epoch: 17, Loss: 10.0304, Rmse_valid: 10.8763, valid_score: 4181.2, , rmse_test: 14.3096, score_test: 449.9, Learning rate:0.00020000
Epoch: 18, Loss: 9.9750, Rmse_valid: 10.0903, valid_score: 3196.6, , rmse_test: 13.3993, score_test: 359.1, Learning rate:0.00020000
Epoch: 19, Loss: 9.9305, Rmse_valid: 10.1478, valid_score: 3046.9, , rmse_test: 13.1270, score_test: 323.3, Learning rate:0.00020000
Epoch: 20, Loss: 9.8973, Rmse_valid: 10.1774, valid_score: 3093.2, , rmse_test: 13.2348, score_test: 346.7, Learning rate:0.00020000
Epoch: 21, Loss: 9.8250, Rmse_valid: 10.4788, valid_score: 3256.9, , rmse_test: 13.3437, score_test: 351.6, Learning rate:0.00002000
Epoch: 22, Loss: 9.8029, Rmse_valid: 10.2033, valid_score: 3197.7, , rmse_test: 13.2578, score_test: 342.7, Learning rate:0.00002000
Epoch: 23, Loss: 9.7988, Rmse_valid: 10.0203, valid_score: 3270.5, , rmse_test: 13.2809, score_test: 343.1, Learning rate:0.00002000
Epoch: 24, Loss: 9.7903, Rmse_valid: 10.2543, valid_score: 3141.2, , rmse_test: 13.1401, score_test: 326.6, Learning rate:0.00002000
Epoch: 25, Loss: 9.7882, Rmse_valid: 10.4227, valid_score: 3234.2, , rmse_test: 13.2354, score_test: 339.4, Learning rate:0.00002000
Epoch: 26, Loss: 9.7805, Rmse_valid: 10.0952, valid_score: 3155.1, , rmse_test: 13.1984, score_test: 334.5, Learning rate:0.00002000
Epoch: 27, Loss: 9.7847, Rmse_valid: 10.0780, valid_score: 3189.8, , rmse_test: 13.2547, score_test: 342.1, Learning rate:0.00002000
Epoch: 28, Loss: 9.7710, Rmse_valid: 10.1159, valid_score: 3199.7, , rmse_test: 13.1985, score_test: 334.4, Learning rate:0.00002000
Epoch: 29, Loss: 9.7741, Rmse_valid: 10.2502, valid_score: 3257.8, , rmse_test: 13.2536, score_test: 341.9, Learning rate:0.00002000
Epoch: 30, Loss: 9.7695, Rmse_valid: 10.2755, valid_score: 3144.1, , rmse_test: 13.1243, score_test: 327.6, Learning rate:0.00002000
[Train Summary] Restored best model from epoch 15, rmse_valid: 9.8860, valid_score: 3174.0, rmse_test: 13.2717, score_test: 329.7
[Train Time] start: 2026-04-24 18:16:04, end: 2026-04-24 18:23:16, duration: 0:07:12, total_seconds: 432.20
[Auto Test] command: /usr/bin/python /CMAPSS-release/scipt/test_model.py --sub-dataset FD001 --smooth-rate 30 --sequence-len 30 --feature-num 14 --dataset-root /CMAPSS-release/CMAPSSData/ --max-rul 125 --batch-size 128 --model-path /CMAPSS-release/logs/FD001_A_g_dropout0.3/seed88/model_FD001_0424_181604_seed88.pkl --no-cuda
model_path:/CMAPSS-release/logs/FD001_A_g_dropout0.3/seed88/model_FD001_0424_181604_seed88.pkl
rmse_final:13.234803199768066, score:322.1914978027344
