-----FD003-----
关键参数:
序列长度: 30
批大小(batch_size): 128
最大训练轮数(max_epochs): 30
随机数种子: 27
模型代号(model_code): FD003_B_BC_20260422_054641
模型结构(model_structure): encoderdecoder
消融预设(ablation_preset): B - Full-connected graph + GAT-LSTM with encoder and decoder (AOF off)
学习率: 0.002
学习率调度器: step
Step步长(step_size): 10
Step衰减系数(gamma): 0.1
空间GAT: 开启
是否使用解码器LSTM: 是
是否使用AOF: 否
Decoder注意力隐层维度: 28
图构建模式(graph_mode): dynamic_knn
GAT层数(num_layers): 2
GAT邻居数(topk): 14
GAT嵌入维度: 8
GAT隐藏层维度: 8
------------------------------
Epoch: 1, Loss: 23.7977, Rmse_valid: 18.7686, valid_score: 30947.2, , rmse_test: 25.9371, score_test: 6012.1, Learning rate:0.00200000
Epoch: 2, Loss: 19.9456, Rmse_valid: 17.4588, valid_score: 26185.8, , rmse_test: 26.4868, score_test: 6591.2, Learning rate:0.00200000
Epoch: 3, Loss: 19.0826, Rmse_valid: 16.3634, valid_score: 27939.8, , rmse_test: 26.2563, score_test: 5726.4, Learning rate:0.00200000
Epoch: 4, Loss: 16.9336, Rmse_valid: 15.4908, valid_score: 10856.6, , rmse_test: 17.6226, score_test: 1270.0, Learning rate:0.00200000
Epoch: 5, Loss: 14.0051, Rmse_valid: 12.9092, valid_score: 6325.2, , rmse_test: 16.3312, score_test: 911.3, Learning rate:0.00200000
Epoch: 6, Loss: 12.4920, Rmse_valid: 11.1968, valid_score: 6234.7, , rmse_test: 15.5028, score_test: 1077.9, Learning rate:0.00200000
Epoch: 7, Loss: 12.1882, Rmse_valid: 11.9055, valid_score: 6663.6, , rmse_test: 15.6821, score_test: 1309.7, Learning rate:0.00200000
Epoch: 8, Loss: 11.5618, Rmse_valid: 11.1614, valid_score: 10047.4, , rmse_test: 17.2170, score_test: 1686.2, Learning rate:0.00200000
Epoch: 9, Loss: 11.3051, Rmse_valid: 14.2999, valid_score: 6696.1, , rmse_test: 15.6034, score_test: 846.6, Learning rate:0.00200000
Epoch: 10, Loss: 11.1758, Rmse_valid: 10.6486, valid_score: 7593.9, , rmse_test: 15.9517, score_test: 1465.8, Learning rate:0.00200000
Epoch: 11, Loss: 9.8577, Rmse_valid: 10.5819, valid_score: 6732.6, , rmse_test: 15.6305, score_test: 1389.5, Learning rate:0.00020000
Epoch: 12, Loss: 9.7338, Rmse_valid: 10.2224, valid_score: 6534.0, , rmse_test: 15.6280, score_test: 1357.8, Learning rate:0.00020000
Epoch: 13, Loss: 9.6520, Rmse_valid: 10.2099, valid_score: 6501.0, , rmse_test: 15.5292, score_test: 1259.1, Learning rate:0.00020000
Epoch: 14, Loss: 9.5736, Rmse_valid: 10.3605, valid_score: 6482.0, , rmse_test: 15.5170, score_test: 1278.7, Learning rate:0.00020000
Epoch: 15, Loss: 9.4885, Rmse_valid: 10.2306, valid_score: 5870.0, , rmse_test: 15.3391, score_test: 1224.2, Learning rate:0.00020000
Epoch: 16, Loss: 9.4165, Rmse_valid: 10.3050, valid_score: 6526.7, , rmse_test: 15.6919, score_test: 1378.1, Learning rate:0.00020000
Epoch: 17, Loss: 9.3534, Rmse_valid: 10.2453, valid_score: 5848.7, , rmse_test: 15.4426, score_test: 1262.1, Learning rate:0.00020000
Epoch: 18, Loss: 9.2928, Rmse_valid: 10.0342, valid_score: 6186.3, , rmse_test: 15.5504, score_test: 1316.0, Learning rate:0.00020000
Epoch: 19, Loss: 9.2377, Rmse_valid: 10.2850, valid_score: 5592.1, , rmse_test: 15.2066, score_test: 1122.9, Learning rate:0.00020000
Epoch: 20, Loss: 9.1800, Rmse_valid: 10.0472, valid_score: 5673.8, , rmse_test: 15.3919, score_test: 1289.0, Learning rate:0.00020000
Epoch: 21, Loss: 9.0950, Rmse_valid: 9.9311, valid_score: 6071.7, , rmse_test: 15.4642, score_test: 1219.9, Learning rate:0.00002000
Epoch: 22, Loss: 9.0792, Rmse_valid: 9.9239, valid_score: 5979.0, , rmse_test: 15.4100, score_test: 1188.9, Learning rate:0.00002000
Epoch: 23, Loss: 9.0736, Rmse_valid: 9.9061, valid_score: 6107.6, , rmse_test: 15.4733, score_test: 1220.2, Learning rate:0.00002000
Epoch: 24, Loss: 9.0682, Rmse_valid: 9.9835, valid_score: 6065.3, , rmse_test: 15.4363, score_test: 1192.1, Learning rate:0.00002000
Epoch: 25, Loss: 9.0598, Rmse_valid: 9.8807, valid_score: 6111.2, , rmse_test: 15.4496, score_test: 1179.5, Learning rate:0.00002000
Epoch: 26, Loss: 9.0559, Rmse_valid: 9.9452, valid_score: 6207.1, , rmse_test: 15.4935, score_test: 1205.3, Learning rate:0.00002000
Epoch: 27, Loss: 9.0496, Rmse_valid: 10.0455, valid_score: 6116.8, , rmse_test: 15.4449, score_test: 1180.7, Learning rate:0.00002000
Epoch: 28, Loss: 9.0450, Rmse_valid: 9.9805, valid_score: 6149.4, , rmse_test: 15.4721, score_test: 1187.5, Learning rate:0.00002000
Epoch: 29, Loss: 9.0374, Rmse_valid: 9.8492, valid_score: 6060.4, , rmse_test: 15.4450, score_test: 1193.7, Learning rate:0.00002000
Epoch: 30, Loss: 9.0330, Rmse_valid: 9.9551, valid_score: 6059.1, , rmse_test: 15.4606, score_test: 1208.7, Learning rate:0.00002000
[Train Summary] Restored best model from epoch 29, rmse_valid: 9.8492, valid_score: 6060.4, rmse_test: 15.4450, score_test: 1193.7
[Train Time] start: 2026-04-22 08:19:00, end: 2026-04-22 08:21:00, duration: 0:02:00, total_seconds: 120.03
[Auto Test] command: /usr/bin/python /CMAPSS-release/scipt/test_model.py --sub-dataset FD003 --smooth-rate 40 --sequence-len 30 --feature-num 14 --dataset-root /CMAPSS-release/CMAPSSData/ --max-rul 125 --batch-size 128 --model-path /CMAPSS-release/logs/FD003_FD003_B_BC_20260422_054641/seed27/model_FD003_0422_081900_seed27.pkl
model_path:/CMAPSS-release/logs/FD003_FD003_B_BC_20260422_054641/seed27/model_FD003_0422_081900_seed27.pkl
rmse_final:15.340143203735352, score:1145.8985595703125
