-----FD001-----
关键参数:
序列长度: 30
批大小(batch_size): 128
最大训练轮数(max_epochs): 30
随机数种子: 97
模型代号(model_code): FD001_B
模型结构(model_structure): encoderdecoder
消融预设(ablation_preset): B - Path graph + GAT + EncoderDecoder-LSTM without AOF
学习率: 0.002
学习率调度器: step
Step步长(step_size): 10
Step衰减系数(gamma): 0.1
空间GAT: 开启
是否使用解码器LSTM: 是
是否使用AOF: 否
Decoder注意力隐层维度: 28
图构建模式(graph_mode): path
GAT层数(num_layers): 2
GAT邻居数(topk): 7
GAT嵌入维度: 8
GAT隐藏层维度: 8
------------------------------
Epoch: 1, Loss: 29.6111, Rmse_valid: 21.0367, valid_score: 30540.2, , rmse_test: 26.3364, score_test: 31384.0, Learning rate:0.00200000
Epoch: 2, Loss: 20.4021, Rmse_valid: 17.9447, valid_score: 7827.4, , rmse_test: 19.7791, score_test: 4439.3, Learning rate:0.00200000
Epoch: 3, Loss: 17.4261, Rmse_valid: 15.2195, valid_score: 7366.6, , rmse_test: 17.2888, score_test: 463.8, Learning rate:0.00200000
Epoch: 4, Loss: 14.2846, Rmse_valid: 14.4580, valid_score: 7652.7, , rmse_test: 15.9618, score_test: 531.6, Learning rate:0.00200000
Epoch: 5, Loss: 13.2751, Rmse_valid: 12.4697, valid_score: 4101.9, , rmse_test: 14.5892, score_test: 288.4, Learning rate:0.00200000
Epoch: 6, Loss: 12.5143, Rmse_valid: 11.9102, valid_score: 4487.9, , rmse_test: 14.2533, score_test: 351.4, Learning rate:0.00200000
Epoch: 7, Loss: 12.1656, Rmse_valid: 12.4911, valid_score: 4980.6, , rmse_test: 13.8351, score_test: 317.2, Learning rate:0.00200000
Epoch: 8, Loss: 12.0552, Rmse_valid: 12.6179, valid_score: 4110.5, , rmse_test: 14.4036, score_test: 294.0, Learning rate:0.00200000
Epoch: 9, Loss: 11.7445, Rmse_valid: 13.4252, valid_score: 6245.5, , rmse_test: 16.0413, score_test: 546.9, Learning rate:0.00200000
Epoch: 10, Loss: 11.5802, Rmse_valid: 12.0485, valid_score: 4918.0, , rmse_test: 14.6042, score_test: 341.7, Learning rate:0.00200000
Epoch: 11, Loss: 10.0967, Rmse_valid: 11.3428, valid_score: 3888.4, , rmse_test: 14.3883, score_test: 334.6, Learning rate:0.00020000
Epoch: 12, Loss: 9.9084, Rmse_valid: 11.5411, valid_score: 4402.8, , rmse_test: 14.7726, score_test: 379.1, Learning rate:0.00020000
Epoch: 13, Loss: 9.8098, Rmse_valid: 12.1353, valid_score: 4701.3, , rmse_test: 14.7485, score_test: 380.4, Learning rate:0.00020000
Epoch: 14, Loss: 9.7236, Rmse_valid: 11.6096, valid_score: 4392.3, , rmse_test: 14.8164, score_test: 381.1, Learning rate:0.00020000
Epoch: 15, Loss: 9.6466, Rmse_valid: 11.6695, valid_score: 4614.2, , rmse_test: 14.7935, score_test: 381.0, Learning rate:0.00020000
Epoch: 16, Loss: 9.5803, Rmse_valid: 11.6923, valid_score: 4472.7, , rmse_test: 14.9078, score_test: 388.1, Learning rate:0.00020000
Epoch: 17, Loss: 9.5331, Rmse_valid: 11.6637, valid_score: 4173.9, , rmse_test: 14.8195, score_test: 360.3, Learning rate:0.00020000
Epoch: 18, Loss: 9.4773, Rmse_valid: 12.3829, valid_score: 5640.6, , rmse_test: 15.5534, score_test: 483.5, Learning rate:0.00020000
Epoch: 19, Loss: 9.4201, Rmse_valid: 11.7219, valid_score: 4142.4, , rmse_test: 14.9151, score_test: 370.6, Learning rate:0.00020000
Epoch: 20, Loss: 9.3662, Rmse_valid: 12.2647, valid_score: 5231.3, , rmse_test: 15.3533, score_test: 463.4, Learning rate:0.00020000
Epoch: 21, Loss: 9.2725, Rmse_valid: 11.7120, valid_score: 4431.4, , rmse_test: 15.0436, score_test: 399.1, Learning rate:0.00002000
Epoch: 22, Loss: 9.2590, Rmse_valid: 12.3735, valid_score: 4584.8, , rmse_test: 15.0723, score_test: 406.1, Learning rate:0.00002000
Epoch: 23, Loss: 9.2527, Rmse_valid: 11.8652, valid_score: 4534.8, , rmse_test: 15.0293, score_test: 398.7, Learning rate:0.00002000
Epoch: 24, Loss: 9.2536, Rmse_valid: 12.2108, valid_score: 4657.2, , rmse_test: 15.1095, score_test: 409.2, Learning rate:0.00002000
Epoch: 25, Loss: 9.2388, Rmse_valid: 11.6739, valid_score: 4628.7, , rmse_test: 15.0800, score_test: 404.1, Learning rate:0.00002000
Epoch: 26, Loss: 9.2328, Rmse_valid: 11.5928, valid_score: 4442.3, , rmse_test: 15.0340, score_test: 393.5, Learning rate:0.00002000
Epoch: 27, Loss: 9.2365, Rmse_valid: 11.8585, valid_score: 4515.0, , rmse_test: 15.0581, score_test: 398.5, Learning rate:0.00002000
Epoch: 28, Loss: 9.2240, Rmse_valid: 11.8421, valid_score: 4441.7, , rmse_test: 15.0104, score_test: 391.6, Learning rate:0.00002000
Epoch: 29, Loss: 9.2185, Rmse_valid: 11.6671, valid_score: 4638.1, , rmse_test: 15.1216, score_test: 410.7, Learning rate:0.00002000
Epoch: 30, Loss: 9.2148, Rmse_valid: 11.6250, valid_score: 4584.2, , rmse_test: 15.0838, score_test: 402.5, Learning rate:0.00002000
[Train Summary] Restored best model from epoch 11, rmse_valid: 11.3428, valid_score: 3888.4, rmse_test: 14.3883, score_test: 334.6
[Train Time] start: 2026-04-20 01:05:22, end: 2026-04-20 01:07:25, duration: 0:02:03, total_seconds: 123.36
[Auto Test] command: /usr/bin/python /CMAPSS-release/scipt/test_model.py --sub-dataset FD001 --smooth-rate 40 --sequence-len 30 --feature-num 14 --dataset-root /CMAPSS-release/CMAPSSData/ --max-rul 125 --batch-size 128 --model-path /CMAPSS-release/logs/FD001_FD001_B/seed97/model_FD001_0420_010522_seed97.pkl
model_path:/CMAPSS-release/logs/FD001_FD001_B/seed97/model_FD001_0420_010522_seed97.pkl
rmse_final:14.318519592285156, score:327.37554931640625
