-----FD001-----
关键参数:
序列长度: 30
批大小(batch_size): 128
最大训练轮数(max_epochs): 30
随机数种子: 2
模型代号(model_code): gat_MB_edlstm
模型结构(model_structure): lstm_mamba_attention
学习率: 0.002
学习率调度器: step
Step步长(step_size): 10
Step衰减系数(gamma): 0.1
use_gat: True
gat_hidden_dim: 8
编码器: LSTM
GAT后/编码器前处理: 2层Mamba block
encoder_hidden_size: 8
mamba_num_layers: 2
mamba_d_state: 16
decoder_attention_size: 28
------------------------------
Epoch: 1, Loss: 25.4112, Rmse_valid: 15.6219, valid_score: 8402.8, , rmse_test: 15.1949, score_test: 479.5, Learning rate:0.00200000
Epoch: 2, Loss: 13.9704, Rmse_valid: 14.5237, valid_score: 6248.3, , rmse_test: 16.2450, score_test: 426.6, Learning rate:0.00200000
Epoch: 3, Loss: 12.4118, Rmse_valid: 11.5287, valid_score: 3814.3, , rmse_test: 14.1446, score_test: 351.1, Learning rate:0.00200000
Epoch: 4, Loss: 11.7870, Rmse_valid: 12.2711, valid_score: 3573.1, , rmse_test: 15.2132, score_test: 353.5, Learning rate:0.00200000
Epoch: 5, Loss: 11.3364, Rmse_valid: 12.3798, valid_score: 4319.5, , rmse_test: 15.6361, score_test: 352.4, Learning rate:0.00200000
Epoch: 6, Loss: 10.9420, Rmse_valid: 11.7621, valid_score: 5042.2, , rmse_test: 16.3612, score_test: 456.6, Learning rate:0.00200000
Epoch: 7, Loss: 10.9890, Rmse_valid: 13.4007, valid_score: 7602.8, , rmse_test: 16.7378, score_test: 745.9, Learning rate:0.00200000
Epoch: 8, Loss: 10.5435, Rmse_valid: 11.9840, valid_score: 6104.7, , rmse_test: 16.3213, score_test: 531.7, Learning rate:0.00200000
Epoch: 9, Loss: 10.1920, Rmse_valid: 12.9942, valid_score: 6339.3, , rmse_test: 15.8986, score_test: 580.9, Learning rate:0.00200000
Epoch: 10, Loss: 10.1168, Rmse_valid: 13.3415, valid_score: 8733.8, , rmse_test: 17.1791, score_test: 869.4, Learning rate:0.00200000
Epoch: 11, Loss: 8.7542, Rmse_valid: 12.0367, valid_score: 6544.3, , rmse_test: 15.3749, score_test: 458.1, Learning rate:0.00020000
Epoch: 12, Loss: 8.5093, Rmse_valid: 12.4662, valid_score: 6964.3, , rmse_test: 15.4901, score_test: 467.5, Learning rate:0.00020000
Epoch: 13, Loss: 8.4306, Rmse_valid: 12.0630, valid_score: 7108.1, , rmse_test: 15.4623, score_test: 447.4, Learning rate:0.00020000
Epoch: 14, Loss: 8.4025, Rmse_valid: 11.9649, valid_score: 7214.3, , rmse_test: 15.6875, score_test: 464.9, Learning rate:0.00020000
Epoch: 15, Loss: 8.2724, Rmse_valid: 12.2209, valid_score: 6810.6, , rmse_test: 15.3315, score_test: 414.5, Learning rate:0.00020000
Epoch: 16, Loss: 8.2073, Rmse_valid: 12.5391, valid_score: 7181.7, , rmse_test: 15.5129, score_test: 446.4, Learning rate:0.00020000
Epoch: 17, Loss: 8.1328, Rmse_valid: 12.3661, valid_score: 7323.7, , rmse_test: 15.5744, score_test: 455.6, Learning rate:0.00020000
Epoch: 18, Loss: 8.0919, Rmse_valid: 13.4163, valid_score: 7607.8, , rmse_test: 15.5180, score_test: 453.8, Learning rate:0.00020000
Epoch: 19, Loss: 7.9718, Rmse_valid: 12.8522, valid_score: 7261.2, , rmse_test: 15.2728, score_test: 419.0, Learning rate:0.00020000
Epoch: 20, Loss: 7.9208, Rmse_valid: 13.0100, valid_score: 8316.7, , rmse_test: 15.7676, score_test: 506.0, Learning rate:0.00020000
Epoch: 21, Loss: 7.7885, Rmse_valid: 12.8219, valid_score: 7611.1, , rmse_test: 15.5695, score_test: 457.9, Learning rate:0.00002000
Epoch: 22, Loss: 7.7351, Rmse_valid: 13.0144, valid_score: 7754.6, , rmse_test: 15.6046, score_test: 465.9, Learning rate:0.00002000
Epoch: 23, Loss: 7.7865, Rmse_valid: 13.8606, valid_score: 7697.2, , rmse_test: 15.6163, score_test: 462.0, Learning rate:0.00002000
Epoch: 24, Loss: 7.7443, Rmse_valid: 13.0611, valid_score: 7736.0, , rmse_test: 15.6371, score_test: 467.9, Learning rate:0.00002000
Epoch: 25, Loss: 7.7309, Rmse_valid: 13.0544, valid_score: 7834.7, , rmse_test: 15.6718, score_test: 477.3, Learning rate:0.00002000
Epoch: 26, Loss: 7.7191, Rmse_valid: 13.3958, valid_score: 7643.0, , rmse_test: 15.6128, score_test: 461.8, Learning rate:0.00002000
Epoch: 27, Loss: 7.7238, Rmse_valid: 12.7980, valid_score: 7660.9, , rmse_test: 15.5875, score_test: 457.9, Learning rate:0.00002000
Epoch: 28, Loss: 7.6906, Rmse_valid: 12.8688, valid_score: 7641.8, , rmse_test: 15.6103, score_test: 458.7, Learning rate:0.00002000
Epoch: 29, Loss: 7.7066, Rmse_valid: 13.3554, valid_score: 7862.1, , rmse_test: 15.6173, score_test: 465.4, Learning rate:0.00002000
Epoch: 30, Loss: 7.6697, Rmse_valid: 13.2308, valid_score: 7827.3, , rmse_test: 15.6267, score_test: 467.5, Learning rate:0.00002000
[Train Summary] Restored best model from epoch 3, rmse_valid: 11.5287, valid_score: 3814.3, rmse_test: 14.1446, score_test: 351.1
[Train Time] start: 2026-07-03 09:40:02, end: 2026-07-03 09:41:37, duration: 0:01:35, total_seconds: 94.76
[Auto Test] command: /usr/local/miniconda3/envs/HV/bin/python /Mamba_Rul/test_GAT_mamba_EDLSTM/test_model.py --sub-dataset FD001 --smooth-rate 30 --sequence-len 30 --feature-num 14 --dataset-root /Mamba_Rul/CMAPSSData/ --max-rul 125 --batch-size 128 --model-path /Mamba_Rul/logs/FD001_gat_MB_edlstm/seed2/model_FD001_0703_094002_seed2.pkl
model_path:/Mamba_Rul/logs/FD001_gat_MB_edlstm/seed2/model_FD001_0703_094002_seed2.pkl
rmse_final:14.083678245544434, score:341.5926818847656
