-----FD004-----
关键参数:
序列长度: 30
批大小(batch_size): 128
最大训练轮数(max_epochs): 30
随机数种子: 51
模型代号(model_code): FD004_C
模型结构(model_structure): encoderdecoder
消融预设(ablation_preset): C - Path graph + GAT + Encoder-only LSTM (no decoder, no AOF)
学习率: 0.002
学习率调度器: step
Step步长(step_size): 10
Step衰减系数(gamma): 0.1
空间GAT: 开启
是否使用解码器LSTM: 否
是否使用AOF: 否
图构建模式(graph_mode): path
GAT层数(num_layers): 2
GAT邻居数(topk): 7
GAT嵌入维度: 8
GAT隐藏层维度: 8
------------------------------
Epoch: 1, Loss: 28.5387, Rmse_valid: 22.1165, valid_score: 96048.9, , rmse_test: 26.0793, score_test: 11846.1, Learning rate:0.00200000
Epoch: 2, Loss: 23.0674, Rmse_valid: 20.9527, valid_score: 62725.8, , rmse_test: 24.8498, score_test: 7821.0, Learning rate:0.00200000
Epoch: 3, Loss: 22.4780, Rmse_valid: 21.5736, valid_score: 62300.5, , rmse_test: 26.1482, score_test: 11571.3, Learning rate:0.00200000
Epoch: 4, Loss: 22.2795, Rmse_valid: 21.0184, valid_score: 50628.5, , rmse_test: 23.6690, score_test: 4455.6, Learning rate:0.00200000
Epoch: 5, Loss: 22.0464, Rmse_valid: 20.5241, valid_score: 46491.8, , rmse_test: 23.9790, score_test: 5004.0, Learning rate:0.00200000
Epoch: 6, Loss: 21.9271, Rmse_valid: 21.0291, valid_score: 77573.4, , rmse_test: 24.6447, score_test: 9718.8, Learning rate:0.00200000
Epoch: 7, Loss: 21.5636, Rmse_valid: 20.2764, valid_score: 64283.1, , rmse_test: 23.3937, score_test: 6327.5, Learning rate:0.00200000
Epoch: 8, Loss: 21.2400, Rmse_valid: 20.1405, valid_score: 63141.8, , rmse_test: 23.3247, score_test: 6552.8, Learning rate:0.00200000
Epoch: 9, Loss: 21.2278, Rmse_valid: 20.9627, valid_score: 63509.5, , rmse_test: 23.6058, score_test: 6797.0, Learning rate:0.00200000
Epoch: 10, Loss: 21.1285, Rmse_valid: 21.3307, valid_score: 73424.7, , rmse_test: 23.8953, score_test: 7672.6, Learning rate:0.00200000
Epoch: 11, Loss: 21.0718, Rmse_valid: 20.2868, valid_score: 60341.9, , rmse_test: 22.6270, score_test: 5586.8, Learning rate:0.00020000
Epoch: 12, Loss: 20.5468, Rmse_valid: 19.9705, valid_score: 56955.4, , rmse_test: 21.8113, score_test: 4458.1, Learning rate:0.00020000
Epoch: 13, Loss: 20.1913, Rmse_valid: 20.2393, valid_score: 66367.9, , rmse_test: 21.7634, score_test: 4608.6, Learning rate:0.00020000
Epoch: 14, Loss: 20.0330, Rmse_valid: 19.8052, valid_score: 59854.9, , rmse_test: 22.1503, score_test: 4535.9, Learning rate:0.00020000
Epoch: 15, Loss: 19.8836, Rmse_valid: 19.7439, valid_score: 54709.6, , rmse_test: 21.5950, score_test: 4243.3, Learning rate:0.00020000
Epoch: 16, Loss: 19.8373, Rmse_valid: 19.6889, valid_score: 53011.4, , rmse_test: 21.9898, score_test: 4354.9, Learning rate:0.00020000
Epoch: 17, Loss: 19.7463, Rmse_valid: 19.8072, valid_score: 57573.1, , rmse_test: 21.8554, score_test: 4702.0, Learning rate:0.00020000
Epoch: 18, Loss: 19.8430, Rmse_valid: 19.8167, valid_score: 60993.6, , rmse_test: 21.5851, score_test: 4411.0, Learning rate:0.00020000
Epoch: 19, Loss: 19.7531, Rmse_valid: 20.0384, valid_score: 65095.0, , rmse_test: 21.6226, score_test: 4682.5, Learning rate:0.00020000
Epoch: 20, Loss: 19.8074, Rmse_valid: 20.1029, valid_score: 64918.8, , rmse_test: 21.7100, score_test: 4631.8, Learning rate:0.00020000
Epoch: 21, Loss: 19.7549, Rmse_valid: 20.0911, valid_score: 61842.0, , rmse_test: 21.6830, score_test: 4484.8, Learning rate:0.00002000
Epoch: 22, Loss: 19.7384, Rmse_valid: 20.0136, valid_score: 62100.6, , rmse_test: 21.6015, score_test: 4406.3, Learning rate:0.00002000
Epoch: 23, Loss: 19.6911, Rmse_valid: 19.9412, valid_score: 60854.8, , rmse_test: 21.6553, score_test: 4488.2, Learning rate:0.00002000
Epoch: 24, Loss: 19.6811, Rmse_valid: 20.0107, valid_score: 61294.4, , rmse_test: 21.6510, score_test: 4406.2, Learning rate:0.00002000
Epoch: 25, Loss: 19.6518, Rmse_valid: 19.8963, valid_score: 60427.0, , rmse_test: 21.6129, score_test: 4365.1, Learning rate:0.00002000
Epoch: 26, Loss: 19.6367, Rmse_valid: 19.9075, valid_score: 60122.7, , rmse_test: 21.6836, score_test: 4432.2, Learning rate:0.00002000
Epoch: 27, Loss: 19.6177, Rmse_valid: 19.9616, valid_score: 61475.5, , rmse_test: 21.6957, score_test: 4468.1, Learning rate:0.00002000
Epoch: 28, Loss: 19.6172, Rmse_valid: 19.9290, valid_score: 62725.2, , rmse_test: 21.7050, score_test: 4546.4, Learning rate:0.00002000
Epoch: 29, Loss: 19.5921, Rmse_valid: 19.9471, valid_score: 61667.7, , rmse_test: 21.6735, score_test: 4493.3, Learning rate:0.00002000
Epoch: 30, Loss: 19.5938, Rmse_valid: 19.9856, valid_score: 61786.7, , rmse_test: 21.6888, score_test: 4513.3, Learning rate:0.00002000
[Train Summary] Restored best model from epoch 16, rmse_valid: 19.6889, valid_score: 53011.4, rmse_test: 21.9898, score_test: 4354.9
[Train Time] start: 2026-04-20 12:42:17, end: 2026-04-20 12:47:40, duration: 0:05:23, total_seconds: 323.22
[Auto Test] command: /usr/bin/python /CMAPSS-release/scipt/test_model.py --sub-dataset FD004 --smooth-rate 40 --sequence-len 30 --feature-num 14 --dataset-root /CMAPSS-release/CMAPSSData/ --max-rul 125 --batch-size 128 --model-path /CMAPSS-release/logs/FD004_FD004_C/seed51/model_FD004_0420_124217_seed51.pkl
model_path:/CMAPSS-release/logs/FD004_FD004_C/seed51/model_FD004_0420_124217_seed51.pkl
rmse_final:21.88920021057129, score:4144.48876953125
