-----FD003-----
关键参数:
序列长度: 30
批大小(batch_size): 128
最大训练轮数(max_epochs): 30
随机数种子: 17
模型代号(model_code): gat_MB_edlstm
模型结构(model_structure): lstm_mamba_attention
学习率: 0.002
学习率调度器: step
Step步长(step_size): 10
Step衰减系数(gamma): 0.1
use_gat: True
gat_hidden_dim: 8
编码器: LSTM
GAT后/编码器前处理: 2层Mamba block
encoder_hidden_size: 8
mamba_num_layers: 2
mamba_d_state: 16
decoder_attention_size: 28
------------------------------
Epoch: 1, Loss: 25.0155, Rmse_valid: 19.7225, valid_score: 21418.0, , rmse_test: 21.8350, score_test: 2133.9, Learning rate:0.00200000
Epoch: 2, Loss: 17.4470, Rmse_valid: 12.3893, valid_score: 5517.7, , rmse_test: 16.1527, score_test: 1190.3, Learning rate:0.00200000
Epoch: 3, Loss: 13.2445, Rmse_valid: 9.9497, valid_score: 4637.9, , rmse_test: 15.0339, score_test: 1019.0, Learning rate:0.00200000
Epoch: 4, Loss: 11.7755, Rmse_valid: 9.2363, valid_score: 5150.1, , rmse_test: 14.6602, score_test: 558.4, Learning rate:0.00200000
Epoch: 5, Loss: 11.0685, Rmse_valid: 9.5990, valid_score: 4823.4, , rmse_test: 13.3168, score_test: 350.4, Learning rate:0.00200000
Epoch: 6, Loss: 10.5198, Rmse_valid: 10.2880, valid_score: 4786.6, , rmse_test: 12.3130, score_test: 262.0, Learning rate:0.00200000
Epoch: 7, Loss: 10.1535, Rmse_valid: 9.0196, valid_score: 4847.7, , rmse_test: 13.0566, score_test: 416.5, Learning rate:0.00200000
Epoch: 8, Loss: 9.7298, Rmse_valid: 12.7195, valid_score: 5946.0, , rmse_test: 13.3115, score_test: 322.0, Learning rate:0.00200000
Epoch: 9, Loss: 9.4512, Rmse_valid: 10.2185, valid_score: 6566.8, , rmse_test: 14.8460, score_test: 693.5, Learning rate:0.00200000
Epoch: 10, Loss: 9.0356, Rmse_valid: 9.4921, valid_score: 6582.0, , rmse_test: 13.3465, score_test: 440.4, Learning rate:0.00200000
Epoch: 11, Loss: 7.6061, Rmse_valid: 9.5177, valid_score: 6037.6, , rmse_test: 12.5122, score_test: 332.0, Learning rate:0.00020000
Epoch: 12, Loss: 7.3705, Rmse_valid: 9.7292, valid_score: 6856.1, , rmse_test: 12.9980, score_test: 415.1, Learning rate:0.00020000
Epoch: 13, Loss: 7.2407, Rmse_valid: 9.9374, valid_score: 6573.6, , rmse_test: 12.6333, score_test: 345.6, Learning rate:0.00020000
Epoch: 14, Loss: 7.1017, Rmse_valid: 10.0507, valid_score: 6970.0, , rmse_test: 12.7700, score_test: 353.4, Learning rate:0.00020000
Epoch: 15, Loss: 7.0043, Rmse_valid: 9.9833, valid_score: 7440.0, , rmse_test: 13.0705, score_test: 403.3, Learning rate:0.00020000
Epoch: 16, Loss: 6.9066, Rmse_valid: 10.3234, valid_score: 7254.9, , rmse_test: 13.1044, score_test: 362.1, Learning rate:0.00020000
Epoch: 17, Loss: 6.8081, Rmse_valid: 10.1801, valid_score: 7825.9, , rmse_test: 13.3808, score_test: 403.3, Learning rate:0.00020000
Epoch: 18, Loss: 6.6949, Rmse_valid: 10.4081, valid_score: 7345.6, , rmse_test: 13.1782, score_test: 347.7, Learning rate:0.00020000
Epoch: 19, Loss: 6.5946, Rmse_valid: 10.4098, valid_score: 8006.5, , rmse_test: 13.1208, score_test: 347.7, Learning rate:0.00020000
Epoch: 20, Loss: 6.5310, Rmse_valid: 10.7500, valid_score: 8384.6, , rmse_test: 13.2475, score_test: 370.9, Learning rate:0.00020000
Epoch: 21, Loss: 6.3596, Rmse_valid: 10.6871, valid_score: 8379.5, , rmse_test: 13.1657, score_test: 365.2, Learning rate:0.00002000
Epoch: 22, Loss: 6.3628, Rmse_valid: 10.5809, valid_score: 8374.9, , rmse_test: 13.2669, score_test: 381.1, Learning rate:0.00002000
Epoch: 23, Loss: 6.3401, Rmse_valid: 10.7990, valid_score: 8308.4, , rmse_test: 13.1939, score_test: 361.3, Learning rate:0.00002000
Epoch: 24, Loss: 6.3376, Rmse_valid: 10.7821, valid_score: 8310.5, , rmse_test: 13.1989, score_test: 357.2, Learning rate:0.00002000
Epoch: 25, Loss: 6.3097, Rmse_valid: 10.7926, valid_score: 8300.2, , rmse_test: 13.1601, score_test: 352.5, Learning rate:0.00002000
Epoch: 26, Loss: 6.3129, Rmse_valid: 10.8374, valid_score: 8331.9, , rmse_test: 13.2428, score_test: 359.6, Learning rate:0.00002000
Epoch: 27, Loss: 6.3027, Rmse_valid: 10.6581, valid_score: 8335.6, , rmse_test: 13.2387, score_test: 364.1, Learning rate:0.00002000
Epoch: 28, Loss: 6.2910, Rmse_valid: 10.7461, valid_score: 8338.6, , rmse_test: 13.1745, score_test: 353.7, Learning rate:0.00002000
Epoch: 29, Loss: 6.2801, Rmse_valid: 10.8593, valid_score: 8553.4, , rmse_test: 13.3075, score_test: 369.8, Learning rate:0.00002000
Epoch: 30, Loss: 6.2873, Rmse_valid: 10.7403, valid_score: 8419.8, , rmse_test: 13.2405, score_test: 355.2, Learning rate:0.00002000
[Train Summary] Restored best model from epoch 7, rmse_valid: 9.0196, valid_score: 4847.7, rmse_test: 13.0566, score_test: 416.5
[Train Time] start: 2026-07-03 09:55:30, end: 2026-07-03 09:57:20, duration: 0:01:49, total_seconds: 109.48
[Auto Test] command: /usr/local/miniconda3/envs/HV/bin/python /Mamba_Rul/test_GAT_mamba_EDLSTM/test_model.py --sub-dataset FD003 --smooth-rate 30 --sequence-len 30 --feature-num 14 --dataset-root /Mamba_Rul/CMAPSSData/ --max-rul 125 --batch-size 128 --model-path /Mamba_Rul/logs/FD003_gat_MB_edlstm/seed17/model_FD003_0703_095530_seed17.pkl
model_path:/Mamba_Rul/logs/FD003_gat_MB_edlstm/seed17/model_FD003_0703_095530_seed17.pkl
rmse_final:12.983065605163574, score:396.09918212890625
