-----FD001-----
关键参数:
序列长度: 30
批大小(batch_size): 128
最大训练轮数(max_epochs): 30
随机数种子: 51
模型代号(model_code): A_g_dropout0.3
模型结构(model_structure): encoderdecoder
消融预设(ablation_preset): A - KNN graph + GAT-LSTM with encoder and decoder (AOF off)
学习率: 0.002
学习率调度器: step
Step步长(step_size): 10
Step衰减系数(gamma): 0.1
空间GAT: 开启
是否使用解码器LSTM: 是
是否使用AOF: 否
Decoder注意力隐层维度: 28
图构建模式(graph_mode): dynamic_knn
GAT层数(num_layers): 2
GAT邻居数(topk): 7
GAT嵌入维度: 8
GAT隐藏层维度: 8
------------------------------
Epoch: 1, Loss: 23.3673, Rmse_valid: 17.2783, valid_score: 10459.2, , rmse_test: 21.2175, score_test: 2245.0, Learning rate:0.00200000
Epoch: 2, Loss: 18.3265, Rmse_valid: 16.5628, valid_score: 6939.5, , rmse_test: 16.6946, score_test: 564.0, Learning rate:0.00200000
Epoch: 3, Loss: 16.2140, Rmse_valid: 17.0957, valid_score: 14457.1, , rmse_test: 17.6670, score_test: 597.3, Learning rate:0.00200000
Epoch: 4, Loss: 14.6045, Rmse_valid: 12.9798, valid_score: 4765.2, , rmse_test: 15.4500, score_test: 472.5, Learning rate:0.00200000
Epoch: 5, Loss: 13.6445, Rmse_valid: 12.8708, valid_score: 4825.3, , rmse_test: 13.9340, score_test: 334.1, Learning rate:0.00200000
Epoch: 6, Loss: 13.1375, Rmse_valid: 15.9782, valid_score: 10541.7, , rmse_test: 17.5127, score_test: 656.7, Learning rate:0.00200000
Epoch: 7, Loss: 12.5411, Rmse_valid: 12.2588, valid_score: 4233.0, , rmse_test: 13.8164, score_test: 301.4, Learning rate:0.00200000
Epoch: 8, Loss: 12.4374, Rmse_valid: 12.1083, valid_score: 4401.0, , rmse_test: 13.4874, score_test: 330.6, Learning rate:0.00200000
Epoch: 9, Loss: 12.0034, Rmse_valid: 14.8470, valid_score: 11826.1, , rmse_test: 18.1345, score_test: 980.3, Learning rate:0.00200000
Epoch: 10, Loss: 11.7406, Rmse_valid: 12.9800, valid_score: 4316.4, , rmse_test: 13.7010, score_test: 269.3, Learning rate:0.00200000
Epoch: 11, Loss: 10.6355, Rmse_valid: 12.0189, valid_score: 4664.6, , rmse_test: 13.5698, score_test: 333.3, Learning rate:0.00020000
Epoch: 12, Loss: 10.4478, Rmse_valid: 12.0866, valid_score: 4514.9, , rmse_test: 13.4951, score_test: 311.0, Learning rate:0.00020000
Epoch: 13, Loss: 10.3526, Rmse_valid: 11.7949, valid_score: 4699.7, , rmse_test: 13.7235, score_test: 334.6, Learning rate:0.00020000
Epoch: 14, Loss: 10.3034, Rmse_valid: 11.7723, valid_score: 4948.3, , rmse_test: 13.7406, score_test: 354.9, Learning rate:0.00020000
Epoch: 15, Loss: 10.2401, Rmse_valid: 12.2088, valid_score: 4782.4, , rmse_test: 13.5465, score_test: 326.1, Learning rate:0.00020000
Epoch: 16, Loss: 10.1956, Rmse_valid: 11.9902, valid_score: 5095.9, , rmse_test: 13.7109, score_test: 344.8, Learning rate:0.00020000
Epoch: 17, Loss: 10.1531, Rmse_valid: 12.0266, valid_score: 5308.1, , rmse_test: 13.7168, score_test: 345.7, Learning rate:0.00020000
Epoch: 18, Loss: 10.1099, Rmse_valid: 11.6580, valid_score: 4911.8, , rmse_test: 13.5175, score_test: 320.4, Learning rate:0.00020000
Epoch: 19, Loss: 10.0394, Rmse_valid: 11.3028, valid_score: 4761.0, , rmse_test: 13.4644, score_test: 310.3, Learning rate:0.00020000
Epoch: 20, Loss: 10.0210, Rmse_valid: 11.8793, valid_score: 5121.0, , rmse_test: 13.6539, score_test: 324.8, Learning rate:0.00020000
Epoch: 21, Loss: 9.9447, Rmse_valid: 11.6558, valid_score: 4770.7, , rmse_test: 13.5019, score_test: 307.1, Learning rate:0.00002000
Epoch: 22, Loss: 9.9324, Rmse_valid: 11.7751, valid_score: 4855.5, , rmse_test: 13.5358, score_test: 312.9, Learning rate:0.00002000
Epoch: 23, Loss: 9.9484, Rmse_valid: 11.5782, valid_score: 4807.7, , rmse_test: 13.4826, score_test: 308.7, Learning rate:0.00002000
Epoch: 24, Loss: 9.9001, Rmse_valid: 11.7713, valid_score: 4837.4, , rmse_test: 13.5648, score_test: 314.8, Learning rate:0.00002000
Epoch: 25, Loss: 9.9094, Rmse_valid: 11.8325, valid_score: 4746.1, , rmse_test: 13.5380, score_test: 307.9, Learning rate:0.00002000
Epoch: 26, Loss: 9.8916, Rmse_valid: 11.4058, valid_score: 4756.7, , rmse_test: 13.5135, score_test: 308.3, Learning rate:0.00002000
Epoch: 27, Loss: 9.8836, Rmse_valid: 11.9424, valid_score: 4756.6, , rmse_test: 13.5110, score_test: 306.8, Learning rate:0.00002000
Epoch: 28, Loss: 9.8903, Rmse_valid: 11.2650, valid_score: 4819.4, , rmse_test: 13.5175, score_test: 309.8, Learning rate:0.00002000
Epoch: 29, Loss: 9.8914, Rmse_valid: 12.3196, valid_score: 4821.0, , rmse_test: 13.5525, score_test: 311.6, Learning rate:0.00002000
Epoch: 30, Loss: 9.9093, Rmse_valid: 11.6301, valid_score: 4861.8, , rmse_test: 13.5583, score_test: 312.6, Learning rate:0.00002000
[Train Summary] Restored best model from epoch 28, rmse_valid: 11.2650, valid_score: 4819.4, rmse_test: 13.5175, score_test: 309.8
[Train Time] start: 2026-04-24 17:54:03, end: 2026-04-24 18:01:13, duration: 0:07:09, total_seconds: 429.41
[Auto Test] command: /usr/bin/python /CMAPSS-release/scipt/test_model.py --sub-dataset FD001 --smooth-rate 30 --sequence-len 30 --feature-num 14 --dataset-root /CMAPSS-release/CMAPSSData/ --max-rul 125 --batch-size 128 --model-path /CMAPSS-release/logs/FD001_A_g_dropout0.3/seed51/model_FD001_0424_175403_seed51.pkl --no-cuda
model_path:/CMAPSS-release/logs/FD001_A_g_dropout0.3/seed51/model_FD001_0424_175403_seed51.pkl
rmse_final:13.378340721130371, score:296.5086364746094
