-----FD004-----
关键参数:
序列长度: 30
批大小(batch_size): 128
最大训练轮数(max_epochs): 30
随机数种子: 17
模型代号(model_code): FD004_D
模型结构(model_structure): encoderdecoder
消融预设(ablation_preset): D - KNN graph + GAT + EncoderDecoder-LSTM with AOF
学习率: 0.002
学习率调度器: step
Step步长(step_size): 10
Step衰减系数(gamma): 0.1
空间GAT: 开启
是否使用解码器LSTM: 是
是否使用AOF: 是
Decoder注意力隐层维度: 28
Decoder融合方式: concat
图构建模式(graph_mode): dynamic_knn
GAT层数(num_layers): 2
GAT邻居数(topk): 7
GAT嵌入维度: 8
GAT隐藏层维度: 8
------------------------------
Epoch: 1, Loss: 27.3861, Rmse_valid: 22.5188, valid_score: 112593.9, , rmse_test: 25.1730, score_test: 12652.6, Learning rate:0.00200000
Epoch: 2, Loss: 21.4628, Rmse_valid: 21.4521, valid_score: 113607.0, , rmse_test: 23.7941, score_test: 8668.9, Learning rate:0.00200000
Epoch: 3, Loss: 19.7871, Rmse_valid: 19.4781, valid_score: 72163.1, , rmse_test: 20.5290, score_test: 3847.8, Learning rate:0.00200000
Epoch: 4, Loss: 18.8759, Rmse_valid: 18.9110, valid_score: 52919.5, , rmse_test: 19.3649, score_test: 3154.4, Learning rate:0.00200000
Epoch: 5, Loss: 18.1558, Rmse_valid: 16.4284, valid_score: 32483.1, , rmse_test: 18.9074, score_test: 2623.4, Learning rate:0.00200000
Epoch: 6, Loss: 17.5810, Rmse_valid: 20.1453, valid_score: 105449.5, , rmse_test: 22.1382, score_test: 6471.7, Learning rate:0.00200000
Epoch: 7, Loss: 17.1972, Rmse_valid: 16.3688, valid_score: 40947.7, , rmse_test: 18.6717, score_test: 2211.3, Learning rate:0.00200000
Epoch: 8, Loss: 16.8201, Rmse_valid: 17.5618, valid_score: 51496.4, , rmse_test: 19.4697, score_test: 4222.7, Learning rate:0.00200000
Epoch: 9, Loss: 16.4743, Rmse_valid: 19.3481, valid_score: 99586.2, , rmse_test: 19.4793, score_test: 3098.2, Learning rate:0.00200000
Epoch: 10, Loss: 16.1947, Rmse_valid: 17.7037, valid_score: 59513.2, , rmse_test: 18.7826, score_test: 2809.8, Learning rate:0.00200000
Epoch: 11, Loss: 14.3959, Rmse_valid: 16.4426, valid_score: 48622.3, , rmse_test: 17.3925, score_test: 1930.2, Learning rate:0.00020000
Epoch: 12, Loss: 14.2127, Rmse_valid: 16.1666, valid_score: 47984.6, , rmse_test: 17.7562, score_test: 2253.0, Learning rate:0.00020000
Epoch: 13, Loss: 14.1221, Rmse_valid: 16.5093, valid_score: 48131.1, , rmse_test: 17.3448, score_test: 1785.6, Learning rate:0.00020000
Epoch: 14, Loss: 14.0558, Rmse_valid: 16.5537, valid_score: 50556.4, , rmse_test: 17.4416, score_test: 1887.1, Learning rate:0.00020000
Epoch: 15, Loss: 14.0050, Rmse_valid: 16.5892, valid_score: 54226.7, , rmse_test: 17.5230, score_test: 2057.4, Learning rate:0.00020000
Epoch: 16, Loss: 13.9393, Rmse_valid: 16.4906, valid_score: 51014.3, , rmse_test: 17.3599, score_test: 1881.2, Learning rate:0.00020000
Epoch: 17, Loss: 13.8922, Rmse_valid: 16.7366, valid_score: 57102.9, , rmse_test: 17.4356, score_test: 1994.4, Learning rate:0.00020000
Epoch: 18, Loss: 13.8326, Rmse_valid: 16.7136, valid_score: 63445.3, , rmse_test: 17.6333, score_test: 2227.5, Learning rate:0.00020000
Epoch: 19, Loss: 13.7850, Rmse_valid: 16.7956, valid_score: 59383.3, , rmse_test: 17.4022, score_test: 2013.5, Learning rate:0.00020000
Epoch: 20, Loss: 13.7532, Rmse_valid: 16.7362, valid_score: 54058.5, , rmse_test: 17.6480, score_test: 2278.0, Learning rate:0.00020000
Epoch: 21, Loss: 13.6067, Rmse_valid: 16.4916, valid_score: 53976.9, , rmse_test: 17.3658, score_test: 2003.7, Learning rate:0.00002000
Epoch: 22, Loss: 13.5909, Rmse_valid: 16.5199, valid_score: 55679.3, , rmse_test: 17.3515, score_test: 2000.9, Learning rate:0.00002000
Epoch: 23, Loss: 13.5829, Rmse_valid: 16.4685, valid_score: 53890.5, , rmse_test: 17.3830, score_test: 2001.9, Learning rate:0.00002000
Epoch: 24, Loss: 13.5805, Rmse_valid: 16.5631, valid_score: 54239.7, , rmse_test: 17.3932, score_test: 2043.9, Learning rate:0.00002000
Epoch: 25, Loss: 13.5738, Rmse_valid: 16.6411, valid_score: 56749.1, , rmse_test: 17.4410, score_test: 2091.1, Learning rate:0.00002000
Epoch: 26, Loss: 13.5699, Rmse_valid: 16.4447, valid_score: 53220.1, , rmse_test: 17.4204, score_test: 1988.6, Learning rate:0.00002000
Epoch: 27, Loss: 13.5644, Rmse_valid: 16.5293, valid_score: 55165.0, , rmse_test: 17.3302, score_test: 2000.7, Learning rate:0.00002000
Epoch: 28, Loss: 13.5614, Rmse_valid: 16.5906, valid_score: 53856.8, , rmse_test: 17.3172, score_test: 1931.1, Learning rate:0.00002000
Epoch: 29, Loss: 13.5528, Rmse_valid: 16.5183, valid_score: 53494.0, , rmse_test: 17.3301, score_test: 1922.0, Learning rate:0.00002000
Epoch: 30, Loss: 13.5496, Rmse_valid: 16.3778, valid_score: 53334.2, , rmse_test: 17.4362, score_test: 2013.7, Learning rate:0.00002000
[Train Summary] Restored best model from epoch 12, rmse_valid: 16.1666, valid_score: 47984.6, rmse_test: 17.7562, score_test: 2253.0
[Train Time] start: 2026-04-20 13:20:28, end: 2026-04-20 13:25:13, duration: 0:04:45, total_seconds: 284.77
[Auto Test] command: /usr/bin/python /CMAPSS-release/scipt/test_model.py --sub-dataset FD004 --smooth-rate 40 --sequence-len 30 --feature-num 14 --dataset-root /CMAPSS-release/CMAPSSData/ --max-rul 125 --batch-size 128 --model-path /CMAPSS-release/logs/FD004_FD004_D/seed17/model_FD004_0420_132028_seed17.pkl
model_path:/CMAPSS-release/logs/FD004_FD004_D/seed17/model_FD004_0420_132028_seed17.pkl
rmse_final:17.65313148498535, score:2173.38525390625
