-----FD002-----
关键参数:
序列长度: 30
批大小(batch_size): 128
最大训练轮数(max_epochs): 30
随机数种子: 33
模型代号(model_code): FD002_C
模型结构(model_structure): encoderdecoder
消融预设(ablation_preset): C - Path graph + GAT + Encoder-only LSTM (no decoder, no AOF)
学习率: 0.002
学习率调度器: step
Step步长(step_size): 10
Step衰减系数(gamma): 0.1
空间GAT: 开启
是否使用解码器LSTM: 否
是否使用AOF: 否
图构建模式(graph_mode): path
GAT层数(num_layers): 2
GAT邻居数(topk): 7
GAT嵌入维度: 8
GAT隐藏层维度: 8
------------------------------
Epoch: 1, Loss: 27.2088, Rmse_valid: 23.7138, valid_score: 156494.2, , rmse_test: 23.0471, score_test: 11493.0, Learning rate:0.00200000
Epoch: 2, Loss: 23.4351, Rmse_valid: 22.5206, valid_score: 93120.9, , rmse_test: 22.2475, score_test: 4705.0, Learning rate:0.00200000
Epoch: 3, Loss: 22.8939, Rmse_valid: 21.8888, valid_score: 116495.9, , rmse_test: 21.9645, score_test: 7144.1, Learning rate:0.00200000
Epoch: 4, Loss: 21.9501, Rmse_valid: 21.3635, valid_score: 101911.5, , rmse_test: 19.3149, score_test: 2479.1, Learning rate:0.00200000
Epoch: 5, Loss: 19.7991, Rmse_valid: 20.1394, valid_score: 39602.7, , rmse_test: 17.7499, score_test: 1144.7, Learning rate:0.00200000
Epoch: 6, Loss: 18.0770, Rmse_valid: 19.7841, valid_score: 62082.0, , rmse_test: 17.3520, score_test: 1967.5, Learning rate:0.00200000
Epoch: 7, Loss: 17.4394, Rmse_valid: 19.7417, valid_score: 45282.3, , rmse_test: 16.3728, score_test: 1401.3, Learning rate:0.00200000
Epoch: 8, Loss: 16.7867, Rmse_valid: 17.9534, valid_score: 61945.0, , rmse_test: 14.9491, score_test: 1188.1, Learning rate:0.00200000
Epoch: 9, Loss: 16.3719, Rmse_valid: 17.9259, valid_score: 55076.4, , rmse_test: 15.4659, score_test: 1738.9, Learning rate:0.00200000
Epoch: 10, Loss: 16.1425, Rmse_valid: 17.1874, valid_score: 52722.4, , rmse_test: 14.7889, score_test: 1255.1, Learning rate:0.00200000
Epoch: 11, Loss: 14.1976, Rmse_valid: 16.4251, valid_score: 46105.8, , rmse_test: 13.5577, score_test: 869.3, Learning rate:0.00020000
Epoch: 12, Loss: 13.9244, Rmse_valid: 16.6164, valid_score: 45954.5, , rmse_test: 13.6593, score_test: 878.0, Learning rate:0.00020000
Epoch: 13, Loss: 13.8069, Rmse_valid: 16.8727, valid_score: 43791.3, , rmse_test: 13.6806, score_test: 814.4, Learning rate:0.00020000
Epoch: 14, Loss: 13.7082, Rmse_valid: 16.5220, valid_score: 47140.5, , rmse_test: 13.7944, score_test: 916.9, Learning rate:0.00020000
Epoch: 15, Loss: 13.6246, Rmse_valid: 16.3315, valid_score: 48401.7, , rmse_test: 13.6281, score_test: 869.8, Learning rate:0.00020000
Epoch: 16, Loss: 13.5687, Rmse_valid: 16.1390, valid_score: 43984.7, , rmse_test: 13.6398, score_test: 885.0, Learning rate:0.00020000
Epoch: 17, Loss: 13.4839, Rmse_valid: 16.3024, valid_score: 42234.7, , rmse_test: 13.6453, score_test: 947.0, Learning rate:0.00020000
Epoch: 18, Loss: 13.4270, Rmse_valid: 16.4061, valid_score: 44321.1, , rmse_test: 13.6675, score_test: 934.5, Learning rate:0.00020000
Epoch: 19, Loss: 13.3788, Rmse_valid: 16.1042, valid_score: 42801.9, , rmse_test: 13.4857, score_test: 949.5, Learning rate:0.00020000
Epoch: 20, Loss: 13.3298, Rmse_valid: 16.4229, valid_score: 40417.4, , rmse_test: 13.5401, score_test: 877.5, Learning rate:0.00020000
Epoch: 21, Loss: 13.1729, Rmse_valid: 16.1176, valid_score: 41285.1, , rmse_test: 13.4471, score_test: 893.5, Learning rate:0.00002000
Epoch: 22, Loss: 13.1535, Rmse_valid: 15.9390, valid_score: 40960.3, , rmse_test: 13.4801, score_test: 918.2, Learning rate:0.00002000
Epoch: 23, Loss: 13.1486, Rmse_valid: 16.0339, valid_score: 41753.1, , rmse_test: 13.4849, score_test: 904.5, Learning rate:0.00002000
Epoch: 24, Loss: 13.1381, Rmse_valid: 16.1494, valid_score: 41572.1, , rmse_test: 13.3641, score_test: 840.7, Learning rate:0.00002000
Epoch: 25, Loss: 13.1318, Rmse_valid: 16.1270, valid_score: 41493.4, , rmse_test: 13.4103, score_test: 868.3, Learning rate:0.00002000
Epoch: 26, Loss: 13.1299, Rmse_valid: 16.0684, valid_score: 40809.4, , rmse_test: 13.4380, score_test: 881.6, Learning rate:0.00002000
Epoch: 27, Loss: 13.1210, Rmse_valid: 16.0952, valid_score: 42047.5, , rmse_test: 13.4142, score_test: 877.8, Learning rate:0.00002000
Epoch: 28, Loss: 13.1153, Rmse_valid: 16.1700, valid_score: 40253.9, , rmse_test: 13.3452, score_test: 836.7, Learning rate:0.00002000
Epoch: 29, Loss: 13.1097, Rmse_valid: 15.9623, valid_score: 42999.6, , rmse_test: 13.4815, score_test: 914.7, Learning rate:0.00002000
Epoch: 30, Loss: 13.1036, Rmse_valid: 16.1453, valid_score: 41472.9, , rmse_test: 13.4493, score_test: 877.0, Learning rate:0.00002000
[Train Summary] Restored best model from epoch 22, rmse_valid: 15.9390, valid_score: 40960.3, rmse_test: 13.4801, score_test: 918.2
[Train Time] start: 2026-04-20 05:07:26, end: 2026-04-20 05:11:56, duration: 0:04:30, total_seconds: 270.01
[Auto Test] command: /usr/bin/python /CMAPSS-release/scipt/test_model.py --sub-dataset FD002 --smooth-rate 40 --sequence-len 30 --feature-num 14 --dataset-root /CMAPSS-release/CMAPSSData/ --max-rul 125 --batch-size 128 --model-path /CMAPSS-release/logs/FD002_FD002_C/seed33/model_FD002_0420_050726_seed33.pkl
model_path:/CMAPSS-release/logs/FD002_FD002_C/seed33/model_FD002_0420_050726_seed33.pkl
rmse_final:13.422450065612793, score:883.2665405273438
