-----FD002-----
关键参数:
序列长度: 30
批大小(batch_size): 128
最大训练轮数(max_epochs): 30
随机数种子: 27
模型代号(model_code): FD002_A
模型结构(model_structure): encoderdecoder
消融预设(ablation_preset): A - Path graph + GAT + EncoderDecoder-LSTM with AOF
学习率: 0.002
学习率调度器: step
Step步长(step_size): 10
Step衰减系数(gamma): 0.1
空间GAT: 开启
是否使用解码器LSTM: 是
是否使用AOF: 是
Decoder注意力隐层维度: 28
Decoder融合方式: concat
图构建模式(graph_mode): path
GAT层数(num_layers): 2
GAT邻居数(topk): 7
GAT嵌入维度: 8
GAT隐藏层维度: 8
------------------------------
Epoch: 1, Loss: 26.3942, Rmse_valid: 24.1949, valid_score: 187900.5, , rmse_test: 21.7720, score_test: 6168.5, Learning rate:0.00200000
Epoch: 2, Loss: 20.1844, Rmse_valid: 19.3251, valid_score: 71936.7, , rmse_test: 16.7878, score_test: 1689.5, Learning rate:0.00200000
Epoch: 3, Loss: 18.2517, Rmse_valid: 20.4581, valid_score: 65133.1, , rmse_test: 17.6031, score_test: 1797.4, Learning rate:0.00200000
Epoch: 4, Loss: 17.4810, Rmse_valid: 19.3650, valid_score: 54210.2, , rmse_test: 16.7444, score_test: 1235.8, Learning rate:0.00200000
Epoch: 5, Loss: 16.7787, Rmse_valid: 18.5801, valid_score: 28130.3, , rmse_test: 15.1354, score_test: 882.3, Learning rate:0.00200000
Epoch: 6, Loss: 16.4134, Rmse_valid: 16.8667, valid_score: 43203.6, , rmse_test: 14.6543, score_test: 1134.3, Learning rate:0.00200000
Epoch: 7, Loss: 15.9208, Rmse_valid: 16.7423, valid_score: 27208.7, , rmse_test: 14.2209, score_test: 830.6, Learning rate:0.00200000
Epoch: 8, Loss: 15.5408, Rmse_valid: 17.7520, valid_score: 41834.1, , rmse_test: 15.6758, score_test: 1308.3, Learning rate:0.00200000
Epoch: 9, Loss: 15.3921, Rmse_valid: 16.2615, valid_score: 36838.4, , rmse_test: 14.0172, score_test: 1104.3, Learning rate:0.00200000
Epoch: 10, Loss: 15.0081, Rmse_valid: 16.9939, valid_score: 46282.6, , rmse_test: 13.4808, score_test: 909.4, Learning rate:0.00200000
Epoch: 11, Loss: 13.2517, Rmse_valid: 16.1182, valid_score: 34636.1, , rmse_test: 13.0810, score_test: 851.7, Learning rate:0.00020000
Epoch: 12, Loss: 13.0814, Rmse_valid: 15.7308, valid_score: 31267.0, , rmse_test: 13.0692, score_test: 863.3, Learning rate:0.00020000
Epoch: 13, Loss: 12.9987, Rmse_valid: 15.8980, valid_score: 31674.5, , rmse_test: 13.4613, score_test: 1016.6, Learning rate:0.00020000
Epoch: 14, Loss: 12.9376, Rmse_valid: 16.0082, valid_score: 34301.9, , rmse_test: 13.1029, score_test: 850.1, Learning rate:0.00020000
Epoch: 15, Loss: 12.8823, Rmse_valid: 15.9044, valid_score: 28570.0, , rmse_test: 13.2469, score_test: 918.6, Learning rate:0.00020000
Epoch: 16, Loss: 12.8361, Rmse_valid: 15.6327, valid_score: 29638.5, , rmse_test: 12.9957, score_test: 844.2, Learning rate:0.00020000
Epoch: 17, Loss: 12.7675, Rmse_valid: 15.7706, valid_score: 34999.8, , rmse_test: 13.2529, score_test: 995.5, Learning rate:0.00020000
Epoch: 18, Loss: 12.7398, Rmse_valid: 15.6894, valid_score: 29230.4, , rmse_test: 12.9918, score_test: 835.5, Learning rate:0.00020000
Epoch: 19, Loss: 12.6836, Rmse_valid: 15.8422, valid_score: 35080.5, , rmse_test: 13.4489, score_test: 1074.3, Learning rate:0.00020000
Epoch: 20, Loss: 12.6298, Rmse_valid: 15.6916, valid_score: 29041.1, , rmse_test: 12.9280, score_test: 856.2, Learning rate:0.00020000
Epoch: 21, Loss: 12.5118, Rmse_valid: 15.6272, valid_score: 31013.9, , rmse_test: 13.0537, score_test: 899.5, Learning rate:0.00002000
Epoch: 22, Loss: 12.4949, Rmse_valid: 15.6594, valid_score: 30191.4, , rmse_test: 13.0486, score_test: 889.7, Learning rate:0.00002000
Epoch: 23, Loss: 12.4885, Rmse_valid: 15.7439, valid_score: 30611.9, , rmse_test: 13.0099, score_test: 873.2, Learning rate:0.00002000
Epoch: 24, Loss: 12.4835, Rmse_valid: 15.7440, valid_score: 30280.8, , rmse_test: 13.0347, score_test: 886.1, Learning rate:0.00002000
Epoch: 25, Loss: 12.4775, Rmse_valid: 15.5891, valid_score: 31113.9, , rmse_test: 13.0696, score_test: 918.0, Learning rate:0.00002000
Epoch: 26, Loss: 12.4730, Rmse_valid: 15.7195, valid_score: 31331.8, , rmse_test: 13.0424, score_test: 904.4, Learning rate:0.00002000
Epoch: 27, Loss: 12.4672, Rmse_valid: 15.6425, valid_score: 30503.4, , rmse_test: 13.0039, score_test: 872.5, Learning rate:0.00002000
Epoch: 28, Loss: 12.4622, Rmse_valid: 15.7677, valid_score: 30552.9, , rmse_test: 13.0543, score_test: 894.7, Learning rate:0.00002000
Epoch: 29, Loss: 12.4561, Rmse_valid: 15.5799, valid_score: 30900.7, , rmse_test: 13.0309, score_test: 896.3, Learning rate:0.00002000
Epoch: 30, Loss: 12.4526, Rmse_valid: 15.8864, valid_score: 31204.0, , rmse_test: 13.0635, score_test: 893.8, Learning rate:0.00002000
[Train Summary] Restored best model from epoch 29, rmse_valid: 15.5799, valid_score: 30900.7, rmse_test: 13.0309, score_test: 896.3
[Train Time] start: 2026-04-20 02:29:42, end: 2026-04-20 02:35:58, duration: 0:06:16, total_seconds: 375.84
[Auto Test] command: /usr/bin/python /CMAPSS-release/scipt/test_model.py --sub-dataset FD002 --smooth-rate 40 --sequence-len 30 --feature-num 14 --dataset-root /CMAPSS-release/CMAPSSData/ --max-rul 125 --batch-size 128 --model-path /CMAPSS-release/logs/FD002_FD002_A/seed27/model_FD002_0420_022942_seed27.pkl
model_path:/CMAPSS-release/logs/FD002_FD002_A/seed27/model_FD002_0420_022942_seed27.pkl
rmse_final:12.992424011230469, score:877.969970703125
