-----FD001-----
关键参数:
序列长度: 30
批大小(batch_size): 128
最大训练轮数(max_epochs): 30
随机数种子: 33
模型代号(model_code): FD001_C
模型结构(model_structure): encoderdecoder
消融预设(ablation_preset): C - Path graph + GAT + Encoder-only LSTM (no decoder, no AOF)
学习率: 0.002
学习率调度器: step
Step步长(step_size): 10
Step衰减系数(gamma): 0.1
空间GAT: 开启
是否使用解码器LSTM: 否
是否使用AOF: 否
图构建模式(graph_mode): path
GAT层数(num_layers): 2
GAT邻居数(topk): 7
GAT嵌入维度: 8
GAT隐藏层维度: 8
------------------------------
Epoch: 1, Loss: 26.6482, Rmse_valid: 19.0311, valid_score: 17842.7, , rmse_test: 24.3019, score_test: 11581.6, Learning rate:0.00200000
Epoch: 2, Loss: 19.9842, Rmse_valid: 19.3098, valid_score: 20188.8, , rmse_test: 23.8519, score_test: 11779.2, Learning rate:0.00200000
Epoch: 3, Loss: 19.0513, Rmse_valid: 17.3390, valid_score: 15527.7, , rmse_test: 21.4661, score_test: 10332.4, Learning rate:0.00200000
Epoch: 4, Loss: 18.1854, Rmse_valid: 17.2000, valid_score: 8979.0, , rmse_test: 18.9294, score_test: 1416.4, Learning rate:0.00200000
Epoch: 5, Loss: 17.0619, Rmse_valid: 17.1994, valid_score: 9362.2, , rmse_test: 18.9680, score_test: 926.2, Learning rate:0.00200000
Epoch: 6, Loss: 15.9016, Rmse_valid: 17.1781, valid_score: 24825.8, , rmse_test: 17.2168, score_test: 461.9, Learning rate:0.00200000
Epoch: 7, Loss: 14.7113, Rmse_valid: 14.7630, valid_score: 13514.3, , rmse_test: 15.7163, score_test: 378.1, Learning rate:0.00200000
Epoch: 8, Loss: 13.7439, Rmse_valid: 13.9293, valid_score: 6197.3, , rmse_test: 13.6503, score_test: 259.1, Learning rate:0.00200000
Epoch: 9, Loss: 13.0968, Rmse_valid: 15.0418, valid_score: 15842.2, , rmse_test: 14.2153, score_test: 323.4, Learning rate:0.00200000
Epoch: 10, Loss: 12.5043, Rmse_valid: 14.0051, valid_score: 9091.0, , rmse_test: 14.5286, score_test: 378.6, Learning rate:0.00200000
Epoch: 11, Loss: 10.7381, Rmse_valid: 13.5295, valid_score: 12166.4, , rmse_test: 14.1068, score_test: 346.9, Learning rate:0.00020000
Epoch: 12, Loss: 10.5127, Rmse_valid: 13.5053, valid_score: 12418.4, , rmse_test: 13.9559, score_test: 306.7, Learning rate:0.00020000
Epoch: 13, Loss: 10.3824, Rmse_valid: 13.7135, valid_score: 14424.9, , rmse_test: 14.7867, score_test: 427.0, Learning rate:0.00020000
Epoch: 14, Loss: 10.2363, Rmse_valid: 14.4208, valid_score: 13966.1, , rmse_test: 15.0380, score_test: 447.7, Learning rate:0.00020000
Epoch: 15, Loss: 10.1315, Rmse_valid: 14.7102, valid_score: 16559.7, , rmse_test: 14.8556, score_test: 395.4, Learning rate:0.00020000
Epoch: 16, Loss: 9.9993, Rmse_valid: 13.7687, valid_score: 16598.0, , rmse_test: 15.0930, score_test: 407.5, Learning rate:0.00020000
Epoch: 17, Loss: 9.8827, Rmse_valid: 14.8469, valid_score: 14937.9, , rmse_test: 15.0616, score_test: 351.6, Learning rate:0.00020000
Epoch: 18, Loss: 9.7766, Rmse_valid: 15.0822, valid_score: 23902.5, , rmse_test: 15.0971, score_test: 441.2, Learning rate:0.00020000
Epoch: 19, Loss: 9.6713, Rmse_valid: 14.5420, valid_score: 22842.1, , rmse_test: 14.9499, score_test: 407.7, Learning rate:0.00020000
Epoch: 20, Loss: 9.5506, Rmse_valid: 13.7777, valid_score: 18923.2, , rmse_test: 15.4760, score_test: 464.9, Learning rate:0.00020000
Epoch: 21, Loss: 9.4150, Rmse_valid: 14.5511, valid_score: 19759.3, , rmse_test: 15.0919, score_test: 417.4, Learning rate:0.00002000
Epoch: 22, Loss: 9.3760, Rmse_valid: 14.3333, valid_score: 19387.7, , rmse_test: 15.1391, score_test: 431.6, Learning rate:0.00002000
Epoch: 23, Loss: 9.3611, Rmse_valid: 14.6662, valid_score: 19464.2, , rmse_test: 15.1922, score_test: 436.0, Learning rate:0.00002000
Epoch: 24, Loss: 9.3528, Rmse_valid: 14.4616, valid_score: 19492.4, , rmse_test: 15.2024, score_test: 438.5, Learning rate:0.00002000
Epoch: 25, Loss: 9.3459, Rmse_valid: 13.8752, valid_score: 18734.2, , rmse_test: 15.2272, score_test: 427.7, Learning rate:0.00002000
Epoch: 26, Loss: 9.3327, Rmse_valid: 13.5370, valid_score: 19902.4, , rmse_test: 15.1382, score_test: 439.6, Learning rate:0.00002000
Epoch: 27, Loss: 9.3216, Rmse_valid: 15.0887, valid_score: 19306.1, , rmse_test: 15.2061, score_test: 432.5, Learning rate:0.00002000
Epoch: 28, Loss: 9.3165, Rmse_valid: 14.0384, valid_score: 19080.0, , rmse_test: 15.2047, score_test: 434.7, Learning rate:0.00002000
Epoch: 29, Loss: 9.2932, Rmse_valid: 14.1992, valid_score: 19659.0, , rmse_test: 15.2244, score_test: 449.6, Learning rate:0.00002000
Epoch: 30, Loss: 9.2909, Rmse_valid: 13.6509, valid_score: 19283.6, , rmse_test: 15.2888, score_test: 456.0, Learning rate:0.00002000
[Train Summary] Restored best model from epoch 12, rmse_valid: 13.5053, valid_score: 12418.4, rmse_test: 13.9559, score_test: 306.7
[Train Time] start: 2026-04-20 01:16:42, end: 2026-04-20 01:18:35, duration: 0:01:53, total_seconds: 112.54
[Auto Test] command: /usr/bin/python /CMAPSS-release/scipt/test_model.py --sub-dataset FD001 --smooth-rate 40 --sequence-len 30 --feature-num 14 --dataset-root /CMAPSS-release/CMAPSSData/ --max-rul 125 --batch-size 128 --model-path /CMAPSS-release/logs/FD001_FD001_C/seed33/model_FD001_0420_011642_seed33.pkl
model_path:/CMAPSS-release/logs/FD001_FD001_C/seed33/model_FD001_0420_011642_seed33.pkl
rmse_final:13.90000057220459, score:297.03125
