-----FD004-----
关键参数:
序列长度: 30
批大小(batch_size): 128
最大训练轮数(max_epochs): 30
随机数种子: 97
模型代号(model_code): FD004_A
模型结构(model_structure): encoderdecoder
消融预设(ablation_preset): A - Path graph + GAT + EncoderDecoder-LSTM with AOF
学习率: 0.002
学习率调度器: step
Step步长(step_size): 10
Step衰减系数(gamma): 0.1
空间GAT: 开启
是否使用解码器LSTM: 是
是否使用AOF: 是
Decoder注意力隐层维度: 28
Decoder融合方式: concat
图构建模式(graph_mode): path
GAT层数(num_layers): 2
GAT邻居数(topk): 7
GAT嵌入维度: 8
GAT隐藏层维度: 8
------------------------------
Epoch: 1, Loss: 26.4856, Rmse_valid: 20.8271, valid_score: 59153.7, , rmse_test: 25.6778, score_test: 9038.4, Learning rate:0.00200000
Epoch: 2, Loss: 21.9354, Rmse_valid: 20.8166, valid_score: 67843.3, , rmse_test: 23.4875, score_test: 5444.9, Learning rate:0.00200000
Epoch: 3, Loss: 20.1995, Rmse_valid: 19.4216, valid_score: 47862.0, , rmse_test: 22.7298, score_test: 3720.2, Learning rate:0.00200000
Epoch: 4, Loss: 19.0589, Rmse_valid: 21.2887, valid_score: 81754.9, , rmse_test: 23.9725, score_test: 3993.0, Learning rate:0.00200000
Epoch: 5, Loss: 18.3428, Rmse_valid: 18.1129, valid_score: 52985.5, , rmse_test: 18.3086, score_test: 2389.9, Learning rate:0.00200000
Epoch: 6, Loss: 17.6988, Rmse_valid: 19.4088, valid_score: 73561.6, , rmse_test: 19.0179, score_test: 3300.8, Learning rate:0.00200000
Epoch: 7, Loss: 17.2076, Rmse_valid: 18.1998, valid_score: 54419.5, , rmse_test: 18.4072, score_test: 2884.9, Learning rate:0.00200000
Epoch: 8, Loss: 16.8236, Rmse_valid: 17.2583, valid_score: 36776.9, , rmse_test: 17.9588, score_test: 2246.2, Learning rate:0.00200000
Epoch: 9, Loss: 16.4837, Rmse_valid: 17.8014, valid_score: 37687.6, , rmse_test: 19.1354, score_test: 2234.2, Learning rate:0.00200000
Epoch: 10, Loss: 16.1897, Rmse_valid: 17.3825, valid_score: 32013.2, , rmse_test: 18.1537, score_test: 1734.2, Learning rate:0.00200000
Epoch: 11, Loss: 14.4080, Rmse_valid: 16.8822, valid_score: 46881.2, , rmse_test: 17.3334, score_test: 1915.8, Learning rate:0.00020000
Epoch: 12, Loss: 14.2210, Rmse_valid: 17.2637, valid_score: 52519.0, , rmse_test: 17.2884, score_test: 1879.0, Learning rate:0.00020000
Epoch: 13, Loss: 14.1154, Rmse_valid: 17.1102, valid_score: 57895.4, , rmse_test: 17.5134, score_test: 1847.2, Learning rate:0.00020000
Epoch: 14, Loss: 14.0282, Rmse_valid: 17.3628, valid_score: 64504.5, , rmse_test: 17.7629, score_test: 2054.4, Learning rate:0.00020000
Epoch: 15, Loss: 13.9611, Rmse_valid: 17.5907, valid_score: 71752.8, , rmse_test: 17.5634, score_test: 1989.9, Learning rate:0.00020000
Epoch: 16, Loss: 13.8958, Rmse_valid: 17.2442, valid_score: 62832.6, , rmse_test: 17.7090, score_test: 1942.7, Learning rate:0.00020000
Epoch: 17, Loss: 13.8487, Rmse_valid: 17.2014, valid_score: 60490.6, , rmse_test: 17.3447, score_test: 1755.1, Learning rate:0.00020000
Epoch: 18, Loss: 13.7669, Rmse_valid: 17.6119, valid_score: 63016.3, , rmse_test: 17.3366, score_test: 1735.4, Learning rate:0.00020000
Epoch: 19, Loss: 13.7271, Rmse_valid: 17.8416, valid_score: 78901.8, , rmse_test: 17.7008, score_test: 2146.1, Learning rate:0.00020000
Epoch: 20, Loss: 13.6639, Rmse_valid: 17.7767, valid_score: 76278.6, , rmse_test: 17.4293, score_test: 2008.8, Learning rate:0.00020000
Epoch: 21, Loss: 13.5293, Rmse_valid: 17.4456, valid_score: 72022.9, , rmse_test: 17.4775, score_test: 1888.9, Learning rate:0.00002000
Epoch: 22, Loss: 13.5006, Rmse_valid: 17.4061, valid_score: 71720.4, , rmse_test: 17.5631, score_test: 1912.1, Learning rate:0.00002000
Epoch: 23, Loss: 13.4901, Rmse_valid: 17.3641, valid_score: 73133.2, , rmse_test: 17.4635, score_test: 1938.9, Learning rate:0.00002000
Epoch: 24, Loss: 13.4870, Rmse_valid: 17.5789, valid_score: 74224.1, , rmse_test: 17.5885, score_test: 1950.7, Learning rate:0.00002000
Epoch: 25, Loss: 13.4779, Rmse_valid: 17.4407, valid_score: 73987.0, , rmse_test: 17.4853, score_test: 1941.0, Learning rate:0.00002000
Epoch: 26, Loss: 13.4722, Rmse_valid: 17.5511, valid_score: 70585.4, , rmse_test: 17.4835, score_test: 1832.8, Learning rate:0.00002000
Epoch: 27, Loss: 13.4648, Rmse_valid: 17.4655, valid_score: 74119.0, , rmse_test: 17.4790, score_test: 1924.2, Learning rate:0.00002000
Epoch: 28, Loss: 13.4622, Rmse_valid: 17.4044, valid_score: 72267.5, , rmse_test: 17.5489, score_test: 1915.7, Learning rate:0.00002000
Epoch: 29, Loss: 13.4507, Rmse_valid: 17.4965, valid_score: 73627.9, , rmse_test: 17.5526, score_test: 1940.4, Learning rate:0.00002000
Epoch: 30, Loss: 13.4485, Rmse_valid: 17.5098, valid_score: 74071.8, , rmse_test: 17.5803, score_test: 1952.6, Learning rate:0.00002000
[Train Summary] Restored best model from epoch 11, rmse_valid: 16.8822, valid_score: 46881.2, rmse_test: 17.3334, score_test: 1915.8
[Train Time] start: 2026-04-20 11:09:07, end: 2026-04-20 11:13:06, duration: 0:04:00, total_seconds: 239.59
[Auto Test] command: /usr/bin/python /CMAPSS-release/scipt/test_model.py --sub-dataset FD004 --smooth-rate 40 --sequence-len 30 --feature-num 14 --dataset-root /CMAPSS-release/CMAPSSData/ --max-rul 125 --batch-size 128 --model-path /CMAPSS-release/logs/FD004_FD004_A/seed97/model_FD004_0420_110907_seed97.pkl
model_path:/CMAPSS-release/logs/FD004_FD004_A/seed97/model_FD004_0420_110907_seed97.pkl
rmse_final:17.258121490478516, score:1846.31005859375
