-----FD003-----
关键参数:
序列长度: 30
批大小(batch_size): 128
最大训练轮数(max_epochs): 30
随机数种子: 88
模型代号(model_code): A_AEF_0FF
模型结构(model_structure): encoderdecoder
消融预设(ablation_preset): A_AEF_0FF - KNN graph + GAT-LSTM with encoder and decoder (AEF off)
学习率: 0.002
学习率调度器: step
Step步长(step_size): 10
Step衰减系数(gamma): 0.1
空间GAT: 开启
是否使用解码器LSTM: 是
是否使用AEF: 否
Decoder注意力隐层维度: 28
图构建模式(graph_mode): dynamic_knn
GAT层数(num_layers): 2
GAT邻居数(topk): 7
GAT嵌入维度: 8
GAT隐藏层维度: 8
------------------------------
Epoch: 1, Loss: 24.7067, Rmse_valid: 22.1554, valid_score: 25295.2, , rmse_test: 22.7199, score_test: 2979.5, Learning rate:0.00200000
Epoch: 2, Loss: 19.4238, Rmse_valid: 16.3926, valid_score: 16958.4, , rmse_test: 23.5349, score_test: 3388.6, Learning rate:0.00200000
Epoch: 3, Loss: 19.0791, Rmse_valid: 17.8547, valid_score: 23293.5, , rmse_test: 24.1577, score_test: 3518.5, Learning rate:0.00200000
Epoch: 4, Loss: 18.8033, Rmse_valid: 16.8522, valid_score: 19509.4, , rmse_test: 23.5101, score_test: 3138.9, Learning rate:0.00200000
Epoch: 5, Loss: 18.5037, Rmse_valid: 18.9166, valid_score: 30463.8, , rmse_test: 25.7383, score_test: 5641.8, Learning rate:0.00200000
Epoch: 6, Loss: 18.0439, Rmse_valid: 16.5060, valid_score: 24122.0, , rmse_test: 24.5904, score_test: 3835.6, Learning rate:0.00200000
Epoch: 7, Loss: 17.6120, Rmse_valid: 16.5365, valid_score: 15127.3, , rmse_test: 21.4817, score_test: 2029.3, Learning rate:0.00200000
Epoch: 8, Loss: 16.7815, Rmse_valid: 17.6077, valid_score: 19451.3, , rmse_test: 22.7237, score_test: 3147.4, Learning rate:0.00200000
Epoch: 9, Loss: 16.3272, Rmse_valid: 14.3092, valid_score: 13042.5, , rmse_test: 22.1785, score_test: 2802.8, Learning rate:0.00200000
Epoch: 10, Loss: 15.8814, Rmse_valid: 14.6023, valid_score: 16716.9, , rmse_test: 23.9991, score_test: 3386.2, Learning rate:0.00200000
Epoch: 11, Loss: 14.7624, Rmse_valid: 14.2151, valid_score: 12940.0, , rmse_test: 21.0014, score_test: 2125.6, Learning rate:0.00020000
Epoch: 12, Loss: 14.5764, Rmse_valid: 14.3846, valid_score: 13291.4, , rmse_test: 21.1378, score_test: 2262.6, Learning rate:0.00020000
Epoch: 13, Loss: 14.4422, Rmse_valid: 14.2031, valid_score: 12517.6, , rmse_test: 20.9054, score_test: 2120.6, Learning rate:0.00020000
Epoch: 14, Loss: 14.3420, Rmse_valid: 13.6980, valid_score: 13812.8, , rmse_test: 21.2979, score_test: 2143.1, Learning rate:0.00020000
Epoch: 15, Loss: 14.2314, Rmse_valid: 13.6186, valid_score: 11793.5, , rmse_test: 20.9946, score_test: 2135.7, Learning rate:0.00020000
Epoch: 16, Loss: 14.1485, Rmse_valid: 14.0974, valid_score: 12459.7, , rmse_test: 21.0291, score_test: 2273.2, Learning rate:0.00020000
Epoch: 17, Loss: 14.0505, Rmse_valid: 13.4597, valid_score: 12505.1, , rmse_test: 21.2356, score_test: 2261.5, Learning rate:0.00020000
Epoch: 18, Loss: 13.9854, Rmse_valid: 12.9997, valid_score: 11408.7, , rmse_test: 20.8639, score_test: 2092.9, Learning rate:0.00020000
Epoch: 19, Loss: 13.8961, Rmse_valid: 13.4025, valid_score: 11853.2, , rmse_test: 20.8872, score_test: 2029.5, Learning rate:0.00020000
Epoch: 20, Loss: 13.8068, Rmse_valid: 13.3246, valid_score: 11923.2, , rmse_test: 20.7610, score_test: 1853.5, Learning rate:0.00020000
Epoch: 21, Loss: 13.6879, Rmse_valid: 13.2522, valid_score: 11674.3, , rmse_test: 20.9091, score_test: 1985.8, Learning rate:0.00002000
Epoch: 22, Loss: 13.6679, Rmse_valid: 13.2587, valid_score: 11818.0, , rmse_test: 20.9753, score_test: 2040.5, Learning rate:0.00002000
Epoch: 23, Loss: 13.6547, Rmse_valid: 13.1925, valid_score: 11839.9, , rmse_test: 20.9751, score_test: 2047.8, Learning rate:0.00002000
Epoch: 24, Loss: 13.6417, Rmse_valid: 13.3557, valid_score: 11781.9, , rmse_test: 20.8897, score_test: 2000.3, Learning rate:0.00002000
Epoch: 25, Loss: 13.6310, Rmse_valid: 13.1607, valid_score: 11658.6, , rmse_test: 20.9349, score_test: 2023.6, Learning rate:0.00002000
Epoch: 26, Loss: 13.6190, Rmse_valid: 13.2146, valid_score: 11874.6, , rmse_test: 21.0287, score_test: 2090.5, Learning rate:0.00002000
Epoch: 27, Loss: 13.6070, Rmse_valid: 13.1779, valid_score: 11557.5, , rmse_test: 20.7859, score_test: 1907.3, Learning rate:0.00002000
Epoch: 28, Loss: 13.5951, Rmse_valid: 13.2397, valid_score: 11992.9, , rmse_test: 21.0718, score_test: 2074.4, Learning rate:0.00002000
Epoch: 29, Loss: 13.5811, Rmse_valid: 13.2485, valid_score: 11761.9, , rmse_test: 20.9444, score_test: 2002.0, Learning rate:0.00002000
Epoch: 30, Loss: 13.5685, Rmse_valid: 13.2798, valid_score: 11926.9, , rmse_test: 21.0222, score_test: 2040.0, Learning rate:0.00002000
[Train Summary] Restored best model from epoch 18, rmse_valid: 12.9997, valid_score: 11408.7, rmse_test: 20.8639, score_test: 2092.9
[Train Time] start: 2026-04-25 14:07:11, end: 2026-04-25 14:08:31, duration: 0:01:20, total_seconds: 80.18
[Auto Test] command: /usr/bin/python /CMAPSS-release/scipt/test_model.py --sub-dataset FD003 --smooth-rate 30 --sequence-len 30 --feature-num 14 --dataset-root /CMAPSS-release/CMAPSSData/ --max-rul 125 --batch-size 128 --model-path /CMAPSS-release/logs/FD003_A_AEF_0FF/seed88/model_FD003_0425_140711_seed88.pkl
model_path:/CMAPSS-release/logs/FD003_A_AEF_0FF/seed88/model_FD003_0425_140711_seed88.pkl
rmse_final:20.69830894470215, score:2012.1748046875
