-----FD001-----
关键参数:
序列长度: 30
批大小(batch_size): 128
最大训练轮数(max_epochs): 30
随机数种子: 27
模型代号(model_code): A_g_dropout0.2
模型结构(model_structure): encoderdecoder
消融预设(ablation_preset): A - KNN graph + GAT-LSTM with encoder and decoder (AOF off)
学习率: 0.002
学习率调度器: step
Step步长(step_size): 10
Step衰减系数(gamma): 0.1
空间GAT: 开启
是否使用解码器LSTM: 是
是否使用AOF: 否
Decoder注意力隐层维度: 28
图构建模式(graph_mode): dynamic_knn
GAT层数(num_layers): 2
GAT邻居数(topk): 7
GAT嵌入维度: 8
GAT隐藏层维度: 8
------------------------------
Epoch: 1, Loss: 24.0695, Rmse_valid: 22.6779, valid_score: 19408.8, , rmse_test: 23.1776, score_test: 14064.2, Learning rate:0.00200000
Epoch: 2, Loss: 20.0279, Rmse_valid: 19.5503, valid_score: 17729.4, , rmse_test: 22.0127, score_test: 2210.2, Learning rate:0.00200000
Epoch: 3, Loss: 16.1559, Rmse_valid: 15.3079, valid_score: 8949.5, , rmse_test: 16.9163, score_test: 436.5, Learning rate:0.00200000
Epoch: 4, Loss: 13.4277, Rmse_valid: 13.9867, valid_score: 4148.4, , rmse_test: 14.7931, score_test: 289.6, Learning rate:0.00200000
Epoch: 5, Loss: 12.3735, Rmse_valid: 13.1710, valid_score: 7223.7, , rmse_test: 17.0467, score_test: 800.1, Learning rate:0.00200000
Epoch: 6, Loss: 11.9963, Rmse_valid: 11.1076, valid_score: 3880.3, , rmse_test: 14.0891, score_test: 314.5, Learning rate:0.00200000
Epoch: 7, Loss: 11.6952, Rmse_valid: 11.5788, valid_score: 3485.4, , rmse_test: 13.2580, score_test: 262.4, Learning rate:0.00200000
Epoch: 8, Loss: 11.3585, Rmse_valid: 11.2313, valid_score: 3304.4, , rmse_test: 14.0375, score_test: 301.2, Learning rate:0.00200000
Epoch: 9, Loss: 10.9634, Rmse_valid: 10.6720, valid_score: 3651.8, , rmse_test: 14.2029, score_test: 351.5, Learning rate:0.00200000
Epoch: 10, Loss: 11.1573, Rmse_valid: 13.2127, valid_score: 7798.7, , rmse_test: 16.9099, score_test: 663.3, Learning rate:0.00200000
Epoch: 11, Loss: 9.9430, Rmse_valid: 10.8198, valid_score: 3740.8, , rmse_test: 13.9661, score_test: 337.3, Learning rate:0.00020000
Epoch: 12, Loss: 9.8077, Rmse_valid: 10.5649, valid_score: 3542.6, , rmse_test: 14.0402, score_test: 348.7, Learning rate:0.00020000
Epoch: 13, Loss: 9.7329, Rmse_valid: 11.0911, valid_score: 3768.9, , rmse_test: 14.2324, score_test: 367.5, Learning rate:0.00020000
Epoch: 14, Loss: 9.6887, Rmse_valid: 10.9193, valid_score: 3788.3, , rmse_test: 14.1817, score_test: 358.9, Learning rate:0.00020000
Epoch: 15, Loss: 9.6435, Rmse_valid: 11.0082, valid_score: 3965.5, , rmse_test: 14.2265, score_test: 373.6, Learning rate:0.00020000
Epoch: 16, Loss: 9.5851, Rmse_valid: 11.2985, valid_score: 3825.9, , rmse_test: 14.3792, score_test: 382.2, Learning rate:0.00020000
Epoch: 17, Loss: 9.5710, Rmse_valid: 11.1441, valid_score: 3713.7, , rmse_test: 13.9918, score_test: 325.4, Learning rate:0.00020000
Epoch: 18, Loss: 9.5288, Rmse_valid: 10.7462, valid_score: 4309.7, , rmse_test: 14.4758, score_test: 381.0, Learning rate:0.00020000
Epoch: 19, Loss: 9.4969, Rmse_valid: 11.2987, valid_score: 3863.7, , rmse_test: 14.4340, score_test: 395.3, Learning rate:0.00020000
Epoch: 20, Loss: 9.4701, Rmse_valid: 11.1163, valid_score: 4058.2, , rmse_test: 14.2577, score_test: 361.2, Learning rate:0.00020000
Epoch: 21, Loss: 9.3980, Rmse_valid: 10.9281, valid_score: 3797.2, , rmse_test: 14.1624, score_test: 345.5, Learning rate:0.00002000
Epoch: 22, Loss: 9.3812, Rmse_valid: 10.6814, valid_score: 3802.0, , rmse_test: 14.1483, score_test: 344.6, Learning rate:0.00002000
Epoch: 23, Loss: 9.3856, Rmse_valid: 10.9303, valid_score: 3691.1, , rmse_test: 14.0942, score_test: 335.7, Learning rate:0.00002000
Epoch: 24, Loss: 9.3844, Rmse_valid: 11.5068, valid_score: 3724.8, , rmse_test: 14.1293, score_test: 340.9, Learning rate:0.00002000
Epoch: 25, Loss: 9.3718, Rmse_valid: 11.2579, valid_score: 3785.7, , rmse_test: 14.2141, score_test: 353.7, Learning rate:0.00002000
Epoch: 26, Loss: 9.3650, Rmse_valid: 10.6456, valid_score: 3806.5, , rmse_test: 14.1623, score_test: 346.1, Learning rate:0.00002000
Epoch: 27, Loss: 9.3593, Rmse_valid: 10.9186, valid_score: 3821.3, , rmse_test: 14.1612, score_test: 344.4, Learning rate:0.00002000
Epoch: 28, Loss: 9.3695, Rmse_valid: 11.0227, valid_score: 3773.5, , rmse_test: 14.1253, score_test: 342.7, Learning rate:0.00002000
Epoch: 29, Loss: 9.3625, Rmse_valid: 10.8211, valid_score: 3784.3, , rmse_test: 14.2022, score_test: 352.4, Learning rate:0.00002000
Epoch: 30, Loss: 9.3612, Rmse_valid: 11.2341, valid_score: 3812.3, , rmse_test: 14.1917, score_test: 349.4, Learning rate:0.00002000
[Train Summary] Restored best model from epoch 12, rmse_valid: 10.5649, valid_score: 3542.6, rmse_test: 14.0402, score_test: 348.7
[Train Time] start: 2026-04-24 15:51:18, end: 2026-04-24 15:59:07, duration: 0:07:50, total_seconds: 469.67
[Auto Test] command: /usr/bin/python /CMAPSS-release/scipt/test_model.py --sub-dataset FD001 --smooth-rate 30 --sequence-len 30 --feature-num 14 --dataset-root /CMAPSS-release/CMAPSSData/ --max-rul 125 --batch-size 128 --model-path /CMAPSS-release/logs/FD001_A_g_dropout0.2/seed27/model_FD001_0424_155118_seed27.pkl --no-cuda
model_path:/CMAPSS-release/logs/FD001_A_g_dropout0.2/seed27/model_FD001_0424_155118_seed27.pkl
rmse_final:13.99464225769043, score:342.6078796386719
