-----FD003-----
关键参数:
序列长度: 30
批大小(batch_size): 128
最大训练轮数(max_epochs): 30
随机数种子: 62
模型代号(model_code): MB
模型结构(model_structure): lstm_mamba_attention
学习率: 0.002
学习率调度器: step
Step步长(step_size): 10
Step衰减系数(gamma): 0.1
编码器: LSTM
编码器后处理: 2层Mamba block
encoder_hidden_size: 8
mamba_num_layers: 2
mamba_d_state: 16
decoder_attention_size: 28
------------------------------
Epoch: 1, Loss: 26.4372, Rmse_valid: 17.6254, valid_score: 21678.5, , rmse_test: 24.9856, score_test: 6901.9, Learning rate:0.00200000
Epoch: 2, Loss: 18.7478, Rmse_valid: 15.1074, valid_score: 13790.2, , rmse_test: 21.8515, score_test: 2598.9, Learning rate:0.00200000
Epoch: 3, Loss: 15.6684, Rmse_valid: 13.4640, valid_score: 7490.8, , rmse_test: 17.1483, score_test: 1131.9, Learning rate:0.00200000
Epoch: 4, Loss: 13.7580, Rmse_valid: 12.6725, valid_score: 8191.8, , rmse_test: 17.4245, score_test: 1358.0, Learning rate:0.00200000
Epoch: 5, Loss: 12.9951, Rmse_valid: 12.3952, valid_score: 8918.1, , rmse_test: 16.6403, score_test: 1342.3, Learning rate:0.00200000
Epoch: 6, Loss: 12.5088, Rmse_valid: 12.5786, valid_score: 9640.6, , rmse_test: 16.3186, score_test: 1111.5, Learning rate:0.00200000
Epoch: 7, Loss: 12.2704, Rmse_valid: 13.7337, valid_score: 9014.7, , rmse_test: 15.9031, score_test: 818.7, Learning rate:0.00200000
Epoch: 8, Loss: 11.8583, Rmse_valid: 13.5377, valid_score: 11380.2, , rmse_test: 15.9970, score_test: 1181.9, Learning rate:0.00200000
Epoch: 9, Loss: 11.6408, Rmse_valid: 12.5933, valid_score: 17355.0, , rmse_test: 16.9617, score_test: 1533.1, Learning rate:0.00200000
Epoch: 10, Loss: 11.4402, Rmse_valid: 12.4760, valid_score: 19375.4, , rmse_test: 18.4647, score_test: 1827.5, Learning rate:0.00200000
Epoch: 11, Loss: 10.5268, Rmse_valid: 12.2008, valid_score: 11416.0, , rmse_test: 15.6378, score_test: 1135.6, Learning rate:0.00020000
Epoch: 12, Loss: 10.4206, Rmse_valid: 12.1336, valid_score: 12039.2, , rmse_test: 15.8313, score_test: 1166.9, Learning rate:0.00020000
Epoch: 13, Loss: 10.3716, Rmse_valid: 11.9527, valid_score: 11352.3, , rmse_test: 15.5346, score_test: 1091.4, Learning rate:0.00020000
Epoch: 14, Loss: 10.3144, Rmse_valid: 12.2022, valid_score: 10931.1, , rmse_test: 15.5571, score_test: 1075.5, Learning rate:0.00020000
Epoch: 15, Loss: 10.2746, Rmse_valid: 12.0478, valid_score: 11531.2, , rmse_test: 15.6189, score_test: 1095.0, Learning rate:0.00020000
Epoch: 16, Loss: 10.2435, Rmse_valid: 11.8270, valid_score: 11196.7, , rmse_test: 15.5165, score_test: 1084.8, Learning rate:0.00020000
Epoch: 17, Loss: 10.2424, Rmse_valid: 11.8827, valid_score: 11687.3, , rmse_test: 15.5988, score_test: 1074.8, Learning rate:0.00020000
Epoch: 18, Loss: 10.1588, Rmse_valid: 11.8027, valid_score: 11270.2, , rmse_test: 15.5859, score_test: 1101.4, Learning rate:0.00020000
Epoch: 19, Loss: 10.1301, Rmse_valid: 12.1001, valid_score: 11361.2, , rmse_test: 15.4410, score_test: 1072.6, Learning rate:0.00020000
Epoch: 20, Loss: 10.1271, Rmse_valid: 11.5797, valid_score: 11466.4, , rmse_test: 15.6604, score_test: 1138.5, Learning rate:0.00020000
Epoch: 21, Loss: 10.0432, Rmse_valid: 11.8268, valid_score: 11300.0, , rmse_test: 15.5590, score_test: 1093.7, Learning rate:0.00002000
Epoch: 22, Loss: 10.0599, Rmse_valid: 11.7479, valid_score: 11126.1, , rmse_test: 15.5370, score_test: 1080.1, Learning rate:0.00002000
Epoch: 23, Loss: 10.0354, Rmse_valid: 11.7420, valid_score: 11094.0, , rmse_test: 15.5216, score_test: 1073.1, Learning rate:0.00002000
Epoch: 24, Loss: 10.0146, Rmse_valid: 11.7146, valid_score: 11198.3, , rmse_test: 15.4994, score_test: 1070.8, Learning rate:0.00002000
Epoch: 25, Loss: 10.0369, Rmse_valid: 11.7065, valid_score: 11341.4, , rmse_test: 15.5693, score_test: 1086.7, Learning rate:0.00002000
Epoch: 26, Loss: 10.0032, Rmse_valid: 11.6120, valid_score: 11109.4, , rmse_test: 15.5435, score_test: 1075.5, Learning rate:0.00002000
Epoch: 27, Loss: 10.0289, Rmse_valid: 11.6832, valid_score: 11147.8, , rmse_test: 15.5559, score_test: 1084.4, Learning rate:0.00002000
Epoch: 28, Loss: 10.0319, Rmse_valid: 11.6462, valid_score: 11374.0, , rmse_test: 15.5786, score_test: 1091.7, Learning rate:0.00002000
Epoch: 29, Loss: 10.0148, Rmse_valid: 11.7048, valid_score: 11277.0, , rmse_test: 15.5341, score_test: 1075.5, Learning rate:0.00002000
Epoch: 30, Loss: 10.0126, Rmse_valid: 11.7630, valid_score: 11232.3, , rmse_test: 15.5195, score_test: 1073.1, Learning rate:0.00002000
[Train Summary] Restored best model from epoch 20, rmse_valid: 11.5797, valid_score: 11466.4, rmse_test: 15.6604, score_test: 1138.5
[Train Time] start: 2026-07-02 07:16:59, end: 2026-07-02 07:18:49, duration: 0:01:50, total_seconds: 110.38
[Auto Test] command: /usr/local/miniconda3/envs/HV/bin/python /Mamba_Rul/scipt/test_model.py --sub-dataset FD003 --smooth-rate 30 --sequence-len 30 --feature-num 14 --dataset-root /Mamba_Rul/CMAPSSData/ --max-rul 125 --batch-size 128 --model-path /Mamba_Rul/logs/FD003_MB/seed62/model_FD003_0702_071659_seed62.pkl
model_path:/Mamba_Rul/logs/FD003_MB/seed62/model_FD003_0702_071659_seed62.pkl
rmse_final:15.602243423461914, score:1113.506103515625
