-----FD002-----
关键参数1:
序列长度: 30
批大小(batch_size): 128
最大训练轮数(max_epochs): 30
随机数种子: 88
模型代号(model_code): MBdecoder
模型结构(model_structure): lstm_mamba_attention
学习率: 0.002
学习率调度器: step
Step步长(step_size): 10
Step衰减系数(gamma): 0.1
编码器: LSTM
编码器后处理: 2层Mamba block
encoder_hidden_size: 8
mamba_num_layers: 2
mamba_d_state: 16
decoder_attention_size: 28
------------------------------
Epoch: 1, Loss: 28.8970, Rmse_valid: 25.7140, valid_score: 98906.1, , rmse_test: 25.6036, score_test: 5101.5, Learning rate:0.00200000
Epoch: 2, Loss: 23.5180, Rmse_valid: 24.7170, valid_score: 292100.2, , rmse_test: 21.1333, score_test: 5544.9, Learning rate:0.00200000
Epoch: 3, Loss: 21.8700, Rmse_valid: 22.6688, valid_score: 139148.7, , rmse_test: 19.6384, score_test: 2721.5, Learning rate:0.00200000
Epoch: 4, Loss: 21.0447, Rmse_valid: 21.9649, valid_score: 63769.4, , rmse_test: 20.0607, score_test: 1824.5, Learning rate:0.00200000
Epoch: 5, Loss: 20.1989, Rmse_valid: 21.0380, valid_score: 63792.7, , rmse_test: 18.9508, score_test: 1736.0, Learning rate:0.00200000
Epoch: 6, Loss: 19.3390, Rmse_valid: 20.8780, valid_score: 143998.9, , rmse_test: 18.0423, score_test: 2168.7, Learning rate:0.00200000
Epoch: 7, Loss: 18.6680, Rmse_valid: 19.6514, valid_score: 77208.6, , rmse_test: 17.7081, score_test: 1739.5, Learning rate:0.00200000
Epoch: 8, Loss: 18.3013, Rmse_valid: 19.9310, valid_score: 61615.0, , rmse_test: 16.8904, score_test: 1213.8, Learning rate:0.00200000
Epoch: 9, Loss: 17.7911, Rmse_valid: 18.7949, valid_score: 89397.3, , rmse_test: 15.8940, score_test: 1330.1, Learning rate:0.00200000
Epoch: 10, Loss: 17.5529, Rmse_valid: 18.8375, valid_score: 143213.3, , rmse_test: 16.4631, score_test: 1487.6, Learning rate:0.00200000
Epoch: 11, Loss: 15.6319, Rmse_valid: 18.1513, valid_score: 78613.2, , rmse_test: 15.4451, score_test: 1187.6, Learning rate:0.00020000
Epoch: 12, Loss: 15.4393, Rmse_valid: 17.5349, valid_score: 89282.6, , rmse_test: 15.6497, score_test: 1409.4, Learning rate:0.00020000
Epoch: 13, Loss: 15.3291, Rmse_valid: 17.4914, valid_score: 89603.1, , rmse_test: 15.8593, score_test: 1472.6, Learning rate:0.00020000
Epoch: 14, Loss: 15.2258, Rmse_valid: 17.3529, valid_score: 68213.3, , rmse_test: 15.4544, score_test: 1375.0, Learning rate:0.00020000
Epoch: 15, Loss: 15.1583, Rmse_valid: 17.0530, valid_score: 67368.6, , rmse_test: 15.4984, score_test: 1376.8, Learning rate:0.00020000
Epoch: 16, Loss: 15.1022, Rmse_valid: 17.0299, valid_score: 72909.7, , rmse_test: 15.3012, score_test: 1395.6, Learning rate:0.00020000
Epoch: 17, Loss: 15.0428, Rmse_valid: 17.0505, valid_score: 79760.7, , rmse_test: 15.5064, score_test: 1409.5, Learning rate:0.00020000
Epoch: 18, Loss: 14.9657, Rmse_valid: 16.8328, valid_score: 75252.8, , rmse_test: 15.4742, score_test: 1537.6, Learning rate:0.00020000
Epoch: 19, Loss: 14.9319, Rmse_valid: 17.3257, valid_score: 67998.9, , rmse_test: 15.4191, score_test: 1281.8, Learning rate:0.00020000
Epoch: 20, Loss: 14.8893, Rmse_valid: 16.9622, valid_score: 83146.9, , rmse_test: 15.4209, score_test: 1365.3, Learning rate:0.00020000
Epoch: 21, Loss: 14.7353, Rmse_valid: 16.7778, valid_score: 72379.6, , rmse_test: 15.3859, score_test: 1411.1, Learning rate:0.00002000
Epoch: 22, Loss: 14.7170, Rmse_valid: 16.7457, valid_score: 73336.9, , rmse_test: 15.3015, score_test: 1418.2, Learning rate:0.00002000
Epoch: 23, Loss: 14.7116, Rmse_valid: 16.7896, valid_score: 74927.6, , rmse_test: 15.3237, score_test: 1432.0, Learning rate:0.00002000
Epoch: 24, Loss: 14.7106, Rmse_valid: 16.8161, valid_score: 70266.5, , rmse_test: 15.3750, score_test: 1386.1, Learning rate:0.00002000
Epoch: 25, Loss: 14.6963, Rmse_valid: 16.7827, valid_score: 76367.5, , rmse_test: 15.3610, score_test: 1427.1, Learning rate:0.00002000
Epoch: 26, Loss: 14.6961, Rmse_valid: 16.6514, valid_score: 73074.8, , rmse_test: 15.3346, score_test: 1418.2, Learning rate:0.00002000
Epoch: 27, Loss: 14.6879, Rmse_valid: 16.7472, valid_score: 76257.9, , rmse_test: 15.3721, score_test: 1439.2, Learning rate:0.00002000
Epoch: 28, Loss: 14.6726, Rmse_valid: 16.5594, valid_score: 75866.4, , rmse_test: 15.3822, score_test: 1427.0, Learning rate:0.00002000
Epoch: 29, Loss: 14.6877, Rmse_valid: 16.7023, valid_score: 76807.0, , rmse_test: 15.3752, score_test: 1447.5, Learning rate:0.00002000
Epoch: 30, Loss: 14.6917, Rmse_valid: 16.7228, valid_score: 71029.4, , rmse_test: 15.3262, score_test: 1423.5, Learning rate:0.00002000
[Train Summary] Restored best model from epoch 28, rmse_valid: 16.5594, valid_score: 75866.4, rmse_test: 15.3822, score_test: 1427.0
[Train Time] start: 2026-07-03 05:56:17, end: 2026-07-03 05:58:40, duration: 0:02:23, total_seconds: 143.35
[Auto Test] command: /usr/local/miniconda3/envs/HV/bin/python /Mamba_Rul/test_GAT_encoderaef_decodermamba/test_model.py --sub-dataset FD002 --smooth-rate 40 --sequence-len 30 --feature-num 14 --dataset-root /Mamba_Rul/CMAPSSData/ --max-rul 125 --batch-size 128 --model-path /Mamba_Rul/logs/FD002_MBdecoder/seed88/model_FD002_0703_055617_seed88.pkl
model_path:/Mamba_Rul/logs/FD002_MBdecoder/seed88/model_FD002_0703_055617_seed88.pkl
rmse_final:15.315977096557617, score:1383.1318359375
