-----FD001-----
关键参数:
序列长度: 30
批大小(batch_size): 128
最大训练轮数(max_epochs): 30
随机数种子: 30
模型代号(model_code): FD001_B_BC_20260422_054641
模型结构(model_structure): encoderdecoder
消融预设(ablation_preset): B - Full-connected graph + GAT-LSTM with encoder and decoder (AOF off)
学习率: 0.002
学习率调度器: step
Step步长(step_size): 10
Step衰减系数(gamma): 0.1
空间GAT: 开启
是否使用解码器LSTM: 是
是否使用AOF: 否
Decoder注意力隐层维度: 28
图构建模式(graph_mode): dynamic_knn
GAT层数(num_layers): 2
GAT邻居数(topk): 14
GAT嵌入维度: 8
GAT隐藏层维度: 8
------------------------------
Epoch: 1, Loss: 29.0947, Rmse_valid: 21.1613, valid_score: 29467.9, , rmse_test: 26.5506, score_test: 23742.7, Learning rate:0.00200000
Epoch: 2, Loss: 21.3924, Rmse_valid: 21.9192, valid_score: 21965.7, , rmse_test: 23.3003, score_test: 21605.9, Learning rate:0.00200000
Epoch: 3, Loss: 19.5184, Rmse_valid: 18.6839, valid_score: 23326.4, , rmse_test: 21.1069, score_test: 7724.1, Learning rate:0.00200000
Epoch: 4, Loss: 17.0750, Rmse_valid: 14.8578, valid_score: 5661.8, , rmse_test: 15.4861, score_test: 339.4, Learning rate:0.00200000
Epoch: 5, Loss: 14.6575, Rmse_valid: 20.3512, valid_score: 29593.8, , rmse_test: 22.5548, score_test: 1866.8, Learning rate:0.00200000
Epoch: 6, Loss: 13.3681, Rmse_valid: 12.8321, valid_score: 4199.4, , rmse_test: 15.4905, score_test: 338.9, Learning rate:0.00200000
Epoch: 7, Loss: 12.5194, Rmse_valid: 13.2919, valid_score: 7611.0, , rmse_test: 15.6233, score_test: 545.0, Learning rate:0.00200000
Epoch: 8, Loss: 11.9614, Rmse_valid: 12.0255, valid_score: 3924.9, , rmse_test: 14.2396, score_test: 267.3, Learning rate:0.00200000
Epoch: 9, Loss: 11.9093, Rmse_valid: 11.4269, valid_score: 5060.5, , rmse_test: 13.6948, score_test: 330.6, Learning rate:0.00200000
Epoch: 10, Loss: 10.9993, Rmse_valid: 11.5354, valid_score: 6000.2, , rmse_test: 13.9500, score_test: 340.2, Learning rate:0.00200000
Epoch: 11, Loss: 9.9009, Rmse_valid: 11.0827, valid_score: 5267.7, , rmse_test: 13.8131, score_test: 340.3, Learning rate:0.00020000
Epoch: 12, Loss: 9.7669, Rmse_valid: 11.1284, valid_score: 5192.1, , rmse_test: 13.9059, score_test: 369.8, Learning rate:0.00020000
Epoch: 13, Loss: 9.7125, Rmse_valid: 11.5500, valid_score: 6227.5, , rmse_test: 14.1501, score_test: 375.6, Learning rate:0.00020000
Epoch: 14, Loss: 9.6560, Rmse_valid: 11.7030, valid_score: 5984.7, , rmse_test: 13.7982, score_test: 370.7, Learning rate:0.00020000
Epoch: 15, Loss: 9.5961, Rmse_valid: 11.5706, valid_score: 5791.6, , rmse_test: 13.5994, score_test: 353.0, Learning rate:0.00020000
Epoch: 16, Loss: 9.5227, Rmse_valid: 11.3956, valid_score: 5956.2, , rmse_test: 13.8901, score_test: 400.8, Learning rate:0.00020000
Epoch: 17, Loss: 9.5099, Rmse_valid: 11.2030, valid_score: 5113.3, , rmse_test: 13.6512, score_test: 325.2, Learning rate:0.00020000
Epoch: 18, Loss: 9.4475, Rmse_valid: 11.2020, valid_score: 5117.6, , rmse_test: 13.6762, score_test: 333.5, Learning rate:0.00020000
Epoch: 19, Loss: 9.3788, Rmse_valid: 11.7630, valid_score: 5728.4, , rmse_test: 13.6677, score_test: 358.1, Learning rate:0.00020000
Epoch: 20, Loss: 9.3754, Rmse_valid: 11.3706, valid_score: 5503.5, , rmse_test: 13.7606, score_test: 379.3, Learning rate:0.00020000
Epoch: 21, Loss: 9.2649, Rmse_valid: 11.8323, valid_score: 5574.8, , rmse_test: 13.8109, score_test: 381.7, Learning rate:0.00002000
Epoch: 22, Loss: 9.2539, Rmse_valid: 11.1003, valid_score: 5487.1, , rmse_test: 13.7514, score_test: 373.3, Learning rate:0.00002000
Epoch: 23, Loss: 9.2449, Rmse_valid: 11.9033, valid_score: 5814.5, , rmse_test: 13.8639, score_test: 392.4, Learning rate:0.00002000
Epoch: 24, Loss: 9.2515, Rmse_valid: 11.0989, valid_score: 5582.0, , rmse_test: 13.7641, score_test: 377.2, Learning rate:0.00002000
Epoch: 25, Loss: 9.2416, Rmse_valid: 12.0271, valid_score: 5676.1, , rmse_test: 13.7666, score_test: 376.2, Learning rate:0.00002000
Epoch: 26, Loss: 9.2275, Rmse_valid: 11.3847, valid_score: 5752.5, , rmse_test: 13.8270, score_test: 381.1, Learning rate:0.00002000
Epoch: 27, Loss: 9.2246, Rmse_valid: 11.1904, valid_score: 5701.5, , rmse_test: 13.7905, score_test: 378.1, Learning rate:0.00002000
Epoch: 28, Loss: 9.2283, Rmse_valid: 11.1739, valid_score: 5640.5, , rmse_test: 13.7619, score_test: 376.1, Learning rate:0.00002000
Epoch: 29, Loss: 9.2177, Rmse_valid: 11.3087, valid_score: 5682.0, , rmse_test: 13.7784, score_test: 379.3, Learning rate:0.00002000
Epoch: 30, Loss: 9.2114, Rmse_valid: 11.3026, valid_score: 5484.6, , rmse_test: 13.7782, score_test: 373.2, Learning rate:0.00002000
[Train Summary] Restored best model from epoch 11, rmse_valid: 11.0827, valid_score: 5267.7, rmse_test: 13.8131, score_test: 340.3
[Train Time] start: 2026-04-22 05:53:59, end: 2026-04-22 05:56:22, duration: 0:02:23, total_seconds: 142.55
[Auto Test] command: /usr/bin/python /CMAPSS-release/scipt/test_model.py --sub-dataset FD001 --smooth-rate 40 --sequence-len 30 --feature-num 14 --dataset-root /CMAPSS-release/CMAPSSData/ --max-rul 125 --batch-size 128 --model-path /CMAPSS-release/logs/FD001_FD001_B_BC_20260422_054641/seed30/model_FD001_0422_055359_seed30.pkl
model_path:/CMAPSS-release/logs/FD001_FD001_B_BC_20260422_054641/seed30/model_FD001_0422_055359_seed30.pkl
rmse_final:13.728074073791504, score:327.2642822265625
