-----FD002-----
关键参数:
序列长度: 30
批大小(batch_size): 128
最大训练轮数(max_epochs): 30
随机数种子: 88
模型代号(model_code): FD002_F
模型结构(model_structure): encoderdecoder
消融预设(ablation_preset): F - KNN graph + GAT + EncoderDecoder-LSTM without AOF
学习率: 0.002
学习率调度器: step
Step步长(step_size): 10
Step衰减系数(gamma): 0.1
空间GAT: 开启
是否使用解码器LSTM: 是
是否使用AOF: 否
Decoder注意力隐层维度: 28
图构建模式(graph_mode): dynamic_knn
GAT层数(num_layers): 2
GAT邻居数(topk): 7
GAT嵌入维度: 8
GAT隐藏层维度: 8
------------------------------
Epoch: 1, Loss: 26.2597, Rmse_valid: 23.6590, valid_score: 258367.7, , rmse_test: 23.8413, score_test: 21268.6, Learning rate:0.00200000
Epoch: 2, Loss: 21.4816, Rmse_valid: 19.9380, valid_score: 100596.6, , rmse_test: 18.3233, score_test: 3500.2, Learning rate:0.00200000
Epoch: 3, Loss: 18.8123, Rmse_valid: 19.1999, valid_score: 33251.2, , rmse_test: 16.5147, score_test: 1138.1, Learning rate:0.00200000
Epoch: 4, Loss: 17.8154, Rmse_valid: 17.7023, valid_score: 32451.6, , rmse_test: 15.3995, score_test: 1113.4, Learning rate:0.00200000
Epoch: 5, Loss: 17.2787, Rmse_valid: 17.9643, valid_score: 27415.7, , rmse_test: 15.4531, score_test: 926.8, Learning rate:0.00200000
Epoch: 6, Loss: 16.7134, Rmse_valid: 17.4803, valid_score: 46482.4, , rmse_test: 15.7813, score_test: 1566.3, Learning rate:0.00200000
Epoch: 7, Loss: 16.4165, Rmse_valid: 21.3943, valid_score: 113310.8, , rmse_test: 19.7459, score_test: 3877.5, Learning rate:0.00200000
Epoch: 8, Loss: 16.0933, Rmse_valid: 16.3606, valid_score: 44685.5, , rmse_test: 14.6299, score_test: 1403.1, Learning rate:0.00200000
Epoch: 9, Loss: 15.9239, Rmse_valid: 17.1914, valid_score: 42438.1, , rmse_test: 14.6488, score_test: 1196.3, Learning rate:0.00200000
Epoch: 10, Loss: 15.6580, Rmse_valid: 16.2574, valid_score: 37415.3, , rmse_test: 13.9152, score_test: 1112.1, Learning rate:0.00200000
Epoch: 11, Loss: 13.6988, Rmse_valid: 15.8095, valid_score: 27626.4, , rmse_test: 13.5982, score_test: 942.3, Learning rate:0.00020000
Epoch: 12, Loss: 13.5449, Rmse_valid: 15.1722, valid_score: 29221.1, , rmse_test: 13.3764, score_test: 1002.1, Learning rate:0.00020000
Epoch: 13, Loss: 13.4672, Rmse_valid: 15.4518, valid_score: 29356.6, , rmse_test: 13.6509, score_test: 1057.9, Learning rate:0.00020000
Epoch: 14, Loss: 13.4061, Rmse_valid: 15.2293, valid_score: 28674.4, , rmse_test: 13.3321, score_test: 991.9, Learning rate:0.00020000
Epoch: 15, Loss: 13.3422, Rmse_valid: 15.3129, valid_score: 28678.5, , rmse_test: 13.6976, score_test: 1082.0, Learning rate:0.00020000
Epoch: 16, Loss: 13.3028, Rmse_valid: 15.0354, valid_score: 25475.2, , rmse_test: 13.2977, score_test: 970.5, Learning rate:0.00020000
Epoch: 17, Loss: 13.2486, Rmse_valid: 14.8526, valid_score: 27248.9, , rmse_test: 13.3111, score_test: 991.3, Learning rate:0.00020000
Epoch: 18, Loss: 13.2060, Rmse_valid: 14.9046, valid_score: 26767.6, , rmse_test: 13.3157, score_test: 1018.6, Learning rate:0.00020000
Epoch: 19, Loss: 13.1618, Rmse_valid: 14.8903, valid_score: 24770.2, , rmse_test: 13.4913, score_test: 1042.2, Learning rate:0.00020000
Epoch: 20, Loss: 13.1188, Rmse_valid: 15.0863, valid_score: 25348.1, , rmse_test: 13.5027, score_test: 1036.6, Learning rate:0.00020000
Epoch: 21, Loss: 12.9813, Rmse_valid: 14.9034, valid_score: 25432.8, , rmse_test: 13.3361, score_test: 1028.5, Learning rate:0.00002000
Epoch: 22, Loss: 12.9644, Rmse_valid: 14.8487, valid_score: 25743.7, , rmse_test: 13.3528, score_test: 1018.2, Learning rate:0.00002000
Epoch: 23, Loss: 12.9616, Rmse_valid: 14.8598, valid_score: 26062.2, , rmse_test: 13.4518, score_test: 1061.3, Learning rate:0.00002000
Epoch: 24, Loss: 12.9549, Rmse_valid: 14.8990, valid_score: 25375.4, , rmse_test: 13.3256, score_test: 1026.4, Learning rate:0.00002000
Epoch: 25, Loss: 12.9504, Rmse_valid: 14.8433, valid_score: 25599.5, , rmse_test: 13.2981, score_test: 1018.1, Learning rate:0.00002000
Epoch: 26, Loss: 12.9464, Rmse_valid: 14.7925, valid_score: 25482.6, , rmse_test: 13.3856, score_test: 1032.3, Learning rate:0.00002000
Epoch: 27, Loss: 12.9428, Rmse_valid: 14.7765, valid_score: 25636.3, , rmse_test: 13.4235, score_test: 1050.4, Learning rate:0.00002000
Epoch: 28, Loss: 12.9345, Rmse_valid: 14.8367, valid_score: 25021.7, , rmse_test: 13.3388, score_test: 1011.8, Learning rate:0.00002000
Epoch: 29, Loss: 12.9321, Rmse_valid: 14.9178, valid_score: 25823.3, , rmse_test: 13.4738, score_test: 1054.6, Learning rate:0.00002000
Epoch: 30, Loss: 12.9275, Rmse_valid: 14.9397, valid_score: 25672.9, , rmse_test: 13.3402, score_test: 1024.0, Learning rate:0.00002000
[Train Summary] Restored best model from epoch 27, rmse_valid: 14.7765, valid_score: 25636.3, rmse_test: 13.4235, score_test: 1050.4
[Train Time] start: 2026-04-21 00:57:24, end: 2026-04-21 01:03:42, duration: 0:06:18, total_seconds: 378.13
[Auto Test] command: /usr/bin/python /CMAPSS-release/scipt/test_model.py --sub-dataset FD002 --smooth-rate 40 --sequence-len 30 --feature-num 14 --dataset-root /CMAPSS-release/CMAPSSData/ --max-rul 125 --batch-size 128 --model-path /CMAPSS-release/logs/FD002_FD002_F/seed88/model_FD002_0421_005724_seed88.pkl
model_path:/CMAPSS-release/logs/FD002_FD002_F/seed88/model_FD002_0421_005724_seed88.pkl
rmse_final:13.352801322937012, score:1005.8837890625
