-----FD004-----
关键参数:
序列长度: 30
批大小(batch_size): 128
最大训练轮数(max_epochs): 30
随机数种子: 27
模型代号(model_code): FD004_D
模型结构(model_structure): encoderdecoder
消融预设(ablation_preset): D - KNN graph + GAT + EncoderDecoder-LSTM with AOF
学习率: 0.002
学习率调度器: step
Step步长(step_size): 10
Step衰减系数(gamma): 0.1
空间GAT: 开启
是否使用解码器LSTM: 是
是否使用AOF: 是
Decoder注意力隐层维度: 28
Decoder融合方式: concat
图构建模式(graph_mode): dynamic_knn
GAT层数(num_layers): 2
GAT邻居数(topk): 7
GAT嵌入维度: 8
GAT隐藏层维度: 8
------------------------------
Epoch: 1, Loss: 26.3402, Rmse_valid: 20.6469, valid_score: 60613.9, , rmse_test: 24.5852, score_test: 9030.0, Learning rate:0.00200000
Epoch: 2, Loss: 21.5687, Rmse_valid: 19.4468, valid_score: 51842.1, , rmse_test: 22.5472, score_test: 4578.9, Learning rate:0.00200000
Epoch: 3, Loss: 20.1013, Rmse_valid: 19.9004, valid_score: 74376.6, , rmse_test: 22.4131, score_test: 6750.3, Learning rate:0.00200000
Epoch: 4, Loss: 19.2605, Rmse_valid: 18.2719, valid_score: 49063.8, , rmse_test: 19.6675, score_test: 2791.4, Learning rate:0.00200000
Epoch: 5, Loss: 18.5891, Rmse_valid: 20.8540, valid_score: 133259.7, , rmse_test: 22.4442, score_test: 6949.0, Learning rate:0.00200000
Epoch: 6, Loss: 18.0425, Rmse_valid: 17.5602, valid_score: 41306.3, , rmse_test: 18.7217, score_test: 2760.3, Learning rate:0.00200000
Epoch: 7, Loss: 17.5325, Rmse_valid: 19.7336, valid_score: 80117.5, , rmse_test: 20.4392, score_test: 4802.3, Learning rate:0.00200000
Epoch: 8, Loss: 17.1092, Rmse_valid: 19.7237, valid_score: 66292.4, , rmse_test: 23.5948, score_test: 4405.5, Learning rate:0.00200000
Epoch: 9, Loss: 16.8554, Rmse_valid: 19.0092, valid_score: 67623.9, , rmse_test: 18.6030, score_test: 2453.7, Learning rate:0.00200000
Epoch: 10, Loss: 16.5025, Rmse_valid: 17.3911, valid_score: 33972.4, , rmse_test: 18.5441, score_test: 2148.4, Learning rate:0.00200000
Epoch: 11, Loss: 14.8089, Rmse_valid: 17.7875, valid_score: 52494.1, , rmse_test: 17.9768, score_test: 2188.7, Learning rate:0.00020000
Epoch: 12, Loss: 14.6140, Rmse_valid: 17.6368, valid_score: 47239.9, , rmse_test: 17.7170, score_test: 1789.0, Learning rate:0.00020000
Epoch: 13, Loss: 14.5117, Rmse_valid: 17.9271, valid_score: 66498.8, , rmse_test: 18.1106, score_test: 2230.3, Learning rate:0.00020000
Epoch: 14, Loss: 14.4044, Rmse_valid: 18.6264, valid_score: 84234.1, , rmse_test: 18.2850, score_test: 2393.4, Learning rate:0.00020000
Epoch: 15, Loss: 14.3196, Rmse_valid: 18.2109, valid_score: 74737.8, , rmse_test: 17.7231, score_test: 1999.6, Learning rate:0.00020000
Epoch: 16, Loss: 14.2285, Rmse_valid: 18.0743, valid_score: 79400.3, , rmse_test: 17.6857, score_test: 2008.1, Learning rate:0.00020000
Epoch: 17, Loss: 14.1373, Rmse_valid: 18.4532, valid_score: 86452.9, , rmse_test: 17.8942, score_test: 2191.0, Learning rate:0.00020000
Epoch: 18, Loss: 14.0760, Rmse_valid: 18.2550, valid_score: 74480.6, , rmse_test: 17.5104, score_test: 1795.9, Learning rate:0.00020000
Epoch: 19, Loss: 14.0048, Rmse_valid: 18.1542, valid_score: 77258.7, , rmse_test: 17.5719, score_test: 1815.8, Learning rate:0.00020000
Epoch: 20, Loss: 13.9510, Rmse_valid: 18.1696, valid_score: 76031.0, , rmse_test: 17.7647, score_test: 1827.3, Learning rate:0.00020000
Epoch: 21, Loss: 13.8065, Rmse_valid: 18.1313, valid_score: 80744.8, , rmse_test: 17.6284, score_test: 1898.1, Learning rate:0.00002000
Epoch: 22, Loss: 13.7896, Rmse_valid: 18.1467, valid_score: 81294.6, , rmse_test: 17.6146, score_test: 1907.3, Learning rate:0.00002000
Epoch: 23, Loss: 13.7808, Rmse_valid: 18.2622, valid_score: 81041.9, , rmse_test: 17.6557, score_test: 1924.1, Learning rate:0.00002000
Epoch: 24, Loss: 13.7740, Rmse_valid: 18.3143, valid_score: 83412.4, , rmse_test: 17.6896, score_test: 1958.0, Learning rate:0.00002000
Epoch: 25, Loss: 13.7652, Rmse_valid: 18.2695, valid_score: 82284.4, , rmse_test: 17.5891, score_test: 1892.6, Learning rate:0.00002000
Epoch: 26, Loss: 13.7634, Rmse_valid: 18.2487, valid_score: 84228.0, , rmse_test: 17.6622, score_test: 1952.0, Learning rate:0.00002000
Epoch: 27, Loss: 13.7553, Rmse_valid: 18.2439, valid_score: 84684.2, , rmse_test: 17.6172, score_test: 1931.6, Learning rate:0.00002000
Epoch: 28, Loss: 13.7493, Rmse_valid: 18.1691, valid_score: 80954.2, , rmse_test: 17.6454, score_test: 1874.7, Learning rate:0.00002000
Epoch: 29, Loss: 13.7427, Rmse_valid: 18.2615, valid_score: 85326.4, , rmse_test: 17.6707, score_test: 1974.6, Learning rate:0.00002000
Epoch: 30, Loss: 13.7385, Rmse_valid: 18.1002, valid_score: 82353.8, , rmse_test: 17.6434, score_test: 1913.8, Learning rate:0.00002000
[Train Summary] Restored best model from epoch 10, rmse_valid: 17.3911, valid_score: 33972.4, rmse_test: 18.5441, score_test: 2148.4
[Train Time] start: 2026-04-20 13:25:55, end: 2026-04-20 13:30:39, duration: 0:04:43, total_seconds: 283.39
[Auto Test] command: /usr/bin/python /CMAPSS-release/scipt/test_model.py --sub-dataset FD004 --smooth-rate 40 --sequence-len 30 --feature-num 14 --dataset-root /CMAPSS-release/CMAPSSData/ --max-rul 125 --batch-size 128 --model-path /CMAPSS-release/logs/FD004_FD004_D/seed27/model_FD004_0420_132555_seed27.pkl
model_path:/CMAPSS-release/logs/FD004_FD004_D/seed27/model_FD004_0420_132555_seed27.pkl
rmse_final:18.543867111206055, score:2071.17822265625
