-----FD004-----
关键参数:
序列长度: 30
批大小(batch_size): 128
最大训练轮数(max_epochs): 30
随机数种子: 88
模型代号(model_code): FD004_E
模型结构(model_structure): original
消融预设(ablation_preset): E - Only original GAT-LSTM
学习率: 0.002
学习率调度器: step
Step步长(step_size): 10
Step衰减系数(gamma): 0.1
空间GAT: 由模型内部默认启用
图构建模式(graph_mode): path
GAT层数(num_layers): 2
GAT邻居数(topk): 7
GAT嵌入维度: 8
GAT隐藏层维度: 8
------------------------------
Epoch: 1, Loss: 42.0645, Rmse_valid: 41.3916, valid_score: 1786200.6, , rmse_test: 44.1084, score_test: 101329.6, Learning rate:0.00200000
Epoch: 2, Loss: 41.6456, Rmse_valid: 41.3259, valid_score: 2801992.5, , rmse_test: 45.3593, score_test: 158332.5, Learning rate:0.00200000
Epoch: 3, Loss: 41.2539, Rmse_valid: 40.4531, valid_score: 2386902.8, , rmse_test: 44.5356, score_test: 146964.5, Learning rate:0.00200000
Epoch: 4, Loss: 40.2140, Rmse_valid: 39.5024, valid_score: 744241.9, , rmse_test: 41.5402, score_test: 43656.5, Learning rate:0.00200000
Epoch: 5, Loss: 39.2490, Rmse_valid: 38.9426, valid_score: 1825555.5, , rmse_test: 42.8545, score_test: 110795.8, Learning rate:0.00200000
Epoch: 6, Loss: 38.9217, Rmse_valid: 38.8550, valid_score: 2466982.5, , rmse_test: 43.5847, score_test: 163044.3, Learning rate:0.00200000
Epoch: 7, Loss: 38.5630, Rmse_valid: 38.5926, valid_score: 2019690.8, , rmse_test: 42.7271, score_test: 120057.4, Learning rate:0.00200000
Epoch: 8, Loss: 38.3897, Rmse_valid: 38.4175, valid_score: 1788702.2, , rmse_test: 41.9099, score_test: 99448.5, Learning rate:0.00200000
Epoch: 9, Loss: 38.2874, Rmse_valid: 38.6900, valid_score: 2539195.8, , rmse_test: 42.9457, score_test: 139533.5, Learning rate:0.00200000
Epoch: 10, Loss: 38.1952, Rmse_valid: 38.7957, valid_score: 2617887.2, , rmse_test: 42.8531, score_test: 149525.3, Learning rate:0.00200000
Epoch: 11, Loss: 37.6844, Rmse_valid: 38.4312, valid_score: 1759631.1, , rmse_test: 41.7195, score_test: 101615.0, Learning rate:0.00020000
Epoch: 12, Loss: 37.6418, Rmse_valid: 38.0806, valid_score: 1766424.9, , rmse_test: 41.7175, score_test: 101864.1, Learning rate:0.00020000
Epoch: 13, Loss: 37.6258, Rmse_valid: 38.4530, valid_score: 1881898.9, , rmse_test: 41.8886, score_test: 107761.4, Learning rate:0.00020000
Epoch: 14, Loss: 37.6000, Rmse_valid: 38.4234, valid_score: 1781087.4, , rmse_test: 41.7312, score_test: 100814.1, Learning rate:0.00020000
Epoch: 15, Loss: 37.5893, Rmse_valid: 38.9122, valid_score: 2694333.8, , rmse_test: 42.7893, score_test: 142896.1, Learning rate:0.00020000
Epoch: 16, Loss: 37.5790, Rmse_valid: 38.4584, valid_score: 2060179.9, , rmse_test: 42.0149, score_test: 113479.2, Learning rate:0.00020000
Epoch: 17, Loss: 37.5640, Rmse_valid: 38.4882, valid_score: 2096997.8, , rmse_test: 42.1259, score_test: 113777.4, Learning rate:0.00020000
Epoch: 18, Loss: 37.5565, Rmse_valid: 38.5846, valid_score: 2195769.2, , rmse_test: 42.3175, score_test: 120658.7, Learning rate:0.00020000
Epoch: 19, Loss: 37.5352, Rmse_valid: 38.5207, valid_score: 1902208.8, , rmse_test: 41.9058, score_test: 104323.8, Learning rate:0.00020000
Epoch: 20, Loss: 37.5209, Rmse_valid: 38.6704, valid_score: 2094423.1, , rmse_test: 42.0656, score_test: 115077.4, Learning rate:0.00020000
Epoch: 21, Loss: 37.4779, Rmse_valid: 38.3817, valid_score: 1964329.6, , rmse_test: 41.9085, score_test: 108047.9, Learning rate:0.00002000
Epoch: 22, Loss: 37.4742, Rmse_valid: 38.4828, valid_score: 2000281.2, , rmse_test: 41.9751, score_test: 109935.6, Learning rate:0.00002000
Epoch: 23, Loss: 37.4717, Rmse_valid: 38.7190, valid_score: 2036840.8, , rmse_test: 42.0208, score_test: 111673.4, Learning rate:0.00002000
Epoch: 24, Loss: 37.4708, Rmse_valid: 38.4541, valid_score: 1972031.9, , rmse_test: 41.9371, score_test: 108186.6, Learning rate:0.00002000
Epoch: 25, Loss: 37.4687, Rmse_valid: 38.3327, valid_score: 1904722.6, , rmse_test: 41.8275, score_test: 104393.5, Learning rate:0.00002000
Epoch: 26, Loss: 37.4681, Rmse_valid: 38.4759, valid_score: 1940169.5, , rmse_test: 41.8761, score_test: 106411.1, Learning rate:0.00002000
Epoch: 27, Loss: 37.4661, Rmse_valid: 38.4203, valid_score: 1944641.6, , rmse_test: 41.8772, score_test: 106231.5, Learning rate:0.00002000
Epoch: 28, Loss: 37.4651, Rmse_valid: 38.3920, valid_score: 2042602.9, , rmse_test: 42.0299, score_test: 111690.1, Learning rate:0.00002000
Epoch: 29, Loss: 37.4628, Rmse_valid: 38.5013, valid_score: 1975845.6, , rmse_test: 41.9191, score_test: 107839.4, Learning rate:0.00002000
Epoch: 30, Loss: 37.4606, Rmse_valid: 38.4847, valid_score: 2059224.5, , rmse_test: 42.0280, score_test: 111873.8, Learning rate:0.00002000
[Train Summary] Restored best model from epoch 12, rmse_valid: 38.0806, valid_score: 1766424.9, rmse_test: 41.7175, score_test: 101864.1
[Train Time] start: 2026-04-20 14:37:31, end: 2026-04-20 14:40:44, duration: 0:03:12, total_seconds: 192.27
[Auto Test] command: /usr/bin/python /CMAPSS-release/scipt/test_model.py --sub-dataset FD004 --smooth-rate 40 --sequence-len 30 --feature-num 14 --dataset-root /CMAPSS-release/CMAPSSData/ --max-rul 125 --batch-size 128 --model-path /CMAPSS-release/logs/FD004_FD004_E/seed88/model_FD004_0420_143731_seed88.pkl
model_path:/CMAPSS-release/logs/FD004_FD004_E/seed88/model_FD004_0420_143731_seed88.pkl
rmse_final:41.62423324584961, score:97621.7734375
