-----FD001-----
关键参数:
序列长度: 30
批大小(batch_size): 128
最大训练轮数(max_epochs): 30
随机数种子: 88
模型代号(model_code): A_g_dropout0.1_1
模型结构(model_structure): encoderdecoder
消融预设(ablation_preset): A - KNN graph + GAT-LSTM with encoder and decoder (AOF off)
学习率: 0.002
学习率调度器: step
Step步长(step_size): 10
Step衰减系数(gamma): 0.1
空间GAT: 开启
是否使用解码器LSTM: 是
是否使用AOF: 否
Decoder注意力隐层维度: 28
图构建模式(graph_mode): dynamic_knn
GAT层数(num_layers): 2
GAT邻居数(topk): 7
GAT嵌入维度: 8
GAT隐藏层维度: 8
------------------------------
Epoch: 1, Loss: 25.8427, Rmse_valid: 21.5180, valid_score: 14884.4, , rmse_test: 21.6708, score_test: 6538.9, Learning rate:0.00200000
Epoch: 2, Loss: 19.5017, Rmse_valid: 16.7064, valid_score: 10193.7, , rmse_test: 21.2358, score_test: 6385.8, Learning rate:0.00200000
Epoch: 3, Loss: 18.1129, Rmse_valid: 15.4755, valid_score: 9566.9, , rmse_test: 18.7415, score_test: 1023.8, Learning rate:0.00200000
Epoch: 4, Loss: 16.1932, Rmse_valid: 14.6744, valid_score: 9722.8, , rmse_test: 17.9355, score_test: 778.6, Learning rate:0.00200000
Epoch: 5, Loss: 14.2113, Rmse_valid: 11.3357, valid_score: 3829.4, , rmse_test: 14.1046, score_test: 323.0, Learning rate:0.00200000
Epoch: 6, Loss: 13.1155, Rmse_valid: 11.7713, valid_score: 3521.7, , rmse_test: 14.5815, score_test: 286.6, Learning rate:0.00200000
Epoch: 7, Loss: 12.5978, Rmse_valid: 11.6162, valid_score: 4777.9, , rmse_test: 15.3595, score_test: 541.9, Learning rate:0.00200000
Epoch: 8, Loss: 12.1874, Rmse_valid: 10.9432, valid_score: 3204.8, , rmse_test: 13.8956, score_test: 377.8, Learning rate:0.00200000
Epoch: 9, Loss: 11.8391, Rmse_valid: 12.8497, valid_score: 3681.5, , rmse_test: 14.3608, score_test: 247.8, Learning rate:0.00200000
Epoch: 10, Loss: 11.7120, Rmse_valid: 10.0096, valid_score: 3046.1, , rmse_test: 13.0536, score_test: 284.6, Learning rate:0.00200000
Epoch: 11, Loss: 10.4335, Rmse_valid: 10.5638, valid_score: 3245.9, , rmse_test: 13.2598, score_test: 303.7, Learning rate:0.00020000
Epoch: 12, Loss: 10.2790, Rmse_valid: 10.3420, valid_score: 3464.4, , rmse_test: 13.4613, score_test: 341.3, Learning rate:0.00020000
Epoch: 13, Loss: 10.1961, Rmse_valid: 10.5573, valid_score: 3172.5, , rmse_test: 13.2926, score_test: 310.8, Learning rate:0.00020000
Epoch: 14, Loss: 10.1385, Rmse_valid: 10.3635, valid_score: 3474.0, , rmse_test: 13.2944, score_test: 313.6, Learning rate:0.00020000
Epoch: 15, Loss: 10.0610, Rmse_valid: 10.5145, valid_score: 3587.3, , rmse_test: 13.4907, score_test: 339.3, Learning rate:0.00020000
Epoch: 16, Loss: 10.0096, Rmse_valid: 10.7847, valid_score: 4082.2, , rmse_test: 13.8771, score_test: 373.8, Learning rate:0.00020000
Epoch: 17, Loss: 9.9634, Rmse_valid: 10.1701, valid_score: 3228.9, , rmse_test: 13.1976, score_test: 295.9, Learning rate:0.00020000
Epoch: 18, Loss: 9.9063, Rmse_valid: 10.6027, valid_score: 3522.0, , rmse_test: 13.4698, score_test: 332.2, Learning rate:0.00020000
Epoch: 19, Loss: 9.8631, Rmse_valid: 10.2760, valid_score: 3572.1, , rmse_test: 13.5293, score_test: 341.8, Learning rate:0.00020000
Epoch: 20, Loss: 9.8045, Rmse_valid: 10.4798, valid_score: 3816.0, , rmse_test: 13.4136, score_test: 315.6, Learning rate:0.00020000
Epoch: 21, Loss: 9.7215, Rmse_valid: 10.3797, valid_score: 3647.4, , rmse_test: 13.4627, score_test: 324.8, Learning rate:0.00002000
Epoch: 22, Loss: 9.6992, Rmse_valid: 10.5017, valid_score: 3568.2, , rmse_test: 13.4026, score_test: 317.2, Learning rate:0.00002000
Epoch: 23, Loss: 9.6947, Rmse_valid: 10.1103, valid_score: 3761.9, , rmse_test: 13.5655, score_test: 340.0, Learning rate:0.00002000
Epoch: 24, Loss: 9.6964, Rmse_valid: 10.0079, valid_score: 3600.4, , rmse_test: 13.4707, score_test: 325.8, Learning rate:0.00002000
Epoch: 25, Loss: 9.6808, Rmse_valid: 10.2230, valid_score: 3570.1, , rmse_test: 13.4287, score_test: 320.4, Learning rate:0.00002000
Epoch: 26, Loss: 9.6853, Rmse_valid: 10.6092, valid_score: 3597.9, , rmse_test: 13.4844, score_test: 326.9, Learning rate:0.00002000
Epoch: 27, Loss: 9.6739, Rmse_valid: 10.6806, valid_score: 3694.3, , rmse_test: 13.5069, score_test: 330.8, Learning rate:0.00002000
Epoch: 28, Loss: 9.6670, Rmse_valid: 10.2801, valid_score: 3662.9, , rmse_test: 13.4876, score_test: 328.8, Learning rate:0.00002000
Epoch: 29, Loss: 9.6612, Rmse_valid: 10.0970, valid_score: 3605.5, , rmse_test: 13.4702, score_test: 324.9, Learning rate:0.00002000
Epoch: 30, Loss: 9.6623, Rmse_valid: 10.2466, valid_score: 3723.4, , rmse_test: 13.5468, score_test: 335.6, Learning rate:0.00002000
[Train Summary] Restored best model from epoch 24, rmse_valid: 10.0079, valid_score: 3600.4, rmse_test: 13.4707, score_test: 325.8
[Train Time] start: 2026-04-25 10:42:45, end: 2026-04-25 10:44:02, duration: 0:01:18, total_seconds: 77.50
[Auto Test] command: /usr/bin/python /CMAPSS-release/scipt/test_model.py --sub-dataset FD001 --smooth-rate 30 --sequence-len 30 --feature-num 14 --dataset-root /CMAPSS-release/CMAPSSData/ --max-rul 125 --batch-size 128 --model-path /CMAPSS-release/logs/FD001_A_g_dropout0.1_1/seed88/model_FD001_0425_104245_seed88.pkl
model_path:/CMAPSS-release/logs/FD001_A_g_dropout0.1_1/seed88/model_FD001_0425_104245_seed88.pkl
rmse_final:13.407087326049805, score:315.3924560546875
