-----FD001-----
关键参数:
序列长度: 30
批大小(batch_size): 128
最大训练轮数(max_epochs): 30
随机数种子: 17
模型代号(model_code): FD001_C
模型结构(model_structure): encoderdecoder
消融预设(ablation_preset): C - Path graph + GAT + Encoder-only LSTM (no decoder, no AOF)
学习率: 0.002
学习率调度器: step
Step步长(step_size): 10
Step衰减系数(gamma): 0.1
空间GAT: 开启
是否使用解码器LSTM: 否
是否使用AOF: 否
图构建模式(graph_mode): path
GAT层数(num_layers): 2
GAT邻居数(topk): 7
GAT嵌入维度: 8
GAT隐藏层维度: 8
------------------------------
Epoch: 1, Loss: 26.2803, Rmse_valid: 22.1715, valid_score: 21046.5, , rmse_test: 25.0908, score_test: 30543.1, Learning rate:0.00200000
Epoch: 2, Loss: 21.5548, Rmse_valid: 22.5980, valid_score: 19466.7, , rmse_test: 23.7157, score_test: 21593.7, Learning rate:0.00200000
Epoch: 3, Loss: 20.9496, Rmse_valid: 22.8826, valid_score: 21865.4, , rmse_test: 23.5712, score_test: 23256.4, Learning rate:0.00200000
Epoch: 4, Loss: 19.8687, Rmse_valid: 19.4367, valid_score: 16526.9, , rmse_test: 25.3730, score_test: 21680.9, Learning rate:0.00200000
Epoch: 5, Loss: 18.3467, Rmse_valid: 22.2605, valid_score: 28821.3, , rmse_test: 27.7063, score_test: 42998.6, Learning rate:0.00200000
Epoch: 6, Loss: 17.3754, Rmse_valid: 17.2653, valid_score: 7112.8, , rmse_test: 18.6036, score_test: 771.1, Learning rate:0.00200000
Epoch: 7, Loss: 16.4658, Rmse_valid: 18.3698, valid_score: 7213.6, , rmse_test: 18.2746, score_test: 528.5, Learning rate:0.00200000
Epoch: 8, Loss: 15.3549, Rmse_valid: 16.2578, valid_score: 6524.9, , rmse_test: 18.2117, score_test: 750.2, Learning rate:0.00200000
Epoch: 9, Loss: 14.4020, Rmse_valid: 13.3713, valid_score: 5635.5, , rmse_test: 16.8729, score_test: 503.8, Learning rate:0.00200000
Epoch: 10, Loss: 13.5864, Rmse_valid: 12.8425, valid_score: 5006.5, , rmse_test: 17.8466, score_test: 587.0, Learning rate:0.00200000
Epoch: 11, Loss: 11.9595, Rmse_valid: 11.9221, valid_score: 4858.3, , rmse_test: 16.5324, score_test: 559.7, Learning rate:0.00020000
Epoch: 12, Loss: 11.6855, Rmse_valid: 12.4052, valid_score: 4623.3, , rmse_test: 16.4788, score_test: 533.4, Learning rate:0.00020000
Epoch: 13, Loss: 11.4970, Rmse_valid: 13.0347, valid_score: 5251.3, , rmse_test: 16.4819, score_test: 551.3, Learning rate:0.00020000
Epoch: 14, Loss: 11.3290, Rmse_valid: 12.0657, valid_score: 4681.2, , rmse_test: 16.0710, score_test: 453.9, Learning rate:0.00020000
Epoch: 15, Loss: 11.1646, Rmse_valid: 12.9154, valid_score: 5636.5, , rmse_test: 16.1379, score_test: 517.6, Learning rate:0.00020000
Epoch: 16, Loss: 11.0252, Rmse_valid: 12.7605, valid_score: 5462.6, , rmse_test: 16.0546, score_test: 528.6, Learning rate:0.00020000
Epoch: 17, Loss: 10.8851, Rmse_valid: 12.0024, valid_score: 4117.5, , rmse_test: 15.8590, score_test: 383.3, Learning rate:0.00020000
Epoch: 18, Loss: 10.7414, Rmse_valid: 12.5559, valid_score: 4925.4, , rmse_test: 15.7979, score_test: 457.6, Learning rate:0.00020000
Epoch: 19, Loss: 10.6369, Rmse_valid: 12.4021, valid_score: 4486.3, , rmse_test: 15.6486, score_test: 390.0, Learning rate:0.00020000
Epoch: 20, Loss: 10.5444, Rmse_valid: 12.4227, valid_score: 4362.2, , rmse_test: 15.5428, score_test: 373.1, Learning rate:0.00020000
Epoch: 21, Loss: 10.3868, Rmse_valid: 12.2279, valid_score: 4785.1, , rmse_test: 15.5228, score_test: 401.2, Learning rate:0.00002000
Epoch: 22, Loss: 10.3478, Rmse_valid: 12.5471, valid_score: 5139.1, , rmse_test: 15.5887, score_test: 428.6, Learning rate:0.00002000
Epoch: 23, Loss: 10.3384, Rmse_valid: 12.6990, valid_score: 4840.4, , rmse_test: 15.5489, score_test: 405.1, Learning rate:0.00002000
Epoch: 24, Loss: 10.3278, Rmse_valid: 12.4242, valid_score: 4884.5, , rmse_test: 15.5441, score_test: 407.5, Learning rate:0.00002000
Epoch: 25, Loss: 10.3187, Rmse_valid: 12.3334, valid_score: 4860.2, , rmse_test: 15.5578, score_test: 407.7, Learning rate:0.00002000
Epoch: 26, Loss: 10.3046, Rmse_valid: 12.1921, valid_score: 4932.9, , rmse_test: 15.5924, score_test: 418.3, Learning rate:0.00002000
Epoch: 27, Loss: 10.2918, Rmse_valid: 12.6469, valid_score: 4707.5, , rmse_test: 15.5294, score_test: 396.8, Learning rate:0.00002000
Epoch: 28, Loss: 10.2774, Rmse_valid: 12.5174, valid_score: 5028.6, , rmse_test: 15.5550, score_test: 417.8, Learning rate:0.00002000
Epoch: 29, Loss: 10.2628, Rmse_valid: 12.3187, valid_score: 4976.8, , rmse_test: 15.5552, score_test: 412.3, Learning rate:0.00002000
Epoch: 30, Loss: 10.2488, Rmse_valid: 12.3035, valid_score: 4768.2, , rmse_test: 15.5408, score_test: 396.0, Learning rate:0.00002000
[Train Summary] Restored best model from epoch 11, rmse_valid: 11.9221, valid_score: 4858.3, rmse_test: 16.5324, score_test: 559.7
[Train Time] start: 2026-04-20 01:10:14, end: 2026-04-20 01:12:01, duration: 0:01:48, total_seconds: 107.61
[Auto Test] command: /usr/bin/python /CMAPSS-release/scipt/test_model.py --sub-dataset FD001 --smooth-rate 40 --sequence-len 30 --feature-num 14 --dataset-root /CMAPSS-release/CMAPSSData/ --max-rul 125 --batch-size 128 --model-path /CMAPSS-release/logs/FD001_FD001_C/seed17/model_FD001_0420_011014_seed17.pkl
model_path:/CMAPSS-release/logs/FD001_FD001_C/seed17/model_FD001_0420_011014_seed17.pkl
rmse_final:16.44840431213379, score:542.8406372070312
