-----FD004-----
关键参数:
序列长度: 30
批大小(batch_size): 128
最大训练轮数(max_epochs): 30
随机数种子: 33
模型代号(model_code): GAT_EDmamba+30
模型结构(model_structure): mamba_mamba
学习率: 0.002
学习率调度器: step
Step步长(step_size): 10
Step衰减系数(gamma): 0.1
use_gat: True
gat_hidden_dim: 8
编码器: 2层Mamba
解码器: 2层Mamba
encoder_hidden_size: 16
mamba_num_layers: 2
mamba_d_state: 16
------------------------------
Epoch: 1, Loss: 27.7738, Rmse_valid: 22.2239, valid_score: 78697.1, , rmse_test: 25.2431, score_test: 8083.4, Learning rate:0.00200000
Epoch: 2, Loss: 22.5511, Rmse_valid: 19.8504, valid_score: 62328.3, , rmse_test: 21.5175, score_test: 4143.4, Learning rate:0.00200000
Epoch: 3, Loss: 20.3714, Rmse_valid: 22.5327, valid_score: 139621.3, , rmse_test: 23.5544, score_test: 7902.2, Learning rate:0.00200000
Epoch: 4, Loss: 19.1078, Rmse_valid: 18.5005, valid_score: 54009.2, , rmse_test: 20.6347, score_test: 3993.2, Learning rate:0.00200000
Epoch: 5, Loss: 18.3209, Rmse_valid: 17.9483, valid_score: 52623.3, , rmse_test: 18.5108, score_test: 3364.6, Learning rate:0.00200000
Epoch: 6, Loss: 17.7314, Rmse_valid: 17.3325, valid_score: 38537.2, , rmse_test: 17.7742, score_test: 1727.2, Learning rate:0.00200000
Epoch: 7, Loss: 17.1565, Rmse_valid: 19.8696, valid_score: 79710.6, , rmse_test: 22.3384, score_test: 4706.7, Learning rate:0.00200000
Epoch: 8, Loss: 16.7355, Rmse_valid: 18.2448, valid_score: 53558.7, , rmse_test: 20.1253, score_test: 3067.9, Learning rate:0.00200000
Epoch: 9, Loss: 16.3208, Rmse_valid: 16.8073, valid_score: 41399.0, , rmse_test: 17.7753, score_test: 1673.8, Learning rate:0.00200000
Epoch: 10, Loss: 15.9221, Rmse_valid: 17.0576, valid_score: 53601.8, , rmse_test: 18.0739, score_test: 1658.6, Learning rate:0.00200000
Epoch: 11, Loss: 13.6520, Rmse_valid: 18.2546, valid_score: 135165.7, , rmse_test: 18.9054, score_test: 2488.2, Learning rate:0.00020000
Epoch: 12, Loss: 13.3559, Rmse_valid: 18.8397, valid_score: 244718.9, , rmse_test: 18.5551, score_test: 2349.9, Learning rate:0.00020000
Epoch: 13, Loss: 13.1679, Rmse_valid: 18.1727, valid_score: 155996.1, , rmse_test: 18.6616, score_test: 2202.0, Learning rate:0.00020000
Epoch: 14, Loss: 13.0369, Rmse_valid: 18.2812, valid_score: 133625.2, , rmse_test: 18.6064, score_test: 2113.6, Learning rate:0.00020000
Epoch: 15, Loss: 12.9047, Rmse_valid: 18.0453, valid_score: 164070.6, , rmse_test: 18.6355, score_test: 2313.5, Learning rate:0.00020000
Epoch: 16, Loss: 12.8222, Rmse_valid: 18.0294, valid_score: 137776.3, , rmse_test: 19.0938, score_test: 2789.2, Learning rate:0.00020000
Epoch: 17, Loss: 12.7249, Rmse_valid: 18.2491, valid_score: 178433.2, , rmse_test: 18.6769, score_test: 2243.8, Learning rate:0.00020000
Epoch: 18, Loss: 12.5849, Rmse_valid: 18.3063, valid_score: 161475.0, , rmse_test: 19.1880, score_test: 2685.1, Learning rate:0.00020000
Epoch: 19, Loss: 12.5143, Rmse_valid: 18.3612, valid_score: 152273.3, , rmse_test: 19.1716, score_test: 2888.1, Learning rate:0.00020000
Epoch: 20, Loss: 12.3719, Rmse_valid: 18.3117, valid_score: 137007.0, , rmse_test: 18.9282, score_test: 2607.1, Learning rate:0.00020000
Epoch: 21, Loss: 12.1472, Rmse_valid: 18.6327, valid_score: 159847.6, , rmse_test: 19.1806, score_test: 2860.0, Learning rate:0.00002000
Epoch: 22, Loss: 12.1277, Rmse_valid: 18.3943, valid_score: 169104.8, , rmse_test: 19.1446, score_test: 2821.1, Learning rate:0.00002000
Epoch: 23, Loss: 12.1183, Rmse_valid: 18.6094, valid_score: 174367.2, , rmse_test: 19.1450, score_test: 2811.7, Learning rate:0.00002000
Epoch: 24, Loss: 12.1058, Rmse_valid: 18.7736, valid_score: 168804.8, , rmse_test: 19.1590, score_test: 2836.2, Learning rate:0.00002000
Epoch: 25, Loss: 12.0802, Rmse_valid: 18.4040, valid_score: 163639.0, , rmse_test: 19.1873, score_test: 2844.5, Learning rate:0.00002000
Epoch: 26, Loss: 12.0808, Rmse_valid: 18.5404, valid_score: 160252.7, , rmse_test: 19.2408, score_test: 2954.2, Learning rate:0.00002000
Epoch: 27, Loss: 12.0675, Rmse_valid: 18.3734, valid_score: 159862.5, , rmse_test: 19.2176, score_test: 2882.4, Learning rate:0.00002000
Epoch: 28, Loss: 12.0423, Rmse_valid: 18.5899, valid_score: 167301.0, , rmse_test: 19.2270, score_test: 2962.3, Learning rate:0.00002000
Epoch: 29, Loss: 12.0276, Rmse_valid: 18.5028, valid_score: 173984.0, , rmse_test: 19.2436, score_test: 2826.6, Learning rate:0.00002000
Epoch: 30, Loss: 12.0373, Rmse_valid: 18.7596, valid_score: 166255.4, , rmse_test: 19.2970, score_test: 3000.2, Learning rate:0.00002000
[Train Summary] Restored best model from epoch 9, rmse_valid: 16.8073, valid_score: 41399.0, rmse_test: 17.7753, score_test: 1673.8
[Train Time] start: 2026-07-20 10:58:18, end: 2026-07-20 11:05:42, duration: 0:07:24, total_seconds: 443.82
[Auto Test] command: /usr/local/miniconda3/envs/HV/bin/python /Mamba_Rul/test_GAT_EDmamba/test_model.py --sub-dataset FD004 --smooth-rate 40 --sequence-len 30 --feature-num 14 --dataset-root /Mamba_Rul/CMAPSSData/ --max-rul 125 --batch-size 128 --model-path /Mamba_Rul/logs/FD004_GAT_EDmamba+30/seed33/model_FD004_0720_105818_seed33.pkl
model_path:/Mamba_Rul/logs/FD004_GAT_EDmamba+30/seed33/model_FD004_0720_105818_seed33.pkl
rmse_final:17.798377990722656, score:1643.68212890625
