-----FD003-----
关键参数:
序列长度: 30
批大小(batch_size): 128
最大训练轮数(max_epochs): 30
随机数种子: 80
模型代号(model_code): FD003_C_BC_20260422_054641
模型结构(model_structure): encoderdecoder
消融预设(ablation_preset): C - KNN graph + GAT-LSTM with encoder only (no decoder, no AOF)
学习率: 0.002
学习率调度器: step
Step步长(step_size): 10
Step衰减系数(gamma): 0.1
空间GAT: 开启
是否使用解码器LSTM: 否
是否使用AOF: 否
图构建模式(graph_mode): dynamic_knn
GAT层数(num_layers): 2
GAT邻居数(topk): 7
GAT嵌入维度: 8
GAT隐藏层维度: 8
------------------------------
Epoch: 1, Loss: 23.2771, Rmse_valid: 19.5653, valid_score: 22635.0, , rmse_test: 24.4225, score_test: 4956.2, Learning rate:0.00200000
Epoch: 2, Loss: 19.8917, Rmse_valid: 18.2728, valid_score: 18228.1, , rmse_test: 23.4187, score_test: 3588.1, Learning rate:0.00200000
Epoch: 3, Loss: 18.7926, Rmse_valid: 15.6416, valid_score: 15413.1, , rmse_test: 23.3159, score_test: 3925.3, Learning rate:0.00200000
Epoch: 4, Loss: 16.8775, Rmse_valid: 14.1090, valid_score: 12516.5, , rmse_test: 22.5715, score_test: 3415.6, Learning rate:0.00200000
Epoch: 5, Loss: 15.7669, Rmse_valid: 13.9477, valid_score: 11561.7, , rmse_test: 19.5742, score_test: 2580.4, Learning rate:0.00200000
Epoch: 6, Loss: 14.6692, Rmse_valid: 14.2784, valid_score: 9140.0, , rmse_test: 17.8557, score_test: 1477.1, Learning rate:0.00200000
Epoch: 7, Loss: 13.9553, Rmse_valid: 14.4399, valid_score: 7879.3, , rmse_test: 16.7178, score_test: 804.3, Learning rate:0.00200000
Epoch: 8, Loss: 13.1998, Rmse_valid: 12.7514, valid_score: 6916.4, , rmse_test: 18.0802, score_test: 1256.8, Learning rate:0.00200000
Epoch: 9, Loss: 12.8118, Rmse_valid: 11.7240, valid_score: 8774.8, , rmse_test: 17.8759, score_test: 1792.9, Learning rate:0.00200000
Epoch: 10, Loss: 12.3500, Rmse_valid: 12.0728, valid_score: 7601.8, , rmse_test: 18.0172, score_test: 1665.5, Learning rate:0.00200000
Epoch: 11, Loss: 10.9260, Rmse_valid: 11.1582, valid_score: 6133.4, , rmse_test: 17.9228, score_test: 1618.2, Learning rate:0.00020000
Epoch: 12, Loss: 10.7599, Rmse_valid: 10.6315, valid_score: 5980.6, , rmse_test: 18.1285, score_test: 1726.2, Learning rate:0.00020000
Epoch: 13, Loss: 10.6435, Rmse_valid: 10.8112, valid_score: 5464.7, , rmse_test: 18.1369, score_test: 1820.1, Learning rate:0.00020000
Epoch: 14, Loss: 10.5368, Rmse_valid: 10.5901, valid_score: 5381.4, , rmse_test: 18.1107, score_test: 1903.4, Learning rate:0.00020000
Epoch: 15, Loss: 10.4420, Rmse_valid: 10.6442, valid_score: 5304.7, , rmse_test: 18.2494, score_test: 1982.0, Learning rate:0.00020000
Epoch: 16, Loss: 10.3521, Rmse_valid: 10.1977, valid_score: 5249.3, , rmse_test: 18.1644, score_test: 1981.5, Learning rate:0.00020000
Epoch: 17, Loss: 10.2793, Rmse_valid: 10.1498, valid_score: 4828.9, , rmse_test: 17.8323, score_test: 1782.7, Learning rate:0.00020000
Epoch: 18, Loss: 10.2111, Rmse_valid: 10.4785, valid_score: 4747.9, , rmse_test: 17.8713, score_test: 1983.0, Learning rate:0.00020000
Epoch: 19, Loss: 10.1258, Rmse_valid: 10.0523, valid_score: 5162.5, , rmse_test: 18.2758, score_test: 2061.8, Learning rate:0.00020000
Epoch: 20, Loss: 10.0661, Rmse_valid: 10.3180, valid_score: 4805.9, , rmse_test: 18.0960, score_test: 2032.2, Learning rate:0.00020000
Epoch: 21, Loss: 9.9439, Rmse_valid: 10.0657, valid_score: 4736.6, , rmse_test: 18.0303, score_test: 2022.9, Learning rate:0.00002000
Epoch: 22, Loss: 9.9290, Rmse_valid: 10.0263, valid_score: 4742.7, , rmse_test: 18.0046, score_test: 1985.0, Learning rate:0.00002000
Epoch: 23, Loss: 9.9195, Rmse_valid: 10.0489, valid_score: 4779.1, , rmse_test: 18.0373, score_test: 2037.3, Learning rate:0.00002000
Epoch: 24, Loss: 9.9102, Rmse_valid: 9.9814, valid_score: 4816.6, , rmse_test: 18.0870, score_test: 2046.3, Learning rate:0.00002000
Epoch: 25, Loss: 9.9056, Rmse_valid: 10.0754, valid_score: 4678.6, , rmse_test: 17.9799, score_test: 2032.7, Learning rate:0.00002000
Epoch: 26, Loss: 9.8954, Rmse_valid: 10.0269, valid_score: 4750.1, , rmse_test: 17.9752, score_test: 1990.7, Learning rate:0.00002000
Epoch: 27, Loss: 9.8888, Rmse_valid: 10.0198, valid_score: 4707.9, , rmse_test: 17.9736, score_test: 1998.1, Learning rate:0.00002000
Epoch: 28, Loss: 9.8824, Rmse_valid: 9.9835, valid_score: 4776.2, , rmse_test: 18.0406, score_test: 2014.5, Learning rate:0.00002000
Epoch: 29, Loss: 9.8736, Rmse_valid: 10.0472, valid_score: 4693.3, , rmse_test: 17.9627, score_test: 2003.4, Learning rate:0.00002000
Epoch: 30, Loss: 9.8690, Rmse_valid: 10.0017, valid_score: 4768.4, , rmse_test: 17.9983, score_test: 2003.7, Learning rate:0.00002000
[Train Summary] Restored best model from epoch 24, rmse_valid: 9.9814, valid_score: 4816.6, rmse_test: 18.0870, score_test: 2046.3
[Train Time] start: 2026-04-22 12:08:51, end: 2026-04-22 12:10:25, duration: 0:01:34, total_seconds: 93.51
[Auto Test] command: /usr/bin/python /CMAPSS-release/scipt/test_model.py --sub-dataset FD003 --smooth-rate 40 --sequence-len 30 --feature-num 14 --dataset-root /CMAPSS-release/CMAPSSData/ --max-rul 125 --batch-size 128 --model-path /CMAPSS-release/logs/FD003_FD003_C_BC_20260422_054641/seed80/model_FD003_0422_120851_seed80.pkl
model_path:/CMAPSS-release/logs/FD003_FD003_C_BC_20260422_054641/seed80/model_FD003_0422_120851_seed80.pkl
rmse_final:18.022764205932617, score:1988.77978515625
