-----FD004-----
关键参数:
序列长度: 30
批大小(batch_size): 128
最大训练轮数(max_epochs): 30
随机数种子: 30
模型代号(model_code): GAT_EDmamba+30
模型结构(model_structure): mamba_mamba
学习率: 0.002
学习率调度器: step
Step步长(step_size): 10
Step衰减系数(gamma): 0.1
use_gat: True
gat_hidden_dim: 8
编码器: 2层Mamba
解码器: 2层Mamba
encoder_hidden_size: 16
mamba_num_layers: 2
mamba_d_state: 16
------------------------------
Epoch: 1, Loss: 29.4056, Rmse_valid: 25.9765, valid_score: 193183.3, , rmse_test: 28.5326, score_test: 29488.8, Learning rate:0.00200000
Epoch: 2, Loss: 22.7773, Rmse_valid: 20.1382, valid_score: 79158.7, , rmse_test: 21.6143, score_test: 4779.1, Learning rate:0.00200000
Epoch: 3, Loss: 20.2985, Rmse_valid: 21.8606, valid_score: 97144.4, , rmse_test: 24.8214, score_test: 5917.4, Learning rate:0.00200000
Epoch: 4, Loss: 18.9717, Rmse_valid: 18.0086, valid_score: 40011.1, , rmse_test: 18.4639, score_test: 2189.8, Learning rate:0.00200000
Epoch: 5, Loss: 18.1178, Rmse_valid: 17.4722, valid_score: 29214.7, , rmse_test: 18.4226, score_test: 1741.5, Learning rate:0.00200000
Epoch: 6, Loss: 17.6563, Rmse_valid: 18.7378, valid_score: 55376.4, , rmse_test: 19.9919, score_test: 2810.3, Learning rate:0.00200000
Epoch: 7, Loss: 17.2655, Rmse_valid: 20.6820, valid_score: 148848.0, , rmse_test: 20.0620, score_test: 3672.6, Learning rate:0.00200000
Epoch: 8, Loss: 16.7765, Rmse_valid: 19.9725, valid_score: 63800.5, , rmse_test: 19.5921, score_test: 2019.3, Learning rate:0.00200000
Epoch: 9, Loss: 16.4569, Rmse_valid: 17.1422, valid_score: 47709.8, , rmse_test: 18.2678, score_test: 2477.0, Learning rate:0.00200000
Epoch: 10, Loss: 16.1049, Rmse_valid: 18.3231, valid_score: 83902.3, , rmse_test: 17.9489, score_test: 2335.9, Learning rate:0.00200000
Epoch: 11, Loss: 13.7399, Rmse_valid: 17.2522, valid_score: 58653.7, , rmse_test: 17.5412, score_test: 1857.9, Learning rate:0.00020000
Epoch: 12, Loss: 13.4325, Rmse_valid: 17.7141, valid_score: 70168.7, , rmse_test: 17.6763, score_test: 1826.3, Learning rate:0.00020000
Epoch: 13, Loss: 13.2813, Rmse_valid: 17.7933, valid_score: 66437.1, , rmse_test: 17.4930, score_test: 1654.8, Learning rate:0.00020000
Epoch: 14, Loss: 13.1380, Rmse_valid: 17.3756, valid_score: 55177.9, , rmse_test: 17.6640, score_test: 1794.9, Learning rate:0.00020000
Epoch: 15, Loss: 13.0315, Rmse_valid: 17.6617, valid_score: 72049.1, , rmse_test: 17.9885, score_test: 1945.2, Learning rate:0.00020000
Epoch: 16, Loss: 12.9528, Rmse_valid: 17.6987, valid_score: 76516.8, , rmse_test: 17.7334, score_test: 1818.4, Learning rate:0.00020000
Epoch: 17, Loss: 12.8201, Rmse_valid: 17.6503, valid_score: 64880.3, , rmse_test: 17.5111, score_test: 1738.7, Learning rate:0.00020000
Epoch: 18, Loss: 12.7684, Rmse_valid: 17.7048, valid_score: 62486.1, , rmse_test: 17.9138, score_test: 1924.3, Learning rate:0.00020000
Epoch: 19, Loss: 12.6877, Rmse_valid: 17.9570, valid_score: 71831.8, , rmse_test: 17.5828, score_test: 1708.9, Learning rate:0.00020000
Epoch: 20, Loss: 12.5980, Rmse_valid: 17.8139, valid_score: 85681.6, , rmse_test: 17.9000, score_test: 1891.2, Learning rate:0.00020000
Epoch: 21, Loss: 12.3637, Rmse_valid: 17.7871, valid_score: 84681.7, , rmse_test: 17.8839, score_test: 1873.3, Learning rate:0.00002000
Epoch: 22, Loss: 12.3249, Rmse_valid: 18.0785, valid_score: 91723.5, , rmse_test: 17.7985, score_test: 1824.6, Learning rate:0.00002000
Epoch: 23, Loss: 12.3086, Rmse_valid: 17.7846, valid_score: 99512.4, , rmse_test: 17.9465, score_test: 1928.5, Learning rate:0.00002000
Epoch: 24, Loss: 12.3020, Rmse_valid: 17.8092, valid_score: 95648.7, , rmse_test: 17.8337, score_test: 1853.5, Learning rate:0.00002000
Epoch: 25, Loss: 12.2937, Rmse_valid: 17.9143, valid_score: 94058.6, , rmse_test: 17.9501, score_test: 1899.6, Learning rate:0.00002000
Epoch: 26, Loss: 12.2892, Rmse_valid: 18.0821, valid_score: 106868.7, , rmse_test: 18.0777, score_test: 1958.7, Learning rate:0.00002000
Epoch: 27, Loss: 12.2423, Rmse_valid: 17.8492, valid_score: 105003.6, , rmse_test: 18.0626, score_test: 1929.6, Learning rate:0.00002000
Epoch: 28, Loss: 12.2306, Rmse_valid: 17.9921, valid_score: 102715.4, , rmse_test: 17.8968, score_test: 1890.6, Learning rate:0.00002000
Epoch: 29, Loss: 12.2243, Rmse_valid: 18.0118, valid_score: 95531.0, , rmse_test: 17.9517, score_test: 1889.3, Learning rate:0.00002000
Epoch: 30, Loss: 12.2336, Rmse_valid: 18.0465, valid_score: 112646.2, , rmse_test: 17.8392, score_test: 1874.5, Learning rate:0.00002000
[Train Summary] Restored best model from epoch 9, rmse_valid: 17.1422, valid_score: 47709.8, rmse_test: 18.2678, score_test: 2477.0
[Train Time] start: 2026-07-20 10:50:25, end: 2026-07-20 10:57:40, duration: 0:07:15, total_seconds: 435.01
[Auto Test] command: /usr/local/miniconda3/envs/HV/bin/python /Mamba_Rul/test_GAT_EDmamba/test_model.py --sub-dataset FD004 --smooth-rate 40 --sequence-len 30 --feature-num 14 --dataset-root /Mamba_Rul/CMAPSSData/ --max-rul 125 --batch-size 128 --model-path /Mamba_Rul/logs/FD004_GAT_EDmamba+30/seed30/model_FD004_0720_105025_seed30.pkl
model_path:/Mamba_Rul/logs/FD004_GAT_EDmamba+30/seed30/model_FD004_0720_105025_seed30.pkl
rmse_final:18.189414978027344, score:2417.7177734375
