-----FD004-----
关键参数:
序列长度: 30
批大小(batch_size): 128
最大训练轮数(max_epochs): 30
随机数种子: 30
模型代号(model_code): FD004_A
模型结构(model_structure): encoderdecoder
消融预设(ablation_preset): A - Path graph + GAT + EncoderDecoder-LSTM with AOF
学习率: 0.002
学习率调度器: step
Step步长(step_size): 10
Step衰减系数(gamma): 0.1
空间GAT: 开启
是否使用解码器LSTM: 是
是否使用AOF: 是
Decoder注意力隐层维度: 28
Decoder融合方式: concat
图构建模式(graph_mode): path
GAT层数(num_layers): 2
GAT邻居数(topk): 7
GAT嵌入维度: 8
GAT隐藏层维度: 8
------------------------------
Epoch: 1, Loss: 27.2927, Rmse_valid: 20.6567, valid_score: 54657.2, , rmse_test: 22.5420, score_test: 4143.4, Learning rate:0.00200000
Epoch: 2, Loss: 21.5511, Rmse_valid: 20.0771, valid_score: 79767.1, , rmse_test: 22.1820, score_test: 5143.6, Learning rate:0.00200000
Epoch: 3, Loss: 20.2943, Rmse_valid: 19.5467, valid_score: 69684.5, , rmse_test: 20.8715, score_test: 5448.1, Learning rate:0.00200000
Epoch: 4, Loss: 19.3409, Rmse_valid: 20.7518, valid_score: 106300.2, , rmse_test: 20.7077, score_test: 3826.5, Learning rate:0.00200000
Epoch: 5, Loss: 18.6452, Rmse_valid: 22.4258, valid_score: 155222.7, , rmse_test: 21.9064, score_test: 5159.5, Learning rate:0.00200000
Epoch: 6, Loss: 18.0043, Rmse_valid: 22.4595, valid_score: 160871.3, , rmse_test: 22.3225, score_test: 5839.7, Learning rate:0.00200000
Epoch: 7, Loss: 17.5495, Rmse_valid: 19.5667, valid_score: 80948.8, , rmse_test: 18.7119, score_test: 2078.4, Learning rate:0.00200000
Epoch: 8, Loss: 17.1837, Rmse_valid: 18.6827, valid_score: 65475.5, , rmse_test: 19.1284, score_test: 3626.8, Learning rate:0.00200000
Epoch: 9, Loss: 16.7660, Rmse_valid: 18.3868, valid_score: 67256.7, , rmse_test: 18.2194, score_test: 2328.1, Learning rate:0.00200000
Epoch: 10, Loss: 16.6000, Rmse_valid: 19.0113, valid_score: 60913.5, , rmse_test: 18.3404, score_test: 2073.5, Learning rate:0.00200000
Epoch: 11, Loss: 14.8736, Rmse_valid: 17.5925, valid_score: 60134.3, , rmse_test: 18.1962, score_test: 2378.0, Learning rate:0.00020000
Epoch: 12, Loss: 14.7179, Rmse_valid: 17.7714, valid_score: 66544.0, , rmse_test: 17.8661, score_test: 1916.4, Learning rate:0.00020000
Epoch: 13, Loss: 14.6253, Rmse_valid: 17.6302, valid_score: 58218.6, , rmse_test: 17.9219, score_test: 2017.9, Learning rate:0.00020000
Epoch: 14, Loss: 14.5481, Rmse_valid: 17.8745, valid_score: 72039.4, , rmse_test: 18.2672, score_test: 2421.1, Learning rate:0.00020000
Epoch: 15, Loss: 14.4780, Rmse_valid: 17.7233, valid_score: 60241.7, , rmse_test: 18.2411, score_test: 2393.0, Learning rate:0.00020000
Epoch: 16, Loss: 14.4198, Rmse_valid: 17.9413, valid_score: 64236.7, , rmse_test: 17.9343, score_test: 2131.7, Learning rate:0.00020000
Epoch: 17, Loss: 14.3696, Rmse_valid: 17.6367, valid_score: 61108.6, , rmse_test: 17.9415, score_test: 2109.1, Learning rate:0.00020000
Epoch: 18, Loss: 14.3144, Rmse_valid: 17.8222, valid_score: 66992.9, , rmse_test: 18.1876, score_test: 2287.1, Learning rate:0.00020000
Epoch: 19, Loss: 14.2610, Rmse_valid: 17.6603, valid_score: 62578.1, , rmse_test: 17.7579, score_test: 1917.7, Learning rate:0.00020000
Epoch: 20, Loss: 14.2119, Rmse_valid: 17.6010, valid_score: 62826.9, , rmse_test: 18.2659, score_test: 2248.2, Learning rate:0.00020000
Epoch: 21, Loss: 14.0825, Rmse_valid: 17.4312, valid_score: 57896.0, , rmse_test: 17.9350, score_test: 2027.7, Learning rate:0.00002000
Epoch: 22, Loss: 14.0644, Rmse_valid: 17.4557, valid_score: 59128.6, , rmse_test: 17.9303, score_test: 2031.6, Learning rate:0.00002000
Epoch: 23, Loss: 14.0576, Rmse_valid: 17.5314, valid_score: 61323.0, , rmse_test: 18.0127, score_test: 2104.5, Learning rate:0.00002000
Epoch: 24, Loss: 14.0530, Rmse_valid: 17.6581, valid_score: 60900.5, , rmse_test: 17.9525, score_test: 2075.4, Learning rate:0.00002000
Epoch: 25, Loss: 14.0432, Rmse_valid: 17.4610, valid_score: 56982.9, , rmse_test: 17.9249, score_test: 1930.6, Learning rate:0.00002000
Epoch: 26, Loss: 14.0405, Rmse_valid: 17.4817, valid_score: 58275.9, , rmse_test: 17.9650, score_test: 2057.1, Learning rate:0.00002000
Epoch: 27, Loss: 14.0341, Rmse_valid: 17.5502, valid_score: 61208.7, , rmse_test: 17.9541, score_test: 2077.3, Learning rate:0.00002000
Epoch: 28, Loss: 14.0293, Rmse_valid: 17.4954, valid_score: 60464.6, , rmse_test: 18.0081, score_test: 2085.0, Learning rate:0.00002000
Epoch: 29, Loss: 14.0228, Rmse_valid: 17.5656, valid_score: 59672.7, , rmse_test: 17.9818, score_test: 2096.8, Learning rate:0.00002000
Epoch: 30, Loss: 14.0175, Rmse_valid: 17.5606, valid_score: 60320.3, , rmse_test: 17.9878, score_test: 2088.5, Learning rate:0.00002000
[Train Summary] Restored best model from epoch 21, rmse_valid: 17.4312, valid_score: 57896.0, rmse_test: 17.9350, score_test: 2027.7
[Train Time] start: 2026-04-20 10:28:08, end: 2026-04-20 10:35:16, duration: 0:07:08, total_seconds: 428.02
[Auto Test] command: /usr/bin/python /CMAPSS-release/scipt/test_model.py --sub-dataset FD004 --smooth-rate 40 --sequence-len 30 --feature-num 14 --dataset-root /CMAPSS-release/CMAPSSData/ --max-rul 125 --batch-size 128 --model-path /CMAPSS-release/logs/FD004_FD004_A/seed30/model_FD004_0420_102808_seed30.pkl
model_path:/CMAPSS-release/logs/FD004_FD004_A/seed30/model_FD004_0420_102808_seed30.pkl
rmse_final:17.842727661132812, score:1934.5498046875
