-----FD004-----
关键参数:
序列长度: 30
批大小(batch_size): 128
最大训练轮数(max_epochs): 30
随机数种子: 33
模型代号(model_code): FD004_A
模型结构(model_structure): encoderdecoder
消融预设(ablation_preset): A - Path graph + GAT + EncoderDecoder-LSTM with AOF
学习率: 0.002
学习率调度器: step
Step步长(step_size): 10
Step衰减系数(gamma): 0.1
空间GAT: 开启
是否使用解码器LSTM: 是
是否使用AOF: 是
Decoder注意力隐层维度: 28
Decoder融合方式: concat
图构建模式(graph_mode): path
GAT层数(num_layers): 2
GAT邻居数(topk): 7
GAT嵌入维度: 8
GAT隐藏层维度: 8
------------------------------
Epoch: 1, Loss: 25.5260, Rmse_valid: 21.3978, valid_score: 85860.8, , rmse_test: 25.1584, score_test: 9213.5, Learning rate:0.00200000
Epoch: 2, Loss: 21.4101, Rmse_valid: 20.4852, valid_score: 83542.0, , rmse_test: 21.4134, score_test: 4699.5, Learning rate:0.00200000
Epoch: 3, Loss: 19.9429, Rmse_valid: 18.5077, valid_score: 50127.8, , rmse_test: 20.3801, score_test: 4013.8, Learning rate:0.00200000
Epoch: 4, Loss: 19.2097, Rmse_valid: 18.6594, valid_score: 41605.0, , rmse_test: 19.2564, score_test: 2367.8, Learning rate:0.00200000
Epoch: 5, Loss: 18.5629, Rmse_valid: 17.9826, valid_score: 33769.7, , rmse_test: 18.5871, score_test: 1616.0, Learning rate:0.00200000
Epoch: 6, Loss: 17.9566, Rmse_valid: 17.8334, valid_score: 41515.6, , rmse_test: 19.2051, score_test: 2753.9, Learning rate:0.00200000
Epoch: 7, Loss: 17.6277, Rmse_valid: 18.8697, valid_score: 75760.2, , rmse_test: 20.2108, score_test: 4694.3, Learning rate:0.00200000
Epoch: 8, Loss: 17.2186, Rmse_valid: 18.2392, valid_score: 33573.3, , rmse_test: 18.8049, score_test: 1575.8, Learning rate:0.00200000
Epoch: 9, Loss: 16.8128, Rmse_valid: 18.1827, valid_score: 57679.6, , rmse_test: 18.5299, score_test: 2195.9, Learning rate:0.00200000
Epoch: 10, Loss: 16.5429, Rmse_valid: 17.6576, valid_score: 49484.0, , rmse_test: 17.9205, score_test: 1782.3, Learning rate:0.00200000
Epoch: 11, Loss: 14.8627, Rmse_valid: 17.4395, valid_score: 48244.0, , rmse_test: 17.5831, score_test: 1809.6, Learning rate:0.00020000
Epoch: 12, Loss: 14.6383, Rmse_valid: 17.4366, valid_score: 51230.3, , rmse_test: 17.5993, score_test: 1864.7, Learning rate:0.00020000
Epoch: 13, Loss: 14.5141, Rmse_valid: 17.1722, valid_score: 45500.2, , rmse_test: 17.5716, score_test: 1718.6, Learning rate:0.00020000
Epoch: 14, Loss: 14.4182, Rmse_valid: 17.3569, valid_score: 48429.6, , rmse_test: 17.3096, score_test: 1706.4, Learning rate:0.00020000
Epoch: 15, Loss: 14.3514, Rmse_valid: 17.3893, valid_score: 47461.7, , rmse_test: 17.4563, score_test: 1633.5, Learning rate:0.00020000
Epoch: 16, Loss: 14.2622, Rmse_valid: 17.4311, valid_score: 51358.3, , rmse_test: 17.4075, score_test: 1742.7, Learning rate:0.00020000
Epoch: 17, Loss: 14.2139, Rmse_valid: 17.4018, valid_score: 47758.7, , rmse_test: 17.2900, score_test: 1698.5, Learning rate:0.00020000
Epoch: 18, Loss: 14.1572, Rmse_valid: 17.3575, valid_score: 49615.9, , rmse_test: 17.2059, score_test: 1769.4, Learning rate:0.00020000
Epoch: 19, Loss: 14.0999, Rmse_valid: 17.1154, valid_score: 44626.6, , rmse_test: 17.1158, score_test: 1736.0, Learning rate:0.00020000
Epoch: 20, Loss: 14.0432, Rmse_valid: 17.2531, valid_score: 45718.6, , rmse_test: 17.0565, score_test: 1634.9, Learning rate:0.00020000
Epoch: 21, Loss: 13.9021, Rmse_valid: 17.1392, valid_score: 47376.2, , rmse_test: 17.1773, score_test: 1689.3, Learning rate:0.00002000
Epoch: 22, Loss: 13.8882, Rmse_valid: 17.4053, valid_score: 47392.6, , rmse_test: 17.1987, score_test: 1704.1, Learning rate:0.00002000
Epoch: 23, Loss: 13.8786, Rmse_valid: 17.2339, valid_score: 46981.7, , rmse_test: 17.1941, score_test: 1703.1, Learning rate:0.00002000
Epoch: 24, Loss: 13.8717, Rmse_valid: 17.3974, valid_score: 46602.7, , rmse_test: 17.2152, score_test: 1683.5, Learning rate:0.00002000
Epoch: 25, Loss: 13.8654, Rmse_valid: 17.2172, valid_score: 45725.4, , rmse_test: 17.1594, score_test: 1666.4, Learning rate:0.00002000
Epoch: 26, Loss: 13.8595, Rmse_valid: 17.3307, valid_score: 48594.4, , rmse_test: 17.1500, score_test: 1696.6, Learning rate:0.00002000
Epoch: 27, Loss: 13.8536, Rmse_valid: 17.3133, valid_score: 47138.3, , rmse_test: 17.1408, score_test: 1691.4, Learning rate:0.00002000
Epoch: 28, Loss: 13.8462, Rmse_valid: 17.5868, valid_score: 50201.7, , rmse_test: 17.1770, score_test: 1741.6, Learning rate:0.00002000
Epoch: 29, Loss: 13.8431, Rmse_valid: 17.1982, valid_score: 48391.0, , rmse_test: 17.1253, score_test: 1701.0, Learning rate:0.00002000
Epoch: 30, Loss: 13.8391, Rmse_valid: 17.4268, valid_score: 46870.4, , rmse_test: 17.0722, score_test: 1656.0, Learning rate:0.00002000
[Train Summary] Restored best model from epoch 19, rmse_valid: 17.1154, valid_score: 44626.6, rmse_test: 17.1158, score_test: 1736.0
[Train Time] start: 2026-04-20 10:36:13, end: 2026-04-20 10:41:35, duration: 0:05:22, total_seconds: 321.78
[Auto Test] command: /usr/bin/python /CMAPSS-release/scipt/test_model.py --sub-dataset FD004 --smooth-rate 40 --sequence-len 30 --feature-num 14 --dataset-root /CMAPSS-release/CMAPSSData/ --max-rul 125 --batch-size 128 --model-path /CMAPSS-release/logs/FD004_FD004_A/seed33/model_FD004_0420_103613_seed33.pkl
model_path:/CMAPSS-release/logs/FD004_FD004_A/seed33/model_FD004_0420_103613_seed33.pkl
rmse_final:17.02749252319336, score:1674.332275390625
