-----FD001-----
关键参数:
序列长度: 30
批大小(batch_size): 128
最大训练轮数(max_epochs): 30
随机数种子: 88
模型代号(model_code): A_weight_decay_0.0001
模型结构(model_structure): encoderdecoder
消融预设(ablation_preset): A - KNN graph + GAT-LSTM with encoder and decoder (AEF on)
学习率: 0.002
学习率调度器: step
Step步长(step_size): 10
Step衰减系数(gamma): 0.1
空间GAT: 开启
是否使用解码器LSTM: 是
是否使用AEF: 是
Decoder注意力隐层维度: 28
图构建模式(graph_mode): dynamic_knn
GAT层数(num_layers): 2
GAT邻居数(topk): 7
GAT嵌入维度: 8
GAT隐藏层维度: 8
------------------------------
Epoch: 1, Loss: 25.9192, Rmse_valid: 20.8735, valid_score: 16249.0, , rmse_test: 22.3653, score_test: 8017.3, Learning rate:0.00200000
Epoch: 2, Loss: 19.7235, Rmse_valid: 17.1582, valid_score: 9430.7, , rmse_test: 21.0319, score_test: 5088.3, Learning rate:0.00200000
Epoch: 3, Loss: 18.6250, Rmse_valid: 17.4024, valid_score: 21858.5, , rmse_test: 21.8747, score_test: 1875.7, Learning rate:0.00200000
Epoch: 4, Loss: 17.0957, Rmse_valid: 15.6251, valid_score: 11041.1, , rmse_test: 18.1283, score_test: 803.7, Learning rate:0.00200000
Epoch: 5, Loss: 15.1908, Rmse_valid: 12.8980, valid_score: 4559.7, , rmse_test: 14.6039, score_test: 334.4, Learning rate:0.00200000
Epoch: 6, Loss: 13.7586, Rmse_valid: 12.4289, valid_score: 5909.1, , rmse_test: 15.7656, score_test: 462.8, Learning rate:0.00200000
Epoch: 7, Loss: 13.4960, Rmse_valid: 11.8513, valid_score: 4814.9, , rmse_test: 15.4345, score_test: 538.6, Learning rate:0.00200000
Epoch: 8, Loss: 12.9289, Rmse_valid: 11.6324, valid_score: 3680.7, , rmse_test: 14.3309, score_test: 431.2, Learning rate:0.00200000
Epoch: 9, Loss: 12.6266, Rmse_valid: 12.6824, valid_score: 3702.0, , rmse_test: 14.3098, score_test: 271.7, Learning rate:0.00200000
Epoch: 10, Loss: 12.5580, Rmse_valid: 10.9396, valid_score: 3178.9, , rmse_test: 13.5499, score_test: 289.0, Learning rate:0.00200000
Epoch: 11, Loss: 11.1598, Rmse_valid: 11.1053, valid_score: 3564.5, , rmse_test: 13.7714, score_test: 343.3, Learning rate:0.00020000
Epoch: 12, Loss: 10.9790, Rmse_valid: 11.0290, valid_score: 4016.1, , rmse_test: 14.0396, score_test: 403.5, Learning rate:0.00020000
Epoch: 13, Loss: 10.8878, Rmse_valid: 11.0851, valid_score: 3665.2, , rmse_test: 13.8986, score_test: 373.7, Learning rate:0.00020000
Epoch: 14, Loss: 10.8296, Rmse_valid: 10.7696, valid_score: 3894.1, , rmse_test: 13.8347, score_test: 368.9, Learning rate:0.00020000
Epoch: 15, Loss: 10.7544, Rmse_valid: 10.9862, valid_score: 4021.5, , rmse_test: 14.0199, score_test: 401.8, Learning rate:0.00020000
Epoch: 16, Loss: 10.7014, Rmse_valid: 11.1474, valid_score: 4509.2, , rmse_test: 14.4607, score_test: 440.8, Learning rate:0.00020000
Epoch: 17, Loss: 10.6476, Rmse_valid: 10.5793, valid_score: 3542.2, , rmse_test: 13.7130, score_test: 350.6, Learning rate:0.00020000
Epoch: 18, Loss: 10.5920, Rmse_valid: 11.0071, valid_score: 3906.6, , rmse_test: 14.0137, score_test: 397.8, Learning rate:0.00020000
Epoch: 19, Loss: 10.5501, Rmse_valid: 10.7259, valid_score: 4017.6, , rmse_test: 14.0932, score_test: 408.8, Learning rate:0.00020000
Epoch: 20, Loss: 10.5052, Rmse_valid: 10.8403, valid_score: 3932.9, , rmse_test: 13.7211, score_test: 334.4, Learning rate:0.00020000
Epoch: 21, Loss: 10.4180, Rmse_valid: 10.7994, valid_score: 4000.6, , rmse_test: 13.8952, score_test: 368.0, Learning rate:0.00002000
Epoch: 22, Loss: 10.3909, Rmse_valid: 10.9476, valid_score: 3845.1, , rmse_test: 13.8047, score_test: 355.6, Learning rate:0.00002000
Epoch: 23, Loss: 10.3911, Rmse_valid: 10.6298, valid_score: 4102.7, , rmse_test: 14.0258, score_test: 391.1, Learning rate:0.00002000
Epoch: 24, Loss: 10.3891, Rmse_valid: 10.4756, valid_score: 3896.8, , rmse_test: 13.8846, score_test: 368.1, Learning rate:0.00002000
Epoch: 25, Loss: 10.3769, Rmse_valid: 10.6241, valid_score: 3824.8, , rmse_test: 13.8263, score_test: 360.6, Learning rate:0.00002000
Epoch: 26, Loss: 10.3824, Rmse_valid: 10.9687, valid_score: 3863.6, , rmse_test: 13.8728, score_test: 367.8, Learning rate:0.00002000
Epoch: 27, Loss: 10.3701, Rmse_valid: 11.0600, valid_score: 4002.3, , rmse_test: 13.9365, score_test: 378.4, Learning rate:0.00002000
Epoch: 28, Loss: 10.3586, Rmse_valid: 10.7497, valid_score: 3997.9, , rmse_test: 13.9295, score_test: 377.1, Learning rate:0.00002000
Epoch: 29, Loss: 10.3506, Rmse_valid: 10.4322, valid_score: 3871.2, , rmse_test: 13.8708, score_test: 368.3, Learning rate:0.00002000
Epoch: 30, Loss: 10.3520, Rmse_valid: 10.7335, valid_score: 4029.4, , rmse_test: 13.9720, score_test: 383.2, Learning rate:0.00002000
[Train Summary] Restored best model from epoch 29, rmse_valid: 10.4322, valid_score: 3871.2, rmse_test: 13.8708, score_test: 368.3
[Train Time] start: 2026-04-27 18:13:54, end: 2026-04-27 18:15:28, duration: 0:01:34, total_seconds: 94.27
[Auto Test] command: /usr/bin/python /CMAPSS-release/scipt/test_model.py --sub-dataset FD001 --smooth-rate 30 --sequence-len 30 --feature-num 14 --dataset-root /CMAPSS-release/CMAPSSData/ --max-rul 125 --batch-size 128 --model-path /CMAPSS-release/logs/FD001_A_weight_decay_0.0001/seed88/model_FD001_0427_181354_seed88.pkl
model_path:/CMAPSS-release/logs/FD001_A_weight_decay_0.0001/seed88/model_FD001_0427_181354_seed88.pkl
rmse_final:13.716049194335938, score:352.14715576171875
