-----FD001-----
关键参数:
序列长度: 30
批大小(batch_size): 128
最大训练轮数(max_epochs): 30
随机数种子: 33
模型代号(model_code): FD001_B
模型结构(model_structure): encoderdecoder
消融预设(ablation_preset): B - Path graph + GAT + EncoderDecoder-LSTM without AOF
学习率: 0.002
学习率调度器: step
Step步长(step_size): 10
Step衰减系数(gamma): 0.1
空间GAT: 开启
是否使用解码器LSTM: 是
是否使用AOF: 否
Decoder注意力隐层维度: 28
图构建模式(graph_mode): path
GAT层数(num_layers): 2
GAT邻居数(topk): 7
GAT嵌入维度: 8
GAT隐藏层维度: 8
------------------------------
Epoch: 1, Loss: 24.2939, Rmse_valid: 22.1074, valid_score: 16458.5, , rmse_test: 23.3597, score_test: 13112.5, Learning rate:0.00200000
Epoch: 2, Loss: 18.9985, Rmse_valid: 15.9857, valid_score: 6347.9, , rmse_test: 17.2303, score_test: 747.3, Learning rate:0.00200000
Epoch: 3, Loss: 15.0983, Rmse_valid: 15.2149, valid_score: 9427.1, , rmse_test: 16.9725, score_test: 528.4, Learning rate:0.00200000
Epoch: 4, Loss: 13.1824, Rmse_valid: 12.2818, valid_score: 4320.1, , rmse_test: 14.1624, score_test: 319.6, Learning rate:0.00200000
Epoch: 5, Loss: 12.2642, Rmse_valid: 11.3275, valid_score: 4050.2, , rmse_test: 13.5255, score_test: 279.6, Learning rate:0.00200000
Epoch: 6, Loss: 11.7797, Rmse_valid: 12.1902, valid_score: 4985.5, , rmse_test: 14.2033, score_test: 311.7, Learning rate:0.00200000
Epoch: 7, Loss: 11.3549, Rmse_valid: 11.5992, valid_score: 4890.3, , rmse_test: 14.4153, score_test: 417.1, Learning rate:0.00200000
Epoch: 8, Loss: 11.0805, Rmse_valid: 10.7001, valid_score: 4194.9, , rmse_test: 13.8298, score_test: 298.7, Learning rate:0.00200000
Epoch: 9, Loss: 10.9871, Rmse_valid: 11.5156, valid_score: 4285.2, , rmse_test: 14.0097, score_test: 316.6, Learning rate:0.00200000
Epoch: 10, Loss: 10.5606, Rmse_valid: 11.3076, valid_score: 5030.8, , rmse_test: 14.4566, score_test: 415.6, Learning rate:0.00200000
Epoch: 11, Loss: 9.6865, Rmse_valid: 11.0235, valid_score: 5161.7, , rmse_test: 13.6578, score_test: 367.7, Learning rate:0.00020000
Epoch: 12, Loss: 9.5743, Rmse_valid: 10.9630, valid_score: 4542.6, , rmse_test: 13.4189, score_test: 326.7, Learning rate:0.00020000
Epoch: 13, Loss: 9.5451, Rmse_valid: 10.5970, valid_score: 4126.0, , rmse_test: 13.4414, score_test: 322.1, Learning rate:0.00020000
Epoch: 14, Loss: 9.4878, Rmse_valid: 10.7477, valid_score: 4039.8, , rmse_test: 13.3761, score_test: 305.6, Learning rate:0.00020000
Epoch: 15, Loss: 9.4492, Rmse_valid: 11.1922, valid_score: 4171.3, , rmse_test: 13.4151, score_test: 306.9, Learning rate:0.00020000
Epoch: 16, Loss: 9.4008, Rmse_valid: 10.7199, valid_score: 4556.5, , rmse_test: 13.5638, score_test: 355.6, Learning rate:0.00020000
Epoch: 17, Loss: 9.3641, Rmse_valid: 11.1119, valid_score: 4433.6, , rmse_test: 13.4688, score_test: 327.0, Learning rate:0.00020000
Epoch: 18, Loss: 9.3199, Rmse_valid: 11.3272, valid_score: 5220.2, , rmse_test: 13.6247, score_test: 360.2, Learning rate:0.00020000
Epoch: 19, Loss: 9.2829, Rmse_valid: 10.9188, valid_score: 4294.7, , rmse_test: 13.4114, score_test: 308.6, Learning rate:0.00020000
Epoch: 20, Loss: 9.2378, Rmse_valid: 10.5609, valid_score: 4429.1, , rmse_test: 13.4339, score_test: 320.9, Learning rate:0.00020000
Epoch: 21, Loss: 9.1647, Rmse_valid: 11.0987, valid_score: 4597.1, , rmse_test: 13.4299, score_test: 330.1, Learning rate:0.00002000
Epoch: 22, Loss: 9.1610, Rmse_valid: 10.6503, valid_score: 4624.6, , rmse_test: 13.4615, score_test: 334.1, Learning rate:0.00002000
Epoch: 23, Loss: 9.1511, Rmse_valid: 11.5752, valid_score: 4577.7, , rmse_test: 13.4314, score_test: 328.4, Learning rate:0.00002000
Epoch: 24, Loss: 9.1474, Rmse_valid: 10.7382, valid_score: 4519.8, , rmse_test: 13.4021, score_test: 324.5, Learning rate:0.00002000
Epoch: 25, Loss: 9.1434, Rmse_valid: 10.7562, valid_score: 4671.4, , rmse_test: 13.4555, score_test: 335.0, Learning rate:0.00002000
Epoch: 26, Loss: 9.1315, Rmse_valid: 11.1246, valid_score: 4476.9, , rmse_test: 13.4043, score_test: 323.4, Learning rate:0.00002000
Epoch: 27, Loss: 9.1318, Rmse_valid: 11.2695, valid_score: 4584.8, , rmse_test: 13.4194, score_test: 329.7, Learning rate:0.00002000
Epoch: 28, Loss: 9.1309, Rmse_valid: 10.8339, valid_score: 4668.5, , rmse_test: 13.4437, score_test: 335.1, Learning rate:0.00002000
Epoch: 29, Loss: 9.1271, Rmse_valid: 10.9815, valid_score: 4689.2, , rmse_test: 13.4447, score_test: 335.7, Learning rate:0.00002000
Epoch: 30, Loss: 9.1186, Rmse_valid: 11.2602, valid_score: 4777.0, , rmse_test: 13.4609, score_test: 340.1, Learning rate:0.00002000
[Train Summary] Restored best model from epoch 20, rmse_valid: 10.5609, valid_score: 4429.1, rmse_test: 13.4339, score_test: 320.9
[Train Time] start: 2026-04-20 00:51:37, end: 2026-04-20 00:53:50, duration: 0:02:13, total_seconds: 132.74
[Auto Test] command: /usr/bin/python /CMAPSS-release/scipt/test_model.py --sub-dataset FD001 --smooth-rate 40 --sequence-len 30 --feature-num 14 --dataset-root /CMAPSS-release/CMAPSSData/ --max-rul 125 --batch-size 128 --model-path /CMAPSS-release/logs/FD001_FD001_B/seed33/model_FD001_0420_005137_seed33.pkl
model_path:/CMAPSS-release/logs/FD001_FD001_B/seed33/model_FD001_0420_005137_seed33.pkl
rmse_final:13.392162322998047, score:313.7502746582031
