-----FD003-----
关键参数:
序列长度: 30
批大小(batch_size): 128
最大训练轮数(max_epochs): 30
随机数种子: 30
模型代号(model_code): FD003_F
模型结构(model_structure): encoderdecoder
消融预设(ablation_preset): F - KNN graph + GAT + EncoderDecoder-LSTM without AOF
学习率: 0.002
学习率调度器: step
Step步长(step_size): 10
Step衰减系数(gamma): 0.1
空间GAT: 开启
是否使用解码器LSTM: 是
是否使用AOF: 否
Decoder注意力隐层维度: 28
图构建模式(graph_mode): dynamic_knn
GAT层数(num_layers): 2
GAT邻居数(topk): 7
GAT嵌入维度: 8
GAT隐藏层维度: 8
------------------------------
Epoch: 1, Loss: 27.6041, Rmse_valid: 18.8401, valid_score: 37974.9, , rmse_test: 26.2111, score_test: 6225.4, Learning rate:0.00200000
Epoch: 2, Loss: 19.6398, Rmse_valid: 20.4275, valid_score: 26315.0, , rmse_test: 23.6187, score_test: 3284.3, Learning rate:0.00200000
Epoch: 3, Loss: 18.8968, Rmse_valid: 15.9483, valid_score: 17619.4, , rmse_test: 23.7930, score_test: 3899.7, Learning rate:0.00200000
Epoch: 4, Loss: 16.4961, Rmse_valid: 14.2309, valid_score: 9926.8, , rmse_test: 18.2343, score_test: 1238.9, Learning rate:0.00200000
Epoch: 5, Loss: 13.7782, Rmse_valid: 12.3761, valid_score: 11841.7, , rmse_test: 18.4193, score_test: 1658.7, Learning rate:0.00200000
Epoch: 6, Loss: 12.5612, Rmse_valid: 12.0833, valid_score: 8897.0, , rmse_test: 17.0113, score_test: 1309.7, Learning rate:0.00200000
Epoch: 7, Loss: 12.0629, Rmse_valid: 11.1908, valid_score: 7203.9, , rmse_test: 15.2049, score_test: 1232.2, Learning rate:0.00200000
Epoch: 8, Loss: 11.6198, Rmse_valid: 11.8908, valid_score: 9862.9, , rmse_test: 15.5017, score_test: 1486.1, Learning rate:0.00200000
Epoch: 9, Loss: 11.3466, Rmse_valid: 10.6176, valid_score: 6784.8, , rmse_test: 15.0102, score_test: 1182.4, Learning rate:0.00200000
Epoch: 10, Loss: 10.9989, Rmse_valid: 11.1763, valid_score: 6847.8, , rmse_test: 14.6486, score_test: 1082.7, Learning rate:0.00200000
Epoch: 11, Loss: 9.7733, Rmse_valid: 9.8660, valid_score: 6575.4, , rmse_test: 14.5394, score_test: 1248.4, Learning rate:0.00020000
Epoch: 12, Loss: 9.6698, Rmse_valid: 9.8826, valid_score: 6347.3, , rmse_test: 14.4896, score_test: 1213.9, Learning rate:0.00020000
Epoch: 13, Loss: 9.6135, Rmse_valid: 10.0830, valid_score: 6938.2, , rmse_test: 14.5840, score_test: 1299.7, Learning rate:0.00020000
Epoch: 14, Loss: 9.5418, Rmse_valid: 9.8743, valid_score: 6342.1, , rmse_test: 14.3586, score_test: 1172.9, Learning rate:0.00020000
Epoch: 15, Loss: 9.4952, Rmse_valid: 9.5064, valid_score: 6788.3, , rmse_test: 14.7665, score_test: 1301.7, Learning rate:0.00020000
Epoch: 16, Loss: 9.4472, Rmse_valid: 9.9886, valid_score: 6187.1, , rmse_test: 14.2577, score_test: 1169.1, Learning rate:0.00020000
Epoch: 17, Loss: 9.3907, Rmse_valid: 9.5079, valid_score: 5955.3, , rmse_test: 14.3955, score_test: 1139.0, Learning rate:0.00020000
Epoch: 18, Loss: 9.3426, Rmse_valid: 9.5791, valid_score: 5819.0, , rmse_test: 14.2486, score_test: 1174.1, Learning rate:0.00020000
Epoch: 19, Loss: 9.3083, Rmse_valid: 9.6209, valid_score: 6238.9, , rmse_test: 14.3505, score_test: 1193.0, Learning rate:0.00020000
Epoch: 20, Loss: 9.2597, Rmse_valid: 9.4317, valid_score: 6305.6, , rmse_test: 14.4228, score_test: 1210.4, Learning rate:0.00020000
Epoch: 21, Loss: 9.1754, Rmse_valid: 9.4945, valid_score: 6062.9, , rmse_test: 14.3702, score_test: 1199.5, Learning rate:0.00002000
Epoch: 22, Loss: 9.1612, Rmse_valid: 9.3927, valid_score: 6079.9, , rmse_test: 14.3783, score_test: 1213.9, Learning rate:0.00002000
Epoch: 23, Loss: 9.1581, Rmse_valid: 9.4960, valid_score: 6058.1, , rmse_test: 14.3559, score_test: 1213.4, Learning rate:0.00002000
Epoch: 24, Loss: 9.1511, Rmse_valid: 9.3386, valid_score: 6020.4, , rmse_test: 14.3939, score_test: 1214.4, Learning rate:0.00002000
Epoch: 25, Loss: 9.1487, Rmse_valid: 9.4676, valid_score: 6009.6, , rmse_test: 14.3772, score_test: 1196.5, Learning rate:0.00002000
Epoch: 26, Loss: 9.1413, Rmse_valid: 9.3755, valid_score: 6131.9, , rmse_test: 14.4349, score_test: 1230.4, Learning rate:0.00002000
Epoch: 27, Loss: 9.1370, Rmse_valid: 9.4440, valid_score: 5998.9, , rmse_test: 14.3530, score_test: 1201.9, Learning rate:0.00002000
Epoch: 28, Loss: 9.1327, Rmse_valid: 9.5272, valid_score: 5871.8, , rmse_test: 14.2764, score_test: 1183.3, Learning rate:0.00002000
Epoch: 29, Loss: 9.1260, Rmse_valid: 9.3493, valid_score: 6115.9, , rmse_test: 14.4536, score_test: 1228.9, Learning rate:0.00002000
Epoch: 30, Loss: 9.1242, Rmse_valid: 9.4197, valid_score: 5978.9, , rmse_test: 14.3502, score_test: 1208.6, Learning rate:0.00002000
[Train Summary] Restored best model from epoch 24, rmse_valid: 9.3386, valid_score: 6020.4, rmse_test: 14.3939, score_test: 1214.4
[Train Time] start: 2026-04-21 01:20:44, end: 2026-04-21 01:23:40, duration: 0:02:56, total_seconds: 175.72
[Auto Test] command: /usr/bin/python /CMAPSS-release/scipt/test_model.py --sub-dataset FD003 --smooth-rate 40 --sequence-len 30 --feature-num 14 --dataset-root /CMAPSS-release/CMAPSSData/ --max-rul 125 --batch-size 128 --model-path /CMAPSS-release/logs/FD003_FD003_F/seed30/model_FD003_0421_012044_seed30.pkl
model_path:/CMAPSS-release/logs/FD003_FD003_F/seed30/model_FD003_0421_012044_seed30.pkl
rmse_final:14.277955055236816, score:1143.5904541015625
