-----FD001-----
关键参数:
序列长度: 30
批大小(batch_size): 128
最大训练轮数(max_epochs): 30
随机数种子: 27
模型代号(model_code): FD001_C_BC_20260422_054641
模型结构(model_structure): encoderdecoder
消融预设(ablation_preset): C - KNN graph + GAT-LSTM with encoder only (no decoder, no AOF)
学习率: 0.002
学习率调度器: step
Step步长(step_size): 10
Step衰减系数(gamma): 0.1
空间GAT: 开启
是否使用解码器LSTM: 否
是否使用AOF: 否
图构建模式(graph_mode): dynamic_knn
GAT层数(num_layers): 2
GAT邻居数(topk): 7
GAT嵌入维度: 8
GAT隐藏层维度: 8
------------------------------
Epoch: 1, Loss: 28.7025, Rmse_valid: 21.2572, valid_score: 13541.1, , rmse_test: 22.3393, score_test: 9855.1, Learning rate:0.00200000
Epoch: 2, Loss: 20.0096, Rmse_valid: 18.2889, valid_score: 13439.6, , rmse_test: 22.3953, score_test: 7902.2, Learning rate:0.00200000
Epoch: 3, Loss: 18.5444, Rmse_valid: 16.6874, valid_score: 9505.9, , rmse_test: 19.1818, score_test: 1045.0, Learning rate:0.00200000
Epoch: 4, Loss: 16.7217, Rmse_valid: 15.1150, valid_score: 5675.2, , rmse_test: 17.2449, score_test: 426.6, Learning rate:0.00200000
Epoch: 5, Loss: 15.4732, Rmse_valid: 16.8742, valid_score: 13353.2, , rmse_test: 19.8236, score_test: 849.0, Learning rate:0.00200000
Epoch: 6, Loss: 14.3867, Rmse_valid: 19.0887, valid_score: 21221.3, , rmse_test: 20.6981, score_test: 1489.4, Learning rate:0.00200000
Epoch: 7, Loss: 13.7661, Rmse_valid: 15.6550, valid_score: 8728.2, , rmse_test: 17.9023, score_test: 783.8, Learning rate:0.00200000
Epoch: 8, Loss: 13.4914, Rmse_valid: 20.0021, valid_score: 10293.0, , rmse_test: 19.8271, score_test: 602.2, Learning rate:0.00200000
Epoch: 9, Loss: 13.1917, Rmse_valid: 14.1247, valid_score: 7097.5, , rmse_test: 17.4386, score_test: 761.1, Learning rate:0.00200000
Epoch: 10, Loss: 12.9552, Rmse_valid: 13.9280, valid_score: 5743.8, , rmse_test: 16.0893, score_test: 429.3, Learning rate:0.00200000
Epoch: 11, Loss: 11.1897, Rmse_valid: 11.9815, valid_score: 4887.0, , rmse_test: 15.3436, score_test: 442.7, Learning rate:0.00020000
Epoch: 12, Loss: 10.8254, Rmse_valid: 12.7910, valid_score: 4876.7, , rmse_test: 15.7436, score_test: 487.2, Learning rate:0.00020000
Epoch: 13, Loss: 10.6634, Rmse_valid: 12.3206, valid_score: 4683.3, , rmse_test: 15.6500, score_test: 473.1, Learning rate:0.00020000
Epoch: 14, Loss: 10.5413, Rmse_valid: 11.9886, valid_score: 4156.8, , rmse_test: 15.3793, score_test: 440.8, Learning rate:0.00020000
Epoch: 15, Loss: 10.4497, Rmse_valid: 11.9289, valid_score: 4316.4, , rmse_test: 15.4184, score_test: 469.0, Learning rate:0.00020000
Epoch: 16, Loss: 10.3615, Rmse_valid: 11.3460, valid_score: 4246.6, , rmse_test: 15.4160, score_test: 484.2, Learning rate:0.00020000
Epoch: 17, Loss: 10.3104, Rmse_valid: 12.2143, valid_score: 4049.9, , rmse_test: 15.2953, score_test: 438.9, Learning rate:0.00020000
Epoch: 18, Loss: 10.2354, Rmse_valid: 12.1029, valid_score: 4589.9, , rmse_test: 15.3527, score_test: 473.3, Learning rate:0.00020000
Epoch: 19, Loss: 10.1708, Rmse_valid: 12.8871, valid_score: 5778.9, , rmse_test: 16.3141, score_test: 639.9, Learning rate:0.00020000
Epoch: 20, Loss: 10.0897, Rmse_valid: 11.4662, valid_score: 3843.2, , rmse_test: 15.2706, score_test: 443.7, Learning rate:0.00020000
Epoch: 21, Loss: 9.9965, Rmse_valid: 11.8858, valid_score: 4318.3, , rmse_test: 15.4090, score_test: 484.9, Learning rate:0.00002000
Epoch: 22, Loss: 9.9581, Rmse_valid: 12.3277, valid_score: 4508.9, , rmse_test: 15.4631, score_test: 499.0, Learning rate:0.00002000
Epoch: 23, Loss: 9.9515, Rmse_valid: 11.9667, valid_score: 4432.3, , rmse_test: 15.4160, score_test: 491.0, Learning rate:0.00002000
Epoch: 24, Loss: 9.9546, Rmse_valid: 11.7264, valid_score: 4441.6, , rmse_test: 15.4435, score_test: 495.8, Learning rate:0.00002000
Epoch: 25, Loss: 9.9428, Rmse_valid: 11.6200, valid_score: 4351.9, , rmse_test: 15.4023, score_test: 481.2, Learning rate:0.00002000
Epoch: 26, Loss: 9.9315, Rmse_valid: 11.9689, valid_score: 4240.4, , rmse_test: 15.3470, score_test: 469.4, Learning rate:0.00002000
Epoch: 27, Loss: 9.9332, Rmse_valid: 11.7855, valid_score: 4326.1, , rmse_test: 15.3748, score_test: 480.5, Learning rate:0.00002000
Epoch: 28, Loss: 9.9271, Rmse_valid: 11.9095, valid_score: 4450.0, , rmse_test: 15.4215, score_test: 489.8, Learning rate:0.00002000
Epoch: 29, Loss: 9.9101, Rmse_valid: 12.1650, valid_score: 4439.0, , rmse_test: 15.4326, score_test: 491.6, Learning rate:0.00002000
Epoch: 30, Loss: 9.9126, Rmse_valid: 12.0633, valid_score: 4420.1, , rmse_test: 15.3952, score_test: 486.1, Learning rate:0.00002000
[Train Summary] Restored best model from epoch 16, rmse_valid: 11.3460, valid_score: 4246.6, rmse_test: 15.4160, score_test: 484.2
[Train Time] start: 2026-04-22 06:12:13, end: 2026-04-22 06:13:25, duration: 0:01:12, total_seconds: 72.26
[Auto Test] command: /usr/bin/python /CMAPSS-release/scipt/test_model.py --sub-dataset FD001 --smooth-rate 40 --sequence-len 30 --feature-num 14 --dataset-root /CMAPSS-release/CMAPSSData/ --max-rul 125 --batch-size 128 --model-path /CMAPSS-release/logs/FD001_FD001_C_BC_20260422_054641/seed27/model_FD001_0422_061213_seed27.pkl
model_path:/CMAPSS-release/logs/FD001_FD001_C_BC_20260422_054641/seed27/model_FD001_0422_061213_seed27.pkl
rmse_final:15.272523880004883, score:460.3349609375
