-----FD002-----
模型: GAT_LSTM_AEFAOF_model(AEF与AOF均开启)
序列长度: 30
特征维度: 14
批大小: 128
最大训练轮数: 30
随机种子: 97
学习率: 0.002
学习率调度器: step
Step步长(step_size): 10
Step衰减系数(gamma): 0.1
是否启用AEF: 是
是否启用AOF: 是
GAT隐藏层维度: [8, 8, 8]
LSTM隐藏层维度: [8, 8]
GAT Dropout系数: 0.1
GAT LeakyReLU系数(alpha): 0.1
图构建模式: path
节点嵌入维度(embed_dim): 8
Topk邻居数: 7
AOF注意力隐藏维度: 4
AEF注意力隐藏维度: 28
AEF/AOF融合方式: concat
是否启用指数平滑: True
平滑系数(smooth_rate): 40
------------------------------
第1轮, 训练损失: 43.2483, 验证集RMSE: 41.4598, 验证集S分数: 800606.2, 测试集RMSE: 43.0547, 测试集S分数: 57379.8, 学习率: 0.00200000
第2轮, 训练损失: 40.7653, 验证集RMSE: 39.8517, 验证集S分数: 942777.8, 测试集RMSE: 41.7332, 测试集S分数: 87782.5, 学习率: 0.00200000
第3轮, 训练损失: 39.8795, 验证集RMSE: 39.6355, 验证集S分数: 743124.2, 测试集RMSE: 41.0808, 测试集S分数: 64668.2, 学习率: 0.00200000
第4轮, 训练损失: 39.6805, 验证集RMSE: 39.5417, 验证集S分数: 1039296.5, 测试集RMSE: 42.0243, 测试集S分数: 99182.7, 学习率: 0.00200000
第5轮, 训练损失: 39.5873, 验证集RMSE: 39.2633, 验证集S分数: 608627.6, 测试集RMSE: 39.2144, 测试集S分数: 37270.8, 学习率: 0.00200000
第6轮, 训练损失: 39.1263, 验证集RMSE: 39.8002, 验证集S分数: 1304846.4, 测试集RMSE: 40.8433, 测试集S分数: 82435.5, 学习率: 0.00200000
第7轮, 训练损失: 38.8998, 验证集RMSE: 39.8233, 验证集S分数: 1016319.8, 测试集RMSE: 39.6451, 测试集S分数: 68470.7, 学习率: 0.00200000
第8轮, 训练损失: 38.6246, 验证集RMSE: 39.5921, 验证集S分数: 678222.2, 测试集RMSE: 38.7985, 测试集S分数: 46824.1, 学习率: 0.00200000
第9轮, 训练损失: 38.5357, 验证集RMSE: 39.4767, 验证集S分数: 965094.6, 测试集RMSE: 39.3791, 测试集S分数: 65182.4, 学习率: 0.00200000
第10轮, 训练损失: 38.4266, 验证集RMSE: 39.9859, 验证集S分数: 1185604.4, 测试集RMSE: 40.1994, 测试集S分数: 82026.7, 学习率: 0.00200000
第11轮, 训练损失: 37.9837, 验证集RMSE: 39.8320, 验证集S分数: 851214.6, 测试集RMSE: 39.0929, 测试集S分数: 58886.8, 学习率: 0.00020000
第12轮, 训练损失: 37.8678, 验证集RMSE: 39.7818, 验证集S分数: 875759.9, 测试集RMSE: 38.9966, 测试集S分数: 58532.1, 学习率: 0.00020000
第13轮, 训练损失: 37.8512, 验证集RMSE: 39.5839, 验证集S分数: 854827.9, 测试集RMSE: 38.9339, 测试集S分数: 59517.5, 学习率: 0.00020000
第14轮, 训练损失: 37.8394, 验证集RMSE: 39.4191, 验证集S分数: 820808.4, 测试集RMSE: 38.6968, 测试集S分数: 56247.2, 学习率: 0.00020000
第15轮, 训练损失: 37.7853, 验证集RMSE: 39.3054, 验证集S分数: 862812.0, 测试集RMSE: 38.7575, 测试集S分数: 59598.8, 学习率: 0.00020000
第16轮, 训练损失: 37.7871, 验证集RMSE: 39.3985, 验证集S分数: 948902.5, 测试集RMSE: 38.8747, 测试集S分数: 64129.6, 学习率: 0.00020000
第17轮, 训练损失: 37.7065, 验证集RMSE: 39.3162, 验证集S分数: 930451.5, 测试集RMSE: 38.7092, 测试集S分数: 62785.7, 学习率: 0.00020000
第18轮, 训练损失: 37.7433, 验证集RMSE: 39.4468, 验证集S分数: 1045851.1, 测试集RMSE: 39.0374, 测试集S分数: 72095.5, 学习率: 0.00020000
第19轮, 训练损失: 37.7152, 验证集RMSE: 39.5379, 验证集S分数: 809721.8, 测试集RMSE: 38.6453, 测试集S分数: 56025.9, 学习率: 0.00020000
第20轮, 训练损失: 37.6582, 验证集RMSE: 39.3401, 验证集S分数: 1020753.3, 测试集RMSE: 38.8926, 测试集S分数: 67155.2, 学习率: 0.00020000
第21轮, 训练损失: 37.6613, 验证集RMSE: 39.2364, 验证集S分数: 950327.4, 测试集RMSE: 38.7512, 测试集S分数: 64846.0, 学习率: 0.00002000
第22轮, 训练损失: 37.6724, 验证集RMSE: 39.2847, 验证集S分数: 924508.2, 测试集RMSE: 38.7204, 测试集S分数: 64043.3, 学习率: 0.00002000
第23轮, 训练损失: 37.6384, 验证集RMSE: 39.1702, 验证集S分数: 948182.6, 测试集RMSE: 38.7203, 测试集S分数: 64770.7, 学习率: 0.00002000
第24轮, 训练损失: 37.6623, 验证集RMSE: 39.3536, 验证集S分数: 932793.4, 测试集RMSE: 38.6886, 测试集S分数: 63599.3, 学习率: 0.00002000
第25轮, 训练损失: 37.6506, 验证集RMSE: 39.3337, 验证集S分数: 935569.4, 测试集RMSE: 38.6929, 测试集S分数: 63819.0, 学习率: 0.00002000
第26轮, 训练损失: 37.6196, 验证集RMSE: 39.4596, 验证集S分数: 1005823.0, 测试集RMSE: 38.7885, 测试集S分数: 67897.5, 学习率: 0.00002000
第27轮, 训练损失: 37.6220, 验证集RMSE: 39.3043, 验证集S分数: 959377.9, 测试集RMSE: 38.7160, 测试集S分数: 64867.7, 学习率: 0.00002000
第28轮, 训练损失: 37.6666, 验证集RMSE: 39.1098, 验证集S分数: 979574.9, 测试集RMSE: 38.7536, 测试集S分数: 65653.8, 学习率: 0.00002000
第29轮, 训练损失: 37.6502, 验证集RMSE: 39.2918, 验证集S分数: 918405.2, 测试集RMSE: 38.6697, 测试集S分数: 62851.1, 学习率: 0.00002000
第30轮, 训练损失: 37.6242, 验证集RMSE: 39.2671, 验证集S分数: 916158.1, 测试集RMSE: 38.6577, 测试集S分数: 62408.0, 学习率: 0.00002000
[训练总结] 已恢复第28轮的最佳模型, 验证集RMSE: 39.1098, 验证集S分数: 979574.9, 测试集RMSE: 38.7536, 测试集S分数: 65653.8
[训练耗时] 开始: 2026-04-19 17:10:47, 结束: 2026-04-19 17:15:35, 时长: 0:04:47, 总秒数: 287.09
[自动测试] 命令: /usr/bin/python /CMAPSS-release/scipt/test_model.py --sub-dataset FD002 --smooth-rate 40 --sequence-len 30 --feature-num 14 --dataset-root /CMAPSS-release/CMAPSSData/ --max-rul 125 --batch-size 128 --model-path /CMAPSS-release/logs_GAT_LSTM/B/seed97/model_FD002_0419_171047_seed97.pkl
模型路径:/CMAPSS-release/logs_GAT_LSTM/B/seed97/model_FD002_0419_171047_seed97.pkl
最终RMSE:38.706748962402344, 评分:62653.875
