-----FD004-----
关键参数:
序列长度: 30
批大小(batch_size): 128
最大训练轮数(max_epochs): 30
随机数种子: 51
模型代号(model_code): FD004_B
模型结构(model_structure): encoderdecoder
消融预设(ablation_preset): B - Path graph + GAT + EncoderDecoder-LSTM without AOF
学习率: 0.002
学习率调度器: step
Step步长(step_size): 10
Step衰减系数(gamma): 0.1
空间GAT: 开启
是否使用解码器LSTM: 是
是否使用AOF: 否
Decoder注意力隐层维度: 28
图构建模式(graph_mode): path
GAT层数(num_layers): 2
GAT邻居数(topk): 7
GAT嵌入维度: 8
GAT隐藏层维度: 8
------------------------------
Epoch: 1, Loss: 26.3691, Rmse_valid: 22.0355, valid_score: 67739.5, , rmse_test: 25.8495, score_test: 7871.9, Learning rate:0.00200000
Epoch: 2, Loss: 22.5466, Rmse_valid: 20.8782, valid_score: 69572.2, , rmse_test: 24.3026, score_test: 6598.6, Learning rate:0.00200000
Epoch: 3, Loss: 20.5361, Rmse_valid: 19.9978, valid_score: 40400.2, , rmse_test: 20.2369, score_test: 2000.2, Learning rate:0.00200000
Epoch: 4, Loss: 19.2530, Rmse_valid: 17.5156, valid_score: 45255.4, , rmse_test: 19.5868, score_test: 2286.8, Learning rate:0.00200000
Epoch: 5, Loss: 18.4503, Rmse_valid: 18.7636, valid_score: 54595.5, , rmse_test: 19.8337, score_test: 3444.6, Learning rate:0.00200000
Epoch: 6, Loss: 17.9288, Rmse_valid: 18.0462, valid_score: 58762.2, , rmse_test: 19.8116, score_test: 3779.4, Learning rate:0.00200000
Epoch: 7, Loss: 17.4792, Rmse_valid: 16.9201, valid_score: 50251.6, , rmse_test: 19.1486, score_test: 2889.1, Learning rate:0.00200000
Epoch: 8, Loss: 17.1397, Rmse_valid: 16.5671, valid_score: 38993.6, , rmse_test: 19.2929, score_test: 2715.4, Learning rate:0.00200000
Epoch: 9, Loss: 16.7276, Rmse_valid: 20.0709, valid_score: 99346.7, , rmse_test: 20.5339, score_test: 3357.6, Learning rate:0.00200000
Epoch: 10, Loss: 16.5398, Rmse_valid: 17.3699, valid_score: 64754.8, , rmse_test: 18.8150, score_test: 2928.8, Learning rate:0.00200000
Epoch: 11, Loss: 14.8799, Rmse_valid: 16.2458, valid_score: 48953.6, , rmse_test: 18.0180, score_test: 2005.5, Learning rate:0.00020000
Epoch: 12, Loss: 14.7214, Rmse_valid: 16.2026, valid_score: 47495.5, , rmse_test: 18.1105, score_test: 1896.2, Learning rate:0.00020000
Epoch: 13, Loss: 14.6561, Rmse_valid: 16.0787, valid_score: 55362.3, , rmse_test: 17.9881, score_test: 1992.2, Learning rate:0.00020000
Epoch: 14, Loss: 14.5825, Rmse_valid: 16.2583, valid_score: 56863.7, , rmse_test: 17.5687, score_test: 1921.1, Learning rate:0.00020000
Epoch: 15, Loss: 14.5378, Rmse_valid: 16.3415, valid_score: 58207.3, , rmse_test: 17.5944, score_test: 1894.0, Learning rate:0.00020000
Epoch: 16, Loss: 14.5067, Rmse_valid: 16.3262, valid_score: 65988.1, , rmse_test: 17.9911, score_test: 2289.7, Learning rate:0.00020000
Epoch: 17, Loss: 14.4605, Rmse_valid: 16.7210, valid_score: 69950.1, , rmse_test: 17.6908, score_test: 1951.0, Learning rate:0.00020000
Epoch: 18, Loss: 14.4210, Rmse_valid: 16.2215, valid_score: 74150.9, , rmse_test: 17.7544, score_test: 1951.5, Learning rate:0.00020000
Epoch: 19, Loss: 14.3973, Rmse_valid: 16.1573, valid_score: 76981.3, , rmse_test: 18.0607, score_test: 2170.8, Learning rate:0.00020000
Epoch: 20, Loss: 14.3537, Rmse_valid: 16.2478, valid_score: 64940.2, , rmse_test: 18.0834, score_test: 2187.1, Learning rate:0.00020000
Epoch: 21, Loss: 14.2332, Rmse_valid: 16.0836, valid_score: 64662.5, , rmse_test: 17.7749, score_test: 1990.8, Learning rate:0.00002000
Epoch: 22, Loss: 14.2114, Rmse_valid: 16.2560, valid_score: 73654.1, , rmse_test: 17.8161, score_test: 1973.6, Learning rate:0.00002000
Epoch: 23, Loss: 14.1944, Rmse_valid: 16.5679, valid_score: 78745.9, , rmse_test: 17.7889, score_test: 1975.1, Learning rate:0.00002000
Epoch: 24, Loss: 14.1845, Rmse_valid: 16.2751, valid_score: 83553.7, , rmse_test: 17.7779, score_test: 2026.4, Learning rate:0.00002000
Epoch: 25, Loss: 14.1756, Rmse_valid: 16.3003, valid_score: 79258.8, , rmse_test: 17.8197, score_test: 2029.1, Learning rate:0.00002000
Epoch: 26, Loss: 14.1653, Rmse_valid: 16.4798, valid_score: 81182.6, , rmse_test: 17.8209, score_test: 2023.3, Learning rate:0.00002000
Epoch: 27, Loss: 14.1631, Rmse_valid: 16.4921, valid_score: 80326.5, , rmse_test: 17.8126, score_test: 2005.5, Learning rate:0.00002000
Epoch: 28, Loss: 14.1562, Rmse_valid: 16.2649, valid_score: 79852.8, , rmse_test: 17.7942, score_test: 1985.0, Learning rate:0.00002000
Epoch: 29, Loss: 14.1539, Rmse_valid: 16.5284, valid_score: 80199.3, , rmse_test: 17.8213, score_test: 1983.8, Learning rate:0.00002000
Epoch: 30, Loss: 14.1482, Rmse_valid: 16.4283, valid_score: 81403.6, , rmse_test: 17.7496, score_test: 1995.4, Learning rate:0.00002000
[Train Summary] Restored best model from epoch 13, rmse_valid: 16.0787, valid_score: 55362.3, rmse_test: 17.9881, score_test: 1992.2
[Train Time] start: 2026-04-20 11:41:27, end: 2026-04-20 11:45:18, duration: 0:03:50, total_seconds: 230.31
[Auto Test] command: /usr/bin/python /CMAPSS-release/scipt/test_model.py --sub-dataset FD004 --smooth-rate 40 --sequence-len 30 --feature-num 14 --dataset-root /CMAPSS-release/CMAPSSData/ --max-rul 125 --batch-size 128 --model-path /CMAPSS-release/logs/FD004_FD004_B/seed51/model_FD004_0420_114127_seed51.pkl
model_path:/CMAPSS-release/logs/FD004_FD004_B/seed51/model_FD004_0420_114127_seed51.pkl
rmse_final:17.95671272277832, score:1928.944091796875
