-----FD001-----
关键参数:
序列长度: 30
批大小(batch_size): 128
最大训练轮数(max_epochs): 30
随机数种子: 97
模型代号(model_code): FD001_F
模型结构(model_structure): encoderdecoder
消融预设(ablation_preset): F - KNN graph + GAT + EncoderDecoder-LSTM without AOF
学习率: 0.002
学习率调度器: step
Step步长(step_size): 10
Step衰减系数(gamma): 0.1
空间GAT: 开启
是否使用解码器LSTM: 是
是否使用AOF: 否
Decoder注意力隐层维度: 28
图构建模式(graph_mode): dynamic_knn
GAT层数(num_layers): 2
GAT邻居数(topk): 7
GAT嵌入维度: 8
GAT隐藏层维度: 8
------------------------------
Epoch: 1, Loss: 29.5043, Rmse_valid: 21.7729, valid_score: 36712.6, , rmse_test: 27.0865, score_test: 30552.6, Learning rate:0.00200000
Epoch: 2, Loss: 20.7318, Rmse_valid: 18.5246, valid_score: 8964.9, , rmse_test: 19.7504, score_test: 4137.5, Learning rate:0.00200000
Epoch: 3, Loss: 18.1092, Rmse_valid: 15.5178, valid_score: 6966.0, , rmse_test: 16.1625, score_test: 419.5, Learning rate:0.00200000
Epoch: 4, Loss: 14.2863, Rmse_valid: 14.3789, valid_score: 8055.0, , rmse_test: 16.2129, score_test: 617.8, Learning rate:0.00200000
Epoch: 5, Loss: 12.9807, Rmse_valid: 13.6714, valid_score: 6205.8, , rmse_test: 15.9089, score_test: 416.5, Learning rate:0.00200000
Epoch: 6, Loss: 12.3928, Rmse_valid: 13.2330, valid_score: 4286.7, , rmse_test: 14.5660, score_test: 285.5, Learning rate:0.00200000
Epoch: 7, Loss: 12.0045, Rmse_valid: 12.4848, valid_score: 5149.7, , rmse_test: 13.4127, score_test: 282.1, Learning rate:0.00200000
Epoch: 8, Loss: 11.9040, Rmse_valid: 13.0555, valid_score: 4468.8, , rmse_test: 14.0867, score_test: 284.0, Learning rate:0.00200000
Epoch: 9, Loss: 11.7470, Rmse_valid: 13.5908, valid_score: 5668.8, , rmse_test: 15.7161, score_test: 466.7, Learning rate:0.00200000
Epoch: 10, Loss: 11.5023, Rmse_valid: 11.3526, valid_score: 4377.1, , rmse_test: 13.8546, score_test: 302.9, Learning rate:0.00200000
Epoch: 11, Loss: 10.1205, Rmse_valid: 11.3925, valid_score: 4066.4, , rmse_test: 13.9768, score_test: 314.1, Learning rate:0.00020000
Epoch: 12, Loss: 9.9725, Rmse_valid: 11.4880, valid_score: 4693.3, , rmse_test: 14.3161, score_test: 354.0, Learning rate:0.00020000
Epoch: 13, Loss: 9.9101, Rmse_valid: 11.9961, valid_score: 4885.0, , rmse_test: 14.2306, score_test: 342.9, Learning rate:0.00020000
Epoch: 14, Loss: 9.8430, Rmse_valid: 11.4238, valid_score: 4515.9, , rmse_test: 14.2771, score_test: 353.2, Learning rate:0.00020000
Epoch: 15, Loss: 9.7914, Rmse_valid: 11.3584, valid_score: 4602.7, , rmse_test: 14.2799, score_test: 346.1, Learning rate:0.00020000
Epoch: 16, Loss: 9.7439, Rmse_valid: 11.5646, valid_score: 4623.9, , rmse_test: 14.3714, score_test: 356.6, Learning rate:0.00020000
Epoch: 17, Loss: 9.7080, Rmse_valid: 11.5732, valid_score: 4384.8, , rmse_test: 14.3134, score_test: 334.0, Learning rate:0.00020000
Epoch: 18, Loss: 9.6550, Rmse_valid: 11.7487, valid_score: 5117.2, , rmse_test: 14.9091, score_test: 430.2, Learning rate:0.00020000
Epoch: 19, Loss: 9.6151, Rmse_valid: 11.5785, valid_score: 4257.0, , rmse_test: 14.2717, score_test: 329.5, Learning rate:0.00020000
Epoch: 20, Loss: 9.5637, Rmse_valid: 11.8018, valid_score: 4860.7, , rmse_test: 14.5882, score_test: 393.0, Learning rate:0.00020000
Epoch: 21, Loss: 9.4843, Rmse_valid: 11.3068, valid_score: 4366.2, , rmse_test: 14.3777, score_test: 353.2, Learning rate:0.00002000
Epoch: 22, Loss: 9.4752, Rmse_valid: 12.0958, valid_score: 4499.0, , rmse_test: 14.4069, score_test: 360.5, Learning rate:0.00002000
Epoch: 23, Loss: 9.4742, Rmse_valid: 11.6221, valid_score: 4384.3, , rmse_test: 14.3630, score_test: 352.8, Learning rate:0.00002000
Epoch: 24, Loss: 9.4688, Rmse_valid: 11.8812, valid_score: 4547.3, , rmse_test: 14.4019, score_test: 358.4, Learning rate:0.00002000
Epoch: 25, Loss: 9.4576, Rmse_valid: 11.4333, valid_score: 4460.0, , rmse_test: 14.3823, score_test: 354.8, Learning rate:0.00002000
Epoch: 26, Loss: 9.4508, Rmse_valid: 11.3197, valid_score: 4360.6, , rmse_test: 14.3588, score_test: 350.6, Learning rate:0.00002000
Epoch: 27, Loss: 9.4557, Rmse_valid: 11.4809, valid_score: 4401.6, , rmse_test: 14.3673, score_test: 350.3, Learning rate:0.00002000
Epoch: 28, Loss: 9.4457, Rmse_valid: 11.5303, valid_score: 4337.0, , rmse_test: 14.3495, score_test: 349.1, Learning rate:0.00002000
Epoch: 29, Loss: 9.4417, Rmse_valid: 11.5323, valid_score: 4497.7, , rmse_test: 14.4300, score_test: 363.4, Learning rate:0.00002000
Epoch: 30, Loss: 9.4405, Rmse_valid: 11.3674, valid_score: 4450.6, , rmse_test: 14.4049, score_test: 355.6, Learning rate:0.00002000
[Train Summary] Restored best model from epoch 21, rmse_valid: 11.3068, valid_score: 4366.2, rmse_test: 14.3777, score_test: 353.2
[Train Time] start: 2026-04-21 00:00:56, end: 2026-04-21 00:03:21, duration: 0:02:25, total_seconds: 144.86
[Auto Test] command: /usr/bin/python /CMAPSS-release/scipt/test_model.py --sub-dataset FD001 --smooth-rate 40 --sequence-len 30 --feature-num 14 --dataset-root /CMAPSS-release/CMAPSSData/ --max-rul 125 --batch-size 128 --model-path /CMAPSS-release/logs/FD001_FD001_F/seed97/model_FD001_0421_000056_seed97.pkl
model_path:/CMAPSS-release/logs/FD001_FD001_F/seed97/model_FD001_0421_000056_seed97.pkl
rmse_final:14.346776962280273, score:345.9144287109375
