-----FD002-----
关键参数:
序列长度: 30
批大小(batch_size): 128
最大训练轮数(max_epochs): 30
随机数种子: 88
模型代号(model_code): FD002_A
模型结构(model_structure): encoderdecoder
消融预设(ablation_preset): A - Path graph + GAT + EncoderDecoder-LSTM with AOF
学习率: 0.002
学习率调度器: step
Step步长(step_size): 10
Step衰减系数(gamma): 0.1
空间GAT: 开启
是否使用解码器LSTM: 是
是否使用AOF: 是
Decoder注意力隐层维度: 28
Decoder融合方式: concat
图构建模式(graph_mode): path
GAT层数(num_layers): 2
GAT邻居数(topk): 7
GAT嵌入维度: 8
GAT隐藏层维度: 8
------------------------------
Epoch: 1, Loss: 27.0819, Rmse_valid: 24.4161, valid_score: 214867.4, , rmse_test: 22.5488, score_test: 5372.1, Learning rate:0.00200000
Epoch: 2, Loss: 20.9869, Rmse_valid: 20.1927, valid_score: 71982.3, , rmse_test: 17.2076, score_test: 1749.2, Learning rate:0.00200000
Epoch: 3, Loss: 18.6053, Rmse_valid: 21.4913, valid_score: 62960.4, , rmse_test: 18.0399, score_test: 1546.1, Learning rate:0.00200000
Epoch: 4, Loss: 17.4316, Rmse_valid: 21.4230, valid_score: 104681.2, , rmse_test: 18.6592, score_test: 2217.0, Learning rate:0.00200000
Epoch: 5, Loss: 16.8178, Rmse_valid: 22.7070, valid_score: 65237.9, , rmse_test: 19.4050, score_test: 2287.9, Learning rate:0.00200000
Epoch: 6, Loss: 16.3165, Rmse_valid: 17.4417, valid_score: 76481.9, , rmse_test: 14.3869, score_test: 1167.3, Learning rate:0.00200000
Epoch: 7, Loss: 15.8218, Rmse_valid: 17.5538, valid_score: 38102.7, , rmse_test: 15.4163, score_test: 1392.1, Learning rate:0.00200000
Epoch: 8, Loss: 15.6807, Rmse_valid: 17.1950, valid_score: 49424.0, , rmse_test: 13.8813, score_test: 901.6, Learning rate:0.00200000
Epoch: 9, Loss: 15.3547, Rmse_valid: 16.6984, valid_score: 32121.7, , rmse_test: 13.4689, score_test: 792.1, Learning rate:0.00200000
Epoch: 10, Loss: 14.9955, Rmse_valid: 17.5603, valid_score: 32650.5, , rmse_test: 14.1450, score_test: 738.1, Learning rate:0.00200000
Epoch: 11, Loss: 13.0985, Rmse_valid: 16.6669, valid_score: 33512.9, , rmse_test: 13.4637, score_test: 883.1, Learning rate:0.00020000
Epoch: 12, Loss: 12.9647, Rmse_valid: 16.6194, valid_score: 32131.8, , rmse_test: 13.3994, score_test: 854.5, Learning rate:0.00020000
Epoch: 13, Loss: 12.9000, Rmse_valid: 16.4006, valid_score: 34031.3, , rmse_test: 13.5709, score_test: 958.3, Learning rate:0.00020000
Epoch: 14, Loss: 12.8319, Rmse_valid: 16.8249, valid_score: 34240.1, , rmse_test: 13.5978, score_test: 913.0, Learning rate:0.00020000
Epoch: 15, Loss: 12.7739, Rmse_valid: 16.3577, valid_score: 30648.5, , rmse_test: 13.5648, score_test: 976.7, Learning rate:0.00020000
Epoch: 16, Loss: 12.7299, Rmse_valid: 16.3773, valid_score: 34448.1, , rmse_test: 13.3405, score_test: 911.8, Learning rate:0.00020000
Epoch: 17, Loss: 12.6943, Rmse_valid: 16.4741, valid_score: 37393.6, , rmse_test: 13.5844, score_test: 952.6, Learning rate:0.00020000
Epoch: 18, Loss: 12.6361, Rmse_valid: 16.1904, valid_score: 31714.3, , rmse_test: 13.5900, score_test: 939.3, Learning rate:0.00020000
Epoch: 19, Loss: 12.6132, Rmse_valid: 16.5025, valid_score: 33636.6, , rmse_test: 13.4640, score_test: 978.1, Learning rate:0.00020000
Epoch: 20, Loss: 12.5618, Rmse_valid: 16.5604, valid_score: 34611.2, , rmse_test: 13.9616, score_test: 1074.7, Learning rate:0.00020000
Epoch: 21, Loss: 12.4494, Rmse_valid: 16.4172, valid_score: 30802.9, , rmse_test: 13.4167, score_test: 900.8, Learning rate:0.00002000
Epoch: 22, Loss: 12.4316, Rmse_valid: 16.2472, valid_score: 31277.7, , rmse_test: 13.4164, score_test: 918.0, Learning rate:0.00002000
Epoch: 23, Loss: 12.4248, Rmse_valid: 16.3924, valid_score: 31927.9, , rmse_test: 13.4870, score_test: 943.5, Learning rate:0.00002000
Epoch: 24, Loss: 12.4215, Rmse_valid: 16.2056, valid_score: 31844.3, , rmse_test: 13.4267, score_test: 920.5, Learning rate:0.00002000
Epoch: 25, Loss: 12.4140, Rmse_valid: 16.2989, valid_score: 32245.1, , rmse_test: 13.4950, score_test: 940.3, Learning rate:0.00002000
Epoch: 26, Loss: 12.4115, Rmse_valid: 16.1656, valid_score: 32174.6, , rmse_test: 13.4532, score_test: 936.8, Learning rate:0.00002000
Epoch: 27, Loss: 12.4063, Rmse_valid: 16.1248, valid_score: 32459.7, , rmse_test: 13.3969, score_test: 921.9, Learning rate:0.00002000
Epoch: 28, Loss: 12.4025, Rmse_valid: 16.2202, valid_score: 33021.1, , rmse_test: 13.4086, score_test: 929.0, Learning rate:0.00002000
Epoch: 29, Loss: 12.3986, Rmse_valid: 16.1920, valid_score: 31268.4, , rmse_test: 13.4696, score_test: 918.6, Learning rate:0.00002000
Epoch: 30, Loss: 12.3954, Rmse_valid: 16.2482, valid_score: 32774.5, , rmse_test: 13.4652, score_test: 954.3, Learning rate:0.00002000
[Train Summary] Restored best model from epoch 27, rmse_valid: 16.1248, valid_score: 32459.7, rmse_test: 13.3969, score_test: 921.9
[Train Time] start: 2026-04-20 03:18:15, end: 2026-04-20 03:24:39, duration: 0:06:24, total_seconds: 383.50
[Auto Test] command: /usr/bin/python /CMAPSS-release/scipt/test_model.py --sub-dataset FD002 --smooth-rate 40 --sequence-len 30 --feature-num 14 --dataset-root /CMAPSS-release/CMAPSSData/ --max-rul 125 --batch-size 128 --model-path /CMAPSS-release/logs/FD002_FD002_A/seed88/model_FD002_0420_031815_seed88.pkl
model_path:/CMAPSS-release/logs/FD002_FD002_A/seed88/model_FD002_0420_031815_seed88.pkl
rmse_final:13.349764823913574, score:891.3738403320312
