-----FD002-----
关键参数:
序列长度: 30
批大小(batch_size): 128
最大训练轮数(max_epochs): 30
随机数种子: 27
模型代号(model_code): FD002_E
模型结构(model_structure): original
消融预设(ablation_preset): E - Only original GAT-LSTM
学习率: 0.002
学习率调度器: step
Step步长(step_size): 10
Step衰减系数(gamma): 0.1
空间GAT: 由模型内部默认启用
图构建模式(graph_mode): path
GAT层数(num_layers): 2
GAT邻居数(topk): 7
GAT嵌入维度: 8
GAT隐藏层维度: 8
------------------------------
Epoch: 1, Loss: 42.0774, Rmse_valid: 41.2407, valid_score: 772487.8, , rmse_test: 41.7500, score_test: 51475.2, Learning rate:0.00200000
Epoch: 2, Loss: 40.6826, Rmse_valid: 41.1095, valid_score: 1070441.8, , rmse_test: 41.7792, score_test: 74642.2, Learning rate:0.00200000
Epoch: 3, Loss: 40.1856, Rmse_valid: 39.7744, valid_score: 655873.2, , rmse_test: 39.4834, score_test: 39249.9, Learning rate:0.00200000
Epoch: 4, Loss: 39.3597, Rmse_valid: 39.1213, valid_score: 672593.8, , rmse_test: 39.2161, score_test: 52912.6, Learning rate:0.00200000
Epoch: 5, Loss: 38.7625, Rmse_valid: 40.4781, valid_score: 2176361.8, , rmse_test: 41.0421, score_test: 164944.5, Learning rate:0.00200000
Epoch: 6, Loss: 38.3379, Rmse_valid: 38.7909, valid_score: 847043.3, , rmse_test: 38.7939, score_test: 80413.2, Learning rate:0.00200000
Epoch: 7, Loss: 38.0281, Rmse_valid: 38.8244, valid_score: 726039.5, , rmse_test: 38.1727, score_test: 62117.2, Learning rate:0.00200000
Epoch: 8, Loss: 37.6769, Rmse_valid: 38.9730, valid_score: 632228.9, , rmse_test: 37.7357, score_test: 58682.6, Learning rate:0.00200000
Epoch: 9, Loss: 37.3118, Rmse_valid: 39.8768, valid_score: 1553625.0, , rmse_test: 39.5384, score_test: 133780.5, Learning rate:0.00200000
Epoch: 10, Loss: 37.0115, Rmse_valid: 40.4775, valid_score: 1890404.0, , rmse_test: 39.5163, score_test: 148562.1, Learning rate:0.00200000
Epoch: 11, Loss: 36.1112, Rmse_valid: 38.7143, valid_score: 766404.3, , rmse_test: 36.8479, score_test: 71844.4, Learning rate:0.00020000
Epoch: 12, Loss: 35.9804, Rmse_valid: 38.4616, valid_score: 525384.2, , rmse_test: 36.1269, score_test: 50517.5, Learning rate:0.00020000
Epoch: 13, Loss: 35.9220, Rmse_valid: 38.4180, valid_score: 718382.8, , rmse_test: 36.4476, score_test: 64957.1, Learning rate:0.00020000
Epoch: 14, Loss: 35.8567, Rmse_valid: 38.9115, valid_score: 643176.6, , rmse_test: 36.2738, score_test: 56531.9, Learning rate:0.00020000
Epoch: 15, Loss: 35.8005, Rmse_valid: 38.4828, valid_score: 661931.7, , rmse_test: 36.3661, score_test: 59010.4, Learning rate:0.00020000
Epoch: 16, Loss: 35.7471, Rmse_valid: 38.6146, valid_score: 813298.2, , rmse_test: 36.6441, score_test: 77575.7, Learning rate:0.00020000
Epoch: 17, Loss: 35.6875, Rmse_valid: 38.6806, valid_score: 774585.2, , rmse_test: 36.5075, score_test: 72664.9, Learning rate:0.00020000
Epoch: 18, Loss: 35.6477, Rmse_valid: 38.3972, valid_score: 704885.9, , rmse_test: 36.1000, score_test: 62553.5, Learning rate:0.00020000
Epoch: 19, Loss: 35.5931, Rmse_valid: 38.5236, valid_score: 658112.7, , rmse_test: 35.9942, score_test: 59372.6, Learning rate:0.00020000
Epoch: 20, Loss: 35.5564, Rmse_valid: 38.6246, valid_score: 698403.3, , rmse_test: 36.2146, score_test: 63722.3, Learning rate:0.00020000
Epoch: 21, Loss: 35.4758, Rmse_valid: 38.2381, valid_score: 700057.9, , rmse_test: 36.0820, score_test: 63264.3, Learning rate:0.00002000
Epoch: 22, Loss: 35.4604, Rmse_valid: 38.3099, valid_score: 692487.4, , rmse_test: 36.0592, score_test: 62873.7, Learning rate:0.00002000
Epoch: 23, Loss: 35.4542, Rmse_valid: 38.3763, valid_score: 713669.9, , rmse_test: 36.1436, score_test: 65639.5, Learning rate:0.00002000
Epoch: 24, Loss: 35.4510, Rmse_valid: 38.5185, valid_score: 706063.4, , rmse_test: 36.0615, score_test: 64243.8, Learning rate:0.00002000
Epoch: 25, Loss: 35.4437, Rmse_valid: 38.3932, valid_score: 748170.6, , rmse_test: 36.1219, score_test: 68359.0, Learning rate:0.00002000
Epoch: 26, Loss: 35.4386, Rmse_valid: 38.3035, valid_score: 741183.0, , rmse_test: 36.1955, score_test: 68314.4, Learning rate:0.00002000
Epoch: 27, Loss: 35.4368, Rmse_valid: 38.4522, valid_score: 698895.4, , rmse_test: 36.0278, score_test: 63385.0, Learning rate:0.00002000
Epoch: 28, Loss: 35.4288, Rmse_valid: 38.1792, valid_score: 723064.9, , rmse_test: 36.0917, score_test: 65939.0, Learning rate:0.00002000
Epoch: 29, Loss: 35.4230, Rmse_valid: 38.5218, valid_score: 705533.0, , rmse_test: 36.0650, score_test: 64612.1, Learning rate:0.00002000
Epoch: 30, Loss: 35.4200, Rmse_valid: 38.2706, valid_score: 728541.9, , rmse_test: 36.1033, score_test: 66959.1, Learning rate:0.00002000
[Train Summary] Restored best model from epoch 28, rmse_valid: 38.1792, valid_score: 723064.9, rmse_test: 36.0917, score_test: 65939.0
[Train Time] start: 2026-04-20 07:05:17, end: 2026-04-20 07:08:52, duration: 0:03:35, total_seconds: 214.63
[Auto Test] command: /usr/bin/python /CMAPSS-release/scipt/test_model.py --sub-dataset FD002 --smooth-rate 40 --sequence-len 30 --feature-num 14 --dataset-root /CMAPSS-release/CMAPSSData/ --max-rul 125 --batch-size 128 --model-path /CMAPSS-release/logs/FD002_FD002_E/seed27/model_FD002_0420_070517_seed27.pkl
model_path:/CMAPSS-release/logs/FD002_FD002_E/seed27/model_FD002_0420_070517_seed27.pkl
rmse_final:36.02685546875, score:63341.796875
