-----FD002-----
关键参数:
序列长度: 30
批大小(batch_size): 128
最大训练轮数(max_epochs): 30
随机数种子: 27
模型代号(model_code): FD002_B
模型结构(model_structure): encoderdecoder
消融预设(ablation_preset): B - Path graph + GAT + EncoderDecoder-LSTM without AOF
学习率: 0.002
学习率调度器: step
Step步长(step_size): 10
Step衰减系数(gamma): 0.1
空间GAT: 开启
是否使用解码器LSTM: 是
是否使用AOF: 否
Decoder注意力隐层维度: 28
图构建模式(graph_mode): path
GAT层数(num_layers): 2
GAT邻居数(topk): 7
GAT嵌入维度: 8
GAT隐藏层维度: 8
------------------------------
Epoch: 1, Loss: 26.1923, Rmse_valid: 24.1137, valid_score: 278639.5, , rmse_test: 23.1055, score_test: 19643.2, Learning rate:0.00200000
Epoch: 2, Loss: 22.6052, Rmse_valid: 21.0138, valid_score: 82174.2, , rmse_test: 18.8349, score_test: 2433.5, Learning rate:0.00200000
Epoch: 3, Loss: 18.9971, Rmse_valid: 18.1740, valid_score: 30359.4, , rmse_test: 15.6698, score_test: 958.9, Learning rate:0.00200000
Epoch: 4, Loss: 17.3997, Rmse_valid: 18.4973, valid_score: 45750.7, , rmse_test: 15.9376, score_test: 1242.0, Learning rate:0.00200000
Epoch: 5, Loss: 16.5912, Rmse_valid: 18.1783, valid_score: 45764.0, , rmse_test: 15.6335, score_test: 1443.7, Learning rate:0.00200000
Epoch: 6, Loss: 16.2956, Rmse_valid: 18.1814, valid_score: 40494.5, , rmse_test: 16.5814, score_test: 1493.0, Learning rate:0.00200000
Epoch: 7, Loss: 15.9820, Rmse_valid: 17.1476, valid_score: 23210.4, , rmse_test: 14.9624, score_test: 865.2, Learning rate:0.00200000
Epoch: 8, Loss: 15.7025, Rmse_valid: 17.0960, valid_score: 21343.2, , rmse_test: 15.6089, score_test: 834.6, Learning rate:0.00200000
Epoch: 9, Loss: 15.4543, Rmse_valid: 15.3999, valid_score: 25431.3, , rmse_test: 13.6070, score_test: 899.9, Learning rate:0.00200000
Epoch: 10, Loss: 15.2575, Rmse_valid: 17.7745, valid_score: 25447.4, , rmse_test: 15.1096, score_test: 947.6, Learning rate:0.00200000
Epoch: 11, Loss: 13.5537, Rmse_valid: 15.6333, valid_score: 28822.2, , rmse_test: 13.9135, score_test: 1033.8, Learning rate:0.00020000
Epoch: 12, Loss: 13.4538, Rmse_valid: 14.9266, valid_score: 27762.3, , rmse_test: 13.2963, score_test: 982.4, Learning rate:0.00020000
Epoch: 13, Loss: 13.3675, Rmse_valid: 14.9492, valid_score: 26412.7, , rmse_test: 13.3105, score_test: 964.9, Learning rate:0.00020000
Epoch: 14, Loss: 13.3073, Rmse_valid: 15.1477, valid_score: 34321.1, , rmse_test: 13.4346, score_test: 1101.9, Learning rate:0.00020000
Epoch: 15, Loss: 13.2644, Rmse_valid: 15.4219, valid_score: 27798.8, , rmse_test: 13.6847, score_test: 999.5, Learning rate:0.00020000
Epoch: 16, Loss: 13.2260, Rmse_valid: 14.7311, valid_score: 27122.4, , rmse_test: 13.2681, score_test: 985.2, Learning rate:0.00020000
Epoch: 17, Loss: 13.1892, Rmse_valid: 14.9482, valid_score: 25910.7, , rmse_test: 13.4640, score_test: 969.0, Learning rate:0.00020000
Epoch: 18, Loss: 13.1450, Rmse_valid: 14.8518, valid_score: 27494.6, , rmse_test: 13.3730, score_test: 972.9, Learning rate:0.00020000
Epoch: 19, Loss: 13.1183, Rmse_valid: 15.0878, valid_score: 32054.8, , rmse_test: 13.1997, score_test: 999.4, Learning rate:0.00020000
Epoch: 20, Loss: 13.0823, Rmse_valid: 15.0650, valid_score: 27409.7, , rmse_test: 13.4711, score_test: 1041.6, Learning rate:0.00020000
Epoch: 21, Loss: 12.9716, Rmse_valid: 14.8693, valid_score: 27895.6, , rmse_test: 13.2363, score_test: 970.2, Learning rate:0.00002000
Epoch: 22, Loss: 12.9598, Rmse_valid: 14.9493, valid_score: 28173.8, , rmse_test: 13.1951, score_test: 963.2, Learning rate:0.00002000
Epoch: 23, Loss: 12.9519, Rmse_valid: 14.9110, valid_score: 27465.1, , rmse_test: 13.2289, score_test: 973.4, Learning rate:0.00002000
Epoch: 24, Loss: 12.9511, Rmse_valid: 14.9574, valid_score: 28121.5, , rmse_test: 13.1518, score_test: 955.2, Learning rate:0.00002000
Epoch: 25, Loss: 12.9445, Rmse_valid: 14.9437, valid_score: 27370.3, , rmse_test: 13.2047, score_test: 946.0, Learning rate:0.00002000
Epoch: 26, Loss: 12.9412, Rmse_valid: 15.1044, valid_score: 27109.1, , rmse_test: 13.2122, score_test: 952.4, Learning rate:0.00002000
Epoch: 27, Loss: 12.9386, Rmse_valid: 14.8588, valid_score: 27985.5, , rmse_test: 13.1906, score_test: 964.0, Learning rate:0.00002000
Epoch: 28, Loss: 12.9368, Rmse_valid: 14.7988, valid_score: 27714.4, , rmse_test: 13.2314, score_test: 969.9, Learning rate:0.00002000
Epoch: 29, Loss: 12.9304, Rmse_valid: 14.9255, valid_score: 28572.4, , rmse_test: 13.3299, score_test: 997.0, Learning rate:0.00002000
Epoch: 30, Loss: 12.9279, Rmse_valid: 14.8584, valid_score: 28512.2, , rmse_test: 13.2734, score_test: 974.0, Learning rate:0.00002000
[Train Summary] Restored best model from epoch 16, rmse_valid: 14.7311, valid_score: 27122.4, rmse_test: 13.2681, score_test: 985.2
[Train Time] start: 2026-04-20 03:47:08, end: 2026-04-20 03:52:44, duration: 0:05:36, total_seconds: 336.47
[Auto Test] command: /usr/bin/python /CMAPSS-release/scipt/test_model.py --sub-dataset FD002 --smooth-rate 40 --sequence-len 30 --feature-num 14 --dataset-root /CMAPSS-release/CMAPSSData/ --max-rul 125 --batch-size 128 --model-path /CMAPSS-release/logs/FD002_FD002_B/seed27/model_FD002_0420_034708_seed27.pkl
model_path:/CMAPSS-release/logs/FD002_FD002_B/seed27/model_FD002_0420_034708_seed27.pkl
rmse_final:13.255144119262695, score:960.1671142578125
