-----FD001-----
关键参数:
序列长度: 30
批大小(batch_size): 128
最大训练轮数(max_epochs): 30
随机数种子: 30
模型代号(model_code): A_g_dropout0.2
模型结构(model_structure): encoderdecoder
消融预设(ablation_preset): A - KNN graph + GAT-LSTM with encoder and decoder (AOF off)
学习率: 0.002
学习率调度器: step
Step步长(step_size): 10
Step衰减系数(gamma): 0.1
空间GAT: 开启
是否使用解码器LSTM: 是
是否使用AOF: 否
Decoder注意力隐层维度: 28
图构建模式(graph_mode): dynamic_knn
GAT层数(num_layers): 2
GAT邻居数(topk): 7
GAT嵌入维度: 8
GAT隐藏层维度: 8
------------------------------
Epoch: 1, Loss: 28.6223, Rmse_valid: 20.6749, valid_score: 23590.6, , rmse_test: 26.0495, score_test: 23224.9, Learning rate:0.00200000
Epoch: 2, Loss: 20.7199, Rmse_valid: 21.6047, valid_score: 13568.6, , rmse_test: 22.3617, score_test: 8361.1, Learning rate:0.00200000
Epoch: 3, Loss: 19.5588, Rmse_valid: 18.8529, valid_score: 8137.3, , rmse_test: 19.2056, score_test: 1018.0, Learning rate:0.00200000
Epoch: 4, Loss: 17.0934, Rmse_valid: 16.4388, valid_score: 9357.7, , rmse_test: 17.2513, score_test: 600.7, Learning rate:0.00200000
Epoch: 5, Loss: 14.1109, Rmse_valid: 14.9915, valid_score: 9884.8, , rmse_test: 18.2807, score_test: 918.0, Learning rate:0.00200000
Epoch: 6, Loss: 12.4124, Rmse_valid: 11.8393, valid_score: 3980.6, , rmse_test: 14.1148, score_test: 305.0, Learning rate:0.00200000
Epoch: 7, Loss: 11.7457, Rmse_valid: 12.2143, valid_score: 4398.6, , rmse_test: 14.8765, score_test: 360.4, Learning rate:0.00200000
Epoch: 8, Loss: 11.2891, Rmse_valid: 12.3576, valid_score: 5016.5, , rmse_test: 15.0620, score_test: 467.0, Learning rate:0.00200000
Epoch: 9, Loss: 10.9073, Rmse_valid: 12.2183, valid_score: 3818.6, , rmse_test: 14.5896, score_test: 302.4, Learning rate:0.00200000
Epoch: 10, Loss: 10.6317, Rmse_valid: 14.3644, valid_score: 4861.2, , rmse_test: 15.6933, score_test: 363.2, Learning rate:0.00200000
Epoch: 11, Loss: 9.5498, Rmse_valid: 11.0527, valid_score: 4183.6, , rmse_test: 14.6586, score_test: 378.4, Learning rate:0.00020000
Epoch: 12, Loss: 9.3967, Rmse_valid: 11.8160, valid_score: 4454.4, , rmse_test: 14.7271, score_test: 391.0, Learning rate:0.00020000
Epoch: 13, Loss: 9.3357, Rmse_valid: 11.5218, valid_score: 4613.2, , rmse_test: 14.7586, score_test: 400.1, Learning rate:0.00020000
Epoch: 14, Loss: 9.2945, Rmse_valid: 11.8137, valid_score: 4903.8, , rmse_test: 14.7488, score_test: 398.1, Learning rate:0.00020000
Epoch: 15, Loss: 9.2573, Rmse_valid: 11.7624, valid_score: 4602.3, , rmse_test: 14.6930, score_test: 386.5, Learning rate:0.00020000
Epoch: 16, Loss: 9.2201, Rmse_valid: 12.1298, valid_score: 4490.2, , rmse_test: 14.7007, score_test: 376.3, Learning rate:0.00020000
Epoch: 17, Loss: 9.1668, Rmse_valid: 11.9915, valid_score: 5047.1, , rmse_test: 15.1384, score_test: 446.6, Learning rate:0.00020000
Epoch: 18, Loss: 9.1235, Rmse_valid: 11.4168, valid_score: 4312.8, , rmse_test: 14.9126, score_test: 414.5, Learning rate:0.00020000
Epoch: 19, Loss: 9.0552, Rmse_valid: 11.9226, valid_score: 4560.1, , rmse_test: 14.8958, score_test: 397.0, Learning rate:0.00020000
Epoch: 20, Loss: 9.0562, Rmse_valid: 12.0864, valid_score: 4654.2, , rmse_test: 14.9758, score_test: 427.9, Learning rate:0.00020000
Epoch: 21, Loss: 8.9787, Rmse_valid: 11.8615, valid_score: 4603.3, , rmse_test: 14.8534, score_test: 411.1, Learning rate:0.00002000
Epoch: 22, Loss: 8.9633, Rmse_valid: 11.8528, valid_score: 4598.2, , rmse_test: 14.8893, score_test: 415.3, Learning rate:0.00002000
Epoch: 23, Loss: 8.9629, Rmse_valid: 11.9275, valid_score: 4493.9, , rmse_test: 14.8647, score_test: 408.8, Learning rate:0.00002000
Epoch: 24, Loss: 8.9511, Rmse_valid: 11.7623, valid_score: 4571.9, , rmse_test: 14.9029, score_test: 415.7, Learning rate:0.00002000
Epoch: 25, Loss: 8.9521, Rmse_valid: 11.4199, valid_score: 4491.4, , rmse_test: 14.8635, score_test: 407.7, Learning rate:0.00002000
Epoch: 26, Loss: 8.9434, Rmse_valid: 11.7625, valid_score: 4508.2, , rmse_test: 14.8752, score_test: 410.1, Learning rate:0.00002000
Epoch: 27, Loss: 8.9247, Rmse_valid: 11.9120, valid_score: 4604.4, , rmse_test: 14.9208, score_test: 420.1, Learning rate:0.00002000
Epoch: 28, Loss: 8.9342, Rmse_valid: 11.6132, valid_score: 4687.6, , rmse_test: 14.9498, score_test: 426.2, Learning rate:0.00002000
Epoch: 29, Loss: 8.9313, Rmse_valid: 11.9935, valid_score: 4566.6, , rmse_test: 14.9293, score_test: 420.2, Learning rate:0.00002000
Epoch: 30, Loss: 8.9413, Rmse_valid: 11.4953, valid_score: 4479.6, , rmse_test: 14.8394, score_test: 406.5, Learning rate:0.00002000
[Train Summary] Restored best model from epoch 11, rmse_valid: 11.0527, valid_score: 4183.6, rmse_test: 14.6586, score_test: 378.4
[Train Time] start: 2026-04-24 15:59:34, end: 2026-04-24 16:07:24, duration: 0:07:50, total_seconds: 469.88
[Auto Test] command: /usr/bin/python /CMAPSS-release/scipt/test_model.py --sub-dataset FD001 --smooth-rate 30 --sequence-len 30 --feature-num 14 --dataset-root /CMAPSS-release/CMAPSSData/ --max-rul 125 --batch-size 128 --model-path /CMAPSS-release/logs/FD001_A_g_dropout0.2/seed30/model_FD001_0424_155934_seed30.pkl --no-cuda
model_path:/CMAPSS-release/logs/FD001_A_g_dropout0.2/seed30/model_FD001_0424_155934_seed30.pkl
rmse_final:14.553350448608398, score:365.2584228515625
