-----FD004-----
模型骨干(backbone): encoderdecoder
模型: EncoderDecoder(兼容旧版结构)
序列长度: 30
特征维度: 14
批大小: 128
最大训练轮数: 30
随机种子: 2
学习率: 0.002
学习率调度器: step
Step步长(step_size): 10
Step衰减系数(gamma): 0.1
是否启用AEF: 是
是否启用AOF: 是
GAT隐藏层维度: [8, 16]
LSTM隐藏层维度: [8]
GAT Dropout系数: 0.1
GAT LeakyReLU系数(alpha): 0.1
图构建模式: dynamic_topk
EncoderDecoder图模式映射: dynamic_topk -> dynamic_knn
节点嵌入维度(embed_dim): 8
Topk邻居数: 7
AOF注意力隐藏维度: 4
AEF注意力隐藏维度: 28
AEF/AOF融合方式: concat
是否启用指数平滑: True
平滑系数(smooth_rate): 40
------------------------------
第1轮, 训练损失: 25.4617, 验证集RMSE: 20.9483, 验证集S分数: 65074.6, 测试集RMSE: 24.4159, 测试集S分数: 7979.2, 学习率: 0.00200000
第2轮, 训练损失: 20.9447, 验证集RMSE: 18.8777, 验证集S分数: 48377.0, 测试集RMSE: 20.5889, 测试集S分数: 3728.6, 学习率: 0.00200000
第3轮, 训练损失: 19.5523, 验证集RMSE: 18.8850, 验证集S分数: 64220.9, 测试集RMSE: 21.5335, 测试集S分数: 5297.9, 学习率: 0.00200000
第4轮, 训练损失: 18.9237, 验证集RMSE: 18.3176, 验证集S分数: 43618.2, 测试集RMSE: 19.1120, 测试集S分数: 3709.3, 学习率: 0.00200000
第5轮, 训练损失: 18.2656, 验证集RMSE: 17.7502, 验证集S分数: 43869.3, 测试集RMSE: 18.7721, 测试集S分数: 3289.1, 学习率: 0.00200000
第6轮, 训练损失: 17.6403, 验证集RMSE: 19.8990, 验证集S分数: 108788.1, 测试集RMSE: 22.9794, 测试集S分数: 10412.9, 学习率: 0.00200000
第7轮, 训练损失: 17.0825, 验证集RMSE: 20.1852, 验证集S分数: 68965.9, 测试集RMSE: 19.8317, 测试集S分数: 3641.4, 学习率: 0.00200000
第8轮, 训练损失: 16.8097, 验证集RMSE: 17.1568, 验证集S分数: 37342.4, 测试集RMSE: 17.9874, 测试集S分数: 2243.0, 学习率: 0.00200000
第9轮, 训练损失: 16.4226, 验证集RMSE: 17.5472, 验证集S分数: 31141.5, 测试集RMSE: 19.9175, 测试集S分数: 2599.2, 学习率: 0.00200000
第10轮, 训练损失: 16.0309, 验证集RMSE: 16.6940, 验证集S分数: 32410.1, 测试集RMSE: 17.7621, 测试集S分数: 2127.7, 学习率: 0.00200000
第11轮, 训练损失: 14.3289, 验证集RMSE: 16.4802, 验证集S分数: 34988.4, 测试集RMSE: 17.9370, 测试集S分数: 2219.0, 学习率: 0.00020000
第12轮, 训练损失: 14.1921, 验证集RMSE: 16.5282, 验证集S分数: 36351.7, 测试集RMSE: 18.1006, 测试集S分数: 2151.4, 学习率: 0.00020000
第13轮, 训练损失: 14.0758, 验证集RMSE: 16.6017, 验证集S分数: 37870.1, 测试集RMSE: 17.8271, 测试集S分数: 2188.9, 学习率: 0.00020000
第14轮, 训练损失: 14.0254, 验证集RMSE: 16.2272, 验证集S分数: 33140.6, 测试集RMSE: 18.0178, 测试集S分数: 2099.8, 学习率: 0.00020000
第15轮, 训练损失: 13.9457, 验证集RMSE: 16.4549, 验证集S分数: 34043.7, 测试集RMSE: 17.9393, 测试集S分数: 2112.6, 学习率: 0.00020000
第16轮, 训练损失: 13.8912, 验证集RMSE: 16.5661, 验证集S分数: 37383.6, 测试集RMSE: 18.0684, 测试集S分数: 2214.9, 学习率: 0.00020000
第17轮, 训练损失: 13.8389, 验证集RMSE: 16.6512, 验证集S分数: 42332.7, 测试集RMSE: 18.2364, 测试集S分数: 2328.7, 学习率: 0.00020000
第18轮, 训练损失: 13.7818, 验证集RMSE: 17.0077, 验证集S分数: 47092.0, 测试集RMSE: 18.5776, 测试集S分数: 2944.6, 学习率: 0.00020000
第19轮, 训练损失: 13.7223, 验证集RMSE: 16.3870, 验证集S分数: 36377.2, 测试集RMSE: 17.9581, 测试集S分数: 2083.3, 学习率: 0.00020000
第20轮, 训练损失: 13.6791, 验证集RMSE: 16.2980, 验证集S分数: 34700.2, 测试集RMSE: 18.0320, 测试集S分数: 2121.8, 学习率: 0.00020000
第21轮, 训练损失: 13.5444, 验证集RMSE: 16.3633, 验证集S分数: 38162.5, 测试集RMSE: 18.1362, 测试集S分数: 2327.2, 学习率: 0.00002000
第22轮, 训练损失: 13.5241, 验证集RMSE: 16.4331, 验证集S分数: 38401.7, 测试集RMSE: 18.1899, 测试集S分数: 2377.7, 学习率: 0.00002000
第23轮, 训练损失: 13.5227, 验证集RMSE: 16.4313, 验证集S分数: 38258.3, 测试集RMSE: 18.2031, 测试集S分数: 2309.5, 学习率: 0.00002000
第24轮, 训练损失: 13.5112, 验证集RMSE: 16.3263, 验证集S分数: 38794.5, 测试集RMSE: 18.2307, 测试集S分数: 2377.3, 学习率: 0.00002000
第25轮, 训练损失: 13.5094, 验证集RMSE: 16.4856, 验证集S分数: 38101.1, 测试集RMSE: 18.1483, 测试集S分数: 2275.7, 学习率: 0.00002000
第26轮, 训练损失: 13.5076, 验证集RMSE: 16.3939, 验证集S分数: 39833.1, 测试集RMSE: 18.2281, 测试集S分数: 2425.9, 学习率: 0.00002000
第27轮, 训练损失: 13.4988, 验证集RMSE: 16.6803, 验证集S分数: 38525.5, 测试集RMSE: 18.1211, 测试集S分数: 2261.9, 学习率: 0.00002000
第28轮, 训练损失: 13.4875, 验证集RMSE: 16.6149, 验证集S分数: 38907.8, 测试集RMSE: 18.1919, 测试集S分数: 2315.0, 学习率: 0.00002000
第29轮, 训练损失: 13.4822, 验证集RMSE: 16.6410, 验证集S分数: 40481.2, 测试集RMSE: 18.2989, 测试集S分数: 2466.2, 学习率: 0.00002000
第30轮, 训练损失: 13.4815, 验证集RMSE: 16.5359, 验证集S分数: 39684.3, 测试集RMSE: 18.2427, 测试集S分数: 2381.1, 学习率: 0.00002000
[训练总结] 已恢复第14轮的最佳模型, 验证集RMSE: 16.2272, 验证集S分数: 33140.6, 测试集RMSE: 18.0178, 测试集S分数: 2099.8
[训练耗时] 开始: 2026-04-19 20:32:54, 结束: 2026-04-19 20:38:54, 时长: 0:06:00, 总秒数: 360.36
[自动测试] 命令: /usr/bin/python /CMAPSS-release/scipt/test_model.py --sub-dataset FD004 --smooth-rate 40 --sequence-len 30 --feature-num 14 --dataset-root /CMAPSS-release/CMAPSSData/ --max-rul 125 --batch-size 128 --model-path /CMAPSS-release/logs_GAT_LSTM/FD004_FD004_encoderdecoder_check/seed2/model_FD004_0419_203254_seed2.pkl
模型路径:/CMAPSS-release/logs_GAT_LSTM/FD004_FD004_encoderdecoder_check/seed2/model_FD004_0419_203254_seed2.pkl
最终RMSE:17.986330032348633, 评分:2032.033203125
