-----FD003-----
关键参数:
序列长度: 30
批大小(batch_size): 128
最大训练轮数(max_epochs): 30
随机数种子: 51
模型代号(model_code): FD003_E
模型结构(model_structure): original
消融预设(ablation_preset): E - Only original GAT-LSTM
学习率: 0.002
学习率调度器: step
Step步长(step_size): 10
Step衰减系数(gamma): 0.1
空间GAT: 由模型内部默认启用
图构建模式(graph_mode): path
GAT层数(num_layers): 2
GAT邻居数(topk): 7
GAT嵌入维度: 8
GAT隐藏层维度: 8
------------------------------
Epoch: 1, Loss: 38.5766, Rmse_valid: 29.1969, valid_score: 492995.6, , rmse_test: 33.4018, score_test: 21966.1, Learning rate:0.00200000
Epoch: 2, Loss: 33.3152, Rmse_valid: 21.1043, valid_score: 78779.4, , rmse_test: 26.7459, score_test: 16432.2, Learning rate:0.00200000
Epoch: 3, Loss: 19.3804, Rmse_valid: 14.8672, valid_score: 43837.6, , rmse_test: 21.4632, score_test: 9544.7, Learning rate:0.00200000
Epoch: 4, Loss: 17.4906, Rmse_valid: 13.8154, valid_score: 36767.9, , rmse_test: 20.1795, score_test: 6813.1, Learning rate:0.00200000
Epoch: 5, Loss: 16.6237, Rmse_valid: 15.8138, valid_score: 34815.0, , rmse_test: 22.8382, score_test: 5227.0, Learning rate:0.00200000
Epoch: 6, Loss: 16.3463, Rmse_valid: 13.1461, valid_score: 18110.7, , rmse_test: 15.9818, score_test: 2019.1, Learning rate:0.00200000
Epoch: 7, Loss: 16.1200, Rmse_valid: 12.6271, valid_score: 20842.1, , rmse_test: 16.6975, score_test: 2249.4, Learning rate:0.00200000
Epoch: 8, Loss: 15.7966, Rmse_valid: 16.2352, valid_score: 13680.4, , rmse_test: 14.9665, score_test: 924.1, Learning rate:0.00200000
Epoch: 9, Loss: 15.3296, Rmse_valid: 16.5896, valid_score: 13364.5, , rmse_test: 14.9808, score_test: 746.4, Learning rate:0.00200000
Epoch: 10, Loss: 15.2056, Rmse_valid: 12.2859, valid_score: 29172.7, , rmse_test: 16.7655, score_test: 2259.0, Learning rate:0.00200000
Epoch: 11, Loss: 14.1161, Rmse_valid: 12.5562, valid_score: 21088.8, , rmse_test: 15.3923, score_test: 1500.9, Learning rate:0.00020000
Epoch: 12, Loss: 14.0730, Rmse_valid: 12.7464, valid_score: 24381.6, , rmse_test: 15.5354, score_test: 1640.2, Learning rate:0.00020000
Epoch: 13, Loss: 14.0451, Rmse_valid: 12.6055, valid_score: 22070.3, , rmse_test: 15.3730, score_test: 1480.3, Learning rate:0.00020000
Epoch: 14, Loss: 13.9907, Rmse_valid: 12.4555, valid_score: 23846.9, , rmse_test: 15.6055, score_test: 1564.6, Learning rate:0.00020000
Epoch: 15, Loss: 13.9528, Rmse_valid: 13.0195, valid_score: 20008.0, , rmse_test: 15.0186, score_test: 1277.4, Learning rate:0.00020000
Epoch: 16, Loss: 13.9027, Rmse_valid: 12.4954, valid_score: 23889.4, , rmse_test: 15.5971, score_test: 1546.3, Learning rate:0.00020000
Epoch: 17, Loss: 13.8586, Rmse_valid: 12.5099, valid_score: 24833.4, , rmse_test: 15.6028, score_test: 1543.7, Learning rate:0.00020000
Epoch: 18, Loss: 13.8232, Rmse_valid: 12.6381, valid_score: 25210.8, , rmse_test: 15.5580, score_test: 1536.4, Learning rate:0.00020000
Epoch: 19, Loss: 13.7771, Rmse_valid: 12.6505, valid_score: 23475.4, , rmse_test: 15.4580, score_test: 1443.4, Learning rate:0.00020000
Epoch: 20, Loss: 13.7288, Rmse_valid: 12.5849, valid_score: 24830.1, , rmse_test: 15.6202, score_test: 1481.0, Learning rate:0.00020000
Epoch: 21, Loss: 13.6608, Rmse_valid: 12.5165, valid_score: 24059.7, , rmse_test: 15.5028, score_test: 1427.0, Learning rate:0.00002000
Epoch: 22, Loss: 13.6554, Rmse_valid: 12.5122, valid_score: 24576.2, , rmse_test: 15.5879, score_test: 1464.0, Learning rate:0.00002000
Epoch: 23, Loss: 13.6510, Rmse_valid: 12.5942, valid_score: 23138.7, , rmse_test: 15.4043, score_test: 1367.5, Learning rate:0.00002000
Epoch: 24, Loss: 13.6457, Rmse_valid: 12.5127, valid_score: 24206.5, , rmse_test: 15.5735, score_test: 1444.6, Learning rate:0.00002000
Epoch: 25, Loss: 13.6418, Rmse_valid: 12.5129, valid_score: 23504.5, , rmse_test: 15.4294, score_test: 1389.7, Learning rate:0.00002000
Epoch: 26, Loss: 13.6355, Rmse_valid: 12.5135, valid_score: 23936.1, , rmse_test: 15.4846, score_test: 1421.4, Learning rate:0.00002000
Epoch: 27, Loss: 13.6290, Rmse_valid: 12.5808, valid_score: 23221.6, , rmse_test: 15.4205, score_test: 1375.9, Learning rate:0.00002000
Epoch: 28, Loss: 13.6248, Rmse_valid: 12.6344, valid_score: 23181.2, , rmse_test: 15.4024, score_test: 1372.3, Learning rate:0.00002000
Epoch: 29, Loss: 13.6199, Rmse_valid: 12.4175, valid_score: 24299.8, , rmse_test: 15.5621, score_test: 1443.2, Learning rate:0.00002000
Epoch: 30, Loss: 13.6136, Rmse_valid: 12.4543, valid_score: 24067.2, , rmse_test: 15.5778, score_test: 1437.9, Learning rate:0.00002000
[Train Summary] Restored best model from epoch 10, rmse_valid: 12.2859, valid_score: 29172.7, rmse_test: 16.7655, score_test: 2259.0
[Train Time] start: 2026-04-20 09:54:48, end: 2026-04-20 09:56:13, duration: 0:01:25, total_seconds: 85.17
[Auto Test] command: /usr/bin/python /CMAPSS-release/scipt/test_model.py --sub-dataset FD003 --smooth-rate 40 --sequence-len 30 --feature-num 14 --dataset-root /CMAPSS-release/CMAPSSData/ --max-rul 125 --batch-size 128 --model-path /CMAPSS-release/logs/FD003_FD003_E/seed51/model_FD003_0420_095448_seed51.pkl
model_path:/CMAPSS-release/logs/FD003_FD003_E/seed51/model_FD003_0420_095448_seed51.pkl
rmse_final:16.506969451904297, score:2116.115966796875
