-----FD003-----
关键参数:
序列长度: 30
批大小(batch_size): 128
最大训练轮数(max_epochs): 30
随机数种子: 27
模型代号(model_code): FD003_D
模型结构(model_structure): encoderdecoder
消融预设(ablation_preset): D - KNN graph + GAT + EncoderDecoder-LSTM with AOF
学习率: 0.002
学习率调度器: step
Step步长(step_size): 10
Step衰减系数(gamma): 0.1
空间GAT: 开启
是否使用解码器LSTM: 是
是否使用AOF: 是
Decoder注意力隐层维度: 28
Decoder融合方式: concat
图构建模式(graph_mode): dynamic_knn
GAT层数(num_layers): 2
GAT邻居数(topk): 7
GAT嵌入维度: 8
GAT隐藏层维度: 8
------------------------------
Epoch: 1, Loss: 23.3927, Rmse_valid: 16.3613, valid_score: 12950.6, , rmse_test: 21.9562, score_test: 2375.9, Learning rate:0.00200000
Epoch: 2, Loss: 15.4951, Rmse_valid: 12.5489, valid_score: 11188.2, , rmse_test: 18.3992, score_test: 2020.4, Learning rate:0.00200000
Epoch: 3, Loss: 13.5528, Rmse_valid: 11.5806, valid_score: 8616.7, , rmse_test: 16.9626, score_test: 1459.3, Learning rate:0.00200000
Epoch: 4, Loss: 12.5147, Rmse_valid: 14.0807, valid_score: 6419.4, , rmse_test: 15.0323, score_test: 669.5, Learning rate:0.00200000
Epoch: 5, Loss: 12.0560, Rmse_valid: 10.8919, valid_score: 5604.2, , rmse_test: 15.0630, score_test: 1048.0, Learning rate:0.00200000
Epoch: 6, Loss: 11.5286, Rmse_valid: 11.7343, valid_score: 5964.3, , rmse_test: 15.0660, score_test: 1065.1, Learning rate:0.00200000
Epoch: 7, Loss: 11.2200, Rmse_valid: 11.0020, valid_score: 4618.9, , rmse_test: 14.0203, score_test: 685.1, Learning rate:0.00200000
Epoch: 8, Loss: 10.9889, Rmse_valid: 10.3803, valid_score: 4736.6, , rmse_test: 14.6672, score_test: 865.1, Learning rate:0.00200000
Epoch: 9, Loss: 10.6772, Rmse_valid: 9.6734, valid_score: 6124.0, , rmse_test: 15.9968, score_test: 1262.3, Learning rate:0.00200000
Epoch: 10, Loss: 10.4740, Rmse_valid: 10.0907, valid_score: 5165.4, , rmse_test: 14.6092, score_test: 967.2, Learning rate:0.00200000
Epoch: 11, Loss: 9.3747, Rmse_valid: 9.3918, valid_score: 4513.0, , rmse_test: 14.4292, score_test: 1007.6, Learning rate:0.00020000
Epoch: 12, Loss: 9.2793, Rmse_valid: 9.1946, valid_score: 4320.0, , rmse_test: 14.1999, score_test: 935.9, Learning rate:0.00020000
Epoch: 13, Loss: 9.2320, Rmse_valid: 9.3389, valid_score: 4824.7, , rmse_test: 14.3736, score_test: 941.5, Learning rate:0.00020000
Epoch: 14, Loss: 9.1854, Rmse_valid: 9.2757, valid_score: 4669.1, , rmse_test: 14.3451, score_test: 892.7, Learning rate:0.00020000
Epoch: 15, Loss: 9.1408, Rmse_valid: 9.1553, valid_score: 4563.6, , rmse_test: 14.3279, score_test: 845.3, Learning rate:0.00020000
Epoch: 16, Loss: 9.0878, Rmse_valid: 9.3637, valid_score: 4815.2, , rmse_test: 14.4945, score_test: 961.6, Learning rate:0.00020000
Epoch: 17, Loss: 9.0462, Rmse_valid: 9.1962, valid_score: 4481.7, , rmse_test: 14.4037, score_test: 933.5, Learning rate:0.00020000
Epoch: 18, Loss: 9.0078, Rmse_valid: 9.0283, valid_score: 4327.2, , rmse_test: 14.2904, score_test: 860.1, Learning rate:0.00020000
Epoch: 19, Loss: 8.9639, Rmse_valid: 9.2583, valid_score: 4910.3, , rmse_test: 14.5152, score_test: 904.8, Learning rate:0.00020000
Epoch: 20, Loss: 8.9288, Rmse_valid: 9.3207, valid_score: 4984.8, , rmse_test: 14.5162, score_test: 916.1, Learning rate:0.00020000
Epoch: 21, Loss: 8.8479, Rmse_valid: 9.1618, valid_score: 4664.3, , rmse_test: 14.4307, score_test: 919.0, Learning rate:0.00002000
Epoch: 22, Loss: 8.8370, Rmse_valid: 9.1927, valid_score: 4701.8, , rmse_test: 14.4460, score_test: 921.9, Learning rate:0.00002000
Epoch: 23, Loss: 8.8315, Rmse_valid: 9.1538, valid_score: 4599.6, , rmse_test: 14.4011, score_test: 903.8, Learning rate:0.00002000
Epoch: 24, Loss: 8.8265, Rmse_valid: 9.1803, valid_score: 4557.4, , rmse_test: 14.3806, score_test: 909.3, Learning rate:0.00002000
Epoch: 25, Loss: 8.8223, Rmse_valid: 9.1739, valid_score: 4517.2, , rmse_test: 14.3729, score_test: 913.9, Learning rate:0.00002000
Epoch: 26, Loss: 8.8170, Rmse_valid: 9.1422, valid_score: 4611.5, , rmse_test: 14.4257, score_test: 921.2, Learning rate:0.00002000
Epoch: 27, Loss: 8.8142, Rmse_valid: 9.2132, valid_score: 4483.9, , rmse_test: 14.3479, score_test: 881.0, Learning rate:0.00002000
Epoch: 28, Loss: 8.8101, Rmse_valid: 9.2244, valid_score: 4637.9, , rmse_test: 14.4447, score_test: 913.7, Learning rate:0.00002000
Epoch: 29, Loss: 8.8045, Rmse_valid: 9.2165, valid_score: 4629.0, , rmse_test: 14.4531, score_test: 914.4, Learning rate:0.00002000
Epoch: 30, Loss: 8.8017, Rmse_valid: 9.2268, valid_score: 4570.0, , rmse_test: 14.4023, score_test: 897.9, Learning rate:0.00002000
[Train Summary] Restored best model from epoch 18, rmse_valid: 9.0283, valid_score: 4327.2, rmse_test: 14.2904, score_test: 860.1
[Train Time] start: 2026-04-20 09:17:12, end: 2026-04-20 09:20:14, duration: 0:03:02, total_seconds: 182.06
[Auto Test] command: /usr/bin/python /CMAPSS-release/scipt/test_model.py --sub-dataset FD003 --smooth-rate 40 --sequence-len 30 --feature-num 14 --dataset-root /CMAPSS-release/CMAPSSData/ --max-rul 125 --batch-size 128 --model-path /CMAPSS-release/logs/FD003_FD003_D/seed27/model_FD003_0420_091712_seed27.pkl
model_path:/CMAPSS-release/logs/FD003_FD003_D/seed27/model_FD003_0420_091712_seed27.pkl
rmse_final:14.186965942382812, score:832.8651733398438
