-----FD002-----
关键参数:
序列长度: 30
批大小(batch_size): 128
最大训练轮数(max_epochs): 30
随机数种子: 30
模型代号(model_code): FD002_A
模型结构(model_structure): encoderdecoder
消融预设(ablation_preset): A - Path graph + GAT + EncoderDecoder-LSTM with AOF
学习率: 0.002
学习率调度器: step
Step步长(step_size): 10
Step衰减系数(gamma): 0.1
空间GAT: 开启
是否使用解码器LSTM: 是
是否使用AOF: 是
Decoder注意力隐层维度: 28
Decoder融合方式: concat
图构建模式(graph_mode): path
GAT层数(num_layers): 2
GAT邻居数(topk): 7
GAT嵌入维度: 8
GAT隐藏层维度: 8
------------------------------
Epoch: 1, Loss: 27.8713, Rmse_valid: 23.6558, valid_score: 103440.5, , rmse_test: 21.8731, score_test: 5419.1, Learning rate:0.00200000
Epoch: 2, Loss: 20.5196, Rmse_valid: 20.1685, valid_score: 67045.9, , rmse_test: 17.2639, score_test: 1544.2, Learning rate:0.00200000
Epoch: 3, Loss: 18.6159, Rmse_valid: 19.2439, valid_score: 71139.6, , rmse_test: 16.3415, score_test: 1579.8, Learning rate:0.00200000
Epoch: 4, Loss: 17.7315, Rmse_valid: 21.1070, valid_score: 97070.8, , rmse_test: 19.6795, score_test: 2760.1, Learning rate:0.00200000
Epoch: 5, Loss: 17.0721, Rmse_valid: 18.5819, valid_score: 76916.1, , rmse_test: 16.0314, score_test: 1399.8, Learning rate:0.00200000
Epoch: 6, Loss: 16.5601, Rmse_valid: 19.9844, valid_score: 51994.6, , rmse_test: 17.2143, score_test: 1490.6, Learning rate:0.00200000
Epoch: 7, Loss: 16.1867, Rmse_valid: 19.4213, valid_score: 97072.5, , rmse_test: 15.7342, score_test: 1412.3, Learning rate:0.00200000
Epoch: 8, Loss: 15.8133, Rmse_valid: 17.8018, valid_score: 41498.5, , rmse_test: 14.7031, score_test: 946.7, Learning rate:0.00200000
Epoch: 9, Loss: 15.6052, Rmse_valid: 19.3274, valid_score: 59928.5, , rmse_test: 16.5566, score_test: 2109.7, Learning rate:0.00200000
Epoch: 10, Loss: 15.2410, Rmse_valid: 17.3416, valid_score: 51901.9, , rmse_test: 14.3034, score_test: 911.9, Learning rate:0.00200000
Epoch: 11, Loss: 13.3405, Rmse_valid: 16.8562, valid_score: 56588.3, , rmse_test: 13.7129, score_test: 853.7, Learning rate:0.00020000
Epoch: 12, Loss: 13.1567, Rmse_valid: 16.4648, valid_score: 50491.8, , rmse_test: 13.8877, score_test: 938.0, Learning rate:0.00020000
Epoch: 13, Loss: 13.0610, Rmse_valid: 16.7145, valid_score: 55163.5, , rmse_test: 13.9399, score_test: 933.4, Learning rate:0.00020000
Epoch: 14, Loss: 13.0007, Rmse_valid: 16.4609, valid_score: 51014.7, , rmse_test: 13.8552, score_test: 900.6, Learning rate:0.00020000
Epoch: 15, Loss: 12.9248, Rmse_valid: 16.4664, valid_score: 50409.6, , rmse_test: 13.8462, score_test: 917.7, Learning rate:0.00020000
Epoch: 16, Loss: 12.8635, Rmse_valid: 16.4373, valid_score: 52354.0, , rmse_test: 13.8927, score_test: 929.5, Learning rate:0.00020000
Epoch: 17, Loss: 12.8060, Rmse_valid: 16.6262, valid_score: 46657.7, , rmse_test: 14.0556, score_test: 942.1, Learning rate:0.00020000
Epoch: 18, Loss: 12.7630, Rmse_valid: 16.4083, valid_score: 47797.5, , rmse_test: 13.8762, score_test: 929.6, Learning rate:0.00020000
Epoch: 19, Loss: 12.6939, Rmse_valid: 16.0648, valid_score: 37696.2, , rmse_test: 13.7110, score_test: 847.2, Learning rate:0.00020000
Epoch: 20, Loss: 12.6589, Rmse_valid: 16.4634, valid_score: 48169.9, , rmse_test: 14.0024, score_test: 968.3, Learning rate:0.00020000
Epoch: 21, Loss: 12.5141, Rmse_valid: 16.4253, valid_score: 45628.6, , rmse_test: 13.9415, score_test: 946.3, Learning rate:0.00002000
Epoch: 22, Loss: 12.5021, Rmse_valid: 16.2639, valid_score: 45784.0, , rmse_test: 13.8156, score_test: 928.5, Learning rate:0.00002000
Epoch: 23, Loss: 12.4951, Rmse_valid: 16.3046, valid_score: 45479.6, , rmse_test: 13.8724, score_test: 925.8, Learning rate:0.00002000
Epoch: 24, Loss: 12.4896, Rmse_valid: 16.4223, valid_score: 47145.4, , rmse_test: 13.8464, score_test: 931.7, Learning rate:0.00002000
Epoch: 25, Loss: 12.4853, Rmse_valid: 16.0877, valid_score: 47154.1, , rmse_test: 13.8860, score_test: 943.9, Learning rate:0.00002000
Epoch: 26, Loss: 12.4803, Rmse_valid: 16.3421, valid_score: 48140.7, , rmse_test: 13.8935, score_test: 946.5, Learning rate:0.00002000
Epoch: 27, Loss: 12.4697, Rmse_valid: 16.4032, valid_score: 46761.7, , rmse_test: 13.9077, score_test: 942.8, Learning rate:0.00002000
Epoch: 28, Loss: 12.4662, Rmse_valid: 16.3976, valid_score: 46644.4, , rmse_test: 13.8994, score_test: 940.5, Learning rate:0.00002000
Epoch: 29, Loss: 12.4582, Rmse_valid: 16.1804, valid_score: 47046.2, , rmse_test: 13.8935, score_test: 950.0, Learning rate:0.00002000
Epoch: 30, Loss: 12.4575, Rmse_valid: 16.1842, valid_score: 45663.5, , rmse_test: 13.8549, score_test: 936.8, Learning rate:0.00002000
[Train Summary] Restored best model from epoch 19, rmse_valid: 16.0648, valid_score: 37696.2, rmse_test: 13.7110, score_test: 847.2
[Train Time] start: 2026-04-20 02:38:30, end: 2026-04-20 02:44:53, duration: 0:06:22, total_seconds: 382.33
[Auto Test] command: /usr/bin/python /CMAPSS-release/scipt/test_model.py --sub-dataset FD002 --smooth-rate 40 --sequence-len 30 --feature-num 14 --dataset-root /CMAPSS-release/CMAPSSData/ --max-rul 125 --batch-size 128 --model-path /CMAPSS-release/logs/FD002_FD002_A/seed30/model_FD002_0420_023830_seed30.pkl
model_path:/CMAPSS-release/logs/FD002_FD002_A/seed30/model_FD002_0420_023830_seed30.pkl
rmse_final:13.746603965759277, score:833.968505859375
