-----FD004-----
关键参数:
序列长度: 30
批大小(batch_size): 128
最大训练轮数(max_epochs): 30
随机数种子: 17
模型代号(model_code): FD004_A
模型结构(model_structure): encoderdecoder
消融预设(ablation_preset): A - Path graph + GAT + EncoderDecoder-LSTM with AOF
学习率: 0.002
学习率调度器: step
Step步长(step_size): 10
Step衰减系数(gamma): 0.1
空间GAT: 开启
是否使用解码器LSTM: 是
是否使用AOF: 是
Decoder注意力隐层维度: 28
Decoder融合方式: concat
图构建模式(graph_mode): path
GAT层数(num_layers): 2
GAT邻居数(topk): 7
GAT嵌入维度: 8
GAT隐藏层维度: 8
------------------------------
Epoch: 1, Loss: 27.2043, Rmse_valid: 22.3485, valid_score: 108420.3, , rmse_test: 24.9006, score_test: 11567.5, Learning rate:0.00200000
Epoch: 2, Loss: 21.5580, Rmse_valid: 21.4740, valid_score: 109160.1, , rmse_test: 23.1005, score_test: 8293.4, Learning rate:0.00200000
Epoch: 3, Loss: 19.8588, Rmse_valid: 19.9203, valid_score: 81489.8, , rmse_test: 20.6104, score_test: 4258.2, Learning rate:0.00200000
Epoch: 4, Loss: 18.8805, Rmse_valid: 18.7556, valid_score: 54674.4, , rmse_test: 18.8364, score_test: 3014.9, Learning rate:0.00200000
Epoch: 5, Loss: 18.1650, Rmse_valid: 16.8531, valid_score: 30743.1, , rmse_test: 18.5195, score_test: 2396.8, Learning rate:0.00200000
Epoch: 6, Loss: 17.6826, Rmse_valid: 20.2927, valid_score: 96462.2, , rmse_test: 21.2795, score_test: 3790.2, Learning rate:0.00200000
Epoch: 7, Loss: 17.2279, Rmse_valid: 19.7553, valid_score: 90998.9, , rmse_test: 22.1134, score_test: 3954.6, Learning rate:0.00200000
Epoch: 8, Loss: 16.8768, Rmse_valid: 18.8625, valid_score: 67659.8, , rmse_test: 19.6082, score_test: 4306.7, Learning rate:0.00200000
Epoch: 9, Loss: 16.5195, Rmse_valid: 20.6299, valid_score: 106177.6, , rmse_test: 20.4705, score_test: 3566.4, Learning rate:0.00200000
Epoch: 10, Loss: 16.2175, Rmse_valid: 18.4278, valid_score: 64176.9, , rmse_test: 18.5520, score_test: 2557.0, Learning rate:0.00200000
Epoch: 11, Loss: 14.4270, Rmse_valid: 17.3415, valid_score: 55447.1, , rmse_test: 17.4382, score_test: 1994.0, Learning rate:0.00020000
Epoch: 12, Loss: 14.2079, Rmse_valid: 17.0360, valid_score: 54452.9, , rmse_test: 17.6447, score_test: 2046.1, Learning rate:0.00020000
Epoch: 13, Loss: 14.0896, Rmse_valid: 17.3182, valid_score: 54339.3, , rmse_test: 17.1283, score_test: 1647.9, Learning rate:0.00020000
Epoch: 14, Loss: 14.0019, Rmse_valid: 17.2261, valid_score: 54726.7, , rmse_test: 17.2634, score_test: 1720.6, Learning rate:0.00020000
Epoch: 15, Loss: 13.9546, Rmse_valid: 17.6923, valid_score: 66030.6, , rmse_test: 17.4462, score_test: 1980.4, Learning rate:0.00020000
Epoch: 16, Loss: 13.8940, Rmse_valid: 17.6175, valid_score: 60101.9, , rmse_test: 17.2372, score_test: 1713.2, Learning rate:0.00020000
Epoch: 17, Loss: 13.8334, Rmse_valid: 17.9260, valid_score: 66283.2, , rmse_test: 17.5144, score_test: 1913.3, Learning rate:0.00020000
Epoch: 18, Loss: 13.7709, Rmse_valid: 17.7531, valid_score: 70369.8, , rmse_test: 17.5968, score_test: 2007.7, Learning rate:0.00020000
Epoch: 19, Loss: 13.7336, Rmse_valid: 17.9146, valid_score: 72729.8, , rmse_test: 17.3793, score_test: 1999.2, Learning rate:0.00020000
Epoch: 20, Loss: 13.6917, Rmse_valid: 17.6690, valid_score: 68571.3, , rmse_test: 17.3503, score_test: 1940.1, Learning rate:0.00020000
Epoch: 21, Loss: 13.5366, Rmse_valid: 17.6600, valid_score: 66850.7, , rmse_test: 17.2878, score_test: 1833.9, Learning rate:0.00002000
Epoch: 22, Loss: 13.5178, Rmse_valid: 17.6960, valid_score: 69792.3, , rmse_test: 17.3526, score_test: 1864.1, Learning rate:0.00002000
Epoch: 23, Loss: 13.5091, Rmse_valid: 17.7208, valid_score: 66908.7, , rmse_test: 17.2587, score_test: 1830.5, Learning rate:0.00002000
Epoch: 24, Loss: 13.5067, Rmse_valid: 17.7541, valid_score: 67358.5, , rmse_test: 17.2945, score_test: 1865.5, Learning rate:0.00002000
Epoch: 25, Loss: 13.4994, Rmse_valid: 17.8946, valid_score: 72384.7, , rmse_test: 17.3929, score_test: 1917.6, Learning rate:0.00002000
Epoch: 26, Loss: 13.4946, Rmse_valid: 17.5535, valid_score: 65980.2, , rmse_test: 17.2999, score_test: 1807.9, Learning rate:0.00002000
Epoch: 27, Loss: 13.4881, Rmse_valid: 17.7204, valid_score: 68101.6, , rmse_test: 17.2513, score_test: 1859.9, Learning rate:0.00002000
Epoch: 28, Loss: 13.4825, Rmse_valid: 17.6404, valid_score: 67680.8, , rmse_test: 17.2518, score_test: 1821.4, Learning rate:0.00002000
Epoch: 29, Loss: 13.4738, Rmse_valid: 17.5837, valid_score: 66106.5, , rmse_test: 17.2324, score_test: 1782.7, Learning rate:0.00002000
Epoch: 30, Loss: 13.4728, Rmse_valid: 17.5495, valid_score: 67963.6, , rmse_test: 17.3463, score_test: 1848.2, Learning rate:0.00002000
[Train Summary] Restored best model from epoch 5, rmse_valid: 16.8531, valid_score: 30743.1, rmse_test: 18.5195, score_test: 2396.8
[Train Time] start: 2026-04-20 10:12:53, end: 2026-04-20 10:19:14, duration: 0:06:22, total_seconds: 381.59
[Auto Test] command: /usr/bin/python /CMAPSS-release/scipt/test_model.py --sub-dataset FD004 --smooth-rate 40 --sequence-len 30 --feature-num 14 --dataset-root /CMAPSS-release/CMAPSSData/ --max-rul 125 --batch-size 128 --model-path /CMAPSS-release/logs/FD004_FD004_A/seed17/model_FD004_0420_101253_seed17.pkl
model_path:/CMAPSS-release/logs/FD004_FD004_A/seed17/model_FD004_0420_101253_seed17.pkl
rmse_final:18.556907653808594, score:2341.666015625
