-----FD001-----
关键参数:
序列长度: 30
批大小(batch_size): 128
最大训练轮数(max_epochs): 30
随机数种子: 17
模型代号(model_code): FD001_E
模型结构(model_structure): original
消融预设(ablation_preset): E - Only original GAT-LSTM
学习率: 0.002
学习率调度器: step
Step步长(step_size): 10
Step衰减系数(gamma): 0.1
空间GAT: 由模型内部默认启用
图构建模式(graph_mode): path
GAT层数(num_layers): 2
GAT邻居数(topk): 7
GAT嵌入维度: 8
GAT隐藏层维度: 8
------------------------------
Epoch: 1, Loss: 39.6578, Rmse_valid: 34.2101, valid_score: 187727.5, , rmse_test: 33.1279, score_test: 5829.0, Learning rate:0.00200000
Epoch: 2, Loss: 21.0455, Rmse_valid: 27.0174, valid_score: 23768.1, , rmse_test: 23.6631, score_test: 1468.7, Learning rate:0.00200000
Epoch: 3, Loss: 18.9856, Rmse_valid: 19.8187, valid_score: 44944.0, , rmse_test: 21.1451, score_test: 5104.7, Learning rate:0.00200000
Epoch: 4, Loss: 18.1821, Rmse_valid: 19.5523, valid_score: 49609.5, , rmse_test: 17.8632, score_test: 1006.9, Learning rate:0.00200000
Epoch: 5, Loss: 17.6523, Rmse_valid: 18.6045, valid_score: 27336.8, , rmse_test: 18.6704, score_test: 1635.5, Learning rate:0.00200000
Epoch: 6, Loss: 17.2961, Rmse_valid: 19.2225, valid_score: 46538.0, , rmse_test: 17.3393, score_test: 771.8, Learning rate:0.00200000
Epoch: 7, Loss: 17.1693, Rmse_valid: 20.2854, valid_score: 50493.7, , rmse_test: 21.9884, score_test: 3063.3, Learning rate:0.00200000
Epoch: 8, Loss: 17.0222, Rmse_valid: 18.8470, valid_score: 56378.6, , rmse_test: 18.6154, score_test: 1229.1, Learning rate:0.00200000
Epoch: 9, Loss: 16.6250, Rmse_valid: 19.9264, valid_score: 17860.3, , rmse_test: 17.0965, score_test: 781.1, Learning rate:0.00200000
Epoch: 10, Loss: 16.6122, Rmse_valid: 18.9593, valid_score: 44849.3, , rmse_test: 19.6559, score_test: 2057.1, Learning rate:0.00200000
Epoch: 11, Loss: 15.6162, Rmse_valid: 19.1781, valid_score: 30281.2, , rmse_test: 17.5456, score_test: 1101.3, Learning rate:0.00020000
Epoch: 12, Loss: 15.5885, Rmse_valid: 18.8726, valid_score: 34648.7, , rmse_test: 17.5351, score_test: 1055.9, Learning rate:0.00020000
Epoch: 13, Loss: 15.5612, Rmse_valid: 18.4304, valid_score: 32362.9, , rmse_test: 17.4745, score_test: 1089.5, Learning rate:0.00020000
Epoch: 14, Loss: 15.5293, Rmse_valid: 18.1839, valid_score: 30881.6, , rmse_test: 17.8079, score_test: 1191.7, Learning rate:0.00020000
Epoch: 15, Loss: 15.5287, Rmse_valid: 17.7431, valid_score: 28332.8, , rmse_test: 17.4460, score_test: 1028.4, Learning rate:0.00020000
Epoch: 16, Loss: 15.4901, Rmse_valid: 18.5406, valid_score: 34054.2, , rmse_test: 18.5059, score_test: 1462.6, Learning rate:0.00020000
Epoch: 17, Loss: 15.4564, Rmse_valid: 18.0728, valid_score: 27852.3, , rmse_test: 17.7420, score_test: 1137.7, Learning rate:0.00020000
Epoch: 18, Loss: 15.4599, Rmse_valid: 19.6323, valid_score: 36493.4, , rmse_test: 18.6690, score_test: 1536.8, Learning rate:0.00020000
Epoch: 19, Loss: 15.4197, Rmse_valid: 18.2225, valid_score: 31098.1, , rmse_test: 18.1151, score_test: 1322.6, Learning rate:0.00020000
Epoch: 20, Loss: 15.4280, Rmse_valid: 17.9813, valid_score: 29525.6, , rmse_test: 18.0583, score_test: 1277.4, Learning rate:0.00020000
Epoch: 21, Loss: 15.3564, Rmse_valid: 17.9352, valid_score: 30222.8, , rmse_test: 17.8154, score_test: 1216.1, Learning rate:0.00002000
Epoch: 22, Loss: 15.3372, Rmse_valid: 18.6008, valid_score: 31824.4, , rmse_test: 17.9235, score_test: 1265.6, Learning rate:0.00002000
Epoch: 23, Loss: 15.3256, Rmse_valid: 18.1475, valid_score: 30719.3, , rmse_test: 17.8018, score_test: 1216.4, Learning rate:0.00002000
Epoch: 24, Loss: 15.3282, Rmse_valid: 18.5370, valid_score: 31151.2, , rmse_test: 17.9075, score_test: 1252.1, Learning rate:0.00002000
Epoch: 25, Loss: 15.3250, Rmse_valid: 18.0571, valid_score: 30725.5, , rmse_test: 17.8218, score_test: 1219.1, Learning rate:0.00002000
Epoch: 26, Loss: 15.3227, Rmse_valid: 17.8899, valid_score: 31409.8, , rmse_test: 17.8606, score_test: 1240.3, Learning rate:0.00002000
Epoch: 27, Loss: 15.3111, Rmse_valid: 17.9349, valid_score: 31238.9, , rmse_test: 17.8641, score_test: 1237.2, Learning rate:0.00002000
Epoch: 28, Loss: 15.3190, Rmse_valid: 18.4390, valid_score: 30612.8, , rmse_test: 17.7910, score_test: 1210.0, Learning rate:0.00002000
Epoch: 29, Loss: 15.3193, Rmse_valid: 18.6842, valid_score: 30788.4, , rmse_test: 17.8294, score_test: 1226.7, Learning rate:0.00002000
Epoch: 30, Loss: 15.3224, Rmse_valid: 18.7118, valid_score: 30023.4, , rmse_test: 17.7718, score_test: 1196.0, Learning rate:0.00002000
[Train Summary] Restored best model from epoch 15, rmse_valid: 17.7431, valid_score: 28332.8, rmse_test: 17.4460, score_test: 1028.4
[Train Time] start: 2026-04-20 02:00:35, end: 2026-04-20 02:01:54, duration: 0:01:19, total_seconds: 78.72
[Auto Test] command: /usr/bin/python /CMAPSS-release/scipt/test_model.py --sub-dataset FD001 --smooth-rate 40 --sequence-len 30 --feature-num 14 --dataset-root /CMAPSS-release/CMAPSSData/ --max-rul 125 --batch-size 128 --model-path /CMAPSS-release/logs/FD001_FD001_E/seed17/model_FD001_0420_020035_seed17.pkl
model_path:/CMAPSS-release/logs/FD001_FD001_E/seed17/model_FD001_0420_020035_seed17.pkl
rmse_final:17.362892150878906, score:986.4439697265625
