-----FD004-----
关键参数:
序列长度: 30
批大小(batch_size): 128
最大训练轮数(max_epochs): 30
随机数种子: 30
模型代号(model_code): FD004_B_BC_20260422_054641
模型结构(model_structure): encoderdecoder
消融预设(ablation_preset): B - Full-connected graph + GAT-LSTM with encoder and decoder (AOF off)
学习率: 0.002
学习率调度器: step
Step步长(step_size): 10
Step衰减系数(gamma): 0.1
空间GAT: 开启
是否使用解码器LSTM: 是
是否使用AOF: 否
Decoder注意力隐层维度: 28
图构建模式(graph_mode): dynamic_knn
GAT层数(num_layers): 2
GAT邻居数(topk): 14
GAT嵌入维度: 8
GAT隐藏层维度: 8
------------------------------
Epoch: 1, Loss: 27.9919, Rmse_valid: 21.1110, valid_score: 67906.3, , rmse_test: 25.2228, score_test: 10504.0, Learning rate:0.00200000
Epoch: 2, Loss: 22.1641, Rmse_valid: 20.4624, valid_score: 63790.8, , rmse_test: 20.4565, score_test: 3635.3, Learning rate:0.00200000
Epoch: 3, Loss: 20.4560, Rmse_valid: 19.1034, valid_score: 52000.6, , rmse_test: 19.3853, score_test: 2491.7, Learning rate:0.00200000
Epoch: 4, Loss: 19.5385, Rmse_valid: 18.1927, valid_score: 44665.9, , rmse_test: 18.7011, score_test: 2531.0, Learning rate:0.00200000
Epoch: 5, Loss: 18.9152, Rmse_valid: 17.5740, valid_score: 38279.4, , rmse_test: 19.3992, score_test: 3304.6, Learning rate:0.00200000
Epoch: 6, Loss: 18.2604, Rmse_valid: 17.3841, valid_score: 36361.9, , rmse_test: 18.0390, score_test: 1867.9, Learning rate:0.00200000
Epoch: 7, Loss: 17.8126, Rmse_valid: 17.8849, valid_score: 61510.8, , rmse_test: 18.4385, score_test: 2390.4, Learning rate:0.00200000
Epoch: 8, Loss: 17.5875, Rmse_valid: 16.6114, valid_score: 35023.3, , rmse_test: 18.5402, score_test: 2922.4, Learning rate:0.00200000
Epoch: 9, Loss: 17.1429, Rmse_valid: 16.4765, valid_score: 36956.2, , rmse_test: 18.0303, score_test: 1764.2, Learning rate:0.00200000
Epoch: 10, Loss: 16.9254, Rmse_valid: 20.2785, valid_score: 132168.8, , rmse_test: 20.8477, score_test: 3646.7, Learning rate:0.00200000
Epoch: 11, Loss: 15.1973, Rmse_valid: 15.9859, valid_score: 46522.8, , rmse_test: 17.4662, score_test: 1857.1, Learning rate:0.00020000
Epoch: 12, Loss: 15.0179, Rmse_valid: 16.3460, valid_score: 51030.1, , rmse_test: 17.6091, score_test: 1876.2, Learning rate:0.00020000
Epoch: 13, Loss: 14.9363, Rmse_valid: 16.3077, valid_score: 51084.2, , rmse_test: 17.3313, score_test: 1756.3, Learning rate:0.00020000
Epoch: 14, Loss: 14.8712, Rmse_valid: 16.3920, valid_score: 58731.3, , rmse_test: 17.7431, score_test: 1768.0, Learning rate:0.00020000
Epoch: 15, Loss: 14.8070, Rmse_valid: 16.3546, valid_score: 59595.3, , rmse_test: 17.6799, score_test: 1953.9, Learning rate:0.00020000
Epoch: 16, Loss: 14.7421, Rmse_valid: 16.5411, valid_score: 68131.7, , rmse_test: 17.4035, score_test: 1871.4, Learning rate:0.00020000
Epoch: 17, Loss: 14.6915, Rmse_valid: 16.1136, valid_score: 59040.6, , rmse_test: 17.6500, score_test: 1941.8, Learning rate:0.00020000
Epoch: 18, Loss: 14.6356, Rmse_valid: 16.6005, valid_score: 74267.3, , rmse_test: 17.6051, score_test: 2046.6, Learning rate:0.00020000
Epoch: 19, Loss: 14.5957, Rmse_valid: 16.4171, valid_score: 61410.2, , rmse_test: 17.6567, score_test: 2037.1, Learning rate:0.00020000
Epoch: 20, Loss: 14.5511, Rmse_valid: 16.2329, valid_score: 60908.9, , rmse_test: 17.3575, score_test: 1775.8, Learning rate:0.00020000
Epoch: 21, Loss: 14.4171, Rmse_valid: 16.3573, valid_score: 64134.9, , rmse_test: 17.3759, score_test: 1812.1, Learning rate:0.00002000
Epoch: 22, Loss: 14.4032, Rmse_valid: 16.4719, valid_score: 62529.7, , rmse_test: 17.2538, score_test: 1731.0, Learning rate:0.00002000
Epoch: 23, Loss: 14.3975, Rmse_valid: 16.2015, valid_score: 63881.1, , rmse_test: 17.4386, score_test: 1847.4, Learning rate:0.00002000
Epoch: 24, Loss: 14.3933, Rmse_valid: 16.3060, valid_score: 64390.8, , rmse_test: 17.3266, score_test: 1788.5, Learning rate:0.00002000
Epoch: 25, Loss: 14.3858, Rmse_valid: 16.2409, valid_score: 62445.0, , rmse_test: 17.3314, score_test: 1741.7, Learning rate:0.00002000
Epoch: 26, Loss: 14.3841, Rmse_valid: 16.4596, valid_score: 62579.2, , rmse_test: 17.3106, score_test: 1773.5, Learning rate:0.00002000
Epoch: 27, Loss: 14.3777, Rmse_valid: 16.2558, valid_score: 65448.8, , rmse_test: 17.4119, score_test: 1841.7, Learning rate:0.00002000
Epoch: 28, Loss: 14.3730, Rmse_valid: 16.1485, valid_score: 62847.5, , rmse_test: 17.3506, score_test: 1795.3, Learning rate:0.00002000
Epoch: 29, Loss: 14.3663, Rmse_valid: 16.1839, valid_score: 63484.7, , rmse_test: 17.2563, score_test: 1753.4, Learning rate:0.00002000
Epoch: 30, Loss: 14.3627, Rmse_valid: 16.2057, valid_score: 64847.2, , rmse_test: 17.3824, score_test: 1793.0, Learning rate:0.00002000
[Train Summary] Restored best model from epoch 11, rmse_valid: 15.9859, valid_score: 46522.8, rmse_test: 17.4662, score_test: 1857.1
[Train Time] start: 2026-04-22 11:13:12, end: 2026-04-22 11:18:19, duration: 0:05:07, total_seconds: 306.90
[Auto Test] command: /usr/bin/python /CMAPSS-release/scipt/test_model.py --sub-dataset FD004 --smooth-rate 40 --sequence-len 30 --feature-num 14 --dataset-root /CMAPSS-release/CMAPSSData/ --max-rul 125 --batch-size 128 --model-path /CMAPSS-release/logs/FD004_FD004_B_BC_20260422_054641/seed30/model_FD004_0422_111312_seed30.pkl
model_path:/CMAPSS-release/logs/FD004_FD004_B_BC_20260422_054641/seed30/model_FD004_0422_111312_seed30.pkl
rmse_final:17.40793800354004, score:1792.4658203125
