-----FD004-----
关键参数:
序列长度: 30
批大小(batch_size): 128
最大训练轮数(max_epochs): 30
随机数种子: 62
模型代号(model_code): FD004_F
模型结构(model_structure): encoderdecoder
消融预设(ablation_preset): F - KNN graph + GAT + EncoderDecoder-LSTM without AOF
学习率: 0.002
学习率调度器: step
Step步长(step_size): 10
Step衰减系数(gamma): 0.1
空间GAT: 开启
是否使用解码器LSTM: 是
是否使用AOF: 否
Decoder注意力隐层维度: 28
图构建模式(graph_mode): dynamic_knn
GAT层数(num_layers): 2
GAT邻居数(topk): 7
GAT嵌入维度: 8
GAT隐藏层维度: 8
------------------------------
Epoch: 1, Loss: 28.1093, Rmse_valid: 22.0636, valid_score: 100106.4, , rmse_test: 26.2811, score_test: 17107.5, Learning rate:0.00200000
Epoch: 2, Loss: 22.7514, Rmse_valid: 20.4303, valid_score: 69371.4, , rmse_test: 22.6538, score_test: 5262.1, Learning rate:0.00200000
Epoch: 3, Loss: 20.6895, Rmse_valid: 23.2473, valid_score: 203351.2, , rmse_test: 26.8639, score_test: 14736.9, Learning rate:0.00200000
Epoch: 4, Loss: 19.6265, Rmse_valid: 18.7455, valid_score: 67851.0, , rmse_test: 20.3643, score_test: 4683.2, Learning rate:0.00200000
Epoch: 5, Loss: 18.9073, Rmse_valid: 17.3600, valid_score: 36195.1, , rmse_test: 18.9241, score_test: 3612.9, Learning rate:0.00200000
Epoch: 6, Loss: 18.2627, Rmse_valid: 18.2290, valid_score: 51832.9, , rmse_test: 19.2727, score_test: 5432.5, Learning rate:0.00200000
Epoch: 7, Loss: 17.8718, Rmse_valid: 17.0828, valid_score: 50278.5, , rmse_test: 17.9865, score_test: 2774.5, Learning rate:0.00200000
Epoch: 8, Loss: 17.4164, Rmse_valid: 18.3814, valid_score: 70603.4, , rmse_test: 19.5276, score_test: 2801.2, Learning rate:0.00200000
Epoch: 9, Loss: 17.1704, Rmse_valid: 18.2220, valid_score: 74927.4, , rmse_test: 18.2056, score_test: 3139.0, Learning rate:0.00200000
Epoch: 10, Loss: 16.9686, Rmse_valid: 18.5308, valid_score: 68267.3, , rmse_test: 18.1559, score_test: 2469.9, Learning rate:0.00200000
Epoch: 11, Loss: 15.1917, Rmse_valid: 16.7359, valid_score: 58410.4, , rmse_test: 17.3800, score_test: 2558.4, Learning rate:0.00020000
Epoch: 12, Loss: 15.0045, Rmse_valid: 16.9460, valid_score: 63483.3, , rmse_test: 17.1432, score_test: 2056.8, Learning rate:0.00020000
Epoch: 13, Loss: 14.9140, Rmse_valid: 16.8128, valid_score: 67203.9, , rmse_test: 17.0105, score_test: 1928.3, Learning rate:0.00020000
Epoch: 14, Loss: 14.8499, Rmse_valid: 17.0929, valid_score: 70274.6, , rmse_test: 17.4339, score_test: 2305.8, Learning rate:0.00020000
Epoch: 15, Loss: 14.7913, Rmse_valid: 17.0765, valid_score: 72649.2, , rmse_test: 16.9244, score_test: 1672.7, Learning rate:0.00020000
Epoch: 16, Loss: 14.7434, Rmse_valid: 16.7323, valid_score: 72443.6, , rmse_test: 17.0504, score_test: 2045.6, Learning rate:0.00020000
Epoch: 17, Loss: 14.6883, Rmse_valid: 16.7876, valid_score: 74858.8, , rmse_test: 17.1570, score_test: 1922.0, Learning rate:0.00020000
Epoch: 18, Loss: 14.6509, Rmse_valid: 17.0742, valid_score: 81516.7, , rmse_test: 17.2767, score_test: 2198.5, Learning rate:0.00020000
Epoch: 19, Loss: 14.6047, Rmse_valid: 16.6163, valid_score: 73791.9, , rmse_test: 17.2542, score_test: 2278.1, Learning rate:0.00020000
Epoch: 20, Loss: 14.5663, Rmse_valid: 17.2009, valid_score: 89185.0, , rmse_test: 17.3238, score_test: 2144.0, Learning rate:0.00020000
Epoch: 21, Loss: 14.4404, Rmse_valid: 16.8992, valid_score: 79609.0, , rmse_test: 17.0396, score_test: 1861.9, Learning rate:0.00002000
Epoch: 22, Loss: 14.4285, Rmse_valid: 16.8409, valid_score: 80910.9, , rmse_test: 17.0650, score_test: 1905.2, Learning rate:0.00002000
Epoch: 23, Loss: 14.4221, Rmse_valid: 16.8685, valid_score: 83887.7, , rmse_test: 17.0458, score_test: 1885.4, Learning rate:0.00002000
Epoch: 24, Loss: 14.4185, Rmse_valid: 16.8890, valid_score: 83540.0, , rmse_test: 17.0739, score_test: 1937.2, Learning rate:0.00002000
Epoch: 25, Loss: 14.4117, Rmse_valid: 16.9712, valid_score: 83424.5, , rmse_test: 16.9641, score_test: 1836.7, Learning rate:0.00002000
Epoch: 26, Loss: 14.4085, Rmse_valid: 16.9148, valid_score: 84666.8, , rmse_test: 17.0465, score_test: 1912.0, Learning rate:0.00002000
Epoch: 27, Loss: 14.4036, Rmse_valid: 16.8378, valid_score: 82730.5, , rmse_test: 17.0562, score_test: 1905.9, Learning rate:0.00002000
Epoch: 28, Loss: 14.3982, Rmse_valid: 16.9439, valid_score: 84691.6, , rmse_test: 17.0543, score_test: 1924.7, Learning rate:0.00002000
Epoch: 29, Loss: 14.3937, Rmse_valid: 16.8669, valid_score: 84071.3, , rmse_test: 17.0409, score_test: 1917.7, Learning rate:0.00002000
Epoch: 30, Loss: 14.3889, Rmse_valid: 17.0226, valid_score: 85743.2, , rmse_test: 17.0512, score_test: 1934.6, Learning rate:0.00002000
[Train Summary] Restored best model from epoch 19, rmse_valid: 16.6163, valid_score: 73791.9, rmse_test: 17.2542, score_test: 2278.1
[Train Time] start: 2026-04-21 02:30:57, end: 2026-04-21 02:37:45, duration: 0:06:48, total_seconds: 407.80
[Auto Test] command: /usr/bin/python /CMAPSS-release/scipt/test_model.py --sub-dataset FD004 --smooth-rate 40 --sequence-len 30 --feature-num 14 --dataset-root /CMAPSS-release/CMAPSSData/ --max-rul 125 --batch-size 128 --model-path /CMAPSS-release/logs/FD004_FD004_F/seed62/model_FD004_0421_023057_seed62.pkl
model_path:/CMAPSS-release/logs/FD004_FD004_F/seed62/model_FD004_0421_023057_seed62.pkl
rmse_final:17.224559783935547, score:2222.247314453125
