-----FD004-----
关键参数:
序列长度: 30
批大小(batch_size): 128
最大训练轮数(max_epochs): 30
随机数种子: 30
模型代号(model_code): FD004_E
模型结构(model_structure): original
消融预设(ablation_preset): E - Only original GAT-LSTM
学习率: 0.002
学习率调度器: step
Step步长(step_size): 10
Step衰减系数(gamma): 0.1
空间GAT: 由模型内部默认启用
图构建模式(graph_mode): path
GAT层数(num_layers): 2
GAT邻居数(topk): 7
GAT嵌入维度: 8
GAT隐藏层维度: 8
------------------------------
Epoch: 1, Loss: 41.5947, Rmse_valid: 41.5983, valid_score: 799291.7, , rmse_test: 43.1374, score_test: 74424.7, Learning rate:0.00200000
Epoch: 2, Loss: 41.4130, Rmse_valid: 40.9507, valid_score: 1579762.9, , rmse_test: 44.3424, score_test: 135133.2, Learning rate:0.00200000
Epoch: 3, Loss: 40.6628, Rmse_valid: 40.2307, valid_score: 872777.8, , rmse_test: 42.6723, score_test: 84291.5, Learning rate:0.00200000
Epoch: 4, Loss: 39.0128, Rmse_valid: 39.5802, valid_score: 1604828.9, , rmse_test: 43.7820, score_test: 188383.2, Learning rate:0.00200000
Epoch: 5, Loss: 38.5622, Rmse_valid: 38.8829, valid_score: 949309.4, , rmse_test: 42.2559, score_test: 102744.1, Learning rate:0.00200000
Epoch: 6, Loss: 38.3064, Rmse_valid: 38.8738, valid_score: 1326169.1, , rmse_test: 43.2993, score_test: 176317.9, Learning rate:0.00200000
Epoch: 7, Loss: 38.0854, Rmse_valid: 41.2206, valid_score: 3299558.2, , rmse_test: 46.9039, score_test: 450357.8, Learning rate:0.00200000
Epoch: 8, Loss: 37.8541, Rmse_valid: 39.1056, valid_score: 1852319.1, , rmse_test: 43.8905, score_test: 219540.2, Learning rate:0.00200000
Epoch: 9, Loss: 37.6223, Rmse_valid: 40.9851, valid_score: 4010961.5, , rmse_test: 47.3049, score_test: 477644.1, Learning rate:0.00200000
Epoch: 10, Loss: 37.4406, Rmse_valid: 37.3652, valid_score: 818828.1, , rmse_test: 40.7450, score_test: 81143.8, Learning rate:0.00200000
Epoch: 11, Loss: 36.6083, Rmse_valid: 37.4861, valid_score: 1312897.2, , rmse_test: 41.5742, score_test: 133933.7, Learning rate:0.00020000
Epoch: 12, Loss: 36.5296, Rmse_valid: 37.4802, valid_score: 1417277.4, , rmse_test: 41.9030, score_test: 150633.2, Learning rate:0.00020000
Epoch: 13, Loss: 36.4578, Rmse_valid: 37.5259, valid_score: 1546473.9, , rmse_test: 42.0503, score_test: 168107.7, Learning rate:0.00020000
Epoch: 14, Loss: 36.4158, Rmse_valid: 37.7205, valid_score: 1148962.0, , rmse_test: 41.1685, score_test: 118972.6, Learning rate:0.00020000
Epoch: 15, Loss: 36.3715, Rmse_valid: 37.4201, valid_score: 1450275.8, , rmse_test: 41.5499, score_test: 146709.6, Learning rate:0.00020000
Epoch: 16, Loss: 36.3189, Rmse_valid: 37.5254, valid_score: 1514214.0, , rmse_test: 41.6650, score_test: 158171.6, Learning rate:0.00020000
Epoch: 17, Loss: 36.2818, Rmse_valid: 37.3335, valid_score: 1437339.2, , rmse_test: 41.3052, score_test: 141679.4, Learning rate:0.00020000
Epoch: 18, Loss: 36.2327, Rmse_valid: 37.6781, valid_score: 1512484.2, , rmse_test: 41.5849, score_test: 159704.7, Learning rate:0.00020000
Epoch: 19, Loss: 36.1961, Rmse_valid: 37.7742, valid_score: 1809877.5, , rmse_test: 42.1346, score_test: 197589.4, Learning rate:0.00020000
Epoch: 20, Loss: 36.1381, Rmse_valid: 37.2843, valid_score: 1393811.8, , rmse_test: 41.0281, score_test: 139518.4, Learning rate:0.00020000
Epoch: 21, Loss: 36.0658, Rmse_valid: 37.3420, valid_score: 1517045.0, , rmse_test: 41.2148, score_test: 151840.6, Learning rate:0.00002000
Epoch: 22, Loss: 36.0531, Rmse_valid: 37.3570, valid_score: 1640298.9, , rmse_test: 41.4499, score_test: 165630.0, Learning rate:0.00002000
Epoch: 23, Loss: 36.0465, Rmse_valid: 37.3505, valid_score: 1500851.5, , rmse_test: 41.1583, score_test: 150551.0, Learning rate:0.00002000
Epoch: 24, Loss: 36.0409, Rmse_valid: 37.5851, valid_score: 1518120.8, , rmse_test: 41.1643, score_test: 150239.3, Learning rate:0.00002000
Epoch: 25, Loss: 36.0368, Rmse_valid: 37.6126, valid_score: 1503799.4, , rmse_test: 41.1158, score_test: 146946.0, Learning rate:0.00002000
Epoch: 26, Loss: 36.0318, Rmse_valid: 37.5354, valid_score: 1627759.5, , rmse_test: 41.3885, score_test: 163145.8, Learning rate:0.00002000
Epoch: 27, Loss: 36.0242, Rmse_valid: 37.3579, valid_score: 1595218.8, , rmse_test: 41.2832, score_test: 157862.8, Learning rate:0.00002000
Epoch: 28, Loss: 36.0216, Rmse_valid: 37.2997, valid_score: 1600695.4, , rmse_test: 41.3105, score_test: 159584.6, Learning rate:0.00002000
Epoch: 29, Loss: 36.0162, Rmse_valid: 37.4891, valid_score: 1518851.1, , rmse_test: 41.1171, score_test: 148610.8, Learning rate:0.00002000
Epoch: 30, Loss: 36.0129, Rmse_valid: 37.5935, valid_score: 1566846.8, , rmse_test: 41.2182, score_test: 154273.1, Learning rate:0.00002000
[Train Summary] Restored best model from epoch 20, rmse_valid: 37.2843, valid_score: 1393811.8, rmse_test: 41.0281, score_test: 139518.4
[Train Time] start: 2026-04-20 14:18:54, end: 2026-04-20 14:21:53, duration: 0:02:59, total_seconds: 179.17
[Auto Test] command: /usr/bin/python /CMAPSS-release/scipt/test_model.py --sub-dataset FD004 --smooth-rate 40 --sequence-len 30 --feature-num 14 --dataset-root /CMAPSS-release/CMAPSSData/ --max-rul 125 --batch-size 128 --model-path /CMAPSS-release/logs/FD004_FD004_E/seed30/model_FD004_0420_141854_seed30.pkl
model_path:/CMAPSS-release/logs/FD004_FD004_E/seed30/model_FD004_0420_141854_seed30.pkl
rmse_final:40.94178771972656, score:135140.609375
