-----FD003-----
关键参数:
序列长度: 30
批大小(batch_size): 128
最大训练轮数(max_epochs): 30
随机数种子: 88
模型代号(model_code): FD003_B
模型结构(model_structure): encoderdecoder
消融预设(ablation_preset): B - Path graph + GAT + EncoderDecoder-LSTM without AOF
学习率: 0.002
学习率调度器: step
Step步长(step_size): 10
Step衰减系数(gamma): 0.1
空间GAT: 开启
是否使用解码器LSTM: 是
是否使用AOF: 否
Decoder注意力隐层维度: 28
图构建模式(graph_mode): path
GAT层数(num_layers): 2
GAT邻居数(topk): 7
GAT嵌入维度: 8
GAT隐藏层维度: 8
------------------------------
Epoch: 1, Loss: 25.3234, Rmse_valid: 22.3575, valid_score: 26139.8, , rmse_test: 23.3084, score_test: 3773.4, Learning rate:0.00200000
Epoch: 2, Loss: 19.7278, Rmse_valid: 16.0044, valid_score: 17172.2, , rmse_test: 23.7874, score_test: 3538.2, Learning rate:0.00200000
Epoch: 3, Loss: 18.2155, Rmse_valid: 14.5760, valid_score: 19526.7, , rmse_test: 21.9695, score_test: 3476.3, Learning rate:0.00200000
Epoch: 4, Loss: 15.0153, Rmse_valid: 13.1878, valid_score: 8900.2, , rmse_test: 16.5857, score_test: 1231.6, Learning rate:0.00200000
Epoch: 5, Loss: 13.1728, Rmse_valid: 12.4819, valid_score: 10487.1, , rmse_test: 16.8858, score_test: 1396.1, Learning rate:0.00200000
Epoch: 6, Loss: 12.4715, Rmse_valid: 12.4231, valid_score: 8236.2, , rmse_test: 15.4591, score_test: 973.6, Learning rate:0.00200000
Epoch: 7, Loss: 12.2486, Rmse_valid: 11.9672, valid_score: 7591.0, , rmse_test: 15.2917, score_test: 1061.4, Learning rate:0.00200000
Epoch: 8, Loss: 11.5011, Rmse_valid: 17.3661, valid_score: 10817.7, , rmse_test: 16.2248, score_test: 1014.8, Learning rate:0.00200000
Epoch: 9, Loss: 11.5023, Rmse_valid: 11.7395, valid_score: 7401.5, , rmse_test: 16.0533, score_test: 1153.6, Learning rate:0.00200000
Epoch: 10, Loss: 11.1842, Rmse_valid: 12.0147, valid_score: 10558.2, , rmse_test: 20.1012, score_test: 2242.7, Learning rate:0.00200000
Epoch: 11, Loss: 10.0867, Rmse_valid: 10.6728, valid_score: 7076.6, , rmse_test: 15.6455, score_test: 1332.6, Learning rate:0.00020000
Epoch: 12, Loss: 9.9206, Rmse_valid: 10.5943, valid_score: 7082.4, , rmse_test: 15.6807, score_test: 1423.0, Learning rate:0.00020000
Epoch: 13, Loss: 9.8654, Rmse_valid: 10.6566, valid_score: 6795.5, , rmse_test: 15.4622, score_test: 1150.4, Learning rate:0.00020000
Epoch: 14, Loss: 9.8015, Rmse_valid: 9.9221, valid_score: 7326.1, , rmse_test: 16.3703, score_test: 1348.4, Learning rate:0.00020000
Epoch: 15, Loss: 9.7578, Rmse_valid: 10.5378, valid_score: 6631.0, , rmse_test: 15.5998, score_test: 1305.1, Learning rate:0.00020000
Epoch: 16, Loss: 9.7068, Rmse_valid: 10.3301, valid_score: 6738.2, , rmse_test: 15.8054, score_test: 1322.1, Learning rate:0.00020000
Epoch: 17, Loss: 9.6482, Rmse_valid: 9.9699, valid_score: 6655.4, , rmse_test: 15.7803, score_test: 1289.3, Learning rate:0.00020000
Epoch: 18, Loss: 9.6238, Rmse_valid: 9.6686, valid_score: 6531.7, , rmse_test: 15.8483, score_test: 1262.2, Learning rate:0.00020000
Epoch: 19, Loss: 9.5755, Rmse_valid: 10.0278, valid_score: 6590.5, , rmse_test: 15.7374, score_test: 1268.2, Learning rate:0.00020000
Epoch: 20, Loss: 9.5287, Rmse_valid: 9.8790, valid_score: 7003.8, , rmse_test: 15.7684, score_test: 1236.7, Learning rate:0.00020000
Epoch: 21, Loss: 9.4477, Rmse_valid: 9.9276, valid_score: 6618.8, , rmse_test: 15.6731, score_test: 1221.9, Learning rate:0.00002000
Epoch: 22, Loss: 9.4350, Rmse_valid: 9.8564, valid_score: 6536.4, , rmse_test: 15.6733, score_test: 1225.8, Learning rate:0.00002000
Epoch: 23, Loss: 9.4287, Rmse_valid: 9.7860, valid_score: 6611.3, , rmse_test: 15.7426, score_test: 1236.4, Learning rate:0.00002000
Epoch: 24, Loss: 9.4234, Rmse_valid: 9.8330, valid_score: 6496.7, , rmse_test: 15.6521, score_test: 1204.5, Learning rate:0.00002000
Epoch: 25, Loss: 9.4182, Rmse_valid: 9.8081, valid_score: 6467.9, , rmse_test: 15.6527, score_test: 1195.6, Learning rate:0.00002000
Epoch: 26, Loss: 9.4129, Rmse_valid: 9.8313, valid_score: 6440.6, , rmse_test: 15.6355, score_test: 1189.0, Learning rate:0.00002000
Epoch: 27, Loss: 9.4089, Rmse_valid: 9.8193, valid_score: 6411.0, , rmse_test: 15.6734, score_test: 1206.9, Learning rate:0.00002000
Epoch: 28, Loss: 9.4031, Rmse_valid: 9.7599, valid_score: 6587.2, , rmse_test: 15.7643, score_test: 1248.0, Learning rate:0.00002000
Epoch: 29, Loss: 9.4011, Rmse_valid: 9.8256, valid_score: 6453.4, , rmse_test: 15.6825, score_test: 1197.9, Learning rate:0.00002000
Epoch: 30, Loss: 9.3941, Rmse_valid: 9.8183, valid_score: 6437.9, , rmse_test: 15.7108, score_test: 1220.0, Learning rate:0.00002000
[Train Summary] Restored best model from epoch 18, rmse_valid: 9.6686, valid_score: 6531.7, rmse_test: 15.8483, score_test: 1262.2
[Train Time] start: 2026-04-20 08:36:46, end: 2026-04-20 08:39:34, duration: 0:02:48, total_seconds: 168.33
[Auto Test] command: /usr/bin/python /CMAPSS-release/scipt/test_model.py --sub-dataset FD003 --smooth-rate 40 --sequence-len 30 --feature-num 14 --dataset-root /CMAPSS-release/CMAPSSData/ --max-rul 125 --batch-size 128 --model-path /CMAPSS-release/logs/FD003_FD003_B/seed88/model_FD003_0420_083646_seed88.pkl
model_path:/CMAPSS-release/logs/FD003_FD003_B/seed88/model_FD003_0420_083646_seed88.pkl
rmse_final:15.74134635925293, score:1192.422119140625
