-----FD001-----
关键参数:
序列长度: 30
批大小(batch_size): 128
最大训练轮数(max_epochs): 30
随机数种子: 33
模型代号(model_code): FD001_F
模型结构(model_structure): encoderdecoder
消融预设(ablation_preset): F - KNN graph + GAT + EncoderDecoder-LSTM without AOF
学习率: 0.002
学习率调度器: step
Step步长(step_size): 10
Step衰减系数(gamma): 0.1
空间GAT: 开启
是否使用解码器LSTM: 是
是否使用AOF: 否
Decoder注意力隐层维度: 28
图构建模式(graph_mode): dynamic_knn
GAT层数(num_layers): 2
GAT邻居数(topk): 7
GAT嵌入维度: 8
GAT隐藏层维度: 8
------------------------------
Epoch: 1, Loss: 24.2849, Rmse_valid: 21.5080, valid_score: 15597.3, , rmse_test: 23.2759, score_test: 14043.9, Learning rate:0.00200000
Epoch: 2, Loss: 18.5823, Rmse_valid: 15.0961, valid_score: 6115.0, , rmse_test: 18.3623, score_test: 1274.4, Learning rate:0.00200000
Epoch: 3, Loss: 14.6654, Rmse_valid: 15.8530, valid_score: 13655.8, , rmse_test: 18.4293, score_test: 765.9, Learning rate:0.00200000
Epoch: 4, Loss: 12.9553, Rmse_valid: 11.3977, valid_score: 3844.2, , rmse_test: 13.7361, score_test: 315.2, Learning rate:0.00200000
Epoch: 5, Loss: 12.1955, Rmse_valid: 11.8872, valid_score: 5379.5, , rmse_test: 14.6498, score_test: 389.1, Learning rate:0.00200000
Epoch: 6, Loss: 11.6047, Rmse_valid: 13.5314, valid_score: 7496.0, , rmse_test: 15.3712, score_test: 400.9, Learning rate:0.00200000
Epoch: 7, Loss: 11.2680, Rmse_valid: 12.7660, valid_score: 6212.3, , rmse_test: 14.6619, score_test: 420.5, Learning rate:0.00200000
Epoch: 8, Loss: 11.0396, Rmse_valid: 11.6611, valid_score: 5600.5, , rmse_test: 14.4686, score_test: 356.2, Learning rate:0.00200000
Epoch: 9, Loss: 10.9097, Rmse_valid: 11.8229, valid_score: 4369.2, , rmse_test: 14.3237, score_test: 333.5, Learning rate:0.00200000
Epoch: 10, Loss: 10.5011, Rmse_valid: 12.2100, valid_score: 6337.2, , rmse_test: 15.0344, score_test: 461.0, Learning rate:0.00200000
Epoch: 11, Loss: 9.6431, Rmse_valid: 11.9528, valid_score: 5815.0, , rmse_test: 14.3409, score_test: 371.1, Learning rate:0.00020000
Epoch: 12, Loss: 9.5284, Rmse_valid: 11.7030, valid_score: 5280.1, , rmse_test: 14.0575, score_test: 335.6, Learning rate:0.00020000
Epoch: 13, Loss: 9.4968, Rmse_valid: 11.5367, valid_score: 4817.1, , rmse_test: 14.0819, score_test: 332.0, Learning rate:0.00020000
Epoch: 14, Loss: 9.4482, Rmse_valid: 11.5877, valid_score: 4751.7, , rmse_test: 13.9980, score_test: 318.5, Learning rate:0.00020000
Epoch: 15, Loss: 9.3943, Rmse_valid: 11.9328, valid_score: 5018.1, , rmse_test: 13.9553, score_test: 315.0, Learning rate:0.00020000
Epoch: 16, Loss: 9.3556, Rmse_valid: 11.5406, valid_score: 5579.7, , rmse_test: 14.3466, score_test: 388.6, Learning rate:0.00020000
Epoch: 17, Loss: 9.3154, Rmse_valid: 12.1159, valid_score: 5705.5, , rmse_test: 14.2030, score_test: 363.7, Learning rate:0.00020000
Epoch: 18, Loss: 9.2698, Rmse_valid: 12.0486, valid_score: 5682.0, , rmse_test: 14.2739, score_test: 377.6, Learning rate:0.00020000
Epoch: 19, Loss: 9.2329, Rmse_valid: 11.8407, valid_score: 4766.4, , rmse_test: 13.9861, score_test: 327.0, Learning rate:0.00020000
Epoch: 20, Loss: 9.1901, Rmse_valid: 11.3158, valid_score: 5141.8, , rmse_test: 14.1234, score_test: 346.8, Learning rate:0.00020000
Epoch: 21, Loss: 9.1206, Rmse_valid: 11.6832, valid_score: 5280.1, , rmse_test: 14.1376, score_test: 362.1, Learning rate:0.00002000
Epoch: 22, Loss: 9.1178, Rmse_valid: 11.5150, valid_score: 5283.2, , rmse_test: 14.1892, score_test: 371.6, Learning rate:0.00002000
Epoch: 23, Loss: 9.1030, Rmse_valid: 12.2234, valid_score: 5312.2, , rmse_test: 14.1544, score_test: 367.7, Learning rate:0.00002000
Epoch: 24, Loss: 9.1005, Rmse_valid: 11.6183, valid_score: 5175.7, , rmse_test: 14.1416, score_test: 366.1, Learning rate:0.00002000
Epoch: 25, Loss: 9.1000, Rmse_valid: 11.5427, valid_score: 5400.4, , rmse_test: 14.2071, score_test: 381.2, Learning rate:0.00002000
Epoch: 26, Loss: 9.0881, Rmse_valid: 11.8297, valid_score: 5106.0, , rmse_test: 14.1513, score_test: 366.8, Learning rate:0.00002000
Epoch: 27, Loss: 9.0950, Rmse_valid: 11.8373, valid_score: 5239.3, , rmse_test: 14.1435, score_test: 371.0, Learning rate:0.00002000
Epoch: 28, Loss: 9.0871, Rmse_valid: 11.4994, valid_score: 5389.0, , rmse_test: 14.2048, score_test: 383.5, Learning rate:0.00002000
Epoch: 29, Loss: 9.0840, Rmse_valid: 11.4699, valid_score: 5374.3, , rmse_test: 14.1648, score_test: 378.2, Learning rate:0.00002000
Epoch: 30, Loss: 9.0777, Rmse_valid: 11.7334, valid_score: 5531.1, , rmse_test: 14.2055, score_test: 385.6, Learning rate:0.00002000
[Train Summary] Restored best model from epoch 20, rmse_valid: 11.3158, valid_score: 5141.8, rmse_test: 14.1234, score_test: 346.8
[Train Time] start: 2026-04-20 23:47:47, end: 2026-04-20 23:50:13, duration: 0:02:26, total_seconds: 145.79
[Auto Test] command: /usr/bin/python /CMAPSS-release/scipt/test_model.py --sub-dataset FD001 --smooth-rate 40 --sequence-len 30 --feature-num 14 --dataset-root /CMAPSS-release/CMAPSSData/ --max-rul 125 --batch-size 128 --model-path /CMAPSS-release/logs/FD001_FD001_F/seed33/model_FD001_0420_234747_seed33.pkl
model_path:/CMAPSS-release/logs/FD001_FD001_F/seed33/model_FD001_0420_234747_seed33.pkl
rmse_final:14.027116775512695, score:334.3605651855469
