-----FD001-----
关键参数:
序列长度: 30
批大小(batch_size): 128
最大训练轮数(max_epochs): 30
随机数种子: 27
模型代号(model_code): SGF_MB
模型结构(model_structure): sgformer_mamba_regressor
学习率: 0.002
学习率调度器: step
Step步长(step_size): 10
Step衰减系数(gamma): 0.1
空间模块: SGFormer(传感器维度全注意力)
d_model: 64
spatial_num_layers: 2
spatial_num_heads: 4
spatial_dropout: 0.1
时间模块: Mamba-style selective SSM (no encoder-decoder)
temporal_num_layers: 2
temporal_d_state: 16
temporal_dropout: 0.1
sensor_pooling: mean
------------------------------
Epoch: 1, Loss: 23.6308, Rmse_valid: 16.1743, valid_score: 8492.8, , rmse_test: 16.6849, score_test: 699.5, Learning rate:0.00200000
Epoch: 2, Loss: 16.8506, Rmse_valid: 15.6419, valid_score: 12650.0, , rmse_test: 18.4292, score_test: 3902.9, Learning rate:0.00200000
Epoch: 3, Loss: 15.3555, Rmse_valid: 15.5245, valid_score: 13648.6, , rmse_test: 15.6350, score_test: 560.4, Learning rate:0.00200000
Epoch: 4, Loss: 14.6134, Rmse_valid: 15.1522, valid_score: 9701.2, , rmse_test: 15.5515, score_test: 535.6, Learning rate:0.00200000
Epoch: 5, Loss: 14.0791, Rmse_valid: 15.5186, valid_score: 9234.3, , rmse_test: 16.0257, score_test: 393.5, Learning rate:0.00200000
Epoch: 6, Loss: 13.8153, Rmse_valid: 15.4774, valid_score: 8800.3, , rmse_test: 16.1680, score_test: 361.3, Learning rate:0.00200000
Epoch: 7, Loss: 13.2678, Rmse_valid: 19.1966, valid_score: 52872.9, , rmse_test: 22.0127, score_test: 5315.5, Learning rate:0.00200000
Epoch: 8, Loss: 13.5259, Rmse_valid: 12.6307, valid_score: 7659.3, , rmse_test: 15.4704, score_test: 859.0, Learning rate:0.00200000
Epoch: 9, Loss: 13.1396, Rmse_valid: 14.1691, valid_score: 10138.7, , rmse_test: 14.5371, score_test: 354.4, Learning rate:0.00200000
Epoch: 10, Loss: 13.1815, Rmse_valid: 15.6022, valid_score: 10758.3, , rmse_test: 17.2867, score_test: 1520.1, Learning rate:0.00200000
Epoch: 11, Loss: 12.1538, Rmse_valid: 12.7534, valid_score: 6982.3, , rmse_test: 14.3193, score_test: 632.8, Learning rate:0.00020000
Epoch: 12, Loss: 11.7590, Rmse_valid: 12.9793, valid_score: 7252.0, , rmse_test: 14.0734, score_test: 659.5, Learning rate:0.00020000
Epoch: 13, Loss: 11.6215, Rmse_valid: 13.2924, valid_score: 8314.2, , rmse_test: 14.9252, score_test: 870.0, Learning rate:0.00020000
Epoch: 14, Loss: 11.6680, Rmse_valid: 13.3361, valid_score: 6546.2, , rmse_test: 13.9540, score_test: 473.4, Learning rate:0.00020000
Epoch: 15, Loss: 11.6133, Rmse_valid: 13.0553, valid_score: 8667.8, , rmse_test: 14.8575, score_test: 917.5, Learning rate:0.00020000
