-----FD001-----
关键参数:
序列长度: 30
批大小(batch_size): 128
最大训练轮数(max_epochs): 30
随机数种子: 88
模型代号(model_code): FD001_C
模型结构(model_structure): encoderdecoder
消融预设(ablation_preset): C - Path graph + GAT + Encoder-only LSTM (no decoder, no AOF)
学习率: 0.002
学习率调度器: step
Step步长(step_size): 10
Step衰减系数(gamma): 0.1
空间GAT: 开启
是否使用解码器LSTM: 否
是否使用AOF: 否
图构建模式(graph_mode): path
GAT层数(num_layers): 2
GAT邻居数(topk): 7
GAT嵌入维度: 8
GAT隐藏层维度: 8
------------------------------
Epoch: 1, Loss: 26.3769, Rmse_valid: 20.7385, valid_score: 31338.0, , rmse_test: 26.4299, score_test: 28977.4, Learning rate:0.00200000
Epoch: 2, Loss: 21.3102, Rmse_valid: 21.0595, valid_score: 33659.4, , rmse_test: 26.2907, score_test: 24962.8, Learning rate:0.00200000
Epoch: 3, Loss: 20.4824, Rmse_valid: 19.7716, valid_score: 21515.8, , rmse_test: 24.2022, score_test: 17582.4, Learning rate:0.00200000
Epoch: 4, Loss: 18.4753, Rmse_valid: 16.7163, valid_score: 11838.2, , rmse_test: 20.4747, score_test: 1408.0, Learning rate:0.00200000
Epoch: 5, Loss: 16.8289, Rmse_valid: 17.9793, valid_score: 18260.0, , rmse_test: 20.3627, score_test: 1064.0, Learning rate:0.00200000
Epoch: 6, Loss: 15.0639, Rmse_valid: 18.1369, valid_score: 7050.7, , rmse_test: 17.5709, score_test: 457.6, Learning rate:0.00200000
Epoch: 7, Loss: 14.1486, Rmse_valid: 14.1333, valid_score: 5242.3, , rmse_test: 14.6850, score_test: 368.3, Learning rate:0.00200000
Epoch: 8, Loss: 13.2090, Rmse_valid: 13.6418, valid_score: 5646.1, , rmse_test: 16.0806, score_test: 413.4, Learning rate:0.00200000
Epoch: 9, Loss: 12.9436, Rmse_valid: 13.0610, valid_score: 5850.3, , rmse_test: 15.0078, score_test: 473.4, Learning rate:0.00200000
Epoch: 10, Loss: 12.4512, Rmse_valid: 14.0362, valid_score: 6839.4, , rmse_test: 15.9689, score_test: 511.9, Learning rate:0.00200000
Epoch: 11, Loss: 10.7905, Rmse_valid: 12.8187, valid_score: 5771.2, , rmse_test: 14.2997, score_test: 388.7, Learning rate:0.00020000
Epoch: 12, Loss: 10.5207, Rmse_valid: 12.4983, valid_score: 6030.6, , rmse_test: 14.1722, score_test: 341.6, Learning rate:0.00020000
Epoch: 13, Loss: 10.3768, Rmse_valid: 12.8992, valid_score: 5904.2, , rmse_test: 14.0666, score_test: 315.2, Learning rate:0.00020000
Epoch: 14, Loss: 10.2888, Rmse_valid: 12.5307, valid_score: 5830.2, , rmse_test: 13.7643, score_test: 295.7, Learning rate:0.00020000
Epoch: 15, Loss: 10.1730, Rmse_valid: 13.0724, valid_score: 6318.1, , rmse_test: 14.0752, score_test: 324.4, Learning rate:0.00020000
Epoch: 16, Loss: 10.0924, Rmse_valid: 13.1300, valid_score: 5562.6, , rmse_test: 14.0226, score_test: 285.5, Learning rate:0.00020000
Epoch: 17, Loss: 10.0072, Rmse_valid: 12.6485, valid_score: 7278.3, , rmse_test: 14.1914, score_test: 379.9, Learning rate:0.00020000
Epoch: 18, Loss: 9.9217, Rmse_valid: 12.6864, valid_score: 6941.3, , rmse_test: 14.2796, score_test: 393.9, Learning rate:0.00020000
Epoch: 19, Loss: 9.8719, Rmse_valid: 12.7500, valid_score: 5789.0, , rmse_test: 13.7320, score_test: 285.1, Learning rate:0.00020000
Epoch: 20, Loss: 9.7772, Rmse_valid: 13.1012, valid_score: 8758.2, , rmse_test: 15.0305, score_test: 512.3, Learning rate:0.00020000
Epoch: 21, Loss: 9.6878, Rmse_valid: 13.0323, valid_score: 6489.6, , rmse_test: 13.9920, score_test: 346.4, Learning rate:0.00002000
Epoch: 22, Loss: 9.6472, Rmse_valid: 12.5285, valid_score: 6357.1, , rmse_test: 13.8926, score_test: 337.8, Learning rate:0.00002000
Epoch: 23, Loss: 9.6303, Rmse_valid: 12.4600, valid_score: 6205.5, , rmse_test: 13.8220, score_test: 328.5, Learning rate:0.00002000
Epoch: 24, Loss: 9.6297, Rmse_valid: 12.6599, valid_score: 6369.9, , rmse_test: 13.9089, score_test: 341.9, Learning rate:0.00002000
Epoch: 25, Loss: 9.6099, Rmse_valid: 13.4833, valid_score: 6094.8, , rmse_test: 13.8164, score_test: 320.3, Learning rate:0.00002000
Epoch: 26, Loss: 9.6066, Rmse_valid: 12.8902, valid_score: 6372.4, , rmse_test: 13.9954, score_test: 346.6, Learning rate:0.00002000
Epoch: 27, Loss: 9.6061, Rmse_valid: 12.5063, valid_score: 6035.6, , rmse_test: 13.8443, score_test: 323.6, Learning rate:0.00002000
Epoch: 28, Loss: 9.5896, Rmse_valid: 12.6195, valid_score: 6053.8, , rmse_test: 13.8504, score_test: 320.2, Learning rate:0.00002000
Epoch: 29, Loss: 9.5854, Rmse_valid: 13.0348, valid_score: 6259.4, , rmse_test: 13.9471, score_test: 329.4, Learning rate:0.00002000
Epoch: 30, Loss: 9.5751, Rmse_valid: 12.4501, valid_score: 6177.5, , rmse_test: 13.9154, score_test: 332.0, Learning rate:0.00002000
[Train Summary] Restored best model from epoch 30, rmse_valid: 12.4501, valid_score: 6177.5, rmse_test: 13.9154, score_test: 332.0
[Train Time] start: 2026-04-20 01:25:23, end: 2026-04-20 01:27:17, duration: 0:01:54, total_seconds: 114.06
[Auto Test] command: /usr/bin/python /CMAPSS-release/scipt/test_model.py --sub-dataset FD001 --smooth-rate 40 --sequence-len 30 --feature-num 14 --dataset-root /CMAPSS-release/CMAPSSData/ --max-rul 125 --batch-size 128 --model-path /CMAPSS-release/logs/FD001_FD001_C/seed88/model_FD001_0420_012523_seed88.pkl
model_path:/CMAPSS-release/logs/FD001_FD001_C/seed88/model_FD001_0420_012523_seed88.pkl
rmse_final:13.892804145812988, score:326.39599609375
