-----FD003-----
关键参数:
序列长度: 30
批大小(batch_size): 128
最大训练轮数(max_epochs): 30
随机数种子: 27
模型代号(model_code): A_AEF_0FF
模型结构(model_structure): encoderdecoder
消融预设(ablation_preset): A_AEF_0FF - KNN graph + GAT-LSTM with encoder and decoder (AEF off)
学习率: 0.002
学习率调度器: step
Step步长(step_size): 10
Step衰减系数(gamma): 0.1
空间GAT: 开启
是否使用解码器LSTM: 是
是否使用AEF: 否
Decoder注意力隐层维度: 28
图构建模式(graph_mode): dynamic_knn
GAT层数(num_layers): 2
GAT邻居数(topk): 7
GAT嵌入维度: 8
GAT隐藏层维度: 8
------------------------------
Epoch: 1, Loss: 23.0713, Rmse_valid: 18.4424, valid_score: 27941.4, , rmse_test: 24.9076, score_test: 4735.2, Learning rate:0.00200000
Epoch: 2, Loss: 19.3904, Rmse_valid: 17.3122, valid_score: 24777.3, , rmse_test: 25.4064, score_test: 4809.5, Learning rate:0.00200000
Epoch: 3, Loss: 18.8175, Rmse_valid: 16.6688, valid_score: 27285.9, , rmse_test: 25.7365, score_test: 4510.5, Learning rate:0.00200000
Epoch: 4, Loss: 18.3380, Rmse_valid: 18.4246, valid_score: 23329.5, , rmse_test: 22.4225, score_test: 2199.8, Learning rate:0.00200000
Epoch: 5, Loss: 17.6568, Rmse_valid: 14.7307, valid_score: 15464.9, , rmse_test: 21.5899, score_test: 2250.5, Learning rate:0.00200000
Epoch: 6, Loss: 16.7333, Rmse_valid: 13.9421, valid_score: 16422.0, , rmse_test: 20.8656, score_test: 2389.0, Learning rate:0.00200000
Epoch: 7, Loss: 15.4285, Rmse_valid: 14.5642, valid_score: 12093.0, , rmse_test: 17.8712, score_test: 1470.8, Learning rate:0.00200000
Epoch: 8, Loss: 14.4003, Rmse_valid: 12.0491, valid_score: 13301.3, , rmse_test: 19.1076, score_test: 2364.2, Learning rate:0.00200000
Epoch: 9, Loss: 13.6489, Rmse_valid: 13.1116, valid_score: 9069.0, , rmse_test: 16.2845, score_test: 972.6, Learning rate:0.00200000
Epoch: 10, Loss: 13.1704, Rmse_valid: 12.1177, valid_score: 10284.3, , rmse_test: 16.1819, score_test: 1292.0, Learning rate:0.00200000
Epoch: 11, Loss: 11.5258, Rmse_valid: 11.6358, valid_score: 9875.2, , rmse_test: 15.8124, score_test: 1293.0, Learning rate:0.00020000
Epoch: 12, Loss: 11.2958, Rmse_valid: 11.1744, valid_score: 9138.6, , rmse_test: 15.6840, score_test: 1254.0, Learning rate:0.00020000
Epoch: 13, Loss: 11.1415, Rmse_valid: 11.0702, valid_score: 9505.8, , rmse_test: 15.6169, score_test: 1235.1, Learning rate:0.00020000
Epoch: 14, Loss: 10.9826, Rmse_valid: 11.3211, valid_score: 9053.1, , rmse_test: 15.3651, score_test: 1182.0, Learning rate:0.00020000
Epoch: 15, Loss: 10.8341, Rmse_valid: 11.1550, valid_score: 8813.0, , rmse_test: 15.2761, score_test: 1223.5, Learning rate:0.00020000
Epoch: 16, Loss: 10.6971, Rmse_valid: 11.1357, valid_score: 9005.9, , rmse_test: 15.3362, score_test: 1197.3, Learning rate:0.00020000
Epoch: 17, Loss: 10.5700, Rmse_valid: 11.0413, valid_score: 8976.1, , rmse_test: 15.0805, score_test: 1140.6, Learning rate:0.00020000
Epoch: 18, Loss: 10.4452, Rmse_valid: 11.5477, valid_score: 8801.5, , rmse_test: 15.2382, score_test: 1136.8, Learning rate:0.00020000
Epoch: 19, Loss: 10.3320, Rmse_valid: 11.0484, valid_score: 8333.2, , rmse_test: 14.9355, score_test: 1094.4, Learning rate:0.00020000
Epoch: 20, Loss: 10.2273, Rmse_valid: 10.6194, valid_score: 8534.8, , rmse_test: 14.8770, score_test: 1135.6, Learning rate:0.00020000
Epoch: 21, Loss: 10.0750, Rmse_valid: 10.5534, valid_score: 8572.5, , rmse_test: 14.9249, score_test: 1132.9, Learning rate:0.00002000
Epoch: 22, Loss: 10.0568, Rmse_valid: 10.6072, valid_score: 8678.5, , rmse_test: 14.9793, score_test: 1152.2, Learning rate:0.00002000
Epoch: 23, Loss: 10.0444, Rmse_valid: 10.6278, valid_score: 8692.1, , rmse_test: 15.0159, score_test: 1151.5, Learning rate:0.00002000
Epoch: 24, Loss: 10.0320, Rmse_valid: 10.6093, valid_score: 8692.6, , rmse_test: 14.9459, score_test: 1141.7, Learning rate:0.00002000
Epoch: 25, Loss: 10.0191, Rmse_valid: 10.4997, valid_score: 8691.2, , rmse_test: 15.0346, score_test: 1143.7, Learning rate:0.00002000
Epoch: 26, Loss: 10.0074, Rmse_valid: 10.5607, valid_score: 8723.2, , rmse_test: 14.9940, score_test: 1145.5, Learning rate:0.00002000
Epoch: 27, Loss: 9.9968, Rmse_valid: 10.6826, valid_score: 8675.5, , rmse_test: 15.0134, score_test: 1149.6, Learning rate:0.00002000
Epoch: 28, Loss: 9.9850, Rmse_valid: 10.5688, valid_score: 8704.6, , rmse_test: 14.9991, score_test: 1149.8, Learning rate:0.00002000
Epoch: 29, Loss: 9.9735, Rmse_valid: 10.4682, valid_score: 8595.9, , rmse_test: 14.9297, score_test: 1126.0, Learning rate:0.00002000
Epoch: 30, Loss: 9.9631, Rmse_valid: 10.6658, valid_score: 8629.3, , rmse_test: 14.9997, score_test: 1132.2, Learning rate:0.00002000
[Train Summary] Restored best model from epoch 29, rmse_valid: 10.4682, valid_score: 8595.9, rmse_test: 14.9297, score_test: 1126.0
[Train Time] start: 2026-04-25 13:56:31, end: 2026-04-25 13:57:52, duration: 0:01:20, total_seconds: 80.50
[Auto Test] command: /usr/bin/python /CMAPSS-release/scipt/test_model.py --sub-dataset FD003 --smooth-rate 30 --sequence-len 30 --feature-num 14 --dataset-root /CMAPSS-release/CMAPSSData/ --max-rul 125 --batch-size 128 --model-path /CMAPSS-release/logs/FD003_A_AEF_0FF/seed27/model_FD003_0425_135631_seed27.pkl
model_path:/CMAPSS-release/logs/FD003_A_AEF_0FF/seed27/model_FD003_0425_135631_seed27.pkl
rmse_final:14.846884727478027, score:1076.1287841796875
