-----FD001-----
关键参数:
序列长度: 30
批大小(batch_size): 128
最大训练轮数(max_epochs): 30
随机数种子: 2
模型代号(model_code): 2
模型结构(model_structure): sgformer_mamba_regressor
学习率: 0.002
学习率调度器: step
Step步长(step_size): 10
Step衰减系数(gamma): 0.1
空间模块: SGFormer(传感器维度全注意力)
d_model: 64
spatial_num_layers: 2
spatial_num_heads: 4
spatial_dropout: 0.1
时间模块: Mamba-style selective SSM (no encoder-decoder)
temporal_num_layers: 2
temporal_d_state: 16
temporal_dropout: 0.1
sensor_pooling: mean
------------------------------
Epoch: 1, Loss: 31.0223, Rmse_valid: 23.9074, valid_score: 32140.3, , rmse_test: 27.4410, score_test: 10458.4, Learning rate:0.00200000
Epoch: 2, Loss: 22.0967, Rmse_valid: 17.2972, valid_score: 14626.2, , rmse_test: 16.8615, score_test: 653.6, Learning rate:0.00200000
Epoch: 3, Loss: 18.5581, Rmse_valid: 15.8774, valid_score: 13343.9, , rmse_test: 16.4146, score_test: 718.7, Learning rate:0.00200000
Epoch: 4, Loss: 15.6323, Rmse_valid: 14.8947, valid_score: 10302.4, , rmse_test: 15.0076, score_test: 726.6, Learning rate:0.00200000
Epoch: 5, Loss: 15.5779, Rmse_valid: 14.9268, valid_score: 7785.4, , rmse_test: 14.4488, score_test: 502.0, Learning rate:0.00200000
Epoch: 6, Loss: 14.8878, Rmse_valid: 13.6842, valid_score: 7316.5, , rmse_test: 14.0420, score_test: 594.4, Learning rate:0.00200000
Epoch: 7, Loss: 13.8815, Rmse_valid: 14.9607, valid_score: 7338.8, , rmse_test: 13.8883, score_test: 658.2, Learning rate:0.00200000
Epoch: 8, Loss: 13.8147, Rmse_valid: 16.8275, valid_score: 10131.9, , rmse_test: 15.6347, score_test: 538.4, Learning rate:0.00200000
Epoch: 9, Loss: 14.3290, Rmse_valid: 14.8272, valid_score: 8863.1, , rmse_test: 14.6464, score_test: 445.4, Learning rate:0.00200000
Epoch: 10, Loss: 13.3228, Rmse_valid: 14.6589, valid_score: 8783.6, , rmse_test: 14.6574, score_test: 627.5, Learning rate:0.00200000
Epoch: 11, Loss: 12.1621, Rmse_valid: 13.7214, valid_score: 7923.5, , rmse_test: 13.7661, score_test: 718.1, Learning rate:0.00020000
Epoch: 12, Loss: 12.1008, Rmse_valid: 13.5434, valid_score: 7656.6, , rmse_test: 13.9183, score_test: 700.9, Learning rate:0.00020000
Epoch: 13, Loss: 12.0147, Rmse_valid: 13.7014, valid_score: 7229.8, , rmse_test: 13.8718, score_test: 644.6, Learning rate:0.00020000
Epoch: 14, Loss: 11.9528, Rmse_valid: 13.4233, valid_score: 7536.5, , rmse_test: 14.2920, score_test: 748.6, Learning rate:0.00020000
Epoch: 15, Loss: 11.8867, Rmse_valid: 13.6462, valid_score: 7110.3, , rmse_test: 14.0506, score_test: 695.3, Learning rate:0.00020000
Epoch: 16, Loss: 11.8346, Rmse_valid: 13.8929, valid_score: 7966.0, , rmse_test: 14.2697, score_test: 701.6, Learning rate:0.00020000
Epoch: 17, Loss: 11.8120, Rmse_valid: 13.9284, valid_score: 7522.1, , rmse_test: 14.3022, score_test: 708.8, Learning rate:0.00020000
Epoch: 18, Loss: 11.7942, Rmse_valid: 13.4647, valid_score: 7649.2, , rmse_test: 14.2389, score_test: 756.1, Learning rate:0.00020000
Epoch: 19, Loss: 11.6997, Rmse_valid: 13.7485, valid_score: 8783.4, , rmse_test: 14.4552, score_test: 769.3, Learning rate:0.00020000
Epoch: 20, Loss: 11.7041, Rmse_valid: 14.1525, valid_score: 7900.0, , rmse_test: 14.2683, score_test: 742.8, Learning rate:0.00020000
Epoch: 21, Loss: 11.5703, Rmse_valid: 13.9608, valid_score: 7903.9, , rmse_test: 14.2906, score_test: 765.7, Learning rate:0.00002000
Epoch: 22, Loss: 11.5059, Rmse_valid: 14.0141, valid_score: 7870.9, , rmse_test: 14.4381, score_test: 772.0, Learning rate:0.00002000
Epoch: 23, Loss: 11.5227, Rmse_valid: 13.8565, valid_score: 7767.2, , rmse_test: 14.3983, score_test: 760.2, Learning rate:0.00002000
Epoch: 24, Loss: 11.4969, Rmse_valid: 14.1874, valid_score: 7750.2, , rmse_test: 14.3228, score_test: 751.1, Learning rate:0.00002000
Epoch: 25, Loss: 11.4843, Rmse_valid: 13.7242, valid_score: 7988.2, , rmse_test: 14.4052, score_test: 762.7, Learning rate:0.00002000
Epoch: 26, Loss: 11.5287, Rmse_valid: 14.0305, valid_score: 7979.8, , rmse_test: 14.4551, score_test: 762.6, Learning rate:0.00002000
Epoch: 27, Loss: 11.5395, Rmse_valid: 13.8294, valid_score: 8004.2, , rmse_test: 14.3769, score_test: 766.6, Learning rate:0.00002000
Epoch: 28, Loss: 11.4884, Rmse_valid: 13.6275, valid_score: 8031.8, , rmse_test: 14.5373, score_test: 770.3, Learning rate:0.00002000
Epoch: 29, Loss: 11.4997, Rmse_valid: 13.5397, valid_score: 8007.1, , rmse_test: 14.5749, score_test: 767.5, Learning rate:0.00002000
Epoch: 30, Loss: 11.4710, Rmse_valid: 13.9218, valid_score: 7987.5, , rmse_test: 14.4454, score_test: 765.8, Learning rate:0.00002000
[Train Summary] Restored best model from epoch 14, rmse_valid: 13.4233, valid_score: 7536.5, rmse_test: 14.2920, score_test: 748.6
[Train Time] start: 2026-05-19 08:15:31, end: 2026-05-19 08:21:37, duration: 0:06:06, total_seconds: 366.00
[Auto Test] command: /usr/local/miniconda3/bin/python /SGFormer_mamba/scipt/test_model.py --sub-dataset FD001 --smooth-rate 40 --sequence-len 30 --feature-num 14 --dataset-root /SGFormer_mamba/CMAPSSData/ --max-rul 125 --batch-size 128 --model-path /SGFormer_mamba/logs/FD001_2/seed2/model_FD001_0519_081531_seed2.pkl
model_path:/SGFormer_mamba/logs/FD001_2/seed2/model_FD001_0519_081531_seed2.pkl
rmse_final:14.167216300964355, score:708.6218872070312
