-----FD002-----
关键参数:
序列长度: 30
批大小(batch_size): 128
最大训练轮数(max_epochs): 30
随机数种子: 17
模型代号(model_code): FD002_C_BC_20260422_054641
模型结构(model_structure): encoderdecoder
消融预设(ablation_preset): C - KNN graph + GAT-LSTM with encoder only (no decoder, no AOF)
学习率: 0.002
学习率调度器: step
Step步长(step_size): 10
Step衰减系数(gamma): 0.1
空间GAT: 开启
是否使用解码器LSTM: 否
是否使用AOF: 否
图构建模式(graph_mode): dynamic_knn
GAT层数(num_layers): 2
GAT邻居数(topk): 7
GAT嵌入维度: 8
GAT隐藏层维度: 8
------------------------------
Epoch: 1, Loss: 26.6032, Rmse_valid: 24.3848, valid_score: 273065.5, , rmse_test: 23.7883, score_test: 26138.0, Learning rate:0.00200000
Epoch: 2, Loss: 23.2987, Rmse_valid: 22.7178, valid_score: 138135.8, , rmse_test: 21.7134, score_test: 10027.1, Learning rate:0.00200000
Epoch: 3, Loss: 22.7542, Rmse_valid: 22.5924, valid_score: 171268.2, , rmse_test: 21.2088, score_test: 8551.1, Learning rate:0.00200000
Epoch: 4, Loss: 22.4626, Rmse_valid: 22.6036, valid_score: 204829.9, , rmse_test: 21.7289, score_test: 11511.0, Learning rate:0.00200000
Epoch: 5, Loss: 22.3057, Rmse_valid: 22.0323, valid_score: 103623.4, , rmse_test: 21.2378, score_test: 4532.1, Learning rate:0.00200000
Epoch: 6, Loss: 22.0705, Rmse_valid: 22.7941, valid_score: 195922.0, , rmse_test: 21.3291, score_test: 9950.3, Learning rate:0.00200000
Epoch: 7, Loss: 21.8809, Rmse_valid: 22.0405, valid_score: 192322.6, , rmse_test: 20.7933, score_test: 8256.3, Learning rate:0.00200000
Epoch: 8, Loss: 21.0280, Rmse_valid: 22.9324, valid_score: 208675.3, , rmse_test: 20.0774, score_test: 4568.1, Learning rate:0.00200000
Epoch: 9, Loss: 19.9882, Rmse_valid: 19.5119, valid_score: 90431.7, , rmse_test: 18.6053, score_test: 2584.2, Learning rate:0.00200000
Epoch: 10, Loss: 18.7280, Rmse_valid: 18.2533, valid_score: 52362.1, , rmse_test: 16.5667, score_test: 1319.3, Learning rate:0.00200000
Epoch: 11, Loss: 16.1736, Rmse_valid: 18.5548, valid_score: 50102.4, , rmse_test: 15.8568, score_test: 1394.1, Learning rate:0.00020000
Epoch: 12, Loss: 15.3820, Rmse_valid: 18.2418, valid_score: 40360.7, , rmse_test: 15.1280, score_test: 1108.8, Learning rate:0.00020000
Epoch: 13, Loss: 14.9903, Rmse_valid: 18.0134, valid_score: 52350.0, , rmse_test: 15.2366, score_test: 1480.9, Learning rate:0.00020000
Epoch: 14, Loss: 14.7488, Rmse_valid: 17.5107, valid_score: 44883.9, , rmse_test: 14.6834, score_test: 1272.6, Learning rate:0.00020000
Epoch: 15, Loss: 14.5628, Rmse_valid: 17.1867, valid_score: 43808.8, , rmse_test: 14.7178, score_test: 1386.8, Learning rate:0.00020000
Epoch: 16, Loss: 14.4498, Rmse_valid: 17.4877, valid_score: 36769.2, , rmse_test: 14.5534, score_test: 1068.7, Learning rate:0.00020000
Epoch: 17, Loss: 14.3510, Rmse_valid: 17.3758, valid_score: 38995.0, , rmse_test: 14.6538, score_test: 1236.4, Learning rate:0.00020000
Epoch: 18, Loss: 14.2450, Rmse_valid: 17.0738, valid_score: 40913.5, , rmse_test: 14.7425, score_test: 1315.9, Learning rate:0.00020000
Epoch: 19, Loss: 14.1978, Rmse_valid: 16.7503, valid_score: 41252.3, , rmse_test: 14.6205, score_test: 1442.6, Learning rate:0.00020000
Epoch: 20, Loss: 14.1021, Rmse_valid: 17.3368, valid_score: 47583.8, , rmse_test: 15.2216, score_test: 1647.9, Learning rate:0.00020000
Epoch: 21, Loss: 13.9089, Rmse_valid: 16.9620, valid_score: 37935.7, , rmse_test: 14.4479, score_test: 1188.1, Learning rate:0.00002000
Epoch: 22, Loss: 13.8852, Rmse_valid: 16.8088, valid_score: 39160.0, , rmse_test: 14.4332, score_test: 1227.0, Learning rate:0.00002000
Epoch: 23, Loss: 13.8763, Rmse_valid: 16.9297, valid_score: 37385.9, , rmse_test: 14.4256, score_test: 1173.6, Learning rate:0.00002000
Epoch: 24, Loss: 13.8639, Rmse_valid: 16.9123, valid_score: 37573.8, , rmse_test: 14.4136, score_test: 1181.1, Learning rate:0.00002000
Epoch: 25, Loss: 13.8580, Rmse_valid: 16.8092, valid_score: 37893.9, , rmse_test: 14.4481, score_test: 1227.2, Learning rate:0.00002000
Epoch: 26, Loss: 13.8516, Rmse_valid: 16.8437, valid_score: 38129.8, , rmse_test: 14.3965, score_test: 1213.2, Learning rate:0.00002000
Epoch: 27, Loss: 13.8406, Rmse_valid: 16.7080, valid_score: 38548.7, , rmse_test: 14.4293, score_test: 1231.1, Learning rate:0.00002000
Epoch: 28, Loss: 13.8367, Rmse_valid: 16.7343, valid_score: 38753.0, , rmse_test: 14.4372, score_test: 1233.2, Learning rate:0.00002000
Epoch: 29, Loss: 13.8305, Rmse_valid: 16.7109, valid_score: 37657.7, , rmse_test: 14.4023, score_test: 1183.2, Learning rate:0.00002000
Epoch: 30, Loss: 13.8191, Rmse_valid: 16.6278, valid_score: 36888.5, , rmse_test: 14.3782, score_test: 1196.4, Learning rate:0.00002000
[Train Summary] Restored best model from epoch 30, rmse_valid: 16.6278, valid_score: 36888.5, rmse_test: 14.3782, score_test: 1196.4
[Train Time] start: 2026-04-22 07:29:36, end: 2026-04-22 07:33:44, duration: 0:04:09, total_seconds: 248.56
[Auto Test] command: /usr/bin/python /CMAPSS-release/scipt/test_model.py --sub-dataset FD002 --smooth-rate 40 --sequence-len 30 --feature-num 14 --dataset-root /CMAPSS-release/CMAPSSData/ --max-rul 125 --batch-size 128 --model-path /CMAPSS-release/logs/FD002_FD002_C_BC_20260422_054641/seed17/model_FD002_0422_072936_seed17.pkl
model_path:/CMAPSS-release/logs/FD002_FD002_C_BC_20260422_054641/seed17/model_FD002_0422_072936_seed17.pkl
rmse_final:14.33655071258545, score:1153.672607421875
