-----FD001-----
关键参数:
序列长度: 30
批大小(batch_size): 128
最大训练轮数(max_epochs): 30
随机数种子: 51
模型代号(model_code): FD001_F
模型结构(model_structure): encoderdecoder
消融预设(ablation_preset): F - KNN graph + GAT + EncoderDecoder-LSTM without AOF
学习率: 0.002
学习率调度器: step
Step步长(step_size): 10
Step衰减系数(gamma): 0.1
空间GAT: 开启
是否使用解码器LSTM: 是
是否使用AOF: 否
Decoder注意力隐层维度: 28
图构建模式(graph_mode): dynamic_knn
GAT层数(num_layers): 2
GAT邻居数(topk): 7
GAT嵌入维度: 8
GAT隐藏层维度: 8
------------------------------
Epoch: 1, Loss: 23.8688, Rmse_valid: 17.8777, valid_score: 9503.0, , rmse_test: 21.0295, score_test: 6480.6, Learning rate:0.00200000
Epoch: 2, Loss: 18.5955, Rmse_valid: 16.7915, valid_score: 7926.3, , rmse_test: 17.8287, score_test: 740.6, Learning rate:0.00200000
Epoch: 3, Loss: 16.5427, Rmse_valid: 16.5078, valid_score: 8597.5, , rmse_test: 16.0725, score_test: 456.5, Learning rate:0.00200000
Epoch: 4, Loss: 14.8664, Rmse_valid: 13.1909, valid_score: 4849.8, , rmse_test: 15.7430, score_test: 428.5, Learning rate:0.00200000
Epoch: 5, Loss: 13.7181, Rmse_valid: 14.8143, valid_score: 8944.7, , rmse_test: 16.6439, score_test: 609.0, Learning rate:0.00200000
Epoch: 6, Loss: 12.9788, Rmse_valid: 12.9331, valid_score: 4349.0, , rmse_test: 15.2677, score_test: 313.8, Learning rate:0.00200000
Epoch: 7, Loss: 12.4756, Rmse_valid: 14.4513, valid_score: 7877.0, , rmse_test: 15.6460, score_test: 443.3, Learning rate:0.00200000
Epoch: 8, Loss: 11.8790, Rmse_valid: 13.4323, valid_score: 5422.9, , rmse_test: 14.5527, score_test: 362.0, Learning rate:0.00200000
Epoch: 9, Loss: 11.7699, Rmse_valid: 12.0059, valid_score: 4263.4, , rmse_test: 14.0235, score_test: 268.0, Learning rate:0.00200000
Epoch: 10, Loss: 11.3621, Rmse_valid: 11.5835, valid_score: 3967.6, , rmse_test: 13.2141, score_test: 255.9, Learning rate:0.00200000
Epoch: 11, Loss: 10.1596, Rmse_valid: 11.4114, valid_score: 4386.4, , rmse_test: 13.2376, score_test: 283.0, Learning rate:0.00020000
Epoch: 12, Loss: 10.0456, Rmse_valid: 11.7614, valid_score: 4506.3, , rmse_test: 13.2713, score_test: 287.2, Learning rate:0.00020000
Epoch: 13, Loss: 9.9832, Rmse_valid: 11.4180, valid_score: 4109.3, , rmse_test: 13.2773, score_test: 275.3, Learning rate:0.00020000
Epoch: 14, Loss: 9.9370, Rmse_valid: 11.6993, valid_score: 4327.2, , rmse_test: 13.1535, score_test: 278.6, Learning rate:0.00020000
Epoch: 15, Loss: 9.8856, Rmse_valid: 11.7564, valid_score: 4531.2, , rmse_test: 13.4128, score_test: 307.4, Learning rate:0.00020000
Epoch: 16, Loss: 9.8380, Rmse_valid: 11.6200, valid_score: 4417.1, , rmse_test: 13.5796, score_test: 313.0, Learning rate:0.00020000
Epoch: 17, Loss: 9.7700, Rmse_valid: 12.0147, valid_score: 4634.9, , rmse_test: 13.4379, score_test: 304.0, Learning rate:0.00020000
Epoch: 18, Loss: 9.7369, Rmse_valid: 12.0708, valid_score: 4519.4, , rmse_test: 13.5584, score_test: 311.7, Learning rate:0.00020000
Epoch: 19, Loss: 9.6691, Rmse_valid: 12.5373, valid_score: 5176.1, , rmse_test: 13.6775, score_test: 341.9, Learning rate:0.00020000
Epoch: 20, Loss: 9.6355, Rmse_valid: 12.0980, valid_score: 4782.2, , rmse_test: 13.7142, score_test: 343.1, Learning rate:0.00020000
Epoch: 21, Loss: 9.5408, Rmse_valid: 11.7149, valid_score: 4764.0, , rmse_test: 13.6960, score_test: 330.5, Learning rate:0.00002000
Epoch: 22, Loss: 9.5250, Rmse_valid: 12.2478, valid_score: 4776.1, , rmse_test: 13.7377, score_test: 335.4, Learning rate:0.00002000
Epoch: 23, Loss: 9.5142, Rmse_valid: 12.1213, valid_score: 4956.5, , rmse_test: 13.7711, score_test: 345.8, Learning rate:0.00002000
Epoch: 24, Loss: 9.5210, Rmse_valid: 12.4571, valid_score: 4845.6, , rmse_test: 13.7277, score_test: 338.3, Learning rate:0.00002000
Epoch: 25, Loss: 9.5119, Rmse_valid: 11.7319, valid_score: 4838.5, , rmse_test: 13.7206, score_test: 335.4, Learning rate:0.00002000
Epoch: 26, Loss: 9.5129, Rmse_valid: 12.3776, valid_score: 4737.6, , rmse_test: 13.7363, score_test: 333.3, Learning rate:0.00002000
Epoch: 27, Loss: 9.4991, Rmse_valid: 12.1185, valid_score: 4882.6, , rmse_test: 13.8001, score_test: 346.7, Learning rate:0.00002000
Epoch: 28, Loss: 9.4987, Rmse_valid: 12.0108, valid_score: 5072.8, , rmse_test: 13.7932, score_test: 350.7, Learning rate:0.00002000
Epoch: 29, Loss: 9.4954, Rmse_valid: 12.3177, valid_score: 4738.0, , rmse_test: 13.8112, score_test: 339.0, Learning rate:0.00002000
Epoch: 30, Loss: 9.4874, Rmse_valid: 12.1474, valid_score: 4837.6, , rmse_test: 13.7846, score_test: 341.5, Learning rate:0.00002000
[Train Summary] Restored best model from epoch 11, rmse_valid: 11.4114, valid_score: 4386.4, rmse_test: 13.2376, score_test: 283.0
[Train Time] start: 2026-04-20 23:50:29, end: 2026-04-20 23:52:51, duration: 0:02:22, total_seconds: 142.23
[Auto Test] command: /usr/bin/python /CMAPSS-release/scipt/test_model.py --sub-dataset FD001 --smooth-rate 40 --sequence-len 30 --feature-num 14 --dataset-root /CMAPSS-release/CMAPSSData/ --max-rul 125 --batch-size 128 --model-path /CMAPSS-release/logs/FD001_FD001_F/seed51/model_FD001_0420_235029_seed51.pkl
model_path:/CMAPSS-release/logs/FD001_FD001_F/seed51/model_FD001_0420_235029_seed51.pkl
rmse_final:13.168143272399902, score:275.9438781738281
