-----FD003-----
关键参数:
序列长度: 30
批大小(batch_size): 128
最大训练轮数(max_epochs): 30
随机数种子: 51
模型代号(model_code): FD003_C_BC_20260422_054641
模型结构(model_structure): encoderdecoder
消融预设(ablation_preset): C - KNN graph + GAT-LSTM with encoder only (no decoder, no AOF)
学习率: 0.002
学习率调度器: step
Step步长(step_size): 10
Step衰减系数(gamma): 0.1
空间GAT: 开启
是否使用解码器LSTM: 否
是否使用AOF: 否
图构建模式(graph_mode): dynamic_knn
GAT层数(num_layers): 2
GAT邻居数(topk): 7
GAT嵌入维度: 8
GAT隐藏层维度: 8
------------------------------
Epoch: 1, Loss: 29.2376, Rmse_valid: 19.1704, valid_score: 25283.8, , rmse_test: 25.2138, score_test: 5521.8, Learning rate:0.00200000
Epoch: 2, Loss: 20.0517, Rmse_valid: 17.9032, valid_score: 24076.9, , rmse_test: 24.2954, score_test: 4083.0, Learning rate:0.00200000
Epoch: 3, Loss: 19.6666, Rmse_valid: 18.2106, valid_score: 27262.7, , rmse_test: 25.4929, score_test: 5961.1, Learning rate:0.00200000
Epoch: 4, Loss: 19.3431, Rmse_valid: 16.8177, valid_score: 22200.8, , rmse_test: 25.3840, score_test: 5535.7, Learning rate:0.00200000
Epoch: 5, Loss: 18.9754, Rmse_valid: 16.7385, valid_score: 29275.8, , rmse_test: 26.1961, score_test: 6932.2, Learning rate:0.00200000
Epoch: 6, Loss: 18.6508, Rmse_valid: 18.1037, valid_score: 18250.0, , rmse_test: 22.4312, score_test: 2119.5, Learning rate:0.00200000
Epoch: 7, Loss: 18.1712, Rmse_valid: 16.1213, valid_score: 19015.3, , rmse_test: 22.8040, score_test: 2918.7, Learning rate:0.00200000
Epoch: 8, Loss: 17.4187, Rmse_valid: 17.4430, valid_score: 38802.0, , rmse_test: 23.5423, score_test: 3923.5, Learning rate:0.00200000
Epoch: 9, Loss: 16.5919, Rmse_valid: 16.6913, valid_score: 28871.6, , rmse_test: 20.1212, score_test: 1479.7, Learning rate:0.00200000
Epoch: 10, Loss: 15.8322, Rmse_valid: 17.7263, valid_score: 46866.4, , rmse_test: 22.8415, score_test: 2761.1, Learning rate:0.00200000
Epoch: 11, Loss: 14.8325, Rmse_valid: 15.9165, valid_score: 17757.6, , rmse_test: 19.4680, score_test: 1819.9, Learning rate:0.00020000
Epoch: 12, Loss: 14.3152, Rmse_valid: 16.3819, valid_score: 20977.9, , rmse_test: 19.9339, score_test: 1837.9, Learning rate:0.00020000
Epoch: 13, Loss: 14.1373, Rmse_valid: 15.5462, valid_score: 19097.7, , rmse_test: 19.3301, score_test: 1718.6, Learning rate:0.00020000
Epoch: 14, Loss: 14.0028, Rmse_valid: 15.7371, valid_score: 20685.4, , rmse_test: 20.3755, score_test: 1914.2, Learning rate:0.00020000
Epoch: 15, Loss: 13.8650, Rmse_valid: 15.7583, valid_score: 18407.8, , rmse_test: 19.6358, score_test: 1670.9, Learning rate:0.00020000
Epoch: 16, Loss: 13.7377, Rmse_valid: 15.6577, valid_score: 21210.2, , rmse_test: 19.9058, score_test: 1830.8, Learning rate:0.00020000
Epoch: 17, Loss: 13.6087, Rmse_valid: 15.5525, valid_score: 18466.8, , rmse_test: 19.8146, score_test: 1707.0, Learning rate:0.00020000
Epoch: 18, Loss: 13.4914, Rmse_valid: 15.2047, valid_score: 18474.9, , rmse_test: 19.2854, score_test: 1761.5, Learning rate:0.00020000
Epoch: 19, Loss: 13.3480, Rmse_valid: 15.2954, valid_score: 16732.0, , rmse_test: 19.3760, score_test: 1658.3, Learning rate:0.00020000
Epoch: 20, Loss: 13.2400, Rmse_valid: 15.2195, valid_score: 16565.3, , rmse_test: 19.9156, score_test: 1808.2, Learning rate:0.00020000
Epoch: 21, Loss: 13.0813, Rmse_valid: 15.2125, valid_score: 16492.0, , rmse_test: 19.7996, score_test: 1710.7, Learning rate:0.00002000
Epoch: 22, Loss: 13.0550, Rmse_valid: 15.1100, valid_score: 16599.8, , rmse_test: 19.8432, score_test: 1752.3, Learning rate:0.00002000
Epoch: 23, Loss: 13.0357, Rmse_valid: 15.1835, valid_score: 16294.7, , rmse_test: 19.7642, score_test: 1723.6, Learning rate:0.00002000
Epoch: 24, Loss: 13.0203, Rmse_valid: 15.0292, valid_score: 16852.6, , rmse_test: 19.8198, score_test: 1732.6, Learning rate:0.00002000
Epoch: 25, Loss: 13.0045, Rmse_valid: 15.0602, valid_score: 16011.4, , rmse_test: 19.6727, score_test: 1653.4, Learning rate:0.00002000
Epoch: 26, Loss: 12.9887, Rmse_valid: 15.0520, valid_score: 16359.3, , rmse_test: 19.7260, score_test: 1676.9, Learning rate:0.00002000
Epoch: 27, Loss: 12.9714, Rmse_valid: 15.0155, valid_score: 16853.8, , rmse_test: 19.7882, score_test: 1737.2, Learning rate:0.00002000
Epoch: 28, Loss: 12.9550, Rmse_valid: 15.1004, valid_score: 16041.6, , rmse_test: 19.6087, score_test: 1659.7, Learning rate:0.00002000
Epoch: 29, Loss: 12.9366, Rmse_valid: 14.9992, valid_score: 15853.3, , rmse_test: 19.6774, score_test: 1655.7, Learning rate:0.00002000
Epoch: 30, Loss: 12.9190, Rmse_valid: 14.9307, valid_score: 15823.6, , rmse_test: 19.7653, score_test: 1712.3, Learning rate:0.00002000
[Train Summary] Restored best model from epoch 30, rmse_valid: 14.9307, valid_score: 15823.6, rmse_test: 19.7653, score_test: 1712.3
[Train Time] start: 2026-04-22 12:04:53, end: 2026-04-22 12:06:27, duration: 0:01:34, total_seconds: 94.45
[Auto Test] command: /usr/bin/python /CMAPSS-release/scipt/test_model.py --sub-dataset FD003 --smooth-rate 40 --sequence-len 30 --feature-num 14 --dataset-root /CMAPSS-release/CMAPSSData/ --max-rul 125 --batch-size 128 --model-path /CMAPSS-release/logs/FD003_FD003_C_BC_20260422_054641/seed51/model_FD003_0422_120453_seed51.pkl
model_path:/CMAPSS-release/logs/FD003_FD003_C_BC_20260422_054641/seed51/model_FD003_0422_120453_seed51.pkl
rmse_final:19.607141494750977, score:1611.92919921875
