-----FD001-----
关键参数:
序列长度: 30
批大小(batch_size): 128
最大训练轮数(max_epochs): 30
随机数种子: 62
模型代号(model_code): FD001_E
模型结构(model_structure): original
消融预设(ablation_preset): E - Only original GAT-LSTM
学习率: 0.002
学习率调度器: step
Step步长(step_size): 10
Step衰减系数(gamma): 0.1
空间GAT: 由模型内部默认启用
图构建模式(graph_mode): path
GAT层数(num_layers): 2
GAT邻居数(topk): 7
GAT嵌入维度: 8
GAT隐藏层维度: 8
------------------------------
Epoch: 1, Loss: 40.3256, Rmse_valid: 25.1756, valid_score: 23691.7, , rmse_test: 25.7895, score_test: 2701.0, Learning rate:0.00200000
Epoch: 2, Loss: 21.8277, Rmse_valid: 19.0021, valid_score: 23831.9, , rmse_test: 19.1292, score_test: 1273.9, Learning rate:0.00200000
Epoch: 3, Loss: 18.4841, Rmse_valid: 19.5267, valid_score: 48306.2, , rmse_test: 19.6735, score_test: 1758.2, Learning rate:0.00200000
Epoch: 4, Loss: 18.2018, Rmse_valid: 17.9784, valid_score: 17347.8, , rmse_test: 18.7999, score_test: 1424.0, Learning rate:0.00200000
Epoch: 5, Loss: 17.7478, Rmse_valid: 17.6440, valid_score: 17908.3, , rmse_test: 17.6764, score_test: 971.1, Learning rate:0.00200000
Epoch: 6, Loss: 17.6426, Rmse_valid: 18.3426, valid_score: 12307.9, , rmse_test: 19.0887, score_test: 888.0, Learning rate:0.00200000
Epoch: 7, Loss: 17.2994, Rmse_valid: 19.0580, valid_score: 13102.1, , rmse_test: 18.7999, score_test: 559.8, Learning rate:0.00200000
Epoch: 8, Loss: 17.3082, Rmse_valid: 16.9549, valid_score: 19128.5, , rmse_test: 18.1232, score_test: 1121.2, Learning rate:0.00200000
Epoch: 9, Loss: 16.6933, Rmse_valid: 17.5357, valid_score: 10652.8, , rmse_test: 16.8894, score_test: 503.5, Learning rate:0.00200000
Epoch: 10, Loss: 16.4371, Rmse_valid: 21.1093, valid_score: 46707.9, , rmse_test: 19.6312, score_test: 1646.0, Learning rate:0.00200000
Epoch: 11, Loss: 15.6144, Rmse_valid: 17.0381, valid_score: 12413.4, , rmse_test: 16.5988, score_test: 790.3, Learning rate:0.00020000
Epoch: 12, Loss: 15.5076, Rmse_valid: 16.0290, valid_score: 9370.2, , rmse_test: 16.0869, score_test: 612.4, Learning rate:0.00020000
Epoch: 13, Loss: 15.4856, Rmse_valid: 16.0660, valid_score: 9393.7, , rmse_test: 15.9862, score_test: 602.4, Learning rate:0.00020000
Epoch: 14, Loss: 15.4514, Rmse_valid: 16.1407, valid_score: 10510.9, , rmse_test: 16.0918, score_test: 684.3, Learning rate:0.00020000
Epoch: 15, Loss: 15.4250, Rmse_valid: 16.2318, valid_score: 10543.7, , rmse_test: 16.1938, score_test: 685.9, Learning rate:0.00020000
Epoch: 16, Loss: 15.3990, Rmse_valid: 15.7719, valid_score: 9184.8, , rmse_test: 16.0555, score_test: 620.4, Learning rate:0.00020000
Epoch: 17, Loss: 15.3686, Rmse_valid: 16.0179, valid_score: 9598.7, , rmse_test: 15.8934, score_test: 600.1, Learning rate:0.00020000
Epoch: 18, Loss: 15.3478, Rmse_valid: 16.3290, valid_score: 10980.8, , rmse_test: 16.0886, score_test: 678.1, Learning rate:0.00020000
Epoch: 19, Loss: 15.3268, Rmse_valid: 16.2052, valid_score: 10320.8, , rmse_test: 16.2554, score_test: 700.2, Learning rate:0.00020000
Epoch: 20, Loss: 15.3010, Rmse_valid: 16.5552, valid_score: 10698.2, , rmse_test: 16.1634, score_test: 697.5, Learning rate:0.00020000
Epoch: 21, Loss: 15.2573, Rmse_valid: 16.3929, valid_score: 10525.1, , rmse_test: 16.1316, score_test: 685.6, Learning rate:0.00002000
Epoch: 22, Loss: 15.2376, Rmse_valid: 15.8180, valid_score: 10818.3, , rmse_test: 16.1827, score_test: 701.4, Learning rate:0.00002000
Epoch: 23, Loss: 15.2508, Rmse_valid: 15.6722, valid_score: 9900.3, , rmse_test: 15.9996, score_test: 644.5, Learning rate:0.00002000
Epoch: 24, Loss: 15.2561, Rmse_valid: 16.7964, valid_score: 10020.8, , rmse_test: 16.0251, score_test: 652.3, Learning rate:0.00002000
Epoch: 25, Loss: 15.2332, Rmse_valid: 16.1953, valid_score: 10455.2, , rmse_test: 16.0958, score_test: 674.6, Learning rate:0.00002000
Epoch: 26, Loss: 15.2408, Rmse_valid: 16.1717, valid_score: 10709.1, , rmse_test: 16.1556, score_test: 696.2, Learning rate:0.00002000
Epoch: 27, Loss: 15.2536, Rmse_valid: 16.1742, valid_score: 10049.0, , rmse_test: 16.0005, score_test: 646.7, Learning rate:0.00002000
Epoch: 28, Loss: 15.2434, Rmse_valid: 15.9392, valid_score: 10219.5, , rmse_test: 16.0269, score_test: 660.2, Learning rate:0.00002000
Epoch: 29, Loss: 15.2241, Rmse_valid: 16.2916, valid_score: 10300.2, , rmse_test: 16.0549, score_test: 665.9, Learning rate:0.00002000
Epoch: 30, Loss: 15.2451, Rmse_valid: 16.4246, valid_score: 9776.2, , rmse_test: 15.9590, score_test: 634.6, Learning rate:0.00002000
[Train Summary] Restored best model from epoch 23, rmse_valid: 15.6722, valid_score: 9900.3, rmse_test: 15.9996, score_test: 644.5
[Train Time] start: 2026-04-20 02:08:50, end: 2026-04-20 02:10:08, duration: 0:01:18, total_seconds: 78.20
[Auto Test] command: /usr/bin/python /CMAPSS-release/scipt/test_model.py --sub-dataset FD001 --smooth-rate 40 --sequence-len 30 --feature-num 14 --dataset-root /CMAPSS-release/CMAPSSData/ --max-rul 125 --batch-size 128 --model-path /CMAPSS-release/logs/FD001_FD001_E/seed62/model_FD001_0420_020850_seed62.pkl
model_path:/CMAPSS-release/logs/FD001_FD001_E/seed62/model_FD001_0420_020850_seed62.pkl
rmse_final:15.911002159118652, score:619.4611206054688
