-----FD004-----
关键参数:
序列长度: 40
批大小(batch_size): 128
最大训练轮数(max_epochs): 30
随机数种子: 30
模型代号(model_code): GAT_EDmamba+40
模型结构(model_structure): mamba_mamba
学习率: 0.002
学习率调度器: step
Step步长(step_size): 10
Step衰减系数(gamma): 0.1
use_gat: True
gat_hidden_dim: 8
编码器: 2层Mamba
解码器: 2层Mamba
encoder_hidden_size: 16
mamba_num_layers: 2
mamba_d_state: 16
------------------------------
Epoch: 1, Loss: 29.9463, Rmse_valid: 23.2394, valid_score: 92870.9, , rmse_test: 28.2693, score_test: 16184.1, Learning rate:0.00200000
Epoch: 2, Loss: 23.4082, Rmse_valid: 22.9093, valid_score: 90930.0, , rmse_test: 24.6056, score_test: 7846.2, Learning rate:0.00200000
Epoch: 3, Loss: 20.8755, Rmse_valid: 20.6548, valid_score: 93251.2, , rmse_test: 20.3670, score_test: 3496.1, Learning rate:0.00200000
Epoch: 4, Loss: 19.2075, Rmse_valid: 21.7558, valid_score: 73796.4, , rmse_test: 21.7582, score_test: 4992.2, Learning rate:0.00200000
Epoch: 5, Loss: 18.3783, Rmse_valid: 21.0892, valid_score: 104030.0, , rmse_test: 20.5812, score_test: 3715.4, Learning rate:0.00200000
Epoch: 6, Loss: 17.5201, Rmse_valid: 19.1029, valid_score: 52776.2, , rmse_test: 21.5827, score_test: 3414.0, Learning rate:0.00200000
Epoch: 7, Loss: 16.9418, Rmse_valid: 17.2129, valid_score: 34071.6, , rmse_test: 19.2646, score_test: 2234.1, Learning rate:0.00200000
Epoch: 8, Loss: 16.4376, Rmse_valid: 22.8140, valid_score: 176352.2, , rmse_test: 24.1779, score_test: 22927.5, Learning rate:0.00200000
Epoch: 9, Loss: 15.8380, Rmse_valid: 19.2963, valid_score: 74210.6, , rmse_test: 20.4815, score_test: 3856.8, Learning rate:0.00200000
Epoch: 10, Loss: 15.5976, Rmse_valid: 18.8852, valid_score: 42765.6, , rmse_test: 21.2963, score_test: 2527.2, Learning rate:0.00200000
Epoch: 11, Loss: 13.1214, Rmse_valid: 16.9932, valid_score: 59213.5, , rmse_test: 17.4818, score_test: 1995.6, Learning rate:0.00020000
Epoch: 12, Loss: 12.7589, Rmse_valid: 16.6960, valid_score: 50966.1, , rmse_test: 18.0296, score_test: 1996.8, Learning rate:0.00020000
Epoch: 13, Loss: 12.6007, Rmse_valid: 17.3645, valid_score: 120992.8, , rmse_test: 18.1829, score_test: 2256.9, Learning rate:0.00020000
Epoch: 14, Loss: 12.4792, Rmse_valid: 16.5459, valid_score: 46198.5, , rmse_test: 18.3628, score_test: 2081.9, Learning rate:0.00020000
Epoch: 15, Loss: 12.3646, Rmse_valid: 17.0987, valid_score: 83209.1, , rmse_test: 19.2264, score_test: 2860.0, Learning rate:0.00020000
Epoch: 16, Loss: 12.1715, Rmse_valid: 16.6732, valid_score: 51999.9, , rmse_test: 18.4658, score_test: 2458.0, Learning rate:0.00020000
Epoch: 17, Loss: 12.1171, Rmse_valid: 16.8989, valid_score: 70874.7, , rmse_test: 18.2980, score_test: 2440.4, Learning rate:0.00020000
Epoch: 18, Loss: 11.9613, Rmse_valid: 18.7385, valid_score: 1991571.1, , rmse_test: 19.4703, score_test: 3174.7, Learning rate:0.00020000
Epoch: 19, Loss: 11.8943, Rmse_valid: 17.1054, valid_score: 107577.2, , rmse_test: 19.0944, score_test: 2987.7, Learning rate:0.00020000
Epoch: 20, Loss: 11.8094, Rmse_valid: 17.1132, valid_score: 116352.5, , rmse_test: 19.7427, score_test: 3681.8, Learning rate:0.00020000
Epoch: 21, Loss: 11.6052, Rmse_valid: 16.9009, valid_score: 127554.4, , rmse_test: 18.7292, score_test: 2666.3, Learning rate:0.00002000
Epoch: 22, Loss: 11.5691, Rmse_valid: 16.8617, valid_score: 120860.1, , rmse_test: 18.5654, score_test: 2521.9, Learning rate:0.00002000
Epoch: 23, Loss: 11.5416, Rmse_valid: 16.8658, valid_score: 118327.5, , rmse_test: 18.6462, score_test: 2621.0, Learning rate:0.00002000
Epoch: 24, Loss: 11.5258, Rmse_valid: 16.9212, valid_score: 142532.2, , rmse_test: 18.7450, score_test: 2719.0, Learning rate:0.00002000
Epoch: 25, Loss: 11.5031, Rmse_valid: 16.8472, valid_score: 117156.4, , rmse_test: 18.6328, score_test: 2586.1, Learning rate:0.00002000
Epoch: 26, Loss: 11.5106, Rmse_valid: 16.7679, valid_score: 112252.5, , rmse_test: 18.6620, score_test: 2643.0, Learning rate:0.00002000
Epoch: 27, Loss: 11.4816, Rmse_valid: 17.0262, valid_score: 117033.0, , rmse_test: 18.7476, score_test: 2650.4, Learning rate:0.00002000
Epoch: 28, Loss: 11.4502, Rmse_valid: 17.1813, valid_score: 175994.3, , rmse_test: 18.7598, score_test: 2698.0, Learning rate:0.00002000
Epoch: 29, Loss: 11.4789, Rmse_valid: 17.0366, valid_score: 197435.9, , rmse_test: 18.7235, score_test: 2672.7, Learning rate:0.00002000
Epoch: 30, Loss: 11.4542, Rmse_valid: 17.1595, valid_score: 166257.5, , rmse_test: 18.6810, score_test: 2656.8, Learning rate:0.00002000
[Train Summary] Restored best model from epoch 14, rmse_valid: 16.5459, valid_score: 46198.5, rmse_test: 18.3628, score_test: 2081.9
[Train Time] start: 2026-07-20 06:51:02, end: 2026-07-20 06:58:06, duration: 0:07:04, total_seconds: 424.17
[Auto Test] command: /usr/local/miniconda3/envs/HV/bin/python /Mamba_Rul/test_GAT_EDmamba/test_model.py --sub-dataset FD004 --smooth-rate 40 --sequence-len 40 --feature-num 14 --dataset-root /Mamba_Rul/CMAPSSData/ --max-rul 125 --batch-size 128 --model-path /Mamba_Rul/logs/FD004_GAT_EDmamba+40/seed30/model_FD004_0720_065102_seed30.pkl
model_path:/Mamba_Rul/logs/FD004_GAT_EDmamba+40/seed30/model_FD004_0720_065102_seed30.pkl
rmse_final:18.333051681518555, score:2027.345458984375
