-----FD001-----
关键参数:
序列长度: 30
批大小(batch_size): 128
最大训练轮数(max_epochs): 30
随机数种子: 30
模型代号(model_code): A_g_dropout0.2_1
模型结构(model_structure): encoderdecoder
消融预设(ablation_preset): A - KNN graph + GAT-LSTM with encoder and decoder (AEF on)
学习率: 0.002
学习率调度器: step
Step步长(step_size): 10
Step衰减系数(gamma): 0.1
空间GAT: 开启
是否使用解码器LSTM: 是
是否使用AEF: 是
Decoder注意力隐层维度: 28
图构建模式(graph_mode): dynamic_knn
GAT层数(num_layers): 2
GAT邻居数(topk): 7
GAT嵌入维度: 8
GAT隐藏层维度: 8
------------------------------
Epoch: 1, Loss: 28.6057, Rmse_valid: 20.5244, valid_score: 23539.7, , rmse_test: 26.1338, score_test: 23398.0, Learning rate:0.00200000
Epoch: 2, Loss: 20.7059, Rmse_valid: 20.4290, valid_score: 17114.3, , rmse_test: 24.0089, score_test: 21502.0, Learning rate:0.00200000
Epoch: 3, Loss: 19.5956, Rmse_valid: 17.9517, valid_score: 10662.3, , rmse_test: 20.4802, score_test: 3041.8, Learning rate:0.00200000
Epoch: 4, Loss: 17.4206, Rmse_valid: 18.5774, valid_score: 8409.0, , rmse_test: 17.0803, score_test: 439.0, Learning rate:0.00200000
Epoch: 5, Loss: 14.5952, Rmse_valid: 17.7556, valid_score: 16890.8, , rmse_test: 20.2130, score_test: 1115.5, Learning rate:0.00200000
Epoch: 6, Loss: 12.8591, Rmse_valid: 13.3759, valid_score: 4324.1, , rmse_test: 14.8522, score_test: 292.6, Learning rate:0.00200000
Epoch: 7, Loss: 11.9676, Rmse_valid: 14.8620, valid_score: 10263.5, , rmse_test: 18.7654, score_test: 1022.1, Learning rate:0.00200000
Epoch: 8, Loss: 11.3769, Rmse_valid: 12.7518, valid_score: 3799.0, , rmse_test: 15.0023, score_test: 291.9, Learning rate:0.00200000
Epoch: 9, Loss: 11.1849, Rmse_valid: 11.6185, valid_score: 4220.0, , rmse_test: 14.8148, score_test: 377.3, Learning rate:0.00200000
Epoch: 10, Loss: 10.5548, Rmse_valid: 12.4524, valid_score: 7157.7, , rmse_test: 16.1131, score_test: 504.1, Learning rate:0.00200000
Epoch: 11, Loss: 9.5922, Rmse_valid: 11.3776, valid_score: 4312.8, , rmse_test: 14.5049, score_test: 361.0, Learning rate:0.00020000
Epoch: 12, Loss: 9.4195, Rmse_valid: 11.7256, valid_score: 4580.0, , rmse_test: 15.0187, score_test: 422.4, Learning rate:0.00020000
Epoch: 13, Loss: 9.3746, Rmse_valid: 11.8534, valid_score: 5014.2, , rmse_test: 14.8236, score_test: 380.7, Learning rate:0.00020000
Epoch: 14, Loss: 9.3294, Rmse_valid: 12.0729, valid_score: 5008.7, , rmse_test: 15.0348, score_test: 416.5, Learning rate:0.00020000
Epoch: 15, Loss: 9.2843, Rmse_valid: 12.0042, valid_score: 4879.6, , rmse_test: 14.9671, score_test: 414.4, Learning rate:0.00020000
Epoch: 16, Loss: 9.2298, Rmse_valid: 11.9073, valid_score: 5068.1, , rmse_test: 15.0225, score_test: 417.6, Learning rate:0.00020000
Epoch: 17, Loss: 9.2167, Rmse_valid: 12.5239, valid_score: 4442.9, , rmse_test: 14.7646, score_test: 359.2, Learning rate:0.00020000
Epoch: 18, Loss: 9.1819, Rmse_valid: 11.9594, valid_score: 4605.9, , rmse_test: 14.7689, score_test: 361.0, Learning rate:0.00020000
Epoch: 19, Loss: 9.0925, Rmse_valid: 12.5049, valid_score: 5066.3, , rmse_test: 15.0628, score_test: 408.3, Learning rate:0.00020000
Epoch: 20, Loss: 9.0951, Rmse_valid: 12.1089, valid_score: 4848.1, , rmse_test: 15.1119, score_test: 421.4, Learning rate:0.00020000
Epoch: 21, Loss: 9.0280, Rmse_valid: 12.2365, valid_score: 4847.7, , rmse_test: 15.0403, score_test: 410.6, Learning rate:0.00002000
Epoch: 22, Loss: 9.0058, Rmse_valid: 11.8545, valid_score: 4763.3, , rmse_test: 15.0040, score_test: 407.7, Learning rate:0.00002000
Epoch: 23, Loss: 8.9917, Rmse_valid: 12.3318, valid_score: 4942.8, , rmse_test: 15.0786, score_test: 418.4, Learning rate:0.00002000
Epoch: 24, Loss: 9.0192, Rmse_valid: 11.7526, valid_score: 4820.0, , rmse_test: 15.0078, score_test: 409.3, Learning rate:0.00002000
Epoch: 25, Loss: 8.9879, Rmse_valid: 12.5148, valid_score: 4785.6, , rmse_test: 14.9915, score_test: 404.8, Learning rate:0.00002000
Epoch: 26, Loss: 8.9816, Rmse_valid: 11.9692, valid_score: 4859.2, , rmse_test: 15.0015, score_test: 407.3, Learning rate:0.00002000
Epoch: 27, Loss: 8.9720, Rmse_valid: 11.7607, valid_score: 4913.6, , rmse_test: 15.0237, score_test: 410.7, Learning rate:0.00002000
Epoch: 28, Loss: 8.9735, Rmse_valid: 11.8277, valid_score: 4855.7, , rmse_test: 15.0295, score_test: 410.7, Learning rate:0.00002000
Epoch: 29, Loss: 8.9666, Rmse_valid: 11.9802, valid_score: 4827.6, , rmse_test: 15.0065, score_test: 408.5, Learning rate:0.00002000
Epoch: 30, Loss: 8.9744, Rmse_valid: 11.9815, valid_score: 4720.2, , rmse_test: 14.9631, score_test: 398.4, Learning rate:0.00002000
[Train Summary] Restored best model from epoch 11, rmse_valid: 11.3776, valid_score: 4312.8, rmse_test: 14.5049, score_test: 361.0
[Train Time] start: 2026-04-25 11:10:26, end: 2026-04-25 11:12:13, duration: 0:01:46, total_seconds: 106.20
[Auto Test] command: /usr/bin/python /CMAPSS-release/scipt/test_model.py --sub-dataset FD001 --smooth-rate 30 --sequence-len 30 --feature-num 14 --dataset-root /CMAPSS-release/CMAPSSData/ --max-rul 125 --batch-size 128 --model-path /CMAPSS-release/logs/FD001_A_g_dropout0.2_1/seed30/model_FD001_0425_111026_seed30.pkl
model_path:/CMAPSS-release/logs/FD001_A_g_dropout0.2_1/seed30/model_FD001_0425_111026_seed30.pkl
rmse_final:14.424284934997559, score:352.53753662109375
