-----FD003-----
关键参数:
序列长度: 30
批大小(batch_size): 128
最大训练轮数(max_epochs): 30
随机数种子: 33
模型代号(model_code): FD003_C
模型结构(model_structure): encoderdecoder
消融预设(ablation_preset): C - Path graph + GAT + Encoder-only LSTM (no decoder, no AOF)
学习率: 0.002
学习率调度器: step
Step步长(step_size): 10
Step衰减系数(gamma): 0.1
空间GAT: 开启
是否使用解码器LSTM: 否
是否使用AOF: 否
图构建模式(graph_mode): path
GAT层数(num_layers): 2
GAT邻居数(topk): 7
GAT嵌入维度: 8
GAT隐藏层维度: 8
------------------------------
Epoch: 1, Loss: 26.1236, Rmse_valid: 20.5051, valid_score: 34987.8, , rmse_test: 26.0983, score_test: 9977.8, Learning rate:0.00200000
Epoch: 2, Loss: 20.0720, Rmse_valid: 17.9972, valid_score: 30939.6, , rmse_test: 26.6966, score_test: 7859.3, Learning rate:0.00200000
Epoch: 3, Loss: 19.5726, Rmse_valid: 20.9125, valid_score: 44510.5, , rmse_test: 26.1471, score_test: 7443.5, Learning rate:0.00200000
Epoch: 4, Loss: 18.3836, Rmse_valid: 18.7612, valid_score: 26130.0, , rmse_test: 21.9400, score_test: 2469.8, Learning rate:0.00200000
Epoch: 5, Loss: 16.7260, Rmse_valid: 18.3996, valid_score: 15850.2, , rmse_test: 19.1661, score_test: 1225.5, Learning rate:0.00200000
Epoch: 6, Loss: 15.2160, Rmse_valid: 15.8230, valid_score: 13011.1, , rmse_test: 17.3433, score_test: 1173.8, Learning rate:0.00200000
Epoch: 7, Loss: 13.7332, Rmse_valid: 13.7397, valid_score: 8855.1, , rmse_test: 16.7877, score_test: 1061.7, Learning rate:0.00200000
Epoch: 8, Loss: 13.2090, Rmse_valid: 12.2055, valid_score: 9299.2, , rmse_test: 18.4521, score_test: 1585.9, Learning rate:0.00200000
Epoch: 9, Loss: 12.6413, Rmse_valid: 11.7755, valid_score: 9396.6, , rmse_test: 17.7064, score_test: 1405.5, Learning rate:0.00200000
Epoch: 10, Loss: 12.2533, Rmse_valid: 12.8505, valid_score: 20560.5, , rmse_test: 19.8936, score_test: 2153.0, Learning rate:0.00200000
Epoch: 11, Loss: 10.6202, Rmse_valid: 11.7299, valid_score: 9432.6, , rmse_test: 16.2438, score_test: 1389.2, Learning rate:0.00020000
Epoch: 12, Loss: 10.1965, Rmse_valid: 11.5403, valid_score: 10047.7, , rmse_test: 16.5213, score_test: 1434.6, Learning rate:0.00020000
Epoch: 13, Loss: 10.0782, Rmse_valid: 11.1718, valid_score: 9772.4, , rmse_test: 16.3969, score_test: 1403.6, Learning rate:0.00020000
Epoch: 14, Loss: 9.9844, Rmse_valid: 11.6522, valid_score: 9544.3, , rmse_test: 16.2144, score_test: 1296.3, Learning rate:0.00020000
Epoch: 15, Loss: 9.8985, Rmse_valid: 11.0802, valid_score: 10181.7, , rmse_test: 16.7215, score_test: 1506.8, Learning rate:0.00020000
Epoch: 16, Loss: 9.8093, Rmse_valid: 11.3386, valid_score: 9627.9, , rmse_test: 16.3378, score_test: 1364.2, Learning rate:0.00020000
Epoch: 17, Loss: 9.7487, Rmse_valid: 10.9023, valid_score: 10597.5, , rmse_test: 16.5033, score_test: 1458.3, Learning rate:0.00020000
Epoch: 18, Loss: 9.6820, Rmse_valid: 11.0447, valid_score: 10612.9, , rmse_test: 16.6024, score_test: 1488.7, Learning rate:0.00020000
Epoch: 19, Loss: 9.6308, Rmse_valid: 11.0760, valid_score: 10125.8, , rmse_test: 16.4325, score_test: 1451.4, Learning rate:0.00020000
Epoch: 20, Loss: 9.5666, Rmse_valid: 10.7961, valid_score: 10077.3, , rmse_test: 16.6747, score_test: 1472.2, Learning rate:0.00020000
Epoch: 21, Loss: 9.4482, Rmse_valid: 11.0725, valid_score: 9970.2, , rmse_test: 16.3692, score_test: 1405.0, Learning rate:0.00002000
Epoch: 22, Loss: 9.4271, Rmse_valid: 10.9663, valid_score: 10155.3, , rmse_test: 16.4769, score_test: 1456.6, Learning rate:0.00002000
Epoch: 23, Loss: 9.4215, Rmse_valid: 10.9231, valid_score: 10091.6, , rmse_test: 16.3957, score_test: 1420.5, Learning rate:0.00002000
Epoch: 24, Loss: 9.4131, Rmse_valid: 11.0437, valid_score: 9942.0, , rmse_test: 16.3466, score_test: 1390.0, Learning rate:0.00002000
Epoch: 25, Loss: 9.4059, Rmse_valid: 10.8344, valid_score: 10098.7, , rmse_test: 16.4462, score_test: 1428.5, Learning rate:0.00002000
Epoch: 26, Loss: 9.4000, Rmse_valid: 11.0791, valid_score: 9991.6, , rmse_test: 16.3720, score_test: 1389.2, Learning rate:0.00002000
Epoch: 27, Loss: 9.3931, Rmse_valid: 10.8035, valid_score: 10136.9, , rmse_test: 16.4786, score_test: 1431.2, Learning rate:0.00002000
Epoch: 28, Loss: 9.3883, Rmse_valid: 11.0304, valid_score: 10151.5, , rmse_test: 16.4381, score_test: 1415.3, Learning rate:0.00002000
Epoch: 29, Loss: 9.3820, Rmse_valid: 11.1132, valid_score: 10265.7, , rmse_test: 16.4407, score_test: 1429.3, Learning rate:0.00002000
Epoch: 30, Loss: 9.3724, Rmse_valid: 10.8708, valid_score: 10247.5, , rmse_test: 16.4579, score_test: 1433.2, Learning rate:0.00002000
[Train Summary] Restored best model from epoch 20, rmse_valid: 10.7961, valid_score: 10077.3, rmse_test: 16.6747, score_test: 1472.2
[Train Time] start: 2026-04-20 08:53:40, end: 2026-04-20 08:56:01, duration: 0:02:21, total_seconds: 140.66
[Auto Test] command: /usr/bin/python /CMAPSS-release/scipt/test_model.py --sub-dataset FD003 --smooth-rate 40 --sequence-len 30 --feature-num 14 --dataset-root /CMAPSS-release/CMAPSSData/ --max-rul 125 --batch-size 128 --model-path /CMAPSS-release/logs/FD003_FD003_C/seed33/model_FD003_0420_085340_seed33.pkl
model_path:/CMAPSS-release/logs/FD003_FD003_C/seed33/model_FD003_0420_085340_seed33.pkl
rmse_final:16.529972076416016, score:1390.399169921875
