-----FD001-----
关键参数:
序列长度: 30
批大小(batch_size): 128
最大训练轮数(max_epochs): 30
随机数种子: 62
模型代号(model_code): A_g_dropout0.2_1
模型结构(model_structure): encoderdecoder
消融预设(ablation_preset): A - KNN graph + GAT-LSTM with encoder and decoder (AEF on)
学习率: 0.002
学习率调度器: step
Step步长(step_size): 10
Step衰减系数(gamma): 0.1
空间GAT: 开启
是否使用解码器LSTM: 是
是否使用AEF: 是
Decoder注意力隐层维度: 28
图构建模式(graph_mode): dynamic_knn
GAT层数(num_layers): 2
GAT邻居数(topk): 7
GAT嵌入维度: 8
GAT隐藏层维度: 8
------------------------------
Epoch: 1, Loss: 27.9414, Rmse_valid: 20.6120, valid_score: 16142.9, , rmse_test: 23.6780, score_test: 11932.5, Learning rate:0.00200000
Epoch: 2, Loss: 20.2475, Rmse_valid: 18.4206, valid_score: 9835.3, , rmse_test: 21.6600, score_test: 7368.6, Learning rate:0.00200000
Epoch: 3, Loss: 18.4285, Rmse_valid: 19.2933, valid_score: 8207.9, , rmse_test: 18.1753, score_test: 455.6, Learning rate:0.00200000
Epoch: 4, Loss: 16.6875, Rmse_valid: 19.6609, valid_score: 8843.6, , rmse_test: 19.3041, score_test: 506.9, Learning rate:0.00200000
Epoch: 5, Loss: 14.6735, Rmse_valid: 18.9963, valid_score: 7864.2, , rmse_test: 17.7514, score_test: 395.7, Learning rate:0.00200000
Epoch: 6, Loss: 13.4004, Rmse_valid: 11.9913, valid_score: 3759.3, , rmse_test: 13.9262, score_test: 303.5, Learning rate:0.00200000
Epoch: 7, Loss: 12.8692, Rmse_valid: 10.9512, valid_score: 3124.7, , rmse_test: 14.0689, score_test: 303.8, Learning rate:0.00200000
Epoch: 8, Loss: 12.6286, Rmse_valid: 13.3433, valid_score: 7413.0, , rmse_test: 16.0449, score_test: 583.2, Learning rate:0.00200000
Epoch: 9, Loss: 12.2910, Rmse_valid: 15.4832, valid_score: 10694.5, , rmse_test: 18.0578, score_test: 760.3, Learning rate:0.00200000
Epoch: 10, Loss: 11.9653, Rmse_valid: 16.1536, valid_score: 5602.7, , rmse_test: 17.3869, score_test: 395.5, Learning rate:0.00200000
Epoch: 11, Loss: 10.9404, Rmse_valid: 10.3672, valid_score: 3495.5, , rmse_test: 13.7383, score_test: 354.5, Learning rate:0.00020000
Epoch: 12, Loss: 10.6089, Rmse_valid: 10.4743, valid_score: 3684.0, , rmse_test: 13.8635, score_test: 391.3, Learning rate:0.00020000
Epoch: 13, Loss: 10.5469, Rmse_valid: 10.5359, valid_score: 3996.3, , rmse_test: 13.8660, score_test: 389.5, Learning rate:0.00020000
Epoch: 14, Loss: 10.4966, Rmse_valid: 10.7073, valid_score: 3606.6, , rmse_test: 13.4920, score_test: 342.4, Learning rate:0.00020000
Epoch: 15, Loss: 10.4196, Rmse_valid: 10.6921, valid_score: 3759.8, , rmse_test: 13.5456, score_test: 357.1, Learning rate:0.00020000
Epoch: 16, Loss: 10.3750, Rmse_valid: 10.6573, valid_score: 3388.7, , rmse_test: 13.3682, score_test: 326.4, Learning rate:0.00020000
Epoch: 17, Loss: 10.3428, Rmse_valid: 10.8842, valid_score: 3954.4, , rmse_test: 13.5149, score_test: 345.8, Learning rate:0.00020000
Epoch: 18, Loss: 10.2844, Rmse_valid: 10.6595, valid_score: 4370.8, , rmse_test: 13.6328, score_test: 376.3, Learning rate:0.00020000
Epoch: 19, Loss: 10.2452, Rmse_valid: 10.4801, valid_score: 3813.1, , rmse_test: 13.3632, score_test: 326.2, Learning rate:0.00020000
Epoch: 20, Loss: 10.2179, Rmse_valid: 10.8795, valid_score: 4740.4, , rmse_test: 13.8899, score_test: 369.8, Learning rate:0.00020000
Epoch: 21, Loss: 10.1351, Rmse_valid: 10.4600, valid_score: 4038.1, , rmse_test: 13.4390, score_test: 328.7, Learning rate:0.00002000
Epoch: 22, Loss: 10.1259, Rmse_valid: 10.7944, valid_score: 4255.7, , rmse_test: 13.5439, score_test: 347.5, Learning rate:0.00002000
Epoch: 23, Loss: 10.1197, Rmse_valid: 10.6603, valid_score: 4318.3, , rmse_test: 13.5771, score_test: 353.4, Learning rate:0.00002000
Epoch: 24, Loss: 10.1018, Rmse_valid: 10.4798, valid_score: 4279.6, , rmse_test: 13.5429, score_test: 344.2, Learning rate:0.00002000
Epoch: 25, Loss: 10.1016, Rmse_valid: 10.5596, valid_score: 4386.2, , rmse_test: 13.6073, score_test: 357.8, Learning rate:0.00002000
Epoch: 26, Loss: 10.1007, Rmse_valid: 10.4815, valid_score: 4285.8, , rmse_test: 13.5485, score_test: 349.8, Learning rate:0.00002000
Epoch: 27, Loss: 10.0962, Rmse_valid: 10.5054, valid_score: 4328.1, , rmse_test: 13.5744, score_test: 352.1, Learning rate:0.00002000
Epoch: 28, Loss: 10.0952, Rmse_valid: 10.7014, valid_score: 4394.3, , rmse_test: 13.5776, score_test: 349.3, Learning rate:0.00002000
Epoch: 29, Loss: 10.0862, Rmse_valid: 10.4844, valid_score: 4315.7, , rmse_test: 13.5291, score_test: 342.6, Learning rate:0.00002000
Epoch: 30, Loss: 10.0901, Rmse_valid: 10.8410, valid_score: 4255.2, , rmse_test: 13.5348, score_test: 348.0, Learning rate:0.00002000
[Train Summary] Restored best model from epoch 11, rmse_valid: 10.3672, valid_score: 3495.5, rmse_test: 13.7383, score_test: 354.5
[Train Time] start: 2026-04-25 11:16:32, end: 2026-04-25 11:17:57, duration: 0:01:26, total_seconds: 85.74
[Auto Test] command: /usr/bin/python /CMAPSS-release/scipt/test_model.py --sub-dataset FD001 --smooth-rate 30 --sequence-len 30 --feature-num 14 --dataset-root /CMAPSS-release/CMAPSSData/ --max-rul 125 --batch-size 128 --model-path /CMAPSS-release/logs/FD001_A_g_dropout0.2_1/seed62/model_FD001_0425_111632_seed62.pkl
model_path:/CMAPSS-release/logs/FD001_A_g_dropout0.2_1/seed62/model_FD001_0425_111632_seed62.pkl
rmse_final:13.677353858947754, score:342.1853942871094
