-----FD002-----
关键参数:
序列长度: 30
批大小(batch_size): 128
最大训练轮数(max_epochs): 30
随机数种子: 30
模型代号(model_code): FD002_C_BC_20260422_054641
模型结构(model_structure): encoderdecoder
消融预设(ablation_preset): C - KNN graph + GAT-LSTM with encoder only (no decoder, no AOF)
学习率: 0.002
学习率调度器: step
Step步长(step_size): 10
Step衰减系数(gamma): 0.1
空间GAT: 开启
是否使用解码器LSTM: 否
是否使用AOF: 否
图构建模式(graph_mode): dynamic_knn
GAT层数(num_layers): 2
GAT邻居数(topk): 7
GAT嵌入维度: 8
GAT隐藏层维度: 8
------------------------------
Epoch: 1, Loss: 25.5471, Rmse_valid: 23.1925, valid_score: 176830.0, , rmse_test: 22.4538, score_test: 11222.8, Learning rate:0.00200000
Epoch: 2, Loss: 22.9682, Rmse_valid: 22.2158, valid_score: 98692.1, , rmse_test: 21.4207, score_test: 4530.3, Learning rate:0.00200000
Epoch: 3, Loss: 22.0669, Rmse_valid: 22.6533, valid_score: 87095.8, , rmse_test: 21.4890, score_test: 3675.2, Learning rate:0.00200000
Epoch: 4, Loss: 22.6448, Rmse_valid: 21.9542, valid_score: 82729.5, , rmse_test: 20.6292, score_test: 2638.0, Learning rate:0.00200000
Epoch: 5, Loss: 21.8975, Rmse_valid: 21.0568, valid_score: 90392.5, , rmse_test: 19.3396, score_test: 2839.0, Learning rate:0.00200000
Epoch: 6, Loss: 22.1200, Rmse_valid: 22.2586, valid_score: 148959.7, , rmse_test: 20.3533, score_test: 4612.4, Learning rate:0.00200000
Epoch: 7, Loss: 21.2740, Rmse_valid: 37.5456, valid_score: 2742852.2, , rmse_test: 36.9240, score_test: 81632.9, Learning rate:0.00200000
Epoch: 8, Loss: 20.3137, Rmse_valid: 19.3809, valid_score: 55516.8, , rmse_test: 16.9567, score_test: 1315.6, Learning rate:0.00200000
Epoch: 9, Loss: 18.7810, Rmse_valid: 19.5123, valid_score: 84183.8, , rmse_test: 17.3163, score_test: 2260.7, Learning rate:0.00200000
Epoch: 10, Loss: 17.9199, Rmse_valid: 18.3035, valid_score: 47963.5, , rmse_test: 16.1100, score_test: 1294.3, Learning rate:0.00200000
Epoch: 11, Loss: 16.2559, Rmse_valid: 17.8516, valid_score: 44817.0, , rmse_test: 15.5678, score_test: 1211.4, Learning rate:0.00020000
Epoch: 12, Loss: 16.2228, Rmse_valid: 17.7660, valid_score: 44694.5, , rmse_test: 15.4699, score_test: 1135.4, Learning rate:0.00020000
Epoch: 13, Loss: 15.7799, Rmse_valid: 17.5199, valid_score: 40008.3, , rmse_test: 15.1854, score_test: 1104.9, Learning rate:0.00020000
Epoch: 14, Loss: 15.6339, Rmse_valid: 17.0536, valid_score: 39888.1, , rmse_test: 15.0603, score_test: 1139.8, Learning rate:0.00020000
Epoch: 15, Loss: 15.5106, Rmse_valid: 17.1914, valid_score: 40647.7, , rmse_test: 14.8573, score_test: 1112.9, Learning rate:0.00020000
Epoch: 16, Loss: 15.3250, Rmse_valid: 17.0712, valid_score: 43966.1, , rmse_test: 15.0581, score_test: 1244.8, Learning rate:0.00020000
Epoch: 17, Loss: 15.2566, Rmse_valid: 16.9794, valid_score: 36050.9, , rmse_test: 14.6725, score_test: 1050.0, Learning rate:0.00020000
Epoch: 18, Loss: 15.1001, Rmse_valid: 16.6695, valid_score: 41856.7, , rmse_test: 14.7494, score_test: 1122.9, Learning rate:0.00020000
Epoch: 19, Loss: 15.0575, Rmse_valid: 16.5982, valid_score: 34007.5, , rmse_test: 14.5841, score_test: 1046.2, Learning rate:0.00020000
Epoch: 20, Loss: 14.9625, Rmse_valid: 16.4594, valid_score: 32446.1, , rmse_test: 14.4458, score_test: 947.9, Learning rate:0.00020000
Epoch: 21, Loss: 14.7958, Rmse_valid: 16.2719, valid_score: 35784.5, , rmse_test: 14.3755, score_test: 1021.4, Learning rate:0.00002000
Epoch: 22, Loss: 14.7652, Rmse_valid: 16.2721, valid_score: 37593.2, , rmse_test: 14.4247, score_test: 1047.8, Learning rate:0.00002000
Epoch: 23, Loss: 14.7585, Rmse_valid: 16.5508, valid_score: 38194.0, , rmse_test: 14.5235, score_test: 1091.2, Learning rate:0.00002000
Epoch: 24, Loss: 14.7417, Rmse_valid: 16.6405, valid_score: 38622.4, , rmse_test: 14.6156, score_test: 1092.5, Learning rate:0.00002000
Epoch: 25, Loss: 14.7403, Rmse_valid: 16.4587, valid_score: 36961.2, , rmse_test: 14.4094, score_test: 1033.2, Learning rate:0.00002000
Epoch: 26, Loss: 14.7263, Rmse_valid: 16.4678, valid_score: 37518.8, , rmse_test: 14.4289, score_test: 1032.3, Learning rate:0.00002000
Epoch: 27, Loss: 14.7211, Rmse_valid: 16.3641, valid_score: 38242.8, , rmse_test: 14.4550, score_test: 1061.2, Learning rate:0.00002000
Epoch: 28, Loss: 14.7154, Rmse_valid: 16.3373, valid_score: 37398.2, , rmse_test: 14.4396, score_test: 1017.7, Learning rate:0.00002000
Epoch: 29, Loss: 14.7086, Rmse_valid: 16.5013, valid_score: 38513.5, , rmse_test: 14.5064, score_test: 1052.1, Learning rate:0.00002000
Epoch: 30, Loss: 14.6952, Rmse_valid: 16.4228, valid_score: 41353.5, , rmse_test: 14.5177, score_test: 1104.6, Learning rate:0.00002000
[Train Summary] Restored best model from epoch 21, rmse_valid: 16.2719, valid_score: 35784.5, rmse_test: 14.3755, score_test: 1021.4
[Train Time] start: 2026-04-22 07:39:11, end: 2026-04-22 07:43:40, duration: 0:04:29, total_seconds: 268.87
[Auto Test] command: /usr/bin/python /CMAPSS-release/scipt/test_model.py --sub-dataset FD002 --smooth-rate 40 --sequence-len 30 --feature-num 14 --dataset-root /CMAPSS-release/CMAPSSData/ --max-rul 125 --batch-size 128 --model-path /CMAPSS-release/logs/FD002_FD002_C_BC_20260422_054641/seed30/model_FD002_0422_073911_seed30.pkl
model_path:/CMAPSS-release/logs/FD002_FD002_C_BC_20260422_054641/seed30/model_FD002_0422_073911_seed30.pkl
rmse_final:14.335203170776367, score:990.1329956054688
