-----FD003-----
关键参数:
序列长度: 30
批大小(batch_size): 128
最大训练轮数(max_epochs): 30
随机数种子: 97
模型代号(model_code): FD003_E
模型结构(model_structure): original
消融预设(ablation_preset): E - Only original GAT-LSTM
学习率: 0.002
学习率调度器: step
Step步长(step_size): 10
Step衰减系数(gamma): 0.1
空间GAT: 由模型内部默认启用
图构建模式(graph_mode): path
GAT层数(num_layers): 2
GAT邻居数(topk): 7
GAT嵌入维度: 8
GAT隐藏层维度: 8
------------------------------
Epoch: 1, Loss: 38.5272, Rmse_valid: 29.2913, valid_score: 160821.8, , rmse_test: 30.7032, score_test: 9478.2, Learning rate:0.00200000
Epoch: 2, Loss: 26.4768, Rmse_valid: 24.2413, valid_score: 31138.7, , rmse_test: 22.7630, score_test: 12966.6, Learning rate:0.00200000
Epoch: 3, Loss: 19.1216, Rmse_valid: 19.7736, valid_score: 58741.8, , rmse_test: 27.7721, score_test: 12887.2, Learning rate:0.00200000
Epoch: 4, Loss: 17.2946, Rmse_valid: 14.9052, valid_score: 26113.8, , rmse_test: 17.2551, score_test: 2762.2, Learning rate:0.00200000
Epoch: 5, Loss: 16.0660, Rmse_valid: 13.5404, valid_score: 34392.4, , rmse_test: 17.6659, score_test: 2564.3, Learning rate:0.00200000
Epoch: 6, Loss: 15.6972, Rmse_valid: 15.7932, valid_score: 28586.7, , rmse_test: 16.6562, score_test: 1770.7, Learning rate:0.00200000
Epoch: 7, Loss: 15.2133, Rmse_valid: 14.1152, valid_score: 48056.6, , rmse_test: 19.5008, score_test: 2698.0, Learning rate:0.00200000
Epoch: 8, Loss: 15.0562, Rmse_valid: 13.5019, valid_score: 40234.5, , rmse_test: 17.7960, score_test: 1708.2, Learning rate:0.00200000
Epoch: 9, Loss: 14.7790, Rmse_valid: 14.3991, valid_score: 25730.1, , rmse_test: 15.7802, score_test: 1328.8, Learning rate:0.00200000
Epoch: 10, Loss: 14.4945, Rmse_valid: 13.2386, valid_score: 27449.2, , rmse_test: 16.1442, score_test: 1225.2, Learning rate:0.00200000
Epoch: 11, Loss: 13.3817, Rmse_valid: 13.0563, valid_score: 29301.3, , rmse_test: 15.7034, score_test: 1270.6, Learning rate:0.00020000
Epoch: 12, Loss: 13.3374, Rmse_valid: 12.7302, valid_score: 32704.9, , rmse_test: 15.9487, score_test: 1366.4, Learning rate:0.00020000
Epoch: 13, Loss: 13.2982, Rmse_valid: 12.7223, valid_score: 31831.8, , rmse_test: 15.9413, score_test: 1310.1, Learning rate:0.00020000
Epoch: 14, Loss: 13.2402, Rmse_valid: 12.9322, valid_score: 29171.8, , rmse_test: 15.4598, score_test: 1118.7, Learning rate:0.00020000
Epoch: 15, Loss: 13.2013, Rmse_valid: 12.7082, valid_score: 31819.2, , rmse_test: 16.0452, score_test: 1290.4, Learning rate:0.00020000
Epoch: 16, Loss: 13.1403, Rmse_valid: 12.7941, valid_score: 28892.8, , rmse_test: 15.5482, score_test: 1097.9, Learning rate:0.00020000
Epoch: 17, Loss: 13.0987, Rmse_valid: 13.0913, valid_score: 26641.6, , rmse_test: 15.3068, score_test: 1127.8, Learning rate:0.00020000
Epoch: 18, Loss: 13.0544, Rmse_valid: 13.1304, valid_score: 26322.6, , rmse_test: 15.2521, score_test: 1052.0, Learning rate:0.00020000
Epoch: 19, Loss: 13.0131, Rmse_valid: 12.7823, valid_score: 25474.3, , rmse_test: 15.2535, score_test: 1022.9, Learning rate:0.00020000
Epoch: 20, Loss: 12.9765, Rmse_valid: 12.7590, valid_score: 27907.4, , rmse_test: 15.5429, score_test: 1202.5, Learning rate:0.00020000
Epoch: 21, Loss: 12.9100, Rmse_valid: 12.6268, valid_score: 26726.8, , rmse_test: 15.3604, score_test: 1113.5, Learning rate:0.00002000
Epoch: 22, Loss: 12.9030, Rmse_valid: 12.7303, valid_score: 26360.2, , rmse_test: 15.3086, score_test: 1088.6, Learning rate:0.00002000
Epoch: 23, Loss: 12.8981, Rmse_valid: 12.7002, valid_score: 26180.6, , rmse_test: 15.2711, score_test: 1081.9, Learning rate:0.00002000
Epoch: 24, Loss: 12.8935, Rmse_valid: 12.8144, valid_score: 26293.3, , rmse_test: 15.3202, score_test: 1087.9, Learning rate:0.00002000
Epoch: 25, Loss: 12.8900, Rmse_valid: 12.8852, valid_score: 25948.8, , rmse_test: 15.2735, score_test: 1073.9, Learning rate:0.00002000
Epoch: 26, Loss: 12.8848, Rmse_valid: 12.6186, valid_score: 26578.3, , rmse_test: 15.3686, score_test: 1106.6, Learning rate:0.00002000
Epoch: 27, Loss: 12.8807, Rmse_valid: 12.7674, valid_score: 25791.3, , rmse_test: 15.2413, score_test: 1059.3, Learning rate:0.00002000
Epoch: 28, Loss: 12.8769, Rmse_valid: 12.6797, valid_score: 26453.3, , rmse_test: 15.3318, score_test: 1087.5, Learning rate:0.00002000
Epoch: 29, Loss: 12.8735, Rmse_valid: 12.8393, valid_score: 26568.6, , rmse_test: 15.3548, score_test: 1108.5, Learning rate:0.00002000
Epoch: 30, Loss: 12.8663, Rmse_valid: 12.7925, valid_score: 25462.9, , rmse_test: 15.2213, score_test: 1061.9, Learning rate:0.00002000
[Train Summary] Restored best model from epoch 26, rmse_valid: 12.6186, valid_score: 26578.3, rmse_test: 15.3686, score_test: 1106.6
[Train Time] start: 2026-04-20 10:02:58, end: 2026-04-20 10:04:37, duration: 0:01:39, total_seconds: 98.99
[Auto Test] command: /usr/bin/python /CMAPSS-release/scipt/test_model.py --sub-dataset FD003 --smooth-rate 40 --sequence-len 30 --feature-num 14 --dataset-root /CMAPSS-release/CMAPSSData/ --max-rul 125 --batch-size 128 --model-path /CMAPSS-release/logs/FD003_FD003_E/seed97/model_FD003_0420_100258_seed97.pkl
model_path:/CMAPSS-release/logs/FD003_FD003_E/seed97/model_FD003_0420_100258_seed97.pkl
rmse_final:15.204604148864746, score:1062.93505859375
