-----FD002-----
模型: GAT_LSTM_AEFAOF_model(AEF与AOF均开启)
序列长度: 30
特征维度: 14
批大小: 128
最大训练轮数: 30
随机种子: 88
学习率: 0.002
学习率调度器: step
Step步长(step_size): 10
Step衰减系数(gamma): 0.1
是否启用AEF: 是
是否启用AOF: 是
GAT隐藏层维度: [8, 8, 8]
LSTM隐藏层维度: [8, 8]
GAT Dropout系数: 0.1
GAT LeakyReLU系数(alpha): 0.1
图构建模式: path
节点嵌入维度(embed_dim): 8
Topk邻居数: 7
AOF注意力隐藏维度: 4
AEF注意力隐藏维度: 28
AEF/AOF融合方式: concat
是否启用指数平滑: True
平滑系数(smooth_rate): 40
------------------------------
第1轮, 训练损失: 42.2928, 验证集RMSE: 40.6357, 验证集S分数: 607406.2, 测试集RMSE: 41.1602, 测试集S分数: 34676.0, 学习率: 0.00200000
第2轮, 训练损失: 40.7840, 验证集RMSE: 40.6589, 验证集S分数: 569080.2, 测试集RMSE: 40.9195, 测试集S分数: 32130.9, 学习率: 0.00200000
第3轮, 训练损失: 40.6737, 验证集RMSE: 40.9420, 验证集S分数: 556784.0, 测试集RMSE: 41.2181, 测试集S分数: 31964.1, 学习率: 0.00200000
第4轮, 训练损失: 40.5523, 验证集RMSE: 40.3098, 验证集S分数: 884315.4, 测试集RMSE: 40.9349, 测试集S分数: 49401.6, 学习率: 0.00200000
第5轮, 训练损失: 40.4535, 验证集RMSE: 40.7590, 验证集S分数: 820011.9, 测试集RMSE: 41.3531, 测试集S分数: 49308.5, 学习率: 0.00200000
第6轮, 训练损失: 40.1938, 验证集RMSE: 41.4046, 验证集S分数: 505861.8, 测试集RMSE: 40.6048, 测试集S分数: 27621.4, 学习率: 0.00200000
第7轮, 训练损失: 39.9387, 验证集RMSE: 40.5850, 验证集S分数: 966428.7, 测试集RMSE: 40.3884, 测试集S分数: 61747.5, 学习率: 0.00200000
第8轮, 训练损失: 39.4966, 验证集RMSE: 40.2045, 验证集S分数: 736714.6, 测试集RMSE: 38.5007, 测试集S分数: 36784.8, 学习率: 0.00200000
第9轮, 训练损失: 39.1214, 验证集RMSE: 39.9773, 验证集S分数: 813905.2, 测试集RMSE: 39.0017, 测试集S分数: 54917.6, 学习率: 0.00200000
第10轮, 训练损失: 38.7348, 验证集RMSE: 40.4951, 验证集S分数: 810958.0, 测试集RMSE: 38.3996, 测试集S分数: 52255.9, 学习率: 0.00200000
第11轮, 训练损失: 37.9654, 验证集RMSE: 39.9351, 验证集S分数: 1026982.7, 测试集RMSE: 38.6356, 测试集S分数: 66425.7, 学习率: 0.00020000
第12轮, 训练损失: 37.8522, 验证集RMSE: 39.9784, 验证集S分数: 845498.1, 测试集RMSE: 38.5372, 测试集S分数: 51591.7, 学习率: 0.00020000
第13轮, 训练损失: 37.8113, 验证集RMSE: 40.1671, 验证集S分数: 902596.2, 测试集RMSE: 38.4575, 测试集S分数: 57363.9, 学习率: 0.00020000
第14轮, 训练损失: 37.7365, 验证集RMSE: 40.0370, 验证集S分数: 934546.1, 测试集RMSE: 38.5335, 测试集S分数: 58146.7, 学习率: 0.00020000
第15轮, 训练损失: 37.7086, 验证集RMSE: 40.0329, 验证集S分数: 984459.8, 测试集RMSE: 38.4756, 测试集S分数: 59909.8, 学习率: 0.00020000
第16轮, 训练损失: 37.6724, 验证集RMSE: 39.9068, 验证集S分数: 961881.4, 测试集RMSE: 38.5503, 测试集S分数: 60353.1, 学习率: 0.00020000
第17轮, 训练损失: 37.6660, 验证集RMSE: 40.1801, 验证集S分数: 948014.6, 测试集RMSE: 38.4208, 测试集S分数: 56764.9, 学习率: 0.00020000
第18轮, 训练损失: 37.6522, 验证集RMSE: 40.1921, 验证集S分数: 974148.0, 测试集RMSE: 38.4880, 测试集S分数: 57509.9, 学习率: 0.00020000
第19轮, 训练损失: 37.6201, 验证集RMSE: 40.2595, 验证集S分数: 869855.4, 测试集RMSE: 38.2814, 测试集S分数: 49297.3, 学习率: 0.00020000
第20轮, 训练损失: 37.6077, 验证集RMSE: 39.9293, 验证集S分数: 987933.6, 测试集RMSE: 38.4384, 测试集S分数: 61039.8, 学习率: 0.00020000
第21轮, 训练损失: 37.5419, 验证集RMSE: 40.1924, 验证集S分数: 952753.4, 测试集RMSE: 38.3963, 测试集S分数: 56746.0, 学习率: 0.00002000
第22轮, 训练损失: 37.5721, 验证集RMSE: 40.0699, 验证集S分数: 973226.7, 测试集RMSE: 38.4510, 测试集S分数: 58188.0, 学习率: 0.00002000
第23轮, 训练损失: 37.5311, 验证集RMSE: 40.1927, 验证集S分数: 989283.7, 测试集RMSE: 38.4520, 测试集S分数: 59950.8, 学习率: 0.00002000
第24轮, 训练损失: 37.5099, 验证集RMSE: 40.2441, 验证集S分数: 976808.7, 测试集RMSE: 38.4442, 测试集S分数: 58972.6, 学习率: 0.00002000
第25轮, 训练损失: 37.5502, 验证集RMSE: 40.2597, 验证集S分数: 975498.3, 测试集RMSE: 38.4464, 测试集S分数: 58539.0, 学习率: 0.00002000
第26轮, 训练损失: 37.5319, 验证集RMSE: 40.1976, 验证集S分数: 1014678.2, 测试集RMSE: 38.5017, 测试集S分数: 62051.8, 学习率: 0.00002000
第27轮, 训练损失: 37.5001, 验证集RMSE: 40.1541, 验证集S分数: 997176.3, 测试集RMSE: 38.4939, 测试集S分数: 60469.1, 学习率: 0.00002000
第28轮, 训练损失: 37.5094, 验证集RMSE: 40.4060, 验证集S分数: 1024025.7, 测试集RMSE: 38.5052, 测试集S分数: 62697.9, 学习率: 0.00002000
第29轮, 训练损失: 37.5209, 验证集RMSE: 40.2020, 验证集S分数: 1014352.4, 测试集RMSE: 38.4824, 测试集S分数: 61607.6, 学习率: 0.00002000
第30轮, 训练损失: 37.5365, 验证集RMSE: 40.1985, 验证集S分数: 987171.9, 测试集RMSE: 38.4771, 测试集S分数: 59739.5, 学习率: 0.00002000
[训练总结] 已恢复第16轮的最佳模型, 验证集RMSE: 39.9068, 验证集S分数: 961881.4, 测试集RMSE: 38.5503, 测试集S分数: 60353.1
[训练耗时] 开始: 2026-04-19 17:05:16, 结束: 2026-04-19 17:10:04, 时长: 0:04:47, 总秒数: 287.22
[自动测试] 命令: /usr/bin/python /CMAPSS-release/scipt/test_model.py --sub-dataset FD002 --smooth-rate 40 --sequence-len 30 --feature-num 14 --dataset-root /CMAPSS-release/CMAPSSData/ --max-rul 125 --batch-size 128 --model-path /CMAPSS-release/logs_GAT_LSTM/B/seed88/model_FD002_0419_170516_seed88.pkl
模型路径:/CMAPSS-release/logs_GAT_LSTM/B/seed88/model_FD002_0419_170516_seed88.pkl
最终RMSE:38.54105758666992, 评分:57746.58984375
