-----FD003-----
关键参数:
序列长度: 30
批大小(batch_size): 128
最大训练轮数(max_epochs): 30
随机数种子: 27
模型代号(model_code): FD003_A
模型结构(model_structure): encoderdecoder
消融预设(ablation_preset): A - Path graph + GAT + EncoderDecoder-LSTM with AOF
学习率: 0.002
学习率调度器: step
Step步长(step_size): 10
Step衰减系数(gamma): 0.1
空间GAT: 开启
是否使用解码器LSTM: 是
是否使用AOF: 是
Decoder注意力隐层维度: 28
Decoder融合方式: concat
图构建模式(graph_mode): path
GAT层数(num_layers): 2
GAT邻居数(topk): 7
GAT嵌入维度: 8
GAT隐藏层维度: 8
------------------------------
Epoch: 1, Loss: 23.4988, Rmse_valid: 16.7240, valid_score: 16721.1, , rmse_test: 23.9398, score_test: 3505.6, Learning rate:0.00200000
Epoch: 2, Loss: 15.5520, Rmse_valid: 12.9041, valid_score: 13416.3, , rmse_test: 17.8889, score_test: 1928.9, Learning rate:0.00200000
Epoch: 3, Loss: 13.3704, Rmse_valid: 11.7857, valid_score: 10832.8, , rmse_test: 17.6395, score_test: 1563.8, Learning rate:0.00200000
Epoch: 4, Loss: 12.2878, Rmse_valid: 13.9894, valid_score: 6460.9, , rmse_test: 14.9803, score_test: 666.6, Learning rate:0.00200000
Epoch: 5, Loss: 11.8656, Rmse_valid: 13.3162, valid_score: 7125.2, , rmse_test: 15.0198, score_test: 1044.4, Learning rate:0.00200000
Epoch: 6, Loss: 11.3398, Rmse_valid: 13.8596, valid_score: 7561.8, , rmse_test: 15.8510, score_test: 1236.1, Learning rate:0.00200000
Epoch: 7, Loss: 11.0294, Rmse_valid: 13.3753, valid_score: 7107.3, , rmse_test: 14.7903, score_test: 710.8, Learning rate:0.00200000
Epoch: 8, Loss: 10.8777, Rmse_valid: 11.1331, valid_score: 9021.8, , rmse_test: 16.0948, score_test: 1049.8, Learning rate:0.00200000
Epoch: 9, Loss: 10.4904, Rmse_valid: 10.0580, valid_score: 8493.0, , rmse_test: 16.0068, score_test: 1245.3, Learning rate:0.00200000
Epoch: 10, Loss: 10.1989, Rmse_valid: 10.7840, valid_score: 7948.7, , rmse_test: 15.3296, score_test: 995.4, Learning rate:0.00200000
Epoch: 11, Loss: 8.9931, Rmse_valid: 10.2391, valid_score: 6852.2, , rmse_test: 14.8564, score_test: 1037.2, Learning rate:0.00020000
Epoch: 12, Loss: 8.8681, Rmse_valid: 10.1334, valid_score: 7035.5, , rmse_test: 14.7013, score_test: 962.5, Learning rate:0.00020000
Epoch: 13, Loss: 8.7896, Rmse_valid: 10.3207, valid_score: 8161.1, , rmse_test: 15.1203, score_test: 998.4, Learning rate:0.00020000
Epoch: 14, Loss: 8.7183, Rmse_valid: 10.1979, valid_score: 7685.7, , rmse_test: 14.9133, score_test: 884.1, Learning rate:0.00020000
Epoch: 15, Loss: 8.6480, Rmse_valid: 10.1200, valid_score: 7564.6, , rmse_test: 14.9355, score_test: 872.9, Learning rate:0.00020000
Epoch: 16, Loss: 8.5773, Rmse_valid: 10.2439, valid_score: 8032.6, , rmse_test: 14.9586, score_test: 957.0, Learning rate:0.00020000
Epoch: 17, Loss: 8.5185, Rmse_valid: 10.0374, valid_score: 7655.6, , rmse_test: 15.0090, score_test: 971.0, Learning rate:0.00020000
Epoch: 18, Loss: 8.4638, Rmse_valid: 9.9837, valid_score: 7670.1, , rmse_test: 15.0061, score_test: 905.0, Learning rate:0.00020000
Epoch: 19, Loss: 8.4061, Rmse_valid: 10.2732, valid_score: 8605.0, , rmse_test: 15.1347, score_test: 938.8, Learning rate:0.00020000
Epoch: 20, Loss: 8.3626, Rmse_valid: 10.2448, valid_score: 8784.2, , rmse_test: 15.1879, score_test: 972.4, Learning rate:0.00020000
Epoch: 21, Loss: 8.2552, Rmse_valid: 10.1482, valid_score: 8126.6, , rmse_test: 15.0651, score_test: 939.9, Learning rate:0.00002000
Epoch: 22, Loss: 8.2440, Rmse_valid: 10.1072, valid_score: 8206.2, , rmse_test: 15.0781, score_test: 938.3, Learning rate:0.00002000
Epoch: 23, Loss: 8.2375, Rmse_valid: 10.1032, valid_score: 8096.0, , rmse_test: 15.0350, score_test: 921.5, Learning rate:0.00002000
Epoch: 24, Loss: 8.2303, Rmse_valid: 10.1683, valid_score: 8062.1, , rmse_test: 15.0279, score_test: 926.2, Learning rate:0.00002000
Epoch: 25, Loss: 8.2250, Rmse_valid: 10.1546, valid_score: 8014.2, , rmse_test: 15.0119, score_test: 928.6, Learning rate:0.00002000
Epoch: 26, Loss: 8.2184, Rmse_valid: 10.1340, valid_score: 8238.5, , rmse_test: 15.0563, score_test: 935.7, Learning rate:0.00002000
Epoch: 27, Loss: 8.2134, Rmse_valid: 10.2182, valid_score: 7983.4, , rmse_test: 14.9767, score_test: 894.4, Learning rate:0.00002000
Epoch: 28, Loss: 8.2079, Rmse_valid: 10.2270, valid_score: 8216.8, , rmse_test: 15.0487, score_test: 926.7, Learning rate:0.00002000
Epoch: 29, Loss: 8.2015, Rmse_valid: 10.1770, valid_score: 8257.4, , rmse_test: 15.0841, score_test: 929.0, Learning rate:0.00002000
Epoch: 30, Loss: 8.1967, Rmse_valid: 10.2401, valid_score: 8097.0, , rmse_test: 15.0230, score_test: 907.0, Learning rate:0.00002000
[Train Summary] Restored best model from epoch 18, rmse_valid: 9.9837, valid_score: 7670.1, rmse_test: 15.0061, score_test: 905.0
[Train Time] start: 2026-04-20 07:43:51, end: 2026-04-20 07:46:19, duration: 0:02:28, total_seconds: 147.55
[Auto Test] command: /usr/bin/python /CMAPSS-release/scipt/test_model.py --sub-dataset FD003 --smooth-rate 40 --sequence-len 30 --feature-num 14 --dataset-root /CMAPSS-release/CMAPSSData/ --max-rul 125 --batch-size 128 --model-path /CMAPSS-release/logs/FD003_FD003_A/seed27/model_FD003_0420_074351_seed27.pkl
model_path:/CMAPSS-release/logs/FD003_FD003_A/seed27/model_FD003_0420_074351_seed27.pkl
rmse_final:14.942891120910645, score:884.3582763671875
