-----FD001-----
关键参数:
序列长度: 30
批大小(batch_size): 128
最大训练轮数(max_epochs): 30
随机数种子: 80
模型代号(model_code): A_g_dropout0.2
模型结构(model_structure): encoderdecoder
消融预设(ablation_preset): A - KNN graph + GAT-LSTM with encoder and decoder (AOF off)
学习率: 0.002
学习率调度器: step
Step步长(step_size): 10
Step衰减系数(gamma): 0.1
空间GAT: 开启
是否使用解码器LSTM: 是
是否使用AOF: 否
Decoder注意力隐层维度: 28
图构建模式(graph_mode): dynamic_knn
GAT层数(num_layers): 2
GAT邻居数(topk): 7
GAT嵌入维度: 8
GAT隐藏层维度: 8
------------------------------
Epoch: 1, Loss: 24.8001, Rmse_valid: 21.3809, valid_score: 14792.0, , rmse_test: 21.8916, score_test: 8646.9, Learning rate:0.00200000
Epoch: 2, Loss: 20.6311, Rmse_valid: 20.6506, valid_score: 11911.4, , rmse_test: 21.1701, score_test: 3333.8, Learning rate:0.00200000
Epoch: 3, Loss: 18.5150, Rmse_valid: 18.3312, valid_score: 7203.5, , rmse_test: 18.3411, score_test: 542.7, Learning rate:0.00200000
Epoch: 4, Loss: 15.3418, Rmse_valid: 18.7522, valid_score: 23503.7, , rmse_test: 23.3596, score_test: 2463.0, Learning rate:0.00200000
Epoch: 5, Loss: 13.5370, Rmse_valid: 12.4825, valid_score: 3841.4, , rmse_test: 13.5200, score_test: 245.3, Learning rate:0.00200000
Epoch: 6, Loss: 12.4559, Rmse_valid: 12.3969, valid_score: 6734.1, , rmse_test: 15.2580, score_test: 513.2, Learning rate:0.00200000
Epoch: 7, Loss: 12.0740, Rmse_valid: 10.8192, valid_score: 4827.3, , rmse_test: 14.0141, score_test: 386.1, Learning rate:0.00200000
Epoch: 8, Loss: 11.7114, Rmse_valid: 10.9642, valid_score: 4395.7, , rmse_test: 14.2652, score_test: 357.1, Learning rate:0.00200000
Epoch: 9, Loss: 11.5863, Rmse_valid: 11.5658, valid_score: 3216.9, , rmse_test: 14.2589, score_test: 271.4, Learning rate:0.00200000
Epoch: 10, Loss: 11.4232, Rmse_valid: 11.2206, valid_score: 5442.7, , rmse_test: 14.9150, score_test: 454.5, Learning rate:0.00200000
Epoch: 11, Loss: 10.3752, Rmse_valid: 10.3088, valid_score: 3671.9, , rmse_test: 13.3572, score_test: 319.1, Learning rate:0.00020000
Epoch: 12, Loss: 10.2543, Rmse_valid: 10.1912, valid_score: 3620.1, , rmse_test: 13.2908, score_test: 297.0, Learning rate:0.00020000
Epoch: 13, Loss: 10.1903, Rmse_valid: 10.4483, valid_score: 3851.4, , rmse_test: 13.4130, score_test: 332.0, Learning rate:0.00020000
Epoch: 14, Loss: 10.1277, Rmse_valid: 10.1442, valid_score: 3521.3, , rmse_test: 13.1646, score_test: 275.3, Learning rate:0.00020000
Epoch: 15, Loss: 10.0961, Rmse_valid: 10.6761, valid_score: 3757.0, , rmse_test: 13.2568, score_test: 298.3, Learning rate:0.00020000
Epoch: 16, Loss: 10.0407, Rmse_valid: 10.1332, valid_score: 3943.5, , rmse_test: 13.3679, score_test: 328.4, Learning rate:0.00020000
Epoch: 17, Loss: 10.0192, Rmse_valid: 10.1710, valid_score: 4261.5, , rmse_test: 13.5453, score_test: 335.3, Learning rate:0.00020000
Epoch: 18, Loss: 9.9907, Rmse_valid: 10.7477, valid_score: 4512.3, , rmse_test: 13.6514, score_test: 370.0, Learning rate:0.00020000
Epoch: 19, Loss: 9.9524, Rmse_valid: 10.5893, valid_score: 4016.1, , rmse_test: 13.2812, score_test: 303.4, Learning rate:0.00020000
Epoch: 20, Loss: 9.9274, Rmse_valid: 10.4390, valid_score: 3963.1, , rmse_test: 13.2743, score_test: 320.0, Learning rate:0.00020000
Epoch: 21, Loss: 9.8471, Rmse_valid: 10.5959, valid_score: 3860.8, , rmse_test: 13.2456, score_test: 308.6, Learning rate:0.00002000
Epoch: 22, Loss: 9.8448, Rmse_valid: 10.4144, valid_score: 3953.7, , rmse_test: 13.3396, score_test: 321.4, Learning rate:0.00002000
Epoch: 23, Loss: 9.8262, Rmse_valid: 10.3385, valid_score: 3897.2, , rmse_test: 13.2981, score_test: 314.3, Learning rate:0.00002000
Epoch: 24, Loss: 9.8304, Rmse_valid: 10.0598, valid_score: 3967.9, , rmse_test: 13.3434, score_test: 323.8, Learning rate:0.00002000
Epoch: 25, Loss: 9.8263, Rmse_valid: 10.2279, valid_score: 3894.7, , rmse_test: 13.2918, score_test: 312.2, Learning rate:0.00002000
Epoch: 26, Loss: 9.8154, Rmse_valid: 10.3080, valid_score: 3939.7, , rmse_test: 13.3012, score_test: 314.0, Learning rate:0.00002000
Epoch: 27, Loss: 9.8221, Rmse_valid: 10.0959, valid_score: 4042.0, , rmse_test: 13.3762, score_test: 321.0, Learning rate:0.00002000
Epoch: 28, Loss: 9.8170, Rmse_valid: 10.5009, valid_score: 4011.6, , rmse_test: 13.3312, score_test: 313.0, Learning rate:0.00002000
Epoch: 29, Loss: 9.8155, Rmse_valid: 10.3968, valid_score: 3924.2, , rmse_test: 13.2922, score_test: 311.5, Learning rate:0.00002000
Epoch: 30, Loss: 9.8055, Rmse_valid: 10.0990, valid_score: 3963.6, , rmse_test: 13.3227, score_test: 319.3, Learning rate:0.00002000
[Train Summary] Restored best model from epoch 24, rmse_valid: 10.0598, valid_score: 3967.9, rmse_test: 13.3434, score_test: 323.8
[Train Time] start: 2026-04-24 16:33:18, end: 2026-04-24 16:41:12, duration: 0:07:53, total_seconds: 473.27
[Auto Test] command: /usr/bin/python /CMAPSS-release/scipt/test_model.py --sub-dataset FD001 --smooth-rate 30 --sequence-len 30 --feature-num 14 --dataset-root /CMAPSS-release/CMAPSSData/ --max-rul 125 --batch-size 128 --model-path /CMAPSS-release/logs/FD001_A_g_dropout0.2/seed80/model_FD001_0424_163318_seed80.pkl --no-cuda
model_path:/CMAPSS-release/logs/FD001_A_g_dropout0.2/seed80/model_FD001_0424_163318_seed80.pkl
rmse_final:13.280436515808105, score:314.1053161621094
