-----FD001-----
关键参数:
序列长度: 50
批大小(batch_size): 128
最大训练轮数(max_epochs): 30
随机数种子: 17
模型代号(model_code): GAT_EDmamba+50
模型结构(model_structure): mamba_mamba
学习率: 0.002
学习率调度器: step
Step步长(step_size): 10
Step衰减系数(gamma): 0.1
use_gat: True
gat_hidden_dim: 8
编码器: 2层Mamba
解码器: 2层Mamba
encoder_hidden_size: 16
mamba_num_layers: 2
mamba_d_state: 16
------------------------------
Epoch: 1, Loss: 23.8503, Rmse_valid: 17.3767, valid_score: 8568.1, , rmse_test: 17.2731, score_test: 545.4, Learning rate:0.00200000
Epoch: 2, Loss: 17.9161, Rmse_valid: 17.3196, valid_score: 6782.0, , rmse_test: 17.7618, score_test: 615.6, Learning rate:0.00200000
Epoch: 3, Loss: 16.5132, Rmse_valid: 16.0380, valid_score: 8448.5, , rmse_test: 18.7334, score_test: 791.1, Learning rate:0.00200000
Epoch: 4, Loss: 14.3365, Rmse_valid: 16.5302, valid_score: 9848.0, , rmse_test: 19.1150, score_test: 685.4, Learning rate:0.00200000
Epoch: 5, Loss: 12.6440, Rmse_valid: 12.2765, valid_score: 4129.6, , rmse_test: 15.0943, score_test: 344.4, Learning rate:0.00200000
Epoch: 6, Loss: 11.7405, Rmse_valid: 14.0122, valid_score: 6783.7, , rmse_test: 16.7166, score_test: 716.8, Learning rate:0.00200000
Epoch: 7, Loss: 11.1260, Rmse_valid: 15.5506, valid_score: 13672.1, , rmse_test: 16.4360, score_test: 512.3, Learning rate:0.00200000
Epoch: 8, Loss: 10.5962, Rmse_valid: 13.1699, valid_score: 4875.9, , rmse_test: 14.3031, score_test: 368.7, Learning rate:0.00200000
Epoch: 9, Loss: 10.2202, Rmse_valid: 13.6623, valid_score: 5813.9, , rmse_test: 15.2112, score_test: 456.6, Learning rate:0.00200000
Epoch: 10, Loss: 9.8106, Rmse_valid: 16.4596, valid_score: 8273.7, , rmse_test: 16.4293, score_test: 563.7, Learning rate:0.00200000
Epoch: 11, Loss: 8.1604, Rmse_valid: 13.7172, valid_score: 9643.0, , rmse_test: 14.6723, score_test: 441.2, Learning rate:0.00020000
Epoch: 12, Loss: 7.7810, Rmse_valid: 13.6610, valid_score: 9614.1, , rmse_test: 14.4362, score_test: 409.6, Learning rate:0.00020000
Epoch: 13, Loss: 7.6630, Rmse_valid: 13.7516, valid_score: 8857.1, , rmse_test: 14.8324, score_test: 426.0, Learning rate:0.00020000
Epoch: 14, Loss: 7.5884, Rmse_valid: 13.2706, valid_score: 8283.7, , rmse_test: 14.6136, score_test: 426.7, Learning rate:0.00020000
Epoch: 15, Loss: 7.4195, Rmse_valid: 13.6178, valid_score: 9114.4, , rmse_test: 14.4376, score_test: 386.2, Learning rate:0.00020000
Epoch: 16, Loss: 7.3027, Rmse_valid: 13.9805, valid_score: 10088.5, , rmse_test: 14.8137, score_test: 443.0, Learning rate:0.00020000
Epoch: 17, Loss: 7.2572, Rmse_valid: 13.8900, valid_score: 9364.2, , rmse_test: 14.7496, score_test: 414.0, Learning rate:0.00020000
Epoch: 18, Loss: 7.1179, Rmse_valid: 13.4701, valid_score: 8496.2, , rmse_test: 14.3843, score_test: 365.9, Learning rate:0.00020000
Epoch: 19, Loss: 7.0448, Rmse_valid: 13.9890, valid_score: 11662.5, , rmse_test: 14.9690, score_test: 460.8, Learning rate:0.00020000
Epoch: 20, Loss: 6.9706, Rmse_valid: 14.4369, valid_score: 10878.2, , rmse_test: 15.0531, score_test: 451.0, Learning rate:0.00020000
Epoch: 21, Loss: 6.8159, Rmse_valid: 13.9798, valid_score: 10250.3, , rmse_test: 14.7786, score_test: 420.4, Learning rate:0.00002000
Epoch: 22, Loss: 6.7976, Rmse_valid: 13.9215, valid_score: 10307.7, , rmse_test: 14.8643, score_test: 430.8, Learning rate:0.00002000
Epoch: 23, Loss: 6.7589, Rmse_valid: 13.9905, valid_score: 10181.6, , rmse_test: 14.7743, score_test: 420.4, Learning rate:0.00002000
Epoch: 24, Loss: 6.7332, Rmse_valid: 13.8813, valid_score: 10170.2, , rmse_test: 14.8004, score_test: 422.2, Learning rate:0.00002000
Epoch: 25, Loss: 6.7642, Rmse_valid: 13.9775, valid_score: 10701.3, , rmse_test: 14.9081, score_test: 439.0, Learning rate:0.00002000
Epoch: 26, Loss: 6.7583, Rmse_valid: 13.8532, valid_score: 10537.1, , rmse_test: 14.8182, score_test: 424.1, Learning rate:0.00002000
Epoch: 27, Loss: 6.7265, Rmse_valid: 13.8695, valid_score: 10379.0, , rmse_test: 14.7790, score_test: 419.3, Learning rate:0.00002000
Epoch: 28, Loss: 6.7411, Rmse_valid: 13.7365, valid_score: 10345.8, , rmse_test: 14.7896, score_test: 421.3, Learning rate:0.00002000
Epoch: 29, Loss: 6.7012, Rmse_valid: 13.8240, valid_score: 10905.0, , rmse_test: 14.8153, score_test: 429.8, Learning rate:0.00002000
Epoch: 30, Loss: 6.6895, Rmse_valid: 13.7724, valid_score: 10214.8, , rmse_test: 14.8695, score_test: 429.4, Learning rate:0.00002000
[Train Summary] Restored best model from epoch 5, rmse_valid: 12.2765, valid_score: 4129.6, rmse_test: 15.0943, score_test: 344.4
[Train Time] start: 2026-07-22 09:58:42, end: 2026-07-22 10:02:02, duration: 0:03:19, total_seconds: 199.46
[Auto Test] command: /usr/local/miniconda3/envs/HV/bin/python /Mamba_Rul/test_GAT_EDmamba/test_model.py --sub-dataset FD001 --smooth-rate 30 --sequence-len 50 --feature-num 14 --dataset-root /Mamba_Rul/CMAPSSData/ --max-rul 125 --batch-size 128 --model-path /Mamba_Rul/logs/FD001_GAT_EDmamba+50/seed17/model_FD001_0722_095842_seed17.pkl
model_path:/Mamba_Rul/logs/FD001_GAT_EDmamba+50/seed17/model_FD001_0722_095842_seed17.pkl
rmse_final:15.150247573852539, score:342.9691467285156
