-----FD004-----
模型: GAT_LSTM_AEFAOF_model(AEF与AOF均开启)
序列长度: 30
特征维度: 14
批大小: 128
最大训练轮数: 30
随机种子: 2
学习率: 0.002
学习率调度器: step
Step步长(step_size): 10
Step衰减系数(gamma): 0.1
是否启用AEF: 是
是否启用AOF: 是
GAT隐藏层维度: [16, 16, 16]
LSTM隐藏层维度: [16, 16]
GAT Dropout系数: 0.1
GAT LeakyReLU系数(alpha): 0.1
图构建模式: dynamic_topk
节点嵌入维度(embed_dim): 8
Topk邻居数: 7
AOF注意力隐藏维度: 4
AEF注意力隐藏维度: 28
AEF/AOF融合方式: concat
是否启用指数平滑: True
平滑系数(smooth_rate): 40
------------------------------
第1轮, 训练损失: 41.5768, 验证集RMSE: 41.3521, 验证集S分数: 1486449.9, 测试集RMSE: 43.8864, 测试集S分数: 103033.3, 学习率: 0.00200000
第2轮, 训练损失: 41.1008, 验证集RMSE: 41.2798, 验证集S分数: 1545745.8, 测试集RMSE: 44.3400, 测试集S分数: 112925.1, 学习率: 0.00200000
第3轮, 训练损失: 40.9366, 验证集RMSE: 41.4865, 验证集S分数: 1517798.2, 测试集RMSE: 44.0419, 测试集S分数: 111317.7, 学习率: 0.00200000
第4轮, 训练损失: 40.6664, 验证集RMSE: 41.3760, 验证集S分数: 1456453.4, 测试集RMSE: 43.8274, 测试集S分数: 115070.4, 学习率: 0.00200000
第5轮, 训练损失: 40.0813, 验证集RMSE: 40.9682, 验证集S分数: 1365250.5, 测试集RMSE: 43.4985, 测试集S分数: 122522.9, 学习率: 0.00200000
第6轮, 训练损失: 39.6318, 验证集RMSE: 40.7893, 验证集S分数: 1663194.9, 测试集RMSE: 43.9064, 测试集S分数: 144087.9, 学习率: 0.00200000
第7轮, 训练损失: 39.3014, 验证集RMSE: 40.7113, 验证集S分数: 1571985.4, 测试集RMSE: 43.3751, 测试集S分数: 148714.8, 学习率: 0.00200000
第8轮, 训练损失: 38.6010, 验证集RMSE: 40.4714, 验证集S分数: 1184781.8, 测试集RMSE: 41.9476, 测试集S分数: 100206.5, 学习率: 0.00200000
第9轮, 训练损失: 38.1591, 验证集RMSE: 40.1642, 验证集S分数: 1857106.4, 测试集RMSE: 43.2868, 测试集S分数: 169288.0, 学习率: 0.00200000
第10轮, 训练损失: 37.7308, 验证集RMSE: 39.8506, 验证集S分数: 2482116.0, 测试集RMSE: 43.9354, 测试集S分数: 248954.2, 学习率: 0.00200000
第11轮, 训练损失: 36.7823, 验证集RMSE: 38.4092, 验证集S分数: 1668612.2, 测试集RMSE: 41.8876, 测试集S分数: 156496.1, 学习率: 0.00020000
第12轮, 训练损失: 36.6558, 验证集RMSE: 38.4065, 验证集S分数: 1743119.8, 测试集RMSE: 42.1823, 测试集S分数: 167104.8, 学习率: 0.00020000
第13轮, 训练损失: 36.5612, 验证集RMSE: 37.9760, 验证集S分数: 1240874.9, 测试集RMSE: 40.9726, 测试集S分数: 114424.1, 学习率: 0.00020000
第14轮, 训练损失: 36.5357, 验证集RMSE: 37.8192, 验证集S分数: 1488485.2, 测试集RMSE: 41.3804, 测试集S分数: 143093.4, 学习率: 0.00020000
第15轮, 训练损失: 36.4454, 验证集RMSE: 37.7959, 验证集S分数: 1306743.8, 测试集RMSE: 40.9043, 测试集S分数: 121459.2, 学习率: 0.00020000
第16轮, 训练损失: 36.4063, 验证集RMSE: 38.0646, 验证集S分数: 1650304.2, 测试集RMSE: 41.8373, 测试集S分数: 159592.8, 学习率: 0.00020000
第17轮, 训练损失: 36.3442, 验证集RMSE: 38.1936, 验证集S分数: 1590207.5, 测试集RMSE: 41.5110, 测试集S分数: 158273.8, 学习率: 0.00020000
第18轮, 训练损失: 36.2672, 验证集RMSE: 37.7425, 验证集S分数: 1295023.8, 测试集RMSE: 40.8425, 测试集S分数: 133185.7, 学习率: 0.00020000
第19轮, 训练损失: 36.2111, 验证集RMSE: 37.6300, 验证集S分数: 1261835.9, 测试集RMSE: 40.5333, 测试集S分数: 124641.4, 学习率: 0.00020000
第20轮, 训练损失: 36.1595, 验证集RMSE: 37.3270, 验证集S分数: 1597799.2, 测试集RMSE: 41.3935, 测试集S分数: 160943.0, 学习率: 0.00020000
第21轮, 训练损失: 36.0967, 验证集RMSE: 37.8486, 验证集S分数: 1414431.9, 测试集RMSE: 41.0090, 测试集S分数: 143659.5, 学习率: 0.00002000
第22轮, 训练损失: 36.0483, 验证集RMSE: 37.7148, 验证集S分数: 1472659.5, 测试集RMSE: 41.1055, 测试集S分数: 149854.3, 学习率: 0.00002000
第23轮, 训练损失: 36.0400, 验证集RMSE: 37.2326, 验证集S分数: 1485501.1, 测试集RMSE: 41.0538, 测试集S分数: 149771.1, 学习率: 0.00002000
