-----FD003-----
关键参数:
序列长度: 30
批大小(batch_size): 128
最大训练轮数(max_epochs): 30
随机数种子: 30
模型代号(model_code): FD003_C
模型结构(model_structure): encoderdecoder
消融预设(ablation_preset): C - Path graph + GAT + Encoder-only LSTM (no decoder, no AOF)
学习率: 0.002
学习率调度器: step
Step步长(step_size): 10
Step衰减系数(gamma): 0.1
空间GAT: 开启
是否使用解码器LSTM: 否
是否使用AOF: 否
图构建模式(graph_mode): path
GAT层数(num_layers): 2
GAT邻居数(topk): 7
GAT嵌入维度: 8
GAT隐藏层维度: 8
------------------------------
Epoch: 1, Loss: 22.3772, Rmse_valid: 19.6078, valid_score: 30389.9, , rmse_test: 26.4115, score_test: 11281.8, Learning rate:0.00200000
Epoch: 2, Loss: 20.2579, Rmse_valid: 18.7750, valid_score: 30108.3, , rmse_test: 26.6355, score_test: 9260.0, Learning rate:0.00200000
Epoch: 3, Loss: 19.7250, Rmse_valid: 18.2144, valid_score: 30678.8, , rmse_test: 26.6047, score_test: 7929.7, Learning rate:0.00200000
Epoch: 4, Loss: 19.3931, Rmse_valid: 18.3055, valid_score: 22278.4, , rmse_test: 24.0076, score_test: 4078.5, Learning rate:0.00200000
Epoch: 5, Loss: 18.5428, Rmse_valid: 17.3202, valid_score: 23477.1, , rmse_test: 23.4366, score_test: 3121.2, Learning rate:0.00200000
Epoch: 6, Loss: 17.4897, Rmse_valid: 18.2281, valid_score: 18209.2, , rmse_test: 20.2225, score_test: 1429.2, Learning rate:0.00200000
Epoch: 7, Loss: 16.3202, Rmse_valid: 16.8362, valid_score: 15286.9, , rmse_test: 20.1716, score_test: 1651.4, Learning rate:0.00200000
Epoch: 8, Loss: 15.2835, Rmse_valid: 13.2792, valid_score: 11082.4, , rmse_test: 19.5720, score_test: 1712.1, Learning rate:0.00200000
Epoch: 9, Loss: 14.4623, Rmse_valid: 13.3883, valid_score: 16403.9, , rmse_test: 18.9888, score_test: 2060.8, Learning rate:0.00200000
Epoch: 10, Loss: 13.9351, Rmse_valid: 15.0402, valid_score: 21766.2, , rmse_test: 24.3313, score_test: 5111.6, Learning rate:0.00200000
Epoch: 11, Loss: 12.4167, Rmse_valid: 12.5715, valid_score: 10559.2, , rmse_test: 17.2132, score_test: 1386.8, Learning rate:0.00020000
Epoch: 12, Loss: 11.8337, Rmse_valid: 12.1901, valid_score: 9844.3, , rmse_test: 17.3240, score_test: 1433.0, Learning rate:0.00020000
Epoch: 13, Loss: 11.6028, Rmse_valid: 11.7855, valid_score: 10525.8, , rmse_test: 17.4885, score_test: 1455.8, Learning rate:0.00020000
Epoch: 14, Loss: 11.4376, Rmse_valid: 12.0381, valid_score: 9554.0, , rmse_test: 17.3433, score_test: 1522.1, Learning rate:0.00020000
Epoch: 15, Loss: 11.2971, Rmse_valid: 11.9340, valid_score: 9409.3, , rmse_test: 16.7326, score_test: 1303.5, Learning rate:0.00020000
Epoch: 16, Loss: 11.1493, Rmse_valid: 11.4801, valid_score: 10166.7, , rmse_test: 17.4357, score_test: 1647.0, Learning rate:0.00020000
Epoch: 17, Loss: 11.0269, Rmse_valid: 11.5477, valid_score: 9648.8, , rmse_test: 17.1721, score_test: 1474.8, Learning rate:0.00020000
Epoch: 18, Loss: 10.9272, Rmse_valid: 11.3548, valid_score: 9570.8, , rmse_test: 16.6619, score_test: 1418.2, Learning rate:0.00020000
Epoch: 19, Loss: 10.8363, Rmse_valid: 11.6637, valid_score: 9777.1, , rmse_test: 16.8486, score_test: 1290.1, Learning rate:0.00020000
Epoch: 20, Loss: 10.7024, Rmse_valid: 11.4260, valid_score: 9632.2, , rmse_test: 17.1146, score_test: 1404.3, Learning rate:0.00020000
Epoch: 21, Loss: 10.5388, Rmse_valid: 11.2871, valid_score: 9405.1, , rmse_test: 16.7369, score_test: 1393.6, Learning rate:0.00002000
Epoch: 22, Loss: 10.5093, Rmse_valid: 11.4735, valid_score: 9356.7, , rmse_test: 16.6467, score_test: 1351.0, Learning rate:0.00002000
Epoch: 23, Loss: 10.4970, Rmse_valid: 11.2626, valid_score: 9380.3, , rmse_test: 16.7075, score_test: 1379.7, Learning rate:0.00002000
Epoch: 24, Loss: 10.4848, Rmse_valid: 11.1877, valid_score: 9505.3, , rmse_test: 16.7349, score_test: 1391.1, Learning rate:0.00002000
Epoch: 25, Loss: 10.4697, Rmse_valid: 11.2432, valid_score: 9227.2, , rmse_test: 16.5847, score_test: 1318.5, Learning rate:0.00002000
Epoch: 26, Loss: 10.4593, Rmse_valid: 11.1953, valid_score: 9476.5, , rmse_test: 16.7796, score_test: 1399.9, Learning rate:0.00002000
Epoch: 27, Loss: 10.4476, Rmse_valid: 11.2857, valid_score: 9388.5, , rmse_test: 16.6473, score_test: 1351.8, Learning rate:0.00002000
Epoch: 28, Loss: 10.4349, Rmse_valid: 11.1700, valid_score: 9619.4, , rmse_test: 16.8714, score_test: 1421.6, Learning rate:0.00002000
Epoch: 29, Loss: 10.4253, Rmse_valid: 11.1791, valid_score: 9510.7, , rmse_test: 16.7569, score_test: 1378.8, Learning rate:0.00002000
Epoch: 30, Loss: 10.4122, Rmse_valid: 11.1042, valid_score: 9574.4, , rmse_test: 16.7621, score_test: 1375.6, Learning rate:0.00002000
[Train Summary] Restored best model from epoch 30, rmse_valid: 11.1042, valid_score: 9574.4, rmse_test: 16.7621, score_test: 1375.6
[Train Time] start: 2026-04-20 08:51:05, end: 2026-04-20 08:53:19, duration: 0:02:15, total_seconds: 134.54
[Auto Test] command: /usr/bin/python /CMAPSS-release/scipt/test_model.py --sub-dataset FD003 --smooth-rate 40 --sequence-len 30 --feature-num 14 --dataset-root /CMAPSS-release/CMAPSSData/ --max-rul 125 --batch-size 128 --model-path /CMAPSS-release/logs/FD003_FD003_C/seed30/model_FD003_0420_085105_seed30.pkl
model_path:/CMAPSS-release/logs/FD003_FD003_C/seed30/model_FD003_0420_085105_seed30.pkl
rmse_final:16.62919044494629, score:1324.6075439453125
