-----FD001-----
关键参数:
序列长度: 30
批大小(batch_size): 128
最大训练轮数(max_epochs): 30
随机数种子: 27
模型代号(model_code): A_g_dropout0.1_1
模型结构(model_structure): encoderdecoder
消融预设(ablation_preset): A - KNN graph + GAT-LSTM with encoder and decoder (AOF off)
学习率: 0.002
学习率调度器: step
Step步长(step_size): 10
Step衰减系数(gamma): 0.1
空间GAT: 开启
是否使用解码器LSTM: 是
是否使用AOF: 否
Decoder注意力隐层维度: 28
图构建模式(graph_mode): dynamic_knn
GAT层数(num_layers): 2
GAT邻居数(topk): 7
GAT嵌入维度: 8
GAT隐藏层维度: 8
------------------------------
Epoch: 1, Loss: 24.1265, Rmse_valid: 22.2643, valid_score: 18703.8, , rmse_test: 23.1462, score_test: 14162.2, Learning rate:0.00200000
Epoch: 2, Loss: 20.0728, Rmse_valid: 18.5574, valid_score: 11239.6, , rmse_test: 20.3709, score_test: 1790.2, Learning rate:0.00200000
Epoch: 3, Loss: 16.3218, Rmse_valid: 15.1744, valid_score: 9399.7, , rmse_test: 17.1839, score_test: 625.7, Learning rate:0.00200000
Epoch: 4, Loss: 13.2913, Rmse_valid: 13.8713, valid_score: 5165.1, , rmse_test: 15.1338, score_test: 332.1, Learning rate:0.00200000
Epoch: 5, Loss: 12.2861, Rmse_valid: 14.5961, valid_score: 9380.1, , rmse_test: 18.1233, score_test: 986.2, Learning rate:0.00200000
Epoch: 6, Loss: 12.0525, Rmse_valid: 11.3435, valid_score: 3487.9, , rmse_test: 13.2229, score_test: 286.0, Learning rate:0.00200000
Epoch: 7, Loss: 11.5670, Rmse_valid: 12.9999, valid_score: 6761.8, , rmse_test: 16.0869, score_test: 622.5, Learning rate:0.00200000
Epoch: 8, Loss: 11.4544, Rmse_valid: 11.6620, valid_score: 4891.6, , rmse_test: 14.5379, score_test: 448.1, Learning rate:0.00200000
Epoch: 9, Loss: 11.1584, Rmse_valid: 13.5036, valid_score: 6232.5, , rmse_test: 16.9285, score_test: 605.7, Learning rate:0.00200000
Epoch: 10, Loss: 10.8423, Rmse_valid: 11.9987, valid_score: 4666.8, , rmse_test: 15.0360, score_test: 429.8, Learning rate:0.00200000
Epoch: 11, Loss: 9.8242, Rmse_valid: 10.5858, valid_score: 3416.6, , rmse_test: 14.0203, score_test: 353.9, Learning rate:0.00020000
Epoch: 12, Loss: 9.7067, Rmse_valid: 10.8891, valid_score: 3616.9, , rmse_test: 13.9656, score_test: 350.2, Learning rate:0.00020000
Epoch: 13, Loss: 9.6599, Rmse_valid: 10.6451, valid_score: 3356.8, , rmse_test: 13.9157, score_test: 324.3, Learning rate:0.00020000
Epoch: 14, Loss: 9.5717, Rmse_valid: 10.9056, valid_score: 3680.0, , rmse_test: 14.0776, score_test: 344.0, Learning rate:0.00020000
Epoch: 15, Loss: 9.5382, Rmse_valid: 11.0687, valid_score: 3707.4, , rmse_test: 14.1178, score_test: 365.4, Learning rate:0.00020000
Epoch: 16, Loss: 9.4740, Rmse_valid: 10.7776, valid_score: 3515.9, , rmse_test: 13.8684, score_test: 311.9, Learning rate:0.00020000
Epoch: 17, Loss: 9.4620, Rmse_valid: 10.8996, valid_score: 3793.6, , rmse_test: 14.0986, score_test: 344.9, Learning rate:0.00020000
Epoch: 18, Loss: 9.4441, Rmse_valid: 10.6379, valid_score: 3622.4, , rmse_test: 14.2260, score_test: 356.4, Learning rate:0.00020000
Epoch: 19, Loss: 9.3738, Rmse_valid: 11.0428, valid_score: 3645.4, , rmse_test: 13.9517, score_test: 322.5, Learning rate:0.00020000
Epoch: 20, Loss: 9.3431, Rmse_valid: 11.1850, valid_score: 3585.0, , rmse_test: 14.0866, score_test: 337.8, Learning rate:0.00020000
Epoch: 21, Loss: 9.2508, Rmse_valid: 10.7428, valid_score: 3699.7, , rmse_test: 14.1367, score_test: 344.8, Learning rate:0.00002000
Epoch: 22, Loss: 9.2500, Rmse_valid: 10.9784, valid_score: 3658.5, , rmse_test: 14.1250, score_test: 342.5, Learning rate:0.00002000
Epoch: 23, Loss: 9.2363, Rmse_valid: 10.9367, valid_score: 3615.0, , rmse_test: 14.0982, score_test: 337.4, Learning rate:0.00002000
Epoch: 24, Loss: 9.2360, Rmse_valid: 11.1085, valid_score: 3671.1, , rmse_test: 14.1264, score_test: 340.2, Learning rate:0.00002000
Epoch: 25, Loss: 9.2216, Rmse_valid: 10.6083, valid_score: 3613.3, , rmse_test: 14.1107, score_test: 336.7, Learning rate:0.00002000
Epoch: 26, Loss: 9.2421, Rmse_valid: 11.1292, valid_score: 3619.4, , rmse_test: 14.1020, score_test: 337.0, Learning rate:0.00002000
Epoch: 27, Loss: 9.2224, Rmse_valid: 11.2245, valid_score: 3680.7, , rmse_test: 14.1286, score_test: 342.6, Learning rate:0.00002000
Epoch: 28, Loss: 9.2044, Rmse_valid: 10.7999, valid_score: 3636.3, , rmse_test: 14.1189, score_test: 339.2, Learning rate:0.00002000
Epoch: 29, Loss: 9.2278, Rmse_valid: 11.1689, valid_score: 3676.2, , rmse_test: 14.1456, score_test: 342.8, Learning rate:0.00002000
Epoch: 30, Loss: 9.2120, Rmse_valid: 10.5572, valid_score: 3700.2, , rmse_test: 14.1797, score_test: 347.7, Learning rate:0.00002000
[Train Summary] Restored best model from epoch 30, rmse_valid: 10.5572, valid_score: 3700.2, rmse_test: 14.1797, score_test: 347.7
[Train Time] start: 2026-04-25 10:31:32, end: 2026-04-25 10:32:48, duration: 0:01:16, total_seconds: 75.85
[Auto Test] command: /usr/bin/python /CMAPSS-release/scipt/test_model.py --sub-dataset FD001 --smooth-rate 30 --sequence-len 30 --feature-num 14 --dataset-root /CMAPSS-release/CMAPSSData/ --max-rul 125 --batch-size 128 --model-path /CMAPSS-release/logs/FD001_A_g_dropout0.1_1/seed27/model_FD001_0425_103132_seed27.pkl
model_path:/CMAPSS-release/logs/FD001_A_g_dropout0.1_1/seed27/model_FD001_0425_103132_seed27.pkl
rmse_final:14.098936080932617, score:337.1119689941406
