-----FD001-----
关键参数:
序列长度: 30
批大小(batch_size): 128
最大训练轮数(max_epochs): 30
随机数种子: 88
模型代号(model_code): FD001_D
模型结构(model_structure): encoderdecoder
消融预设(ablation_preset): D - KNN graph + GAT + EncoderDecoder-LSTM with AOF
学习率: 0.002
学习率调度器: step
Step步长(step_size): 10
Step衰减系数(gamma): 0.1
空间GAT: 开启
是否使用解码器LSTM: 是
是否使用AOF: 是
Decoder注意力隐层维度: 28
Decoder融合方式: concat
图构建模式(graph_mode): dynamic_knn
GAT层数(num_layers): 2
GAT邻居数(topk): 7
GAT嵌入维度: 8
GAT隐藏层维度: 8
------------------------------
Epoch: 1, Loss: 27.2085, Rmse_valid: 21.9012, valid_score: 20312.8, , rmse_test: 24.0259, score_test: 4218.0, Learning rate:0.00200000
Epoch: 2, Loss: 16.5859, Rmse_valid: 14.8661, valid_score: 7640.7, , rmse_test: 16.9028, score_test: 528.2, Learning rate:0.00200000
Epoch: 3, Loss: 13.4835, Rmse_valid: 12.4081, valid_score: 4734.2, , rmse_test: 14.7925, score_test: 356.7, Learning rate:0.00200000
Epoch: 4, Loss: 12.1718, Rmse_valid: 12.5757, valid_score: 5795.4, , rmse_test: 15.1377, score_test: 507.1, Learning rate:0.00200000
Epoch: 5, Loss: 11.5498, Rmse_valid: 13.1211, valid_score: 4648.8, , rmse_test: 14.3478, score_test: 296.7, Learning rate:0.00200000
Epoch: 6, Loss: 11.2217, Rmse_valid: 14.3795, valid_score: 11637.8, , rmse_test: 16.7295, score_test: 675.2, Learning rate:0.00200000
Epoch: 7, Loss: 10.7756, Rmse_valid: 12.4047, valid_score: 5350.2, , rmse_test: 16.6181, score_test: 493.8, Learning rate:0.00200000
Epoch: 8, Loss: 10.6892, Rmse_valid: 12.5707, valid_score: 4892.4, , rmse_test: 16.1240, score_test: 393.9, Learning rate:0.00200000
Epoch: 9, Loss: 10.2884, Rmse_valid: 11.7155, valid_score: 5325.4, , rmse_test: 15.1142, score_test: 388.3, Learning rate:0.00200000
Epoch: 10, Loss: 10.0298, Rmse_valid: 13.2646, valid_score: 6379.9, , rmse_test: 14.5389, score_test: 361.1, Learning rate:0.00200000
Epoch: 11, Loss: 8.9210, Rmse_valid: 12.4793, valid_score: 5336.6, , rmse_test: 15.3632, score_test: 401.0, Learning rate:0.00020000
Epoch: 12, Loss: 8.7467, Rmse_valid: 12.2597, valid_score: 5849.2, , rmse_test: 15.6770, score_test: 438.6, Learning rate:0.00020000
Epoch: 13, Loss: 8.6890, Rmse_valid: 12.5470, valid_score: 5935.5, , rmse_test: 15.4357, score_test: 404.5, Learning rate:0.00020000
Epoch: 14, Loss: 8.6333, Rmse_valid: 12.2272, valid_score: 5392.2, , rmse_test: 15.5748, score_test: 396.6, Learning rate:0.00020000
Epoch: 15, Loss: 8.5842, Rmse_valid: 12.0411, valid_score: 5144.9, , rmse_test: 15.7065, score_test: 407.0, Learning rate:0.00020000
Epoch: 16, Loss: 8.5356, Rmse_valid: 11.9572, valid_score: 5419.2, , rmse_test: 15.7635, score_test: 421.1, Learning rate:0.00020000
Epoch: 17, Loss: 8.4888, Rmse_valid: 12.2369, valid_score: 5566.9, , rmse_test: 15.9601, score_test: 445.1, Learning rate:0.00020000
Epoch: 18, Loss: 8.4408, Rmse_valid: 12.7241, valid_score: 6056.5, , rmse_test: 16.1092, score_test: 481.2, Learning rate:0.00020000
Epoch: 19, Loss: 8.4227, Rmse_valid: 12.2458, valid_score: 5265.9, , rmse_test: 16.0284, score_test: 436.8, Learning rate:0.00020000
Epoch: 20, Loss: 8.3699, Rmse_valid: 12.4744, valid_score: 5939.0, , rmse_test: 15.9244, score_test: 436.6, Learning rate:0.00020000
Epoch: 21, Loss: 8.2902, Rmse_valid: 12.0926, valid_score: 5842.0, , rmse_test: 15.9952, score_test: 449.2, Learning rate:0.00002000
Epoch: 22, Loss: 8.2690, Rmse_valid: 12.9606, valid_score: 6024.3, , rmse_test: 16.0409, score_test: 461.6, Learning rate:0.00002000
Epoch: 23, Loss: 8.2676, Rmse_valid: 12.3537, valid_score: 5881.5, , rmse_test: 16.0136, score_test: 453.8, Learning rate:0.00002000
Epoch: 24, Loss: 8.2643, Rmse_valid: 12.0418, valid_score: 5856.7, , rmse_test: 16.0372, score_test: 456.2, Learning rate:0.00002000
Epoch: 25, Loss: 8.2549, Rmse_valid: 12.8010, valid_score: 5888.3, , rmse_test: 16.0415, score_test: 456.4, Learning rate:0.00002000
Epoch: 26, Loss: 8.2536, Rmse_valid: 12.4160, valid_score: 5851.2, , rmse_test: 16.0416, score_test: 455.5, Learning rate:0.00002000
Epoch: 27, Loss: 8.2522, Rmse_valid: 12.8821, valid_score: 5895.4, , rmse_test: 16.0205, score_test: 453.2, Learning rate:0.00002000
Epoch: 28, Loss: 8.2521, Rmse_valid: 12.5169, valid_score: 5930.4, , rmse_test: 16.0946, score_test: 464.7, Learning rate:0.00002000
Epoch: 29, Loss: 8.2418, Rmse_valid: 12.1664, valid_score: 5888.2, , rmse_test: 16.0526, score_test: 458.4, Learning rate:0.00002000
Epoch: 30, Loss: 8.2332, Rmse_valid: 12.6400, valid_score: 5916.5, , rmse_test: 16.0834, score_test: 461.0, Learning rate:0.00002000
[Train Summary] Restored best model from epoch 9, rmse_valid: 11.7155, valid_score: 5325.4, rmse_test: 15.1142, score_test: 388.3
[Train Time] start: 2026-04-20 01:52:55, end: 2026-04-20 01:55:19, duration: 0:02:24, total_seconds: 144.30
[Auto Test] command: /usr/bin/python /CMAPSS-release/scipt/test_model.py --sub-dataset FD001 --smooth-rate 40 --sequence-len 30 --feature-num 14 --dataset-root /CMAPSS-release/CMAPSSData/ --max-rul 125 --batch-size 128 --model-path /CMAPSS-release/logs/FD001_FD001_D/seed88/model_FD001_0420_015255_seed88.pkl
model_path:/CMAPSS-release/logs/FD001_FD001_D/seed88/model_FD001_0420_015255_seed88.pkl
rmse_final:15.009330749511719, score:378.4302978515625
