-----FD004-----
关键参数:
序列长度: 30
批大小(batch_size): 128
最大训练轮数(max_epochs): 30
随机数种子: 80
模型代号(model_code): FD004_A
模型结构(model_structure): encoderdecoder
消融预设(ablation_preset): A - Path graph + GAT + EncoderDecoder-LSTM with AOF
学习率: 0.002
学习率调度器: step
Step步长(step_size): 10
Step衰减系数(gamma): 0.1
空间GAT: 开启
是否使用解码器LSTM: 是
是否使用AOF: 是
Decoder注意力隐层维度: 28
Decoder融合方式: concat
图构建模式(graph_mode): path
GAT层数(num_layers): 2
GAT邻居数(topk): 7
GAT嵌入维度: 8
GAT隐藏层维度: 8
------------------------------
Epoch: 1, Loss: 25.6595, Rmse_valid: 21.9458, valid_score: 105228.7, , rmse_test: 26.4339, score_test: 13753.9, Learning rate:0.00200000
Epoch: 2, Loss: 21.3153, Rmse_valid: 18.6497, valid_score: 42146.1, , rmse_test: 21.4593, score_test: 3322.5, Learning rate:0.00200000
Epoch: 3, Loss: 19.4672, Rmse_valid: 19.8902, valid_score: 82582.4, , rmse_test: 22.6290, score_test: 5761.7, Learning rate:0.00200000
Epoch: 4, Loss: 18.5889, Rmse_valid: 22.3203, valid_score: 201464.3, , rmse_test: 22.2827, score_test: 6362.8, Learning rate:0.00200000
Epoch: 5, Loss: 17.9691, Rmse_valid: 16.3446, valid_score: 38776.5, , rmse_test: 18.8572, score_test: 4026.1, Learning rate:0.00200000
Epoch: 6, Loss: 17.5183, Rmse_valid: 16.7969, valid_score: 45999.8, , rmse_test: 18.6943, score_test: 3916.5, Learning rate:0.00200000
Epoch: 7, Loss: 16.9539, Rmse_valid: 17.0079, valid_score: 37020.0, , rmse_test: 18.2042, score_test: 1863.5, Learning rate:0.00200000
Epoch: 8, Loss: 16.5304, Rmse_valid: 17.1763, valid_score: 51675.1, , rmse_test: 18.8235, score_test: 2843.7, Learning rate:0.00200000
Epoch: 9, Loss: 16.3202, Rmse_valid: 17.3752, valid_score: 53912.9, , rmse_test: 18.5505, score_test: 2958.4, Learning rate:0.00200000
Epoch: 10, Loss: 16.0817, Rmse_valid: 17.9414, valid_score: 60036.7, , rmse_test: 18.3894, score_test: 3319.5, Learning rate:0.00200000
Epoch: 11, Loss: 14.2879, Rmse_valid: 16.5638, valid_score: 45073.9, , rmse_test: 17.7735, score_test: 2962.5, Learning rate:0.00020000
Epoch: 12, Loss: 14.0531, Rmse_valid: 16.3680, valid_score: 41289.5, , rmse_test: 17.8497, score_test: 2796.3, Learning rate:0.00020000
Epoch: 13, Loss: 13.9637, Rmse_valid: 17.2550, valid_score: 58571.2, , rmse_test: 18.0728, score_test: 3298.4, Learning rate:0.00020000
Epoch: 14, Loss: 13.8782, Rmse_valid: 16.8580, valid_score: 47905.2, , rmse_test: 17.8737, score_test: 2806.8, Learning rate:0.00020000
Epoch: 15, Loss: 13.8050, Rmse_valid: 16.8212, valid_score: 50547.5, , rmse_test: 18.1448, score_test: 3090.5, Learning rate:0.00020000
Epoch: 16, Loss: 13.7444, Rmse_valid: 17.0489, valid_score: 52820.4, , rmse_test: 18.2670, score_test: 3201.1, Learning rate:0.00020000
Epoch: 17, Loss: 13.6722, Rmse_valid: 17.2603, valid_score: 58959.6, , rmse_test: 18.0454, score_test: 3258.1, Learning rate:0.00020000
Epoch: 18, Loss: 13.6248, Rmse_valid: 17.3354, valid_score: 55735.3, , rmse_test: 18.2173, score_test: 3423.1, Learning rate:0.00020000
Epoch: 19, Loss: 13.5655, Rmse_valid: 17.1026, valid_score: 57271.0, , rmse_test: 18.0508, score_test: 2982.0, Learning rate:0.00020000
Epoch: 20, Loss: 13.5131, Rmse_valid: 17.0614, valid_score: 55717.5, , rmse_test: 18.1558, score_test: 2970.8, Learning rate:0.00020000
Epoch: 21, Loss: 13.3507, Rmse_valid: 17.0822, valid_score: 56517.8, , rmse_test: 18.1167, score_test: 3074.0, Learning rate:0.00002000
Epoch: 22, Loss: 13.3372, Rmse_valid: 17.3029, valid_score: 60236.9, , rmse_test: 18.1106, score_test: 3089.8, Learning rate:0.00002000
Epoch: 23, Loss: 13.3277, Rmse_valid: 17.4911, valid_score: 58983.1, , rmse_test: 18.0376, score_test: 2982.6, Learning rate:0.00002000
Epoch: 24, Loss: 13.3186, Rmse_valid: 17.4298, valid_score: 60227.7, , rmse_test: 18.0248, score_test: 2962.3, Learning rate:0.00002000
Epoch: 25, Loss: 13.3154, Rmse_valid: 17.2097, valid_score: 59807.4, , rmse_test: 18.0672, score_test: 3037.8, Learning rate:0.00002000
Epoch: 26, Loss: 13.3067, Rmse_valid: 17.4658, valid_score: 60796.6, , rmse_test: 18.1201, score_test: 3082.3, Learning rate:0.00002000
Epoch: 27, Loss: 13.3021, Rmse_valid: 17.3142, valid_score: 60662.7, , rmse_test: 18.1272, score_test: 3125.3, Learning rate:0.00002000
Epoch: 28, Loss: 13.2959, Rmse_valid: 17.5127, valid_score: 62220.9, , rmse_test: 18.1244, score_test: 3132.6, Learning rate:0.00002000
Epoch: 29, Loss: 13.2924, Rmse_valid: 17.5037, valid_score: 61508.8, , rmse_test: 18.0191, score_test: 2928.3, Learning rate:0.00002000
Epoch: 30, Loss: 13.2848, Rmse_valid: 17.4745, valid_score: 60811.8, , rmse_test: 18.1156, score_test: 3146.5, Learning rate:0.00002000
[Train Summary] Restored best model from epoch 5, rmse_valid: 16.3446, valid_score: 38776.5, rmse_test: 18.8572, score_test: 4026.1
[Train Time] start: 2026-04-20 10:54:52, end: 2026-04-20 11:01:50, duration: 0:06:58, total_seconds: 417.60
[Auto Test] command: /usr/bin/python /CMAPSS-release/scipt/test_model.py --sub-dataset FD004 --smooth-rate 40 --sequence-len 30 --feature-num 14 --dataset-root /CMAPSS-release/CMAPSSData/ --max-rul 125 --batch-size 128 --model-path /CMAPSS-release/logs/FD004_FD004_A/seed80/model_FD004_0420_105452_seed80.pkl
model_path:/CMAPSS-release/logs/FD004_FD004_A/seed80/model_FD004_0420_105452_seed80.pkl
rmse_final:18.840694427490234, score:3953.345703125
