-----FD003-----
关键参数:
序列长度: 30
批大小(batch_size): 128
最大训练轮数(max_epochs): 30
随机数种子: 88
模型代号(model_code): FD003_B_BC_20260422_054641
模型结构(model_structure): encoderdecoder
消融预设(ablation_preset): B - Full-connected graph + GAT-LSTM with encoder and decoder (AOF off)
学习率: 0.002
学习率调度器: step
Step步长(step_size): 10
Step衰减系数(gamma): 0.1
空间GAT: 开启
是否使用解码器LSTM: 是
是否使用AOF: 否
Decoder注意力隐层维度: 28
图构建模式(graph_mode): dynamic_knn
GAT层数(num_layers): 2
GAT邻居数(topk): 14
GAT嵌入维度: 8
GAT隐藏层维度: 8
------------------------------
Epoch: 1, Loss: 25.3456, Rmse_valid: 22.5469, valid_score: 26765.8, , rmse_test: 23.2784, score_test: 3930.7, Learning rate:0.00200000
Epoch: 2, Loss: 19.8241, Rmse_valid: 16.0050, valid_score: 17352.4, , rmse_test: 23.7348, score_test: 3751.7, Learning rate:0.00200000
Epoch: 3, Loss: 17.9442, Rmse_valid: 14.0406, valid_score: 18538.5, , rmse_test: 21.1054, score_test: 3227.0, Learning rate:0.00200000
Epoch: 4, Loss: 14.9088, Rmse_valid: 12.8803, valid_score: 9046.4, , rmse_test: 16.4416, score_test: 1257.1, Learning rate:0.00200000
Epoch: 5, Loss: 13.2621, Rmse_valid: 12.1226, valid_score: 9453.5, , rmse_test: 16.5134, score_test: 1364.9, Learning rate:0.00200000
Epoch: 6, Loss: 12.6419, Rmse_valid: 11.9516, valid_score: 8335.7, , rmse_test: 16.0950, score_test: 1033.0, Learning rate:0.00200000
Epoch: 7, Loss: 12.4773, Rmse_valid: 12.2785, valid_score: 7825.5, , rmse_test: 15.0737, score_test: 926.9, Learning rate:0.00200000
Epoch: 8, Loss: 11.8565, Rmse_valid: 10.9678, valid_score: 8882.3, , rmse_test: 16.5376, score_test: 1486.0, Learning rate:0.00200000
Epoch: 9, Loss: 11.8173, Rmse_valid: 11.2163, valid_score: 7448.4, , rmse_test: 15.7802, score_test: 1074.3, Learning rate:0.00200000
Epoch: 10, Loss: 11.4867, Rmse_valid: 11.7002, valid_score: 9839.2, , rmse_test: 18.9610, score_test: 1739.8, Learning rate:0.00200000
Epoch: 11, Loss: 10.3702, Rmse_valid: 10.7787, valid_score: 7063.5, , rmse_test: 15.2121, score_test: 1053.0, Learning rate:0.00020000
Epoch: 12, Loss: 10.2166, Rmse_valid: 10.6995, valid_score: 7273.8, , rmse_test: 15.2639, score_test: 1105.4, Learning rate:0.00020000
Epoch: 13, Loss: 10.1547, Rmse_valid: 10.7956, valid_score: 6949.5, , rmse_test: 15.0144, score_test: 899.4, Learning rate:0.00020000
Epoch: 14, Loss: 10.0919, Rmse_valid: 10.0849, valid_score: 7430.4, , rmse_test: 15.5454, score_test: 1018.3, Learning rate:0.00020000
Epoch: 15, Loss: 10.0385, Rmse_valid: 10.7275, valid_score: 6984.9, , rmse_test: 15.0023, score_test: 964.7, Learning rate:0.00020000
Epoch: 16, Loss: 9.9898, Rmse_valid: 10.3478, valid_score: 7045.8, , rmse_test: 15.1695, score_test: 1041.1, Learning rate:0.00020000
Epoch: 17, Loss: 9.9307, Rmse_valid: 10.1614, valid_score: 7078.6, , rmse_test: 15.0610, score_test: 904.3, Learning rate:0.00020000
Epoch: 18, Loss: 9.9041, Rmse_valid: 9.9510, valid_score: 6844.2, , rmse_test: 14.9329, score_test: 892.1, Learning rate:0.00020000
Epoch: 19, Loss: 9.8570, Rmse_valid: 10.1095, valid_score: 7021.7, , rmse_test: 15.0374, score_test: 974.3, Learning rate:0.00020000
Epoch: 20, Loss: 9.8126, Rmse_valid: 9.9821, valid_score: 7358.2, , rmse_test: 15.1943, score_test: 913.2, Learning rate:0.00020000
Epoch: 21, Loss: 9.7285, Rmse_valid: 10.0808, valid_score: 7009.3, , rmse_test: 14.9825, score_test: 883.6, Learning rate:0.00002000
Epoch: 22, Loss: 9.7179, Rmse_valid: 10.0131, valid_score: 6933.1, , rmse_test: 14.9610, score_test: 877.3, Learning rate:0.00002000
Epoch: 23, Loss: 9.7116, Rmse_valid: 9.9202, valid_score: 7007.6, , rmse_test: 15.0435, score_test: 892.3, Learning rate:0.00002000
Epoch: 24, Loss: 9.7086, Rmse_valid: 9.9398, valid_score: 6847.0, , rmse_test: 14.9460, score_test: 862.2, Learning rate:0.00002000
Epoch: 25, Loss: 9.7024, Rmse_valid: 9.9249, valid_score: 6853.9, , rmse_test: 14.9321, score_test: 855.2, Learning rate:0.00002000
Epoch: 26, Loss: 9.6968, Rmse_valid: 9.9212, valid_score: 6832.4, , rmse_test: 14.9157, score_test: 844.6, Learning rate:0.00002000
Epoch: 27, Loss: 9.6927, Rmse_valid: 9.9363, valid_score: 6796.5, , rmse_test: 14.9132, score_test: 836.9, Learning rate:0.00002000
Epoch: 28, Loss: 9.6872, Rmse_valid: 9.8961, valid_score: 6952.0, , rmse_test: 15.0112, score_test: 871.5, Learning rate:0.00002000
Epoch: 29, Loss: 9.6839, Rmse_valid: 9.9549, valid_score: 6860.1, , rmse_test: 14.9566, score_test: 847.9, Learning rate:0.00002000
Epoch: 30, Loss: 9.6777, Rmse_valid: 9.9361, valid_score: 6830.7, , rmse_test: 14.9632, score_test: 848.4, Learning rate:0.00002000
[Train Summary] Restored best model from epoch 28, rmse_valid: 9.8961, valid_score: 6952.0, rmse_test: 15.0112, score_test: 871.5
[Train Time] start: 2026-04-22 09:56:00, end: 2026-04-22 09:57:30, duration: 0:01:30, total_seconds: 89.72
[Auto Test] command: /usr/bin/python /CMAPSS-release/scipt/test_model.py --sub-dataset FD003 --smooth-rate 40 --sequence-len 30 --feature-num 14 --dataset-root /CMAPSS-release/CMAPSSData/ --max-rul 125 --batch-size 128 --model-path /CMAPSS-release/logs/FD003_FD003_B_BC_20260422_054641/seed88/model_FD003_0422_095600_seed88.pkl
model_path:/CMAPSS-release/logs/FD003_FD003_B_BC_20260422_054641/seed88/model_FD003_0422_095600_seed88.pkl
rmse_final:14.882540702819824, score:831.482421875
