-----FD002-----
模型: GAT_LSTM_AEFAOF_model(AEF与AOF均开启)
序列长度: 30
特征维度: 14
批大小: 128
最大训练轮数: 30
随机种子: 80
学习率: 0.002
学习率调度器: step
Step步长(step_size): 10
Step衰减系数(gamma): 0.1
是否启用AEF: 是
是否启用AOF: 是
GAT隐藏层维度: [8, 8, 8]
LSTM隐藏层维度: [8, 8]
GAT Dropout系数: 0.1
GAT LeakyReLU系数(alpha): 0.1
图构建模式: path
节点嵌入维度(embed_dim): 8
Topk邻居数: 7
AOF注意力隐藏维度: 4
AEF注意力隐藏维度: 28
AEF/AOF融合方式: concat
是否启用指数平滑: True
平滑系数(smooth_rate): 40
------------------------------
第1轮, 训练损失: 41.9540, 验证集RMSE: 41.4812, 验证集S分数: 812449.2, 测试集RMSE: 42.5556, 测试集S分数: 54926.9, 学习率: 0.00200000
第2轮, 训练损失: 41.1554, 验证集RMSE: 42.2545, 验证集S分数: 401827.8, 测试集RMSE: 41.9055, 测试集S分数: 25278.1, 学习率: 0.00200000
第3轮, 训练损失: 40.7891, 验证集RMSE: 40.9103, 验证集S分数: 645914.7, 测试集RMSE: 41.6006, 测试集S分数: 46838.6, 学习率: 0.00200000
第4轮, 训练损失: 40.3883, 验证集RMSE: 40.7005, 验证集S分数: 665817.8, 测试集RMSE: 41.4246, 测试集S分数: 54999.3, 学习率: 0.00200000
第5轮, 训练损失: 40.1724, 验证集RMSE: 40.2345, 验证集S分数: 695498.1, 测试集RMSE: 41.3942, 测试集S分数: 59578.2, 学习率: 0.00200000
第6轮, 训练损失: 39.9065, 验证集RMSE: 40.0852, 验证集S分数: 541434.7, 测试集RMSE: 40.6918, 测试集S分数: 49287.6, 学习率: 0.00200000
第7轮, 训练损失: 39.5218, 验证集RMSE: 39.9404, 验证集S分数: 448424.8, 测试集RMSE: 40.6175, 测试集S分数: 39817.2, 学习率: 0.00200000
第8轮, 训练损失: 39.3193, 验证集RMSE: 39.2705, 验证集S分数: 786256.5, 测试集RMSE: 41.0097, 测试集S分数: 76062.9, 学习率: 0.00200000
第9轮, 训练损失: 39.1597, 验证集RMSE: 39.4075, 验证集S分数: 693398.4, 测试集RMSE: 40.7471, 测试集S分数: 63430.8, 学习率: 0.00200000
第10轮, 训练损失: 39.0081, 验证集RMSE: 39.6979, 验证集S分数: 534783.5, 测试集RMSE: 40.4302, 测试集S分数: 51453.2, 学习率: 0.00200000
第11轮, 训练损失: 38.7225, 验证集RMSE: 39.5377, 验证集S分数: 581652.9, 测试集RMSE: 40.4982, 测试集S分数: 56344.2, 学习率: 0.00020000
第12轮, 训练损失: 38.7046, 验证集RMSE: 39.4732, 验证集S分数: 599228.8, 测试集RMSE: 40.5626, 测试集S分数: 59129.4, 学习率: 0.00020000
第13轮, 训练损失: 38.6713, 验证集RMSE: 39.3785, 验证集S分数: 611636.2, 测试集RMSE: 40.5910, 测试集S分数: 63548.2, 学习率: 0.00020000
第14轮, 训练损失: 38.5791, 验证集RMSE: 39.1969, 验证集S分数: 679831.0, 测试集RMSE: 40.6594, 测试集S分数: 72471.5, 学习率: 0.00020000
第15轮, 训练损失: 38.5652, 验证集RMSE: 39.5788, 验证集S分数: 574054.2, 测试集RMSE: 40.4707, 测试集S分数: 60878.4, 学习率: 0.00020000
第16轮, 训练损失: 38.5171, 验证集RMSE: 39.2648, 验证集S分数: 697761.3, 测试集RMSE: 40.6146, 测试集S分数: 75954.0, 学习率: 0.00020000
第17轮, 训练损失: 38.4967, 验证集RMSE: 39.4471, 验证集S分数: 755698.8, 测试集RMSE: 40.7044, 测试集S分数: 82899.2, 学习率: 0.00020000
第18轮, 训练损失: 38.5021, 验证集RMSE: 39.4528, 验证集S分数: 558776.2, 测试集RMSE: 40.4457, 测试集S分数: 59524.5, 学习率: 0.00020000
第19轮, 训练损失: 38.4815, 验证集RMSE: 39.3969, 验证集S分数: 662973.8, 测试集RMSE: 40.5563, 测试集S分数: 73304.8, 学习率: 0.00020000
第20轮, 训练损失: 38.4305, 验证集RMSE: 39.3815, 验证集S分数: 741085.1, 测试集RMSE: 40.6429, 测试集S分数: 84172.1, 学习率: 0.00020000
第21轮, 训练损失: 38.4218, 验证集RMSE: 39.3904, 验证集S分数: 660299.2, 测试集RMSE: 40.5267, 测试集S分数: 74090.4, 学习率: 0.00002000
第22轮, 训练损失: 38.3828, 验证集RMSE: 39.2775, 验证集S分数: 647482.0, 测试集RMSE: 40.5133, 测试集S分数: 72467.5, 学习率: 0.00002000
第23轮, 训练损失: 38.3816, 验证集RMSE: 39.4481, 验证集S分数: 609740.8, 测试集RMSE: 40.4672, 测试集S分数: 67215.8, 学习率: 0.00002000
第24轮, 训练损失: 38.3589, 验证集RMSE: 39.1783, 验证集S分数: 657254.1, 测试集RMSE: 40.5255, 测试集S分数: 73967.9, 学习率: 0.00002000
第25轮, 训练损失: 38.4129, 验证集RMSE: 39.4544, 验证集S分数: 648814.1, 测试集RMSE: 40.5159, 测试集S分数: 72612.2, 学习率: 0.00002000
第26轮, 训练损失: 38.3783, 验证集RMSE: 39.4195, 验证集S分数: 640627.2, 测试集RMSE: 40.5009, 测试集S分数: 71621.2, 学习率: 0.00002000
第27轮, 训练损失: 38.3853, 验证集RMSE: 39.4147, 验证集S分数: 662904.9, 测试集RMSE: 40.5272, 测试集S分数: 74716.8, 学习率: 0.00002000
第28轮, 训练损失: 38.3635, 验证集RMSE: 39.2566, 验证集S分数: 673357.9, 测试集RMSE: 40.5352, 测试集S分数: 75887.0, 学习率: 0.00002000
第29轮, 训练损失: 38.3681, 验证集RMSE: 39.0971, 验证集S分数: 678553.8, 测试集RMSE: 40.5417, 测试集S分数: 76780.7, 学习率: 0.00002000
第30轮, 训练损失: 38.3908, 验证集RMSE: 39.2466, 验证集S分数: 667047.3, 测试集RMSE: 40.5287, 测试集S分数: 75094.3, 学习率: 0.00002000
[训练总结] 已恢复第29轮的最佳模型, 验证集RMSE: 39.0971, 验证集S分数: 678553.8, 测试集RMSE: 40.5417, 测试集S分数: 76780.7
[训练耗时] 开始: 2026-04-19 16:59:45, 结束: 2026-04-19 17:04:32, 时长: 0:04:47, 总秒数: 286.95
[自动测试] 命令: /usr/bin/python /CMAPSS-release/scipt/test_model.py --sub-dataset FD002 --smooth-rate 40 --sequence-len 30 --feature-num 14 --dataset-root /CMAPSS-release/CMAPSSData/ --max-rul 125 --batch-size 128 --model-path /CMAPSS-release/logs_GAT_LSTM/B/seed80/model_FD002_0419_165945_seed80.pkl
模型路径:/CMAPSS-release/logs_GAT_LSTM/B/seed80/model_FD002_0419_165945_seed80.pkl
最终RMSE:40.47259521484375, 评分:73420.9375
