-----FD001-----
关键参数:
序列长度: 30
批大小(batch_size): 128
最大训练轮数(max_epochs): 30
随机数种子: 80
模型代号(model_code): A_g_dropout0.2_1
模型结构(model_structure): encoderdecoder
消融预设(ablation_preset): A - KNN graph + GAT-LSTM with encoder and decoder (AEF on)
学习率: 0.002
学习率调度器: step
Step步长(step_size): 10
Step衰减系数(gamma): 0.1
空间GAT: 开启
是否使用解码器LSTM: 是
是否使用AEF: 是
Decoder注意力隐层维度: 28
图构建模式(graph_mode): dynamic_knn
GAT层数(num_layers): 2
GAT邻居数(topk): 7
GAT嵌入维度: 8
GAT隐藏层维度: 8
------------------------------
Epoch: 1, Loss: 24.8019, Rmse_valid: 21.8033, valid_score: 14569.4, , rmse_test: 21.8983, score_test: 8474.6, Learning rate:0.00200000
Epoch: 2, Loss: 20.6689, Rmse_valid: 19.4493, valid_score: 14674.1, , rmse_test: 23.5313, score_test: 14519.2, Learning rate:0.00200000
Epoch: 3, Loss: 18.4018, Rmse_valid: 15.0653, valid_score: 5413.4, , rmse_test: 15.9812, score_test: 493.9, Learning rate:0.00200000
Epoch: 4, Loss: 14.8065, Rmse_valid: 12.7684, valid_score: 4570.6, , rmse_test: 14.1619, score_test: 276.5, Learning rate:0.00200000
Epoch: 5, Loss: 13.0114, Rmse_valid: 13.6893, valid_score: 8628.0, , rmse_test: 16.1088, score_test: 628.3, Learning rate:0.00200000
Epoch: 6, Loss: 12.5450, Rmse_valid: 12.0003, valid_score: 3798.7, , rmse_test: 13.4131, score_test: 283.5, Learning rate:0.00200000
Epoch: 7, Loss: 12.1484, Rmse_valid: 11.4779, valid_score: 5360.9, , rmse_test: 13.7646, score_test: 311.8, Learning rate:0.00200000
Epoch: 8, Loss: 11.7621, Rmse_valid: 14.4305, valid_score: 4463.5, , rmse_test: 15.2628, score_test: 313.5, Learning rate:0.00200000
Epoch: 9, Loss: 11.5710, Rmse_valid: 10.1625, valid_score: 4639.6, , rmse_test: 13.8872, score_test: 394.7, Learning rate:0.00200000
Epoch: 10, Loss: 11.2820, Rmse_valid: 17.0454, valid_score: 6176.7, , rmse_test: 17.4421, score_test: 404.1, Learning rate:0.00200000
Epoch: 11, Loss: 10.6353, Rmse_valid: 10.4661, valid_score: 4369.8, , rmse_test: 13.4104, score_test: 327.6, Learning rate:0.00020000
Epoch: 12, Loss: 10.3383, Rmse_valid: 10.5759, valid_score: 4793.4, , rmse_test: 13.5090, score_test: 336.9, Learning rate:0.00020000
Epoch: 13, Loss: 10.2962, Rmse_valid: 10.3582, valid_score: 4587.2, , rmse_test: 13.2980, score_test: 326.4, Learning rate:0.00020000
Epoch: 14, Loss: 10.2504, Rmse_valid: 10.6050, valid_score: 5255.6, , rmse_test: 13.5905, score_test: 328.6, Learning rate:0.00020000
Epoch: 15, Loss: 10.2294, Rmse_valid: 10.5291, valid_score: 4981.7, , rmse_test: 13.4779, score_test: 348.0, Learning rate:0.00020000
Epoch: 16, Loss: 10.2045, Rmse_valid: 10.6959, valid_score: 6071.1, , rmse_test: 13.7840, score_test: 366.1, Learning rate:0.00020000
Epoch: 17, Loss: 10.1654, Rmse_valid: 10.7078, valid_score: 4406.4, , rmse_test: 13.1505, score_test: 309.4, Learning rate:0.00020000
Epoch: 18, Loss: 10.1389, Rmse_valid: 10.6980, valid_score: 5375.4, , rmse_test: 13.4882, score_test: 355.0, Learning rate:0.00020000
Epoch: 19, Loss: 10.1245, Rmse_valid: 10.7570, valid_score: 4522.5, , rmse_test: 13.2441, score_test: 330.5, Learning rate:0.00020000
Epoch: 20, Loss: 10.0868, Rmse_valid: 10.7173, valid_score: 5234.8, , rmse_test: 13.5106, score_test: 362.8, Learning rate:0.00020000
Epoch: 21, Loss: 10.0337, Rmse_valid: 10.7729, valid_score: 5034.0, , rmse_test: 13.3239, score_test: 330.4, Learning rate:0.00002000
Epoch: 22, Loss: 10.0288, Rmse_valid: 10.8924, valid_score: 5136.8, , rmse_test: 13.3339, score_test: 331.1, Learning rate:0.00002000
Epoch: 23, Loss: 10.0116, Rmse_valid: 10.5700, valid_score: 5078.1, , rmse_test: 13.2911, score_test: 324.1, Learning rate:0.00002000
Epoch: 24, Loss: 10.0147, Rmse_valid: 10.6378, valid_score: 5096.5, , rmse_test: 13.2983, score_test: 327.2, Learning rate:0.00002000
Epoch: 25, Loss: 10.0255, Rmse_valid: 10.3103, valid_score: 5139.7, , rmse_test: 13.3153, score_test: 327.9, Learning rate:0.00002000
Epoch: 26, Loss: 10.0114, Rmse_valid: 10.4805, valid_score: 5178.7, , rmse_test: 13.3266, score_test: 326.8, Learning rate:0.00002000
Epoch: 27, Loss: 10.0109, Rmse_valid: 11.1027, valid_score: 5024.6, , rmse_test: 13.2596, score_test: 319.6, Learning rate:0.00002000
Epoch: 28, Loss: 10.0077, Rmse_valid: 10.9166, valid_score: 5061.4, , rmse_test: 13.2939, score_test: 326.9, Learning rate:0.00002000
Epoch: 29, Loss: 10.0048, Rmse_valid: 10.6046, valid_score: 5230.0, , rmse_test: 13.3904, score_test: 338.8, Learning rate:0.00002000
Epoch: 30, Loss: 9.9964, Rmse_valid: 10.5221, valid_score: 5062.6, , rmse_test: 13.2691, score_test: 324.2, Learning rate:0.00002000
[Train Summary] Restored best model from epoch 9, rmse_valid: 10.1625, valid_score: 4639.6, rmse_test: 13.8872, score_test: 394.7
[Train Time] start: 2026-04-25 11:18:16, end: 2026-04-25 11:19:38, duration: 0:01:22, total_seconds: 82.31
[Auto Test] command: /usr/bin/python /CMAPSS-release/scipt/test_model.py --sub-dataset FD001 --smooth-rate 30 --sequence-len 30 --feature-num 14 --dataset-root /CMAPSS-release/CMAPSSData/ --max-rul 125 --batch-size 128 --model-path /CMAPSS-release/logs/FD001_A_g_dropout0.2_1/seed80/model_FD001_0425_111816_seed80.pkl
model_path:/CMAPSS-release/logs/FD001_A_g_dropout0.2_1/seed80/model_FD001_0425_111816_seed80.pkl
rmse_final:13.668211936950684, score:379.7895812988281
