-----FD002-----
关键参数:
序列长度: 30
批大小(batch_size): 128
最大训练轮数(max_epochs): 30
随机数种子: 62
模型代号(model_code): A_AEF_0FF
模型结构(model_structure): encoderdecoder
消融预设(ablation_preset): A_AEF_0FF - KNN graph + GAT-LSTM with encoder and decoder (AEF off)
学习率: 0.002
学习率调度器: step
Step步长(step_size): 10
Step衰减系数(gamma): 0.1
空间GAT: 开启
是否使用解码器LSTM: 是
是否使用AEF: 否
Decoder注意力隐层维度: 28
图构建模式(graph_mode): dynamic_knn
GAT层数(num_layers): 2
GAT邻居数(topk): 7
GAT嵌入维度: 8
GAT隐藏层维度: 8
------------------------------
Epoch: 1, Loss: 28.1886, Rmse_valid: 25.4673, valid_score: 375666.7, , rmse_test: 24.5925, score_test: 25050.4, Learning rate:0.00200000
Epoch: 2, Loss: 23.3969, Rmse_valid: 25.0339, valid_score: 249285.7, , rmse_test: 23.1715, score_test: 11394.7, Learning rate:0.00200000
Epoch: 3, Loss: 22.7948, Rmse_valid: 22.0966, valid_score: 139224.8, , rmse_test: 20.9558, score_test: 7397.2, Learning rate:0.00200000
Epoch: 4, Loss: 21.4449, Rmse_valid: 20.7133, valid_score: 116870.7, , rmse_test: 19.9827, score_test: 4142.3, Learning rate:0.00200000
Epoch: 5, Loss: 20.5009, Rmse_valid: 19.7955, valid_score: 56725.2, , rmse_test: 19.7350, score_test: 2012.0, Learning rate:0.00200000
Epoch: 6, Loss: 19.4295, Rmse_valid: 19.2234, valid_score: 68736.2, , rmse_test: 17.5018, score_test: 2037.2, Learning rate:0.00200000
Epoch: 7, Loss: 18.1893, Rmse_valid: 18.4943, valid_score: 46847.0, , rmse_test: 15.9353, score_test: 1241.7, Learning rate:0.00200000
Epoch: 8, Loss: 17.5436, Rmse_valid: 18.7808, valid_score: 64446.3, , rmse_test: 16.6302, score_test: 1739.3, Learning rate:0.00200000
Epoch: 9, Loss: 17.0197, Rmse_valid: 17.5580, valid_score: 55778.3, , rmse_test: 15.2643, score_test: 1395.2, Learning rate:0.00200000
Epoch: 10, Loss: 16.6018, Rmse_valid: 18.3850, valid_score: 59066.2, , rmse_test: 16.3818, score_test: 1820.5, Learning rate:0.00200000
Epoch: 11, Loss: 14.6570, Rmse_valid: 16.7640, valid_score: 42922.5, , rmse_test: 14.3059, score_test: 1117.9, Learning rate:0.00020000
Epoch: 12, Loss: 14.4290, Rmse_valid: 16.8859, valid_score: 41011.8, , rmse_test: 14.3976, score_test: 1128.6, Learning rate:0.00020000
Epoch: 13, Loss: 14.2956, Rmse_valid: 16.7904, valid_score: 40542.6, , rmse_test: 14.3106, score_test: 1126.0, Learning rate:0.00020000
Epoch: 14, Loss: 14.2069, Rmse_valid: 17.2560, valid_score: 35715.4, , rmse_test: 14.4733, score_test: 1035.8, Learning rate:0.00020000
Epoch: 15, Loss: 14.1150, Rmse_valid: 16.1783, valid_score: 39951.4, , rmse_test: 13.9020, score_test: 1138.3, Learning rate:0.00020000
Epoch: 16, Loss: 14.0507, Rmse_valid: 16.2283, valid_score: 34061.5, , rmse_test: 13.9458, score_test: 1026.2, Learning rate:0.00020000
Epoch: 17, Loss: 13.9806, Rmse_valid: 16.3744, valid_score: 36658.8, , rmse_test: 14.0840, score_test: 1119.0, Learning rate:0.00020000
Epoch: 18, Loss: 13.9126, Rmse_valid: 16.2354, valid_score: 32516.8, , rmse_test: 13.7505, score_test: 1028.0, Learning rate:0.00020000
Epoch: 19, Loss: 13.8441, Rmse_valid: 15.9196, valid_score: 35783.7, , rmse_test: 13.7902, score_test: 1190.6, Learning rate:0.00020000
Epoch: 20, Loss: 13.8045, Rmse_valid: 16.4719, valid_score: 38515.7, , rmse_test: 14.0346, score_test: 1134.8, Learning rate:0.00020000
Epoch: 21, Loss: 13.6598, Rmse_valid: 16.0376, valid_score: 37185.8, , rmse_test: 13.7656, score_test: 1089.5, Learning rate:0.00002000
Epoch: 22, Loss: 13.6443, Rmse_valid: 16.2348, valid_score: 36705.9, , rmse_test: 13.8304, score_test: 1083.1, Learning rate:0.00002000
Epoch: 23, Loss: 13.6367, Rmse_valid: 16.1181, valid_score: 35146.6, , rmse_test: 13.7023, score_test: 1048.5, Learning rate:0.00002000
Epoch: 24, Loss: 13.6308, Rmse_valid: 16.0709, valid_score: 34761.8, , rmse_test: 13.7320, score_test: 1055.3, Learning rate:0.00002000
Epoch: 25, Loss: 13.6214, Rmse_valid: 16.0647, valid_score: 34053.9, , rmse_test: 13.7150, score_test: 1029.1, Learning rate:0.00002000
Epoch: 26, Loss: 13.6169, Rmse_valid: 16.1157, valid_score: 34807.9, , rmse_test: 13.7504, score_test: 1056.4, Learning rate:0.00002000
Epoch: 27, Loss: 13.6096, Rmse_valid: 15.8637, valid_score: 33451.1, , rmse_test: 13.6745, score_test: 1028.9, Learning rate:0.00002000
Epoch: 28, Loss: 13.6049, Rmse_valid: 15.9970, valid_score: 34764.3, , rmse_test: 13.6775, score_test: 1054.1, Learning rate:0.00002000
Epoch: 29, Loss: 13.5942, Rmse_valid: 16.1573, valid_score: 34196.9, , rmse_test: 13.7992, score_test: 1052.5, Learning rate:0.00002000
Epoch: 30, Loss: 13.5924, Rmse_valid: 16.0712, valid_score: 34353.4, , rmse_test: 13.7089, score_test: 1038.3, Learning rate:0.00002000
[Train Summary] Restored best model from epoch 27, rmse_valid: 15.8637, valid_score: 33451.1, rmse_test: 13.6745, score_test: 1028.9
[Train Time] start: 2026-04-25 13:35:41, end: 2026-04-25 13:39:05, duration: 0:03:24, total_seconds: 204.07
[Auto Test] command: /usr/bin/python /CMAPSS-release/scipt/test_model.py --sub-dataset FD002 --smooth-rate 40 --sequence-len 30 --feature-num 14 --dataset-root /CMAPSS-release/CMAPSSData/ --max-rul 125 --batch-size 128 --model-path /CMAPSS-release/logs/FD002_A_AEF_0FF/seed62/model_FD002_0425_133541_seed62.pkl
model_path:/CMAPSS-release/logs/FD002_A_AEF_0FF/seed62/model_FD002_0425_133541_seed62.pkl
rmse_final:13.638181686401367, score:988.3612670898438
