-----FD002-----
关键参数:
序列长度: 30
批大小(batch_size): 128
最大训练轮数(max_epochs): 30
随机数种子: 33
模型代号(model_code): FD002_E
模型结构(model_structure): original
消融预设(ablation_preset): E - Only original GAT-LSTM
学习率: 0.002
学习率调度器: step
Step步长(step_size): 10
Step衰减系数(gamma): 0.1
空间GAT: 由模型内部默认启用
图构建模式(graph_mode): path
GAT层数(num_layers): 2
GAT邻居数(topk): 7
GAT嵌入维度: 8
GAT隐藏层维度: 8
------------------------------
Epoch: 1, Loss: 41.9143, Rmse_valid: 40.6401, valid_score: 501636.9, , rmse_test: 41.2140, score_test: 37737.4, Learning rate:0.00200000
Epoch: 2, Loss: 40.0344, Rmse_valid: 39.7851, valid_score: 737255.9, , rmse_test: 40.2225, score_test: 54258.1, Learning rate:0.00200000
Epoch: 3, Loss: 39.5544, Rmse_valid: 40.8484, valid_score: 1379370.8, , rmse_test: 41.9188, score_test: 96084.6, Learning rate:0.00200000
Epoch: 4, Loss: 39.3565, Rmse_valid: 40.0315, valid_score: 372618.6, , rmse_test: 38.7000, score_test: 21929.2, Learning rate:0.00200000
Epoch: 5, Loss: 39.2476, Rmse_valid: 39.4570, valid_score: 571780.6, , rmse_test: 38.5489, score_test: 36123.4, Learning rate:0.00200000
Epoch: 6, Loss: 39.0475, Rmse_valid: 39.3086, valid_score: 635462.1, , rmse_test: 39.1890, score_test: 40989.3, Learning rate:0.00200000
Epoch: 7, Loss: 38.8986, Rmse_valid: 39.1637, valid_score: 407011.1, , rmse_test: 38.0546, score_test: 25709.0, Learning rate:0.00200000
Epoch: 8, Loss: 38.5795, Rmse_valid: 39.1188, valid_score: 451847.5, , rmse_test: 37.6211, score_test: 25455.6, Learning rate:0.00200000
Epoch: 9, Loss: 38.1892, Rmse_valid: 39.0583, valid_score: 615985.1, , rmse_test: 37.0021, score_test: 32587.2, Learning rate:0.00200000
Epoch: 10, Loss: 37.7145, Rmse_valid: 38.7148, valid_score: 797570.0, , rmse_test: 37.4011, score_test: 49350.6, Learning rate:0.00200000
Epoch: 11, Loss: 36.5428, Rmse_valid: 39.1414, valid_score: 637380.8, , rmse_test: 36.1225, score_test: 38949.1, Learning rate:0.00020000
Epoch: 12, Loss: 36.3683, Rmse_valid: 39.0637, valid_score: 734427.6, , rmse_test: 36.4401, score_test: 45472.9, Learning rate:0.00020000
Epoch: 13, Loss: 36.2263, Rmse_valid: 39.0015, valid_score: 674455.3, , rmse_test: 35.9992, score_test: 42090.1, Learning rate:0.00020000
Epoch: 14, Loss: 36.1164, Rmse_valid: 39.1614, valid_score: 633264.3, , rmse_test: 35.6438, score_test: 37610.9, Learning rate:0.00020000
Epoch: 15, Loss: 36.0220, Rmse_valid: 38.8924, valid_score: 744847.7, , rmse_test: 36.3895, score_test: 47827.4, Learning rate:0.00020000
Epoch: 16, Loss: 35.9388, Rmse_valid: 38.7338, valid_score: 678870.3, , rmse_test: 35.9389, score_test: 42515.3, Learning rate:0.00020000
Epoch: 17, Loss: 35.8696, Rmse_valid: 38.9956, valid_score: 647879.2, , rmse_test: 35.4629, score_test: 35918.8, Learning rate:0.00020000
Epoch: 18, Loss: 35.8102, Rmse_valid: 38.6626, valid_score: 614664.3, , rmse_test: 35.6646, score_test: 36798.0, Learning rate:0.00020000
Epoch: 19, Loss: 35.7268, Rmse_valid: 38.7074, valid_score: 704758.8, , rmse_test: 35.5415, score_test: 40366.6, Learning rate:0.00020000
Epoch: 20, Loss: 35.6639, Rmse_valid: 38.6728, valid_score: 591803.2, , rmse_test: 35.3014, score_test: 35886.4, Learning rate:0.00020000
Epoch: 21, Loss: 35.5559, Rmse_valid: 38.6923, valid_score: 706438.7, , rmse_test: 35.3498, score_test: 39426.1, Learning rate:0.00002000
Epoch: 22, Loss: 35.5430, Rmse_valid: 38.8237, valid_score: 724846.9, , rmse_test: 35.4602, score_test: 41117.3, Learning rate:0.00002000
Epoch: 23, Loss: 35.5377, Rmse_valid: 38.7869, valid_score: 725326.1, , rmse_test: 35.3849, score_test: 40915.9, Learning rate:0.00002000
Epoch: 24, Loss: 35.5338, Rmse_valid: 38.7857, valid_score: 735034.6, , rmse_test: 35.5542, score_test: 42797.2, Learning rate:0.00002000
Epoch: 25, Loss: 35.5258, Rmse_valid: 38.8057, valid_score: 742141.5, , rmse_test: 35.5404, score_test: 42846.8, Learning rate:0.00002000
Epoch: 26, Loss: 35.5210, Rmse_valid: 38.5542, valid_score: 723554.6, , rmse_test: 35.2887, score_test: 39825.8, Learning rate:0.00002000
Epoch: 27, Loss: 35.5141, Rmse_valid: 38.7273, valid_score: 715644.0, , rmse_test: 35.3665, score_test: 40887.1, Learning rate:0.00002000
Epoch: 28, Loss: 35.5084, Rmse_valid: 38.7686, valid_score: 728741.9, , rmse_test: 35.2665, score_test: 39335.5, Learning rate:0.00002000
Epoch: 29, Loss: 35.5034, Rmse_valid: 38.7125, valid_score: 757213.2, , rmse_test: 35.3948, score_test: 41553.7, Learning rate:0.00002000
Epoch: 30, Loss: 35.4964, Rmse_valid: 38.7862, valid_score: 733391.4, , rmse_test: 35.2799, score_test: 39694.1, Learning rate:0.00002000
[Train Summary] Restored best model from epoch 26, rmse_valid: 38.5542, valid_score: 723554.6, rmse_test: 35.2887, score_test: 39825.8
[Train Time] start: 2026-04-20 07:13:29, end: 2026-04-20 07:16:57, duration: 0:03:28, total_seconds: 208.10
[Auto Test] command: /usr/bin/python /CMAPSS-release/scipt/test_model.py --sub-dataset FD002 --smooth-rate 40 --sequence-len 30 --feature-num 14 --dataset-root /CMAPSS-release/CMAPSSData/ --max-rul 125 --batch-size 128 --model-path /CMAPSS-release/logs/FD002_FD002_E/seed33/model_FD002_0420_071329_seed33.pkl
model_path:/CMAPSS-release/logs/FD002_FD002_E/seed33/model_FD002_0420_071329_seed33.pkl
rmse_final:35.2243766784668, score:37912.17578125
