-----FD001-----
关键参数:
序列长度: 30
批大小(batch_size): 128
最大训练轮数(max_epochs): 30
随机数种子: 88
模型代号(model_code): FD001_E
模型结构(model_structure): original
消融预设(ablation_preset): E - Only original GAT-LSTM
学习率: 0.002
学习率调度器: step
Step步长(step_size): 10
Step衰减系数(gamma): 0.1
空间GAT: 由模型内部默认启用
图构建模式(graph_mode): path
GAT层数(num_layers): 2
GAT邻居数(topk): 7
GAT嵌入维度: 8
GAT隐藏层维度: 8
------------------------------
Epoch: 1, Loss: 36.7860, Rmse_valid: 22.2412, valid_score: 22180.9, , rmse_test: 21.3850, score_test: 874.7, Learning rate:0.00200000
Epoch: 2, Loss: 21.9500, Rmse_valid: 17.9534, valid_score: 11974.9, , rmse_test: 20.4514, score_test: 1039.7, Learning rate:0.00200000
Epoch: 3, Loss: 19.9412, Rmse_valid: 17.7831, valid_score: 12161.7, , rmse_test: 19.9757, score_test: 1037.9, Learning rate:0.00200000
Epoch: 4, Loss: 18.6737, Rmse_valid: 17.7202, valid_score: 10622.8, , rmse_test: 19.1253, score_test: 724.2, Learning rate:0.00200000
Epoch: 5, Loss: 18.3846, Rmse_valid: 20.3998, valid_score: 30328.7, , rmse_test: 22.0571, score_test: 1975.5, Learning rate:0.00200000
Epoch: 6, Loss: 18.0534, Rmse_valid: 17.6017, valid_score: 15920.6, , rmse_test: 19.3624, score_test: 1218.9, Learning rate:0.00200000
Epoch: 7, Loss: 17.4471, Rmse_valid: 16.2057, valid_score: 11497.5, , rmse_test: 17.7710, score_test: 828.3, Learning rate:0.00200000
Epoch: 8, Loss: 17.2628, Rmse_valid: 16.8041, valid_score: 9496.2, , rmse_test: 18.1450, score_test: 724.1, Learning rate:0.00200000
Epoch: 9, Loss: 17.1787, Rmse_valid: 15.6380, valid_score: 9356.8, , rmse_test: 17.1188, score_test: 699.6, Learning rate:0.00200000
Epoch: 10, Loss: 16.8008, Rmse_valid: 16.8843, valid_score: 10489.0, , rmse_test: 18.4090, score_test: 768.0, Learning rate:0.00200000
Epoch: 11, Loss: 15.9769, Rmse_valid: 15.5062, valid_score: 10242.6, , rmse_test: 16.7554, score_test: 715.1, Learning rate:0.00020000
Epoch: 12, Loss: 15.8315, Rmse_valid: 16.1425, valid_score: 10873.3, , rmse_test: 16.8428, score_test: 763.0, Learning rate:0.00020000
Epoch: 13, Loss: 15.7901, Rmse_valid: 15.9045, valid_score: 10597.6, , rmse_test: 16.9822, score_test: 787.9, Learning rate:0.00020000
Epoch: 14, Loss: 15.7651, Rmse_valid: 15.6342, valid_score: 10594.7, , rmse_test: 16.7605, score_test: 746.7, Learning rate:0.00020000
Epoch: 15, Loss: 15.7053, Rmse_valid: 15.8517, valid_score: 10410.9, , rmse_test: 16.6655, score_test: 727.1, Learning rate:0.00020000
Epoch: 16, Loss: 15.6789, Rmse_valid: 16.0841, valid_score: 11272.6, , rmse_test: 16.8174, score_test: 787.4, Learning rate:0.00020000
Epoch: 17, Loss: 15.6591, Rmse_valid: 15.4163, valid_score: 10013.8, , rmse_test: 16.4014, score_test: 675.1, Learning rate:0.00020000
Epoch: 18, Loss: 15.6041, Rmse_valid: 15.4902, valid_score: 10080.4, , rmse_test: 16.6478, score_test: 736.5, Learning rate:0.00020000
Epoch: 19, Loss: 15.5879, Rmse_valid: 15.4900, valid_score: 10867.6, , rmse_test: 16.7529, score_test: 784.2, Learning rate:0.00020000
Epoch: 20, Loss: 15.5543, Rmse_valid: 15.5895, valid_score: 10565.5, , rmse_test: 16.6080, score_test: 756.4, Learning rate:0.00020000
Epoch: 21, Loss: 15.4985, Rmse_valid: 15.3197, valid_score: 10195.7, , rmse_test: 16.5207, score_test: 731.7, Learning rate:0.00002000
Epoch: 22, Loss: 15.4968, Rmse_valid: 15.7083, valid_score: 9735.3, , rmse_test: 16.4085, score_test: 696.5, Learning rate:0.00002000
Epoch: 23, Loss: 15.5142, Rmse_valid: 15.9212, valid_score: 9903.7, , rmse_test: 16.4485, score_test: 712.1, Learning rate:0.00002000
Epoch: 24, Loss: 15.4980, Rmse_valid: 15.2234, valid_score: 10252.4, , rmse_test: 16.5013, score_test: 732.7, Learning rate:0.00002000
Epoch: 25, Loss: 15.4994, Rmse_valid: 15.1261, valid_score: 10180.6, , rmse_test: 16.4933, score_test: 730.6, Learning rate:0.00002000
Epoch: 26, Loss: 15.4845, Rmse_valid: 15.9300, valid_score: 9960.0, , rmse_test: 16.4532, score_test: 717.1, Learning rate:0.00002000
Epoch: 27, Loss: 15.4870, Rmse_valid: 15.5617, valid_score: 9866.3, , rmse_test: 16.4071, score_test: 706.5, Learning rate:0.00002000
Epoch: 28, Loss: 15.4924, Rmse_valid: 15.5174, valid_score: 9774.5, , rmse_test: 16.3907, score_test: 700.9, Learning rate:0.00002000
Epoch: 29, Loss: 15.4814, Rmse_valid: 16.3671, valid_score: 10115.4, , rmse_test: 16.5004, score_test: 733.4, Learning rate:0.00002000
Epoch: 30, Loss: 15.4698, Rmse_valid: 16.0385, valid_score: 10245.0, , rmse_test: 16.5070, score_test: 739.6, Learning rate:0.00002000
[Train Summary] Restored best model from epoch 25, rmse_valid: 15.1261, valid_score: 10180.6, rmse_test: 16.4933, score_test: 730.6
[Train Time] start: 2026-04-20 02:11:55, end: 2026-04-20 02:12:55, duration: 0:01:00, total_seconds: 60.26
[Auto Test] command: /usr/bin/python /CMAPSS-release/scipt/test_model.py --sub-dataset FD001 --smooth-rate 40 --sequence-len 30 --feature-num 14 --dataset-root /CMAPSS-release/CMAPSSData/ --max-rul 125 --batch-size 128 --model-path /CMAPSS-release/logs/FD001_FD001_E/seed88/model_FD001_0420_021155_seed88.pkl
model_path:/CMAPSS-release/logs/FD001_FD001_E/seed88/model_FD001_0420_021155_seed88.pkl
rmse_final:16.36551284790039, score:696.84765625
