-----FD004-----
关键参数:
序列长度: 30
批大小(batch_size): 128
最大训练轮数(max_epochs): 30
随机数种子: 2
模型代号(model_code): FD004_C_BC_20260422_054641
模型结构(model_structure): encoderdecoder
消融预设(ablation_preset): C - KNN graph + GAT-LSTM with encoder only (no decoder, no AOF)
学习率: 0.002
学习率调度器: step
Step步长(step_size): 10
Step衰减系数(gamma): 0.1
空间GAT: 开启
是否使用解码器LSTM: 否
是否使用AOF: 否
图构建模式(graph_mode): dynamic_knn
GAT层数(num_layers): 2
GAT邻居数(topk): 7
GAT嵌入维度: 8
GAT隐藏层维度: 8
------------------------------
Epoch: 1, Loss: 26.1518, Rmse_valid: 21.9242, valid_score: 118918.9, , rmse_test: 26.4158, score_test: 19569.9, Learning rate:0.00200000
Epoch: 2, Loss: 23.1696, Rmse_valid: 21.1117, valid_score: 70178.5, , rmse_test: 24.8560, score_test: 9041.0, Learning rate:0.00200000
Epoch: 3, Loss: 22.2821, Rmse_valid: 20.7914, valid_score: 91932.3, , rmse_test: 22.8450, score_test: 6124.0, Learning rate:0.00200000
Epoch: 4, Loss: 21.2058, Rmse_valid: 20.0563, valid_score: 51520.4, , rmse_test: 23.3242, score_test: 4827.7, Learning rate:0.00200000
Epoch: 5, Loss: 20.5581, Rmse_valid: 19.1460, valid_score: 59224.9, , rmse_test: 21.5703, score_test: 4651.4, Learning rate:0.00200000
Epoch: 6, Loss: 20.0024, Rmse_valid: 18.6218, valid_score: 45596.9, , rmse_test: 20.5345, score_test: 4192.3, Learning rate:0.00200000
Epoch: 7, Loss: 19.6308, Rmse_valid: 18.5040, valid_score: 47310.6, , rmse_test: 19.8875, score_test: 3772.9, Learning rate:0.00200000
Epoch: 8, Loss: 19.2381, Rmse_valid: 18.9108, valid_score: 60706.2, , rmse_test: 19.6462, score_test: 4093.1, Learning rate:0.00200000
Epoch: 9, Loss: 18.5849, Rmse_valid: 21.9980, valid_score: 107517.6, , rmse_test: 21.9881, score_test: 6481.5, Learning rate:0.00200000
Epoch: 10, Loss: 18.0619, Rmse_valid: 19.0298, valid_score: 75756.5, , rmse_test: 20.0823, score_test: 5384.9, Learning rate:0.00200000
Epoch: 11, Loss: 16.3688, Rmse_valid: 17.6614, valid_score: 49854.5, , rmse_test: 18.1454, score_test: 3381.8, Learning rate:0.00020000
Epoch: 12, Loss: 16.1501, Rmse_valid: 17.7647, valid_score: 49363.8, , rmse_test: 17.8591, score_test: 2441.6, Learning rate:0.00020000
Epoch: 13, Loss: 16.0066, Rmse_valid: 18.0899, valid_score: 59568.4, , rmse_test: 18.1360, score_test: 3413.0, Learning rate:0.00020000
Epoch: 14, Loss: 15.8758, Rmse_valid: 17.8633, valid_score: 63197.0, , rmse_test: 17.9792, score_test: 3180.9, Learning rate:0.00020000
Epoch: 15, Loss: 15.7754, Rmse_valid: 18.2584, valid_score: 75764.6, , rmse_test: 18.1974, score_test: 3068.7, Learning rate:0.00020000
Epoch: 16, Loss: 15.6797, Rmse_valid: 17.5168, valid_score: 61793.1, , rmse_test: 17.9515, score_test: 2759.9, Learning rate:0.00020000
Epoch: 17, Loss: 15.5835, Rmse_valid: 17.4000, valid_score: 56899.6, , rmse_test: 17.8331, score_test: 2576.4, Learning rate:0.00020000
Epoch: 18, Loss: 15.4952, Rmse_valid: 17.7569, valid_score: 71587.0, , rmse_test: 17.9865, score_test: 3018.4, Learning rate:0.00020000
Epoch: 19, Loss: 15.4030, Rmse_valid: 17.6705, valid_score: 69502.5, , rmse_test: 17.5620, score_test: 2156.0, Learning rate:0.00020000
Epoch: 20, Loss: 15.3500, Rmse_valid: 17.8164, valid_score: 78201.9, , rmse_test: 17.8323, score_test: 2420.2, Learning rate:0.00020000
Epoch: 21, Loss: 15.1620, Rmse_valid: 17.6277, valid_score: 74121.1, , rmse_test: 17.7313, score_test: 2311.0, Learning rate:0.00002000
Epoch: 22, Loss: 15.1504, Rmse_valid: 17.7713, valid_score: 79997.9, , rmse_test: 17.7521, score_test: 2417.6, Learning rate:0.00002000
Epoch: 23, Loss: 15.1436, Rmse_valid: 17.7674, valid_score: 75407.7, , rmse_test: 17.6788, score_test: 2208.5, Learning rate:0.00002000
Epoch: 24, Loss: 15.1341, Rmse_valid: 17.7086, valid_score: 78209.1, , rmse_test: 17.6909, score_test: 2236.7, Learning rate:0.00002000
Epoch: 25, Loss: 15.1257, Rmse_valid: 18.0319, valid_score: 80101.4, , rmse_test: 17.7308, score_test: 2277.2, Learning rate:0.00002000
Epoch: 26, Loss: 15.1147, Rmse_valid: 17.6409, valid_score: 78205.9, , rmse_test: 17.7335, score_test: 2253.0, Learning rate:0.00002000
Epoch: 27, Loss: 15.1084, Rmse_valid: 17.7515, valid_score: 78771.6, , rmse_test: 17.7152, score_test: 2289.2, Learning rate:0.00002000
Epoch: 28, Loss: 15.1003, Rmse_valid: 17.7143, valid_score: 77771.3, , rmse_test: 17.7141, score_test: 2280.8, Learning rate:0.00002000
Epoch: 29, Loss: 15.0932, Rmse_valid: 17.7434, valid_score: 80850.4, , rmse_test: 17.6896, score_test: 2259.1, Learning rate:0.00002000
Epoch: 30, Loss: 15.0847, Rmse_valid: 17.6500, valid_score: 81960.6, , rmse_test: 17.6876, score_test: 2168.4, Learning rate:0.00002000
[Train Summary] Restored best model from epoch 17, rmse_valid: 17.4000, valid_score: 56899.6, rmse_test: 17.8331, score_test: 2576.4
[Train Time] start: 2026-04-22 12:14:58, end: 2026-04-22 12:19:10, duration: 0:04:12, total_seconds: 252.14
[Auto Test] command: /usr/bin/python /CMAPSS-release/scipt/test_model.py --sub-dataset FD004 --smooth-rate 40 --sequence-len 30 --feature-num 14 --dataset-root /CMAPSS-release/CMAPSSData/ --max-rul 125 --batch-size 128 --model-path /CMAPSS-release/logs/FD004_FD004_C_BC_20260422_054641/seed2/model_FD004_0422_121458_seed2.pkl
model_path:/CMAPSS-release/logs/FD004_FD004_C_BC_20260422_054641/seed2/model_FD004_0422_121458_seed2.pkl
rmse_final:17.81649398803711, score:2488.8134765625
