-----FD001-----
关键参数:
序列长度: 30
批大小(batch_size): 128
最大训练轮数(max_epochs): 30
随机数种子: 51
模型代号(model_code): FD001_B
模型结构(model_structure): encoderdecoder
消融预设(ablation_preset): B - Path graph + GAT + EncoderDecoder-LSTM without AOF
学习率: 0.002
学习率调度器: step
Step步长(step_size): 10
Step衰减系数(gamma): 0.1
空间GAT: 开启
是否使用解码器LSTM: 是
是否使用AOF: 否
Decoder注意力隐层维度: 28
图构建模式(graph_mode): path
GAT层数(num_layers): 2
GAT邻居数(topk): 7
GAT嵌入维度: 8
GAT隐藏层维度: 8
------------------------------
Epoch: 1, Loss: 24.3316, Rmse_valid: 19.1756, valid_score: 13681.5, , rmse_test: 23.3162, score_test: 8099.6, Learning rate:0.00200000
Epoch: 2, Loss: 18.7712, Rmse_valid: 18.9811, valid_score: 13910.0, , rmse_test: 18.3545, score_test: 586.6, Learning rate:0.00200000
Epoch: 3, Loss: 16.6052, Rmse_valid: 16.3715, valid_score: 11135.0, , rmse_test: 17.0740, score_test: 554.3, Learning rate:0.00200000
Epoch: 4, Loss: 14.9329, Rmse_valid: 13.0797, valid_score: 5527.7, , rmse_test: 14.4625, score_test: 336.5, Learning rate:0.00200000
Epoch: 5, Loss: 13.8403, Rmse_valid: 12.4508, valid_score: 6239.5, , rmse_test: 14.7105, score_test: 368.9, Learning rate:0.00200000
Epoch: 6, Loss: 12.8034, Rmse_valid: 12.5580, valid_score: 4101.7, , rmse_test: 14.1064, score_test: 265.3, Learning rate:0.00200000
Epoch: 7, Loss: 12.1997, Rmse_valid: 14.3816, valid_score: 9600.9, , rmse_test: 16.8143, score_test: 651.7, Learning rate:0.00200000
Epoch: 8, Loss: 11.5982, Rmse_valid: 12.0068, valid_score: 5593.8, , rmse_test: 15.3307, score_test: 581.6, Learning rate:0.00200000
Epoch: 9, Loss: 11.3967, Rmse_valid: 11.2121, valid_score: 3909.5, , rmse_test: 13.5755, score_test: 259.9, Learning rate:0.00200000
Epoch: 10, Loss: 11.0409, Rmse_valid: 14.8174, valid_score: 8753.6, , rmse_test: 16.7246, score_test: 570.8, Learning rate:0.00200000
Epoch: 11, Loss: 9.9996, Rmse_valid: 11.2701, valid_score: 4391.8, , rmse_test: 13.4424, score_test: 300.0, Learning rate:0.00020000
Epoch: 12, Loss: 9.7357, Rmse_valid: 11.3803, valid_score: 4800.1, , rmse_test: 13.7827, score_test: 337.3, Learning rate:0.00020000
Epoch: 13, Loss: 9.6453, Rmse_valid: 11.0442, valid_score: 4224.5, , rmse_test: 13.7285, score_test: 313.8, Learning rate:0.00020000
Epoch: 14, Loss: 9.5801, Rmse_valid: 11.1887, valid_score: 4322.1, , rmse_test: 13.9491, score_test: 329.8, Learning rate:0.00020000
Epoch: 15, Loss: 9.5099, Rmse_valid: 11.3350, valid_score: 4948.4, , rmse_test: 14.0960, score_test: 363.9, Learning rate:0.00020000
Epoch: 16, Loss: 9.4414, Rmse_valid: 11.1628, valid_score: 4674.0, , rmse_test: 13.9798, score_test: 343.2, Learning rate:0.00020000
Epoch: 17, Loss: 9.3848, Rmse_valid: 11.7159, valid_score: 4714.1, , rmse_test: 14.0232, score_test: 342.0, Learning rate:0.00020000
Epoch: 18, Loss: 9.3279, Rmse_valid: 11.5566, valid_score: 4548.7, , rmse_test: 14.1548, score_test: 342.5, Learning rate:0.00020000
Epoch: 19, Loss: 9.2740, Rmse_valid: 11.6781, valid_score: 4677.5, , rmse_test: 13.9736, score_test: 333.2, Learning rate:0.00020000
Epoch: 20, Loss: 9.2320, Rmse_valid: 11.2874, valid_score: 4440.4, , rmse_test: 14.1444, score_test: 333.3, Learning rate:0.00020000
Epoch: 21, Loss: 9.1257, Rmse_valid: 11.2645, valid_score: 4671.2, , rmse_test: 14.0588, score_test: 333.8, Learning rate:0.00002000
Epoch: 22, Loss: 9.1076, Rmse_valid: 11.4786, valid_score: 4710.6, , rmse_test: 14.0587, score_test: 335.8, Learning rate:0.00002000
Epoch: 23, Loss: 9.0967, Rmse_valid: 11.3572, valid_score: 4774.1, , rmse_test: 14.1308, score_test: 341.3, Learning rate:0.00002000
Epoch: 24, Loss: 9.0968, Rmse_valid: 11.8102, valid_score: 4718.6, , rmse_test: 14.1081, score_test: 338.3, Learning rate:0.00002000
Epoch: 25, Loss: 9.0919, Rmse_valid: 11.4024, valid_score: 4787.4, , rmse_test: 14.0828, score_test: 335.7, Learning rate:0.00002000
Epoch: 26, Loss: 9.0940, Rmse_valid: 11.7685, valid_score: 4650.7, , rmse_test: 14.1350, score_test: 335.8, Learning rate:0.00002000
Epoch: 27, Loss: 9.0798, Rmse_valid: 11.3923, valid_score: 4759.5, , rmse_test: 14.1604, score_test: 341.6, Learning rate:0.00002000
Epoch: 28, Loss: 9.0791, Rmse_valid: 11.2133, valid_score: 4939.3, , rmse_test: 14.1737, score_test: 347.7, Learning rate:0.00002000
Epoch: 29, Loss: 9.0675, Rmse_valid: 11.3943, valid_score: 4649.5, , rmse_test: 14.1165, score_test: 332.7, Learning rate:0.00002000
Epoch: 30, Loss: 9.0672, Rmse_valid: 11.5691, valid_score: 4760.9, , rmse_test: 14.1279, score_test: 336.6, Learning rate:0.00002000
[Train Summary] Restored best model from epoch 13, rmse_valid: 11.0442, valid_score: 4224.5, rmse_test: 13.7285, score_test: 313.8
[Train Time] start: 2026-04-20 00:54:09, end: 2026-04-20 00:56:23, duration: 0:02:14, total_seconds: 134.30
[Auto Test] command: /usr/bin/python /CMAPSS-release/scipt/test_model.py --sub-dataset FD001 --smooth-rate 40 --sequence-len 30 --feature-num 14 --dataset-root /CMAPSS-release/CMAPSSData/ --max-rul 125 --batch-size 128 --model-path /CMAPSS-release/logs/FD001_FD001_B/seed51/model_FD001_0420_005409_seed51.pkl
model_path:/CMAPSS-release/logs/FD001_FD001_B/seed51/model_FD001_0420_005409_seed51.pkl
rmse_final:13.660161018371582, score:304.407958984375
