-----FD003-----
关键参数:
序列长度: 30
批大小(batch_size): 128
最大训练轮数(max_epochs): 30
随机数种子: 97
模型代号(model_code): FD003_A
模型结构(model_structure): encoderdecoder
消融预设(ablation_preset): A - Path graph + GAT + EncoderDecoder-LSTM with AOF
学习率: 0.002
学习率调度器: step
Step步长(step_size): 10
Step衰减系数(gamma): 0.1
空间GAT: 开启
是否使用解码器LSTM: 是
是否使用AOF: 是
Decoder注意力隐层维度: 28
Decoder融合方式: concat
图构建模式(graph_mode): path
GAT层数(num_layers): 2
GAT邻居数(topk): 7
GAT嵌入维度: 8
GAT隐藏层维度: 8
------------------------------
Epoch: 1, Loss: 24.0547, Rmse_valid: 18.6278, valid_score: 25081.1, , rmse_test: 25.2208, score_test: 5034.4, Learning rate:0.00200000
Epoch: 2, Loss: 17.9455, Rmse_valid: 15.6331, valid_score: 12666.7, , rmse_test: 18.1006, score_test: 1258.0, Learning rate:0.00200000
Epoch: 3, Loss: 14.1735, Rmse_valid: 12.3951, valid_score: 10104.0, , rmse_test: 17.3520, score_test: 1465.4, Learning rate:0.00200000
Epoch: 4, Loss: 12.7892, Rmse_valid: 14.0778, valid_score: 8469.9, , rmse_test: 15.4886, score_test: 1260.2, Learning rate:0.00200000
Epoch: 5, Loss: 12.0289, Rmse_valid: 13.4281, valid_score: 8077.7, , rmse_test: 15.2761, score_test: 1064.4, Learning rate:0.00200000
Epoch: 6, Loss: 11.6101, Rmse_valid: 10.9602, valid_score: 8298.2, , rmse_test: 16.9092, score_test: 1551.5, Learning rate:0.00200000
Epoch: 7, Loss: 11.2273, Rmse_valid: 14.2425, valid_score: 7207.8, , rmse_test: 15.2810, score_test: 1151.9, Learning rate:0.00200000
Epoch: 8, Loss: 10.9028, Rmse_valid: 10.7352, valid_score: 7960.9, , rmse_test: 16.1141, score_test: 1620.6, Learning rate:0.00200000
Epoch: 9, Loss: 10.6316, Rmse_valid: 9.8382, valid_score: 5814.5, , rmse_test: 15.1616, score_test: 1293.9, Learning rate:0.00200000
Epoch: 10, Loss: 10.2040, Rmse_valid: 11.1654, valid_score: 5853.3, , rmse_test: 14.5556, score_test: 1089.3, Learning rate:0.00200000
Epoch: 11, Loss: 9.1197, Rmse_valid: 9.5990, valid_score: 5557.0, , rmse_test: 14.5367, score_test: 1212.4, Learning rate:0.00020000
Epoch: 12, Loss: 9.0029, Rmse_valid: 9.6241, valid_score: 5962.1, , rmse_test: 14.6498, score_test: 1199.0, Learning rate:0.00020000
Epoch: 13, Loss: 8.9146, Rmse_valid: 9.5084, valid_score: 5663.9, , rmse_test: 14.8085, score_test: 1128.7, Learning rate:0.00020000
Epoch: 14, Loss: 8.8410, Rmse_valid: 9.3843, valid_score: 5809.3, , rmse_test: 14.4946, score_test: 1120.0, Learning rate:0.00020000
Epoch: 15, Loss: 8.7858, Rmse_valid: 9.4456, valid_score: 5966.9, , rmse_test: 14.7332, score_test: 1165.1, Learning rate:0.00020000
Epoch: 16, Loss: 8.7220, Rmse_valid: 9.5044, valid_score: 5677.7, , rmse_test: 14.6102, score_test: 1150.1, Learning rate:0.00020000
Epoch: 17, Loss: 8.6629, Rmse_valid: 9.4611, valid_score: 5947.8, , rmse_test: 14.8586, score_test: 1202.1, Learning rate:0.00020000
Epoch: 18, Loss: 8.6158, Rmse_valid: 9.4007, valid_score: 6431.6, , rmse_test: 14.8113, score_test: 1183.0, Learning rate:0.00020000
Epoch: 19, Loss: 8.5785, Rmse_valid: 9.4136, valid_score: 5436.1, , rmse_test: 14.4700, score_test: 1148.5, Learning rate:0.00020000
Epoch: 20, Loss: 8.5230, Rmse_valid: 9.3564, valid_score: 5876.4, , rmse_test: 14.5194, score_test: 1009.4, Learning rate:0.00020000
Epoch: 21, Loss: 8.4283, Rmse_valid: 9.2292, valid_score: 5564.9, , rmse_test: 14.3414, score_test: 1025.7, Learning rate:0.00002000
Epoch: 22, Loss: 8.4127, Rmse_valid: 9.3426, valid_score: 5599.2, , rmse_test: 14.3483, score_test: 1040.9, Learning rate:0.00002000
Epoch: 23, Loss: 8.4059, Rmse_valid: 9.1721, valid_score: 5694.2, , rmse_test: 14.4120, score_test: 1035.2, Learning rate:0.00002000
Epoch: 24, Loss: 8.4009, Rmse_valid: 9.2096, valid_score: 5663.3, , rmse_test: 14.3596, score_test: 1038.6, Learning rate:0.00002000
Epoch: 25, Loss: 8.3950, Rmse_valid: 9.2120, valid_score: 5684.3, , rmse_test: 14.4224, score_test: 1057.3, Learning rate:0.00002000
Epoch: 26, Loss: 8.3911, Rmse_valid: 9.2755, valid_score: 5565.7, , rmse_test: 14.3148, score_test: 1021.9, Learning rate:0.00002000
Epoch: 27, Loss: 8.3867, Rmse_valid: 9.2200, valid_score: 5583.1, , rmse_test: 14.3740, score_test: 1025.9, Learning rate:0.00002000
Epoch: 28, Loss: 8.3791, Rmse_valid: 9.2416, valid_score: 5584.1, , rmse_test: 14.3689, score_test: 1007.6, Learning rate:0.00002000
Epoch: 29, Loss: 8.3756, Rmse_valid: 9.2817, valid_score: 5586.7, , rmse_test: 14.3684, score_test: 1022.0, Learning rate:0.00002000
Epoch: 30, Loss: 8.3686, Rmse_valid: 9.3240, valid_score: 5655.0, , rmse_test: 14.4082, score_test: 1056.1, Learning rate:0.00002000
[Train Summary] Restored best model from epoch 23, rmse_valid: 9.1721, valid_score: 5694.2, rmse_test: 14.4120, score_test: 1035.2
[Train Time] start: 2026-04-20 08:08:08, end: 2026-04-20 08:10:49, duration: 0:02:42, total_seconds: 161.68
[Auto Test] command: /usr/bin/python /CMAPSS-release/scipt/test_model.py --sub-dataset FD003 --smooth-rate 40 --sequence-len 30 --feature-num 14 --dataset-root /CMAPSS-release/CMAPSSData/ --max-rul 125 --batch-size 128 --model-path /CMAPSS-release/logs/FD003_FD003_A/seed97/model_FD003_0420_080808_seed97.pkl
model_path:/CMAPSS-release/logs/FD003_FD003_A/seed97/model_FD003_0420_080808_seed97.pkl
rmse_final:14.275854110717773, score:1003.3450927734375
