-----FD001-----
关键参数:
序列长度: 30
批大小(batch_size): 128
最大训练轮数(max_epochs): 30
随机数种子: 2
模型代号(model_code): FD001_C_BC_20260422_054641
模型结构(model_structure): encoderdecoder
消融预设(ablation_preset): C - KNN graph + GAT-LSTM with encoder only (no decoder, no AOF)
学习率: 0.002
学习率调度器: step
Step步长(step_size): 10
Step衰减系数(gamma): 0.1
空间GAT: 开启
是否使用解码器LSTM: 否
是否使用AOF: 否
图构建模式(graph_mode): dynamic_knn
GAT层数(num_layers): 2
GAT邻居数(topk): 7
GAT嵌入维度: 8
GAT隐藏层维度: 8
------------------------------
Epoch: 1, Loss: 24.8581, Rmse_valid: 20.0655, valid_score: 18487.5, , rmse_test: 26.1971, score_test: 27348.1, Learning rate:0.00200000
Epoch: 2, Loss: 19.9820, Rmse_valid: 16.6810, valid_score: 9875.0, , rmse_test: 22.7754, score_test: 12376.2, Learning rate:0.00200000
Epoch: 3, Loss: 17.5709, Rmse_valid: 18.0050, valid_score: 8863.8, , rmse_test: 16.8525, score_test: 470.6, Learning rate:0.00200000
Epoch: 4, Loss: 15.6207, Rmse_valid: 15.4662, valid_score: 9405.1, , rmse_test: 17.5345, score_test: 625.3, Learning rate:0.00200000
Epoch: 5, Loss: 14.3366, Rmse_valid: 13.9803, valid_score: 4547.4, , rmse_test: 15.1527, score_test: 340.6, Learning rate:0.00200000
Epoch: 6, Loss: 13.5439, Rmse_valid: 13.7701, valid_score: 5973.9, , rmse_test: 15.0427, score_test: 397.7, Learning rate:0.00200000
Epoch: 7, Loss: 13.1367, Rmse_valid: 17.8993, valid_score: 6924.6, , rmse_test: 18.1685, score_test: 423.7, Learning rate:0.00200000
Epoch: 8, Loss: 12.6659, Rmse_valid: 12.2140, valid_score: 5191.6, , rmse_test: 15.0511, score_test: 486.8, Learning rate:0.00200000
Epoch: 9, Loss: 12.4283, Rmse_valid: 12.2827, valid_score: 3994.3, , rmse_test: 14.4635, score_test: 321.1, Learning rate:0.00200000
Epoch: 10, Loss: 12.0253, Rmse_valid: 17.0240, valid_score: 6584.9, , rmse_test: 18.0574, score_test: 441.0, Learning rate:0.00200000
Epoch: 11, Loss: 10.8023, Rmse_valid: 12.0715, valid_score: 5996.5, , rmse_test: 14.6117, score_test: 399.5, Learning rate:0.00020000
Epoch: 12, Loss: 10.4685, Rmse_valid: 11.9631, valid_score: 5669.1, , rmse_test: 14.5538, score_test: 399.7, Learning rate:0.00020000
Epoch: 13, Loss: 10.4040, Rmse_valid: 12.4347, valid_score: 8656.6, , rmse_test: 15.3468, score_test: 508.3, Learning rate:0.00020000
Epoch: 14, Loss: 10.3192, Rmse_valid: 12.3400, valid_score: 7433.5, , rmse_test: 14.8023, score_test: 435.1, Learning rate:0.00020000
Epoch: 15, Loss: 10.2462, Rmse_valid: 12.9334, valid_score: 9681.8, , rmse_test: 15.3665, score_test: 497.7, Learning rate:0.00020000
Epoch: 16, Loss: 10.1966, Rmse_valid: 12.5780, valid_score: 8885.9, , rmse_test: 14.8603, score_test: 430.3, Learning rate:0.00020000
Epoch: 17, Loss: 10.1368, Rmse_valid: 13.3059, valid_score: 8769.0, , rmse_test: 14.7235, score_test: 384.8, Learning rate:0.00020000
Epoch: 18, Loss: 10.1091, Rmse_valid: 12.2819, valid_score: 7224.4, , rmse_test: 14.6868, score_test: 403.7, Learning rate:0.00020000
Epoch: 19, Loss: 10.0647, Rmse_valid: 12.5377, valid_score: 6680.0, , rmse_test: 14.6428, score_test: 368.9, Learning rate:0.00020000
Epoch: 20, Loss: 9.9949, Rmse_valid: 12.3867, valid_score: 8411.2, , rmse_test: 15.0070, score_test: 487.0, Learning rate:0.00020000
Epoch: 21, Loss: 9.9166, Rmse_valid: 12.6598, valid_score: 7595.9, , rmse_test: 14.6900, score_test: 423.1, Learning rate:0.00002000
Epoch: 22, Loss: 9.8970, Rmse_valid: 12.6995, valid_score: 7944.5, , rmse_test: 14.7318, score_test: 433.9, Learning rate:0.00002000
Epoch: 23, Loss: 9.8861, Rmse_valid: 12.5547, valid_score: 8231.4, , rmse_test: 14.7658, score_test: 440.1, Learning rate:0.00002000
Epoch: 24, Loss: 9.8848, Rmse_valid: 12.4578, valid_score: 7882.7, , rmse_test: 14.7272, score_test: 435.2, Learning rate:0.00002000
Epoch: 25, Loss: 9.8813, Rmse_valid: 12.5170, valid_score: 7470.2, , rmse_test: 14.6034, score_test: 406.1, Learning rate:0.00002000
Epoch: 26, Loss: 9.8675, Rmse_valid: 12.5143, valid_score: 7396.4, , rmse_test: 14.6080, score_test: 409.5, Learning rate:0.00002000
Epoch: 27, Loss: 9.8647, Rmse_valid: 12.9139, valid_score: 7711.1, , rmse_test: 14.6612, score_test: 421.5, Learning rate:0.00002000
Epoch: 28, Loss: 9.8750, Rmse_valid: 12.4152, valid_score: 7684.4, , rmse_test: 14.6449, score_test: 418.2, Learning rate:0.00002000
Epoch: 29, Loss: 9.8648, Rmse_valid: 12.7177, valid_score: 7552.1, , rmse_test: 14.5993, score_test: 407.7, Learning rate:0.00002000
Epoch: 30, Loss: 9.8624, Rmse_valid: 12.3190, valid_score: 7948.2, , rmse_test: 14.6856, score_test: 423.3, Learning rate:0.00002000
[Train Summary] Restored best model from epoch 12, rmse_valid: 11.9631, valid_score: 5669.1, rmse_test: 14.5538, score_test: 399.7
[Train Time] start: 2026-04-22 06:08:50, end: 2026-04-22 06:09:59, duration: 0:01:08, total_seconds: 68.14
[Auto Test] command: /usr/bin/python /CMAPSS-release/scipt/test_model.py --sub-dataset FD001 --smooth-rate 40 --sequence-len 30 --feature-num 14 --dataset-root /CMAPSS-release/CMAPSSData/ --max-rul 125 --batch-size 128 --model-path /CMAPSS-release/logs/FD001_FD001_C_BC_20260422_054641/seed2/model_FD001_0422_060850_seed2.pkl
model_path:/CMAPSS-release/logs/FD001_FD001_C_BC_20260422_054641/seed2/model_FD001_0422_060850_seed2.pkl
rmse_final:14.503792762756348, score:388.66009521484375
