-----FD001-----
关键参数:
序列长度: 30
批大小(batch_size): 128
最大训练轮数(max_epochs): 30
随机数种子: 62
模型代号(model_code): FD001_C_BC_20260422_054641
模型结构(model_structure): encoderdecoder
消融预设(ablation_preset): C - KNN graph + GAT-LSTM with encoder only (no decoder, no AOF)
学习率: 0.002
学习率调度器: step
Step步长(step_size): 10
Step衰减系数(gamma): 0.1
空间GAT: 开启
是否使用解码器LSTM: 否
是否使用AOF: 否
图构建模式(graph_mode): dynamic_knn
GAT层数(num_layers): 2
GAT邻居数(topk): 7
GAT嵌入维度: 8
GAT隐藏层维度: 8
------------------------------
Epoch: 1, Loss: 28.5220, Rmse_valid: 19.8926, valid_score: 12889.1, , rmse_test: 23.0120, score_test: 9864.9, Learning rate:0.00200000
Epoch: 2, Loss: 20.7837, Rmse_valid: 19.5772, valid_score: 10911.8, , rmse_test: 21.8083, score_test: 9831.4, Learning rate:0.00200000
Epoch: 3, Loss: 18.3348, Rmse_valid: 16.6622, valid_score: 10418.4, , rmse_test: 18.2519, score_test: 659.3, Learning rate:0.00200000
Epoch: 4, Loss: 15.6873, Rmse_valid: 14.3896, valid_score: 5720.5, , rmse_test: 15.0254, score_test: 350.9, Learning rate:0.00200000
Epoch: 5, Loss: 14.0835, Rmse_valid: 12.4486, valid_score: 5171.6, , rmse_test: 15.3704, score_test: 471.2, Learning rate:0.00200000
Epoch: 6, Loss: 13.3679, Rmse_valid: 15.6224, valid_score: 13160.4, , rmse_test: 19.8784, score_test: 1320.8, Learning rate:0.00200000
Epoch: 7, Loss: 13.0061, Rmse_valid: 17.2364, valid_score: 6322.2, , rmse_test: 17.2234, score_test: 355.8, Learning rate:0.00200000
Epoch: 8, Loss: 12.6144, Rmse_valid: 12.0136, valid_score: 4330.4, , rmse_test: 13.7825, score_test: 274.5, Learning rate:0.00200000
Epoch: 9, Loss: 12.0818, Rmse_valid: 12.4820, valid_score: 4930.9, , rmse_test: 13.8162, score_test: 306.8, Learning rate:0.00200000
Epoch: 10, Loss: 11.9440, Rmse_valid: 12.1841, valid_score: 5132.8, , rmse_test: 14.2888, score_test: 317.6, Learning rate:0.00200000
Epoch: 11, Loss: 10.2641, Rmse_valid: 12.0060, valid_score: 6078.8, , rmse_test: 14.7827, score_test: 387.8, Learning rate:0.00020000
Epoch: 12, Loss: 10.1197, Rmse_valid: 11.9195, valid_score: 6566.4, , rmse_test: 14.6737, score_test: 376.5, Learning rate:0.00020000
Epoch: 13, Loss: 10.0503, Rmse_valid: 12.5283, valid_score: 5613.1, , rmse_test: 14.4126, score_test: 312.8, Learning rate:0.00020000
Epoch: 14, Loss: 10.0019, Rmse_valid: 11.6165, valid_score: 7014.2, , rmse_test: 14.9555, score_test: 383.2, Learning rate:0.00020000
Epoch: 15, Loss: 9.9098, Rmse_valid: 11.4312, valid_score: 7064.3, , rmse_test: 14.8650, score_test: 391.5, Learning rate:0.00020000
Epoch: 16, Loss: 9.8532, Rmse_valid: 11.7591, valid_score: 6435.2, , rmse_test: 14.8918, score_test: 366.5, Learning rate:0.00020000
Epoch: 17, Loss: 9.7949, Rmse_valid: 12.5672, valid_score: 7249.6, , rmse_test: 15.1967, score_test: 397.4, Learning rate:0.00020000
Epoch: 18, Loss: 9.7350, Rmse_valid: 12.5583, valid_score: 9095.5, , rmse_test: 15.1695, score_test: 431.2, Learning rate:0.00020000
Epoch: 19, Loss: 9.7134, Rmse_valid: 11.8656, valid_score: 6308.0, , rmse_test: 15.1158, score_test: 371.1, Learning rate:0.00020000
Epoch: 20, Loss: 9.6648, Rmse_valid: 12.2967, valid_score: 6104.7, , rmse_test: 15.1664, score_test: 361.1, Learning rate:0.00020000
Epoch: 21, Loss: 9.5575, Rmse_valid: 12.2625, valid_score: 7191.0, , rmse_test: 14.9914, score_test: 378.0, Learning rate:0.00002000
Epoch: 22, Loss: 9.5277, Rmse_valid: 11.7105, valid_score: 7195.8, , rmse_test: 14.8911, score_test: 363.4, Learning rate:0.00002000
Epoch: 23, Loss: 9.5163, Rmse_valid: 11.8691, valid_score: 7446.0, , rmse_test: 14.9649, score_test: 376.0, Learning rate:0.00002000
Epoch: 24, Loss: 9.5165, Rmse_valid: 12.0297, valid_score: 7379.6, , rmse_test: 14.9198, score_test: 372.8, Learning rate:0.00002000
Epoch: 25, Loss: 9.5193, Rmse_valid: 12.5484, valid_score: 7245.0, , rmse_test: 14.9013, score_test: 366.5, Learning rate:0.00002000
Epoch: 26, Loss: 9.4960, Rmse_valid: 12.1271, valid_score: 7549.4, , rmse_test: 14.9462, score_test: 376.4, Learning rate:0.00002000
Epoch: 27, Loss: 9.4989, Rmse_valid: 12.1618, valid_score: 7458.0, , rmse_test: 14.9592, score_test: 375.7, Learning rate:0.00002000
Epoch: 28, Loss: 9.4883, Rmse_valid: 12.6337, valid_score: 7508.2, , rmse_test: 14.9775, score_test: 381.2, Learning rate:0.00002000
Epoch: 29, Loss: 9.4863, Rmse_valid: 11.7934, valid_score: 7430.5, , rmse_test: 14.9779, score_test: 372.4, Learning rate:0.00002000
Epoch: 30, Loss: 9.4828, Rmse_valid: 12.3788, valid_score: 7479.6, , rmse_test: 14.9407, score_test: 369.1, Learning rate:0.00002000
[Train Summary] Restored best model from epoch 15, rmse_valid: 11.4312, valid_score: 7064.3, rmse_test: 14.8650, score_test: 391.5
[Train Time] start: 2026-04-22 06:18:57, end: 2026-04-22 06:20:29, duration: 0:01:32, total_seconds: 92.15
[Auto Test] command: /usr/bin/python /CMAPSS-release/scipt/test_model.py --sub-dataset FD001 --smooth-rate 40 --sequence-len 30 --feature-num 14 --dataset-root /CMAPSS-release/CMAPSSData/ --max-rul 125 --batch-size 128 --model-path /CMAPSS-release/logs/FD001_FD001_C_BC_20260422_054641/seed62/model_FD001_0422_061857_seed62.pkl
model_path:/CMAPSS-release/logs/FD001_FD001_C_BC_20260422_054641/seed62/model_FD001_0422_061857_seed62.pkl
rmse_final:14.759742736816406, score:375.7304382324219
