-----FD003-----
关键参数:
序列长度: 30
批大小(batch_size): 128
最大训练轮数(max_epochs): 30
随机数种子: 80
模型代号(model_code): FD003_E
模型结构(model_structure): original
消融预设(ablation_preset): E - Only original GAT-LSTM
学习率: 0.002
学习率调度器: step
Step步长(step_size): 10
Step衰减系数(gamma): 0.1
空间GAT: 由模型内部默认启用
图构建模式(graph_mode): path
GAT层数(num_layers): 2
GAT邻居数(topk): 7
GAT嵌入维度: 8
GAT隐藏层维度: 8
------------------------------
Epoch: 1, Loss: 30.8158, Rmse_valid: 14.9232, valid_score: 63483.2, , rmse_test: 20.7923, score_test: 5090.9, Learning rate:0.00200000
Epoch: 2, Loss: 17.7931, Rmse_valid: 14.3337, valid_score: 33201.8, , rmse_test: 18.5908, score_test: 3212.7, Learning rate:0.00200000
Epoch: 3, Loss: 16.7609, Rmse_valid: 20.9256, valid_score: 25388.2, , rmse_test: 19.8301, score_test: 4057.0, Learning rate:0.00200000
Epoch: 4, Loss: 16.1804, Rmse_valid: 13.3366, valid_score: 39350.2, , rmse_test: 20.2847, score_test: 5422.3, Learning rate:0.00200000
Epoch: 5, Loss: 15.7272, Rmse_valid: 13.6976, valid_score: 22395.7, , rmse_test: 17.0866, score_test: 2943.3, Learning rate:0.00200000
Epoch: 6, Loss: 15.1993, Rmse_valid: 14.5554, valid_score: 21478.8, , rmse_test: 16.3772, score_test: 1569.1, Learning rate:0.00200000
Epoch: 7, Loss: 14.8194, Rmse_valid: 16.4238, valid_score: 16216.2, , rmse_test: 15.7184, score_test: 746.7, Learning rate:0.00200000
Epoch: 8, Loss: 14.5446, Rmse_valid: 19.3638, valid_score: 23217.7, , rmse_test: 19.7101, score_test: 2909.8, Learning rate:0.00200000
Epoch: 9, Loss: 14.1020, Rmse_valid: 20.8558, valid_score: 24062.9, , rmse_test: 19.8313, score_test: 2037.4, Learning rate:0.00200000
Epoch: 10, Loss: 14.1844, Rmse_valid: 12.3204, valid_score: 30063.1, , rmse_test: 16.3778, score_test: 947.5, Learning rate:0.00200000
Epoch: 11, Loss: 12.7248, Rmse_valid: 12.6360, valid_score: 19603.2, , rmse_test: 14.9449, score_test: 644.0, Learning rate:0.00020000
Epoch: 12, Loss: 12.6740, Rmse_valid: 13.1524, valid_score: 18204.3, , rmse_test: 15.2501, score_test: 754.0, Learning rate:0.00020000
Epoch: 13, Loss: 12.6672, Rmse_valid: 12.7067, valid_score: 19783.6, , rmse_test: 15.6562, score_test: 839.5, Learning rate:0.00020000
Epoch: 14, Loss: 12.6283, Rmse_valid: 12.6190, valid_score: 19859.6, , rmse_test: 15.4301, score_test: 746.3, Learning rate:0.00020000
Epoch: 15, Loss: 12.5924, Rmse_valid: 12.7666, valid_score: 19080.2, , rmse_test: 15.3207, score_test: 737.1, Learning rate:0.00020000
Epoch: 16, Loss: 12.5959, Rmse_valid: 12.8433, valid_score: 18105.7, , rmse_test: 14.8371, score_test: 615.4, Learning rate:0.00020000
Epoch: 17, Loss: 12.5534, Rmse_valid: 12.6645, valid_score: 19365.9, , rmse_test: 15.0213, score_test: 631.5, Learning rate:0.00020000
Epoch: 18, Loss: 12.5434, Rmse_valid: 12.7611, valid_score: 18480.7, , rmse_test: 14.7862, score_test: 595.7, Learning rate:0.00020000
Epoch: 19, Loss: 12.5119, Rmse_valid: 12.6758, valid_score: 20014.3, , rmse_test: 15.0347, score_test: 623.5, Learning rate:0.00020000
Epoch: 20, Loss: 12.5036, Rmse_valid: 12.5642, valid_score: 20193.7, , rmse_test: 15.4449, score_test: 729.3, Learning rate:0.00020000
Epoch: 21, Loss: 12.4389, Rmse_valid: 12.7073, valid_score: 19282.3, , rmse_test: 14.9692, score_test: 622.0, Learning rate:0.00002000
Epoch: 22, Loss: 12.4335, Rmse_valid: 12.5900, valid_score: 18915.7, , rmse_test: 14.9649, score_test: 622.5, Learning rate:0.00002000
Epoch: 23, Loss: 12.4297, Rmse_valid: 12.6884, valid_score: 19472.1, , rmse_test: 15.0799, score_test: 644.1, Learning rate:0.00002000
Epoch: 24, Loss: 12.4281, Rmse_valid: 12.5520, valid_score: 19646.4, , rmse_test: 15.0962, score_test: 648.9, Learning rate:0.00002000
Epoch: 25, Loss: 12.4265, Rmse_valid: 12.7591, valid_score: 18537.2, , rmse_test: 14.8841, score_test: 604.4, Learning rate:0.00002000
Epoch: 26, Loss: 12.4246, Rmse_valid: 12.6676, valid_score: 18526.7, , rmse_test: 14.9673, score_test: 623.3, Learning rate:0.00002000
Epoch: 27, Loss: 12.4238, Rmse_valid: 12.6873, valid_score: 19033.0, , rmse_test: 15.0453, score_test: 637.6, Learning rate:0.00002000
Epoch: 28, Loss: 12.4211, Rmse_valid: 12.7641, valid_score: 18781.0, , rmse_test: 14.9848, score_test: 625.3, Learning rate:0.00002000
Epoch: 29, Loss: 12.4201, Rmse_valid: 12.7379, valid_score: 18741.9, , rmse_test: 14.9251, score_test: 610.8, Learning rate:0.00002000
Epoch: 30, Loss: 12.4154, Rmse_valid: 12.6785, valid_score: 18981.9, , rmse_test: 14.9178, score_test: 607.4, Learning rate:0.00002000
[Train Summary] Restored best model from epoch 10, rmse_valid: 12.3204, valid_score: 30063.1, rmse_test: 16.3778, score_test: 947.5
[Train Time] start: 2026-04-20 09:58:32, end: 2026-04-20 10:00:13, duration: 0:01:41, total_seconds: 101.19
[Auto Test] command: /usr/bin/python /CMAPSS-release/scipt/test_model.py --sub-dataset FD003 --smooth-rate 40 --sequence-len 30 --feature-num 14 --dataset-root /CMAPSS-release/CMAPSSData/ --max-rul 125 --batch-size 128 --model-path /CMAPSS-release/logs/FD003_FD003_E/seed80/model_FD003_0420_095832_seed80.pkl
model_path:/CMAPSS-release/logs/FD003_FD003_E/seed80/model_FD003_0420_095832_seed80.pkl
rmse_final:16.188575744628906, score:911.3177490234375
