-----FD001-----
关键参数:
序列长度: 30
批大小(batch_size): 128
最大训练轮数(max_epochs): 30
随机数种子: 17
模型代号(model_code): FD001_D
模型结构(model_structure): encoderdecoder
消融预设(ablation_preset): D - KNN graph + GAT + EncoderDecoder-LSTM with AOF
学习率: 0.002
学习率调度器: step
Step步长(step_size): 10
Step衰减系数(gamma): 0.1
空间GAT: 开启
是否使用解码器LSTM: 是
是否使用AOF: 是
Decoder注意力隐层维度: 28
Decoder融合方式: concat
图构建模式(graph_mode): dynamic_knn
GAT层数(num_layers): 2
GAT邻居数(topk): 7
GAT嵌入维度: 8
GAT隐藏层维度: 8
------------------------------
Epoch: 1, Loss: 27.0331, Rmse_valid: 16.3022, valid_score: 9128.8, , rmse_test: 17.7770, score_test: 549.9, Learning rate:0.00200000
Epoch: 2, Loss: 14.9460, Rmse_valid: 14.9021, valid_score: 9343.9, , rmse_test: 18.4873, score_test: 1035.4, Learning rate:0.00200000
Epoch: 3, Loss: 13.1929, Rmse_valid: 13.5789, valid_score: 5811.9, , rmse_test: 13.6494, score_test: 313.4, Learning rate:0.00200000
Epoch: 4, Loss: 12.3592, Rmse_valid: 12.3006, valid_score: 4182.7, , rmse_test: 12.8938, score_test: 222.8, Learning rate:0.00200000
Epoch: 5, Loss: 11.7288, Rmse_valid: 13.7216, valid_score: 4751.6, , rmse_test: 13.7129, score_test: 237.3, Learning rate:0.00200000
Epoch: 6, Loss: 11.4344, Rmse_valid: 13.1267, valid_score: 5966.3, , rmse_test: 15.0394, score_test: 394.6, Learning rate:0.00200000
Epoch: 7, Loss: 11.1623, Rmse_valid: 16.3082, valid_score: 6102.5, , rmse_test: 15.7796, score_test: 300.0, Learning rate:0.00200000
Epoch: 8, Loss: 10.8294, Rmse_valid: 14.5192, valid_score: 5107.0, , rmse_test: 15.0341, score_test: 307.7, Learning rate:0.00200000
Epoch: 9, Loss: 10.6244, Rmse_valid: 12.7016, valid_score: 6523.2, , rmse_test: 14.3286, score_test: 388.5, Learning rate:0.00200000
Epoch: 10, Loss: 10.5784, Rmse_valid: 13.3633, valid_score: 7537.7, , rmse_test: 14.8976, score_test: 444.8, Learning rate:0.00200000
Epoch: 11, Loss: 9.3707, Rmse_valid: 12.2400, valid_score: 5115.0, , rmse_test: 13.3900, score_test: 294.6, Learning rate:0.00020000
Epoch: 12, Loss: 9.2571, Rmse_valid: 11.6974, valid_score: 4980.1, , rmse_test: 13.4609, score_test: 283.8, Learning rate:0.00020000
Epoch: 13, Loss: 9.2020, Rmse_valid: 12.0739, valid_score: 5051.3, , rmse_test: 13.7830, score_test: 333.4, Learning rate:0.00020000
Epoch: 14, Loss: 9.1658, Rmse_valid: 12.1487, valid_score: 5436.8, , rmse_test: 13.6104, score_test: 315.0, Learning rate:0.00020000
Epoch: 15, Loss: 9.0910, Rmse_valid: 11.7655, valid_score: 5365.1, , rmse_test: 13.5633, score_test: 307.9, Learning rate:0.00020000
Epoch: 16, Loss: 9.0553, Rmse_valid: 12.1093, valid_score: 5345.4, , rmse_test: 13.5110, score_test: 300.7, Learning rate:0.00020000
Epoch: 17, Loss: 9.0154, Rmse_valid: 12.3289, valid_score: 5491.1, , rmse_test: 13.5533, score_test: 308.8, Learning rate:0.00020000
Epoch: 18, Loss: 8.9739, Rmse_valid: 12.2808, valid_score: 5805.6, , rmse_test: 13.6488, score_test: 311.2, Learning rate:0.00020000
Epoch: 19, Loss: 8.9444, Rmse_valid: 12.5877, valid_score: 5392.7, , rmse_test: 13.6887, score_test: 317.4, Learning rate:0.00020000
Epoch: 20, Loss: 8.9069, Rmse_valid: 11.7050, valid_score: 5318.9, , rmse_test: 13.9178, score_test: 337.8, Learning rate:0.00020000
Epoch: 21, Loss: 8.8445, Rmse_valid: 12.0104, valid_score: 5715.0, , rmse_test: 13.6699, score_test: 317.3, Learning rate:0.00002000
Epoch: 22, Loss: 8.8136, Rmse_valid: 12.1407, valid_score: 5630.1, , rmse_test: 13.6722, score_test: 314.3, Learning rate:0.00002000
Epoch: 23, Loss: 8.8200, Rmse_valid: 11.8133, valid_score: 5741.8, , rmse_test: 13.7091, score_test: 319.2, Learning rate:0.00002000
Epoch: 24, Loss: 8.8180, Rmse_valid: 12.0972, valid_score: 5748.1, , rmse_test: 13.6568, score_test: 315.2, Learning rate:0.00002000
Epoch: 25, Loss: 8.8095, Rmse_valid: 11.7334, valid_score: 5635.1, , rmse_test: 13.6792, score_test: 315.6, Learning rate:0.00002000
Epoch: 26, Loss: 8.7999, Rmse_valid: 12.1435, valid_score: 5558.0, , rmse_test: 13.6387, score_test: 308.7, Learning rate:0.00002000
Epoch: 27, Loss: 8.8006, Rmse_valid: 12.0016, valid_score: 5623.7, , rmse_test: 13.6818, score_test: 314.1, Learning rate:0.00002000
Epoch: 28, Loss: 8.7911, Rmse_valid: 11.9965, valid_score: 5590.6, , rmse_test: 13.6900, score_test: 315.7, Learning rate:0.00002000
Epoch: 29, Loss: 8.7989, Rmse_valid: 11.7399, valid_score: 5666.0, , rmse_test: 13.7015, score_test: 316.9, Learning rate:0.00002000
Epoch: 30, Loss: 8.7926, Rmse_valid: 12.1640, valid_score: 5620.1, , rmse_test: 13.6596, score_test: 311.3, Learning rate:0.00002000
[Train Summary] Restored best model from epoch 12, rmse_valid: 11.6974, valid_score: 4980.1, rmse_test: 13.4609, score_test: 283.8
[Train Time] start: 2026-04-20 01:32:49, end: 2026-04-20 01:35:14, duration: 0:02:25, total_seconds: 145.28
[Auto Test] command: /usr/bin/python /CMAPSS-release/scipt/test_model.py --sub-dataset FD001 --smooth-rate 40 --sequence-len 30 --feature-num 14 --dataset-root /CMAPSS-release/CMAPSSData/ --max-rul 125 --batch-size 128 --model-path /CMAPSS-release/logs/FD001_FD001_D/seed17/model_FD001_0420_013249_seed17.pkl
model_path:/CMAPSS-release/logs/FD001_FD001_D/seed17/model_FD001_0420_013249_seed17.pkl
rmse_final:13.379461288452148, score:276.7499694824219
