-----FD001-----
关键参数:
序列长度: 30
批大小(batch_size): 128
最大训练轮数(max_epochs): 30
随机数种子: 17
模型代号(model_code): FD001_B
模型结构(model_structure): encoderdecoder
消融预设(ablation_preset): B - Path graph + GAT + EncoderDecoder-LSTM without AOF
学习率: 0.002
学习率调度器: step
Step步长(step_size): 10
Step衰减系数(gamma): 0.1
空间GAT: 开启
是否使用解码器LSTM: 是
是否使用AOF: 否
Decoder注意力隐层维度: 28
图构建模式(graph_mode): path
GAT层数(num_layers): 2
GAT邻居数(topk): 7
GAT嵌入维度: 8
GAT隐藏层维度: 8
------------------------------
Epoch: 1, Loss: 23.1657, Rmse_valid: 22.1758, valid_score: 38724.5, , rmse_test: 27.9785, score_test: 42402.9, Learning rate:0.00200000
Epoch: 2, Loss: 20.6353, Rmse_valid: 18.1501, valid_score: 16688.2, , rmse_test: 22.1079, score_test: 6857.7, Learning rate:0.00200000
Epoch: 3, Loss: 16.2425, Rmse_valid: 13.1508, valid_score: 7046.4, , rmse_test: 17.3390, score_test: 550.7, Learning rate:0.00200000
Epoch: 4, Loss: 13.4876, Rmse_valid: 13.1508, valid_score: 5773.7, , rmse_test: 15.5868, score_test: 564.6, Learning rate:0.00200000
Epoch: 5, Loss: 12.2753, Rmse_valid: 13.2077, valid_score: 3718.8, , rmse_test: 15.3036, score_test: 307.7, Learning rate:0.00200000
Epoch: 6, Loss: 11.8120, Rmse_valid: 11.5232, valid_score: 5595.1, , rmse_test: 15.4979, score_test: 529.9, Learning rate:0.00200000
Epoch: 7, Loss: 11.4419, Rmse_valid: 10.8715, valid_score: 3545.9, , rmse_test: 14.4348, score_test: 325.5, Learning rate:0.00200000
Epoch: 8, Loss: 11.0528, Rmse_valid: 13.7981, valid_score: 5633.9, , rmse_test: 15.1221, score_test: 406.0, Learning rate:0.00200000
Epoch: 9, Loss: 10.7993, Rmse_valid: 12.4546, valid_score: 6536.2, , rmse_test: 15.1030, score_test: 471.4, Learning rate:0.00200000
Epoch: 10, Loss: 10.5853, Rmse_valid: 11.0270, valid_score: 4790.5, , rmse_test: 14.4163, score_test: 365.9, Learning rate:0.00200000
Epoch: 11, Loss: 9.5185, Rmse_valid: 11.6982, valid_score: 5645.0, , rmse_test: 14.3273, score_test: 361.2, Learning rate:0.00020000
Epoch: 12, Loss: 9.4269, Rmse_valid: 11.6067, valid_score: 5826.1, , rmse_test: 14.4808, score_test: 392.3, Learning rate:0.00020000
Epoch: 13, Loss: 9.3594, Rmse_valid: 11.3379, valid_score: 5638.6, , rmse_test: 14.3531, score_test: 359.1, Learning rate:0.00020000
Epoch: 14, Loss: 9.2933, Rmse_valid: 11.8242, valid_score: 5404.0, , rmse_test: 14.1008, score_test: 324.2, Learning rate:0.00020000
Epoch: 15, Loss: 9.2390, Rmse_valid: 11.7775, valid_score: 5027.4, , rmse_test: 14.1543, score_test: 322.5, Learning rate:0.00020000
Epoch: 16, Loss: 9.1878, Rmse_valid: 11.8516, valid_score: 5594.0, , rmse_test: 14.0568, score_test: 335.1, Learning rate:0.00020000
Epoch: 17, Loss: 9.1495, Rmse_valid: 11.5123, valid_score: 5569.4, , rmse_test: 14.1218, score_test: 326.6, Learning rate:0.00020000
Epoch: 18, Loss: 9.0849, Rmse_valid: 11.7881, valid_score: 6616.8, , rmse_test: 14.2876, score_test: 373.4, Learning rate:0.00020000
Epoch: 19, Loss: 9.0490, Rmse_valid: 11.6252, valid_score: 6061.4, , rmse_test: 14.2873, score_test: 352.6, Learning rate:0.00020000
Epoch: 20, Loss: 8.9937, Rmse_valid: 11.4489, valid_score: 5638.9, , rmse_test: 14.0294, score_test: 319.8, Learning rate:0.00020000
Epoch: 21, Loss: 8.9184, Rmse_valid: 11.8614, valid_score: 6002.6, , rmse_test: 14.1628, score_test: 336.9, Learning rate:0.00002000
Epoch: 22, Loss: 8.9084, Rmse_valid: 11.8348, valid_score: 6052.8, , rmse_test: 14.1687, score_test: 340.9, Learning rate:0.00002000
Epoch: 23, Loss: 8.9065, Rmse_valid: 11.4966, valid_score: 6008.9, , rmse_test: 14.1525, score_test: 336.6, Learning rate:0.00002000
Epoch: 24, Loss: 8.8917, Rmse_valid: 11.5083, valid_score: 6053.1, , rmse_test: 14.1386, score_test: 336.1, Learning rate:0.00002000
Epoch: 25, Loss: 8.8959, Rmse_valid: 12.1513, valid_score: 6050.2, , rmse_test: 14.1659, score_test: 338.3, Learning rate:0.00002000
Epoch: 26, Loss: 8.8877, Rmse_valid: 11.7038, valid_score: 6296.2, , rmse_test: 14.2195, score_test: 348.7, Learning rate:0.00002000
Epoch: 27, Loss: 8.8831, Rmse_valid: 12.5749, valid_score: 5976.9, , rmse_test: 14.1460, score_test: 333.7, Learning rate:0.00002000
Epoch: 28, Loss: 8.8876, Rmse_valid: 12.2097, valid_score: 6238.5, , rmse_test: 14.2173, score_test: 344.4, Learning rate:0.00002000
Epoch: 29, Loss: 8.8761, Rmse_valid: 12.1960, valid_score: 6071.1, , rmse_test: 14.1538, score_test: 336.0, Learning rate:0.00002000
Epoch: 30, Loss: 8.8685, Rmse_valid: 11.4127, valid_score: 6100.1, , rmse_test: 14.1573, score_test: 335.5, Learning rate:0.00002000
[Train Summary] Restored best model from epoch 7, rmse_valid: 10.8715, valid_score: 3545.9, rmse_test: 14.4348, score_test: 325.5
[Train Time] start: 2026-04-20 00:43:57, end: 2026-04-20 00:46:13, duration: 0:02:16, total_seconds: 136.28
[Auto Test] command: /usr/bin/python /CMAPSS-release/scipt/test_model.py --sub-dataset FD001 --smooth-rate 40 --sequence-len 30 --feature-num 14 --dataset-root /CMAPSS-release/CMAPSSData/ --max-rul 125 --batch-size 128 --model-path /CMAPSS-release/logs/FD001_FD001_B/seed17/model_FD001_0420_004357_seed17.pkl
model_path:/CMAPSS-release/logs/FD001_FD001_B/seed17/model_FD001_0420_004357_seed17.pkl
rmse_final:14.385756492614746, score:318.65338134765625
