-----FD004-----
关键参数:
序列长度: 30
批大小(batch_size): 128
最大训练轮数(max_epochs): 30
随机数种子: 62
模型代号(model_code): FD004_C_BC_20260422_054641
模型结构(model_structure): encoderdecoder
消融预设(ablation_preset): C - KNN graph + GAT-LSTM with encoder only (no decoder, no AOF)
学习率: 0.002
学习率调度器: step
Step步长(step_size): 10
Step衰减系数(gamma): 0.1
空间GAT: 开启
是否使用解码器LSTM: 否
是否使用AOF: 否
图构建模式(graph_mode): dynamic_knn
GAT层数(num_layers): 2
GAT邻居数(topk): 7
GAT嵌入维度: 8
GAT隐藏层维度: 8
------------------------------
Epoch: 1, Loss: 27.9513, Rmse_valid: 22.7894, valid_score: 130966.6, , rmse_test: 27.4316, score_test: 24767.3, Learning rate:0.00200000
Epoch: 2, Loss: 23.1123, Rmse_valid: 21.2399, valid_score: 68002.3, , rmse_test: 23.5523, score_test: 6654.2, Learning rate:0.00200000
Epoch: 3, Loss: 21.4673, Rmse_valid: 20.0988, valid_score: 76795.0, , rmse_test: 21.8789, score_test: 5593.9, Learning rate:0.00200000
Epoch: 4, Loss: 20.4936, Rmse_valid: 19.1189, valid_score: 48236.4, , rmse_test: 20.8789, score_test: 2710.0, Learning rate:0.00200000
Epoch: 5, Loss: 19.8128, Rmse_valid: 18.8532, valid_score: 52906.2, , rmse_test: 19.8079, score_test: 2245.5, Learning rate:0.00200000
Epoch: 6, Loss: 19.2724, Rmse_valid: 18.5682, valid_score: 56207.6, , rmse_test: 19.3672, score_test: 2107.8, Learning rate:0.00200000
Epoch: 7, Loss: 18.7727, Rmse_valid: 17.0101, valid_score: 34305.3, , rmse_test: 18.9979, score_test: 2851.5, Learning rate:0.00200000
Epoch: 8, Loss: 18.4296, Rmse_valid: 20.0372, valid_score: 69642.0, , rmse_test: 21.8892, score_test: 4629.8, Learning rate:0.00200000
Epoch: 9, Loss: 17.9566, Rmse_valid: 18.3314, valid_score: 65135.0, , rmse_test: 19.8447, score_test: 4518.2, Learning rate:0.00200000
Epoch: 10, Loss: 17.8135, Rmse_valid: 21.7202, valid_score: 214228.5, , rmse_test: 21.1711, score_test: 4290.6, Learning rate:0.00200000
Epoch: 11, Loss: 15.9224, Rmse_valid: 17.0536, valid_score: 55907.2, , rmse_test: 18.6017, score_test: 2560.7, Learning rate:0.00020000
Epoch: 12, Loss: 15.6743, Rmse_valid: 17.1710, valid_score: 61847.0, , rmse_test: 18.7149, score_test: 2439.1, Learning rate:0.00020000
Epoch: 13, Loss: 15.5629, Rmse_valid: 17.0263, valid_score: 56222.6, , rmse_test: 18.4950, score_test: 2399.6, Learning rate:0.00020000
Epoch: 14, Loss: 15.4660, Rmse_valid: 16.6809, valid_score: 56300.7, , rmse_test: 18.4519, score_test: 1979.3, Learning rate:0.00020000
Epoch: 15, Loss: 15.3969, Rmse_valid: 16.5090, valid_score: 60938.9, , rmse_test: 17.8287, score_test: 1921.5, Learning rate:0.00020000
Epoch: 16, Loss: 15.3467, Rmse_valid: 16.5761, valid_score: 65271.7, , rmse_test: 18.2722, score_test: 2188.0, Learning rate:0.00020000
Epoch: 17, Loss: 15.2774, Rmse_valid: 17.0990, valid_score: 69857.8, , rmse_test: 18.7830, score_test: 2221.0, Learning rate:0.00020000
Epoch: 18, Loss: 15.2202, Rmse_valid: 17.1425, valid_score: 82690.7, , rmse_test: 18.3229, score_test: 2464.1, Learning rate:0.00020000
Epoch: 19, Loss: 15.1671, Rmse_valid: 16.9203, valid_score: 80844.3, , rmse_test: 18.2968, score_test: 2285.8, Learning rate:0.00020000
Epoch: 20, Loss: 15.1024, Rmse_valid: 16.5365, valid_score: 73307.0, , rmse_test: 18.2501, score_test: 2054.9, Learning rate:0.00020000
Epoch: 21, Loss: 14.9502, Rmse_valid: 16.8572, valid_score: 80200.8, , rmse_test: 17.9857, score_test: 1914.9, Learning rate:0.00002000
Epoch: 22, Loss: 14.9327, Rmse_valid: 16.6427, valid_score: 78389.7, , rmse_test: 18.1443, score_test: 1971.1, Learning rate:0.00002000
Epoch: 23, Loss: 14.9294, Rmse_valid: 16.9859, valid_score: 87181.9, , rmse_test: 18.0320, score_test: 1999.4, Learning rate:0.00002000
Epoch: 24, Loss: 14.9217, Rmse_valid: 16.8516, valid_score: 87189.9, , rmse_test: 18.0773, score_test: 2021.7, Learning rate:0.00002000
Epoch: 25, Loss: 14.9149, Rmse_valid: 16.8816, valid_score: 86331.9, , rmse_test: 18.1698, score_test: 2055.4, Learning rate:0.00002000
Epoch: 26, Loss: 14.9143, Rmse_valid: 17.1053, valid_score: 87710.9, , rmse_test: 18.0577, score_test: 2010.0, Learning rate:0.00002000
Epoch: 27, Loss: 14.9052, Rmse_valid: 17.1756, valid_score: 88589.7, , rmse_test: 18.0573, score_test: 1966.6, Learning rate:0.00002000
Epoch: 28, Loss: 14.8997, Rmse_valid: 16.8360, valid_score: 85070.6, , rmse_test: 18.0528, score_test: 1940.3, Learning rate:0.00002000
Epoch: 29, Loss: 14.8934, Rmse_valid: 16.9319, valid_score: 87178.3, , rmse_test: 18.1059, score_test: 2002.8, Learning rate:0.00002000
Epoch: 30, Loss: 14.8845, Rmse_valid: 16.8120, valid_score: 86037.1, , rmse_test: 18.0984, score_test: 1949.8, Learning rate:0.00002000
[Train Summary] Restored best model from epoch 15, rmse_valid: 16.5090, valid_score: 60938.9, rmse_test: 17.8287, score_test: 1921.5
[Train Time] start: 2026-04-22 12:43:49, end: 2026-04-22 12:47:40, duration: 0:03:51, total_seconds: 231.00
[Auto Test] command: /usr/bin/python /CMAPSS-release/scipt/test_model.py --sub-dataset FD004 --smooth-rate 40 --sequence-len 30 --feature-num 14 --dataset-root /CMAPSS-release/CMAPSSData/ --max-rul 125 --batch-size 128 --model-path /CMAPSS-release/logs/FD004_FD004_C_BC_20260422_054641/seed62/model_FD004_0422_124349_seed62.pkl
model_path:/CMAPSS-release/logs/FD004_FD004_C_BC_20260422_054641/seed62/model_FD004_0422_124349_seed62.pkl
rmse_final:17.75380516052246, score:1863.3253173828125
