-----FD001-----
关键参数:
序列长度: 30
批大小(batch_size): 128
最大训练轮数(max_epochs): 30
随机数种子: 33
模型代号(model_code): FD001_E
模型结构(model_structure): original
消融预设(ablation_preset): E - Only original GAT-LSTM
学习率: 0.002
学习率调度器: step
Step步长(step_size): 10
Step衰减系数(gamma): 0.1
空间GAT: 由模型内部默认启用
图构建模式(graph_mode): path
GAT层数(num_layers): 2
GAT邻居数(topk): 7
GAT嵌入维度: 8
GAT隐藏层维度: 8
------------------------------
Epoch: 1, Loss: 42.5498, Rmse_valid: 39.6425, valid_score: 153156.7, , rmse_test: 39.1864, score_test: 15492.3, Learning rate:0.00200000
Epoch: 2, Loss: 33.1908, Rmse_valid: 25.5160, valid_score: 23836.2, , rmse_test: 27.6108, score_test: 2238.0, Learning rate:0.00200000
Epoch: 3, Loss: 20.9468, Rmse_valid: 19.5615, valid_score: 15210.2, , rmse_test: 19.0149, score_test: 713.2, Learning rate:0.00200000
Epoch: 4, Loss: 19.2326, Rmse_valid: 21.4796, valid_score: 42865.4, , rmse_test: 23.1085, score_test: 1662.7, Learning rate:0.00200000
Epoch: 5, Loss: 17.9720, Rmse_valid: 17.3262, valid_score: 13417.5, , rmse_test: 17.4517, score_test: 664.7, Learning rate:0.00200000
Epoch: 6, Loss: 17.4207, Rmse_valid: 17.0670, valid_score: 13468.1, , rmse_test: 16.5998, score_test: 607.8, Learning rate:0.00200000
Epoch: 7, Loss: 17.0154, Rmse_valid: 17.0426, valid_score: 21942.7, , rmse_test: 17.6876, score_test: 923.5, Learning rate:0.00200000
Epoch: 8, Loss: 16.5127, Rmse_valid: 17.7452, valid_score: 9370.5, , rmse_test: 16.7673, score_test: 443.0, Learning rate:0.00200000
Epoch: 9, Loss: 16.4097, Rmse_valid: 18.4106, valid_score: 14426.1, , rmse_test: 18.8064, score_test: 862.3, Learning rate:0.00200000
Epoch: 10, Loss: 16.2305, Rmse_valid: 19.1782, valid_score: 28442.4, , rmse_test: 20.0186, score_test: 1622.4, Learning rate:0.00200000
Epoch: 11, Loss: 15.3275, Rmse_valid: 16.0623, valid_score: 11919.6, , rmse_test: 15.9372, score_test: 629.4, Learning rate:0.00020000
Epoch: 12, Loss: 15.2614, Rmse_valid: 16.2759, valid_score: 11894.9, , rmse_test: 16.2300, score_test: 699.5, Learning rate:0.00020000
Epoch: 13, Loss: 15.2224, Rmse_valid: 16.2781, valid_score: 12999.6, , rmse_test: 16.3201, score_test: 741.5, Learning rate:0.00020000
Epoch: 14, Loss: 15.1981, Rmse_valid: 15.7762, valid_score: 9750.7, , rmse_test: 15.5966, score_test: 533.4, Learning rate:0.00020000
Epoch: 15, Loss: 15.1858, Rmse_valid: 16.4668, valid_score: 11650.3, , rmse_test: 16.2269, score_test: 721.1, Learning rate:0.00020000
Epoch: 16, Loss: 15.1575, Rmse_valid: 15.5876, valid_score: 10962.2, , rmse_test: 16.0438, score_test: 662.0, Learning rate:0.00020000
Epoch: 17, Loss: 15.1220, Rmse_valid: 15.5500, valid_score: 11346.6, , rmse_test: 15.8559, score_test: 662.0, Learning rate:0.00020000
Epoch: 18, Loss: 15.1020, Rmse_valid: 16.6329, valid_score: 11918.5, , rmse_test: 16.1737, score_test: 734.6, Learning rate:0.00020000
Epoch: 19, Loss: 15.0761, Rmse_valid: 15.9637, valid_score: 12367.0, , rmse_test: 16.3763, score_test: 788.7, Learning rate:0.00020000
Epoch: 20, Loss: 15.0792, Rmse_valid: 15.7008, valid_score: 11802.5, , rmse_test: 15.8842, score_test: 671.1, Learning rate:0.00020000
Epoch: 21, Loss: 15.0284, Rmse_valid: 15.7384, valid_score: 11307.0, , rmse_test: 15.8757, score_test: 677.4, Learning rate:0.00002000
Epoch: 22, Loss: 14.9967, Rmse_valid: 15.6468, valid_score: 11180.1, , rmse_test: 15.8984, score_test: 681.9, Learning rate:0.00002000
Epoch: 23, Loss: 15.0154, Rmse_valid: 15.6791, valid_score: 11275.5, , rmse_test: 15.9416, score_test: 692.6, Learning rate:0.00002000
Epoch: 24, Loss: 14.9922, Rmse_valid: 15.8602, valid_score: 11387.9, , rmse_test: 15.9765, score_test: 703.3, Learning rate:0.00002000
Epoch: 25, Loss: 15.0076, Rmse_valid: 15.9575, valid_score: 11022.6, , rmse_test: 15.8889, score_test: 679.4, Learning rate:0.00002000
Epoch: 26, Loss: 15.0056, Rmse_valid: 16.1572, valid_score: 11068.6, , rmse_test: 15.9083, score_test: 683.8, Learning rate:0.00002000
Epoch: 27, Loss: 14.9912, Rmse_valid: 16.2525, valid_score: 11354.5, , rmse_test: 15.9654, score_test: 704.7, Learning rate:0.00002000
Epoch: 28, Loss: 14.9934, Rmse_valid: 16.3703, valid_score: 11327.3, , rmse_test: 15.9643, score_test: 703.6, Learning rate:0.00002000
Epoch: 29, Loss: 14.9787, Rmse_valid: 16.3032, valid_score: 11235.8, , rmse_test: 15.9527, score_test: 698.8, Learning rate:0.00002000
Epoch: 30, Loss: 14.9965, Rmse_valid: 15.6663, valid_score: 10872.3, , rmse_test: 15.8528, score_test: 672.4, Learning rate:0.00002000
[Train Summary] Restored best model from epoch 17, rmse_valid: 15.5500, valid_score: 11346.6, rmse_test: 15.8559, score_test: 662.0
[Train Time] start: 2026-04-20 02:05:36, end: 2026-04-20 02:06:59, duration: 0:01:23, total_seconds: 82.97
[Auto Test] command: /usr/bin/python /CMAPSS-release/scipt/test_model.py --sub-dataset FD001 --smooth-rate 40 --sequence-len 30 --feature-num 14 --dataset-root /CMAPSS-release/CMAPSSData/ --max-rul 125 --batch-size 128 --model-path /CMAPSS-release/logs/FD001_FD001_E/seed33/model_FD001_0420_020536_seed33.pkl
model_path:/CMAPSS-release/logs/FD001_FD001_E/seed33/model_FD001_0420_020536_seed33.pkl
rmse_final:15.765785217285156, score:630.6116943359375
