-----FD001-----
关键参数:
序列长度: 30
批大小(batch_size): 128
最大训练轮数(max_epochs): 30
随机数种子: 80
模型代号(model_code): FD001_B_BC_20260422_054641
模型结构(model_structure): encoderdecoder
消融预设(ablation_preset): B - Full-connected graph + GAT-LSTM with encoder and decoder (AOF off)
学习率: 0.002
学习率调度器: step
Step步长(step_size): 10
Step衰减系数(gamma): 0.1
空间GAT: 开启
是否使用解码器LSTM: 是
是否使用AOF: 否
Decoder注意力隐层维度: 28
图构建模式(graph_mode): dynamic_knn
GAT层数(num_layers): 2
GAT邻居数(topk): 14
GAT嵌入维度: 8
GAT隐藏层维度: 8
------------------------------
Epoch: 1, Loss: 25.5587, Rmse_valid: 22.2285, valid_score: 15714.6, , rmse_test: 22.9203, score_test: 9814.1, Learning rate:0.00200000
Epoch: 2, Loss: 20.7234, Rmse_valid: 18.0886, valid_score: 14777.8, , rmse_test: 22.3226, score_test: 5864.1, Learning rate:0.00200000
Epoch: 3, Loss: 16.0005, Rmse_valid: 12.6153, valid_score: 4043.6, , rmse_test: 15.0542, score_test: 342.2, Learning rate:0.00200000
Epoch: 4, Loss: 13.6862, Rmse_valid: 13.2100, valid_score: 6856.6, , rmse_test: 16.0708, score_test: 419.4, Learning rate:0.00200000
Epoch: 5, Loss: 12.8719, Rmse_valid: 12.8051, valid_score: 6063.4, , rmse_test: 15.1111, score_test: 409.2, Learning rate:0.00200000
Epoch: 6, Loss: 12.4839, Rmse_valid: 13.8308, valid_score: 4085.0, , rmse_test: 16.6058, score_test: 359.7, Learning rate:0.00200000
Epoch: 7, Loss: 12.3796, Rmse_valid: 11.8317, valid_score: 5480.4, , rmse_test: 15.6832, score_test: 401.7, Learning rate:0.00200000
Epoch: 8, Loss: 11.8212, Rmse_valid: 14.7696, valid_score: 4819.4, , rmse_test: 19.4586, score_test: 516.2, Learning rate:0.00200000
Epoch: 9, Loss: 11.8719, Rmse_valid: 11.0948, valid_score: 4613.6, , rmse_test: 14.6111, score_test: 338.0, Learning rate:0.00200000
Epoch: 10, Loss: 11.4649, Rmse_valid: 15.1941, valid_score: 5003.4, , rmse_test: 19.6062, score_test: 555.0, Learning rate:0.00200000
Epoch: 11, Loss: 10.5922, Rmse_valid: 11.1604, valid_score: 4615.7, , rmse_test: 14.6065, score_test: 354.5, Learning rate:0.00020000
Epoch: 12, Loss: 10.2952, Rmse_valid: 11.2202, valid_score: 4910.2, , rmse_test: 14.6772, score_test: 366.6, Learning rate:0.00020000
Epoch: 13, Loss: 10.2417, Rmse_valid: 10.8343, valid_score: 4414.8, , rmse_test: 14.7388, score_test: 357.5, Learning rate:0.00020000
Epoch: 14, Loss: 10.1935, Rmse_valid: 11.2469, valid_score: 4850.8, , rmse_test: 14.6979, score_test: 356.9, Learning rate:0.00020000
Epoch: 15, Loss: 10.1735, Rmse_valid: 10.9543, valid_score: 4623.7, , rmse_test: 14.7032, score_test: 368.7, Learning rate:0.00020000
Epoch: 16, Loss: 10.1191, Rmse_valid: 11.1491, valid_score: 5425.3, , rmse_test: 14.7452, score_test: 389.6, Learning rate:0.00020000
Epoch: 17, Loss: 10.0933, Rmse_valid: 11.0355, valid_score: 4276.9, , rmse_test: 14.5860, score_test: 346.5, Learning rate:0.00020000
Epoch: 18, Loss: 10.0419, Rmse_valid: 11.1050, valid_score: 4602.4, , rmse_test: 14.5559, score_test: 356.2, Learning rate:0.00020000
Epoch: 19, Loss: 10.0153, Rmse_valid: 11.0495, valid_score: 4612.4, , rmse_test: 14.5677, score_test: 354.4, Learning rate:0.00020000
Epoch: 20, Loss: 9.9785, Rmse_valid: 11.1897, valid_score: 4862.5, , rmse_test: 14.6801, score_test: 380.2, Learning rate:0.00020000
Epoch: 21, Loss: 9.9167, Rmse_valid: 11.1782, valid_score: 4515.9, , rmse_test: 14.5124, score_test: 346.7, Learning rate:0.00002000
Epoch: 22, Loss: 9.9005, Rmse_valid: 11.3867, valid_score: 4606.1, , rmse_test: 14.5083, score_test: 347.9, Learning rate:0.00002000
Epoch: 23, Loss: 9.8886, Rmse_valid: 10.7756, valid_score: 4502.6, , rmse_test: 14.4964, score_test: 341.9, Learning rate:0.00002000
Epoch: 24, Loss: 9.8810, Rmse_valid: 10.9163, valid_score: 4546.8, , rmse_test: 14.5101, score_test: 345.0, Learning rate:0.00002000
Epoch: 25, Loss: 9.8950, Rmse_valid: 10.8483, valid_score: 4540.8, , rmse_test: 14.5012, score_test: 343.6, Learning rate:0.00002000
Epoch: 26, Loss: 9.8793, Rmse_valid: 10.9317, valid_score: 4655.4, , rmse_test: 14.5005, score_test: 346.7, Learning rate:0.00002000
Epoch: 27, Loss: 9.8760, Rmse_valid: 11.3590, valid_score: 4508.5, , rmse_test: 14.5030, score_test: 341.6, Learning rate:0.00002000
Epoch: 28, Loss: 9.8801, Rmse_valid: 11.1819, valid_score: 4562.7, , rmse_test: 14.5168, score_test: 345.6, Learning rate:0.00002000
Epoch: 29, Loss: 9.8680, Rmse_valid: 10.9945, valid_score: 4771.7, , rmse_test: 14.5494, score_test: 356.7, Learning rate:0.00002000
Epoch: 30, Loss: 9.8625, Rmse_valid: 11.0153, valid_score: 4503.9, , rmse_test: 14.4894, score_test: 340.5, Learning rate:0.00002000
[Train Summary] Restored best model from epoch 23, rmse_valid: 10.7756, valid_score: 4502.6, rmse_test: 14.4964, score_test: 341.9
[Train Time] start: 2026-04-22 06:04:09, end: 2026-04-22 06:05:24, duration: 0:01:15, total_seconds: 75.35
[Auto Test] command: /usr/bin/python /CMAPSS-release/scipt/test_model.py --sub-dataset FD001 --smooth-rate 40 --sequence-len 30 --feature-num 14 --dataset-root /CMAPSS-release/CMAPSSData/ --max-rul 125 --batch-size 128 --model-path /CMAPSS-release/logs/FD001_FD001_B_BC_20260422_054641/seed80/model_FD001_0422_060409_seed80.pkl
model_path:/CMAPSS-release/logs/FD001_FD001_B_BC_20260422_054641/seed80/model_FD001_0422_060409_seed80.pkl
rmse_final:14.416656494140625, score:332.1778564453125
