-----FD004-----
模型: GAT_LSTM_model(AEF与AOF均关闭)
序列长度: 30
特征维度: 14
批大小: 128
最大训练轮数: 30
随机种子: 2
学习率: 0.002
学习率调度器: step
Step步长(step_size): 10
Step衰减系数(gamma): 0.1
是否启用AEF: 否
是否启用AOF: 否
GAT隐藏层维度: [64, 64, 64]
LSTM隐藏层维度: [64, 64]
GAT Dropout系数: 0.1
GAT LeakyReLU系数(alpha): 0.1
图构建模式: dynamic_topk
节点嵌入维度(embed_dim): 64
Topk邻居数: 5
是否启用指数平滑: True
平滑系数(smooth_rate): 40
------------------------------
第1轮, 训练损失: 47.4380, 验证集RMSE: 42.0729, 验证集S分数: 2080247.1, 测试集RMSE: 44.5895, 测试集S分数: 133512.0, 学习率: 0.00200000
第2轮, 训练损失: 41.5728, 验证集RMSE: 41.6401, 验证集S分数: 1730377.4, 测试集RMSE: 42.9692, 测试集S分数: 106374.6, 学习率: 0.00200000
第3轮, 训练损失: 40.9613, 验证集RMSE: 41.6897, 验证集S分数: 3311355.8, 测试集RMSE: 45.6921, 测试集S分数: 228211.5, 学习率: 0.00200000
第4轮, 训练损失: 40.4856, 验证集RMSE: 40.5354, 验证集S分数: 1122434.1, 测试集RMSE: 42.0836, 测试集S分数: 74676.3, 学习率: 0.00200000
第5轮, 训练损失: 40.0425, 验证集RMSE: 40.0716, 验证集S分数: 2110085.0, 测试集RMSE: 42.6173, 测试集S分数: 140254.6, 学习率: 0.00200000
第6轮, 训练损失: 39.7901, 验证集RMSE: 38.8404, 验证集S分数: 1476063.0, 测试集RMSE: 41.5690, 测试集S分数: 113617.7, 学习率: 0.00200000
第7轮, 训练损失: 39.5388, 验证集RMSE: 38.8733, 验证集S分数: 2214829.5, 测试集RMSE: 42.8708, 测试集S分数: 169883.9, 学习率: 0.00200000
第8轮, 训练损失: 38.9548, 验证集RMSE: 40.5441, 验证集S分数: 776235.5, 测试集RMSE: 39.5632, 测试集S分数: 48348.6, 学习率: 0.00200000
