-----FD003-----
关键参数:
序列长度: 30
批大小(batch_size): 128
最大训练轮数(max_epochs): 30
随机数种子: 17
模型代号(model_code): FD003_D
模型结构(model_structure): encoderdecoder
消融预设(ablation_preset): D - KNN graph + GAT + EncoderDecoder-LSTM with AOF
学习率: 0.002
学习率调度器: step
Step步长(step_size): 10
Step衰减系数(gamma): 0.1
空间GAT: 开启
是否使用解码器LSTM: 是
是否使用AOF: 是
Decoder注意力隐层维度: 28
Decoder融合方式: concat
图构建模式(graph_mode): dynamic_knn
GAT层数(num_layers): 2
GAT邻居数(topk): 7
GAT嵌入维度: 8
GAT隐藏层维度: 8
------------------------------
Epoch: 1, Loss: 26.4010, Rmse_valid: 16.3514, valid_score: 14548.4, , rmse_test: 23.3626, score_test: 4777.0, Learning rate:0.00200000
Epoch: 2, Loss: 16.6969, Rmse_valid: 13.7157, valid_score: 9427.1, , rmse_test: 20.0300, score_test: 2127.7, Learning rate:0.00200000
Epoch: 3, Loss: 14.3396, Rmse_valid: 13.5660, valid_score: 6480.3, , rmse_test: 15.5307, score_test: 910.9, Learning rate:0.00200000
Epoch: 4, Loss: 12.9831, Rmse_valid: 10.7771, valid_score: 5875.7, , rmse_test: 16.8324, score_test: 1533.4, Learning rate:0.00200000
Epoch: 5, Loss: 12.3776, Rmse_valid: 11.0018, valid_score: 8102.4, , rmse_test: 19.8795, score_test: 2543.7, Learning rate:0.00200000
Epoch: 6, Loss: 11.9430, Rmse_valid: 14.5682, valid_score: 6708.8, , rmse_test: 15.1054, score_test: 852.3, Learning rate:0.00200000
Epoch: 7, Loss: 11.4723, Rmse_valid: 9.4773, valid_score: 5633.6, , rmse_test: 15.8667, score_test: 1560.7, Learning rate:0.00200000
Epoch: 8, Loss: 11.0866, Rmse_valid: 11.5768, valid_score: 5723.2, , rmse_test: 17.0720, score_test: 1539.1, Learning rate:0.00200000
Epoch: 9, Loss: 10.9365, Rmse_valid: 9.9839, valid_score: 5849.6, , rmse_test: 16.8368, score_test: 1670.5, Learning rate:0.00200000
Epoch: 10, Loss: 10.7392, Rmse_valid: 10.7244, valid_score: 4931.3, , rmse_test: 15.1882, score_test: 1153.9, Learning rate:0.00200000
Epoch: 11, Loss: 9.4325, Rmse_valid: 8.9925, valid_score: 4424.3, , rmse_test: 15.2115, score_test: 1313.2, Learning rate:0.00020000
Epoch: 12, Loss: 9.3077, Rmse_valid: 8.8637, valid_score: 4424.9, , rmse_test: 15.0711, score_test: 1189.1, Learning rate:0.00020000
Epoch: 13, Loss: 9.2464, Rmse_valid: 9.0744, valid_score: 5060.9, , rmse_test: 15.8188, score_test: 1512.7, Learning rate:0.00020000
Epoch: 14, Loss: 9.1827, Rmse_valid: 9.1137, valid_score: 4567.9, , rmse_test: 15.2798, score_test: 1324.1, Learning rate:0.00020000
Epoch: 15, Loss: 9.1265, Rmse_valid: 8.8790, valid_score: 4381.9, , rmse_test: 15.2425, score_test: 1304.8, Learning rate:0.00020000
Epoch: 16, Loss: 9.0864, Rmse_valid: 8.8914, valid_score: 4344.8, , rmse_test: 15.0942, score_test: 1269.2, Learning rate:0.00020000
Epoch: 17, Loss: 9.0318, Rmse_valid: 8.9436, valid_score: 4264.1, , rmse_test: 15.0519, score_test: 1262.2, Learning rate:0.00020000
Epoch: 18, Loss: 8.9899, Rmse_valid: 8.9554, valid_score: 4245.5, , rmse_test: 15.0692, score_test: 1332.1, Learning rate:0.00020000
Epoch: 19, Loss: 8.9634, Rmse_valid: 8.9395, valid_score: 4194.4, , rmse_test: 14.9579, score_test: 1209.0, Learning rate:0.00020000
Epoch: 20, Loss: 8.9189, Rmse_valid: 8.7616, valid_score: 4488.2, , rmse_test: 15.3230, score_test: 1372.8, Learning rate:0.00020000
Epoch: 21, Loss: 8.8271, Rmse_valid: 8.7573, valid_score: 4255.8, , rmse_test: 15.0998, score_test: 1267.4, Learning rate:0.00002000
Epoch: 22, Loss: 8.8175, Rmse_valid: 8.7754, valid_score: 4208.4, , rmse_test: 15.0398, score_test: 1196.1, Learning rate:0.00002000
Epoch: 23, Loss: 8.8132, Rmse_valid: 8.7841, valid_score: 4233.9, , rmse_test: 15.0739, score_test: 1234.6, Learning rate:0.00002000
Epoch: 24, Loss: 8.8071, Rmse_valid: 8.7967, valid_score: 4234.6, , rmse_test: 15.0844, score_test: 1242.4, Learning rate:0.00002000
Epoch: 25, Loss: 8.8040, Rmse_valid: 8.7795, valid_score: 4202.7, , rmse_test: 15.0568, score_test: 1265.4, Learning rate:0.00002000
Epoch: 26, Loss: 8.7988, Rmse_valid: 8.6810, valid_score: 4125.5, , rmse_test: 14.9844, score_test: 1245.1, Learning rate:0.00002000
Epoch: 27, Loss: 8.7959, Rmse_valid: 8.7328, valid_score: 4144.9, , rmse_test: 15.0192, score_test: 1244.0, Learning rate:0.00002000
Epoch: 28, Loss: 8.7910, Rmse_valid: 8.6770, valid_score: 4203.1, , rmse_test: 15.0742, score_test: 1260.9, Learning rate:0.00002000
Epoch: 29, Loss: 8.7874, Rmse_valid: 8.6657, valid_score: 4209.4, , rmse_test: 15.0776, score_test: 1254.9, Learning rate:0.00002000
Epoch: 30, Loss: 8.7830, Rmse_valid: 8.7028, valid_score: 4175.0, , rmse_test: 15.0367, score_test: 1256.6, Learning rate:0.00002000
[Train Summary] Restored best model from epoch 29, rmse_valid: 8.6657, valid_score: 4209.4, rmse_test: 15.0776, score_test: 1254.9
[Train Time] start: 2026-04-20 09:13:47, end: 2026-04-20 09:16:51, duration: 0:03:04, total_seconds: 184.16
[Auto Test] command: /usr/bin/python /CMAPSS-release/scipt/test_model.py --sub-dataset FD003 --smooth-rate 40 --sequence-len 30 --feature-num 14 --dataset-root /CMAPSS-release/CMAPSSData/ --max-rul 125 --batch-size 128 --model-path /CMAPSS-release/logs/FD003_FD003_D/seed17/model_FD003_0420_091347_seed17.pkl
model_path:/CMAPSS-release/logs/FD003_FD003_D/seed17/model_FD003_0420_091347_seed17.pkl
rmse_final:14.984325408935547, score:1188.759521484375
