-----FD002-----
关键参数:
序列长度: 30
批大小(batch_size): 128
最大训练轮数(max_epochs): 30
随机数种子: 88
模型代号(model_code): FD002_B_BC_20260422_054641
模型结构(model_structure): encoderdecoder
消融预设(ablation_preset): B - Full-connected graph + GAT-LSTM with encoder and decoder (AOF off)
学习率: 0.002
学习率调度器: step
Step步长(step_size): 10
Step衰减系数(gamma): 0.1
空间GAT: 开启
是否使用解码器LSTM: 是
是否使用AOF: 否
Decoder注意力隐层维度: 28
图构建模式(graph_mode): dynamic_knn
GAT层数(num_layers): 2
GAT邻居数(topk): 14
GAT嵌入维度: 8
GAT隐藏层维度: 8
------------------------------
Epoch: 1, Loss: 26.2443, Rmse_valid: 23.6431, valid_score: 251726.7, , rmse_test: 23.7077, score_test: 21419.3, Learning rate:0.00200000
Epoch: 2, Loss: 21.5539, Rmse_valid: 19.9445, valid_score: 96085.1, , rmse_test: 18.1454, score_test: 3239.5, Learning rate:0.00200000
Epoch: 3, Loss: 18.8436, Rmse_valid: 18.9488, valid_score: 34174.7, , rmse_test: 16.4213, score_test: 1146.8, Learning rate:0.00200000
Epoch: 4, Loss: 17.8978, Rmse_valid: 17.7547, valid_score: 33852.3, , rmse_test: 15.4800, score_test: 1145.3, Learning rate:0.00200000
Epoch: 5, Loss: 17.3230, Rmse_valid: 17.7212, valid_score: 27938.2, , rmse_test: 15.1569, score_test: 947.5, Learning rate:0.00200000
Epoch: 6, Loss: 16.7271, Rmse_valid: 18.3468, valid_score: 49164.1, , rmse_test: 16.4059, score_test: 1642.7, Learning rate:0.00200000
Epoch: 7, Loss: 16.4333, Rmse_valid: 21.3593, valid_score: 114190.1, , rmse_test: 19.9017, score_test: 4001.1, Learning rate:0.00200000
Epoch: 8, Loss: 16.1302, Rmse_valid: 19.4343, valid_score: 81447.4, , rmse_test: 18.4461, score_test: 2958.0, Learning rate:0.00200000
Epoch: 9, Loss: 15.9723, Rmse_valid: 17.2375, valid_score: 44334.7, , rmse_test: 14.3195, score_test: 1134.0, Learning rate:0.00200000
Epoch: 10, Loss: 15.6851, Rmse_valid: 16.4194, valid_score: 37083.1, , rmse_test: 13.7602, score_test: 1036.0, Learning rate:0.00200000
Epoch: 11, Loss: 13.7491, Rmse_valid: 16.1118, valid_score: 31202.4, , rmse_test: 13.4094, score_test: 888.3, Learning rate:0.00020000
Epoch: 12, Loss: 13.6015, Rmse_valid: 15.5070, valid_score: 35377.8, , rmse_test: 13.1806, score_test: 949.9, Learning rate:0.00020000
Epoch: 13, Loss: 13.5199, Rmse_valid: 15.7307, valid_score: 35163.4, , rmse_test: 13.4609, score_test: 996.2, Learning rate:0.00020000
Epoch: 14, Loss: 13.4629, Rmse_valid: 15.3501, valid_score: 31832.6, , rmse_test: 13.0614, score_test: 904.6, Learning rate:0.00020000
Epoch: 15, Loss: 13.4037, Rmse_valid: 15.4608, valid_score: 33516.3, , rmse_test: 13.3456, score_test: 978.1, Learning rate:0.00020000
Epoch: 16, Loss: 13.3670, Rmse_valid: 15.2763, valid_score: 30213.4, , rmse_test: 13.0389, score_test: 894.1, Learning rate:0.00020000
Epoch: 17, Loss: 13.3199, Rmse_valid: 15.0690, valid_score: 33600.8, , rmse_test: 12.9888, score_test: 901.4, Learning rate:0.00020000
Epoch: 18, Loss: 13.2881, Rmse_valid: 15.1202, valid_score: 33603.0, , rmse_test: 12.9990, score_test: 929.5, Learning rate:0.00020000
Epoch: 19, Loss: 13.2558, Rmse_valid: 15.1182, valid_score: 29463.6, , rmse_test: 13.0043, score_test: 907.3, Learning rate:0.00020000
Epoch: 20, Loss: 13.2207, Rmse_valid: 15.4642, valid_score: 30731.4, , rmse_test: 13.3559, score_test: 954.8, Learning rate:0.00020000
Epoch: 21, Loss: 13.1055, Rmse_valid: 15.2870, valid_score: 31302.3, , rmse_test: 13.0731, score_test: 927.1, Learning rate:0.00002000
Epoch: 22, Loss: 13.0896, Rmse_valid: 15.2252, valid_score: 31764.2, , rmse_test: 13.0634, score_test: 915.4, Learning rate:0.00002000
Epoch: 23, Loss: 13.0883, Rmse_valid: 15.2472, valid_score: 32005.7, , rmse_test: 13.1322, score_test: 944.3, Learning rate:0.00002000
Epoch: 24, Loss: 13.0841, Rmse_valid: 15.3089, valid_score: 31000.9, , rmse_test: 13.0522, score_test: 917.3, Learning rate:0.00002000
Epoch: 25, Loss: 13.0805, Rmse_valid: 15.1660, valid_score: 31480.4, , rmse_test: 13.0462, score_test: 914.5, Learning rate:0.00002000
Epoch: 26, Loss: 13.0779, Rmse_valid: 15.1698, valid_score: 30732.4, , rmse_test: 13.1317, score_test: 925.2, Learning rate:0.00002000
Epoch: 27, Loss: 13.0751, Rmse_valid: 15.1317, valid_score: 31297.1, , rmse_test: 13.0758, score_test: 925.0, Learning rate:0.00002000
Epoch: 28, Loss: 13.0679, Rmse_valid: 15.1559, valid_score: 30293.0, , rmse_test: 13.1128, score_test: 914.1, Learning rate:0.00002000
Epoch: 29, Loss: 13.0661, Rmse_valid: 15.2868, valid_score: 31761.1, , rmse_test: 13.1668, score_test: 940.7, Learning rate:0.00002000
Epoch: 30, Loss: 13.0636, Rmse_valid: 15.2601, valid_score: 31315.7, , rmse_test: 13.0951, score_test: 919.7, Learning rate:0.00002000
[Train Summary] Restored best model from epoch 17, rmse_valid: 15.0690, valid_score: 33600.8, rmse_test: 12.9888, score_test: 901.4
[Train Time] start: 2026-04-22 07:12:41, end: 2026-04-22 07:17:54, duration: 0:05:13, total_seconds: 312.88
[Auto Test] command: /usr/bin/python /CMAPSS-release/scipt/test_model.py --sub-dataset FD002 --smooth-rate 40 --sequence-len 30 --feature-num 14 --dataset-root /CMAPSS-release/CMAPSSData/ --max-rul 125 --batch-size 128 --model-path /CMAPSS-release/logs/FD002_FD002_B_BC_20260422_054641/seed88/model_FD002_0422_071241_seed88.pkl
model_path:/CMAPSS-release/logs/FD002_FD002_B_BC_20260422_054641/seed88/model_FD002_0422_071241_seed88.pkl
rmse_final:12.925835609436035, score:871.845703125
