-----FD003-----
关键参数:
序列长度: 30
批大小(batch_size): 128
最大训练轮数(max_epochs): 30
随机数种子: 51
模型代号(model_code): A_AEF_0FF
模型结构(model_structure): encoderdecoder
消融预设(ablation_preset): A_AEF_0FF - KNN graph + GAT-LSTM with encoder and decoder (AEF off)
学习率: 0.002
学习率调度器: step
Step步长(step_size): 10
Step衰减系数(gamma): 0.1
空间GAT: 开启
是否使用解码器LSTM: 是
是否使用AEF: 否
Decoder注意力隐层维度: 28
图构建模式(graph_mode): dynamic_knn
GAT层数(num_layers): 2
GAT邻居数(topk): 7
GAT嵌入维度: 8
GAT隐藏层维度: 8
------------------------------
Epoch: 1, Loss: 22.7793, Rmse_valid: 18.9367, valid_score: 25593.3, , rmse_test: 24.0006, score_test: 3757.9, Learning rate:0.00200000
Epoch: 2, Loss: 18.9253, Rmse_valid: 18.4783, valid_score: 19782.0, , rmse_test: 22.8156, score_test: 2714.6, Learning rate:0.00200000
Epoch: 3, Loss: 18.5979, Rmse_valid: 15.6129, valid_score: 14715.4, , rmse_test: 23.1403, score_test: 2801.3, Learning rate:0.00200000
Epoch: 4, Loss: 17.7979, Rmse_valid: 16.7393, valid_score: 14303.5, , rmse_test: 18.5080, score_test: 1813.3, Learning rate:0.00200000
Epoch: 5, Loss: 16.2116, Rmse_valid: 13.6040, valid_score: 14835.1, , rmse_test: 19.7369, score_test: 2768.2, Learning rate:0.00200000
Epoch: 6, Loss: 15.0412, Rmse_valid: 12.8749, valid_score: 10071.5, , rmse_test: 18.8890, score_test: 2398.4, Learning rate:0.00200000
Epoch: 7, Loss: 14.0629, Rmse_valid: 11.8072, valid_score: 7574.5, , rmse_test: 16.2109, score_test: 1350.1, Learning rate:0.00200000
Epoch: 8, Loss: 13.3411, Rmse_valid: 12.3618, valid_score: 7555.8, , rmse_test: 15.5147, score_test: 1267.4, Learning rate:0.00200000
Epoch: 9, Loss: 12.8136, Rmse_valid: 12.4446, valid_score: 7496.3, , rmse_test: 15.4316, score_test: 1257.8, Learning rate:0.00200000
Epoch: 10, Loss: 12.2215, Rmse_valid: 11.7321, valid_score: 7117.8, , rmse_test: 16.2472, score_test: 1249.6, Learning rate:0.00200000
Epoch: 11, Loss: 10.9460, Rmse_valid: 11.2784, valid_score: 6373.5, , rmse_test: 15.4690, score_test: 1320.2, Learning rate:0.00020000
Epoch: 12, Loss: 10.7948, Rmse_valid: 11.3119, valid_score: 6335.7, , rmse_test: 15.4770, score_test: 1408.1, Learning rate:0.00020000
Epoch: 13, Loss: 10.7199, Rmse_valid: 11.5362, valid_score: 6405.5, , rmse_test: 15.4616, score_test: 1310.2, Learning rate:0.00020000
Epoch: 14, Loss: 10.6262, Rmse_valid: 10.9167, valid_score: 5898.5, , rmse_test: 15.4130, score_test: 1353.0, Learning rate:0.00020000
Epoch: 15, Loss: 10.5667, Rmse_valid: 11.0178, valid_score: 6099.6, , rmse_test: 15.5402, score_test: 1300.1, Learning rate:0.00020000
Epoch: 16, Loss: 10.4813, Rmse_valid: 10.9591, valid_score: 6457.1, , rmse_test: 15.5049, score_test: 1402.7, Learning rate:0.00020000
Epoch: 17, Loss: 10.4217, Rmse_valid: 10.8857, valid_score: 6132.1, , rmse_test: 15.5205, score_test: 1367.4, Learning rate:0.00020000
Epoch: 18, Loss: 10.3573, Rmse_valid: 11.0869, valid_score: 6616.5, , rmse_test: 15.6262, score_test: 1390.3, Learning rate:0.00020000
Epoch: 19, Loss: 10.2935, Rmse_valid: 10.8006, valid_score: 6237.3, , rmse_test: 15.5227, score_test: 1364.3, Learning rate:0.00020000
Epoch: 20, Loss: 10.2319, Rmse_valid: 10.6343, valid_score: 6474.4, , rmse_test: 15.7455, score_test: 1533.8, Learning rate:0.00020000
Epoch: 21, Loss: 10.1277, Rmse_valid: 10.8096, valid_score: 6358.3, , rmse_test: 15.6529, score_test: 1436.6, Learning rate:0.00002000
Epoch: 22, Loss: 10.1097, Rmse_valid: 10.9383, valid_score: 6368.6, , rmse_test: 15.5668, score_test: 1413.3, Learning rate:0.00002000
Epoch: 23, Loss: 10.1004, Rmse_valid: 10.8836, valid_score: 6352.0, , rmse_test: 15.5474, score_test: 1395.2, Learning rate:0.00002000
Epoch: 24, Loss: 10.0916, Rmse_valid: 10.9060, valid_score: 6426.1, , rmse_test: 15.6248, score_test: 1419.3, Learning rate:0.00002000
Epoch: 25, Loss: 10.0843, Rmse_valid: 10.9949, valid_score: 6377.4, , rmse_test: 15.5406, score_test: 1392.7, Learning rate:0.00002000
Epoch: 26, Loss: 10.0733, Rmse_valid: 10.9610, valid_score: 6470.0, , rmse_test: 15.6150, score_test: 1410.2, Learning rate:0.00002000
Epoch: 27, Loss: 10.0712, Rmse_valid: 11.0000, valid_score: 6425.4, , rmse_test: 15.5892, score_test: 1399.6, Learning rate:0.00002000
Epoch: 28, Loss: 10.0646, Rmse_valid: 10.8650, valid_score: 6446.5, , rmse_test: 15.5829, score_test: 1417.3, Learning rate:0.00002000
Epoch: 29, Loss: 10.0585, Rmse_valid: 10.8832, valid_score: 6436.8, , rmse_test: 15.6170, score_test: 1407.8, Learning rate:0.00002000
Epoch: 30, Loss: 10.0476, Rmse_valid: 10.8702, valid_score: 6402.2, , rmse_test: 15.6079, score_test: 1399.7, Learning rate:0.00002000
[Train Summary] Restored best model from epoch 20, rmse_valid: 10.6343, valid_score: 6474.4, rmse_test: 15.7455, score_test: 1533.8
[Train Time] start: 2026-04-25 14:01:39, end: 2026-04-25 14:03:00, duration: 0:01:21, total_seconds: 80.75
[Auto Test] command: /usr/bin/python /CMAPSS-release/scipt/test_model.py --sub-dataset FD003 --smooth-rate 30 --sequence-len 30 --feature-num 14 --dataset-root /CMAPSS-release/CMAPSSData/ --max-rul 125 --batch-size 128 --model-path /CMAPSS-release/logs/FD003_A_AEF_0FF/seed51/model_FD003_0425_140139_seed51.pkl
model_path:/CMAPSS-release/logs/FD003_A_AEF_0FF/seed51/model_FD003_0425_140139_seed51.pkl
rmse_final:15.603525161743164, score:1473.0655517578125
