-----FD004-----
关键参数:
序列长度: 30
批大小(batch_size): 128
最大训练轮数(max_epochs): 30
随机数种子: 2
模型代号(model_code): FD004_E
模型结构(model_structure): original
消融预设(ablation_preset): E - Only original GAT-LSTM
学习率: 0.002
学习率调度器: step
Step步长(step_size): 10
Step衰减系数(gamma): 0.1
空间GAT: 由模型内部默认启用
图构建模式(graph_mode): path
GAT层数(num_layers): 2
GAT邻居数(topk): 7
GAT嵌入维度: 8
GAT隐藏层维度: 8
------------------------------
Epoch: 1, Loss: 41.5367, Rmse_valid: 43.1784, valid_score: 4775719.5, , rmse_test: 48.3139, score_test: 376169.1, Learning rate:0.00200000
Epoch: 2, Loss: 40.6942, Rmse_valid: 41.3550, valid_score: 1767655.2, , rmse_test: 44.2870, score_test: 157062.9, Learning rate:0.00200000
Epoch: 3, Loss: 39.9512, Rmse_valid: 41.4321, valid_score: 733987.4, , rmse_test: 41.1286, score_test: 47255.8, Learning rate:0.00200000
Epoch: 4, Loss: 39.0932, Rmse_valid: 40.0120, valid_score: 1125333.1, , rmse_test: 41.5112, score_test: 89276.9, Learning rate:0.00200000
Epoch: 5, Loss: 38.4405, Rmse_valid: 40.5026, valid_score: 733254.2, , rmse_test: 39.5359, score_test: 43632.3, Learning rate:0.00200000
Epoch: 6, Loss: 38.0521, Rmse_valid: 38.7784, valid_score: 1648154.2, , rmse_test: 40.9644, score_test: 118772.8, Learning rate:0.00200000
Epoch: 7, Loss: 37.6287, Rmse_valid: 38.3686, valid_score: 1268577.1, , rmse_test: 39.9731, score_test: 101669.1, Learning rate:0.00200000
Epoch: 8, Loss: 37.2015, Rmse_valid: 37.3556, valid_score: 977723.5, , rmse_test: 38.7366, score_test: 78322.4, Learning rate:0.00200000
Epoch: 9, Loss: 36.7758, Rmse_valid: 37.2950, valid_score: 961206.8, , rmse_test: 39.0667, score_test: 82690.5, Learning rate:0.00200000
Epoch: 10, Loss: 36.3893, Rmse_valid: 36.8164, valid_score: 1636417.0, , rmse_test: 39.5827, score_test: 98654.9, Learning rate:0.00200000
Epoch: 11, Loss: 35.3044, Rmse_valid: 36.4755, valid_score: 1371638.6, , rmse_test: 39.1574, score_test: 88237.8, Learning rate:0.00020000
Epoch: 12, Loss: 35.2045, Rmse_valid: 36.8256, valid_score: 1561652.6, , rmse_test: 39.4869, score_test: 101182.6, Learning rate:0.00020000
Epoch: 13, Loss: 35.1383, Rmse_valid: 36.5715, valid_score: 1359314.4, , rmse_test: 39.0020, score_test: 79061.4, Learning rate:0.00020000
Epoch: 14, Loss: 35.0749, Rmse_valid: 36.9335, valid_score: 1947876.0, , rmse_test: 40.0724, score_test: 115500.9, Learning rate:0.00020000
Epoch: 15, Loss: 35.0189, Rmse_valid: 36.5762, valid_score: 1423593.1, , rmse_test: 39.1731, score_test: 83207.2, Learning rate:0.00020000
Epoch: 16, Loss: 34.9713, Rmse_valid: 36.5311, valid_score: 1450372.0, , rmse_test: 39.3708, score_test: 94191.3, Learning rate:0.00020000
Epoch: 17, Loss: 34.9247, Rmse_valid: 36.4829, valid_score: 1336464.1, , rmse_test: 39.1429, score_test: 84316.6, Learning rate:0.00020000
Epoch: 18, Loss: 34.8618, Rmse_valid: 36.6819, valid_score: 1805448.4, , rmse_test: 40.0953, score_test: 109589.6, Learning rate:0.00020000
Epoch: 19, Loss: 34.8119, Rmse_valid: 36.6920, valid_score: 1654373.1, , rmse_test: 39.7855, score_test: 101968.8, Learning rate:0.00020000
Epoch: 20, Loss: 34.7497, Rmse_valid: 36.5518, valid_score: 1185935.1, , rmse_test: 39.0154, score_test: 74071.7, Learning rate:0.00020000
Epoch: 21, Loss: 34.6698, Rmse_valid: 36.3772, valid_score: 1377555.0, , rmse_test: 39.3450, score_test: 86076.5, Learning rate:0.00002000
Epoch: 22, Loss: 34.6590, Rmse_valid: 36.4289, valid_score: 1344915.1, , rmse_test: 39.2293, score_test: 83527.7, Learning rate:0.00002000
Epoch: 23, Loss: 34.6489, Rmse_valid: 36.5333, valid_score: 1457659.6, , rmse_test: 39.4561, score_test: 90434.6, Learning rate:0.00002000
Epoch: 24, Loss: 34.6417, Rmse_valid: 36.3065, valid_score: 1319719.0, , rmse_test: 39.1571, score_test: 81806.0, Learning rate:0.00002000
Epoch: 25, Loss: 34.6404, Rmse_valid: 36.4148, valid_score: 1339197.0, , rmse_test: 39.1946, score_test: 82999.8, Learning rate:0.00002000
Epoch: 26, Loss: 34.6317, Rmse_valid: 36.2889, valid_score: 1354576.9, , rmse_test: 39.2474, score_test: 84408.0, Learning rate:0.00002000
Epoch: 27, Loss: 34.6248, Rmse_valid: 36.4586, valid_score: 1446956.1, , rmse_test: 39.4161, score_test: 89401.6, Learning rate:0.00002000
Epoch: 28, Loss: 34.6197, Rmse_valid: 36.4112, valid_score: 1295708.9, , rmse_test: 39.1115, score_test: 80588.3, Learning rate:0.00002000
Epoch: 29, Loss: 34.6141, Rmse_valid: 36.3484, valid_score: 1484083.6, , rmse_test: 39.4974, score_test: 91802.8, Learning rate:0.00002000
Epoch: 30, Loss: 34.6078, Rmse_valid: 36.4202, valid_score: 1402386.0, , rmse_test: 39.3346, score_test: 86904.6, Learning rate:0.00002000
[Train Summary] Restored best model from epoch 26, rmse_valid: 36.2889, valid_score: 1354576.9, rmse_test: 39.2474, score_test: 84408.0
[Train Time] start: 2026-04-20 14:08:55, end: 2026-04-20 14:11:37, duration: 0:02:42, total_seconds: 161.68
[Auto Test] command: /usr/bin/python /CMAPSS-release/scipt/test_model.py --sub-dataset FD004 --smooth-rate 40 --sequence-len 30 --feature-num 14 --dataset-root /CMAPSS-release/CMAPSSData/ --max-rul 125 --batch-size 128 --model-path /CMAPSS-release/logs/FD004_FD004_E/seed2/model_FD004_0420_140855_seed2.pkl
model_path:/CMAPSS-release/logs/FD004_FD004_E/seed2/model_FD004_0420_140855_seed2.pkl
rmse_final:39.09361267089844, score:79862.28125
