-----FD002-----
模型: GAT_LSTM_AEFAOF_model(AEF与AOF均开启)
序列长度: 30
特征维度: 14
批大小: 128
最大训练轮数: 30
随机种子: 51
学习率: 0.002
学习率调度器: step
Step步长(step_size): 10
Step衰减系数(gamma): 0.1
是否启用AEF: 是
是否启用AOF: 是
GAT隐藏层维度: [8, 8, 8]
LSTM隐藏层维度: [8, 8]
GAT Dropout系数: 0.1
GAT LeakyReLU系数(alpha): 0.1
图构建模式: path
节点嵌入维度(embed_dim): 8
Topk邻居数: 7
AOF注意力隐藏维度: 4
AEF注意力隐藏维度: 28
AEF/AOF融合方式: concat
是否启用指数平滑: True
平滑系数(smooth_rate): 40
------------------------------
第1轮, 训练损失: 42.0772, 验证集RMSE: 40.8953, 验证集S分数: 599817.2, 测试集RMSE: 41.9966, 测试集S分数: 45365.6, 学习率: 0.00200000
第2轮, 训练损失: 40.6684, 验证集RMSE: 41.1594, 验证集S分数: 389585.2, 测试集RMSE: 41.3771, 测试集S分数: 30629.3, 学习率: 0.00200000
第3轮, 训练损失: 40.2776, 验证集RMSE: 40.4443, 验证集S分数: 548002.9, 测试集RMSE: 40.9098, 测试集S分数: 46906.5, 学习率: 0.00200000
第4轮, 训练损失: 39.8703, 验证集RMSE: 39.9531, 验证集S分数: 513706.6, 测试集RMSE: 40.3168, 测试集S分数: 41738.7, 学习率: 0.00200000
第5轮, 训练损失: 39.6923, 验证集RMSE: 39.5926, 验证集S分数: 659635.4, 测试集RMSE: 40.5449, 测试集S分数: 54276.7, 学习率: 0.00200000
第6轮, 训练损失: 39.2970, 验证集RMSE: 39.6281, 验证集S分数: 687106.9, 测试集RMSE: 40.4534, 测试集S分数: 51560.2, 学习率: 0.00200000
第7轮, 训练损失: 39.1059, 验证集RMSE: 39.0038, 验证集S分数: 502708.1, 测试集RMSE: 40.2362, 测试集S分数: 44675.4, 学习率: 0.00200000
第8轮, 训练损失: 39.0588, 验证集RMSE: 39.2421, 验证集S分数: 731329.6, 测试集RMSE: 40.1693, 测试集S分数: 57180.1, 学习率: 0.00200000
第9轮, 训练损失: 39.0402, 验证集RMSE: 39.1458, 验证集S分数: 818876.6, 测试集RMSE: 40.4533, 测试集S分数: 67048.1, 学习率: 0.00200000
第10轮, 训练损失: 38.9239, 验证集RMSE: 39.0450, 验证集S分数: 543540.7, 测试集RMSE: 39.9431, 测试集S分数: 48331.7, 学习率: 0.00200000
第11轮, 训练损失: 38.4926, 验证集RMSE: 39.1215, 验证集S分数: 629426.2, 测试集RMSE: 39.7815, 测试集S分数: 51272.2, 学习率: 0.00020000
第12轮, 训练损失: 38.4356, 验证集RMSE: 38.9968, 验证集S分数: 708545.7, 测试集RMSE: 39.8852, 测试集S分数: 58220.5, 学习率: 0.00020000
第13轮, 训练损失: 38.3574, 验证集RMSE: 39.4454, 验证集S分数: 588716.2, 测试集RMSE: 39.8073, 测试集S分数: 47675.4, 学习率: 0.00020000
第14轮, 训练损失: 38.3507, 验证集RMSE: 39.0776, 验证集S分数: 708030.4, 测试集RMSE: 39.8634, 测试集S分数: 59756.0, 学习率: 0.00020000
第15轮, 训练损失: 38.2871, 验证集RMSE: 39.2476, 验证集S分数: 618228.0, 测试集RMSE: 39.7606, 测试集S分数: 51608.6, 学习率: 0.00020000
第16轮, 训练损失: 38.2452, 验证集RMSE: 38.5025, 验证集S分数: 632172.6, 测试集RMSE: 39.7737, 测试集S分数: 59837.2, 学习率: 0.00020000
第17轮, 训练损失: 38.2139, 验证集RMSE: 38.7612, 验证集S分数: 657004.5, 测试集RMSE: 39.7245, 测试集S分数: 60648.3, 学习率: 0.00020000
第18轮, 训练损失: 38.1914, 验证集RMSE: 39.0403, 验证集S分数: 630437.2, 测试集RMSE: 39.7225, 测试集S分数: 57386.7, 学习率: 0.00020000
第19轮, 训练损失: 38.1433, 验证集RMSE: 39.0412, 验证集S分数: 635179.1, 测试集RMSE: 39.7006, 测试集S分数: 56699.5, 学习率: 0.00020000
第20轮, 训练损失: 38.1323, 验证集RMSE: 38.8942, 验证集S分数: 604361.1, 测试集RMSE: 39.6353, 测试集S分数: 56142.9, 学习率: 0.00020000
第21轮, 训练损失: 38.0957, 验证集RMSE: 38.9201, 验证集S分数: 652468.3, 测试集RMSE: 39.6727, 测试集S分数: 58719.3, 学习率: 0.00002000
第22轮, 训练损失: 38.0573, 验证集RMSE: 39.1528, 验证集S分数: 664877.7, 测试集RMSE: 39.7050, 测试集S分数: 58832.4, 学习率: 0.00002000
第23轮, 训练损失: 38.0608, 验证集RMSE: 39.1554, 验证集S分数: 662511.1, 测试集RMSE: 39.6821, 测试集S分数: 59456.1, 学习率: 0.00002000
第24轮, 训练损失: 38.0136, 验证集RMSE: 39.2329, 验证集S分数: 660591.1, 测试集RMSE: 39.7236, 测试集S分数: 58179.1, 学习率: 0.00002000
第25轮, 训练损失: 38.0351, 验证集RMSE: 38.8554, 验证集S分数: 621414.3, 测试集RMSE: 39.6526, 测试集S分数: 56297.2, 学习率: 0.00002000
第26轮, 训练损失: 38.0136, 验证集RMSE: 39.1171, 验证集S分数: 678125.9, 测试集RMSE: 39.6866, 测试集S分数: 59802.3, 学习率: 0.00002000
第27轮, 训练损失: 38.0254, 验证集RMSE: 39.2162, 验证集S分数: 663375.9, 测试集RMSE: 39.6747, 测试集S分数: 58489.5, 学习率: 0.00002000
第28轮, 训练损失: 38.0255, 验证集RMSE: 38.7505, 验证集S分数: 624503.8, 测试集RMSE: 39.6072, 测试集S分数: 58130.7, 学习率: 0.00002000
第29轮, 训练损失: 38.0083, 验证集RMSE: 39.2067, 验证集S分数: 666875.6, 测试集RMSE: 39.6618, 测试集S分数: 58500.0, 学习率: 0.00002000
第30轮, 训练损失: 38.0200, 验证集RMSE: 39.0484, 验证集S分数: 666477.7, 测试集RMSE: 39.6538, 测试集S分数: 58553.6, 学习率: 0.00002000
[训练总结] 已恢复第16轮的最佳模型, 验证集RMSE: 38.5025, 验证集S分数: 632172.6, 测试集RMSE: 39.7737, 测试集S分数: 59837.2
[训练耗时] 开始: 2026-04-19 16:48:25, 结束: 2026-04-19 16:53:13, 时长: 0:04:47, 总秒数: 287.48
[自动测试] 命令: /usr/bin/python /CMAPSS-release/scipt/test_model.py --sub-dataset FD002 --smooth-rate 40 --sequence-len 30 --feature-num 14 --dataset-root /CMAPSS-release/CMAPSSData/ --max-rul 125 --batch-size 128 --model-path /CMAPSS-release/logs_GAT_LSTM/B/seed51/model_FD002_0419_164825_seed51.pkl
模型路径:/CMAPSS-release/logs_GAT_LSTM/B/seed51/model_FD002_0419_164825_seed51.pkl
最终RMSE:39.719627380371094, 评分:57494.37109375
