-----FD004-----
关键参数:
序列长度: 30
批大小(batch_size): 128
最大训练轮数(max_epochs): 30
随机数种子: 62
模型代号(model_code): FD004_B_BC_20260422_054641
模型结构(model_structure): encoderdecoder
消融预设(ablation_preset): B - Full-connected graph + GAT-LSTM with encoder and decoder (AOF off)
学习率: 0.002
学习率调度器: step
Step步长(step_size): 10
Step衰减系数(gamma): 0.1
空间GAT: 开启
是否使用解码器LSTM: 是
是否使用AOF: 否
Decoder注意力隐层维度: 28
图构建模式(graph_mode): dynamic_knn
GAT层数(num_layers): 2
GAT邻居数(topk): 14
GAT嵌入维度: 8
GAT隐藏层维度: 8
------------------------------
Epoch: 1, Loss: 28.0364, Rmse_valid: 22.0887, valid_score: 99232.3, , rmse_test: 26.2991, score_test: 16950.8, Learning rate:0.00200000
Epoch: 2, Loss: 22.7005, Rmse_valid: 20.3701, valid_score: 69939.4, , rmse_test: 22.4591, score_test: 5062.8, Learning rate:0.00200000
Epoch: 3, Loss: 20.6800, Rmse_valid: 21.7541, valid_score: 142084.4, , rmse_test: 24.0942, score_test: 5333.5, Learning rate:0.00200000
Epoch: 4, Loss: 19.6473, Rmse_valid: 18.8801, valid_score: 70475.4, , rmse_test: 20.3039, score_test: 4670.1, Learning rate:0.00200000
Epoch: 5, Loss: 19.0226, Rmse_valid: 17.7141, valid_score: 37396.6, , rmse_test: 19.0522, score_test: 3665.9, Learning rate:0.00200000
Epoch: 6, Loss: 18.4830, Rmse_valid: 18.0087, valid_score: 50303.8, , rmse_test: 19.0860, score_test: 4931.0, Learning rate:0.00200000
Epoch: 7, Loss: 18.1268, Rmse_valid: 17.8044, valid_score: 55522.2, , rmse_test: 18.3573, score_test: 2956.9, Learning rate:0.00200000
Epoch: 8, Loss: 17.7513, Rmse_valid: 19.1661, valid_score: 76807.0, , rmse_test: 19.7798, score_test: 2622.3, Learning rate:0.00200000
Epoch: 9, Loss: 17.4724, Rmse_valid: 18.1941, valid_score: 66200.8, , rmse_test: 18.5382, score_test: 4122.7, Learning rate:0.00200000
Epoch: 10, Loss: 17.2346, Rmse_valid: 18.7435, valid_score: 59217.6, , rmse_test: 18.3809, score_test: 3095.0, Learning rate:0.00200000
Epoch: 11, Loss: 15.5158, Rmse_valid: 16.4706, valid_score: 50734.5, , rmse_test: 17.3640, score_test: 2841.2, Learning rate:0.00020000
Epoch: 12, Loss: 15.3146, Rmse_valid: 16.7436, valid_score: 59429.8, , rmse_test: 17.2196, score_test: 2200.9, Learning rate:0.00020000
Epoch: 13, Loss: 15.1962, Rmse_valid: 16.6994, valid_score: 64859.2, , rmse_test: 17.1659, score_test: 2223.4, Learning rate:0.00020000
Epoch: 14, Loss: 15.1249, Rmse_valid: 16.8838, valid_score: 73155.1, , rmse_test: 17.5863, score_test: 2733.1, Learning rate:0.00020000
Epoch: 15, Loss: 15.0624, Rmse_valid: 16.8539, valid_score: 70413.3, , rmse_test: 17.2119, score_test: 1978.6, Learning rate:0.00020000
Epoch: 16, Loss: 15.0028, Rmse_valid: 16.4902, valid_score: 76459.4, , rmse_test: 17.2321, score_test: 2330.2, Learning rate:0.00020000
Epoch: 17, Loss: 14.9472, Rmse_valid: 16.7851, valid_score: 81797.4, , rmse_test: 17.2951, score_test: 2142.1, Learning rate:0.00020000
Epoch: 18, Loss: 14.9161, Rmse_valid: 16.9554, valid_score: 92311.5, , rmse_test: 17.5250, score_test: 2737.7, Learning rate:0.00020000
Epoch: 19, Loss: 14.8539, Rmse_valid: 16.4626, valid_score: 78537.0, , rmse_test: 17.4440, score_test: 2698.3, Learning rate:0.00020000
Epoch: 20, Loss: 14.8163, Rmse_valid: 17.0708, valid_score: 106626.3, , rmse_test: 17.6186, score_test: 2676.3, Learning rate:0.00020000
Epoch: 21, Loss: 14.6781, Rmse_valid: 17.0010, valid_score: 97539.1, , rmse_test: 17.2730, score_test: 2225.1, Learning rate:0.00002000
Epoch: 22, Loss: 14.6684, Rmse_valid: 16.8091, valid_score: 97458.5, , rmse_test: 17.3149, score_test: 2348.2, Learning rate:0.00002000
Epoch: 23, Loss: 14.6609, Rmse_valid: 16.7469, valid_score: 99673.0, , rmse_test: 17.2961, score_test: 2251.4, Learning rate:0.00002000
Epoch: 24, Loss: 14.6576, Rmse_valid: 16.7929, valid_score: 100412.3, , rmse_test: 17.3195, score_test: 2337.1, Learning rate:0.00002000
Epoch: 25, Loss: 14.6516, Rmse_valid: 16.9430, valid_score: 100693.4, , rmse_test: 17.2127, score_test: 2186.9, Learning rate:0.00002000
Epoch: 26, Loss: 14.6463, Rmse_valid: 16.9152, valid_score: 102703.6, , rmse_test: 17.2882, score_test: 2282.1, Learning rate:0.00002000
Epoch: 27, Loss: 14.6407, Rmse_valid: 16.8084, valid_score: 100545.6, , rmse_test: 17.3094, score_test: 2304.9, Learning rate:0.00002000
Epoch: 28, Loss: 14.6370, Rmse_valid: 16.9565, valid_score: 104251.5, , rmse_test: 17.3081, score_test: 2315.1, Learning rate:0.00002000
Epoch: 29, Loss: 14.6294, Rmse_valid: 16.8887, valid_score: 103315.2, , rmse_test: 17.2770, score_test: 2315.5, Learning rate:0.00002000
Epoch: 30, Loss: 14.6257, Rmse_valid: 16.9908, valid_score: 104932.3, , rmse_test: 17.2984, score_test: 2323.6, Learning rate:0.00002000
[Train Summary] Restored best model from epoch 19, rmse_valid: 16.4626, valid_score: 78537.0, rmse_test: 17.4440, score_test: 2698.3
[Train Time] start: 2026-04-22 11:31:57, end: 2026-04-22 11:37:02, duration: 0:05:06, total_seconds: 305.66
[Auto Test] command: /usr/bin/python /CMAPSS-release/scipt/test_model.py --sub-dataset FD004 --smooth-rate 40 --sequence-len 30 --feature-num 14 --dataset-root /CMAPSS-release/CMAPSSData/ --max-rul 125 --batch-size 128 --model-path /CMAPSS-release/logs/FD004_FD004_B_BC_20260422_054641/seed62/model_FD004_0422_113157_seed62.pkl
model_path:/CMAPSS-release/logs/FD004_FD004_B_BC_20260422_054641/seed62/model_FD004_0422_113157_seed62.pkl
rmse_final:17.413496017456055, score:2582.1455078125
