-----FD002-----
关键参数:
序列长度: 30
批大小(batch_size): 128
最大训练轮数(max_epochs): 30
随机数种子: 33
模型代号(model_code): FD002_B_BC_20260422_054641
模型结构(model_structure): encoderdecoder
消融预设(ablation_preset): B - Full-connected graph + GAT-LSTM with encoder and decoder (AOF off)
学习率: 0.002
学习率调度器: step
Step步长(step_size): 10
Step衰减系数(gamma): 0.1
空间GAT: 开启
是否使用解码器LSTM: 是
是否使用AOF: 否
Decoder注意力隐层维度: 28
图构建模式(graph_mode): dynamic_knn
GAT层数(num_layers): 2
GAT邻居数(topk): 14
GAT嵌入维度: 8
GAT隐藏层维度: 8
------------------------------
Epoch: 1, Loss: 25.4144, Rmse_valid: 21.3348, valid_score: 46335.8, , rmse_test: 20.3270, score_test: 1820.8, Learning rate:0.00200000
Epoch: 2, Loss: 19.6726, Rmse_valid: 17.9828, valid_score: 39118.4, , rmse_test: 15.7227, score_test: 1107.0, Learning rate:0.00200000
Epoch: 3, Loss: 17.8461, Rmse_valid: 19.1863, valid_score: 49275.1, , rmse_test: 17.7884, score_test: 1730.0, Learning rate:0.00200000
Epoch: 4, Loss: 17.2255, Rmse_valid: 16.9059, valid_score: 36279.8, , rmse_test: 14.1831, score_test: 1032.0, Learning rate:0.00200000
Epoch: 5, Loss: 16.5978, Rmse_valid: 17.6643, valid_score: 33560.9, , rmse_test: 15.2623, score_test: 1028.2, Learning rate:0.00200000
Epoch: 6, Loss: 16.2065, Rmse_valid: 15.8195, valid_score: 25018.1, , rmse_test: 14.1699, score_test: 818.1, Learning rate:0.00200000
Epoch: 7, Loss: 16.0805, Rmse_valid: 18.7923, valid_score: 83310.9, , rmse_test: 15.2196, score_test: 1992.2, Learning rate:0.00200000
Epoch: 8, Loss: 15.7799, Rmse_valid: 15.2874, valid_score: 35622.3, , rmse_test: 13.6438, score_test: 1102.9, Learning rate:0.00200000
Epoch: 9, Loss: 15.5344, Rmse_valid: 20.5482, valid_score: 53900.5, , rmse_test: 19.0141, score_test: 2162.3, Learning rate:0.00200000
Epoch: 10, Loss: 15.4456, Rmse_valid: 18.0534, valid_score: 57522.7, , rmse_test: 16.8036, score_test: 1787.2, Learning rate:0.00200000
Epoch: 11, Loss: 13.2939, Rmse_valid: 14.5581, valid_score: 26723.3, , rmse_test: 13.1621, score_test: 964.3, Learning rate:0.00020000
Epoch: 12, Loss: 13.1601, Rmse_valid: 14.6997, valid_score: 23171.4, , rmse_test: 13.1930, score_test: 873.6, Learning rate:0.00020000
Epoch: 13, Loss: 13.0778, Rmse_valid: 14.6919, valid_score: 24763.0, , rmse_test: 13.2836, score_test: 965.6, Learning rate:0.00020000
Epoch: 14, Loss: 13.0300, Rmse_valid: 14.8353, valid_score: 25098.1, , rmse_test: 13.2090, score_test: 918.0, Learning rate:0.00020000
Epoch: 15, Loss: 12.9762, Rmse_valid: 14.4530, valid_score: 24940.7, , rmse_test: 13.2210, score_test: 994.7, Learning rate:0.00020000
Epoch: 16, Loss: 12.9253, Rmse_valid: 14.5913, valid_score: 26621.1, , rmse_test: 13.0374, score_test: 966.6, Learning rate:0.00020000
Epoch: 17, Loss: 12.8949, Rmse_valid: 14.8496, valid_score: 30547.1, , rmse_test: 13.4366, score_test: 1082.3, Learning rate:0.00020000
Epoch: 18, Loss: 12.8465, Rmse_valid: 14.8672, valid_score: 30415.0, , rmse_test: 13.5706, score_test: 1070.1, Learning rate:0.00020000
Epoch: 19, Loss: 12.8092, Rmse_valid: 14.6557, valid_score: 30685.7, , rmse_test: 13.6029, score_test: 1155.1, Learning rate:0.00020000
Epoch: 20, Loss: 12.7898, Rmse_valid: 14.7751, valid_score: 28005.8, , rmse_test: 13.2506, score_test: 1045.9, Learning rate:0.00020000
Epoch: 21, Loss: 12.6578, Rmse_valid: 14.6947, valid_score: 27056.8, , rmse_test: 13.1575, score_test: 996.7, Learning rate:0.00002000
Epoch: 22, Loss: 12.6481, Rmse_valid: 14.7095, valid_score: 27129.1, , rmse_test: 13.1635, score_test: 996.5, Learning rate:0.00002000
Epoch: 23, Loss: 12.6424, Rmse_valid: 14.6809, valid_score: 27212.3, , rmse_test: 13.1849, score_test: 1021.4, Learning rate:0.00002000
Epoch: 24, Loss: 12.6368, Rmse_valid: 14.6914, valid_score: 27529.9, , rmse_test: 13.2928, score_test: 1023.6, Learning rate:0.00002000
Epoch: 25, Loss: 12.6341, Rmse_valid: 14.6270, valid_score: 27337.3, , rmse_test: 13.2498, score_test: 1011.6, Learning rate:0.00002000
Epoch: 26, Loss: 12.6288, Rmse_valid: 14.7409, valid_score: 26642.3, , rmse_test: 13.2125, score_test: 1005.9, Learning rate:0.00002000
Epoch: 27, Loss: 12.6272, Rmse_valid: 14.6742, valid_score: 27261.9, , rmse_test: 13.1554, score_test: 1023.1, Learning rate:0.00002000
Epoch: 28, Loss: 12.6239, Rmse_valid: 14.6622, valid_score: 27137.3, , rmse_test: 13.1782, score_test: 1008.4, Learning rate:0.00002000
Epoch: 29, Loss: 12.6188, Rmse_valid: 14.6998, valid_score: 27585.3, , rmse_test: 13.2248, score_test: 1027.6, Learning rate:0.00002000
Epoch: 30, Loss: 12.6148, Rmse_valid: 14.8408, valid_score: 26170.1, , rmse_test: 13.2614, score_test: 992.2, Learning rate:0.00002000
[Train Summary] Restored best model from epoch 15, rmse_valid: 14.4530, valid_score: 24940.7, rmse_test: 13.2210, score_test: 994.7
[Train Time] start: 2026-04-22 06:49:36, end: 2026-04-22 06:55:19, duration: 0:05:43, total_seconds: 342.82
[Auto Test] command: /usr/bin/python /CMAPSS-release/scipt/test_model.py --sub-dataset FD002 --smooth-rate 40 --sequence-len 30 --feature-num 14 --dataset-root /CMAPSS-release/CMAPSSData/ --max-rul 125 --batch-size 128 --model-path /CMAPSS-release/logs/FD002_FD002_B_BC_20260422_054641/seed33/model_FD002_0422_064936_seed33.pkl
model_path:/CMAPSS-release/logs/FD002_FD002_B_BC_20260422_054641/seed33/model_FD002_0422_064936_seed33.pkl
rmse_final:13.170547485351562, score:961.4201049804688
