-----FD001-----
关键参数:
序列长度: 30
批大小(batch_size): 128
最大训练轮数(max_epochs): 30
随机数种子: 2
模型代号(model_code): FD001_F
模型结构(model_structure): encoderdecoder
消融预设(ablation_preset): F - KNN graph + GAT + EncoderDecoder-LSTM without AOF
学习率: 0.002
学习率调度器: step
Step步长(step_size): 10
Step衰减系数(gamma): 0.1
空间GAT: 开启
是否使用解码器LSTM: 是
是否使用AOF: 否
Decoder注意力隐层维度: 28
图构建模式(graph_mode): dynamic_knn
GAT层数(num_layers): 2
GAT邻居数(topk): 7
GAT嵌入维度: 8
GAT隐藏层维度: 8
------------------------------
Epoch: 1, Loss: 23.9290, Rmse_valid: 21.0896, valid_score: 31022.4, , rmse_test: 24.9413, score_test: 4244.6, Learning rate:0.00200000
Epoch: 2, Loss: 17.9725, Rmse_valid: 13.5463, valid_score: 6550.9, , rmse_test: 16.2407, score_test: 412.6, Learning rate:0.00200000
Epoch: 3, Loss: 13.9694, Rmse_valid: 11.7266, valid_score: 5724.3, , rmse_test: 14.7122, score_test: 390.6, Learning rate:0.00200000
Epoch: 4, Loss: 13.0039, Rmse_valid: 11.0759, valid_score: 3651.4, , rmse_test: 14.7441, score_test: 405.4, Learning rate:0.00200000
Epoch: 5, Loss: 12.2814, Rmse_valid: 12.8434, valid_score: 6719.0, , rmse_test: 17.0740, score_test: 667.8, Learning rate:0.00200000
Epoch: 6, Loss: 11.8099, Rmse_valid: 12.2234, valid_score: 5086.5, , rmse_test: 15.5591, score_test: 539.4, Learning rate:0.00200000
Epoch: 7, Loss: 11.6137, Rmse_valid: 11.2985, valid_score: 3308.4, , rmse_test: 14.5404, score_test: 305.0, Learning rate:0.00200000
Epoch: 8, Loss: 11.3251, Rmse_valid: 12.3709, valid_score: 6833.2, , rmse_test: 15.4854, score_test: 455.1, Learning rate:0.00200000
Epoch: 9, Loss: 11.0504, Rmse_valid: 11.9502, valid_score: 5262.5, , rmse_test: 15.0077, score_test: 371.2, Learning rate:0.00200000
Epoch: 10, Loss: 10.9021, Rmse_valid: 11.9267, valid_score: 5453.8, , rmse_test: 15.1621, score_test: 405.3, Learning rate:0.00200000
Epoch: 11, Loss: 9.8331, Rmse_valid: 11.3486, valid_score: 5088.3, , rmse_test: 14.9187, score_test: 378.8, Learning rate:0.00020000
Epoch: 12, Loss: 9.7521, Rmse_valid: 11.9241, valid_score: 4931.8, , rmse_test: 15.0716, score_test: 363.5, Learning rate:0.00020000
Epoch: 13, Loss: 9.6846, Rmse_valid: 11.5650, valid_score: 4619.2, , rmse_test: 15.1460, score_test: 360.5, Learning rate:0.00020000
Epoch: 14, Loss: 9.6239, Rmse_valid: 11.1762, valid_score: 5029.0, , rmse_test: 15.2528, score_test: 380.9, Learning rate:0.00020000
Epoch: 15, Loss: 9.5626, Rmse_valid: 11.3376, valid_score: 5248.1, , rmse_test: 15.4166, score_test: 399.3, Learning rate:0.00020000
Epoch: 16, Loss: 9.5279, Rmse_valid: 11.7387, valid_score: 5627.1, , rmse_test: 15.4467, score_test: 422.0, Learning rate:0.00020000
Epoch: 17, Loss: 9.4759, Rmse_valid: 11.4860, valid_score: 5538.6, , rmse_test: 15.5490, score_test: 415.0, Learning rate:0.00020000
Epoch: 18, Loss: 9.4351, Rmse_valid: 11.6104, valid_score: 5910.4, , rmse_test: 15.5389, score_test: 425.8, Learning rate:0.00020000
Epoch: 19, Loss: 9.3883, Rmse_valid: 11.5348, valid_score: 5456.4, , rmse_test: 15.6363, score_test: 433.0, Learning rate:0.00020000
Epoch: 20, Loss: 9.3560, Rmse_valid: 11.5590, valid_score: 5807.4, , rmse_test: 15.5497, score_test: 418.0, Learning rate:0.00020000
Epoch: 21, Loss: 9.2844, Rmse_valid: 11.6589, valid_score: 5388.6, , rmse_test: 15.5390, score_test: 408.3, Learning rate:0.00002000
Epoch: 22, Loss: 9.2759, Rmse_valid: 11.6787, valid_score: 5486.4, , rmse_test: 15.5636, score_test: 409.6, Learning rate:0.00002000
Epoch: 23, Loss: 9.2614, Rmse_valid: 11.2219, valid_score: 5451.3, , rmse_test: 15.5922, score_test: 413.9, Learning rate:0.00002000
Epoch: 24, Loss: 9.2559, Rmse_valid: 11.5254, valid_score: 5432.7, , rmse_test: 15.5746, score_test: 411.8, Learning rate:0.00002000
Epoch: 25, Loss: 9.2530, Rmse_valid: 12.0327, valid_score: 5663.6, , rmse_test: 15.6278, score_test: 422.2, Learning rate:0.00002000
Epoch: 26, Loss: 9.2548, Rmse_valid: 11.5090, valid_score: 5489.5, , rmse_test: 15.5859, score_test: 412.7, Learning rate:0.00002000
Epoch: 27, Loss: 9.2535, Rmse_valid: 11.6855, valid_score: 5424.0, , rmse_test: 15.6077, score_test: 413.6, Learning rate:0.00002000
Epoch: 28, Loss: 9.2360, Rmse_valid: 11.3367, valid_score: 5479.9, , rmse_test: 15.6185, score_test: 415.7, Learning rate:0.00002000
Epoch: 29, Loss: 9.2295, Rmse_valid: 11.6962, valid_score: 5578.5, , rmse_test: 15.6209, score_test: 420.4, Learning rate:0.00002000
Epoch: 30, Loss: 9.2323, Rmse_valid: 11.6825, valid_score: 5579.1, , rmse_test: 15.6189, score_test: 418.3, Learning rate:0.00002000
[Train Summary] Restored best model from epoch 4, rmse_valid: 11.0759, valid_score: 3651.4, rmse_test: 14.7441, score_test: 405.4
[Train Time] start: 2026-04-20 23:37:04, end: 2026-04-20 23:39:36, duration: 0:02:32, total_seconds: 151.98
[Auto Test] command: /usr/bin/python /CMAPSS-release/scipt/test_model.py --sub-dataset FD001 --smooth-rate 40 --sequence-len 30 --feature-num 14 --dataset-root /CMAPSS-release/CMAPSSData/ --max-rul 125 --batch-size 128 --model-path /CMAPSS-release/logs/FD001_FD001_F/seed2/model_FD001_0420_233704_seed2.pkl
model_path:/CMAPSS-release/logs/FD001_FD001_F/seed2/model_FD001_0420_233704_seed2.pkl
rmse_final:14.62805461883545, score:393.5076904296875
