-----FD003-----
关键参数:
序列长度: 30
批大小(batch_size): 128
最大训练轮数(max_epochs): 30
随机数种子: 33
模型代号(model_code): A_AEF_0FF
模型结构(model_structure): encoderdecoder
消融预设(ablation_preset): A_AEF_0FF - KNN graph + GAT-LSTM with encoder and decoder (AEF off)
学习率: 0.002
学习率调度器: step
Step步长(step_size): 10
Step衰减系数(gamma): 0.1
空间GAT: 开启
是否使用解码器LSTM: 是
是否使用AEF: 否
Decoder注意力隐层维度: 28
图构建模式(graph_mode): dynamic_knn
GAT层数(num_layers): 2
GAT邻居数(topk): 7
GAT嵌入维度: 8
GAT隐藏层维度: 8
------------------------------
Epoch: 1, Loss: 22.5289, Rmse_valid: 19.3671, valid_score: 24640.8, , rmse_test: 23.0895, score_test: 3258.8, Learning rate:0.00200000
Epoch: 2, Loss: 18.9889, Rmse_valid: 18.5292, valid_score: 23184.0, , rmse_test: 23.2428, score_test: 3229.4, Learning rate:0.00200000
Epoch: 3, Loss: 18.5614, Rmse_valid: 16.6611, valid_score: 15748.7, , rmse_test: 22.2254, score_test: 2375.6, Learning rate:0.00200000
Epoch: 4, Loss: 17.6911, Rmse_valid: 17.9422, valid_score: 19266.2, , rmse_test: 20.8251, score_test: 2055.9, Learning rate:0.00200000
Epoch: 5, Loss: 16.4431, Rmse_valid: 16.0516, valid_score: 11627.0, , rmse_test: 18.2002, score_test: 1053.5, Learning rate:0.00200000
Epoch: 6, Loss: 15.0052, Rmse_valid: 14.0236, valid_score: 9363.2, , rmse_test: 17.4784, score_test: 1094.9, Learning rate:0.00200000
Epoch: 7, Loss: 13.6647, Rmse_valid: 12.4180, valid_score: 12294.3, , rmse_test: 20.1305, score_test: 2192.9, Learning rate:0.00200000
Epoch: 8, Loss: 12.9826, Rmse_valid: 12.9143, valid_score: 8148.7, , rmse_test: 17.7286, score_test: 1100.9, Learning rate:0.00200000
Epoch: 9, Loss: 12.3439, Rmse_valid: 13.7502, valid_score: 8463.6, , rmse_test: 16.0262, score_test: 1049.9, Learning rate:0.00200000
Epoch: 10, Loss: 12.0458, Rmse_valid: 15.7716, valid_score: 11676.5, , rmse_test: 17.9867, score_test: 1100.5, Learning rate:0.00200000
Epoch: 11, Loss: 10.2127, Rmse_valid: 11.0071, valid_score: 8466.5, , rmse_test: 17.4089, score_test: 1482.9, Learning rate:0.00020000
Epoch: 12, Loss: 9.9147, Rmse_valid: 10.7866, valid_score: 8115.2, , rmse_test: 17.3740, score_test: 1409.4, Learning rate:0.00020000
Epoch: 13, Loss: 9.7614, Rmse_valid: 10.5104, valid_score: 7709.5, , rmse_test: 17.5358, score_test: 1487.7, Learning rate:0.00020000
Epoch: 14, Loss: 9.6395, Rmse_valid: 10.4577, valid_score: 8785.2, , rmse_test: 17.7539, score_test: 1589.7, Learning rate:0.00020000
Epoch: 15, Loss: 9.5259, Rmse_valid: 10.3702, valid_score: 8060.0, , rmse_test: 17.4913, score_test: 1506.4, Learning rate:0.00020000
Epoch: 16, Loss: 9.4469, Rmse_valid: 10.4901, valid_score: 7262.2, , rmse_test: 17.4147, score_test: 1500.5, Learning rate:0.00020000
Epoch: 17, Loss: 9.3463, Rmse_valid: 10.5177, valid_score: 8212.4, , rmse_test: 17.5703, score_test: 1511.5, Learning rate:0.00020000
Epoch: 18, Loss: 9.2912, Rmse_valid: 10.4479, valid_score: 7798.3, , rmse_test: 17.1675, score_test: 1380.0, Learning rate:0.00020000
Epoch: 19, Loss: 9.2009, Rmse_valid: 10.1130, valid_score: 7738.7, , rmse_test: 17.3192, score_test: 1450.7, Learning rate:0.00020000
Epoch: 20, Loss: 9.1391, Rmse_valid: 10.6208, valid_score: 8031.5, , rmse_test: 17.4164, score_test: 1605.0, Learning rate:0.00020000
Epoch: 21, Loss: 8.9811, Rmse_valid: 10.1742, valid_score: 7868.2, , rmse_test: 17.5547, score_test: 1606.1, Learning rate:0.00002000
Epoch: 22, Loss: 8.9616, Rmse_valid: 10.1236, valid_score: 7847.4, , rmse_test: 17.5100, score_test: 1572.0, Learning rate:0.00002000
Epoch: 23, Loss: 8.9545, Rmse_valid: 10.1271, valid_score: 7670.5, , rmse_test: 17.4616, score_test: 1577.1, Learning rate:0.00002000
Epoch: 24, Loss: 8.9481, Rmse_valid: 10.0693, valid_score: 7835.7, , rmse_test: 17.5394, score_test: 1608.1, Learning rate:0.00002000
Epoch: 25, Loss: 8.9424, Rmse_valid: 10.2029, valid_score: 7609.6, , rmse_test: 17.4819, score_test: 1577.4, Learning rate:0.00002000
Epoch: 26, Loss: 8.9315, Rmse_valid: 10.1591, valid_score: 7632.8, , rmse_test: 17.5280, score_test: 1601.9, Learning rate:0.00002000
Epoch: 27, Loss: 8.9244, Rmse_valid: 10.0284, valid_score: 7780.9, , rmse_test: 17.5757, score_test: 1626.6, Learning rate:0.00002000
Epoch: 28, Loss: 8.9160, Rmse_valid: 10.1895, valid_score: 7727.6, , rmse_test: 17.4941, score_test: 1592.0, Learning rate:0.00002000
Epoch: 29, Loss: 8.9090, Rmse_valid: 10.1222, valid_score: 7566.6, , rmse_test: 17.4787, score_test: 1576.7, Learning rate:0.00002000
Epoch: 30, Loss: 8.8997, Rmse_valid: 10.1648, valid_score: 7507.5, , rmse_test: 17.5237, score_test: 1590.2, Learning rate:0.00002000
[Train Summary] Restored best model from epoch 27, rmse_valid: 10.0284, valid_score: 7780.9, rmse_test: 17.5757, score_test: 1626.6
[Train Time] start: 2026-04-25 13:59:59, end: 2026-04-25 14:01:20, duration: 0:01:20, total_seconds: 80.27
[Auto Test] command: /usr/bin/python /CMAPSS-release/scipt/test_model.py --sub-dataset FD003 --smooth-rate 30 --sequence-len 30 --feature-num 14 --dataset-root /CMAPSS-release/CMAPSSData/ --max-rul 125 --batch-size 128 --model-path /CMAPSS-release/logs/FD003_A_AEF_0FF/seed33/model_FD003_0425_135959_seed33.pkl
model_path:/CMAPSS-release/logs/FD003_A_AEF_0FF/seed33/model_FD003_0425_135959_seed33.pkl
rmse_final:17.453367233276367, score:1559.328857421875
