-----FD002-----
关键参数:
序列长度: 30
批大小(batch_size): 128
最大训练轮数(max_epochs): 30
随机数种子: 17
模型代号(model_code): A_AEF_0FF
模型结构(model_structure): encoderdecoder
消融预设(ablation_preset): A_AEF_0FF - KNN graph + GAT-LSTM with encoder and decoder (AEF off)
学习率: 0.002
学习率调度器: step
Step步长(step_size): 10
Step衰减系数(gamma): 0.1
空间GAT: 开启
是否使用解码器LSTM: 是
是否使用AEF: 否
Decoder注意力隐层维度: 28
图构建模式(graph_mode): dynamic_knn
GAT层数(num_layers): 2
GAT邻居数(topk): 7
GAT嵌入维度: 8
GAT隐藏层维度: 8
------------------------------
Epoch: 1, Loss: 25.2347, Rmse_valid: 22.4012, valid_score: 108115.1, , rmse_test: 21.4976, score_test: 5903.1, Learning rate:0.00200000
Epoch: 2, Loss: 21.8849, Rmse_valid: 21.9405, valid_score: 134288.3, , rmse_test: 20.2093, score_test: 4834.6, Learning rate:0.00200000
Epoch: 3, Loss: 20.3112, Rmse_valid: 21.2465, valid_score: 103944.7, , rmse_test: 18.9822, score_test: 3138.4, Learning rate:0.00200000
Epoch: 4, Loss: 19.1379, Rmse_valid: 20.2776, valid_score: 92999.5, , rmse_test: 17.9570, score_test: 2452.7, Learning rate:0.00200000
Epoch: 5, Loss: 18.3239, Rmse_valid: 19.4300, valid_score: 72563.1, , rmse_test: 17.4777, score_test: 2196.7, Learning rate:0.00200000
Epoch: 6, Loss: 17.7142, Rmse_valid: 20.0853, valid_score: 121679.5, , rmse_test: 17.9769, score_test: 2875.1, Learning rate:0.00200000
Epoch: 7, Loss: 17.0911, Rmse_valid: 17.2483, valid_score: 53653.6, , rmse_test: 15.0442, score_test: 1253.3, Learning rate:0.00200000
Epoch: 8, Loss: 16.6926, Rmse_valid: 17.3703, valid_score: 53269.7, , rmse_test: 15.1419, score_test: 1197.0, Learning rate:0.00200000
Epoch: 9, Loss: 16.5394, Rmse_valid: 17.6790, valid_score: 50559.2, , rmse_test: 14.4197, score_test: 1104.1, Learning rate:0.00200000
Epoch: 10, Loss: 16.1854, Rmse_valid: 20.4151, valid_score: 56392.8, , rmse_test: 17.9055, score_test: 1818.6, Learning rate:0.00200000
Epoch: 11, Loss: 14.0206, Rmse_valid: 16.4378, valid_score: 48991.1, , rmse_test: 13.5403, score_test: 920.1, Learning rate:0.00020000
Epoch: 12, Loss: 13.7299, Rmse_valid: 16.2714, valid_score: 52514.7, , rmse_test: 13.5517, score_test: 995.3, Learning rate:0.00020000
Epoch: 13, Loss: 13.6145, Rmse_valid: 16.0290, valid_score: 46862.1, , rmse_test: 13.3979, score_test: 964.0, Learning rate:0.00020000
Epoch: 14, Loss: 13.5569, Rmse_valid: 16.0532, valid_score: 52815.1, , rmse_test: 13.5050, score_test: 1006.1, Learning rate:0.00020000
Epoch: 15, Loss: 13.5043, Rmse_valid: 16.2183, valid_score: 52418.5, , rmse_test: 13.4499, score_test: 1035.7, Learning rate:0.00020000
Epoch: 16, Loss: 13.4679, Rmse_valid: 16.0699, valid_score: 52162.0, , rmse_test: 13.5521, score_test: 1088.7, Learning rate:0.00020000
Epoch: 17, Loss: 13.4084, Rmse_valid: 16.1172, valid_score: 51148.1, , rmse_test: 13.4588, score_test: 1009.4, Learning rate:0.00020000
Epoch: 18, Loss: 13.3765, Rmse_valid: 16.0731, valid_score: 50760.8, , rmse_test: 13.5076, score_test: 1120.4, Learning rate:0.00020000
Epoch: 19, Loss: 13.3244, Rmse_valid: 15.9592, valid_score: 47025.4, , rmse_test: 13.3608, score_test: 1005.4, Learning rate:0.00020000
Epoch: 20, Loss: 13.2987, Rmse_valid: 15.8643, valid_score: 44564.1, , rmse_test: 13.3397, score_test: 964.8, Learning rate:0.00020000
Epoch: 21, Loss: 13.1511, Rmse_valid: 15.8994, valid_score: 54664.4, , rmse_test: 13.4331, score_test: 1046.1, Learning rate:0.00002000
Epoch: 22, Loss: 13.1387, Rmse_valid: 15.8570, valid_score: 53470.3, , rmse_test: 13.4488, score_test: 1036.1, Learning rate:0.00002000
Epoch: 23, Loss: 13.1294, Rmse_valid: 15.9769, valid_score: 52321.3, , rmse_test: 13.4142, score_test: 1025.4, Learning rate:0.00002000
Epoch: 24, Loss: 13.1261, Rmse_valid: 15.7783, valid_score: 54420.4, , rmse_test: 13.4399, score_test: 1042.5, Learning rate:0.00002000
Epoch: 25, Loss: 13.1205, Rmse_valid: 15.9522, valid_score: 53065.1, , rmse_test: 13.4795, score_test: 1038.9, Learning rate:0.00002000
Epoch: 26, Loss: 13.1181, Rmse_valid: 15.7944, valid_score: 54361.5, , rmse_test: 13.4576, score_test: 1044.3, Learning rate:0.00002000
Epoch: 27, Loss: 13.1131, Rmse_valid: 15.8163, valid_score: 54008.4, , rmse_test: 13.4485, score_test: 1050.1, Learning rate:0.00002000
Epoch: 28, Loss: 13.1089, Rmse_valid: 15.9329, valid_score: 54209.6, , rmse_test: 13.4482, score_test: 1041.3, Learning rate:0.00002000
Epoch: 29, Loss: 13.1030, Rmse_valid: 15.7831, valid_score: 52385.1, , rmse_test: 13.3830, score_test: 1007.4, Learning rate:0.00002000
Epoch: 30, Loss: 13.0992, Rmse_valid: 15.7430, valid_score: 51545.1, , rmse_test: 13.3986, score_test: 1045.9, Learning rate:0.00002000
[Train Summary] Restored best model from epoch 30, rmse_valid: 15.7430, valid_score: 51545.1, rmse_test: 13.3986, score_test: 1045.9
[Train Time] start: 2026-04-25 13:14:33, end: 2026-04-25 13:18:04, duration: 0:03:31, total_seconds: 210.84
[Auto Test] command: /usr/bin/python /CMAPSS-release/scipt/test_model.py --sub-dataset FD002 --smooth-rate 40 --sequence-len 30 --feature-num 14 --dataset-root /CMAPSS-release/CMAPSSData/ --max-rul 125 --batch-size 128 --model-path /CMAPSS-release/logs/FD002_A_AEF_0FF/seed17/model_FD002_0425_131433_seed17.pkl
model_path:/CMAPSS-release/logs/FD002_A_AEF_0FF/seed17/model_FD002_0425_131433_seed17.pkl
rmse_final:13.353379249572754, score:1005.9739379882812
