-----FD004-----
关键参数:
序列长度: 30
批大小(batch_size): 128
最大训练轮数(max_epochs): 30
随机数种子: 27
模型代号(model_code): A_AEF_0FF
模型结构(model_structure): encoderdecoder
消融预设(ablation_preset): A_AEF_0FF - KNN graph + GAT-LSTM with encoder and decoder (AEF off)
学习率: 0.002
学习率调度器: step
Step步长(step_size): 10
Step衰减系数(gamma): 0.1
空间GAT: 开启
是否使用解码器LSTM: 是
是否使用AEF: 否
Decoder注意力隐层维度: 28
图构建模式(graph_mode): dynamic_knn
GAT层数(num_layers): 2
GAT邻居数(topk): 7
GAT嵌入维度: 8
GAT隐藏层维度: 8
------------------------------
Epoch: 1, Loss: 26.6153, Rmse_valid: 22.8939, valid_score: 147956.5, , rmse_test: 26.7831, score_test: 21223.3, Learning rate:0.00200000
Epoch: 2, Loss: 23.1809, Rmse_valid: 22.4712, valid_score: 107292.3, , rmse_test: 25.8622, score_test: 18178.7, Learning rate:0.00200000
Epoch: 3, Loss: 22.4351, Rmse_valid: 20.6305, valid_score: 49066.1, , rmse_test: 23.5976, score_test: 5132.4, Learning rate:0.00200000
Epoch: 4, Loss: 21.4989, Rmse_valid: 20.4453, valid_score: 56282.8, , rmse_test: 23.0296, score_test: 5303.1, Learning rate:0.00200000
Epoch: 5, Loss: 20.5810, Rmse_valid: 19.8954, valid_score: 48080.4, , rmse_test: 21.2376, score_test: 3119.1, Learning rate:0.00200000
Epoch: 6, Loss: 19.9084, Rmse_valid: 20.1892, valid_score: 121756.6, , rmse_test: 21.0839, score_test: 3671.4, Learning rate:0.00200000
Epoch: 7, Loss: 19.4289, Rmse_valid: 18.5350, valid_score: 72603.1, , rmse_test: 19.7073, score_test: 3634.3, Learning rate:0.00200000
Epoch: 8, Loss: 18.9517, Rmse_valid: 18.8616, valid_score: 43925.3, , rmse_test: 19.7851, score_test: 2468.4, Learning rate:0.00200000
Epoch: 9, Loss: 18.6299, Rmse_valid: 17.4780, valid_score: 42703.2, , rmse_test: 19.3125, score_test: 3106.9, Learning rate:0.00200000
Epoch: 10, Loss: 18.2282, Rmse_valid: 17.5681, valid_score: 28099.5, , rmse_test: 19.8634, score_test: 2438.0, Learning rate:0.00200000
Epoch: 11, Loss: 16.5048, Rmse_valid: 16.8343, valid_score: 37429.9, , rmse_test: 19.4345, score_test: 3717.7, Learning rate:0.00020000
Epoch: 12, Loss: 16.2535, Rmse_valid: 16.6700, valid_score: 40085.6, , rmse_test: 18.8577, score_test: 3069.9, Learning rate:0.00020000
Epoch: 13, Loss: 16.1112, Rmse_valid: 16.3553, valid_score: 31125.0, , rmse_test: 18.5723, score_test: 2442.3, Learning rate:0.00020000
Epoch: 14, Loss: 15.9819, Rmse_valid: 16.5860, valid_score: 34433.8, , rmse_test: 18.9983, score_test: 3185.0, Learning rate:0.00020000
Epoch: 15, Loss: 15.8837, Rmse_valid: 16.4850, valid_score: 38195.1, , rmse_test: 18.5465, score_test: 2751.5, Learning rate:0.00020000
Epoch: 16, Loss: 15.7709, Rmse_valid: 16.4567, valid_score: 32851.8, , rmse_test: 18.5438, score_test: 2356.4, Learning rate:0.00020000
Epoch: 17, Loss: 15.6698, Rmse_valid: 16.1310, valid_score: 30394.4, , rmse_test: 18.2681, score_test: 2663.8, Learning rate:0.00020000
Epoch: 18, Loss: 15.5974, Rmse_valid: 15.9368, valid_score: 31870.8, , rmse_test: 18.4852, score_test: 2872.5, Learning rate:0.00020000
Epoch: 19, Loss: 15.5129, Rmse_valid: 16.2798, valid_score: 32717.5, , rmse_test: 18.5922, score_test: 2810.7, Learning rate:0.00020000
Epoch: 20, Loss: 15.4387, Rmse_valid: 16.1374, valid_score: 35452.2, , rmse_test: 18.2109, score_test: 2359.5, Learning rate:0.00020000
Epoch: 21, Loss: 15.2724, Rmse_valid: 16.0378, valid_score: 31319.8, , rmse_test: 18.3111, score_test: 2573.1, Learning rate:0.00002000
Epoch: 22, Loss: 15.2508, Rmse_valid: 15.9112, valid_score: 30549.6, , rmse_test: 18.3395, score_test: 2522.1, Learning rate:0.00002000
Epoch: 23, Loss: 15.2391, Rmse_valid: 15.8279, valid_score: 31656.9, , rmse_test: 18.3675, score_test: 2679.5, Learning rate:0.00002000
Epoch: 24, Loss: 15.2348, Rmse_valid: 16.0238, valid_score: 30937.7, , rmse_test: 18.2951, score_test: 2484.1, Learning rate:0.00002000
Epoch: 25, Loss: 15.2273, Rmse_valid: 15.8405, valid_score: 29761.3, , rmse_test: 18.2943, score_test: 2502.5, Learning rate:0.00002000
Epoch: 26, Loss: 15.2161, Rmse_valid: 16.0417, valid_score: 30035.4, , rmse_test: 18.2364, score_test: 2382.4, Learning rate:0.00002000
Epoch: 27, Loss: 15.2089, Rmse_valid: 16.0833, valid_score: 30445.2, , rmse_test: 18.3424, score_test: 2613.6, Learning rate:0.00002000
Epoch: 28, Loss: 15.1994, Rmse_valid: 15.8875, valid_score: 30179.5, , rmse_test: 18.3452, score_test: 2672.0, Learning rate:0.00002000
Epoch: 29, Loss: 15.1911, Rmse_valid: 15.8639, valid_score: 31256.8, , rmse_test: 18.3536, score_test: 2652.0, Learning rate:0.00002000
Epoch: 30, Loss: 15.1831, Rmse_valid: 15.6334, valid_score: 29296.0, , rmse_test: 18.3278, score_test: 2554.5, Learning rate:0.00002000
[Train Summary] Restored best model from epoch 30, rmse_valid: 15.6334, valid_score: 29296.0, rmse_test: 18.3278, score_test: 2554.5
[Train Time] start: 2026-04-25 14:19:43, end: 2026-04-25 14:23:32, duration: 0:03:50, total_seconds: 229.66
[Auto Test] command: /usr/bin/python /CMAPSS-release/scipt/test_model.py --sub-dataset FD004 --smooth-rate 40 --sequence-len 30 --feature-num 14 --dataset-root /CMAPSS-release/CMAPSSData/ --max-rul 125 --batch-size 128 --model-path /CMAPSS-release/logs/FD004_A_AEF_0FF/seed27/model_FD004_0425_141943_seed27.pkl
model_path:/CMAPSS-release/logs/FD004_A_AEF_0FF/seed27/model_FD004_0425_141943_seed27.pkl
rmse_final:18.26518440246582, score:2490.824462890625
