-----FD002-----
关键参数:
序列长度: 30
批大小(batch_size): 128
最大训练轮数(max_epochs): 30
随机数种子: 97
模型代号(model_code): FD002_B
模型结构(model_structure): encoderdecoder
消融预设(ablation_preset): B - Path graph + GAT + EncoderDecoder-LSTM without AOF
学习率: 0.002
学习率调度器: step
Step步长(step_size): 10
Step衰减系数(gamma): 0.1
空间GAT: 开启
是否使用解码器LSTM: 是
是否使用AOF: 否
Decoder注意力隐层维度: 28
图构建模式(graph_mode): path
GAT层数(num_layers): 2
GAT邻居数(topk): 7
GAT嵌入维度: 8
GAT隐藏层维度: 8
------------------------------
Epoch: 1, Loss: 28.0478, Rmse_valid: 25.8794, valid_score: 324591.3, , rmse_test: 24.0403, score_test: 15295.9, Learning rate:0.00200000
Epoch: 2, Loss: 21.4642, Rmse_valid: 23.4600, valid_score: 63920.9, , rmse_test: 24.9978, score_test: 3599.4, Learning rate:0.00200000
Epoch: 3, Loss: 18.6041, Rmse_valid: 17.8272, valid_score: 41834.3, , rmse_test: 14.7112, score_test: 1006.5, Learning rate:0.00200000
Epoch: 4, Loss: 17.5253, Rmse_valid: 17.8526, valid_score: 47793.7, , rmse_test: 15.9950, score_test: 1319.5, Learning rate:0.00200000
Epoch: 5, Loss: 17.0435, Rmse_valid: 17.9130, valid_score: 27531.6, , rmse_test: 15.2358, score_test: 878.7, Learning rate:0.00200000
Epoch: 6, Loss: 16.5346, Rmse_valid: 17.2435, valid_score: 34392.6, , rmse_test: 14.6207, score_test: 899.7, Learning rate:0.00200000
Epoch: 7, Loss: 16.2320, Rmse_valid: 21.4245, valid_score: 70418.1, , rmse_test: 19.8366, score_test: 2850.7, Learning rate:0.00200000
Epoch: 8, Loss: 16.0654, Rmse_valid: 17.9864, valid_score: 42558.8, , rmse_test: 15.7481, score_test: 1233.8, Learning rate:0.00200000
Epoch: 9, Loss: 15.6293, Rmse_valid: 16.7141, valid_score: 23198.1, , rmse_test: 14.7922, score_test: 790.5, Learning rate:0.00200000
Epoch: 10, Loss: 15.5944, Rmse_valid: 17.8266, valid_score: 37311.9, , rmse_test: 16.4438, score_test: 1357.9, Learning rate:0.00200000
Epoch: 11, Loss: 13.7901, Rmse_valid: 15.5862, valid_score: 42198.9, , rmse_test: 13.8286, score_test: 1004.9, Learning rate:0.00020000
Epoch: 12, Loss: 13.6458, Rmse_valid: 15.8355, valid_score: 48739.3, , rmse_test: 13.8599, score_test: 1077.6, Learning rate:0.00020000
Epoch: 13, Loss: 13.5591, Rmse_valid: 15.6224, valid_score: 41172.4, , rmse_test: 13.6062, score_test: 959.0, Learning rate:0.00020000
Epoch: 14, Loss: 13.4938, Rmse_valid: 15.6112, valid_score: 43432.4, , rmse_test: 13.9467, score_test: 1088.7, Learning rate:0.00020000
Epoch: 15, Loss: 13.4408, Rmse_valid: 15.4605, valid_score: 43538.5, , rmse_test: 13.6826, score_test: 1036.6, Learning rate:0.00020000
Epoch: 16, Loss: 13.3952, Rmse_valid: 15.6289, valid_score: 44492.6, , rmse_test: 13.7816, score_test: 1104.5, Learning rate:0.00020000
Epoch: 17, Loss: 13.3570, Rmse_valid: 15.8425, valid_score: 47844.4, , rmse_test: 13.9909, score_test: 1143.3, Learning rate:0.00020000
Epoch: 18, Loss: 13.3198, Rmse_valid: 15.5403, valid_score: 43130.0, , rmse_test: 13.7900, score_test: 1059.7, Learning rate:0.00020000
Epoch: 19, Loss: 13.2807, Rmse_valid: 15.7166, valid_score: 47692.3, , rmse_test: 13.9773, score_test: 1165.2, Learning rate:0.00020000
Epoch: 20, Loss: 13.2220, Rmse_valid: 15.3533, valid_score: 38211.5, , rmse_test: 13.8694, score_test: 1092.2, Learning rate:0.00020000
Epoch: 21, Loss: 13.1226, Rmse_valid: 15.6162, valid_score: 44745.5, , rmse_test: 13.7491, score_test: 1046.8, Learning rate:0.00002000
Epoch: 22, Loss: 13.1115, Rmse_valid: 15.6409, valid_score: 44981.8, , rmse_test: 13.7933, score_test: 1069.2, Learning rate:0.00002000
Epoch: 23, Loss: 13.1078, Rmse_valid: 15.5555, valid_score: 45817.4, , rmse_test: 13.7342, score_test: 1063.2, Learning rate:0.00002000
Epoch: 24, Loss: 13.1030, Rmse_valid: 15.7085, valid_score: 46002.4, , rmse_test: 13.7392, score_test: 1050.5, Learning rate:0.00002000
Epoch: 25, Loss: 13.0980, Rmse_valid: 15.6213, valid_score: 46625.2, , rmse_test: 13.7711, score_test: 1071.9, Learning rate:0.00002000
Epoch: 26, Loss: 13.0943, Rmse_valid: 15.5378, valid_score: 46242.7, , rmse_test: 13.8016, score_test: 1070.4, Learning rate:0.00002000
Epoch: 27, Loss: 13.0889, Rmse_valid: 15.5746, valid_score: 45764.9, , rmse_test: 13.7707, score_test: 1061.1, Learning rate:0.00002000
Epoch: 28, Loss: 13.0842, Rmse_valid: 15.6631, valid_score: 47555.9, , rmse_test: 13.7689, score_test: 1083.0, Learning rate:0.00002000
Epoch: 29, Loss: 13.0804, Rmse_valid: 15.8265, valid_score: 47710.0, , rmse_test: 13.7837, score_test: 1092.3, Learning rate:0.00002000
Epoch: 30, Loss: 13.0747, Rmse_valid: 15.5174, valid_score: 48024.5, , rmse_test: 13.7641, score_test: 1084.7, Learning rate:0.00002000
[Train Summary] Restored best model from epoch 20, rmse_valid: 15.3533, valid_score: 38211.5, rmse_test: 13.8694, score_test: 1092.2
[Train Time] start: 2026-04-20 04:34:06, end: 2026-04-20 04:39:21, duration: 0:05:15, total_seconds: 314.78
[Auto Test] command: /usr/bin/python /CMAPSS-release/scipt/test_model.py --sub-dataset FD002 --smooth-rate 40 --sequence-len 30 --feature-num 14 --dataset-root /CMAPSS-release/CMAPSSData/ --max-rul 125 --batch-size 128 --model-path /CMAPSS-release/logs/FD002_FD002_B/seed97/model_FD002_0420_043406_seed97.pkl
model_path:/CMAPSS-release/logs/FD002_FD002_B/seed97/model_FD002_0420_043406_seed97.pkl
rmse_final:13.829909324645996, score:1054.1190185546875
