-----FD002-----
关键参数:
序列长度: 30
批大小(batch_size): 128
最大训练轮数(max_epochs): 30
随机数种子: 27
模型代号(model_code): FD002_F
模型结构(model_structure): encoderdecoder
消融预设(ablation_preset): F - KNN graph + GAT + EncoderDecoder-LSTM without AOF
学习率: 0.002
学习率调度器: step
Step步长(step_size): 10
Step衰减系数(gamma): 0.1
空间GAT: 开启
是否使用解码器LSTM: 是
是否使用AOF: 否
Decoder注意力隐层维度: 28
图构建模式(graph_mode): dynamic_knn
GAT层数(num_layers): 2
GAT邻居数(topk): 7
GAT嵌入维度: 8
GAT隐藏层维度: 8
------------------------------
Epoch: 1, Loss: 26.2052, Rmse_valid: 23.9029, valid_score: 247577.5, , rmse_test: 22.8726, score_test: 16835.5, Learning rate:0.00200000
Epoch: 2, Loss: 21.8291, Rmse_valid: 19.6064, valid_score: 59232.9, , rmse_test: 17.2205, score_test: 1631.5, Learning rate:0.00200000
Epoch: 3, Loss: 18.0982, Rmse_valid: 17.8543, valid_score: 25501.5, , rmse_test: 15.4140, score_test: 840.7, Learning rate:0.00200000
Epoch: 4, Loss: 17.0052, Rmse_valid: 17.1040, valid_score: 33280.9, , rmse_test: 14.4825, score_test: 968.0, Learning rate:0.00200000
Epoch: 5, Loss: 16.3716, Rmse_valid: 18.9355, valid_score: 48502.5, , rmse_test: 16.5718, score_test: 1455.0, Learning rate:0.00200000
Epoch: 6, Loss: 16.2054, Rmse_valid: 18.5933, valid_score: 45806.0, , rmse_test: 17.1767, score_test: 1715.0, Learning rate:0.00200000
Epoch: 7, Loss: 15.8805, Rmse_valid: 17.9027, valid_score: 27724.5, , rmse_test: 15.8638, score_test: 1069.5, Learning rate:0.00200000
Epoch: 8, Loss: 15.5938, Rmse_valid: 17.0953, valid_score: 21821.5, , rmse_test: 15.5204, score_test: 846.8, Learning rate:0.00200000
Epoch: 9, Loss: 15.3846, Rmse_valid: 15.3657, valid_score: 23350.8, , rmse_test: 13.5940, score_test: 850.3, Learning rate:0.00200000
Epoch: 10, Loss: 15.2307, Rmse_valid: 18.2169, valid_score: 26692.6, , rmse_test: 15.5831, score_test: 1012.0, Learning rate:0.00200000
Epoch: 11, Loss: 13.4928, Rmse_valid: 15.4212, valid_score: 26634.1, , rmse_test: 13.8225, score_test: 1023.9, Learning rate:0.00020000
Epoch: 12, Loss: 13.3983, Rmse_valid: 14.7265, valid_score: 25527.7, , rmse_test: 13.2187, score_test: 995.5, Learning rate:0.00020000
Epoch: 13, Loss: 13.3223, Rmse_valid: 14.7996, valid_score: 25144.9, , rmse_test: 13.2120, score_test: 997.1, Learning rate:0.00020000
Epoch: 14, Loss: 13.2643, Rmse_valid: 14.9645, valid_score: 29635.1, , rmse_test: 13.4174, score_test: 1129.5, Learning rate:0.00020000
Epoch: 15, Loss: 13.2223, Rmse_valid: 15.1472, valid_score: 25349.1, , rmse_test: 13.4987, score_test: 1002.4, Learning rate:0.00020000
Epoch: 16, Loss: 13.1829, Rmse_valid: 14.5823, valid_score: 25448.5, , rmse_test: 13.1891, score_test: 1028.7, Learning rate:0.00020000
Epoch: 17, Loss: 13.1519, Rmse_valid: 14.7644, valid_score: 24383.9, , rmse_test: 13.4082, score_test: 1000.0, Learning rate:0.00020000
Epoch: 18, Loss: 13.1088, Rmse_valid: 14.7256, valid_score: 25550.4, , rmse_test: 13.3914, score_test: 1029.6, Learning rate:0.00020000
Epoch: 19, Loss: 13.0832, Rmse_valid: 14.8679, valid_score: 29649.7, , rmse_test: 13.2365, score_test: 1087.6, Learning rate:0.00020000
Epoch: 20, Loss: 13.0556, Rmse_valid: 14.9000, valid_score: 25549.6, , rmse_test: 13.5114, score_test: 1130.8, Learning rate:0.00020000
Epoch: 21, Loss: 12.9496, Rmse_valid: 14.5834, valid_score: 25220.6, , rmse_test: 13.2371, score_test: 1043.9, Learning rate:0.00002000
Epoch: 22, Loss: 12.9381, Rmse_valid: 14.6732, valid_score: 25103.1, , rmse_test: 13.2026, score_test: 1036.7, Learning rate:0.00002000
Epoch: 23, Loss: 12.9313, Rmse_valid: 14.6527, valid_score: 24840.9, , rmse_test: 13.2509, score_test: 1049.4, Learning rate:0.00002000
Epoch: 24, Loss: 12.9305, Rmse_valid: 14.6622, valid_score: 25142.4, , rmse_test: 13.1789, score_test: 1033.4, Learning rate:0.00002000
Epoch: 25, Loss: 12.9239, Rmse_valid: 14.6869, valid_score: 24553.4, , rmse_test: 13.2129, score_test: 1016.2, Learning rate:0.00002000
Epoch: 26, Loss: 12.9211, Rmse_valid: 14.8345, valid_score: 24531.2, , rmse_test: 13.2182, score_test: 1030.7, Learning rate:0.00002000
Epoch: 27, Loss: 12.9188, Rmse_valid: 14.6000, valid_score: 25003.3, , rmse_test: 13.2063, score_test: 1045.9, Learning rate:0.00002000
Epoch: 28, Loss: 12.9163, Rmse_valid: 14.5339, valid_score: 24885.0, , rmse_test: 13.2372, score_test: 1044.5, Learning rate:0.00002000
Epoch: 29, Loss: 12.9115, Rmse_valid: 14.6722, valid_score: 25597.4, , rmse_test: 13.3330, score_test: 1071.8, Learning rate:0.00002000
Epoch: 30, Loss: 12.9096, Rmse_valid: 14.6090, valid_score: 25289.0, , rmse_test: 13.2756, score_test: 1048.2, Learning rate:0.00002000
[Train Summary] Restored best model from epoch 28, rmse_valid: 14.5339, valid_score: 24885.0, rmse_test: 13.2372, score_test: 1044.5
[Train Time] start: 2026-04-21 00:17:34, end: 2026-04-21 00:23:22, duration: 0:05:48, total_seconds: 347.92
[Auto Test] command: /usr/bin/python /CMAPSS-release/scipt/test_model.py --sub-dataset FD002 --smooth-rate 40 --sequence-len 30 --feature-num 14 --dataset-root /CMAPSS-release/CMAPSSData/ --max-rul 125 --batch-size 128 --model-path /CMAPSS-release/logs/FD002_FD002_F/seed27/model_FD002_0421_001734_seed27.pkl
model_path:/CMAPSS-release/logs/FD002_FD002_F/seed27/model_FD002_0421_001734_seed27.pkl
rmse_final:13.214302062988281, score:1004.2732543945312
