-----FD001-----
关键参数:
序列长度: 30
批大小(batch_size): 128
最大训练轮数(max_epochs): 30
随机数种子: 33
模型代号(model_code): FD001_C_BC_20260422_054641
模型结构(model_structure): encoderdecoder
消融预设(ablation_preset): C - KNN graph + GAT-LSTM with encoder only (no decoder, no AOF)
学习率: 0.002
学习率调度器: step
Step步长(step_size): 10
Step衰减系数(gamma): 0.1
空间GAT: 开启
是否使用解码器LSTM: 否
是否使用AOF: 否
图构建模式(graph_mode): dynamic_knn
GAT层数(num_layers): 2
GAT邻居数(topk): 7
GAT嵌入维度: 8
GAT隐藏层维度: 8
------------------------------
Epoch: 1, Loss: 26.9027, Rmse_valid: 21.0673, valid_score: 23695.6, , rmse_test: 25.8702, score_test: 20028.0, Learning rate:0.00200000
Epoch: 2, Loss: 21.4842, Rmse_valid: 21.2152, valid_score: 29436.1, , rmse_test: 27.1889, score_test: 19553.2, Learning rate:0.00200000
Epoch: 3, Loss: 19.7736, Rmse_valid: 17.2079, valid_score: 17739.0, , rmse_test: 22.8604, score_test: 10540.4, Learning rate:0.00200000
Epoch: 4, Loss: 18.5312, Rmse_valid: 17.1759, valid_score: 7953.9, , rmse_test: 17.5682, score_test: 667.6, Learning rate:0.00200000
Epoch: 5, Loss: 16.7891, Rmse_valid: 15.0827, valid_score: 7935.4, , rmse_test: 18.8314, score_test: 1203.6, Learning rate:0.00200000
Epoch: 6, Loss: 15.4500, Rmse_valid: 18.7173, valid_score: 9066.2, , rmse_test: 20.4805, score_test: 795.3, Learning rate:0.00200000
Epoch: 7, Loss: 14.5839, Rmse_valid: 13.7069, valid_score: 6323.5, , rmse_test: 16.5690, score_test: 425.3, Learning rate:0.00200000
Epoch: 8, Loss: 13.5005, Rmse_valid: 16.7907, valid_score: 8312.0, , rmse_test: 16.9739, score_test: 437.0, Learning rate:0.00200000
Epoch: 9, Loss: 12.9805, Rmse_valid: 13.7986, valid_score: 7480.4, , rmse_test: 15.6362, score_test: 386.9, Learning rate:0.00200000
Epoch: 10, Loss: 12.1916, Rmse_valid: 13.6407, valid_score: 7190.0, , rmse_test: 15.8293, score_test: 471.9, Learning rate:0.00200000
Epoch: 11, Loss: 10.3787, Rmse_valid: 13.0596, valid_score: 7008.3, , rmse_test: 15.1637, score_test: 394.3, Learning rate:0.00020000
Epoch: 12, Loss: 10.1476, Rmse_valid: 12.9391, valid_score: 6760.7, , rmse_test: 15.5682, score_test: 395.1, Learning rate:0.00020000
Epoch: 13, Loss: 10.0428, Rmse_valid: 12.9816, valid_score: 7031.6, , rmse_test: 15.6374, score_test: 477.1, Learning rate:0.00020000
Epoch: 14, Loss: 9.9208, Rmse_valid: 13.2950, valid_score: 6866.9, , rmse_test: 15.6089, score_test: 479.9, Learning rate:0.00020000
Epoch: 15, Loss: 9.8185, Rmse_valid: 13.5415, valid_score: 6701.0, , rmse_test: 15.7052, score_test: 447.1, Learning rate:0.00020000
Epoch: 16, Loss: 9.7301, Rmse_valid: 12.8012, valid_score: 6616.6, , rmse_test: 15.5587, score_test: 445.2, Learning rate:0.00020000
Epoch: 17, Loss: 9.6375, Rmse_valid: 14.2043, valid_score: 6906.3, , rmse_test: 16.1418, score_test: 422.2, Learning rate:0.00020000
Epoch: 18, Loss: 9.5477, Rmse_valid: 13.9677, valid_score: 8135.0, , rmse_test: 15.8535, score_test: 518.4, Learning rate:0.00020000
Epoch: 19, Loss: 9.4771, Rmse_valid: 13.9095, valid_score: 7315.5, , rmse_test: 15.5831, score_test: 487.8, Learning rate:0.00020000
Epoch: 20, Loss: 9.4141, Rmse_valid: 13.4896, valid_score: 7439.7, , rmse_test: 15.7876, score_test: 470.2, Learning rate:0.00020000
Epoch: 21, Loss: 9.2924, Rmse_valid: 13.5529, valid_score: 7193.5, , rmse_test: 15.6678, score_test: 466.2, Learning rate:0.00002000
Epoch: 22, Loss: 9.2522, Rmse_valid: 14.1784, valid_score: 7307.4, , rmse_test: 15.6657, score_test: 475.5, Learning rate:0.00002000
Epoch: 23, Loss: 9.2556, Rmse_valid: 13.4447, valid_score: 7297.6, , rmse_test: 15.6901, score_test: 474.9, Learning rate:0.00002000
Epoch: 24, Loss: 9.2465, Rmse_valid: 13.6704, valid_score: 7279.4, , rmse_test: 15.6870, score_test: 477.3, Learning rate:0.00002000
Epoch: 25, Loss: 9.2375, Rmse_valid: 13.5653, valid_score: 7357.4, , rmse_test: 15.7513, score_test: 481.3, Learning rate:0.00002000
Epoch: 26, Loss: 9.2333, Rmse_valid: 13.2796, valid_score: 7333.2, , rmse_test: 15.6908, score_test: 471.7, Learning rate:0.00002000
Epoch: 27, Loss: 9.2242, Rmse_valid: 14.4658, valid_score: 7392.1, , rmse_test: 15.7108, score_test: 472.1, Learning rate:0.00002000
Epoch: 28, Loss: 9.2210, Rmse_valid: 14.0155, valid_score: 7287.1, , rmse_test: 15.7339, score_test: 475.3, Learning rate:0.00002000
Epoch: 29, Loss: 9.2051, Rmse_valid: 13.7268, valid_score: 7391.8, , rmse_test: 15.7178, score_test: 482.6, Learning rate:0.00002000
Epoch: 30, Loss: 9.2091, Rmse_valid: 13.3395, valid_score: 7374.7, , rmse_test: 15.7317, score_test: 489.0, Learning rate:0.00002000
[Train Summary] Restored best model from epoch 16, rmse_valid: 12.8012, valid_score: 6616.6, rmse_test: 15.5587, score_test: 445.2
[Train Time] start: 2026-04-22 06:15:20, end: 2026-04-22 06:16:55, duration: 0:01:35, total_seconds: 95.20
[Auto Test] command: /usr/bin/python /CMAPSS-release/scipt/test_model.py --sub-dataset FD001 --smooth-rate 40 --sequence-len 30 --feature-num 14 --dataset-root /CMAPSS-release/CMAPSSData/ --max-rul 125 --batch-size 128 --model-path /CMAPSS-release/logs/FD001_FD001_C_BC_20260422_054641/seed33/model_FD001_0422_061520_seed33.pkl
model_path:/CMAPSS-release/logs/FD001_FD001_C_BC_20260422_054641/seed33/model_FD001_0422_061520_seed33.pkl
rmse_final:15.470617294311523, score:426.8802795410156
