-----FD004-----
关键参数:
序列长度: 30
批大小(batch_size): 128
最大训练轮数(max_epochs): 30
随机数种子: 97
模型代号(model_code): FD004_F
模型结构(model_structure): encoderdecoder
消融预设(ablation_preset): F - KNN graph + GAT + EncoderDecoder-LSTM without AOF
学习率: 0.002
学习率调度器: step
Step步长(step_size): 10
Step衰减系数(gamma): 0.1
空间GAT: 开启
是否使用解码器LSTM: 是
是否使用AOF: 否
Decoder注意力隐层维度: 28
图构建模式(graph_mode): dynamic_knn
GAT层数(num_layers): 2
GAT邻居数(topk): 7
GAT嵌入维度: 8
GAT隐藏层维度: 8
------------------------------
Epoch: 1, Loss: 28.0637, Rmse_valid: 21.8258, valid_score: 96074.4, , rmse_test: 26.5624, score_test: 20160.9, Learning rate:0.00200000
Epoch: 2, Loss: 22.4920, Rmse_valid: 21.9951, valid_score: 133950.2, , rmse_test: 24.0166, score_test: 7025.6, Learning rate:0.00200000
Epoch: 3, Loss: 20.6822, Rmse_valid: 21.6499, valid_score: 123091.7, , rmse_test: 24.4275, score_test: 6082.3, Learning rate:0.00200000
Epoch: 4, Loss: 19.8049, Rmse_valid: 18.3760, valid_score: 50301.7, , rmse_test: 19.3275, score_test: 3254.8, Learning rate:0.00200000
Epoch: 5, Loss: 19.0069, Rmse_valid: 19.9194, valid_score: 49426.2, , rmse_test: 22.4410, score_test: 4175.0, Learning rate:0.00200000
Epoch: 6, Loss: 18.4664, Rmse_valid: 21.9827, valid_score: 230271.2, , rmse_test: 24.5034, score_test: 7669.4, Learning rate:0.00200000
Epoch: 7, Loss: 17.7645, Rmse_valid: 18.2847, valid_score: 60207.2, , rmse_test: 19.5231, score_test: 2844.8, Learning rate:0.00200000
Epoch: 8, Loss: 17.3928, Rmse_valid: 15.7452, valid_score: 25280.9, , rmse_test: 17.0806, score_test: 1431.6, Learning rate:0.00200000
Epoch: 9, Loss: 16.9355, Rmse_valid: 16.4153, valid_score: 28510.0, , rmse_test: 18.4020, score_test: 2425.5, Learning rate:0.00200000
Epoch: 10, Loss: 16.6326, Rmse_valid: 16.4931, valid_score: 34407.2, , rmse_test: 18.3005, score_test: 1943.1, Learning rate:0.00200000
Epoch: 11, Loss: 14.8679, Rmse_valid: 15.9364, valid_score: 34663.0, , rmse_test: 17.1782, score_test: 1535.6, Learning rate:0.00020000
Epoch: 12, Loss: 14.7290, Rmse_valid: 16.3823, valid_score: 43378.9, , rmse_test: 17.3323, score_test: 1782.2, Learning rate:0.00020000
Epoch: 13, Loss: 14.6454, Rmse_valid: 16.3498, valid_score: 43041.5, , rmse_test: 17.1210, score_test: 1592.8, Learning rate:0.00020000
Epoch: 14, Loss: 14.5756, Rmse_valid: 16.6166, valid_score: 45041.2, , rmse_test: 17.2474, score_test: 1744.7, Learning rate:0.00020000
Epoch: 15, Loss: 14.5313, Rmse_valid: 16.7303, valid_score: 42448.0, , rmse_test: 17.2004, score_test: 1540.7, Learning rate:0.00020000
Epoch: 16, Loss: 14.4787, Rmse_valid: 16.2380, valid_score: 40502.8, , rmse_test: 17.3424, score_test: 1607.3, Learning rate:0.00020000
Epoch: 17, Loss: 14.4258, Rmse_valid: 16.2942, valid_score: 42594.4, , rmse_test: 17.5894, score_test: 1886.8, Learning rate:0.00020000
Epoch: 18, Loss: 14.3936, Rmse_valid: 16.5559, valid_score: 48216.0, , rmse_test: 17.3941, score_test: 1734.3, Learning rate:0.00020000
Epoch: 19, Loss: 14.3468, Rmse_valid: 16.3791, valid_score: 41444.9, , rmse_test: 17.2840, score_test: 1670.4, Learning rate:0.00020000
Epoch: 20, Loss: 14.3036, Rmse_valid: 16.3252, valid_score: 41879.6, , rmse_test: 17.1823, score_test: 1608.1, Learning rate:0.00020000
Epoch: 21, Loss: 14.1851, Rmse_valid: 16.3422, valid_score: 42722.9, , rmse_test: 17.3104, score_test: 1647.3, Learning rate:0.00002000
Epoch: 22, Loss: 14.1633, Rmse_valid: 16.3063, valid_score: 43355.5, , rmse_test: 17.3516, score_test: 1667.7, Learning rate:0.00002000
Epoch: 23, Loss: 14.1597, Rmse_valid: 16.2704, valid_score: 44006.6, , rmse_test: 17.3578, score_test: 1661.8, Learning rate:0.00002000
Epoch: 24, Loss: 14.1520, Rmse_valid: 16.3117, valid_score: 44465.6, , rmse_test: 17.4311, score_test: 1730.6, Learning rate:0.00002000
Epoch: 25, Loss: 14.1494, Rmse_valid: 16.1831, valid_score: 43333.3, , rmse_test: 17.4246, score_test: 1716.6, Learning rate:0.00002000
Epoch: 26, Loss: 14.1418, Rmse_valid: 16.3218, valid_score: 43998.0, , rmse_test: 17.2809, score_test: 1641.9, Learning rate:0.00002000
Epoch: 27, Loss: 14.1365, Rmse_valid: 16.2014, valid_score: 42473.6, , rmse_test: 17.3481, score_test: 1669.3, Learning rate:0.00002000
Epoch: 28, Loss: 14.1331, Rmse_valid: 16.3834, valid_score: 43803.9, , rmse_test: 17.3413, score_test: 1655.7, Learning rate:0.00002000
Epoch: 29, Loss: 14.1315, Rmse_valid: 16.2371, valid_score: 42319.5, , rmse_test: 17.3393, score_test: 1659.4, Learning rate:0.00002000
Epoch: 30, Loss: 14.1261, Rmse_valid: 16.2793, valid_score: 43460.4, , rmse_test: 17.3074, score_test: 1655.0, Learning rate:0.00002000
[Train Summary] Restored best model from epoch 8, rmse_valid: 15.7452, valid_score: 25280.9, rmse_test: 17.0806, score_test: 1431.6
[Train Time] start: 2026-04-21 02:54:17, end: 2026-04-21 03:01:38, duration: 0:07:21, total_seconds: 440.80
[Auto Test] command: /usr/bin/python /CMAPSS-release/scipt/test_model.py --sub-dataset FD004 --smooth-rate 40 --sequence-len 30 --feature-num 14 --dataset-root /CMAPSS-release/CMAPSSData/ --max-rul 125 --batch-size 128 --model-path /CMAPSS-release/logs/FD004_FD004_F/seed97/model_FD004_0421_025417_seed97.pkl
model_path:/CMAPSS-release/logs/FD004_FD004_F/seed97/model_FD004_0421_025417_seed97.pkl
rmse_final:17.07915687561035, score:1400.600341796875
