-----FD004-----
关键参数:
序列长度: 30
批大小(batch_size): 128
最大训练轮数(max_epochs): 30
随机数种子: 97
模型代号(model_code): FD004_C
模型结构(model_structure): encoderdecoder
消融预设(ablation_preset): C - Path graph + GAT + Encoder-only LSTM (no decoder, no AOF)
学习率: 0.002
学习率调度器: step
Step步长(step_size): 10
Step衰减系数(gamma): 0.1
空间GAT: 开启
是否使用解码器LSTM: 否
是否使用AOF: 否
图构建模式(graph_mode): path
GAT层数(num_layers): 2
GAT邻居数(topk): 7
GAT嵌入维度: 8
GAT隐藏层维度: 8
------------------------------
Epoch: 1, Loss: 27.5535, Rmse_valid: 21.6331, valid_score: 63781.1, , rmse_test: 25.3219, score_test: 7275.7, Learning rate:0.00200000
Epoch: 2, Loss: 23.2644, Rmse_valid: 21.6061, valid_score: 83765.6, , rmse_test: 24.0783, score_test: 10420.4, Learning rate:0.00200000
Epoch: 3, Loss: 22.2737, Rmse_valid: 21.9003, valid_score: 92401.9, , rmse_test: 25.3434, score_test: 11167.1, Learning rate:0.00200000
Epoch: 4, Loss: 21.3824, Rmse_valid: 21.6214, valid_score: 97276.0, , rmse_test: 24.6119, score_test: 10277.4, Learning rate:0.00200000
Epoch: 5, Loss: 20.4349, Rmse_valid: 18.2086, valid_score: 37637.8, , rmse_test: 20.4982, score_test: 3085.6, Learning rate:0.00200000
Epoch: 6, Loss: 19.2805, Rmse_valid: 18.9967, valid_score: 63015.8, , rmse_test: 20.3534, score_test: 3676.4, Learning rate:0.00200000
Epoch: 7, Loss: 18.6743, Rmse_valid: 18.4105, valid_score: 67717.9, , rmse_test: 20.0601, score_test: 4330.3, Learning rate:0.00200000
Epoch: 8, Loss: 18.1805, Rmse_valid: 20.3187, valid_score: 100795.6, , rmse_test: 19.9713, score_test: 3929.4, Learning rate:0.00200000
Epoch: 9, Loss: 17.8971, Rmse_valid: 17.7110, valid_score: 42717.4, , rmse_test: 18.7327, score_test: 2255.9, Learning rate:0.00200000
Epoch: 10, Loss: 17.5430, Rmse_valid: 19.1848, valid_score: 132489.3, , rmse_test: 20.1009, score_test: 5277.6, Learning rate:0.00200000
Epoch: 11, Loss: 15.8127, Rmse_valid: 17.6890, valid_score: 76553.7, , rmse_test: 18.7975, score_test: 3151.8, Learning rate:0.00020000
Epoch: 12, Loss: 15.6256, Rmse_valid: 17.5271, valid_score: 72921.2, , rmse_test: 19.2052, score_test: 3352.6, Learning rate:0.00020000
Epoch: 13, Loss: 15.4838, Rmse_valid: 17.7916, valid_score: 76212.3, , rmse_test: 19.2810, score_test: 3408.5, Learning rate:0.00020000
Epoch: 14, Loss: 15.3858, Rmse_valid: 17.6168, valid_score: 70559.2, , rmse_test: 18.8914, score_test: 3201.0, Learning rate:0.00020000
Epoch: 15, Loss: 15.3096, Rmse_valid: 17.9903, valid_score: 85660.1, , rmse_test: 19.0807, score_test: 2757.0, Learning rate:0.00020000
Epoch: 16, Loss: 15.2237, Rmse_valid: 17.6639, valid_score: 82276.8, , rmse_test: 19.0409, score_test: 2857.5, Learning rate:0.00020000
Epoch: 17, Loss: 15.1434, Rmse_valid: 17.5261, valid_score: 89093.6, , rmse_test: 19.1334, score_test: 2959.5, Learning rate:0.00020000
Epoch: 18, Loss: 15.0993, Rmse_valid: 17.8661, valid_score: 97989.7, , rmse_test: 18.8274, score_test: 2880.3, Learning rate:0.00020000
Epoch: 19, Loss: 15.0420, Rmse_valid: 18.0549, valid_score: 86515.2, , rmse_test: 19.0239, score_test: 2576.1, Learning rate:0.00020000
Epoch: 20, Loss: 14.9901, Rmse_valid: 17.5781, valid_score: 74719.3, , rmse_test: 19.0379, score_test: 2352.6, Learning rate:0.00020000
Epoch: 21, Loss: 14.8312, Rmse_valid: 17.7461, valid_score: 85324.1, , rmse_test: 18.8270, score_test: 2592.6, Learning rate:0.00002000
Epoch: 22, Loss: 14.8060, Rmse_valid: 17.6957, valid_score: 86106.7, , rmse_test: 18.8192, score_test: 2580.5, Learning rate:0.00002000
Epoch: 23, Loss: 14.7988, Rmse_valid: 17.8597, valid_score: 88309.0, , rmse_test: 18.7599, score_test: 2640.1, Learning rate:0.00002000
Epoch: 24, Loss: 14.7907, Rmse_valid: 17.8492, valid_score: 90395.6, , rmse_test: 18.7804, score_test: 2660.6, Learning rate:0.00002000
Epoch: 25, Loss: 14.7842, Rmse_valid: 17.8059, valid_score: 84559.2, , rmse_test: 18.8451, score_test: 2639.0, Learning rate:0.00002000
Epoch: 26, Loss: 14.7787, Rmse_valid: 17.8367, valid_score: 92306.6, , rmse_test: 18.8016, score_test: 2586.3, Learning rate:0.00002000
Epoch: 27, Loss: 14.7738, Rmse_valid: 17.8017, valid_score: 89661.0, , rmse_test: 18.7674, score_test: 2583.1, Learning rate:0.00002000
Epoch: 28, Loss: 14.7659, Rmse_valid: 17.7770, valid_score: 93660.1, , rmse_test: 18.8431, score_test: 2704.3, Learning rate:0.00002000
Epoch: 29, Loss: 14.7618, Rmse_valid: 17.8195, valid_score: 88939.6, , rmse_test: 18.7981, score_test: 2553.9, Learning rate:0.00002000
Epoch: 30, Loss: 14.7554, Rmse_valid: 17.7724, valid_score: 91906.6, , rmse_test: 18.8971, score_test: 2692.9, Learning rate:0.00002000
[Train Summary] Restored best model from epoch 17, rmse_valid: 17.5261, valid_score: 89093.6, rmse_test: 19.1334, score_test: 2959.5
[Train Time] start: 2026-04-20 13:06:36, end: 2026-04-20 13:12:05, duration: 0:05:29, total_seconds: 328.81
[Auto Test] command: /usr/bin/python /CMAPSS-release/scipt/test_model.py --sub-dataset FD004 --smooth-rate 40 --sequence-len 30 --feature-num 14 --dataset-root /CMAPSS-release/CMAPSSData/ --max-rul 125 --batch-size 128 --model-path /CMAPSS-release/logs/FD004_FD004_C/seed97/model_FD004_0420_130636_seed97.pkl
model_path:/CMAPSS-release/logs/FD004_FD004_C/seed97/model_FD004_0420_130636_seed97.pkl
rmse_final:19.0704345703125, score:2832.1435546875
