-----FD003-----
模型: GAT_LSTM_AEFAOF_model(AEF与AOF均开启)
序列长度: 30
特征维度: 14
批大小: 128
最大训练轮数: 30
随机种子: 51
学习率: 0.002
学习率调度器: step
Step步长(step_size): 10
Step衰减系数(gamma): 0.1
是否启用AEF: 是
是否启用AOF: 是
GAT隐藏层维度: [8, 8, 8]
LSTM隐藏层维度: [8, 8]
GAT Dropout系数: 0.1
GAT LeakyReLU系数(alpha): 0.1
图构建模式: path
节点嵌入维度(embed_dim): 8
Topk邻居数: 7
AOF注意力隐藏维度: 4
AEF注意力隐藏维度: 28
AEF/AOF融合方式: concat
是否启用指数平滑: True
平滑系数(smooth_rate): 30
------------------------------
第1轮, 训练损失: 41.0474, 验证集RMSE: 32.0277, 验证集S分数: 469473.9, 测试集RMSE: 33.4179, 测试集S分数: 16366.0, 学习率: 0.00200000
第2轮, 训练损失: 35.6759, 验证集RMSE: 32.1072, 验证集S分数: 346420.6, 测试集RMSE: 32.0581, 测试集S分数: 13128.1, 学习率: 0.00200000
第3轮, 训练损失: 34.5394, 验证集RMSE: 29.8446, 验证集S分数: 663094.4, 测试集RMSE: 33.2603, 测试集S分数: 29568.5, 学习率: 0.00200000
第4轮, 训练损失: 33.8449, 验证集RMSE: 30.4727, 验证集S分数: 580599.1, 测试集RMSE: 32.9934, 测试集S分数: 26012.6, 学习率: 0.00200000
第5轮, 训练损失: 33.1381, 验证集RMSE: 31.6155, 验证集S分数: 500167.9, 测试集RMSE: 31.7337, 测试集S分数: 24372.3, 学习率: 0.00200000
第6轮, 训练损失: 32.2694, 验证集RMSE: 29.7163, 验证集S分数: 259295.8, 测试集RMSE: 31.2446, 测试集S分数: 21269.8, 学习率: 0.00200000
第7轮, 训练损失: 29.7356, 验证集RMSE: 26.6475, 验证集S分数: 63757.5, 测试集RMSE: 25.7982, 测试集S分数: 3291.1, 学习率: 0.00200000
第8轮, 训练损失: 23.6374, 验证集RMSE: 19.8506, 验证集S分数: 67150.3, 测试集RMSE: 24.0863, 测试集S分数: 3610.3, 学习率: 0.00200000
第9轮, 训练损失: 20.9450, 验证集RMSE: 18.5067, 验证集S分数: 35097.2, 测试集RMSE: 20.2888, 测试集S分数: 3089.3, 学习率: 0.00200000
第10轮, 训练损失: 19.5590, 验证集RMSE: 17.0500, 验证集S分数: 31551.1, 测试集RMSE: 19.5966, 测试集S分数: 2905.0, 学习率: 0.00200000
第11轮, 训练损失: 18.4332, 验证集RMSE: 16.2569, 验证集S分数: 35699.8, 测试集RMSE: 20.8308, 测试集S分数: 3529.5, 学习率: 0.00020000
第12轮, 训练损失: 18.3642, 验证集RMSE: 16.1712, 验证集S分数: 33799.2, 测试集RMSE: 20.6490, 测试集S分数: 3349.3, 学习率: 0.00020000
第13轮, 训练损失: 18.1464, 验证集RMSE: 16.0104, 验证集S分数: 33702.5, 测试集RMSE: 20.3652, 测试集S分数: 3367.6, 学习率: 0.00020000
第14轮, 训练损失: 17.9915, 验证集RMSE: 15.7994, 验证集S分数: 34187.9, 测试集RMSE: 20.5273, 测试集S分数: 3372.7, 学习率: 0.00020000
第15轮, 训练损失: 17.8675, 验证集RMSE: 16.2620, 验证集S分数: 31665.0, 测试集RMSE: 19.5592, 测试集S分数: 2849.8, 学习率: 0.00020000
第16轮, 训练损失: 17.8499, 验证集RMSE: 16.2328, 验证集S分数: 32049.5, 测试集RMSE: 19.5899, 测试集S分数: 2830.7, 学习率: 0.00020000
第17轮, 训练损失: 17.6601, 验证集RMSE: 16.2695, 验证集S分数: 31052.1, 测试集RMSE: 19.4687, 测试集S分数: 2644.4, 学习率: 0.00020000
第18轮, 训练损失: 17.5281, 验证集RMSE: 16.0576, 验证集S分数: 32014.5, 测试集RMSE: 20.1885, 测试集S分数: 2770.7, 学习率: 0.00020000
第19轮, 训练损失: 17.4621, 验证集RMSE: 15.7724, 验证集S分数: 33188.2, 测试集RMSE: 20.5362, 测试集S分数: 2908.7, 学习率: 0.00020000
第20轮, 训练损失: 17.3115, 验证集RMSE: 15.7639, 验证集S分数: 32460.7, 测试集RMSE: 19.9208, 测试集S分数: 2711.5, 学习率: 0.00020000
第21轮, 训练损失: 17.2195, 验证集RMSE: 16.0292, 验证集S分数: 31348.3, 测试集RMSE: 19.2246, 测试集S分数: 2570.9, 学习率: 0.00002000
第22轮, 训练损失: 17.2160, 验证集RMSE: 15.8813, 验证集S分数: 31395.5, 测试集RMSE: 19.3033, 测试集S分数: 2570.2, 学习率: 0.00002000
第23轮, 训练损失: 17.2236, 验证集RMSE: 15.9037, 验证集S分数: 31631.7, 测试集RMSE: 19.4860, 测试集S分数: 2589.5, 学习率: 0.00002000
第24轮, 训练损失: 17.1676, 验证集RMSE: 15.9230, 验证集S分数: 30947.8, 测试集RMSE: 19.1916, 测试集S分数: 2545.6, 学习率: 0.00002000
第25轮, 训练损失: 17.2343, 验证集RMSE: 15.9528, 验证集S分数: 31072.1, 测试集RMSE: 19.2338, 测试集S分数: 2567.3, 学习率: 0.00002000
第26轮, 训练损失: 17.1164, 验证集RMSE: 15.8783, 验证集S分数: 31092.2, 测试集RMSE: 19.2491, 测试集S分数: 2559.8, 学习率: 0.00002000
第27轮, 训练损失: 17.1762, 验证集RMSE: 15.8766, 验证集S分数: 31230.9, 测试集RMSE: 19.3068, 测试集S分数: 2561.9, 学习率: 0.00002000
第28轮, 训练损失: 17.0969, 验证集RMSE: 15.8038, 验证集S分数: 30864.7, 测试集RMSE: 19.3153, 测试集S分数: 2517.4, 学习率: 0.00002000
第29轮, 训练损失: 17.1136, 验证集RMSE: 15.9503, 验证集S分数: 29877.0, 测试集RMSE: 19.0026, 测试集S分数: 2461.3, 学习率: 0.00002000
第30轮, 训练损失: 17.1309, 验证集RMSE: 15.7146, 验证集S分数: 31174.2, 测试集RMSE: 19.4324, 测试集S分数: 2527.7, 学习率: 0.00002000
[训练总结] 已恢复第30轮的最佳模型, 验证集RMSE: 15.7146, 验证集S分数: 31174.2, 测试集RMSE: 19.4324, 测试集S分数: 2527.7
[训练耗时] 开始: 2026-04-19 02:38:10, 结束: 2026-04-19 02:40:25, 时长: 0:02:15, 总秒数: 135.02
[自动测试] 命令: /usr/bin/python /CMAPSS-release/scipt/test_model.py --sub-dataset FD003 --smooth-rate 30 --sequence-len 30 --feature-num 14 --dataset-root /CMAPSS-release/CMAPSSData/ --max-rul 125 --batch-size 128 --model-path /CMAPSS-release/logs_GAT_LSTM/model_FD003_0419_023810_seed51.pkl
模型路径:/CMAPSS-release/logs_GAT_LSTM/model_FD003_0419_023810_seed51.pkl
最终RMSE:19.192445755004883, 评分:2418.32568359375
