-----FD001-----
模型: GAT_LSTM_model(AEF与AOF均关闭)
序列长度: 30
特征维度: 14
批大小: 128
最大训练轮数: 30
随机种子: 30
学习率: 0.002
学习率调度器: step
Step步长(step_size): 10
Step衰减系数(gamma): 0.1
是否启用AEF: 否
是否启用AOF: 否
GAT隐藏层维度: [8, 8, 8]
LSTM隐藏层维度: [8, 8]
GAT Dropout系数: 0.1
GAT LeakyReLU系数(alpha): 0.1
图构建模式: path
节点嵌入维度(embed_dim): 8
Topk邻居数: 7
是否启用指数平滑: True
平滑系数(smooth_rate): 30
------------------------------
第1轮, 训练损失: 42.9922, 验证集RMSE: 42.1882, 验证集S分数: 445641.9, 测试集RMSE: 41.0266, 测试集S分数: 23438.7, 学习率: 0.00200000
第2轮, 训练损失: 34.2550, 验证集RMSE: 24.6388, 验证集S分数: 20784.1, 测试集RMSE: 23.6958, 测试集S分数: 2387.2, 学习率: 0.00200000
第3轮, 训练损失: 23.6307, 验证集RMSE: 21.2252, 验证集S分数: 49473.6, 测试集RMSE: 21.3479, 测试集S分数: 1300.1, 学习率: 0.00200000
第4轮, 训练损失: 21.2960, 验证集RMSE: 20.9278, 验证集S分数: 66565.1, 测试集RMSE: 22.7904, 测试集S分数: 3570.4, 学习率: 0.00200000
第5轮, 训练损失: 20.4508, 验证集RMSE: 21.4879, 验证集S分数: 52197.5, 测试集RMSE: 20.2058, 测试集S分数: 1181.5, 学习率: 0.00200000
第6轮, 训练损失: 19.7951, 验证集RMSE: 19.8003, 验证集S分数: 28888.4, 测试集RMSE: 19.6604, 测试集S分数: 1623.6, 学习率: 0.00200000
第7轮, 训练损失: 19.4380, 验证集RMSE: 23.8927, 验证集S分数: 133620.0, 测试集RMSE: 24.3963, 测试集S分数: 4762.3, 学习率: 0.00200000
第8轮, 训练损失: 19.2119, 验证集RMSE: 21.4952, 验证集S分数: 73260.3, 测试集RMSE: 20.0114, 测试集S分数: 1614.9, 学习率: 0.00200000
第9轮, 训练损失: 19.2656, 验证集RMSE: 21.2979, 验证集S分数: 60584.2, 测试集RMSE: 20.3546, 测试集S分数: 1924.3, 学习率: 0.00200000
第10轮, 训练损失: 18.7873, 验证集RMSE: 24.6625, 验证集S分数: 25264.5, 测试集RMSE: 18.7283, 测试集S分数: 596.2, 学习率: 0.00200000
第11轮, 训练损失: 18.0558, 验证集RMSE: 19.9353, 验证集S分数: 49097.0, 测试集RMSE: 18.0480, 测试集S分数: 977.2, 学习率: 0.00020000
第12轮, 训练损失: 17.5404, 验证集RMSE: 19.3709, 验证集S分数: 49680.4, 测试集RMSE: 18.4040, 测试集S分数: 1280.6, 学习率: 0.00020000
第13轮, 训练损失: 17.5075, 验证集RMSE: 19.9487, 验证集S分数: 55804.3, 测试集RMSE: 19.2714, 测试集S分数: 1612.1, 学习率: 0.00020000
第14轮, 训练损失: 17.4552, 验证集RMSE: 19.3770, 验证集S分数: 49917.9, 测试集RMSE: 18.6250, 测试集S分数: 1377.3, 学习率: 0.00020000
第15轮, 训练损失: 17.4512, 验证集RMSE: 19.6492, 验证集S分数: 41302.9, 测试集RMSE: 18.0481, 测试集S分数: 1186.6, 学习率: 0.00020000
第16轮, 训练损失: 17.3620, 验证集RMSE: 19.2051, 验证集S分数: 47221.3, 测试集RMSE: 18.2240, 测试集S分数: 1255.6, 学习率: 0.00020000
第17轮, 训练损失: 17.3128, 验证集RMSE: 20.0090, 验证集S分数: 54411.7, 测试集RMSE: 18.4278, 测试集S分数: 1224.3, 学习率: 0.00020000
第18轮, 训练损失: 17.3264, 验证集RMSE: 19.8600, 验证集S分数: 59533.5, 测试集RMSE: 19.5346, 测试集S分数: 1894.5, 学习率: 0.00020000
第19轮, 训练损失: 17.1162, 验证集RMSE: 19.3468, 验证集S分数: 43943.9, 测试集RMSE: 17.4250, 测试集S分数: 896.4, 学习率: 0.00020000
第20轮, 训练损失: 17.1950, 验证集RMSE: 19.4470, 验证集S分数: 47479.7, 测试集RMSE: 17.9993, 测试集S分数: 1137.3, 学习率: 0.00020000
第21轮, 训练损失: 17.1145, 验证集RMSE: 19.0244, 验证集S分数: 45625.1, 测试集RMSE: 17.7874, 测试集S分数: 1058.4, 学习率: 0.00002000
第22轮, 训练损失: 17.0882, 验证集RMSE: 19.8729, 验证集S分数: 46731.6, 测试集RMSE: 17.9105, 测试集S分数: 1105.9, 学习率: 0.00002000
第23轮, 训练损失: 17.0888, 验证集RMSE: 19.3836, 验证集S分数: 45509.7, 测试集RMSE: 17.8414, 测试集S分数: 1091.8, 学习率: 0.00002000
第24轮, 训练损失: 17.1203, 验证集RMSE: 19.0307, 验证集S分数: 50830.7, 测试集RMSE: 18.3474, 测试集S分数: 1317.9, 学习率: 0.00002000
第25轮, 训练损失: 17.1193, 验证集RMSE: 19.5090, 验证集S分数: 45317.0, 测试集RMSE: 17.7741, 测试集S分数: 1062.1, 学习率: 0.00002000
第26轮, 训练损失: 17.1262, 验证集RMSE: 19.7147, 验证集S分数: 46020.9, 测试集RMSE: 17.9179, 测试集S分数: 1115.8, 学习率: 0.00002000
第27轮, 训练损失: 17.1100, 验证集RMSE: 19.1818, 验证集S分数: 46183.0, 测试集RMSE: 17.9399, 测试集S分数: 1133.7, 学习率: 0.00002000
第28轮, 训练损失: 17.1023, 验证集RMSE: 19.8223, 验证集S分数: 46510.4, 测试集RMSE: 17.8493, 测试集S分数: 1091.8, 学习率: 0.00002000
第29轮, 训练损失: 17.0189, 验证集RMSE: 19.9507, 验证集S分数: 49330.4, 测试集RMSE: 18.1188, 测试集S分数: 1207.6, 学习率: 0.00002000
第30轮, 训练损失: 17.1360, 验证集RMSE: 19.5018, 验证集S分数: 45269.3, 测试集RMSE: 17.8304, 测试集S分数: 1094.2, 学习率: 0.00002000
[训练总结] 已恢复第21轮的最佳模型, 验证集RMSE: 19.0244, 验证集S分数: 45625.1, 测试集RMSE: 17.7874, 测试集S分数: 1058.4
[训练耗时] 开始: 2026-04-19 01:43:45, 结束: 2026-04-19 01:45:17, 时长: 0:01:32, 总秒数: 91.80
[自动测试] 命令: /usr/bin/python /CMAPSS-release/scipt/test_model.py --sub-dataset FD001 --smooth-rate 30 --sequence-len 30 --feature-num 14 --dataset-root /CMAPSS-release/CMAPSSData/ --max-rul 125 --batch-size 128 --model-path /CMAPSS-release/logs_GAT_LSTM/model_FD001_0419_014345_seed30.pkl
模型路径:/CMAPSS-release/logs_GAT_LSTM/model_FD001_0419_014345_seed30.pkl
最终RMSE:17.641145706176758, 评分:1014.9448852539062
