-----FD003-----
模型: GAT_LSTM_AEFAOF_model(AEF与AOF均开启)
序列长度: 30
特征维度: 14
批大小: 128
最大训练轮数: 30
随机种子: 62
学习率: 0.002
学习率调度器: step
Step步长(step_size): 10
Step衰减系数(gamma): 0.1
是否启用AEF: 是
是否启用AOF: 是
GAT隐藏层维度: [8, 8, 8]
LSTM隐藏层维度: [8, 8]
GAT Dropout系数: 0.1
GAT LeakyReLU系数(alpha): 0.1
图构建模式: dynamic_topk
节点嵌入维度(embed_dim): 8
Topk邻居数: 7
AOF注意力隐藏维度: 4
AEF注意力隐藏维度: 28
AEF/AOF融合方式: concat
是否启用指数平滑: True
平滑系数(smooth_rate): 30
------------------------------
第1轮, 训练损失: 36.9321, 验证集RMSE: 29.1642, 验证集S分数: 195992.8, 测试集RMSE: 31.9312, 测试集S分数: 10776.5, 学习率: 0.00200000
第2轮, 训练损失: 34.5242, 验证集RMSE: 29.3513, 验证集S分数: 83914.1, 测试集RMSE: 31.8130, 测试集S分数: 8080.3, 学习率: 0.00200000
第3轮, 训练损失: 32.7288, 验证集RMSE: 24.2435, 验证集S分数: 64389.9, 测试集RMSE: 30.1651, 测试集S分数: 6193.9, 学习率: 0.00200000
第4轮, 训练损失: 29.4538, 验证集RMSE: 21.7309, 验证集S分数: 78441.8, 测试集RMSE: 29.7156, 测试集S分数: 9414.9, 学习率: 0.00200000
第5轮, 训练损失: 26.7148, 验证集RMSE: 25.7067, 验证集S分数: 240394.4, 测试集RMSE: 28.4872, 测试集S分数: 7330.9, 学习率: 0.00200000
第6轮, 训练损失: 25.7467, 验证集RMSE: 24.2518, 验证集S分数: 105229.6, 测试集RMSE: 27.8756, 测试集S分数: 6403.8, 学习率: 0.00200000
第7轮, 训练损失: 25.1040, 验证集RMSE: 24.2333, 验证集S分数: 94202.1, 测试集RMSE: 27.9035, 测试集S分数: 5754.7, 学习率: 0.00200000
第8轮, 训练损失: 24.4225, 验证集RMSE: 22.1886, 验证集S分数: 61397.4, 测试集RMSE: 27.3821, 测试集S分数: 6242.7, 学习率: 0.00200000
第9轮, 训练损失: 23.4628, 验证集RMSE: 22.3517, 验证集S分数: 46009.5, 测试集RMSE: 25.8150, 测试集S分数: 4275.0, 学习率: 0.00200000
第10轮, 训练损失: 22.5328, 验证集RMSE: 20.7699, 验证集S分数: 37801.4, 测试集RMSE: 26.4090, 测试集S分数: 5271.2, 学习率: 0.00200000
第11轮, 训练损失: 21.4511, 验证集RMSE: 20.3258, 验证集S分数: 39212.4, 测试集RMSE: 26.2462, 测试集S分数: 5671.2, 学习率: 0.00020000
第12轮, 训练损失: 21.3529, 验证集RMSE: 20.2444, 验证集S分数: 38293.8, 测试集RMSE: 26.6820, 测试集S分数: 5853.3, 学习率: 0.00020000
第13轮, 训练损失: 21.1888, 验证集RMSE: 19.8177, 验证集S分数: 38224.2, 测试集RMSE: 27.0283, 测试集S分数: 6184.2, 学习率: 0.00020000
第14轮, 训练损失: 21.1236, 验证集RMSE: 19.8709, 验证集S分数: 34612.2, 测试集RMSE: 26.3285, 测试集S分数: 5416.3, 学习率: 0.00020000
第15轮, 训练损失: 21.0696, 验证集RMSE: 19.7754, 验证集S分数: 36373.2, 测试集RMSE: 26.5974, 测试集S分数: 5845.4, 学习率: 0.00020000
第16轮, 训练损失: 20.9363, 验证集RMSE: 19.9423, 验证集S分数: 34147.0, 测试集RMSE: 26.1521, 测试集S分数: 5355.4, 学习率: 0.00020000
第17轮, 训练损失: 20.9390, 验证集RMSE: 19.6191, 验证集S分数: 33451.3, 测试集RMSE: 26.2768, 测试集S分数: 5499.3, 学习率: 0.00020000
第18轮, 训练损失: 20.8929, 验证集RMSE: 19.5322, 验证集S分数: 31773.4, 测试集RMSE: 26.4346, 测试集S分数: 5307.9, 学习率: 0.00020000
第19轮, 训练损失: 20.8138, 验证集RMSE: 19.3196, 验证集S分数: 32094.5, 测试集RMSE: 26.4932, 测试集S分数: 5508.4, 学习率: 0.00020000
第20轮, 训练损失: 20.7429, 验证集RMSE: 19.1291, 验证集S分数: 31653.9, 测试集RMSE: 26.2240, 测试集S分数: 5531.2, 学习率: 0.00020000
第21轮, 训练损失: 20.6952, 验证集RMSE: 19.0377, 验证集S分数: 33461.9, 测试集RMSE: 26.8664, 测试集S分数: 6046.0, 学习率: 0.00002000
第22轮, 训练损失: 20.6517, 验证集RMSE: 19.0872, 验证集S分数: 32723.2, 测试集RMSE: 26.7115, 测试集S分数: 5852.3, 学习率: 0.00002000
第23轮, 训练损失: 20.6113, 验证集RMSE: 19.1602, 验证集S分数: 31768.1, 测试集RMSE: 26.3356, 测试集S分数: 5555.4, 学习率: 0.00002000
第24轮, 训练损失: 20.6368, 验证集RMSE: 19.1279, 验证集S分数: 31794.8, 测试集RMSE: 26.3184, 测试集S分数: 5556.0, 学习率: 0.00002000
第25轮, 训练损失: 20.6068, 验证集RMSE: 19.1027, 验证集S分数: 31994.4, 测试集RMSE: 26.4626, 测试集S分数: 5649.5, 学习率: 0.00002000
第26轮, 训练损失: 20.5991, 验证集RMSE: 19.1041, 验证集S分数: 32065.9, 测试集RMSE: 26.4581, 测试集S分数: 5665.7, 学习率: 0.00002000
第27轮, 训练损失: 20.6426, 验证集RMSE: 19.1336, 验证集S分数: 31842.1, 测试集RMSE: 26.3502, 测试集S分数: 5590.6, 学习率: 0.00002000
第28轮, 训练损失: 20.6510, 验证集RMSE: 19.1349, 验证集S分数: 31607.9, 测试集RMSE: 26.3160, 测试集S分数: 5548.8, 学习率: 0.00002000
第29轮, 训练损失: 20.5642, 验证集RMSE: 19.0495, 验证集S分数: 31515.4, 测试集RMSE: 26.2733, 测试集S分数: 5538.6, 学习率: 0.00002000
第30轮, 训练损失: 20.6331, 验证集RMSE: 19.0701, 验证集S分数: 31941.0, 测试集RMSE: 26.4013, 测试集S分数: 5696.3, 学习率: 0.00002000
[训练总结] 已恢复第21轮的最佳模型, 验证集RMSE: 19.0377, 验证集S分数: 33461.9, 测试集RMSE: 26.8664, 测试集S分数: 6046.0
[训练耗时] 开始: 2026-04-19 02:13:42, 结束: 2026-04-19 02:15:59, 时长: 0:02:17, 总秒数: 136.91
[自动测试] 命令: /usr/bin/python /CMAPSS-release/scipt/test_model.py --sub-dataset FD003 --smooth-rate 30 --sequence-len 30 --feature-num 14 --dataset-root /CMAPSS-release/CMAPSSData/ --max-rul 125 --batch-size 128 --model-path /CMAPSS-release/logs_GAT_LSTM/model_FD003_0419_021342_seed62.pkl
模型路径:/CMAPSS-release/logs_GAT_LSTM/model_FD003_0419_021342_seed62.pkl
最终RMSE:26.598684310913086, 评分:5761.552734375
