-----FD001-----
模型: GAT_LSTM_AEFAOF_model(AEF与AOF均开启)
序列长度: 30
特征维度: 14
批大小: 128
最大训练轮数: 30
随机种子: 80
学习率: 0.002
学习率调度器: step
Step步长(step_size): 10
Step衰减系数(gamma): 0.1
是否启用AEF: 是
是否启用AOF: 是
GAT隐藏层维度: [8, 8, 8]
LSTM隐藏层维度: [8, 8]
GAT Dropout系数: 0.1
GAT LeakyReLU系数(alpha): 0.1
图构建模式: path
节点嵌入维度(embed_dim): 8
Topk邻居数: 7
AOF注意力隐藏维度: 4
AEF注意力隐藏维度: 28
AEF/AOF融合方式: concat
是否启用指数平滑: True
平滑系数(smooth_rate): 30
------------------------------
第1轮, 训练损失: 42.4460, 验证集RMSE: 40.6298, 验证集S分数: 79988.3, 测试集RMSE: 35.7195, 测试集S分数: 2789.3, 学习率: 0.00200000
第2轮, 训练损失: 22.2791, 验证集RMSE: 20.1784, 验证集S分数: 35812.5, 测试集RMSE: 19.9546, 测试集S分数: 1555.7, 学习率: 0.00200000
第3轮, 训练损失: 19.4021, 验证集RMSE: 19.1005, 验证集S分数: 12274.8, 测试集RMSE: 17.4569, 测试集S分数: 531.4, 学习率: 0.00200000
第4轮, 训练损失: 19.1395, 验证集RMSE: 19.9972, 验证集S分数: 35863.6, 测试集RMSE: 19.4943, 测试集S分数: 1585.2, 学习率: 0.00200000
第5轮, 训练损失: 18.9017, 验证集RMSE: 18.5308, 验证集S分数: 12071.3, 测试集RMSE: 17.0777, 测试集S分数: 581.1, 学习率: 0.00200000
第6轮, 训练损失: 18.5439, 验证集RMSE: 20.4239, 验证集S分数: 35637.9, 测试集RMSE: 19.8553, 测试集S分数: 1807.1, 学习率: 0.00200000
第7轮, 训练损失: 18.4847, 验证集RMSE: 19.4783, 验证集S分数: 28384.2, 测试集RMSE: 19.0850, 测试集S分数: 1554.4, 学习率: 0.00200000
第8轮, 训练损失: 18.3910, 验证集RMSE: 20.8207, 验证集S分数: 38016.3, 测试集RMSE: 20.4964, 测试集S分数: 2117.4, 学习率: 0.00200000
第9轮, 训练损失: 18.1704, 验证集RMSE: 20.0756, 验证集S分数: 38152.8, 测试集RMSE: 19.6896, 测试集S分数: 1966.1, 学习率: 0.00200000
第10轮, 训练损失: 17.8785, 验证集RMSE: 20.3275, 验证集S分数: 36325.2, 测试集RMSE: 20.7448, 测试集S分数: 2110.7, 学习率: 0.00200000
第11轮, 训练损失: 17.0935, 验证集RMSE: 17.4463, 验证集S分数: 16882.9, 测试集RMSE: 18.1434, 测试集S分数: 975.1, 学习率: 0.00020000
第12轮, 训练损失: 17.0557, 验证集RMSE: 17.2611, 验证集S分数: 17981.2, 测试集RMSE: 18.3622, 测试集S分数: 1031.6, 学习率: 0.00020000
第13轮, 训练损失: 17.0458, 验证集RMSE: 18.0003, 验证集S分数: 17932.9, 测试集RMSE: 18.3330, 测试集S分数: 1022.5, 学习率: 0.00020000
第14轮, 训练损失: 16.9626, 验证集RMSE: 18.1448, 验证集S分数: 19587.8, 测试集RMSE: 18.8319, 测试集S分数: 1131.8, 学习率: 0.00020000
第15轮, 训练损失: 17.0197, 验证集RMSE: 16.8133, 验证集S分数: 16001.6, 测试集RMSE: 18.1907, 测试集S分数: 937.8, 学习率: 0.00020000
第16轮, 训练损失: 16.8887, 验证集RMSE: 18.7714, 验证集S分数: 24241.3, 测试集RMSE: 19.1695, 测试集S分数: 1383.7, 学习率: 0.00020000
第17轮, 训练损失: 16.9461, 验证集RMSE: 17.2767, 验证集S分数: 17299.1, 测试集RMSE: 18.4135, 测试集S分数: 1016.8, 学习率: 0.00020000
第18轮, 训练损失: 16.9862, 验证集RMSE: 18.1255, 验证集S分数: 18863.9, 测试集RMSE: 18.5101, 测试集S分数: 1071.7, 学习率: 0.00020000
第19轮, 训练损失: 16.9207, 验证集RMSE: 17.1727, 验证集S分数: 16081.2, 测试集RMSE: 18.4780, 测试集S分数: 1002.0, 学习率: 0.00020000
第20轮, 训练损失: 16.9037, 验证集RMSE: 17.4781, 验证集S分数: 17590.3, 测试集RMSE: 18.4834, 测试集S分数: 1035.8, 学习率: 0.00020000
第21轮, 训练损失: 16.9262, 验证集RMSE: 17.6669, 验证集S分数: 17193.8, 测试集RMSE: 18.4064, 测试集S分数: 1014.7, 学习率: 0.00002000
第22轮, 训练损失: 16.8634, 验证集RMSE: 17.2082, 验证集S分数: 17254.9, 测试集RMSE: 18.3853, 测试集S分数: 1012.5, 学习率: 0.00002000
第23轮, 训练损失: 16.9000, 验证集RMSE: 17.8897, 验证集S分数: 18364.9, 测试集RMSE: 18.5251, 测试集S分数: 1063.9, 学习率: 0.00002000
第24轮, 训练损失: 16.8506, 验证集RMSE: 18.0706, 验证集S分数: 18368.6, 测试集RMSE: 18.5367, 测试集S分数: 1065.6, 学习率: 0.00002000
第25轮, 训练损失: 16.8761, 验证集RMSE: 17.8306, 验证集S分数: 17650.3, 测试集RMSE: 18.4093, 测试集S分数: 1028.2, 学习率: 0.00002000
第26轮, 训练损失: 16.8329, 验证集RMSE: 18.1049, 验证集S分数: 18195.9, 测试集RMSE: 18.5191, 测试集S分数: 1059.4, 学习率: 0.00002000
第27轮, 训练损失: 16.8796, 验证集RMSE: 17.9242, 验证集S分数: 18069.5, 测试集RMSE: 18.5010, 测试集S分数: 1054.3, 学习率: 0.00002000
第28轮, 训练损失: 16.8352, 验证集RMSE: 17.5269, 验证集S分数: 17149.9, 测试集RMSE: 18.3647, 测试集S分数: 1008.0, 学习率: 0.00002000
第29轮, 训练损失: 16.8837, 验证集RMSE: 17.4606, 验证集S分数: 17429.5, 测试集RMSE: 18.3893, 测试集S分数: 1019.7, 学习率: 0.00002000
第30轮, 训练损失: 16.8410, 验证集RMSE: 17.4277, 验证集S分数: 17814.3, 测试集RMSE: 18.4340, 测试集S分数: 1036.2, 学习率: 0.00002000
[训练总结] 已恢复第15轮的最佳模型, 验证集RMSE: 16.8133, 验证集S分数: 16001.6, 测试集RMSE: 18.1907, 测试集S分数: 937.8
[训练耗时] 开始: 2026-04-19 12:02:19, 结束: 2026-04-19 12:04:18, 时长: 0:01:58, 总秒数: 118.22
[自动测试] 命令: /usr/bin/python /CMAPSS-release/scipt/test_model.py --sub-dataset FD001 --smooth-rate 30 --sequence-len 30 --feature-num 14 --dataset-root /CMAPSS-release/CMAPSSData/ --max-rul 125 --batch-size 128 --model-path /CMAPSS-release/logs_GAT_LSTM/model_FD001_0419_120219_seed80.pkl
模型路径:/CMAPSS-release/logs_GAT_LSTM/model_FD001_0419_120219_seed80.pkl
最终RMSE:18.050762176513672, 评分:882.9607543945312
