-----FD003-----
模型: GAT_LSTM_AEFAOF_model(AEF与AOF均开启)
序列长度: 30
特征维度: 14
批大小: 128
最大训练轮数: 30
随机种子: 80
学习率: 0.002
学习率调度器: step
Step步长(step_size): 10
Step衰减系数(gamma): 0.1
是否启用AEF: 是
是否启用AOF: 是
GAT隐藏层维度: [8, 8, 8]
LSTM隐藏层维度: [8, 8]
GAT Dropout系数: 0.1
GAT LeakyReLU系数(alpha): 0.1
图构建模式: path
节点嵌入维度(embed_dim): 8
Topk邻居数: 7
AOF注意力隐藏维度: 4
AEF注意力隐藏维度: 28
AEF/AOF融合方式: concat
是否启用指数平滑: True
平滑系数(smooth_rate): 30
------------------------------
第1轮, 训练损失: 34.1164, 验证集RMSE: 17.6360, 验证集S分数: 28493.4, 测试集RMSE: 25.4161, 测试集S分数: 4360.1, 学习率: 0.00200000
第2轮, 训练损失: 21.1608, 验证集RMSE: 15.5468, 验证集S分数: 25728.6, 测试集RMSE: 20.3599, 测试集S分数: 3809.3, 学习率: 0.00200000
第3轮, 训练损失: 17.5766, 验证集RMSE: 14.3329, 验证集S分数: 34386.2, 测试集RMSE: 22.4561, 测试集S分数: 6644.3, 学习率: 0.00200000
第4轮, 训练损失: 16.9828, 验证集RMSE: 13.8228, 验证集S分数: 22030.1, 测试集RMSE: 19.1358, 测试集S分数: 3266.7, 学习率: 0.00200000
第5轮, 训练损失: 16.4795, 验证集RMSE: 15.8473, 验证集S分数: 26277.2, 测试集RMSE: 22.4789, 测试集S分数: 3609.1, 学习率: 0.00200000
第6轮, 训练损失: 16.1242, 验证集RMSE: 13.5201, 验证集S分数: 22677.0, 测试集RMSE: 19.0110, 测试集S分数: 2712.9, 学习率: 0.00200000
第7轮, 训练损失: 15.6251, 验证集RMSE: 13.8753, 验证集S分数: 21347.9, 测试集RMSE: 17.5726, 测试集S分数: 2146.7, 学习率: 0.00200000
第8轮, 训练损失: 15.4937, 验证集RMSE: 13.3503, 验证集S分数: 23665.9, 测试集RMSE: 18.1761, 测试集S分数: 1774.5, 学习率: 0.00200000
第9轮, 训练损失: 15.2025, 验证集RMSE: 14.3306, 验证集S分数: 16851.7, 测试集RMSE: 17.1326, 测试集S分数: 1131.8, 学习率: 0.00200000
第10轮, 训练损失: 15.0824, 验证集RMSE: 13.9060, 验证集S分数: 17714.8, 测试集RMSE: 17.4204, 测试集S分数: 1189.9, 学习率: 0.00200000
第11轮, 训练损失: 14.2648, 验证集RMSE: 13.6188, 验证集S分数: 18701.9, 测试集RMSE: 16.8614, 测试集S分数: 1218.8, 学习率: 0.00020000
第12轮, 训练损失: 14.3314, 验证集RMSE: 13.7280, 验证集S分数: 20773.6, 测试集RMSE: 17.3395, 测试集S分数: 1445.1, 学习率: 0.00020000
第13轮, 训练损失: 14.1669, 验证集RMSE: 13.7929, 验证集S分数: 18791.3, 测试集RMSE: 16.9771, 测试集S分数: 1303.7, 学习率: 0.00020000
第14轮, 训练损失: 14.2209, 验证集RMSE: 13.8287, 验证集S分数: 19163.6, 测试集RMSE: 16.6821, 测试集S分数: 1276.0, 学习率: 0.00020000
第15轮, 训练损失: 14.2180, 验证集RMSE: 13.4754, 验证集S分数: 20871.1, 测试集RMSE: 17.2409, 测试集S分数: 1402.6, 学习率: 0.00020000
第16轮, 训练损失: 14.1752, 验证集RMSE: 13.6969, 验证集S分数: 19335.6, 测试集RMSE: 16.6288, 测试集S分数: 1278.3, 学习率: 0.00020000
第17轮, 训练损失: 14.1467, 验证集RMSE: 13.6370, 验证集S分数: 19682.7, 测试集RMSE: 16.9102, 测试集S分数: 1348.6, 学习率: 0.00020000
第18轮, 训练损失: 14.3270, 验证集RMSE: 13.4892, 验证集S分数: 19949.5, 测试集RMSE: 17.2416, 测试集S分数: 1346.8, 学习率: 0.00020000
第19轮, 训练损失: 14.0519, 验证集RMSE: 14.0623, 验证集S分数: 17703.7, 测试集RMSE: 16.0315, 测试集S分数: 1093.2, 学习率: 0.00020000
第20轮, 训练损失: 14.1436, 验证集RMSE: 13.4799, 验证集S分数: 19250.7, 测试集RMSE: 17.0864, 测试集S分数: 1308.9, 学习率: 0.00020000
第21轮, 训练损失: 14.1257, 验证集RMSE: 13.5787, 验证集S分数: 19105.5, 测试集RMSE: 16.9185, 测试集S分数: 1292.8, 学习率: 0.00002000
第22轮, 训练损失: 13.9679, 验证集RMSE: 13.5543, 验证集S分数: 19020.2, 测试集RMSE: 16.8663, 测试集S分数: 1286.9, 学习率: 0.00002000
第23轮, 训练损失: 14.0396, 验证集RMSE: 13.6826, 验证集S分数: 18884.9, 测试集RMSE: 16.7617, 测试集S分数: 1263.3, 学习率: 0.00002000
第24轮, 训练损失: 14.0366, 验证集RMSE: 13.4605, 验证集S分数: 19312.5, 测试集RMSE: 16.9389, 测试集S分数: 1305.4, 学习率: 0.00002000
第25轮, 训练损失: 14.1165, 验证集RMSE: 13.6514, 验证集S分数: 19104.8, 测试集RMSE: 16.7858, 测试集S分数: 1299.1, 学习率: 0.00002000
第26轮, 训练损失: 14.0547, 验证集RMSE: 13.6685, 验证集S分数: 18986.8, 测试集RMSE: 16.7958, 测试集S分数: 1284.2, 学习率: 0.00002000
第27轮, 训练损失: 13.9665, 验证集RMSE: 13.6517, 验证集S分数: 18808.3, 测试集RMSE: 16.7379, 测试集S分数: 1266.9, 学习率: 0.00002000
第28轮, 训练损失: 14.0059, 验证集RMSE: 13.6828, 验证集S分数: 19079.5, 测试集RMSE: 16.7977, 测试集S分数: 1286.3, 学习率: 0.00002000
第29轮, 训练损失: 14.0333, 验证集RMSE: 13.6007, 验证集S分数: 19218.4, 测试集RMSE: 16.8480, 测试集S分数: 1307.4, 学习率: 0.00002000
第30轮, 训练损失: 14.0081, 验证集RMSE: 13.6061, 验证集S分数: 18881.8, 测试集RMSE: 16.7458, 测试集S分数: 1271.1, 学习率: 0.00002000
[训练总结] 已恢复第8轮的最佳模型, 验证集RMSE: 13.3503, 验证集S分数: 23665.9, 测试集RMSE: 18.1761, 测试集S分数: 1774.5
[训练耗时] 开始: 2026-04-19 02:43:28, 结束: 2026-04-19 02:45:43, 时长: 0:02:15, 总秒数: 134.89
[自动测试] 命令: /usr/bin/python /CMAPSS-release/scipt/test_model.py --sub-dataset FD003 --smooth-rate 30 --sequence-len 30 --feature-num 14 --dataset-root /CMAPSS-release/CMAPSSData/ --max-rul 125 --batch-size 128 --model-path /CMAPSS-release/logs_GAT_LSTM/model_FD003_0419_024328_seed80.pkl
模型路径:/CMAPSS-release/logs_GAT_LSTM/model_FD003_0419_024328_seed80.pkl
最终RMSE:17.948537826538086, 评分:1739.0595703125
