-----FD001-----
模型: GAT_LSTM_AEFAOF_model(仅AOF开启)
序列长度: 30
特征维度: 14
批大小: 128
最大训练轮数: 30
随机种子: 80
学习率: 0.002
学习率调度器: step
Step步长(step_size): 10
Step衰减系数(gamma): 0.1
是否启用AEF: 否
是否启用AOF: 是
GAT隐藏层维度: [8, 8, 8]
LSTM隐藏层维度: [8, 8]
GAT Dropout系数: 0.1
GAT LeakyReLU系数(alpha): 0.1
图构建模式: dynamic_topk
节点嵌入维度(embed_dim): 8
Topk邻居数: 7
AOF注意力隐藏维度: 4
AEF/AOF融合方式: concat
是否启用指数平滑: True
平滑系数(smooth_rate): 30
------------------------------
第1轮, 训练损失: 42.9882, 验证集RMSE: 38.3396, 验证集S分数: 169403.3, 测试集RMSE: 36.8262, 测试集S分数: 10595.6, 学习率: 0.00200000
第2轮, 训练损失: 32.2545, 验证集RMSE: 21.3320, 验证集S分数: 46853.4, 测试集RMSE: 26.3914, 测试集S分数: 11239.4, 学习率: 0.00200000
第3轮, 训练损失: 24.8996, 验证集RMSE: 21.8804, 验证集S分数: 48958.6, 测试集RMSE: 23.5092, 测试集S分数: 5671.6, 学习率: 0.00200000
第4轮, 训练损失: 23.1128, 验证集RMSE: 20.0333, 验证集S分数: 23480.9, 测试集RMSE: 20.3319, 测试集S分数: 2020.2, 学习率: 0.00200000
第5轮, 训练损失: 22.0435, 验证集RMSE: 20.0472, 验证集S分数: 64105.8, 测试集RMSE: 23.6521, 测试集S分数: 8740.9, 学习率: 0.00200000
第6轮, 训练损失: 21.1135, 验证集RMSE: 19.9010, 验证集S分数: 43127.3, 测试集RMSE: 20.4107, 测试集S分数: 2421.4, 学习率: 0.00200000
第7轮, 训练损失: 20.6715, 验证集RMSE: 20.1112, 验证集S分数: 38198.9, 测试集RMSE: 20.5518, 测试集S分数: 3418.3, 学习率: 0.00200000
第8轮, 训练损失: 20.4287, 验证集RMSE: 19.7131, 验证集S分数: 63487.9, 测试集RMSE: 19.3703, 测试集S分数: 1527.1, 学习率: 0.00200000
第9轮, 训练损失: 20.1425, 验证集RMSE: 21.4453, 验证集S分数: 24261.0, 测试集RMSE: 18.3175, 测试集S分数: 1196.4, 学习率: 0.00200000
第10轮, 训练损失: 19.7811, 验证集RMSE: 19.6938, 验证集S分数: 57720.8, 测试集RMSE: 18.8418, 测试集S分数: 1321.1, 学习率: 0.00200000
第11轮, 训练损失: 19.1363, 验证集RMSE: 19.2443, 验证集S分数: 68665.6, 测试集RMSE: 19.7588, 测试集S分数: 2202.2, 学习率: 0.00020000
第12轮, 训练损失: 19.0829, 验证集RMSE: 19.4181, 验证集S分数: 70054.4, 测试集RMSE: 19.9015, 测试集S分数: 2323.0, 学习率: 0.00020000
第13轮, 训练损失: 18.9854, 验证集RMSE: 18.7672, 验证集S分数: 78625.1, 测试集RMSE: 19.5840, 测试集S分数: 2013.2, 学习率: 0.00020000
第14轮, 训练损失: 18.9940, 验证集RMSE: 18.9591, 验证集S分数: 78360.7, 测试集RMSE: 19.2744, 测试集S分数: 1792.4, 学习率: 0.00020000
第15轮, 训练损失: 18.8546, 验证集RMSE: 18.8168, 验证集S分数: 65277.0, 测试集RMSE: 19.4032, 测试集S分数: 1960.2, 学习率: 0.00020000
第16轮, 训练损失: 19.0227, 验证集RMSE: 18.0847, 验证集S分数: 69448.0, 测试集RMSE: 19.4041, 测试集S分数: 1997.4, 学习率: 0.00020000
第17轮, 训练损失: 18.7931, 验证集RMSE: 18.7098, 验证集S分数: 76672.6, 测试集RMSE: 19.3683, 测试集S分数: 1938.2, 学习率: 0.00020000
第18轮, 训练损失: 18.8447, 验证集RMSE: 18.5969, 验证集S分数: 56547.6, 测试集RMSE: 19.1518, 测试集S分数: 1768.1, 学习率: 0.00020000
第19轮, 训练损失: 18.7438, 验证集RMSE: 19.2911, 验证集S分数: 69145.7, 测试集RMSE: 20.2776, 测试集S分数: 2708.6, 学习率: 0.00020000
第20轮, 训练损失: 18.8087, 验证集RMSE: 19.9673, 验证集S分数: 74989.9, 测试集RMSE: 19.5192, 测试集S分数: 1961.9, 学习率: 0.00020000
第21轮, 训练损失: 18.7317, 验证集RMSE: 18.7576, 验证集S分数: 69097.4, 测试集RMSE: 19.2405, 测试集S分数: 1838.7, 学习率: 0.00002000
第22轮, 训练损失: 18.8844, 验证集RMSE: 18.4727, 验证集S分数: 66352.2, 测试集RMSE: 19.2112, 测试集S分数: 1825.0, 学习率: 0.00002000
第23轮, 训练损失: 18.5936, 验证集RMSE: 18.8486, 验证集S分数: 66960.2, 测试集RMSE: 19.2126, 测试集S分数: 1818.9, 学习率: 0.00002000
第24轮, 训练损失: 18.7108, 验证集RMSE: 18.5628, 验证集S分数: 66878.7, 测试集RMSE: 19.1907, 测试集S分数: 1806.2, 学习率: 0.00002000
第25轮, 训练损失: 18.6829, 验证集RMSE: 18.4940, 验证集S分数: 67389.2, 测试集RMSE: 19.3274, 测试集S分数: 1886.9, 学习率: 0.00002000
第26轮, 训练损失: 18.7328, 验证集RMSE: 18.9204, 验证集S分数: 67563.5, 测试集RMSE: 19.3182, 测试集S分数: 1891.5, 学习率: 0.00002000
第27轮, 训练损失: 18.5985, 验证集RMSE: 18.6390, 验证集S分数: 65588.4, 测试集RMSE: 19.2028, 测试集S分数: 1815.9, 学习率: 0.00002000
第28轮, 训练损失: 18.7014, 验证集RMSE: 19.0163, 验证集S分数: 67288.9, 测试集RMSE: 19.2796, 测试集S分数: 1864.1, 学习率: 0.00002000
第29轮, 训练损失: 18.7759, 验证集RMSE: 18.8192, 验证集S分数: 66972.8, 测试集RMSE: 19.1798, 测试集S分数: 1802.1, 学习率: 0.00002000
第30轮, 训练损失: 18.6544, 验证集RMSE: 18.8178, 验证集S分数: 64375.8, 测试集RMSE: 19.1971, 测试集S分数: 1804.7, 学习率: 0.00002000
[训练总结] 已恢复第16轮的最佳模型, 验证集RMSE: 18.0847, 验证集S分数: 69448.0, 测试集RMSE: 19.4041, 测试集S分数: 1997.4
[训练耗时] 开始: 2026-04-19 01:31:18, 结束: 2026-04-19 01:33:03, 时长: 0:01:45, 总秒数: 105.37
[自动测试] 命令: /usr/bin/python /CMAPSS-release/scipt/test_model.py --sub-dataset FD001 --smooth-rate 30 --sequence-len 30 --feature-num 14 --dataset-root /CMAPSS-release/CMAPSSData/ --max-rul 125 --batch-size 128 --model-path /CMAPSS-release/logs_GAT_LSTM/model_FD001_0419_013118_seed80.pkl
模型路径:/CMAPSS-release/logs_GAT_LSTM/model_FD001_0419_013118_seed80.pkl
最终RMSE:19.270442962646484, 评分:1916.7474365234375
