-----FD001-----
模型: GAT_LSTM_AEFAOF_model(AEF与AOF均开启)
序列长度: 30
特征维度: 14
批大小: 128
最大训练轮数: 30
随机种子: 27
学习率: 0.002
学习率调度器: step
Step步长(step_size): 10
Step衰减系数(gamma): 0.1
是否启用AEF: 是
是否启用AOF: 是
GAT隐藏层维度: [8, 8, 8]
LSTM隐藏层维度: [8, 8]
GAT Dropout系数: 0.1
GAT LeakyReLU系数(alpha): 0.1
图构建模式: dynamic_topk
节点嵌入维度(embed_dim): 8
Topk邻居数: 7
AOF注意力隐藏维度: 4
AEF注意力隐藏维度: 28
AEF/AOF融合方式: concat
是否启用指数平滑: True
平滑系数(smooth_rate): 30
------------------------------
第1轮, 训练损失: 40.2800, 验证集RMSE: 29.9156, 验证集S分数: 106331.5, 测试集RMSE: 29.0151, 测试集S分数: 7436.1, 学习率: 0.00200000
第2轮, 训练损失: 26.3730, 验证集RMSE: 21.8304, 验证集S分数: 14683.5, 测试集RMSE: 21.6882, 测试集S分数: 2103.5, 学习率: 0.00200000
第3轮, 训练损失: 22.5140, 验证集RMSE: 21.5598, 验证集S分数: 24794.5, 测试集RMSE: 23.9584, 测试集S分数: 2366.2, 学习率: 0.00200000
第4轮, 训练损失: 21.9251, 验证集RMSE: 19.2268, 验证集S分数: 14636.1, 测试集RMSE: 21.0550, 测试集S分数: 1499.1, 学习率: 0.00200000
第5轮, 训练损失: 21.2861, 验证集RMSE: 23.9759, 验证集S分数: 46706.7, 测试集RMSE: 27.9546, 测试集S分数: 3775.3, 学习率: 0.00200000
第6轮, 训练损失: 20.9358, 验证集RMSE: 20.6002, 验证集S分数: 39077.4, 测试集RMSE: 23.6011, 测试集S分数: 2064.2, 学习率: 0.00200000
第7轮, 训练损失: 20.4541, 验证集RMSE: 18.7356, 验证集S分数: 25687.3, 测试集RMSE: 22.2847, 测试集S分数: 1933.6, 学习率: 0.00200000
第8轮, 训练损失: 20.1980, 验证集RMSE: 23.9702, 验证集S分数: 71672.2, 测试集RMSE: 27.7405, 测试集S分数: 3735.4, 学习率: 0.00200000
第9轮, 训练损失: 19.8930, 验证集RMSE: 19.1516, 验证集S分数: 20723.6, 测试集RMSE: 19.6132, 测试集S分数: 1126.2, 学习率: 0.00200000
第10轮, 训练损失: 19.4743, 验证集RMSE: 19.6657, 验证集S分数: 16513.7, 测试集RMSE: 19.0048, 测试集S分数: 1150.8, 学习率: 0.00200000
第11轮, 训练损失: 18.6313, 验证集RMSE: 19.1786, 验证集S分数: 23236.0, 测试集RMSE: 20.8990, 测试集S分数: 1289.3, 学习率: 0.00020000
第12轮, 训练损失: 18.5798, 验证集RMSE: 19.2930, 验证集S分数: 22646.1, 测试集RMSE: 20.4344, 测试集S分数: 1222.8, 学习率: 0.00020000
第13轮, 训练损失: 18.5925, 验证集RMSE: 18.6349, 验证集S分数: 21830.6, 测试集RMSE: 20.4555, 测试集S分数: 1279.7, 学习率: 0.00020000
第14轮, 训练损失: 18.6308, 验证集RMSE: 19.1664, 验证集S分数: 21248.5, 测试集RMSE: 20.2494, 测试集S分数: 1175.8, 学习率: 0.00020000
第15轮, 训练损失: 18.6073, 验证集RMSE: 19.3663, 验证集S分数: 21324.9, 测试集RMSE: 20.4123, 测试集S分数: 1224.6, 学习率: 0.00020000
第16轮, 训练损失: 18.4095, 验证集RMSE: 18.5575, 验证集S分数: 21589.9, 测试集RMSE: 20.3927, 测试集S分数: 1193.6, 学习率: 0.00020000
第17轮, 训练损失: 18.4651, 验证集RMSE: 19.1299, 验证集S分数: 21641.2, 测试集RMSE: 20.5146, 测试集S分数: 1242.2, 学习率: 0.00020000
第18轮, 训练损失: 18.4945, 验证集RMSE: 18.3551, 验证集S分数: 19548.6, 测试集RMSE: 19.6932, 测试集S分数: 1084.0, 学习率: 0.00020000
第19轮, 训练损失: 18.3604, 验证集RMSE: 19.9398, 验证集S分数: 27814.4, 测试集RMSE: 21.6623, 测试集S分数: 1410.9, 学习率: 0.00020000
第20轮, 训练损失: 18.3895, 验证集RMSE: 19.2421, 验证集S分数: 23688.6, 测试集RMSE: 20.8521, 测试集S分数: 1256.5, 学习率: 0.00020000
第21轮, 训练损失: 18.3205, 验证集RMSE: 18.8695, 验证集S分数: 20739.7, 测试集RMSE: 20.1074, 测试集S分数: 1127.5, 学习率: 0.00002000
第22轮, 训练损失: 18.2817, 验证集RMSE: 18.8332, 验证集S分数: 21020.7, 测试集RMSE: 20.1611, 测试集S分数: 1138.7, 学习率: 0.00002000
第23轮, 训练损失: 18.3221, 验证集RMSE: 18.8869, 验证集S分数: 20833.7, 测试集RMSE: 20.0970, 测试集S分数: 1125.1, 学习率: 0.00002000
第24轮, 训练损失: 18.3480, 验证集RMSE: 19.0294, 验证集S分数: 20923.0, 测试集RMSE: 20.1458, 测试集S分数: 1135.3, 学习率: 0.00002000
第25轮, 训练损失: 18.3398, 验证集RMSE: 19.1516, 验证集S分数: 21393.2, 测试集RMSE: 20.2604, 测试集S分数: 1155.2, 学习率: 0.00002000
第26轮, 训练损失: 18.2982, 验证集RMSE: 19.7144, 验证集S分数: 21642.4, 测试集RMSE: 20.3343, 测试集S分数: 1169.7, 学习率: 0.00002000
第27轮, 训练损失: 18.3786, 验证集RMSE: 19.1976, 验证集S分数: 21729.1, 测试集RMSE: 20.2773, 测试集S分数: 1157.2, 学习率: 0.00002000
第28轮, 训练损失: 18.3725, 验证集RMSE: 19.1058, 验证集S分数: 20740.2, 测试集RMSE: 20.0724, 测试集S分数: 1120.1, 学习率: 0.00002000
第29轮, 训练损失: 18.2879, 验证集RMSE: 18.5705, 验证集S分数: 20492.1, 测试集RMSE: 20.0369, 测试集S分数: 1117.7, 学习率: 0.00002000
第30轮, 训练损失: 18.1881, 验证集RMSE: 19.0783, 验证集S分数: 21319.6, 测试集RMSE: 20.2333, 测试集S分数: 1157.7, 学习率: 0.00002000
[训练总结] 已恢复第18轮的最佳模型, 验证集RMSE: 18.3551, 验证集S分数: 19548.6, 测试集RMSE: 19.6932, 测试集S分数: 1084.0
[训练耗时] 开始: 2026-04-19 00:15:42, 结束: 2026-04-19 00:17:34, 时长: 0:01:52, 总秒数: 111.93
[自动测试] 命令: /usr/bin/python /CMAPSS-release/scipt/test_model.py --sub-dataset FD001 --smooth-rate 30 --sequence-len 30 --feature-num 14 --dataset-root /CMAPSS-release/CMAPSSData/ --max-rul 125 --batch-size 128 --model-path /CMAPSS-release/logs_GAT_LSTM/model_FD001_0419_001542_seed27.pkl
模型路径:/CMAPSS-release/logs_GAT_LSTM/model_FD001_0419_001542_seed27.pkl
最终RMSE:19.468435287475586, 评分:1049.40869140625
