-----FD003-----
模型: GAT_LSTM_AEFAOF_model(仅AOF开启)
序列长度: 30
特征维度: 14
批大小: 128
最大训练轮数: 30
随机种子: 30
学习率: 0.002
学习率调度器: step
Step步长(step_size): 10
Step衰减系数(gamma): 0.1
是否启用AEF: 否
是否启用AOF: 是
GAT隐藏层维度: [8, 8, 8]
LSTM隐藏层维度: [8, 8]
GAT Dropout系数: 0.1
GAT LeakyReLU系数(alpha): 0.1
图构建模式: dynamic_topk
节点嵌入维度(embed_dim): 8
Topk邻居数: 7
AOF注意力隐藏维度: 4
AEF/AOF融合方式: concat
是否启用指数平滑: True
平滑系数(smooth_rate): 30
------------------------------
第1轮, 训练损失: 43.5942, 验证集RMSE: 33.3917, 验证集S分数: 95305.0, 测试集RMSE: 33.3627, 测试集S分数: 6051.5, 学习率: 0.00200000
第2轮, 训练损失: 26.4147, 验证集RMSE: 19.5559, 验证集S分数: 66516.9, 测试集RMSE: 29.6402, 测试集S分数: 7950.6, 学习率: 0.00200000
第3轮, 训练损失: 22.7207, 验证集RMSE: 26.7635, 验证集S分数: 175292.6, 测试集RMSE: 36.5023, 测试集S分数: 14774.9, 学习率: 0.00200000
第4轮, 训练损失: 21.8329, 验证集RMSE: 18.0119, 验证集S分数: 35816.8, 测试集RMSE: 24.7657, 测试集S分数: 4305.2, 学习率: 0.00200000
第5轮, 训练损失: 21.0219, 验证集RMSE: 16.3873, 验证集S分数: 23535.6, 测试集RMSE: 22.5242, 测试集S分数: 3212.9, 学习率: 0.00200000
第6轮, 训练损失: 20.1887, 验证集RMSE: 15.7429, 验证集S分数: 24697.1, 测试集RMSE: 22.8860, 测试集S分数: 3595.3, 学习率: 0.00200000
第7轮, 训练损失: 19.7145, 验证集RMSE: 16.2481, 验证集S分数: 37323.5, 测试集RMSE: 25.7472, 测试集S分数: 5270.9, 学习率: 0.00200000
第8轮, 训练损失: 18.8652, 验证集RMSE: 15.3306, 验证集S分数: 27747.5, 测试集RMSE: 23.9359, 测试集S分数: 4061.7, 学习率: 0.00200000
第9轮, 训练损失: 18.3871, 验证集RMSE: 15.6010, 验证集S分数: 23747.0, 测试集RMSE: 22.9297, 测试集S分数: 3130.6, 学习率: 0.00200000
第10轮, 训练损失: 17.7270, 验证集RMSE: 14.3050, 验证集S分数: 21525.4, 测试集RMSE: 20.7333, 测试集S分数: 3009.9, 学习率: 0.00200000
第11轮, 训练损失: 16.6691, 验证集RMSE: 14.2334, 验证集S分数: 23574.7, 测试集RMSE: 21.5891, 测试集S分数: 3061.8, 学习率: 0.00020000
第12轮, 训练损失: 16.6462, 验证集RMSE: 13.9936, 验证集S分数: 22733.5, 测试集RMSE: 21.1733, 测试集S分数: 2818.9, 学习率: 0.00020000
第13轮, 训练损失: 16.5400, 验证集RMSE: 13.9748, 验证集S分数: 24175.5, 测试集RMSE: 21.9246, 测试集S分数: 3189.3, 学习率: 0.00020000
第14轮, 训练损失: 16.4688, 验证集RMSE: 13.7860, 验证集S分数: 20766.7, 测试集RMSE: 20.6695, 测试集S分数: 2525.6, 学习率: 0.00020000
第15轮, 训练损失: 16.4002, 验证集RMSE: 13.9356, 验证集S分数: 24127.6, 测试集RMSE: 22.1501, 测试集S分数: 2914.0, 学习率: 0.00020000
第16轮, 训练损失: 16.2740, 验证集RMSE: 13.6760, 验证集S分数: 21379.1, 测试集RMSE: 21.0334, 测试集S分数: 2536.6, 学习率: 0.00020000
第17轮, 训练损失: 16.1430, 验证集RMSE: 13.3939, 验证集S分数: 20262.5, 测试集RMSE: 20.4837, 测试集S分数: 2308.3, 学习率: 0.00020000
第18轮, 训练损失: 16.2763, 验证集RMSE: 13.5063, 验证集S分数: 22192.1, 测试集RMSE: 21.4088, 测试集S分数: 2730.0, 学习率: 0.00020000
第19轮, 训练损失: 16.0263, 验证集RMSE: 13.5122, 验证集S分数: 22200.4, 测试集RMSE: 21.2213, 测试集S分数: 2813.6, 学习率: 0.00020000
第20轮, 训练损失: 16.1314, 验证集RMSE: 13.3979, 验证集S分数: 20559.8, 测试集RMSE: 20.8901, 测试集S分数: 2485.2, 学习率: 0.00020000
第21轮, 训练损失: 15.8833, 验证集RMSE: 13.4561, 验证集S分数: 20842.7, 测试集RMSE: 21.0928, 测试集S分数: 2544.1, 学习率: 0.00002000
第22轮, 训练损失: 15.9971, 验证集RMSE: 13.4525, 验证集S分数: 20575.2, 测试集RMSE: 20.9495, 测试集S分数: 2479.9, 学习率: 0.00002000
第23轮, 训练损失: 16.0306, 验证集RMSE: 13.5215, 验证集S分数: 20463.1, 测试集RMSE: 20.9488, 测试集S分数: 2424.7, 学习率: 0.00002000
第24轮, 训练损失: 15.9159, 验证集RMSE: 13.3026, 验证集S分数: 19976.0, 测试集RMSE: 20.6635, 测试集S分数: 2334.8, 学习率: 0.00002000
第25轮, 训练损失: 15.9587, 验证集RMSE: 13.2714, 验证集S分数: 20650.4, 测试集RMSE: 21.0258, 测试集S分数: 2467.5, 学习率: 0.00002000
第26轮, 训练损失: 15.9076, 验证集RMSE: 13.4492, 验证集S分数: 20505.6, 测试集RMSE: 20.9281, 测试集S分数: 2435.9, 学习率: 0.00002000
第27轮, 训练损失: 15.9679, 验证集RMSE: 13.3977, 验证集S分数: 20507.8, 测试集RMSE: 20.8980, 测试集S分数: 2432.3, 学习率: 0.00002000
第28轮, 训练损失: 16.0041, 验证集RMSE: 13.4673, 验证集S分数: 20377.7, 测试集RMSE: 20.9023, 测试集S分数: 2417.5, 学习率: 0.00002000
第29轮, 训练损失: 15.9532, 验证集RMSE: 13.4014, 验证集S分数: 20468.0, 测试集RMSE: 21.0052, 测试集S分数: 2413.0, 学习率: 0.00002000
第30轮, 训练损失: 15.9696, 验证集RMSE: 13.4595, 验证集S分数: 20468.4, 测试集RMSE: 20.9290, 测试集S分数: 2433.2, 学习率: 0.00002000
[训练总结] 已恢复第25轮的最佳模型, 验证集RMSE: 13.2714, 验证集S分数: 20650.4, 测试集RMSE: 21.0258, 测试集S分数: 2467.5
[训练耗时] 开始: 2026-04-19 03:23:39, 结束: 2026-04-19 03:25:38, 时长: 0:01:59, 总秒数: 119.21
[自动测试] 命令: /usr/bin/python /CMAPSS-release/scipt/test_model.py --sub-dataset FD003 --smooth-rate 30 --sequence-len 30 --feature-num 14 --dataset-root /CMAPSS-release/CMAPSSData/ --max-rul 125 --batch-size 128 --model-path /CMAPSS-release/logs_GAT_LSTM/model_FD003_0419_032339_seed30.pkl
模型路径:/CMAPSS-release/logs_GAT_LSTM/model_FD003_0419_032339_seed30.pkl
最终RMSE:20.749698638916016, 评分:2400.71484375
