-----FD001-----
模型: GAT_LSTM_AEFAOF_model(AEF与AOF均开启)
序列长度: 30
特征维度: 14
批大小: 128
最大训练轮数: 30
随机种子: 80
学习率: 0.002
学习率调度器: step
Step步长(step_size): 10
Step衰减系数(gamma): 0.1
是否启用AEF: 是
是否启用AOF: 是
GAT隐藏层维度: [8, 8, 8]
LSTM隐藏层维度: [8, 8]
GAT Dropout系数: 0.1
GAT LeakyReLU系数(alpha): 0.1
图构建模式: dynamic_topk
节点嵌入维度(embed_dim): 8
Topk邻居数: 7
AOF注意力隐藏维度: 4
AEF注意力隐藏维度: 28
AEF/AOF融合方式: concat
是否启用指数平滑: True
平滑系数(smooth_rate): 30
------------------------------
第1轮, 训练损失: 43.5940, 验证集RMSE: 41.1855, 验证集S分数: 248419.8, 测试集RMSE: 39.5428, 测试集S分数: 15365.5, 学习率: 0.00200000
第2轮, 训练损失: 40.2318, 验证集RMSE: 34.8058, 验证集S分数: 98282.0, 测试集RMSE: 32.5184, 测试集S分数: 6861.4, 学习率: 0.00200000
第3轮, 训练损失: 33.4413, 验证集RMSE: 32.5790, 验证集S分数: 219742.7, 测试集RMSE: 31.7834, 测试集S分数: 23718.8, 学习率: 0.00200000
第4轮, 训练损失: 30.5019, 验证集RMSE: 30.8038, 验证集S分数: 68225.4, 测试集RMSE: 27.9208, 测试集S分数: 4241.2, 学习率: 0.00200000
第5轮, 训练损失: 29.5049, 验证集RMSE: 30.6015, 验证集S分数: 224322.4, 测试集RMSE: 27.9739, 测试集S分数: 11971.9, 学习率: 0.00200000
第6轮, 训练损失: 28.4260, 验证集RMSE: 28.2447, 验证集S分数: 142942.6, 测试集RMSE: 27.5809, 测试集S分数: 13389.1, 学习率: 0.00200000
第7轮, 训练损失: 27.0919, 验证集RMSE: 26.8358, 验证集S分数: 93160.6, 测试集RMSE: 26.1141, 测试集S分数: 6431.9, 学习率: 0.00200000
第8轮, 训练损失: 25.9000, 验证集RMSE: 26.9858, 验证集S分数: 53778.6, 测试集RMSE: 25.5618, 测试集S分数: 5269.2, 学习率: 0.00200000
第9轮, 训练损失: 25.4035, 验证集RMSE: 25.3139, 验证集S分数: 41137.6, 测试集RMSE: 24.2806, 测试集S分数: 5266.8, 学习率: 0.00200000
第10轮, 训练损失: 24.4739, 验证集RMSE: 23.7862, 验证集S分数: 39948.4, 测试集RMSE: 24.2320, 测试集S分数: 4732.6, 学习率: 0.00200000
第11轮, 训练损失: 22.9692, 验证集RMSE: 23.6868, 验证集S分数: 44022.3, 测试集RMSE: 23.8113, 测试集S分数: 4067.4, 学习率: 0.00020000
第12轮, 训练损失: 22.7423, 验证集RMSE: 23.6168, 验证集S分数: 62052.0, 测试集RMSE: 24.7986, 测试集S分数: 5632.2, 学习率: 0.00020000
第13轮, 训练损失: 22.7108, 验证集RMSE: 22.6838, 验证集S分数: 45050.2, 测试集RMSE: 23.1573, 测试集S分数: 3613.1, 学习率: 0.00020000
第14轮, 训练损失: 22.2508, 验证集RMSE: 22.3722, 验证集S分数: 45599.7, 测试集RMSE: 23.1487, 测试集S分数: 3570.8, 学习率: 0.00020000
第15轮, 训练损失: 22.0964, 验证集RMSE: 23.0561, 验证集S分数: 80076.8, 测试集RMSE: 24.6525, 测试集S分数: 5196.8, 学习率: 0.00020000
第16轮, 训练损失: 21.7503, 验证集RMSE: 21.5359, 验证集S分数: 42815.0, 测试集RMSE: 22.5946, 测试集S分数: 3091.3, 学习率: 0.00020000
第17轮, 训练损失: 21.6312, 验证集RMSE: 21.1971, 验证集S分数: 40164.8, 测试集RMSE: 22.1726, 测试集S分数: 2698.9, 学习率: 0.00020000
第18轮, 训练损失: 21.4874, 验证集RMSE: 21.5946, 验证集S分数: 46596.8, 测试集RMSE: 22.7331, 测试集S分数: 3334.7, 学习率: 0.00020000
第19轮, 训练损失: 21.4239, 验证集RMSE: 21.0855, 验证集S分数: 44539.9, 测试集RMSE: 22.5487, 测试集S分数: 3067.0, 学习率: 0.00020000
第20轮, 训练损失: 21.2077, 验证集RMSE: 20.3950, 验证集S分数: 30515.4, 测试集RMSE: 21.9036, 测试集S分数: 2388.1, 学习率: 0.00020000
第21轮, 训练损失: 21.2028, 验证集RMSE: 21.5828, 验证集S分数: 33436.9, 测试集RMSE: 21.9680, 测试集S分数: 2628.5, 学习率: 0.00002000
第22轮, 训练损失: 21.1316, 验证集RMSE: 21.2979, 验证集S分数: 33564.4, 测试集RMSE: 21.8546, 测试集S分数: 2521.0, 学习率: 0.00002000
第23轮, 训练损失: 21.0550, 验证集RMSE: 21.1547, 验证集S分数: 34556.8, 测试集RMSE: 21.9063, 测试集S分数: 2576.4, 学习率: 0.00002000
第24轮, 训练损失: 21.0582, 验证集RMSE: 21.3774, 验证集S分数: 33913.5, 测试集RMSE: 21.8577, 测试集S分数: 2521.2, 学习率: 0.00002000
第25轮, 训练损失: 21.1524, 验证集RMSE: 21.4542, 验证集S分数: 35263.5, 测试集RMSE: 21.8785, 测试集S分数: 2572.2, 学习率: 0.00002000
第26轮, 训练损失: 20.9274, 验证集RMSE: 21.2873, 验证集S分数: 36456.5, 测试集RMSE: 21.9265, 测试集S分数: 2605.5, 学习率: 0.00002000
第27轮, 训练损失: 21.0389, 验证集RMSE: 21.8591, 验证集S分数: 34711.5, 测试集RMSE: 21.7846, 测试集S分数: 2540.2, 学习率: 0.00002000
第28轮, 训练损失: 20.9877, 验证集RMSE: 21.0285, 验证集S分数: 35573.4, 测试集RMSE: 21.8644, 测试集S分数: 2570.7, 学习率: 0.00002000
第29轮, 训练损失: 21.0015, 验证集RMSE: 20.6650, 验证集S分数: 34089.2, 测试集RMSE: 21.6970, 测试集S分数: 2488.2, 学习率: 0.00002000
第30轮, 训练损失: 21.0407, 验证集RMSE: 21.3133, 验证集S分数: 34405.6, 测试集RMSE: 21.7341, 测试集S分数: 2488.1, 学习率: 0.00002000
[训练总结] 已恢复第20轮的最佳模型, 验证集RMSE: 20.3950, 验证集S分数: 30515.4, 测试集RMSE: 21.9036, 测试集S分数: 2388.1
[训练耗时] 开始: 2026-04-19 00:26:40, 结束: 2026-04-19 00:28:35, 时长: 0:01:55, 总秒数: 114.97
[自动测试] 命令: /usr/bin/python /CMAPSS-release/scipt/test_model.py --sub-dataset FD001 --smooth-rate 30 --sequence-len 30 --feature-num 14 --dataset-root /CMAPSS-release/CMAPSSData/ --max-rul 125 --batch-size 128 --model-path /CMAPSS-release/logs_GAT_LSTM/model_FD001_0419_002640_seed80.pkl
模型路径:/CMAPSS-release/logs_GAT_LSTM/model_FD001_0419_002640_seed80.pkl
最终RMSE:21.732463836669922, 评分:2256.18701171875
