-----FD003-----
模型: GAT_LSTM_AEFAOF_model(AEF与AOF均开启)
序列长度: 30
特征维度: 14
批大小: 128
最大训练轮数: 30
随机种子: 2
学习率: 0.002
学习率调度器: step
Step步长(step_size): 10
Step衰减系数(gamma): 0.1
是否启用AEF: 是
是否启用AOF: 是
GAT隐藏层维度: [8, 8, 8]
LSTM隐藏层维度: [8, 8]
GAT Dropout系数: 0.1
GAT LeakyReLU系数(alpha): 0.1
图构建模式: path
节点嵌入维度(embed_dim): 8
Topk邻居数: 7
AOF注意力隐藏维度: 4
AEF注意力隐藏维度: 28
AEF/AOF融合方式: concat
是否启用指数平滑: True
平滑系数(smooth_rate): 30
------------------------------
第1轮, 训练损失: 41.2521, 验证集RMSE: 31.9145, 验证集S分数: 1035405.8, 测试集RMSE: 38.4709, 测试集S分数: 42540.1, 学习率: 0.00200000
第2轮, 训练损失: 36.0963, 验证集RMSE: 31.9852, 验证集S分数: 641824.1, 测试集RMSE: 36.1774, 测试集S分数: 37842.7, 学习率: 0.00200000
第3轮, 训练损失: 35.5367, 验证集RMSE: 31.3613, 验证集S分数: 520428.5, 测试集RMSE: 34.5290, 测试集S分数: 32565.4, 学习率: 0.00200000
第4轮, 训练损失: 34.8717, 验证集RMSE: 31.1156, 验证集S分数: 591521.1, 测试集RMSE: 32.3874, 测试集S分数: 27309.2, 学习率: 0.00200000
第5轮, 训练损失: 32.3254, 验证集RMSE: 26.8383, 验证集S分数: 664842.4, 测试集RMSE: 29.5515, 测试集S分数: 19373.6, 学习率: 0.00200000
第6轮, 训练损失: 27.4021, 验证集RMSE: 20.4102, 验证集S分数: 47104.9, 测试集RMSE: 22.2542, 测试集S分数: 3700.0, 学习率: 0.00200000
第7轮, 训练损失: 19.5912, 验证集RMSE: 18.0043, 验证集S分数: 20556.2, 测试集RMSE: 21.4939, 测试集S分数: 2605.6, 学习率: 0.00200000
第8轮, 训练损失: 17.2187, 验证集RMSE: 17.6917, 验证集S分数: 37274.9, 测试集RMSE: 24.7799, 测试集S分数: 3709.2, 学习率: 0.00200000
第9轮, 训练损失: 16.5861, 验证集RMSE: 14.0239, 验证集S分数: 29260.4, 测试集RMSE: 24.2066, 测试集S分数: 4787.8, 学习率: 0.00200000
第10轮, 训练损失: 16.2420, 验证集RMSE: 15.2306, 验证集S分数: 20245.4, 测试集RMSE: 17.9813, 测试集S分数: 2289.5, 学习率: 0.00200000
第11轮, 训练损失: 14.8175, 验证集RMSE: 12.9564, 验证集S分数: 18107.5, 测试集RMSE: 17.5832, 测试集S分数: 2061.6, 学习率: 0.00020000
第12轮, 训练损失: 14.6788, 验证集RMSE: 13.2158, 验证集S分数: 17949.4, 测试集RMSE: 17.4568, 测试集S分数: 1933.8, 学习率: 0.00020000
第13轮, 训练损失: 14.6745, 验证集RMSE: 12.8316, 验证集S分数: 18403.4, 测试集RMSE: 17.3704, 测试集S分数: 1881.8, 学习率: 0.00020000
第14轮, 训练损失: 14.5638, 验证集RMSE: 12.8976, 验证集S分数: 18494.2, 测试集RMSE: 17.2572, 测试集S分数: 1702.6, 学习率: 0.00020000
第15轮, 训练损失: 14.3995, 验证集RMSE: 13.4250, 验证集S分数: 16680.7, 测试集RMSE: 17.0900, 测试集S分数: 1695.5, 学习率: 0.00020000
第16轮, 训练损失: 14.3241, 验证集RMSE: 13.2839, 验证集S分数: 17771.4, 测试集RMSE: 16.9709, 测试集S分数: 1578.5, 学习率: 0.00020000
第17轮, 训练损失: 14.2980, 验证集RMSE: 13.1009, 验证集S分数: 17006.1, 测试集RMSE: 16.8041, 测试集S分数: 1538.5, 学习率: 0.00020000
第18轮, 训练损失: 14.3064, 验证集RMSE: 12.9888, 验证集S分数: 17140.2, 测试集RMSE: 16.8423, 测试集S分数: 1619.3, 学习率: 0.00020000
第19轮, 训练损失: 14.2889, 验证集RMSE: 12.6965, 验证集S分数: 18026.1, 测试集RMSE: 17.2175, 测试集S分数: 2046.2, 学习率: 0.00020000
第20轮, 训练损失: 14.1894, 验证集RMSE: 12.3782, 验证集S分数: 18479.0, 测试集RMSE: 17.2431, 测试集S分数: 2213.4, 学习率: 0.00020000
第21轮, 训练损失: 14.1449, 验证集RMSE: 12.6616, 验证集S分数: 17442.5, 测试集RMSE: 16.9256, 测试集S分数: 1951.2, 学习率: 0.00002000
第22轮, 训练损失: 14.0856, 验证集RMSE: 12.7873, 验证集S分数: 17257.4, 测试集RMSE: 16.9419, 测试集S分数: 1913.3, 学习率: 0.00002000
第23轮, 训练损失: 14.1196, 验证集RMSE: 12.8336, 验证集S分数: 17386.7, 测试集RMSE: 16.9753, 测试集S分数: 1961.3, 学习率: 0.00002000
第24轮, 训练损失: 14.1169, 验证集RMSE: 12.7865, 验证集S分数: 17365.0, 测试集RMSE: 16.9765, 测试集S分数: 1997.6, 学习率: 0.00002000
第25轮, 训练损失: 14.0987, 验证集RMSE: 12.6421, 验证集S分数: 17573.6, 测试集RMSE: 17.0002, 测试集S分数: 2070.1, 学习率: 0.00002000
第26轮, 训练损失: 14.0944, 验证集RMSE: 12.6955, 验证集S分数: 17396.3, 测试集RMSE: 17.0352, 测试集S分数: 2041.9, 学习率: 0.00002000
第27轮, 训练损失: 14.1052, 验证集RMSE: 12.6416, 验证集S分数: 17697.8, 测试集RMSE: 17.0530, 测试集S分数: 2129.1, 学习率: 0.00002000
第28轮, 训练损失: 14.0882, 验证集RMSE: 12.7074, 验证集S分数: 17477.7, 测试集RMSE: 16.9852, 测试集S分数: 2065.3, 学习率: 0.00002000
第29轮, 训练损失: 14.1029, 验证集RMSE: 12.7251, 验证集S分数: 17678.0, 测试集RMSE: 17.0923, 测试集S分数: 2122.7, 学习率: 0.00002000
第30轮, 训练损失: 14.0436, 验证集RMSE: 12.6118, 验证集S分数: 17409.3, 测试集RMSE: 17.0253, 测试集S分数: 2115.1, 学习率: 0.00002000
[训练总结] 已恢复第20轮的最佳模型, 验证集RMSE: 12.3782, 验证集S分数: 18479.0, 测试集RMSE: 17.2431, 测试集S分数: 2213.4
[训练耗时] 开始: 2026-04-19 02:24:22, 结束: 2026-04-19 02:26:29, 时长: 0:02:07, 总秒数: 127.28
[自动测试] 命令: /usr/bin/python /CMAPSS-release/scipt/test_model.py --sub-dataset FD003 --smooth-rate 30 --sequence-len 30 --feature-num 14 --dataset-root /CMAPSS-release/CMAPSSData/ --max-rul 125 --batch-size 128 --model-path /CMAPSS-release/logs_GAT_LSTM/model_FD003_0419_022422_seed2.pkl
模型路径:/CMAPSS-release/logs_GAT_LSTM/model_FD003_0419_022422_seed2.pkl
最终RMSE:17.056669235229492, 评分:2062.76123046875
