-----FD003-----
模型: GAT_LSTM_AEFAOF_model(AEF与AOF均开启)
序列长度: 30
特征维度: 14
批大小: 128
最大训练轮数: 30
随机种子: 51
学习率: 0.002
学习率调度器: step
Step步长(step_size): 10
Step衰减系数(gamma): 0.1
是否启用AEF: 是
是否启用AOF: 是
GAT隐藏层维度: [8, 8, 8]
LSTM隐藏层维度: [8, 8]
GAT Dropout系数: 0.1
GAT LeakyReLU系数(alpha): 0.1
图构建模式: dynamic_topk
节点嵌入维度(embed_dim): 8
Topk邻居数: 7
AOF注意力隐藏维度: 4
AEF注意力隐藏维度: 28
AEF/AOF融合方式: concat
是否启用指数平滑: True
平滑系数(smooth_rate): 30
------------------------------
第1轮, 训练损失: 38.9789, 验证集RMSE: 29.8852, 验证集S分数: 303384.3, 测试集RMSE: 34.9227, 测试集S分数: 30701.1, 学习率: 0.00200000
第2轮, 训练损失: 31.9806, 验证集RMSE: 21.8647, 验证集S分数: 77205.8, 测试集RMSE: 29.5394, 测试集S分数: 20804.7, 学习率: 0.00200000
第3轮, 训练损失: 24.4973, 验证集RMSE: 21.0732, 验证集S分数: 56326.8, 测试集RMSE: 23.9368, 测试集S分数: 3423.1, 学习率: 0.00200000
第4轮, 训练损失: 20.9293, 验证集RMSE: 16.8413, 验证集S分数: 34081.0, 测试集RMSE: 24.9179, 测试集S分数: 4339.8, 学习率: 0.00200000
第5轮, 训练损失: 19.1135, 验证集RMSE: 16.7024, 验证集S分数: 47500.8, 测试集RMSE: 28.5555, 测试集S分数: 6838.3, 学习率: 0.00200000
第6轮, 训练损失: 18.1026, 验证集RMSE: 17.1684, 验证集S分数: 23549.9, 测试集RMSE: 19.7803, 测试集S分数: 2510.4, 学习率: 0.00200000
第7轮, 训练损失: 17.3612, 验证集RMSE: 14.8816, 验证集S分数: 24629.3, 测试集RMSE: 22.0321, 测试集S分数: 3710.5, 学习率: 0.00200000
第8轮, 训练损失: 16.8862, 验证集RMSE: 14.8587, 验证集S分数: 26091.1, 测试集RMSE: 24.1189, 测试集S分数: 4186.4, 学习率: 0.00200000
第9轮, 训练损失: 16.7391, 验证集RMSE: 15.3400, 验证集S分数: 28689.2, 测试集RMSE: 24.5843, 测试集S分数: 4210.6, 学习率: 0.00200000
第10轮, 训练损失: 16.6687, 验证集RMSE: 14.7171, 验证集S分数: 25335.6, 测试集RMSE: 22.1748, 测试集S分数: 3254.7, 学习率: 0.00200000
第11轮, 训练损失: 15.9899, 验证集RMSE: 14.7743, 验证集S分数: 21323.2, 测试集RMSE: 20.1921, 测试集S分数: 2300.1, 学习率: 0.00020000
第12轮, 训练损失: 15.9588, 验证集RMSE: 14.5487, 验证集S分数: 22406.4, 测试集RMSE: 20.7839, 测试集S分数: 2575.1, 学习率: 0.00020000
第13轮, 训练损失: 15.8715, 验证集RMSE: 14.6784, 验证集S分数: 22715.7, 测试集RMSE: 20.8071, 测试集S分数: 2565.1, 学习率: 0.00020000
第14轮, 训练损失: 15.9498, 验证集RMSE: 14.6491, 验证集S分数: 21494.5, 测试集RMSE: 20.3801, 测试集S分数: 2283.1, 学习率: 0.00020000
第15轮, 训练损失: 15.8998, 验证集RMSE: 14.7142, 验证集S分数: 22411.3, 测试集RMSE: 21.0094, 测试集S分数: 2516.2, 学习率: 0.00020000
第16轮, 训练损失: 15.8354, 验证集RMSE: 14.7436, 验证集S分数: 20704.9, 测试集RMSE: 19.5326, 测试集S分数: 2085.1, 学习率: 0.00020000
第17轮, 训练损失: 15.8559, 验证集RMSE: 14.5963, 验证集S分数: 22056.4, 测试集RMSE: 20.0391, 测试集S分数: 2324.5, 学习率: 0.00020000
第18轮, 训练损失: 15.7850, 验证集RMSE: 14.7049, 验证集S分数: 21662.6, 测试集RMSE: 19.8771, 测试集S分数: 2257.5, 学习率: 0.00020000
第19轮, 训练损失: 15.7942, 验证集RMSE: 14.7413, 验证集S分数: 22865.1, 测试集RMSE: 21.2784, 测试集S分数: 2578.1, 学习率: 0.00020000
第20轮, 训练损失: 15.7159, 验证集RMSE: 14.6205, 验证集S分数: 21516.9, 测试集RMSE: 19.9717, 测试集S分数: 2209.0, 学习率: 0.00020000
第21轮, 训练损失: 15.6919, 验证集RMSE: 14.6248, 验证集S分数: 21704.5, 测试集RMSE: 20.2023, 测试集S分数: 2260.4, 学习率: 0.00002000
第22轮, 训练损失: 15.7115, 验证集RMSE: 14.5523, 验证集S分数: 21698.2, 测试集RMSE: 20.2258, 测试集S分数: 2256.9, 学习率: 0.00002000
第23轮, 训练损失: 15.7009, 验证集RMSE: 14.6613, 验证集S分数: 22169.9, 测试集RMSE: 20.4703, 测试集S分数: 2338.3, 学习率: 0.00002000
第24轮, 训练损失: 15.6557, 验证集RMSE: 14.6278, 验证集S分数: 22276.0, 测试集RMSE: 20.4707, 测试集S分数: 2348.9, 学习率: 0.00002000
第25轮, 训练损失: 15.6511, 验证集RMSE: 14.5854, 验证集S分数: 21840.2, 测试集RMSE: 20.1872, 测试集S分数: 2251.9, 学习率: 0.00002000
第26轮, 训练损失: 15.6502, 验证集RMSE: 14.7093, 验证集S分数: 22359.2, 测试集RMSE: 20.5009, 测试集S分数: 2345.1, 学习率: 0.00002000
第27轮, 训练损失: 15.6323, 验证集RMSE: 14.5717, 验证集S分数: 21917.5, 测试集RMSE: 20.2210, 测试集S分数: 2259.5, 学习率: 0.00002000
第28轮, 训练损失: 15.6176, 验证集RMSE: 14.6363, 验证集S分数: 22480.6, 测试集RMSE: 20.6513, 测试集S分数: 2381.7, 学习率: 0.00002000
第29轮, 训练损失: 15.6555, 验证集RMSE: 14.7088, 验证集S分数: 22098.1, 测试集RMSE: 20.3826, 测试集S分数: 2289.9, 学习率: 0.00002000
第30轮, 训练损失: 15.6813, 验证集RMSE: 14.6078, 验证集S分数: 21789.5, 测试集RMSE: 20.1155, 测试集S分数: 2217.5, 学习率: 0.00002000
[训练总结] 已恢复第12轮的最佳模型, 验证集RMSE: 14.5487, 验证集S分数: 22406.4, 测试集RMSE: 20.7839, 测试集S分数: 2575.1
[训练耗时] 开始: 2026-04-19 02:10:59, 结束: 2026-04-19 02:13:18, 时长: 0:02:19, 总秒数: 138.93
[自动测试] 命令: /usr/bin/python /CMAPSS-release/scipt/test_model.py --sub-dataset FD003 --smooth-rate 30 --sequence-len 30 --feature-num 14 --dataset-root /CMAPSS-release/CMAPSSData/ --max-rul 125 --batch-size 128 --model-path /CMAPSS-release/logs_GAT_LSTM/model_FD003_0419_021059_seed51.pkl
模型路径:/CMAPSS-release/logs_GAT_LSTM/model_FD003_0419_021059_seed51.pkl
最终RMSE:20.539230346679688, 评分:2459.5517578125
