-----FD001-----
模型: GAT_LSTM_AEFAOF_model(仅AEF开启)
序列长度: 30
特征维度: 14
批大小: 128
最大训练轮数: 30
随机种子: 27
学习率: 0.002
学习率调度器: step
Step步长(step_size): 10
Step衰减系数(gamma): 0.1
是否启用AEF: 是
是否启用AOF: 否
GAT隐藏层维度: [8, 8, 8]
LSTM隐藏层维度: [8, 8]
GAT Dropout系数: 0.1
GAT LeakyReLU系数(alpha): 0.1
图构建模式: dynamic_topk
节点嵌入维度(embed_dim): 8
Topk邻居数: 7
AEF注意力隐藏维度: 28
AEF/AOF融合方式: concat
是否启用指数平滑: True
平滑系数(smooth_rate): 30
------------------------------
第1轮, 训练损失: 42.9587, 验证集RMSE: 41.5693, 验证集S分数: 525831.2, 测试集RMSE: 40.2497, 测试集S分数: 24714.1, 学习率: 0.00200000
第2轮, 训练损失: 38.2763, 验证集RMSE: 32.0999, 验证集S分数: 356811.1, 测试集RMSE: 30.9949, 测试集S分数: 15210.5, 学习率: 0.00200000
第3轮, 训练损失: 31.3063, 验证集RMSE: 29.6364, 验证集S分数: 187684.9, 测试集RMSE: 29.0438, 测试集S分数: 22722.4, 学习率: 0.00200000
第4轮, 训练损失: 28.6778, 验证集RMSE: 29.1599, 验证集S分数: 92910.7, 测试集RMSE: 28.2637, 测试集S分数: 12186.4, 学习率: 0.00200000
第5轮, 训练损失: 27.9238, 验证集RMSE: 29.5326, 验证集S分数: 203060.4, 测试集RMSE: 33.1024, 测试集S分数: 26717.1, 学习率: 0.00200000
第6轮, 训练损失: 27.3985, 验证集RMSE: 27.3197, 验证集S分数: 100386.7, 测试集RMSE: 29.7631, 测试集S分数: 14049.5, 学习率: 0.00200000
第7轮, 训练损失: 26.4680, 验证集RMSE: 26.1935, 验证集S分数: 59089.4, 测试集RMSE: 28.6075, 测试集S分数: 17150.8, 学习率: 0.00200000
第8轮, 训练损失: 25.5486, 验证集RMSE: 26.4428, 验证集S分数: 89965.7, 测试集RMSE: 30.8033, 测试集S分数: 26523.3, 学习率: 0.00200000
第9轮, 训练损失: 24.9217, 验证集RMSE: 23.9804, 验证集S分数: 42145.8, 测试集RMSE: 28.0471, 测试集S分数: 21844.6, 学习率: 0.00200000
第10轮, 训练损失: 24.0239, 验证集RMSE: 23.1355, 验证集S分数: 20784.4, 测试集RMSE: 25.2981, 测试集S分数: 9888.3, 学习率: 0.00200000
第11轮, 训练损失: 22.9482, 验证集RMSE: 22.3692, 验证集S分数: 25769.9, 测试集RMSE: 26.4275, 测试集S分数: 17337.7, 学习率: 0.00020000
第12轮, 训练损失: 22.8094, 验证集RMSE: 22.3403, 验证集S分数: 25812.3, 测试集RMSE: 26.0715, 测试集S分数: 15997.1, 学习率: 0.00020000
第13轮, 训练损失: 22.6592, 验证集RMSE: 21.8960, 验证集S分数: 25182.1, 测试集RMSE: 25.6572, 测试集S分数: 16052.4, 学习率: 0.00020000
第14轮, 训练损失: 22.6166, 验证集RMSE: 22.2120, 验证集S分数: 23913.7, 测试集RMSE: 25.2824, 测试集S分数: 13679.3, 学习率: 0.00020000
第15轮, 训练损失: 22.4276, 验证集RMSE: 22.0134, 验证集S分数: 28876.7, 测试集RMSE: 26.0351, 测试集S分数: 17024.3, 学习率: 0.00020000
第16轮, 训练损失: 22.4499, 验证集RMSE: 22.0107, 验证集S分数: 27585.8, 测试集RMSE: 25.5561, 测试集S分数: 15699.3, 学习率: 0.00020000
第17轮, 训练损失: 22.3595, 验证集RMSE: 22.2645, 验证集S分数: 25407.4, 测试集RMSE: 25.1425, 测试集S分数: 14289.9, 学习率: 0.00020000
第18轮, 训练损失: 22.2601, 验证集RMSE: 21.5901, 验证集S分数: 22665.5, 测试集RMSE: 24.5294, 测试集S分数: 11909.9, 学习率: 0.00020000
第19轮, 训练损失: 22.1892, 验证集RMSE: 21.8049, 验证集S分数: 23930.4, 测试集RMSE: 24.7319, 测试集S分数: 12606.8, 学习率: 0.00020000
第20轮, 训练损失: 22.0181, 验证集RMSE: 21.6012, 验证集S分数: 24270.3, 测试集RMSE: 24.6229, 测试集S分数: 12653.8, 学习率: 0.00020000
第21轮, 训练损失: 22.0085, 验证集RMSE: 21.3339, 验证集S分数: 24606.4, 测试集RMSE: 24.6667, 测试集S分数: 12359.0, 学习率: 0.00002000
第22轮, 训练损失: 22.0097, 验证集RMSE: 21.2346, 验证集S分数: 23310.0, 测试集RMSE: 24.4356, 测试集S分数: 11473.5, 学习率: 0.00002000
第23轮, 训练损失: 21.9367, 验证集RMSE: 22.4152, 验证集S分数: 24062.9, 测试集RMSE: 24.5447, 测试集S分数: 11925.6, 学习率: 0.00002000
第24轮, 训练损失: 22.0484, 验证集RMSE: 21.7107, 验证集S分数: 23853.1, 测试集RMSE: 24.5047, 测试集S分数: 11681.1, 学习率: 0.00002000
第25轮, 训练损失: 21.9459, 验证集RMSE: 21.9877, 验证集S分数: 23827.9, 测试集RMSE: 24.4918, 测试集S分数: 11686.5, 学习率: 0.00002000
第26轮, 训练损失: 21.9296, 验证集RMSE: 21.5976, 验证集S分数: 24536.3, 测试集RMSE: 24.5938, 测试集S分数: 12136.2, 学习率: 0.00002000
第27轮, 训练损失: 22.0966, 验证集RMSE: 21.7940, 验证集S分数: 23905.0, 测试集RMSE: 24.4738, 测试集S分数: 11643.4, 学习率: 0.00002000
第28轮, 训练损失: 22.0318, 验证集RMSE: 21.0829, 验证集S分数: 23649.8, 测试集RMSE: 24.4210, 测试集S分数: 11446.6, 学习率: 0.00002000
第29轮, 训练损失: 21.9462, 验证集RMSE: 21.2465, 验证集S分数: 23535.0, 测试集RMSE: 24.3564, 测试集S分数: 11059.2, 学习率: 0.00002000
第30轮, 训练损失: 21.9243, 验证集RMSE: 21.6658, 验证集S分数: 23105.7, 测试集RMSE: 24.2826, 测试集S分数: 10904.8, 学习率: 0.00002000
[训练总结] 已恢复第28轮的最佳模型, 验证集RMSE: 21.0829, 验证集S分数: 23649.8, 测试集RMSE: 24.4210, 测试集S分数: 11446.6
[训练耗时] 开始: 2026-04-19 01:00:16, 结束: 2026-04-19 01:02:05, 时长: 0:01:49, 总秒数: 108.64
[自动测试] 命令: /usr/bin/python /CMAPSS-release/scipt/test_model.py --sub-dataset FD001 --smooth-rate 30 --sequence-len 30 --feature-num 14 --dataset-root /CMAPSS-release/CMAPSSData/ --max-rul 125 --batch-size 128 --model-path /CMAPSS-release/logs_GAT_LSTM/model_FD001_0419_010016_seed27.pkl
模型路径:/CMAPSS-release/logs_GAT_LSTM/model_FD001_0419_010016_seed27.pkl
最终RMSE:24.26767349243164, 评分:10948.90625
