-----FD003-----
模型: GAT_LSTM_AEFAOF_model(仅AOF开启)
序列长度: 30
特征维度: 14
批大小: 128
最大训练轮数: 30
随机种子: 80
学习率: 0.002
学习率调度器: step
Step步长(step_size): 10
Step衰减系数(gamma): 0.1
是否启用AEF: 否
是否启用AOF: 是
GAT隐藏层维度: [8, 8, 8]
LSTM隐藏层维度: [8, 8]
GAT Dropout系数: 0.1
GAT LeakyReLU系数(alpha): 0.1
图构建模式: dynamic_topk
节点嵌入维度(embed_dim): 8
Topk邻居数: 7
AOF注意力隐藏维度: 4
AEF/AOF融合方式: concat
是否启用指数平滑: True
平滑系数(smooth_rate): 30
------------------------------
第1轮, 训练损失: 37.3878, 验证集RMSE: 30.2739, 验证集S分数: 255621.8, 测试集RMSE: 33.5117, 测试集S分数: 25110.2, 学习率: 0.00200000
第2轮, 训练损失: 34.5646, 验证集RMSE: 27.7208, 验证集S分数: 305884.7, 测试集RMSE: 32.8786, 测试集S分数: 34488.3, 学习率: 0.00200000
第3轮, 训练损失: 32.6047, 验证集RMSE: 24.7166, 验证集S分数: 145153.7, 测试集RMSE: 31.3185, 测试集S分数: 27226.9, 学习率: 0.00200000
第4轮, 训练损失: 27.4096, 验证集RMSE: 19.1208, 验证集S分数: 80009.2, 测试集RMSE: 26.7279, 测试集S分数: 7289.6, 学习率: 0.00200000
第5轮, 训练损失: 22.1255, 验证集RMSE: 17.1850, 验证集S分数: 41776.4, 测试集RMSE: 25.4110, 测试集S分数: 5489.5, 学习率: 0.00200000
第6轮, 训练损失: 19.3101, 验证集RMSE: 16.7179, 验证集S分数: 38338.7, 测试集RMSE: 23.3726, 测试集S分数: 4500.9, 学习率: 0.00200000
第7轮, 训练损失: 18.5287, 验证集RMSE: 18.0033, 验证集S分数: 27115.6, 测试集RMSE: 20.0429, 测试集S分数: 2013.9, 学习率: 0.00200000
第8轮, 训练损失: 17.9253, 验证集RMSE: 16.2001, 验证集S分数: 29118.4, 测试集RMSE: 21.8822, 测试集S分数: 2452.8, 学习率: 0.00200000
第9轮, 训练损失: 17.4780, 验证集RMSE: 18.8032, 验证集S分数: 29805.3, 测试集RMSE: 18.5138, 测试集S分数: 1554.2, 学习率: 0.00200000
第10轮, 训练损失: 16.9224, 验证集RMSE: 16.8342, 验证集S分数: 30390.3, 测试集RMSE: 20.3150, 测试集S分数: 2217.0, 学习率: 0.00200000
第11轮, 训练损失: 15.8676, 验证集RMSE: 16.2451, 验证集S分数: 29859.5, 测试集RMSE: 20.2382, 测试集S分数: 1963.9, 学习率: 0.00020000
第12轮, 训练损失: 15.7520, 验证集RMSE: 16.2833, 验证集S分数: 29918.3, 测试集RMSE: 20.3716, 测试集S分数: 2086.8, 学习率: 0.00020000
第13轮, 训练损失: 15.7748, 验证集RMSE: 16.2592, 验证集S分数: 30822.7, 测试集RMSE: 20.2223, 测试集S分数: 1974.8, 学习率: 0.00020000
第14轮, 训练损失: 15.7122, 验证集RMSE: 16.5096, 验证集S分数: 29429.1, 测试集RMSE: 19.3178, 测试集S分数: 1710.5, 学习率: 0.00020000
第15轮, 训练损失: 15.6877, 验证集RMSE: 16.5823, 验证集S分数: 29675.4, 测试集RMSE: 19.6865, 测试集S分数: 1864.3, 学习率: 0.00020000
第16轮, 训练损失: 15.5670, 验证集RMSE: 16.5330, 验证集S分数: 29055.8, 测试集RMSE: 19.2222, 测试集S分数: 1682.7, 学习率: 0.00020000
第17轮, 训练损失: 15.5107, 验证集RMSE: 16.2240, 验证集S分数: 29444.0, 测试集RMSE: 19.9621, 测试集S分数: 1827.9, 学习率: 0.00020000
第18轮, 训练损失: 15.5012, 验证集RMSE: 16.1504, 验证集S分数: 28811.2, 测试集RMSE: 19.4226, 测试集S分数: 1724.3, 学习率: 0.00020000
第19轮, 训练损失: 15.4634, 验证集RMSE: 16.0899, 验证集S分数: 28488.3, 测试集RMSE: 19.7166, 测试集S分数: 1804.6, 学习率: 0.00020000
第20轮, 训练损失: 15.4816, 验证集RMSE: 15.7984, 验证集S分数: 29019.8, 测试集RMSE: 19.8786, 测试集S分数: 1747.2, 学习率: 0.00020000
第21轮, 训练损失: 15.2909, 验证集RMSE: 16.0180, 验证集S分数: 28955.6, 测试集RMSE: 19.7106, 测试集S分数: 1723.3, 学习率: 0.00002000
第22轮, 训练损失: 15.2953, 验证集RMSE: 16.0405, 验证集S分数: 29149.6, 测试集RMSE: 19.6588, 测试集S分数: 1750.7, 学习率: 0.00002000
第23轮, 训练损失: 15.3672, 验证集RMSE: 16.1791, 验证集S分数: 29122.4, 测试集RMSE: 19.6491, 测试集S分数: 1764.3, 学习率: 0.00002000
第24轮, 训练损失: 15.3243, 验证集RMSE: 16.0719, 验证集S分数: 29259.7, 测试集RMSE: 19.7129, 测试集S分数: 1794.8, 学习率: 0.00002000
第25轮, 训练损失: 15.2582, 验证集RMSE: 15.9079, 验证集S分数: 29156.1, 测试集RMSE: 19.7850, 测试集S分数: 1795.6, 学习率: 0.00002000
第26轮, 训练损失: 15.3100, 验证集RMSE: 16.0056, 验证集S分数: 28983.9, 测试集RMSE: 19.6877, 测试集S分数: 1759.5, 学习率: 0.00002000
第27轮, 训练损失: 15.2845, 验证集RMSE: 16.1156, 验证集S分数: 29017.1, 测试集RMSE: 19.6342, 测试集S分数: 1776.4, 学习率: 0.00002000
第28轮, 训练损失: 15.3090, 验证集RMSE: 16.1217, 验证集S分数: 28852.8, 测试集RMSE: 19.5700, 测试集S分数: 1744.3, 学习率: 0.00002000
第29轮, 训练损失: 15.3274, 验证集RMSE: 16.0054, 验证集S分数: 29140.0, 测试集RMSE: 19.5828, 测试集S分数: 1765.6, 学习率: 0.00002000
第30轮, 训练损失: 15.3117, 验证集RMSE: 16.0992, 验证集S分数: 28983.0, 测试集RMSE: 19.5981, 测试集S分数: 1763.8, 学习率: 0.00002000
[训练总结] 已恢复第20轮的最佳模型, 验证集RMSE: 15.7984, 验证集S分数: 29019.8, 测试集RMSE: 19.8786, 测试集S分数: 1747.2
[训练耗时] 开始: 2026-04-19 03:33:10, 结束: 2026-04-19 03:35:09, 时长: 0:02:00, 总秒数: 119.60
[自动测试] 命令: /usr/bin/python /CMAPSS-release/scipt/test_model.py --sub-dataset FD003 --smooth-rate 30 --sequence-len 30 --feature-num 14 --dataset-root /CMAPSS-release/CMAPSSData/ --max-rul 125 --batch-size 128 --model-path /CMAPSS-release/logs_GAT_LSTM/model_FD003_0419_033310_seed80.pkl
模型路径:/CMAPSS-release/logs_GAT_LSTM/model_FD003_0419_033310_seed80.pkl
最终RMSE:19.654006958007812, 评分:1641.426025390625
