-----FD001-----
模型: GAT_LSTM_AEFAOF_model(仅AEF开启)
序列长度: 30
特征维度: 14
批大小: 128
最大训练轮数: 30
随机种子: 62
学习率: 0.002
学习率调度器: step
Step步长(step_size): 10
Step衰减系数(gamma): 0.1
是否启用AEF: 是
是否启用AOF: 否
GAT隐藏层维度: [8, 8, 8]
LSTM隐藏层维度: [8, 8]
GAT Dropout系数: 0.1
GAT LeakyReLU系数(alpha): 0.1
图构建模式: dynamic_topk
节点嵌入维度(embed_dim): 8
Topk邻居数: 7
AEF注意力隐藏维度: 28
AEF/AOF融合方式: concat
是否启用指数平滑: True
平滑系数(smooth_rate): 30
------------------------------
第1轮, 训练损失: 45.7687, 验证集RMSE: 42.7018, 验证集S分数: 561033.7, 测试集RMSE: 41.2899, 测试集S分数: 31500.7, 学习率: 0.00200000
第2轮, 训练损失: 41.2808, 验证集RMSE: 41.8964, 验证集S分数: 824745.1, 测试集RMSE: 42.8334, 测试集S分数: 52303.6, 学习率: 0.00200000
第3轮, 训练损失: 35.6200, 验证集RMSE: 31.6548, 验证集S分数: 398737.2, 测试集RMSE: 30.4483, 测试集S分数: 15880.7, 学习率: 0.00200000
第4轮, 训练损失: 30.4768, 验证集RMSE: 33.4040, 验证集S分数: 623802.4, 测试集RMSE: 36.8572, 测试集S分数: 32269.5, 学习率: 0.00200000
第5轮, 训练损失: 29.0576, 验证集RMSE: 31.7838, 验证集S分数: 572452.5, 测试集RMSE: 34.9046, 测试集S分数: 42754.0, 学习率: 0.00200000
第6轮, 训练损失: 28.2594, 验证集RMSE: 27.5015, 验证集S分数: 109777.1, 测试集RMSE: 28.2296, 测试集S分数: 15009.3, 学习率: 0.00200000
第7轮, 训练损失: 27.3466, 验证集RMSE: 29.4093, 验证集S分数: 51524.3, 测试集RMSE: 27.8907, 测试集S分数: 7292.9, 学习率: 0.00200000
第8轮, 训练损失: 26.8567, 验证集RMSE: 25.2485, 验证集S分数: 66836.8, 测试集RMSE: 28.5358, 测试集S分数: 16425.6, 学习率: 0.00200000
第9轮, 训练损失: 26.4190, 验证集RMSE: 27.4494, 验证集S分数: 132657.2, 测试集RMSE: 32.9261, 测试集S分数: 29414.4, 学习率: 0.00200000
第10轮, 训练损失: 25.5203, 验证集RMSE: 24.7278, 验证集S分数: 63136.9, 测试集RMSE: 29.7607, 测试集S分数: 21062.9, 学习率: 0.00200000
第11轮, 训练损失: 24.4790, 验证集RMSE: 23.6161, 验证集S分数: 28290.9, 测试集RMSE: 26.7393, 测试集S分数: 14946.5, 学习率: 0.00020000
第12轮, 训练损失: 24.4010, 验证集RMSE: 23.2779, 验证集S分数: 26168.5, 测试集RMSE: 26.3819, 测试集S分数: 13385.8, 学习率: 0.00020000
第13轮, 训练损失: 24.2771, 验证集RMSE: 23.2209, 验证集S分数: 26199.6, 测试集RMSE: 26.3697, 测试集S分数: 13306.4, 学习率: 0.00020000
第14轮, 训练损失: 24.1706, 验证集RMSE: 22.9923, 验证集S分数: 32564.5, 测试集RMSE: 27.1946, 测试集S分数: 15256.2, 学习率: 0.00020000
第15轮, 训练损失: 24.0510, 验证集RMSE: 23.2903, 验证集S分数: 25031.6, 测试集RMSE: 26.1931, 测试集S分数: 13029.6, 学习率: 0.00020000
第16轮, 训练损失: 23.9405, 验证集RMSE: 22.5267, 验证集S分数: 24976.4, 测试集RMSE: 26.0464, 测试集S分数: 11866.0, 学习率: 0.00020000
第17轮, 训练损失: 23.8246, 验证集RMSE: 22.7750, 验证集S分数: 24481.3, 测试集RMSE: 25.9538, 测试集S分数: 11673.9, 学习率: 0.00020000
第18轮, 训练损失: 23.6800, 验证集RMSE: 23.2959, 验证集S分数: 21858.9, 测试集RMSE: 25.4408, 测试集S分数: 10605.2, 学习率: 0.00020000
第19轮, 训练损失: 23.6052, 验证集RMSE: 22.8419, 验证集S分数: 25324.7, 测试集RMSE: 26.0677, 测试集S分数: 11866.0, 学习率: 0.00020000
第20轮, 训练损失: 23.4812, 验证集RMSE: 23.3048, 验证集S分数: 22525.8, 测试集RMSE: 25.5151, 测试集S分数: 10517.0, 学习率: 0.00020000
第21轮, 训练损失: 23.3372, 验证集RMSE: 22.3906, 验证集S分数: 21440.9, 测试集RMSE: 25.2717, 测试集S分数: 9683.4, 学习率: 0.00002000
第22轮, 训练损失: 23.3325, 验证集RMSE: 22.6397, 验证集S分数: 21958.1, 测试集RMSE: 25.3846, 测试集S分数: 9958.4, 学习率: 0.00002000
第23轮, 训练损失: 23.2773, 验证集RMSE: 23.1604, 验证集S分数: 21632.8, 测试集RMSE: 25.3163, 测试集S分数: 9752.6, 学习率: 0.00002000
第24轮, 训练损失: 23.2526, 验证集RMSE: 23.0278, 验证集S分数: 21508.5, 测试集RMSE: 25.2823, 测试集S分数: 9574.5, 学习率: 0.00002000
第25轮, 训练损失: 23.2857, 验证集RMSE: 22.9225, 验证集S分数: 21924.0, 测试集RMSE: 25.3850, 测试集S分数: 9846.2, 学习率: 0.00002000
第26轮, 训练损失: 23.2681, 验证集RMSE: 22.7941, 验证集S分数: 22068.5, 测试集RMSE: 25.4239, 测试集S分数: 10000.3, 学习率: 0.00002000
第27轮, 训练损失: 23.3083, 验证集RMSE: 23.1627, 验证集S分数: 21440.5, 测试集RMSE: 25.2922, 测试集S分数: 9641.4, 学习率: 0.00002000
第28轮, 训练损失: 23.2932, 验证集RMSE: 22.9420, 验证集S分数: 21731.6, 测试集RMSE: 25.3299, 测试集S分数: 9699.3, 学习率: 0.00002000
第29轮, 训练损失: 23.2178, 验证集RMSE: 22.5467, 验证集S分数: 21032.2, 测试集RMSE: 25.1737, 测试集S分数: 9321.2, 学习率: 0.00002000
第30轮, 训练损失: 23.2218, 验证集RMSE: 22.9439, 验证集S分数: 21191.4, 测试集RMSE: 25.2162, 测试集S分数: 9375.0, 学习率: 0.00002000
[训练总结] 已恢复第21轮的最佳模型, 验证集RMSE: 22.3906, 验证集S分数: 21440.9, 测试集RMSE: 25.2717, 测试集S分数: 9683.4
[训练耗时] 开始: 2026-04-19 01:08:43, 结束: 2026-04-19 01:10:13, 时长: 0:01:30, 总秒数: 89.61
[自动测试] 命令: /usr/bin/python /CMAPSS-release/scipt/test_model.py --sub-dataset FD001 --smooth-rate 30 --sequence-len 30 --feature-num 14 --dataset-root /CMAPSS-release/CMAPSSData/ --max-rul 125 --batch-size 128 --model-path /CMAPSS-release/logs_GAT_LSTM/model_FD001_0419_010843_seed62.pkl
模型路径:/CMAPSS-release/logs_GAT_LSTM/model_FD001_0419_010843_seed62.pkl
最终RMSE:25.13045883178711, 评分:9294.796875
