-----FD001-----
模型: GAT_LSTM_AEFAOF_model(仅AEF开启)
序列长度: 30
特征维度: 14
批大小: 128
最大训练轮数: 30
随机种子: 33
学习率: 0.002
学习率调度器: step
Step步长(step_size): 10
Step衰减系数(gamma): 0.1
是否启用AEF: 是
是否启用AOF: 否
GAT隐藏层维度: [8, 8, 8]
LSTM隐藏层维度: [8, 8]
GAT Dropout系数: 0.1
GAT LeakyReLU系数(alpha): 0.1
图构建模式: dynamic_topk
节点嵌入维度(embed_dim): 8
Topk邻居数: 7
AEF注意力隐藏维度: 28
AEF/AOF融合方式: concat
是否启用指数平滑: True
平滑系数(smooth_rate): 30
------------------------------
第1轮, 训练损失: 46.1110, 验证集RMSE: 41.4146, 验证集S分数: 265704.5, 测试集RMSE: 38.7079, 测试集S分数: 12221.2, 学习率: 0.00200000
第2轮, 训练损失: 30.5481, 验证集RMSE: 25.9860, 验证集S分数: 83934.1, 测试集RMSE: 25.5460, 测试集S分数: 15157.0, 学习率: 0.00200000
第3轮, 训练损失: 25.0702, 验证集RMSE: 28.6589, 验证集S分数: 201767.0, 测试集RMSE: 30.0799, 测试集S分数: 30042.2, 学习率: 0.00200000
第4轮, 训练损失: 23.8234, 验证集RMSE: 25.1924, 验证集S分数: 33299.9, 测试集RMSE: 23.9148, 测试集S分数: 1744.1, 学习率: 0.00200000
第5轮, 训练损失: 23.0822, 验证集RMSE: 21.6050, 验证集S分数: 31487.4, 测试集RMSE: 24.2660, 测试集S分数: 3121.8, 学习率: 0.00200000
第6轮, 训练损失: 22.5456, 验证集RMSE: 23.9434, 验证集S分数: 65809.7, 测试集RMSE: 26.8443, 测试集S分数: 7004.9, 学习率: 0.00200000
第7轮, 训练损失: 22.4261, 验证集RMSE: 21.2869, 验证集S分数: 34813.1, 测试集RMSE: 24.3935, 测试集S分数: 3548.8, 学习率: 0.00200000
第8轮, 训练损失: 21.9467, 验证集RMSE: 20.4369, 验证集S分数: 27949.3, 测试集RMSE: 23.2729, 测试集S分数: 2511.4, 学习率: 0.00200000
第9轮, 训练损失: 21.6931, 验证集RMSE: 23.3751, 验证集S分数: 79727.3, 测试集RMSE: 25.8094, 测试集S分数: 6016.6, 学习率: 0.00200000
第10轮, 训练损失: 21.9267, 验证集RMSE: 21.5907, 验证集S分数: 40707.8, 测试集RMSE: 24.0397, 测试集S分数: 3397.7, 学习率: 0.00200000
第11轮, 训练损失: 20.9228, 验证集RMSE: 22.1640, 验证集S分数: 41512.2, 测试集RMSE: 24.8307, 测试集S分数: 4038.3, 学习率: 0.00020000
第12轮, 训练损失: 20.8767, 验证集RMSE: 21.6085, 验证集S分数: 47082.4, 测试集RMSE: 25.3659, 测试集S分数: 4593.7, 学习率: 0.00020000
第13轮, 训练损失: 20.9281, 验证集RMSE: 20.8474, 验证集S分数: 40708.7, 测试集RMSE: 24.5405, 测试集S分数: 3918.8, 学习率: 0.00020000
第14轮, 训练损失: 20.8581, 验证集RMSE: 21.1907, 验证集S分数: 35347.1, 测试集RMSE: 23.9078, 测试集S分数: 3307.8, 学习率: 0.00020000
第15轮, 训练损失: 20.9789, 验证集RMSE: 21.3727, 验证集S分数: 40869.3, 测试集RMSE: 24.7538, 测试集S分数: 4025.6, 学习率: 0.00020000
第16轮, 训练损失: 20.7861, 验证集RMSE: 20.6960, 验证集S分数: 35974.6, 测试集RMSE: 24.1566, 测试集S分数: 3514.2, 学习率: 0.00020000
第17轮, 训练损失: 20.9094, 验证集RMSE: 22.1917, 验证集S分数: 45502.8, 测试集RMSE: 24.8955, 测试集S分数: 4309.7, 学习率: 0.00020000
第18轮, 训练损失: 20.8431, 验证集RMSE: 20.3173, 验证集S分数: 33780.3, 测试集RMSE: 23.8155, 测试集S分数: 3197.4, 学习率: 0.00020000
第19轮, 训练损失: 20.9186, 验证集RMSE: 19.9662, 验证集S分数: 31728.8, 测试集RMSE: 23.8630, 测试集S分数: 3140.0, 学习率: 0.00020000
第20轮, 训练损失: 20.9057, 验证集RMSE: 20.9400, 验证集S分数: 34571.2, 测试集RMSE: 24.2260, 测试集S分数: 3406.5, 学习率: 0.00020000
第21轮, 训练损失: 20.7775, 验证集RMSE: 21.5477, 验证集S分数: 36846.5, 测试集RMSE: 24.2327, 测试集S分数: 3558.6, 学习率: 0.00002000
第22轮, 训练损失: 20.8145, 验证集RMSE: 21.4468, 验证集S分数: 37391.7, 测试集RMSE: 24.3062, 测试集S分数: 3645.2, 学习率: 0.00002000
第23轮, 训练损失: 20.8301, 验证集RMSE: 20.9655, 验证集S分数: 37721.8, 测试集RMSE: 24.2378, 测试集S分数: 3638.2, 学习率: 0.00002000
第24轮, 训练损失: 20.6768, 验证集RMSE: 21.3188, 验证集S分数: 37321.2, 测试集RMSE: 24.1453, 测试集S分数: 3575.1, 学习率: 0.00002000
第25轮, 训练损失: 20.8147, 验证集RMSE: 20.9347, 验证集S分数: 37622.5, 测试集RMSE: 24.1827, 测试集S分数: 3615.2, 学习率: 0.00002000
第26轮, 训练损失: 20.7931, 验证集RMSE: 21.3646, 验证集S分数: 37032.9, 测试集RMSE: 24.2044, 测试集S分数: 3590.6, 学习率: 0.00002000
第27轮, 训练损失: 20.8066, 验证集RMSE: 20.7477, 验证集S分数: 34498.4, 测试集RMSE: 23.9878, 测试集S分数: 3362.7, 学习率: 0.00002000
第28轮, 训练损失: 20.7566, 验证集RMSE: 21.2611, 验证集S分数: 38536.7, 测试集RMSE: 24.3906, 测试集S分数: 3747.5, 学习率: 0.00002000
第29轮, 训练损失: 20.6393, 验证集RMSE: 21.9093, 验证集S分数: 37485.3, 测试集RMSE: 24.2574, 测试集S分数: 3640.4, 学习率: 0.00002000
第30轮, 训练损失: 20.8988, 验证集RMSE: 21.2206, 验证集S分数: 36734.0, 测试集RMSE: 24.2124, 测试集S分数: 3580.9, 学习率: 0.00002000
[训练总结] 已恢复第19轮的最佳模型, 验证集RMSE: 19.9662, 验证集S分数: 31728.8, 测试集RMSE: 23.8630, 测试集S分数: 3140.0
[训练耗时] 开始: 2026-04-19 01:04:32, 结束: 2026-04-19 01:06:18, 时长: 0:01:46, 总秒数: 105.78
[自动测试] 命令: /usr/bin/python /CMAPSS-release/scipt/test_model.py --sub-dataset FD001 --smooth-rate 30 --sequence-len 30 --feature-num 14 --dataset-root /CMAPSS-release/CMAPSSData/ --max-rul 125 --batch-size 128 --model-path /CMAPSS-release/logs_GAT_LSTM/model_FD001_0419_010432_seed33.pkl
模型路径:/CMAPSS-release/logs_GAT_LSTM/model_FD001_0419_010432_seed33.pkl
最终RMSE:23.63535499572754, 评分:2989.24169921875
