-----FD003-----
模型: GAT_LSTM_AEFAOF_model(仅AOF开启)
序列长度: 30
特征维度: 14
批大小: 128
最大训练轮数: 30
随机种子: 33
学习率: 0.002
学习率调度器: step
Step步长(step_size): 10
Step衰减系数(gamma): 0.1
是否启用AEF: 否
是否启用AOF: 是
GAT隐藏层维度: [8, 8, 8]
LSTM隐藏层维度: [8, 8]
GAT Dropout系数: 0.1
GAT LeakyReLU系数(alpha): 0.1
图构建模式: dynamic_topk
节点嵌入维度(embed_dim): 8
Topk邻居数: 7
AOF注意力隐藏维度: 4
AEF/AOF融合方式: concat
是否启用指数平滑: True
平滑系数(smooth_rate): 30
------------------------------
第1轮, 训练损失: 39.3894, 验证集RMSE: 21.4858, 验证集S分数: 61285.9, 测试集RMSE: 29.4368, 测试集S分数: 6411.3, 学习率: 0.00200000
第2轮, 训练损失: 24.7019, 验证集RMSE: 18.9541, 验证集S分数: 60302.9, 测试集RMSE: 29.4557, 测试集S分数: 7322.7, 学习率: 0.00200000
第3轮, 训练损失: 21.7657, 验证集RMSE: 16.3043, 验证集S分数: 32276.9, 测试集RMSE: 23.1645, 测试集S分数: 4193.8, 学习率: 0.00200000
第4轮, 训练损失: 20.6425, 验证集RMSE: 15.9483, 验证集S分数: 39883.3, 测试集RMSE: 24.8953, 测试集S分数: 5583.1, 学习率: 0.00200000
第5轮, 训练损失: 19.6145, 验证集RMSE: 15.4802, 验证集S分数: 39261.2, 测试集RMSE: 24.4631, 测试集S分数: 5743.5, 学习率: 0.00200000
第6轮, 训练损失: 19.0279, 验证集RMSE: 14.8302, 验证集S分数: 24888.3, 测试集RMSE: 20.8385, 测试集S分数: 3148.5, 学习率: 0.00200000
第7轮, 训练损失: 18.4563, 验证集RMSE: 14.7396, 验证集S分数: 25657.8, 测试集RMSE: 21.1515, 测试集S分数: 3341.6, 学习率: 0.00200000
第8轮, 训练损失: 17.7536, 验证集RMSE: 13.8701, 验证集S分数: 23091.3, 测试集RMSE: 19.6200, 测试集S分数: 3415.7, 学习率: 0.00200000
第9轮, 训练损失: 17.3326, 验证集RMSE: 13.5200, 验证集S分数: 18839.5, 测试集RMSE: 19.2948, 测试集S分数: 2902.9, 学习率: 0.00200000
第10轮, 训练损失: 16.9096, 验证集RMSE: 13.0349, 验证集S分数: 23894.1, 测试集RMSE: 20.3782, 测试集S分数: 4085.3, 学习率: 0.00200000
第11轮, 训练损失: 16.1924, 验证集RMSE: 12.7254, 验证集S分数: 20196.4, 测试集RMSE: 19.2547, 测试集S分数: 3162.7, 学习率: 0.00020000
第12轮, 训练损失: 16.2370, 验证集RMSE: 12.8383, 验证集S分数: 21773.4, 测试集RMSE: 19.8775, 测试集S分数: 3557.6, 学习率: 0.00020000
第13轮, 训练损失: 16.2054, 验证集RMSE: 12.8568, 验证集S分数: 20351.2, 测试集RMSE: 19.3938, 测试集S分数: 3281.5, 学习率: 0.00020000
第14轮, 训练损失: 16.1192, 验证集RMSE: 13.0418, 验证集S分数: 21357.5, 测试集RMSE: 19.4999, 测试集S分数: 3463.7, 学习率: 0.00020000
第15轮, 训练损失: 16.0636, 验证集RMSE: 13.1212, 验证集S分数: 20579.0, 测试集RMSE: 19.2529, 测试集S分数: 3291.6, 学习率: 0.00020000
第16轮, 训练损失: 15.8710, 验证集RMSE: 12.7389, 验证集S分数: 19898.7, 测试集RMSE: 19.2652, 测试集S分数: 2887.3, 学习率: 0.00020000
第17轮, 训练损失: 15.9728, 验证集RMSE: 12.6786, 验证集S分数: 20284.1, 测试集RMSE: 19.2431, 测试集S分数: 2991.2, 学习率: 0.00020000
第18轮, 训练损失: 15.9138, 验证集RMSE: 12.9610, 验证集S分数: 19058.3, 测试集RMSE: 19.0225, 测试集S分数: 2785.5, 学习率: 0.00020000
第19轮, 训练损失: 15.9382, 验证集RMSE: 12.6336, 验证集S分数: 20275.6, 测试集RMSE: 19.2160, 测试集S分数: 2715.5, 学习率: 0.00020000
第20轮, 训练损失: 15.8207, 验证集RMSE: 12.9136, 验证集S分数: 20513.5, 测试集RMSE: 19.3808, 测试集S分数: 2946.8, 学习率: 0.00020000
第21轮, 训练损失: 15.7218, 验证集RMSE: 12.8949, 验证集S分数: 19866.3, 测试集RMSE: 19.1338, 测试集S分数: 2645.5, 学习率: 0.00002000
第22轮, 训练损失: 15.7155, 验证集RMSE: 12.7241, 验证集S分数: 20244.1, 测试集RMSE: 19.2699, 测试集S分数: 2660.9, 学习率: 0.00002000
第23轮, 训练损失: 15.7181, 验证集RMSE: 12.7809, 验证集S分数: 20348.7, 测试集RMSE: 19.3024, 测试集S分数: 2708.0, 学习率: 0.00002000
第24轮, 训练损失: 15.7409, 验证集RMSE: 12.6849, 验证集S分数: 20555.1, 测试集RMSE: 19.3948, 测试集S分数: 2765.9, 学习率: 0.00002000
第25轮, 训练损失: 15.7965, 验证集RMSE: 12.7308, 验证集S分数: 20153.7, 测试集RMSE: 19.2469, 测试集S分数: 2691.7, 学习率: 0.00002000
第26轮, 训练损失: 15.7729, 验证集RMSE: 12.7692, 验证集S分数: 19982.7, 测试集RMSE: 19.1734, 测试集S分数: 2629.1, 学习率: 0.00002000
第27轮, 训练损失: 15.6755, 验证集RMSE: 12.7183, 验证集S分数: 20027.7, 测试集RMSE: 19.2346, 测试集S分数: 2621.6, 学习率: 0.00002000
第28轮, 训练损失: 15.8679, 验证集RMSE: 12.6472, 验证集S分数: 20070.2, 测试集RMSE: 19.2209, 测试集S分数: 2571.3, 学习率: 0.00002000
第29轮, 训练损失: 15.7016, 验证集RMSE: 12.6177, 验证集S分数: 19947.1, 测试集RMSE: 19.1610, 测试集S分数: 2519.5, 学习率: 0.00002000
第30轮, 训练损失: 15.7360, 验证集RMSE: 12.7142, 验证集S分数: 20187.9, 测试集RMSE: 19.2231, 测试集S分数: 2564.0, 学习率: 0.00002000
[训练总结] 已恢复第29轮的最佳模型, 验证集RMSE: 12.6177, 验证集S分数: 19947.1, 测试集RMSE: 19.1610, 测试集S分数: 2519.5
[训练耗时] 开始: 2026-04-19 03:26:01, 结束: 2026-04-19 03:28:00, 时长: 0:01:59, 总秒数: 119.24
[自动测试] 命令: /usr/bin/python /CMAPSS-release/scipt/test_model.py --sub-dataset FD003 --smooth-rate 30 --sequence-len 30 --feature-num 14 --dataset-root /CMAPSS-release/CMAPSSData/ --max-rul 125 --batch-size 128 --model-path /CMAPSS-release/logs_GAT_LSTM/model_FD003_0419_032601_seed33.pkl
模型路径:/CMAPSS-release/logs_GAT_LSTM/model_FD003_0419_032601_seed33.pkl
最终RMSE:18.908727645874023, 评分:2358.5283203125
