-----FD003-----
模型: GAT_LSTM_AEFAOF_model(AEF与AOF均开启)
序列长度: 30
特征维度: 14
批大小: 128
最大训练轮数: 30
随机种子: 17
学习率: 0.002
学习率调度器: step
Step步长(step_size): 10
Step衰减系数(gamma): 0.1
是否启用AEF: 是
是否启用AOF: 是
GAT隐藏层维度: [8, 8, 8]
LSTM隐藏层维度: [8, 8]
GAT Dropout系数: 0.1
GAT LeakyReLU系数(alpha): 0.1
图构建模式: path
节点嵌入维度(embed_dim): 8
Topk邻居数: 7
AOF注意力隐藏维度: 4
AEF注意力隐藏维度: 28
AEF/AOF融合方式: concat
是否启用指数平滑: True
平滑系数(smooth_rate): 30
------------------------------
第1轮, 训练损失: 42.1038, 验证集RMSE: 32.3297, 验证集S分数: 437592.3, 测试集RMSE: 31.6277, 测试集S分数: 17481.8, 学习率: 0.00200000
第2轮, 训练损失: 35.1628, 验证集RMSE: 31.9534, 验证集S分数: 451762.6, 测试集RMSE: 31.6508, 测试集S分数: 19164.8, 学习率: 0.00200000
第3轮, 训练损失: 34.8988, 验证集RMSE: 29.7608, 验证集S分数: 885021.6, 测试集RMSE: 34.2319, 测试集S分数: 42128.8, 学习率: 0.00200000
第4轮, 训练损失: 34.5381, 验证集RMSE: 30.9718, 验证集S分数: 603509.4, 测试集RMSE: 32.8597, 测试集S分数: 21061.6, 学习率: 0.00200000
第5轮, 训练损失: 33.9144, 验证集RMSE: 30.3246, 验证集S分数: 680016.9, 测试集RMSE: 32.3418, 测试集S分数: 25513.9, 学习率: 0.00200000
第6轮, 训练损失: 30.0724, 验证集RMSE: 31.7922, 验证集S分数: 129696.5, 测试集RMSE: 23.3858, 测试集S分数: 1652.2, 学习率: 0.00200000
第7轮, 训练损失: 21.9017, 验证集RMSE: 15.8522, 验证集S分数: 26466.4, 测试集RMSE: 21.2089, 测试集S分数: 3806.6, 学习率: 0.00200000
第8轮, 训练损失: 19.3737, 验证集RMSE: 17.8242, 验证集S分数: 70416.5, 测试集RMSE: 22.5428, 测试集S分数: 4279.9, 学习率: 0.00200000
第9轮, 训练损失: 18.8264, 验证集RMSE: 15.3374, 验证集S分数: 20533.1, 测试集RMSE: 20.5962, 测试集S分数: 3146.3, 学习率: 0.00200000
第10轮, 训练损失: 17.5577, 验证集RMSE: 16.0714, 验证集S分数: 19967.5, 测试集RMSE: 18.7870, 测试集S分数: 2831.9, 学习率: 0.00200000
第11轮, 训练损失: 16.5665, 验证集RMSE: 15.4778, 验证集S分数: 21439.1, 测试集RMSE: 19.1301, 测试集S分数: 3647.6, 学习率: 0.00020000
第12轮, 训练损失: 16.4061, 验证集RMSE: 14.6370, 验证集S分数: 21293.4, 测试集RMSE: 19.3900, 测试集S分数: 3486.6, 学习率: 0.00020000
第13轮, 训练损失: 16.3483, 验证集RMSE: 15.0752, 验证集S分数: 21059.3, 测试集RMSE: 18.9662, 测试集S分数: 3579.1, 学习率: 0.00020000
第14轮, 训练损失: 16.0796, 验证集RMSE: 14.9048, 验证集S分数: 20348.1, 测试集RMSE: 18.5893, 测试集S分数: 3244.3, 学习率: 0.00020000
第15轮, 训练损失: 15.9664, 验证集RMSE: 14.7194, 验证集S分数: 20791.8, 测试集RMSE: 18.9152, 测试集S分数: 3445.4, 学习率: 0.00020000
第16轮, 训练损失: 15.9534, 验证集RMSE: 14.7141, 验证集S分数: 21053.6, 测试集RMSE: 18.7560, 测试集S分数: 3399.5, 学习率: 0.00020000
第17轮, 训练损失: 15.8814, 验证集RMSE: 14.5319, 验证集S分数: 22558.8, 测试集RMSE: 19.0029, 测试集S分数: 3419.0, 学习率: 0.00020000
第18轮, 训练损失: 15.6859, 验证集RMSE: 14.6469, 验证集S分数: 20625.5, 测试集RMSE: 18.7627, 测试集S分数: 2805.3, 学习率: 0.00020000
第19轮, 训练损失: 15.6168, 验证集RMSE: 15.0609, 验证集S分数: 20775.6, 测试集RMSE: 18.0898, 测试集S分数: 3300.4, 学习率: 0.00020000
第20轮, 训练损失: 15.5111, 验证集RMSE: 14.6973, 验证集S分数: 20833.5, 测试集RMSE: 18.0889, 测试集S分数: 2817.4, 学习率: 0.00020000
第21轮, 训练损失: 15.3934, 验证集RMSE: 14.2337, 验证集S分数: 21018.1, 测试集RMSE: 18.4041, 测试集S分数: 3038.8, 学习率: 0.00002000
第22轮, 训练损失: 15.3630, 验证集RMSE: 14.3972, 验证集S分数: 20629.6, 测试集RMSE: 18.1017, 测试集S分数: 2986.9, 学习率: 0.00002000
第23轮, 训练损失: 15.4249, 验证集RMSE: 14.3279, 验证集S分数: 21027.2, 测试集RMSE: 18.4701, 测试集S分数: 3031.8, 学习率: 0.00002000
第24轮, 训练损失: 15.3446, 验证集RMSE: 14.2386, 验证集S分数: 20895.4, 测试集RMSE: 18.4506, 测试集S分数: 3065.6, 学习率: 0.00002000
第25轮, 训练损失: 15.3795, 验证集RMSE: 14.3584, 验证集S分数: 20699.1, 测试集RMSE: 18.2112, 测试集S分数: 2974.9, 学习率: 0.00002000
第26轮, 训练损失: 15.4629, 验证集RMSE: 14.3790, 验证集S分数: 20630.2, 测试集RMSE: 18.2530, 测试集S分数: 3074.3, 学习率: 0.00002000
第27轮, 训练损失: 15.4007, 验证集RMSE: 14.3688, 验证集S分数: 20397.3, 测试集RMSE: 18.0627, 测试集S分数: 2884.3, 学习率: 0.00002000
第28轮, 训练损失: 15.3673, 验证集RMSE: 14.5186, 验证集S分数: 20286.4, 测试集RMSE: 18.0029, 测试集S分数: 2806.4, 学习率: 0.00002000
第29轮, 训练损失: 15.4472, 验证集RMSE: 14.4388, 验证集S分数: 20370.6, 测试集RMSE: 18.0866, 测试集S分数: 2949.9, 学习率: 0.00002000
第30轮, 训练损失: 15.3375, 验证集RMSE: 14.3659, 验证集S分数: 20548.4, 测试集RMSE: 18.1955, 测试集S分数: 2975.9, 学习率: 0.00002000
[训练总结] 已恢复第21轮的最佳模型, 验证集RMSE: 14.2337, 验证集S分数: 21018.1, 测试集RMSE: 18.4041, 测试集S分数: 3038.8
[训练耗时] 开始: 2026-04-19 02:27:28, 结束: 2026-04-19 02:29:47, 时长: 0:02:19, 总秒数: 139.09
[自动测试] 命令: /usr/bin/python /CMAPSS-release/scipt/test_model.py --sub-dataset FD003 --smooth-rate 30 --sequence-len 30 --feature-num 14 --dataset-root /CMAPSS-release/CMAPSSData/ --max-rul 125 --batch-size 128 --model-path /CMAPSS-release/logs_GAT_LSTM/model_FD003_0419_022728_seed17.pkl
模型路径:/CMAPSS-release/logs_GAT_LSTM/model_FD003_0419_022728_seed17.pkl
最终RMSE:18.155990600585938, 评分:2852.6328125
