-----FD001-----
模型: GAT_LSTM_model(AEF与AOF均关闭)
序列长度: 30
特征维度: 14
批大小: 128
最大训练轮数: 30
随机种子: 2
学习率: 0.002
学习率调度器: step
Step步长(step_size): 10
Step衰减系数(gamma): 0.1
是否启用AEF: 否
是否启用AOF: 否
GAT隐藏层维度: [8, 8, 8]
LSTM隐藏层维度: [8, 8]
GAT Dropout系数: 0.1
GAT LeakyReLU系数(alpha): 0.1
图构建模式: path
节点嵌入维度(embed_dim): 8
Topk邻居数: 7
是否启用指数平滑: True
平滑系数(smooth_rate): 30
------------------------------
第1轮, 训练损失: 42.9564, 验证集RMSE: 42.8520, 验证集S分数: 192951.2, 测试集RMSE: 40.0897, 测试集S分数: 9531.7, 学习率: 0.00200000
第2轮, 训练损失: 42.0868, 验证集RMSE: 42.1177, 验证集S分数: 243904.2, 测试集RMSE: 40.0783, 测试集S分数: 12388.7, 学习率: 0.00200000
第3轮, 训练损失: 35.5961, 验证集RMSE: 19.0473, 验证集S分数: 18881.2, 测试集RMSE: 20.2110, 测试集S分数: 994.8, 学习率: 0.00200000
第4轮, 训练损失: 20.1990, 验证集RMSE: 21.8208, 验证集S分数: 52923.5, 测试集RMSE: 20.4846, 测试集S分数: 1602.8, 学习率: 0.00200000
第5轮, 训练损失: 19.4581, 验证集RMSE: 19.3958, 验证集S分数: 11249.9, 测试集RMSE: 19.3423, 测试集S分数: 626.9, 学习率: 0.00200000
第6轮, 训练损失: 19.1888, 验证集RMSE: 18.2842, 验证集S分数: 20140.0, 测试集RMSE: 19.2561, 测试集S分数: 1241.9, 学习率: 0.00200000
第7轮, 训练损失: 18.9448, 验证集RMSE: 18.0832, 验证集S分数: 13328.3, 测试集RMSE: 17.5064, 测试集S分数: 736.8, 学习率: 0.00200000
第8轮, 训练损失: 18.3137, 验证集RMSE: 17.9609, 验证集S分数: 14260.4, 测试集RMSE: 17.2538, 测试集S分数: 779.8, 学习率: 0.00200000
第9轮, 训练损失: 18.5478, 验证集RMSE: 18.2728, 验证集S分数: 17608.5, 测试集RMSE: 17.5916, 测试集S分数: 941.4, 学习率: 0.00200000
第10轮, 训练损失: 18.1864, 验证集RMSE: 17.9022, 验证集S分数: 18435.4, 测试集RMSE: 17.6579, 测试集S分数: 984.3, 学习率: 0.00200000
第11轮, 训练损失: 17.0484, 验证集RMSE: 18.0565, 验证集S分数: 18603.1, 测试集RMSE: 17.5347, 测试集S分数: 994.8, 学习率: 0.00020000
第12轮, 训练损失: 17.0148, 验证集RMSE: 17.6124, 验证集S分数: 15928.3, 测试集RMSE: 17.1929, 测试集S分数: 894.0, 学习率: 0.00020000
第13轮, 训练损失: 17.0421, 验证集RMSE: 18.0924, 验证集S分数: 16631.5, 测试集RMSE: 17.6306, 测试集S分数: 1024.9, 学习率: 0.00020000
第14轮, 训练损失: 17.0266, 验证集RMSE: 17.5494, 验证集S分数: 14538.9, 测试集RMSE: 16.8379, 测试集S分数: 781.7, 学习率: 0.00020000
第15轮, 训练损失: 16.9978, 验证集RMSE: 17.3165, 验证集S分数: 13422.6, 测试集RMSE: 17.1187, 测试集S分数: 856.0, 学习率: 0.00020000
第16轮, 训练损失: 17.0243, 验证集RMSE: 17.1391, 验证集S分数: 14088.1, 测试集RMSE: 17.0444, 测试集S分数: 866.7, 学习率: 0.00020000
第17轮, 训练损失: 16.9938, 验证集RMSE: 17.5110, 验证集S分数: 15305.3, 测试集RMSE: 17.2073, 测试集S分数: 938.7, 学习率: 0.00020000
第18轮, 训练损失: 16.9523, 验证集RMSE: 17.4396, 验证集S分数: 12033.4, 测试集RMSE: 16.9711, 测试集S分数: 798.7, 学习率: 0.00020000
第19轮, 训练损失: 16.9010, 验证集RMSE: 18.2563, 验证集S分数: 19736.4, 测试集RMSE: 17.4779, 测试集S分数: 1033.0, 学习率: 0.00020000
第20轮, 训练损失: 16.8770, 验证集RMSE: 17.1886, 验证集S分数: 12584.8, 测试集RMSE: 16.9018, 测试集S分数: 817.7, 学习率: 0.00020000
第21轮, 训练损失: 16.8389, 验证集RMSE: 17.6810, 验证集S分数: 16930.5, 测试集RMSE: 17.4225, 测试集S分数: 1024.6, 学习率: 0.00002000
第22轮, 训练损失: 16.8373, 验证集RMSE: 17.5537, 验证集S分数: 16211.6, 测试集RMSE: 17.2946, 测试集S分数: 988.5, 学习率: 0.00002000
第23轮, 训练损失: 16.8289, 验证集RMSE: 17.9157, 验证集S分数: 16859.3, 测试集RMSE: 17.3691, 测试集S分数: 1007.1, 学习率: 0.00002000
第24轮, 训练损失: 16.8257, 验证集RMSE: 17.0099, 验证集S分数: 16037.1, 测试集RMSE: 17.2191, 测试集S分数: 963.6, 学习率: 0.00002000
第25轮, 训练损失: 16.8229, 验证集RMSE: 18.0649, 验证集S分数: 17298.5, 测试集RMSE: 17.4346, 测试集S分数: 1034.4, 学习率: 0.00002000
第26轮, 训练损失: 16.8164, 验证集RMSE: 17.7960, 验证集S分数: 17414.0, 测试集RMSE: 17.3657, 测试集S分数: 1014.8, 学习率: 0.00002000
第27轮, 训练损失: 16.8107, 验证集RMSE: 18.1933, 验证集S分数: 16468.6, 测试集RMSE: 17.2395, 测试集S分数: 974.7, 学习率: 0.00002000
第28轮, 训练损失: 16.8279, 验证集RMSE: 17.7320, 验证集S分数: 16585.2, 测试集RMSE: 17.2850, 测试集S分数: 990.3, 学习率: 0.00002000
第29轮, 训练损失: 16.8382, 验证集RMSE: 17.6080, 验证集S分数: 16929.2, 测试集RMSE: 17.3478, 测试集S分数: 1009.6, 学习率: 0.00002000
第30轮, 训练损失: 16.7902, 验证集RMSE: 17.6631, 验证集S分数: 17369.0, 测试集RMSE: 17.4276, 测试集S分数: 1035.9, 学习率: 0.00002000
[训练总结] 已恢复第24轮的最佳模型, 验证集RMSE: 17.0099, 验证集S分数: 16037.1, 测试集RMSE: 17.2191, 测试集S分数: 963.6
[训练耗时] 开始: 2026-04-19 01:37:36, 结束: 2026-04-19 01:39:14, 时长: 0:01:39, 总秒数: 98.61
[自动测试] 命令: /usr/bin/python /CMAPSS-release/scipt/test_model.py --sub-dataset FD001 --smooth-rate 30 --sequence-len 30 --feature-num 14 --dataset-root /CMAPSS-release/CMAPSSData/ --max-rul 125 --batch-size 128 --model-path /CMAPSS-release/logs_GAT_LSTM/model_FD001_0419_013736_seed2.pkl
模型路径:/CMAPSS-release/logs_GAT_LSTM/model_FD001_0419_013736_seed2.pkl
最终RMSE:17.098831176757812, 评分:930.2847900390625
