-----FD003-----
模型: GAT_LSTM_AEFAOF_model(AEF与AOF均开启)
序列长度: 30
特征维度: 14
批大小: 128
最大训练轮数: 30
随机种子: 33
学习率: 0.002
学习率调度器: step
Step步长(step_size): 10
Step衰减系数(gamma): 0.1
是否启用AEF: 是
是否启用AOF: 是
GAT隐藏层维度: [8, 8, 8]
LSTM隐藏层维度: [8, 8]
GAT Dropout系数: 0.1
GAT LeakyReLU系数(alpha): 0.1
图构建模式: path
节点嵌入维度(embed_dim): 8
Topk邻居数: 7
AOF注意力隐藏维度: 4
AEF注意力隐藏维度: 28
AEF/AOF融合方式: concat
是否启用指数平滑: True
平滑系数(smooth_rate): 30
------------------------------
第1轮, 训练损失: 41.2399, 验证集RMSE: 32.8456, 验证集S分数: 469865.8, 测试集RMSE: 35.5941, 测试集S分数: 19689.2, 学习率: 0.00200000
第2轮, 训练损失: 35.9443, 验证集RMSE: 31.5618, 验证集S分数: 489880.0, 测试集RMSE: 34.5980, 测试集S分数: 25190.9, 学习率: 0.00200000
第3轮, 训练损失: 35.0831, 验证集RMSE: 30.8412, 验证集S分数: 762562.4, 测试集RMSE: 34.2790, 测试集S分数: 52530.2, 学习率: 0.00200000
第4轮, 训练损失: 25.4494, 验证集RMSE: 15.7040, 验证集S分数: 46062.3, 测试集RMSE: 23.9515, 测试集S分数: 5322.9, 学习率: 0.00200000
第5轮, 训练损失: 18.8898, 验证集RMSE: 14.3521, 验证集S分数: 28761.2, 测试集RMSE: 21.1319, 测试集S分数: 4895.7, 学习率: 0.00200000
第6轮, 训练损失: 17.9864, 验证集RMSE: 14.6626, 验证集S分数: 26916.7, 测试集RMSE: 21.8817, 测试集S分数: 4591.0, 学习率: 0.00200000
第7轮, 训练损失: 16.9442, 验证集RMSE: 12.9046, 验证集S分数: 22027.0, 测试集RMSE: 18.3394, 测试集S分数: 4464.3, 学习率: 0.00200000
第8轮, 训练损失: 16.7576, 验证集RMSE: 13.2140, 验证集S分数: 19881.5, 测试集RMSE: 17.5706, 测试集S分数: 3190.6, 学习率: 0.00200000
第9轮, 训练损失: 16.6498, 验证集RMSE: 16.9471, 验证集S分数: 26225.1, 测试集RMSE: 24.8372, 测试集S分数: 3261.5, 学习率: 0.00200000
第10轮, 训练损失: 15.9142, 验证集RMSE: 12.3293, 验证集S分数: 22140.5, 测试集RMSE: 18.5346, 测试集S分数: 2351.8, 学习率: 0.00200000
第11轮, 训练损失: 14.8505, 验证集RMSE: 12.5886, 验证集S分数: 18534.3, 测试集RMSE: 16.6444, 测试集S分数: 1654.5, 学习率: 0.00020000
第12轮, 训练损失: 14.6366, 验证集RMSE: 12.8180, 验证集S分数: 17584.9, 测试集RMSE: 16.7862, 测试集S分数: 1793.8, 学习率: 0.00020000
第13轮, 训练损失: 14.6045, 验证集RMSE: 12.6430, 验证集S分数: 18223.2, 测试集RMSE: 16.3592, 测试集S分数: 1550.2, 学习率: 0.00020000
第14轮, 训练损失: 14.5410, 验证集RMSE: 12.9824, 验证集S分数: 18033.0, 测试集RMSE: 16.4406, 测试集S分数: 1561.4, 学习率: 0.00020000
第15轮, 训练损失: 14.5473, 验证集RMSE: 12.5292, 验证集S分数: 18117.4, 测试集RMSE: 16.6448, 测试集S分数: 1644.9, 学习率: 0.00020000
第16轮, 训练损失: 14.3528, 验证集RMSE: 12.5220, 验证集S分数: 18320.1, 测试集RMSE: 16.3353, 测试集S分数: 1464.1, 学习率: 0.00020000
第17轮, 训练损失: 14.2928, 验证集RMSE: 12.4683, 验证集S分数: 17414.2, 测试集RMSE: 16.1293, 测试集S分数: 1378.0, 学习率: 0.00020000
第18轮, 训练损失: 14.3560, 验证集RMSE: 12.3071, 验证集S分数: 18716.1, 测试集RMSE: 16.7717, 测试集S分数: 1597.4, 学习率: 0.00020000
第19轮, 训练损失: 14.2756, 验证集RMSE: 12.8155, 验证集S分数: 17376.1, 测试集RMSE: 16.0384, 测试集S分数: 1298.3, 学习率: 0.00020000
第20轮, 训练损失: 14.1170, 验证集RMSE: 12.4403, 验证集S分数: 17937.6, 测试集RMSE: 16.0606, 测试集S分数: 1338.8, 学习率: 0.00020000
第21轮, 训练损失: 14.0484, 验证集RMSE: 12.7510, 验证集S分数: 17956.4, 测试集RMSE: 16.2533, 测试集S分数: 1409.2, 学习率: 0.00002000
第22轮, 训练损失: 14.1395, 验证集RMSE: 12.5740, 验证集S分数: 17862.2, 测试集RMSE: 16.0951, 测试集S分数: 1347.6, 学习率: 0.00002000
第23轮, 训练损失: 14.0888, 验证集RMSE: 12.7467, 验证集S分数: 17900.0, 测试集RMSE: 16.1759, 测试集S分数: 1377.4, 学习率: 0.00002000
第24轮, 训练损失: 14.0847, 验证集RMSE: 12.7778, 验证集S分数: 17755.0, 测试集RMSE: 16.0807, 测试集S分数: 1352.4, 学习率: 0.00002000
第25轮, 训练损失: 14.1322, 验证集RMSE: 12.5161, 验证集S分数: 17925.6, 测试集RMSE: 16.1775, 测试集S分数: 1378.2, 学习率: 0.00002000
第26轮, 训练损失: 14.0182, 验证集RMSE: 12.5856, 验证集S分数: 17874.5, 测试集RMSE: 16.1236, 测试集S分数: 1354.4, 学习率: 0.00002000
第27轮, 训练损失: 14.0980, 验证集RMSE: 12.6574, 验证集S分数: 18113.1, 测试集RMSE: 16.2605, 测试集S分数: 1408.0, 学习率: 0.00002000
第28轮, 训练损失: 14.1103, 验证集RMSE: 12.6747, 验证集S分数: 17889.1, 测试集RMSE: 16.1055, 测试集S分数: 1354.4, 学习率: 0.00002000
第29轮, 训练损失: 14.1964, 验证集RMSE: 12.6286, 验证集S分数: 17752.5, 测试集RMSE: 16.0896, 测试集S分数: 1343.1, 学习率: 0.00002000
第30轮, 训练损失: 14.0741, 验证集RMSE: 12.5793, 验证集S分数: 18114.2, 测试集RMSE: 16.1849, 测试集S分数: 1385.7, 学习率: 0.00002000
[训练总结] 已恢复第18轮的最佳模型, 验证集RMSE: 12.3071, 验证集S分数: 18716.1, 测试集RMSE: 16.7717, 测试集S分数: 1597.4
[训练耗时] 开始: 2026-04-19 02:35:31, 结束: 2026-04-19 02:37:46, 时长: 0:02:15, 总秒数: 134.61
[自动测试] 命令: /usr/bin/python /CMAPSS-release/scipt/test_model.py --sub-dataset FD003 --smooth-rate 30 --sequence-len 30 --feature-num 14 --dataset-root /CMAPSS-release/CMAPSSData/ --max-rul 125 --batch-size 128 --model-path /CMAPSS-release/logs_GAT_LSTM/model_FD003_0419_023531_seed33.pkl
模型路径:/CMAPSS-release/logs_GAT_LSTM/model_FD003_0419_023531_seed33.pkl
最终RMSE:16.601806640625, 评分:1533.92138671875
