-----FD001-----
模型: GAT_LSTM_AEFAOF_model(仅AEF开启)
序列长度: 30
特征维度: 14
批大小: 128
最大训练轮数: 30
随机种子: 80
学习率: 0.002
学习率调度器: step
Step步长(step_size): 10
Step衰减系数(gamma): 0.1
是否启用AEF: 是
是否启用AOF: 否
GAT隐藏层维度: [8, 8, 8]
LSTM隐藏层维度: [8, 8]
GAT Dropout系数: 0.1
GAT LeakyReLU系数(alpha): 0.1
图构建模式: dynamic_topk
节点嵌入维度(embed_dim): 8
Topk邻居数: 7
AEF注意力隐藏维度: 28
AEF/AOF融合方式: concat
是否启用指数平滑: True
平滑系数(smooth_rate): 30
------------------------------
第1轮, 训练损失: 42.0615, 验证集RMSE: 41.8242, 验证集S分数: 168449.2, 测试集RMSE: 38.9498, 测试集S分数: 9432.8, 学习率: 0.00200000
第2轮, 训练损失: 38.7557, 验证集RMSE: 29.6414, 验证集S分数: 214644.1, 测试集RMSE: 29.0847, 测试集S分数: 18738.7, 学习率: 0.00200000
第3轮, 训练损失: 27.3529, 验证集RMSE: 21.6356, 验证集S分数: 55475.3, 测试集RMSE: 23.8054, 测试集S分数: 10476.8, 学习率: 0.00200000
第4轮, 训练损失: 22.5389, 验证集RMSE: 18.7940, 验证集S分数: 51807.7, 测试集RMSE: 22.4287, 测试集S分数: 6483.8, 学习率: 0.00200000
第5轮, 训练损失: 20.9975, 验证集RMSE: 17.9081, 验证集S分数: 40309.4, 测试集RMSE: 20.8961, 测试集S分数: 3166.5, 学习率: 0.00200000
第6轮, 训练损失: 19.9587, 验证集RMSE: 18.6486, 验证集S分数: 73966.5, 测试集RMSE: 22.7230, 测试集S分数: 4828.0, 学习率: 0.00200000
第7轮, 训练损失: 19.3618, 验证集RMSE: 19.2120, 验证集S分数: 94027.9, 测试集RMSE: 22.4294, 测试集S分数: 4885.7, 学习率: 0.00200000
第8轮, 训练损失: 19.0186, 验证集RMSE: 17.4217, 验证集S分数: 29169.8, 测试集RMSE: 19.2199, 测试集S分数: 1561.1, 学习率: 0.00200000
第9轮, 训练损失: 19.1098, 验证集RMSE: 16.5390, 验证集S分数: 30331.1, 测试集RMSE: 20.6916, 测试集S分数: 1562.5, 学习率: 0.00200000
第10轮, 训练损失: 18.5540, 验证集RMSE: 17.0234, 验证集S分数: 34515.5, 测试集RMSE: 19.9511, 测试集S分数: 1621.0, 学习率: 0.00200000
第11轮, 训练损失: 17.8779, 验证集RMSE: 17.4463, 验证集S分数: 42329.4, 测试集RMSE: 20.6826, 测试集S分数: 2024.1, 学习率: 0.00020000
第12轮, 训练损失: 17.9321, 验证集RMSE: 16.9081, 验证集S分数: 39476.2, 测试集RMSE: 20.3503, 测试集S分数: 1939.9, 学习率: 0.00020000
第13轮, 训练损失: 17.9697, 验证集RMSE: 17.3476, 验证集S分数: 47681.2, 测试集RMSE: 20.9176, 测试集S分数: 2281.8, 学习率: 0.00020000
第14轮, 训练损失: 17.9359, 验证集RMSE: 17.4791, 验证集S分数: 44385.6, 测试集RMSE: 20.8237, 测试集S分数: 2183.4, 学习率: 0.00020000
第15轮, 训练损失: 17.8744, 验证集RMSE: 17.5477, 验证集S分数: 44163.4, 测试集RMSE: 20.8316, 测试集S分数: 2178.6, 学习率: 0.00020000
第16轮, 训练损失: 17.8440, 验证集RMSE: 16.7475, 验证集S分数: 34673.6, 测试集RMSE: 20.0635, 测试集S分数: 1684.8, 学习率: 0.00020000
第17轮, 训练损失: 17.7855, 验证集RMSE: 17.4797, 验证集S分数: 35216.4, 测试集RMSE: 20.1748, 测试集S分数: 1777.9, 学习率: 0.00020000
第18轮, 训练损失: 17.7943, 验证集RMSE: 17.2371, 验证集S分数: 36519.5, 测试集RMSE: 20.6068, 测试集S分数: 1932.3, 学习率: 0.00020000
第19轮, 训练损失: 17.7273, 验证集RMSE: 17.4652, 验证集S分数: 44668.9, 测试集RMSE: 21.2916, 测试集S分数: 2395.7, 学习率: 0.00020000
第20轮, 训练损失: 17.7908, 验证集RMSE: 17.7020, 验证集S分数: 38664.8, 测试集RMSE: 20.6625, 测试集S分数: 2034.2, 学习率: 0.00020000
第21轮, 训练损失: 17.7628, 验证集RMSE: 17.0583, 验证集S分数: 40768.7, 测试集RMSE: 20.7819, 测试集S分数: 2129.5, 学习率: 0.00002000
第22轮, 训练损失: 17.7622, 验证集RMSE: 17.4583, 验证集S分数: 41125.7, 测试集RMSE: 20.7526, 测试集S分数: 2126.4, 学习率: 0.00002000
第23轮, 训练损失: 17.7547, 验证集RMSE: 18.0289, 验证集S分数: 40561.0, 测试集RMSE: 20.7233, 测试集S分数: 2110.3, 学习率: 0.00002000
第24轮, 训练损失: 17.8014, 验证集RMSE: 16.9844, 验证集S分数: 40460.7, 测试集RMSE: 20.7222, 测试集S分数: 2091.2, 学习率: 0.00002000
第25轮, 训练损失: 17.7023, 验证集RMSE: 17.7672, 验证集S分数: 39625.4, 测试集RMSE: 20.6462, 测试集S分数: 2058.9, 学习率: 0.00002000
第26轮, 训练损失: 17.6857, 验证集RMSE: 17.2748, 验证集S分数: 39653.4, 测试集RMSE: 20.6604, 测试集S分数: 2053.9, 学习率: 0.00002000
第27轮, 训练损失: 17.7442, 验证集RMSE: 17.4076, 验证集S分数: 42324.4, 测试集RMSE: 20.8379, 测试集S分数: 2197.8, 学习率: 0.00002000
第28轮, 训练损失: 17.8364, 验证集RMSE: 17.3566, 验证集S分数: 39713.5, 测试集RMSE: 20.6434, 测试集S分数: 2064.9, 学习率: 0.00002000
第29轮, 训练损失: 17.7426, 验证集RMSE: 17.5173, 验证集S分数: 40268.5, 测试集RMSE: 20.6802, 测试集S分数: 2096.7, 学习率: 0.00002000
第30轮, 训练损失: 17.8335, 验证集RMSE: 17.4816, 验证集S分数: 41124.2, 测试集RMSE: 20.7858, 测试集S分数: 2148.7, 学习率: 0.00002000
[训练总结] 已恢复第9轮的最佳模型, 验证集RMSE: 16.5390, 验证集S分数: 30331.1, 测试集RMSE: 20.6916, 测试集S分数: 1562.5
[训练耗时] 开始: 2026-04-19 01:10:32, 结束: 2026-04-19 01:12:08, 时长: 0:01:36, 总秒数: 96.50
[自动测试] 命令: /usr/bin/python /CMAPSS-release/scipt/test_model.py --sub-dataset FD001 --smooth-rate 30 --sequence-len 30 --feature-num 14 --dataset-root /CMAPSS-release/CMAPSSData/ --max-rul 125 --batch-size 128 --model-path /CMAPSS-release/logs_GAT_LSTM/model_FD001_0419_011032_seed80.pkl
模型路径:/CMAPSS-release/logs_GAT_LSTM/model_FD001_0419_011032_seed80.pkl
最终RMSE:20.608736038208008, 评分:1523.91943359375
