-----FD001-----
模型: GAT_LSTM_AEFAOF_model(仅AOF开启)
序列长度: 30
特征维度: 14
批大小: 128
最大训练轮数: 30
随机种子: 33
学习率: 0.002
学习率调度器: step
Step步长(step_size): 10
Step衰减系数(gamma): 0.1
是否启用AEF: 否
是否启用AOF: 是
GAT隐藏层维度: [8, 8, 8]
LSTM隐藏层维度: [8, 8]
GAT Dropout系数: 0.1
GAT LeakyReLU系数(alpha): 0.1
图构建模式: dynamic_topk
节点嵌入维度(embed_dim): 8
Topk邻居数: 7
AOF注意力隐藏维度: 4
AEF/AOF融合方式: concat
是否启用指数平滑: True
平滑系数(smooth_rate): 30
------------------------------
第1轮, 训练损失: 42.3402, 验证集RMSE: 31.6282, 验证集S分数: 175198.6, 测试集RMSE: 31.6817, 测试集S分数: 10577.9, 学习率: 0.00200000
第2轮, 训练损失: 26.9741, 验证集RMSE: 28.7294, 验证集S分数: 200049.6, 测试集RMSE: 30.4400, 测试集S分数: 26983.8, 学习率: 0.00200000
第3轮, 训练损失: 24.7693, 验证集RMSE: 25.3361, 验证集S分数: 90358.9, 测试集RMSE: 26.9434, 测试集S分数: 14381.7, 学习率: 0.00200000
第4轮, 训练损失: 23.2144, 验证集RMSE: 21.1416, 验证集S分数: 32033.3, 测试集RMSE: 23.6075, 测试集S分数: 3124.7, 学习率: 0.00200000
第5轮, 训练损失: 22.5177, 验证集RMSE: 29.8889, 验证集S分数: 216188.9, 测试集RMSE: 33.6820, 测试集S分数: 30436.2, 学习率: 0.00200000
第6轮, 训练损失: 22.2694, 验证集RMSE: 21.1170, 验证集S分数: 37297.2, 测试集RMSE: 24.8117, 测试集S分数: 3784.4, 学习率: 0.00200000
第7轮, 训练损失: 22.1527, 验证集RMSE: 20.0042, 验证集S分数: 15465.2, 测试集RMSE: 22.7995, 测试集S分数: 1302.7, 学习率: 0.00200000
第8轮, 训练损失: 21.7696, 验证集RMSE: 23.6018, 验证集S分数: 83781.8, 测试集RMSE: 28.2222, 测试集S分数: 8468.9, 学习率: 0.00200000
第9轮, 训练损失: 21.7255, 验证集RMSE: 21.3097, 验证集S分数: 46733.9, 测试集RMSE: 25.1331, 测试集S分数: 4356.8, 学习率: 0.00200000
第10轮, 训练损失: 21.2839, 验证集RMSE: 21.8653, 验证集S分数: 67773.7, 测试集RMSE: 26.1125, 测试集S分数: 5697.0, 学习率: 0.00200000
第11轮, 训练损失: 20.6656, 验证集RMSE: 19.4136, 验证集S分数: 38599.4, 测试集RMSE: 24.5663, 测试集S分数: 3489.3, 学习率: 0.00020000
第12轮, 训练损失: 20.7405, 验证集RMSE: 21.3515, 验证集S分数: 47935.5, 测试集RMSE: 25.0082, 测试集S分数: 4271.4, 学习率: 0.00020000
第13轮, 训练损失: 20.6755, 验证集RMSE: 19.6722, 验证集S分数: 31989.7, 测试集RMSE: 23.5405, 测试集S分数: 2783.5, 学习率: 0.00020000
第14轮, 训练损失: 20.6920, 验证集RMSE: 19.5799, 验证集S分数: 40299.2, 测试集RMSE: 24.4343, 测试集S分数: 3548.1, 学习率: 0.00020000
第15轮, 训练损失: 20.6626, 验证集RMSE: 20.8136, 验证集S分数: 42441.2, 测试集RMSE: 24.7265, 测试集S分数: 3887.3, 学习率: 0.00020000
第16轮, 训练损失: 20.6581, 验证集RMSE: 20.0944, 验证集S分数: 33977.3, 测试集RMSE: 23.9303, 测试集S分数: 3016.6, 学习率: 0.00020000
第17轮, 训练损失: 20.6820, 验证集RMSE: 20.9136, 验证集S分数: 48624.6, 测试集RMSE: 25.1273, 测试集S分数: 4339.3, 学习率: 0.00020000
第18轮, 训练损失: 20.6268, 验证集RMSE: 19.1127, 验证集S分数: 38514.9, 测试集RMSE: 24.2708, 测试集S分数: 3436.9, 学习率: 0.00020000
第19轮, 训练损失: 20.6320, 验证集RMSE: 19.4451, 验证集S分数: 39393.0, 测试集RMSE: 24.2506, 测试集S分数: 3460.6, 学习率: 0.00020000
第20轮, 训练损失: 20.7408, 验证集RMSE: 19.7477, 验证集S分数: 34978.4, 测试集RMSE: 23.7961, 测试集S分数: 3143.7, 学习率: 0.00020000
第21轮, 训练损失: 20.5287, 验证集RMSE: 20.0265, 验证集S分数: 40196.3, 测试集RMSE: 24.4116, 测试集S分数: 3647.9, 学习率: 0.00002000
第22轮, 训练损失: 20.6387, 验证集RMSE: 19.3449, 验证集S分数: 39073.2, 测试集RMSE: 24.3810, 测试集S分数: 3577.5, 学习率: 0.00002000
第23轮, 训练损失: 20.6549, 验证集RMSE: 19.4566, 验证集S分数: 38188.6, 测试集RMSE: 24.1493, 测试集S分数: 3423.2, 学习率: 0.00002000
第24轮, 训练损失: 20.6891, 验证集RMSE: 20.2667, 验证集S分数: 40024.0, 测试集RMSE: 24.3055, 测试集S分数: 3584.1, 学习率: 0.00002000
第25轮, 训练损失: 20.7230, 验证集RMSE: 19.9035, 验证集S分数: 39795.9, 测试集RMSE: 24.3137, 测试集S分数: 3562.7, 学习率: 0.00002000
第26轮, 训练损失: 20.7572, 验证集RMSE: 20.0202, 验证集S分数: 39336.0, 测试集RMSE: 24.2652, 测试集S分数: 3521.2, 学习率: 0.00002000
第27轮, 训练损失: 20.6504, 验证集RMSE: 19.9652, 验证集S分数: 40283.2, 测试集RMSE: 24.3200, 测试集S分数: 3591.4, 学习率: 0.00002000
第28轮, 训练损失: 20.6384, 验证集RMSE: 20.2408, 验证集S分数: 38554.7, 测试集RMSE: 24.2272, 测试集S分数: 3465.6, 学习率: 0.00002000
第29轮, 训练损失: 20.5633, 验证集RMSE: 20.3362, 验证集S分数: 40495.6, 测试集RMSE: 24.4100, 测试集S分数: 3627.9, 学习率: 0.00002000
第30轮, 训练损失: 20.5992, 验证集RMSE: 19.8787, 验证集S分数: 39741.2, 测试集RMSE: 24.3231, 测试集S分数: 3568.5, 学习率: 0.00002000
[训练总结] 已恢复第18轮的最佳模型, 验证集RMSE: 19.1127, 验证集S分数: 38514.9, 测试集RMSE: 24.2708, 测试集S分数: 3436.9
[训练耗时] 开始: 2026-04-19 01:25:04, 结束: 2026-04-19 01:26:45, 时长: 0:01:40, 总秒数: 100.47
[自动测试] 命令: /usr/bin/python /CMAPSS-release/scipt/test_model.py --sub-dataset FD001 --smooth-rate 30 --sequence-len 30 --feature-num 14 --dataset-root /CMAPSS-release/CMAPSSData/ --max-rul 125 --batch-size 128 --model-path /CMAPSS-release/logs_GAT_LSTM/model_FD001_0419_012504_seed33.pkl
模型路径:/CMAPSS-release/logs_GAT_LSTM/model_FD001_0419_012504_seed33.pkl
最终RMSE:24.068859100341797, 评分:3269.098876953125
