-----FD001-----
模型: GAT_LSTM_AEFAOF_model(仅AOF开启)
序列长度: 30
特征维度: 14
批大小: 128
最大训练轮数: 30
随机种子: 2
学习率: 0.002
学习率调度器: step
Step步长(step_size): 10
Step衰减系数(gamma): 0.1
是否启用AEF: 否
是否启用AOF: 是
GAT隐藏层维度: [8, 8, 8]
LSTM隐藏层维度: [8, 8]
GAT Dropout系数: 0.1
GAT LeakyReLU系数(alpha): 0.1
图构建模式: dynamic_topk
节点嵌入维度(embed_dim): 8
Topk邻居数: 7
AOF注意力隐藏维度: 4
AEF/AOF融合方式: concat
是否启用指数平滑: True
平滑系数(smooth_rate): 30
------------------------------
第1轮, 训练损失: 42.8431, 验证集RMSE: 42.1935, 验证集S分数: 173465.3, 测试集RMSE: 38.4784, 测试集S分数: 7222.0, 学习率: 0.00200000
第2轮, 训练损失: 37.6502, 验证集RMSE: 32.2120, 验证集S分数: 325376.3, 测试集RMSE: 34.6131, 测试集S分数: 21260.6, 学习率: 0.00200000
第3轮, 训练损失: 30.9669, 验证集RMSE: 27.8828, 验证集S分数: 85476.9, 测试集RMSE: 27.4264, 测试集S分数: 8908.0, 学习率: 0.00200000
第4轮, 训练损失: 28.7268, 验证集RMSE: 26.2328, 验证集S分数: 63106.4, 测试集RMSE: 27.1126, 测试集S分数: 10663.6, 学习率: 0.00200000
第5轮, 训练损失: 27.7626, 验证集RMSE: 25.8670, 验证集S分数: 52787.9, 测试集RMSE: 28.7510, 测试集S分数: 15089.9, 学习率: 0.00200000
第6轮, 训练损失: 27.1315, 验证集RMSE: 25.5675, 验证集S分数: 25580.0, 测试集RMSE: 25.8055, 测试集S分数: 7170.8, 学习率: 0.00200000
第7轮, 训练损失: 26.4574, 验证集RMSE: 24.2851, 验证集S分数: 32959.7, 测试集RMSE: 26.6458, 测试集S分数: 8456.8, 学习率: 0.00200000
第8轮, 训练损失: 25.4462, 验证集RMSE: 22.5563, 验证集S分数: 22038.6, 测试集RMSE: 24.3837, 测试集S分数: 4759.7, 学习率: 0.00200000
第9轮, 训练损失: 24.2905, 验证集RMSE: 25.4358, 验证集S分数: 54280.9, 测试集RMSE: 29.3198, 测试集S分数: 10162.2, 学习率: 0.00200000
第10轮, 训练损失: 23.3115, 验证集RMSE: 20.7361, 验证集S分数: 23627.0, 测试集RMSE: 22.5444, 测试集S分数: 3317.5, 学习率: 0.00200000
第11轮, 训练损失: 22.8019, 验证集RMSE: 20.6612, 验证集S分数: 21152.1, 测试集RMSE: 22.3606, 测试集S分数: 3184.4, 学习率: 0.00020000
第12轮, 训练损失: 22.7802, 验证集RMSE: 20.9428, 验证集S分数: 23127.0, 测试集RMSE: 23.4123, 测试集S分数: 4197.9, 学习率: 0.00020000
第13轮, 训练损失: 22.6200, 验证集RMSE: 21.0754, 验证集S分数: 21217.2, 测试集RMSE: 22.5591, 测试集S分数: 3426.3, 学习率: 0.00020000
第14轮, 训练损失: 22.4702, 验证集RMSE: 20.8267, 验证集S分数: 21494.8, 测试集RMSE: 22.7486, 测试集S分数: 3519.7, 学习率: 0.00020000
第15轮, 训练损失: 22.4174, 验证集RMSE: 20.3817, 验证集S分数: 21290.7, 测试集RMSE: 22.5239, 测试集S分数: 3311.4, 学习率: 0.00020000
第16轮, 训练损失: 22.3837, 验证集RMSE: 20.0438, 验证集S分数: 19948.5, 测试集RMSE: 22.1218, 测试集S分数: 3045.2, 学习率: 0.00020000
第17轮, 训练损失: 22.3852, 验证集RMSE: 21.6240, 验证集S分数: 22114.2, 测试集RMSE: 23.1859, 测试集S分数: 3947.9, 学习率: 0.00020000
第18轮, 训练损失: 22.2138, 验证集RMSE: 20.1290, 验证集S分数: 19804.6, 测试集RMSE: 22.0430, 测试集S分数: 2847.8, 学习率: 0.00020000
第19轮, 训练损失: 22.1783, 验证集RMSE: 19.7904, 验证集S分数: 21115.9, 测试集RMSE: 22.1108, 测试集S分数: 2856.7, 学习率: 0.00020000
第20轮, 训练损失: 22.1777, 验证集RMSE: 20.2518, 验证集S分数: 20404.4, 测试集RMSE: 22.2793, 测试集S分数: 3099.1, 学习率: 0.00020000
第21轮, 训练损失: 22.1028, 验证集RMSE: 20.4235, 验证集S分数: 20483.9, 测试集RMSE: 22.3413, 测试集S分数: 3113.5, 学习率: 0.00002000
第22轮, 训练损失: 22.0249, 验证集RMSE: 20.4852, 验证集S分数: 20146.0, 测试集RMSE: 22.2048, 测试集S分数: 3014.2, 学习率: 0.00002000
第23轮, 训练损失: 21.9805, 验证集RMSE: 20.3999, 验证集S分数: 20005.2, 测试集RMSE: 22.1263, 测试集S分数: 2939.5, 学习率: 0.00002000
第24轮, 训练损失: 21.9959, 验证集RMSE: 20.2347, 验证集S分数: 20256.1, 测试集RMSE: 22.2459, 测试集S分数: 3020.8, 学习率: 0.00002000
第25轮, 训练损失: 22.2265, 验证集RMSE: 20.1132, 验证集S分数: 20314.3, 测试集RMSE: 22.3319, 测试集S分数: 3075.1, 学习率: 0.00002000
第26轮, 训练损失: 22.0647, 验证集RMSE: 20.5936, 验证集S分数: 20100.0, 测试集RMSE: 22.2167, 测试集S分数: 2993.3, 学习率: 0.00002000
第27轮, 训练损失: 22.0196, 验证集RMSE: 20.2972, 验证集S分数: 20135.9, 测试集RMSE: 22.1931, 测试集S分数: 2956.8, 学习率: 0.00002000
第28轮, 训练损失: 22.0560, 验证集RMSE: 20.0345, 验证集S分数: 19816.5, 测试集RMSE: 22.0696, 测试集S分数: 2877.7, 学习率: 0.00002000
第29轮, 训练损失: 22.0219, 验证集RMSE: 20.4179, 验证集S分数: 20024.3, 测试集RMSE: 22.1346, 测试集S分数: 2911.3, 学习率: 0.00002000
第30轮, 训练损失: 21.9924, 验证集RMSE: 20.0448, 验证集S分数: 20091.9, 测试集RMSE: 22.1516, 测试集S分数: 2898.3, 学习率: 0.00002000
[训练总结] 已恢复第19轮的最佳模型, 验证集RMSE: 19.7904, 验证集S分数: 21115.9, 测试集RMSE: 22.1108, 测试集S分数: 2856.7
[训练耗时] 开始: 2026-04-19 01:16:39, 结束: 2026-04-19 01:18:31, 时长: 0:01:52, 总秒数: 112.15
[自动测试] 命令: /usr/bin/python /CMAPSS-release/scipt/test_model.py --sub-dataset FD001 --smooth-rate 30 --sequence-len 30 --feature-num 14 --dataset-root /CMAPSS-release/CMAPSSData/ --max-rul 125 --batch-size 128 --model-path /CMAPSS-release/logs_GAT_LSTM/model_FD001_0419_011639_seed2.pkl
模型路径:/CMAPSS-release/logs_GAT_LSTM/model_FD001_0419_011639_seed2.pkl
最终RMSE:21.94265365600586, 评分:2749.481689453125
