-----FD003-----
模型: GAT_LSTM_model(AEF与AOF均关闭)
序列长度: 30
特征维度: 14
批大小: 128
最大训练轮数: 30
随机种子: 17
学习率: 0.002
学习率调度器: step
Step步长(step_size): 10
Step衰减系数(gamma): 0.1
是否启用AEF: 否
是否启用AOF: 否
GAT隐藏层维度: [8, 8, 8]
LSTM隐藏层维度: [8, 8]
GAT Dropout系数: 0.1
GAT LeakyReLU系数(alpha): 0.1
图构建模式: path
节点嵌入维度(embed_dim): 8
Topk邻居数: 7
是否启用指数平滑: True
平滑系数(smooth_rate): 30
------------------------------
第1轮, 训练损失: 39.4456, 验证集RMSE: 18.2193, 验证集S分数: 36683.3, 测试集RMSE: 21.7120, 测试集S分数: 3400.1, 学习率: 0.00200000
第2轮, 训练损失: 20.1373, 验证集RMSE: 21.5110, 验证集S分数: 27266.1, 测试集RMSE: 21.3917, 测试集S分数: 2076.6, 学习率: 0.00200000
第3轮, 训练损失: 17.7960, 验证集RMSE: 21.7975, 验证集S分数: 26341.1, 测试集RMSE: 19.3959, 测试集S分数: 1686.0, 学习率: 0.00200000
第4轮, 训练损失: 16.9466, 验证集RMSE: 15.7538, 验证集S分数: 15623.9, 测试集RMSE: 17.1099, 测试集S分数: 1944.3, 学习率: 0.00200000
第5轮, 训练损失: 16.6619, 验证集RMSE: 19.1270, 验证集S分数: 24174.9, 测试集RMSE: 19.1880, 测试集S分数: 2326.1, 学习率: 0.00200000
第6轮, 训练损失: 16.3251, 验证集RMSE: 14.6856, 验证集S分数: 23304.6, 测试集RMSE: 19.0202, 测试集S分数: 2641.6, 学习率: 0.00200000
第7轮, 训练损失: 15.6212, 验证集RMSE: 14.1618, 验证集S分数: 32513.6, 测试集RMSE: 19.7777, 测试集S分数: 5300.2, 学习率: 0.00200000
第8轮, 训练损失: 15.5642, 验证集RMSE: 13.6906, 验证集S分数: 29258.3, 测试集RMSE: 19.3776, 测试集S分数: 3049.9, 学习率: 0.00200000
第9轮, 训练损失: 15.1010, 验证集RMSE: 14.2319, 验证集S分数: 15925.6, 测试集RMSE: 15.9909, 测试集S分数: 1067.3, 学习率: 0.00200000
第10轮, 训练损失: 14.8208, 验证集RMSE: 13.8636, 验证集S分数: 19526.1, 测试集RMSE: 16.2680, 测试集S分数: 1183.3, 学习率: 0.00200000
第11轮, 训练损失: 13.5547, 验证集RMSE: 13.0623, 验证集S分数: 19095.5, 测试集RMSE: 16.0777, 测试集S分数: 1167.5, 学习率: 0.00020000
第12轮, 训练损失: 13.5094, 验证集RMSE: 12.9172, 验证集S分数: 19249.3, 测试集RMSE: 15.8964, 测试集S分数: 1061.7, 学习率: 0.00020000
第13轮, 训练损失: 13.4961, 验证集RMSE: 12.9791, 验证集S分数: 18865.0, 测试集RMSE: 16.0307, 测试集S分数: 1115.2, 学习率: 0.00020000
第14轮, 训练损失: 13.4173, 验证集RMSE: 12.6381, 验证集S分数: 19558.2, 测试集RMSE: 16.2852, 测试集S分数: 1204.7, 学习率: 0.00020000
第15轮, 训练损失: 13.3430, 验证集RMSE: 12.5769, 验证集S分数: 21205.3, 测试集RMSE: 16.2242, 测试集S分数: 1182.1, 学习率: 0.00020000
第16轮, 训练损失: 13.3030, 验证集RMSE: 12.7246, 验证集S分数: 20276.3, 测试集RMSE: 16.4348, 测试集S分数: 1257.5, 学习率: 0.00020000
第17轮, 训练损失: 13.2637, 验证集RMSE: 12.7419, 验证集S分数: 18340.4, 测试集RMSE: 16.0236, 测试集S分数: 1104.0, 学习率: 0.00020000
第18轮, 训练损失: 13.2003, 验证集RMSE: 12.6691, 验证集S分数: 19167.2, 测试集RMSE: 16.2738, 测试集S分数: 1224.9, 学习率: 0.00020000
第19轮, 训练损失: 13.2398, 验证集RMSE: 12.6989, 验证集S分数: 18228.9, 测试集RMSE: 15.9905, 测试集S分数: 1117.2, 学习率: 0.00020000
第20轮, 训练损失: 13.1530, 验证集RMSE: 12.7552, 验证集S分数: 16877.1, 测试集RMSE: 15.8701, 测试集S分数: 1090.9, 学习率: 0.00020000
第21轮, 训练损失: 13.0791, 验证集RMSE: 12.5184, 验证集S分数: 17228.9, 测试集RMSE: 15.8827, 测试集S分数: 1115.6, 学习率: 0.00002000
第22轮, 训练损失: 13.0665, 验证集RMSE: 12.5882, 验证集S分数: 17101.9, 测试集RMSE: 15.8203, 测试集S分数: 1096.9, 学习率: 0.00002000
第23轮, 训练损失: 13.0116, 验证集RMSE: 12.6846, 验证集S分数: 16888.0, 测试集RMSE: 15.7951, 测试集S分数: 1085.9, 学习率: 0.00002000
第24轮, 训练损失: 13.0606, 验证集RMSE: 12.5913, 验证集S分数: 16680.4, 测试集RMSE: 15.7300, 测试集S分数: 1065.0, 学习率: 0.00002000
第25轮, 训练损失: 13.0799, 验证集RMSE: 12.5508, 验证集S分数: 17136.7, 测试集RMSE: 15.8468, 测试集S分数: 1109.3, 学习率: 0.00002000
第26轮, 训练损失: 13.0528, 验证集RMSE: 12.5608, 验证集S分数: 16809.2, 测试集RMSE: 15.7882, 测试集S分数: 1086.3, 学习率: 0.00002000
第27轮, 训练损失: 13.0746, 验证集RMSE: 12.4739, 验证集S分数: 17074.8, 测试集RMSE: 15.8201, 测试集S分数: 1104.6, 学习率: 0.00002000
第28轮, 训练损失: 13.0655, 验证集RMSE: 12.6379, 验证集S分数: 16932.4, 测试集RMSE: 15.8748, 测试集S分数: 1114.8, 学习率: 0.00002000
第29轮, 训练损失: 13.0651, 验证集RMSE: 12.5029, 验证集S分数: 17207.3, 测试集RMSE: 15.8785, 测试集S分数: 1122.5, 学习率: 0.00002000
第30轮, 训练损失: 13.0359, 验证集RMSE: 12.5373, 验证集S分数: 17108.3, 测试集RMSE: 15.8140, 测试集S分数: 1105.3, 学习率: 0.00002000
[训练总结] 已恢复第27轮的最佳模型, 验证集RMSE: 12.4739, 验证集S分数: 17074.8, 测试集RMSE: 15.8201, 测试集S分数: 1104.6
[训练耗时] 开始: 2026-04-19 03:42:37, 结束: 2026-04-19 03:44:03, 时长: 0:01:26, 总秒数: 85.94
[自动测试] 命令: /usr/bin/python /CMAPSS-release/scipt/test_model.py --sub-dataset FD003 --smooth-rate 30 --sequence-len 30 --feature-num 14 --dataset-root /CMAPSS-release/CMAPSSData/ --max-rul 125 --batch-size 128 --model-path /CMAPSS-release/logs_GAT_LSTM/model_FD003_0419_034237_seed17.pkl
模型路径:/CMAPSS-release/logs_GAT_LSTM/model_FD003_0419_034237_seed17.pkl
最终RMSE:15.730225563049316, 评分:1070.746337890625
