-----FD003-----
模型: GAT_LSTM_AEFAOF_model(仅AEF开启)
序列长度: 30
特征维度: 14
批大小: 128
最大训练轮数: 30
随机种子: 97
学习率: 0.002
学习率调度器: step
Step步长(step_size): 10
Step衰减系数(gamma): 0.1
是否启用AEF: 是
是否启用AOF: 否
GAT隐藏层维度: [8, 8, 8]
LSTM隐藏层维度: [8, 8]
GAT Dropout系数: 0.1
GAT LeakyReLU系数(alpha): 0.1
图构建模式: dynamic_topk
节点嵌入维度(embed_dim): 8
Topk邻居数: 7
AEF注意力隐藏维度: 28
AEF/AOF融合方式: concat
是否启用指数平滑: True
平滑系数(smooth_rate): 30
------------------------------
第1轮, 训练损失: 41.4900, 验证集RMSE: 27.9297, 验证集S分数: 383437.9, 测试集RMSE: 31.9893, 测试集S分数: 26927.1, 学习率: 0.00200000
第2轮, 训练损失: 33.0442, 验证集RMSE: 25.8038, 验证集S分数: 1010862.7, 测试集RMSE: 35.5177, 测试集S分数: 60414.2, 学习率: 0.00200000
第3轮, 训练损失: 29.2041, 验证集RMSE: 20.9053, 验证集S分数: 84001.7, 测试集RMSE: 28.4828, 测试集S分数: 29587.1, 学习率: 0.00200000
第4轮, 训练损失: 22.5890, 验证集RMSE: 18.0919, 验证集S分数: 32689.2, 测试集RMSE: 23.0180, 测试集S分数: 3877.2, 学习率: 0.00200000
第5轮, 训练损失: 19.0258, 验证集RMSE: 21.0862, 验证集S分数: 41522.4, 测试集RMSE: 20.5720, 测试集S分数: 2881.0, 学习率: 0.00200000
第6轮, 训练损失: 18.2406, 验证集RMSE: 17.9514, 验证集S分数: 37875.3, 测试集RMSE: 20.5422, 测试集S分数: 2715.6, 学习率: 0.00200000
第7轮, 训练损失: 17.4270, 验证集RMSE: 15.6186, 验证集S分数: 35487.0, 测试集RMSE: 23.4077, 测试集S分数: 3049.6, 学习率: 0.00200000
第8轮, 训练损失: 16.6507, 验证集RMSE: 15.6212, 验证集S分数: 32570.5, 测试集RMSE: 21.2182, 测试集S分数: 2355.1, 学习率: 0.00200000
第9轮, 训练损失: 16.4299, 验证集RMSE: 15.3186, 验证集S分数: 38637.7, 测试集RMSE: 24.5271, 测试集S分数: 3183.7, 学习率: 0.00200000
第10轮, 训练损失: 16.0938, 验证集RMSE: 16.0399, 验证集S分数: 24509.5, 测试集RMSE: 17.5567, 测试集S分数: 1076.9, 学习率: 0.00200000
第11轮, 训练损失: 15.1089, 验证集RMSE: 15.0523, 验证集S分数: 26747.0, 测试集RMSE: 18.4395, 测试集S分数: 1383.0, 学习率: 0.00020000
第12轮, 训练损失: 15.0593, 验证集RMSE: 15.3885, 验证集S分数: 25472.8, 测试集RMSE: 18.2754, 测试集S分数: 1272.3, 学习率: 0.00020000
第13轮, 训练损失: 14.9842, 验证集RMSE: 15.7521, 验证集S分数: 26703.4, 测试集RMSE: 17.7366, 测试集S分数: 1253.7, 学习率: 0.00020000
第14轮, 训练损失: 14.9451, 验证集RMSE: 14.7626, 验证集S分数: 26130.1, 测试集RMSE: 18.2017, 测试集S分数: 1299.2, 学习率: 0.00020000
第15轮, 训练损失: 14.8810, 验证集RMSE: 14.6661, 验证集S分数: 27586.7, 测试集RMSE: 18.5853, 测试集S分数: 1393.2, 学习率: 0.00020000
第16轮, 训练损失: 14.8752, 验证集RMSE: 14.8727, 验证集S分数: 27235.3, 测试集RMSE: 17.8235, 测试集S分数: 1300.6, 学习率: 0.00020000
第17轮, 训练损失: 14.8274, 验证集RMSE: 15.0799, 验证集S分数: 25220.6, 测试集RMSE: 17.1409, 测试集S分数: 1139.1, 学习率: 0.00020000
第18轮, 训练损失: 14.7188, 验证集RMSE: 14.7010, 验证集S分数: 27078.2, 测试集RMSE: 17.5955, 测试集S分数: 1263.7, 学习率: 0.00020000
第19轮, 训练损失: 14.6048, 验证集RMSE: 15.1256, 验证集S分数: 24956.7, 测试集RMSE: 17.0457, 测试集S分数: 1080.1, 学习率: 0.00020000
第20轮, 训练损失: 14.6237, 验证集RMSE: 14.6491, 验证集S分数: 24705.5, 测试集RMSE: 17.4386, 测试集S分数: 1119.3, 学习率: 0.00020000
第21轮, 训练损失: 14.4844, 验证集RMSE: 14.2541, 验证集S分数: 26184.1, 测试集RMSE: 17.8101, 测试集S分数: 1240.5, 学习率: 0.00002000
第22轮, 训练损失: 14.5374, 验证集RMSE: 14.2167, 验证集S分数: 26090.9, 测试集RMSE: 17.8020, 测试集S分数: 1248.4, 学习率: 0.00002000
第23轮, 训练损失: 14.5568, 验证集RMSE: 14.1190, 验证集S分数: 26134.6, 测试集RMSE: 17.9179, 测试集S分数: 1272.9, 学习率: 0.00002000
第24轮, 训练损失: 14.5449, 验证集RMSE: 14.3182, 验证集S分数: 26441.5, 测试集RMSE: 17.8934, 测试集S分数: 1277.7, 学习率: 0.00002000
第25轮, 训练损失: 14.5865, 验证集RMSE: 14.2468, 验证集S分数: 25969.8, 测试集RMSE: 17.7753, 测试集S分数: 1251.2, 学习率: 0.00002000
第26轮, 训练损失: 14.4860, 验证集RMSE: 14.2338, 验证集S分数: 26398.9, 测试集RMSE: 17.8702, 测试集S分数: 1272.3, 学习率: 0.00002000
第27轮, 训练损失: 14.4949, 验证集RMSE: 14.0806, 验证集S分数: 26388.4, 测试集RMSE: 17.8679, 测试集S分数: 1278.7, 学习率: 0.00002000
第28轮, 训练损失: 14.5686, 验证集RMSE: 14.2368, 验证集S分数: 25918.5, 测试集RMSE: 17.5547, 测试集S分数: 1223.2, 学习率: 0.00002000
第29轮, 训练损失: 14.4509, 验证集RMSE: 14.1377, 验证集S分数: 26109.4, 测试集RMSE: 17.8644, 测试集S分数: 1265.6, 学习率: 0.00002000
第30轮, 训练损失: 14.4950, 验证集RMSE: 14.2195, 验证集S分数: 25825.4, 测试集RMSE: 17.5919, 测试集S分数: 1224.5, 学习率: 0.00002000
[训练总结] 已恢复第27轮的最佳模型, 验证集RMSE: 14.0806, 验证集S分数: 26388.4, 测试集RMSE: 17.8679, 测试集S分数: 1278.7
[训练耗时] 开始: 2026-04-19 03:13:46, 结束: 2026-04-19 03:15:53, 时长: 0:02:07, 总秒数: 126.54
[自动测试] 命令: /usr/bin/python /CMAPSS-release/scipt/test_model.py --sub-dataset FD003 --smooth-rate 30 --sequence-len 30 --feature-num 14 --dataset-root /CMAPSS-release/CMAPSSData/ --max-rul 125 --batch-size 128 --model-path /CMAPSS-release/logs_GAT_LSTM/model_FD003_0419_031346_seed97.pkl
模型路径:/CMAPSS-release/logs_GAT_LSTM/model_FD003_0419_031346_seed97.pkl
最终RMSE:17.68558692932129, 评分:1231.9368896484375
