-----FD001-----
模型: GAT_LSTM_AEFAOF_model(仅AEF开启)
序列长度: 30
特征维度: 14
批大小: 128
最大训练轮数: 30
随机种子: 2
学习率: 0.002
学习率调度器: step
Step步长(step_size): 10
Step衰减系数(gamma): 0.1
是否启用AEF: 是
是否启用AOF: 否
GAT隐藏层维度: [8, 8, 8]
LSTM隐藏层维度: [8, 8]
GAT Dropout系数: 0.1
GAT LeakyReLU系数(alpha): 0.1
图构建模式: dynamic_topk
节点嵌入维度(embed_dim): 8
Topk邻居数: 7
AEF注意力隐藏维度: 28
AEF/AOF融合方式: concat
是否启用指数平滑: True
平滑系数(smooth_rate): 30
------------------------------
第1轮, 训练损失: 44.3731, 验证集RMSE: 41.8325, 验证集S分数: 357160.8, 测试集RMSE: 40.2482, 测试集S分数: 18074.6, 学习率: 0.00200000
第2轮, 训练损失: 40.3794, 验证集RMSE: 43.8859, 验证集S分数: 140755.9, 测试集RMSE: 36.9666, 测试集S分数: 4057.1, 学习率: 0.00200000
第3轮, 训练损失: 33.0474, 验证集RMSE: 28.8884, 验证集S分数: 213666.5, 测试集RMSE: 30.9215, 测试集S分数: 14828.2, 学习率: 0.00200000
第4轮, 训练损失: 28.9956, 验证集RMSE: 26.9257, 验证集S分数: 93414.5, 测试集RMSE: 27.9267, 测试集S分数: 13653.5, 学习率: 0.00200000
第5轮, 训练损失: 27.9656, 验证集RMSE: 28.1276, 验证集S分数: 231526.6, 测试集RMSE: 31.7513, 测试集S分数: 24526.1, 学习率: 0.00200000
第6轮, 训练损失: 27.4733, 验证集RMSE: 25.5948, 验证集S分数: 48986.5, 测试集RMSE: 26.6924, 测试集S分数: 9579.4, 学习率: 0.00200000
第7轮, 训练损失: 27.1806, 验证集RMSE: 25.0505, 验证集S分数: 41713.9, 测试集RMSE: 26.5904, 测试集S分数: 8605.8, 学习率: 0.00200000
第8轮, 训练损失: 26.6009, 验证集RMSE: 24.8725, 验证集S分数: 28182.2, 测试集RMSE: 25.6047, 测试集S分数: 7453.2, 学习率: 0.00200000
第9轮, 训练损失: 26.0271, 验证集RMSE: 23.4946, 验证集S分数: 28090.5, 测试集RMSE: 25.5293, 测试集S分数: 8574.7, 学习率: 0.00200000
第10轮, 训练损失: 25.1682, 验证集RMSE: 23.2648, 验证集S分数: 26853.0, 测试集RMSE: 25.0317, 测试集S分数: 8451.5, 学习率: 0.00200000
第11轮, 训练损失: 24.3861, 验证集RMSE: 23.1334, 验证集S分数: 23784.8, 测试集RMSE: 24.7147, 测试集S分数: 6573.1, 学习率: 0.00020000
第12轮, 训练损失: 24.2427, 验证集RMSE: 23.0595, 验证集S分数: 23033.8, 测试集RMSE: 24.5266, 测试集S分数: 6120.4, 学习率: 0.00020000
第13轮, 训练损失: 24.1936, 验证集RMSE: 22.8536, 验证集S分数: 22057.1, 测试集RMSE: 24.2453, 测试集S分数: 5525.6, 学习率: 0.00020000
第14轮, 训练损失: 24.0171, 验证集RMSE: 23.1644, 验证集S分数: 21933.1, 测试集RMSE: 24.1020, 测试集S分数: 5416.2, 学习率: 0.00020000
第15轮, 训练损失: 23.7759, 验证集RMSE: 23.0245, 验证集S分数: 22751.0, 测试集RMSE: 24.2550, 测试集S分数: 5492.8, 学习率: 0.00020000
第16轮, 训练损失: 23.8816, 验证集RMSE: 22.7403, 验证集S分数: 20839.6, 测试集RMSE: 23.5473, 测试集S分数: 4367.8, 学习率: 0.00020000
第17轮, 训练损失: 23.7324, 验证集RMSE: 22.4676, 验证集S分数: 23289.3, 测试集RMSE: 24.1907, 测试集S分数: 5584.9, 学习率: 0.00020000
第18轮, 训练损失: 23.5471, 验证集RMSE: 21.7898, 验证集S分数: 25586.3, 测试集RMSE: 24.6621, 测试集S分数: 6343.2, 学习率: 0.00020000
第19轮, 训练损失: 23.5248, 验证集RMSE: 22.3338, 验证集S分数: 23465.2, 测试集RMSE: 24.1576, 测试集S分数: 5486.3, 学习率: 0.00020000
第20轮, 训练损失: 23.2683, 验证集RMSE: 21.8455, 验证集S分数: 24309.2, 测试集RMSE: 24.2333, 测试集S分数: 5675.0, 学习率: 0.00020000
第21轮, 训练损失: 23.2642, 验证集RMSE: 21.8411, 验证集S分数: 23302.7, 测试集RMSE: 23.9832, 测试集S分数: 5238.7, 学习率: 0.00002000
第22轮, 训练损失: 23.2588, 验证集RMSE: 22.1090, 验证集S分数: 23194.0, 测试集RMSE: 23.9802, 测试集S分数: 5213.7, 学习率: 0.00002000
第23轮, 训练损失: 23.2099, 验证集RMSE: 21.9039, 验证集S分数: 23108.0, 测试集RMSE: 23.9636, 测试集S分数: 5181.7, 学习率: 0.00002000
第24轮, 训练损失: 23.2301, 验证集RMSE: 21.7478, 验证集S分数: 22604.9, 测试集RMSE: 23.7958, 测试集S分数: 4979.8, 学习率: 0.00002000
第25轮, 训练损失: 23.2130, 验证集RMSE: 21.8048, 验证集S分数: 22539.4, 测试集RMSE: 23.7942, 测试集S分数: 4969.1, 学习率: 0.00002000
第26轮, 训练损失: 23.2391, 验证集RMSE: 22.1128, 验证集S分数: 22997.5, 测试集RMSE: 23.9710, 测试集S分数: 5188.6, 学习率: 0.00002000
第27轮, 训练损失: 23.1526, 验证集RMSE: 21.8059, 验证集S分数: 22824.9, 测试集RMSE: 23.9003, 测试集S分数: 5132.9, 学习率: 0.00002000
第28轮, 训练损失: 23.1914, 验证集RMSE: 21.9199, 验证集S分数: 22783.1, 测试集RMSE: 23.8916, 测试集S分数: 5124.8, 学习率: 0.00002000
第29轮, 训练损失: 23.2162, 验证集RMSE: 22.1695, 验证集S分数: 23131.0, 测试集RMSE: 24.0194, 测试集S分数: 5275.6, 学习率: 0.00002000
第30轮, 训练损失: 23.2724, 验证集RMSE: 21.5683, 验证集S分数: 22769.5, 测试集RMSE: 23.9109, 测试集S分数: 5133.1, 学习率: 0.00002000
[训练总结] 已恢复第30轮的最佳模型, 验证集RMSE: 21.5683, 验证集S分数: 22769.5, 测试集RMSE: 23.9109, 测试集S分数: 5133.1
[训练耗时] 开始: 2026-04-19 00:56:16, 结束: 2026-04-19 00:58:07, 时长: 0:01:51, 总秒数: 110.78
[自动测试] 命令: /usr/bin/python /CMAPSS-release/scipt/test_model.py --sub-dataset FD001 --smooth-rate 30 --sequence-len 30 --feature-num 14 --dataset-root /CMAPSS-release/CMAPSSData/ --max-rul 125 --batch-size 128 --model-path /CMAPSS-release/logs_GAT_LSTM/model_FD001_0419_005616_seed2.pkl
模型路径:/CMAPSS-release/logs_GAT_LSTM/model_FD001_0419_005616_seed2.pkl
最终RMSE:23.758787155151367, 评分:4862.56787109375
