-----FD001-----
模型: GAT_LSTM_AEFAOF_model(仅AOF开启)
序列长度: 30
特征维度: 14
批大小: 128
最大训练轮数: 30
随机种子: 51
学习率: 0.002
学习率调度器: step
Step步长(step_size): 10
Step衰减系数(gamma): 0.1
是否启用AEF: 否
是否启用AOF: 是
GAT隐藏层维度: [8, 8, 8]
LSTM隐藏层维度: [8, 8]
GAT Dropout系数: 0.1
GAT LeakyReLU系数(alpha): 0.1
图构建模式: dynamic_topk
节点嵌入维度(embed_dim): 8
Topk邻居数: 7
AOF注意力隐藏维度: 4
AEF/AOF融合方式: concat
是否启用指数平滑: True
平滑系数(smooth_rate): 30
------------------------------
第1轮, 训练损失: 42.3770, 验证集RMSE: 41.6664, 验证集S分数: 586217.8, 测试集RMSE: 39.8993, 测试集S分数: 21406.2, 学习率: 0.00200000
第2轮, 训练损失: 38.8485, 验证集RMSE: 31.7508, 验证集S分数: 568011.6, 测试集RMSE: 32.4715, 测试集S分数: 23177.6, 学习率: 0.00200000
第3轮, 训练损失: 28.6975, 验证集RMSE: 27.4489, 验证集S分数: 60415.0, 测试集RMSE: 27.7659, 测试集S分数: 8908.7, 学习率: 0.00200000
第4轮, 训练损失: 25.5830, 验证集RMSE: 25.4791, 验证集S分数: 73796.2, 测试集RMSE: 28.4581, 测试集S分数: 9674.5, 学习率: 0.00200000
第5轮, 训练损失: 24.3200, 验证集RMSE: 24.1480, 验证集S分数: 74047.2, 测试集RMSE: 27.7875, 测试集S分数: 10445.8, 学习率: 0.00200000
第6轮, 训练损失: 23.7681, 验证集RMSE: 22.1010, 验证集S分数: 49522.2, 测试集RMSE: 25.6474, 测试集S分数: 6072.8, 学习率: 0.00200000
第7轮, 训练损失: 23.4472, 验证集RMSE: 29.5133, 验证集S分数: 241028.4, 测试集RMSE: 34.7838, 测试集S分数: 34605.0, 学习率: 0.00200000
第8轮, 训练损失: 23.0722, 验证集RMSE: 22.2679, 验证集S分数: 49557.1, 测试集RMSE: 25.6056, 测试集S分数: 6812.5, 学习率: 0.00200000
第9轮, 训练损失: 22.7536, 验证集RMSE: 21.9892, 验证集S分数: 57788.4, 测试集RMSE: 25.7609, 测试集S分数: 8017.7, 学习率: 0.00200000
第10轮, 训练损失: 22.3309, 验证集RMSE: 21.4749, 验证集S分数: 19279.9, 测试集RMSE: 22.1645, 测试集S分数: 1604.8, 学习率: 0.00200000
第11轮, 训练损失: 21.6122, 验证集RMSE: 20.2811, 验证集S分数: 29896.8, 测试集RMSE: 23.0412, 测试集S分数: 2915.1, 学习率: 0.00020000
第12轮, 训练损失: 21.4445, 验证集RMSE: 21.1465, 验证集S分数: 33945.4, 测试集RMSE: 23.4289, 测试集S分数: 3408.8, 学习率: 0.00020000
第13轮, 训练损失: 21.4110, 验证集RMSE: 21.0734, 验证集S分数: 33813.6, 测试集RMSE: 23.2035, 测试集S分数: 3383.1, 学习率: 0.00020000
第14轮, 训练损失: 21.3707, 验证集RMSE: 21.4393, 验证集S分数: 32213.6, 测试集RMSE: 23.1218, 测试集S分数: 3296.4, 学习率: 0.00020000
第15轮, 训练损失: 21.2968, 验证集RMSE: 20.4860, 验证集S分数: 32273.5, 测试集RMSE: 23.0481, 测试集S分数: 3324.5, 学习率: 0.00020000
第16轮, 训练损失: 21.2306, 验证集RMSE: 20.4842, 验证集S分数: 31515.6, 测试集RMSE: 22.9602, 测试集S分数: 3148.6, 学习率: 0.00020000
第17轮, 训练损失: 21.2034, 验证集RMSE: 21.1575, 验证集S分数: 28495.7, 测试集RMSE: 22.6711, 测试集S分数: 2959.0, 学习率: 0.00020000
第18轮, 训练损失: 21.1250, 验证集RMSE: 21.4564, 验证集S分数: 33425.0, 测试集RMSE: 23.1396, 测试集S分数: 3824.9, 学习率: 0.00020000
第19轮, 训练损失: 21.1462, 验证集RMSE: 20.8494, 验证集S分数: 29876.5, 测试集RMSE: 22.7400, 测试集S分数: 3012.7, 学习率: 0.00020000
第20轮, 训练损失: 21.0489, 验证集RMSE: 21.3002, 验证集S分数: 36537.6, 测试集RMSE: 23.3739, 测试集S分数: 4324.3, 学习率: 0.00020000
第21轮, 训练损失: 21.0199, 验证集RMSE: 20.5840, 验证集S分数: 28730.0, 测试集RMSE: 22.5427, 测试集S分数: 2887.0, 学习率: 0.00002000
第22轮, 训练损失: 20.9872, 验证集RMSE: 20.3235, 验证集S分数: 29065.4, 测试集RMSE: 22.5681, 测试集S分数: 2959.9, 学习率: 0.00002000
第23轮, 训练损失: 21.0072, 验证集RMSE: 20.8919, 验证集S分数: 28142.9, 测试集RMSE: 22.4806, 测试集S分数: 2797.2, 学习率: 0.00002000
第24轮, 训练损失: 20.9882, 验证集RMSE: 20.6228, 验证集S分数: 30793.5, 测试集RMSE: 22.7662, 测试集S分数: 3263.5, 学习率: 0.00002000
第25轮, 训练损失: 20.9975, 验证集RMSE: 20.4847, 验证集S分数: 29757.6, 测试集RMSE: 22.6525, 测试集S分数: 3070.7, 学习率: 0.00002000
第26轮, 训练损失: 21.0060, 验证集RMSE: 20.5228, 验证集S分数: 29125.8, 测试集RMSE: 22.5765, 测试集S分数: 2977.5, 学习率: 0.00002000
第27轮, 训练损失: 20.9698, 验证集RMSE: 20.6583, 验证集S分数: 30281.8, 测试集RMSE: 22.6905, 测试集S分数: 3169.3, 学习率: 0.00002000
第28轮, 训练损失: 21.0357, 验证集RMSE: 20.7458, 验证集S分数: 31692.1, 测试集RMSE: 22.8338, 测试集S分数: 3429.8, 学习率: 0.00002000
第29轮, 训练损失: 21.0011, 验证集RMSE: 20.9914, 验证集S分数: 29328.9, 测试集RMSE: 22.5687, 测试集S分数: 3003.0, 学习率: 0.00002000
第30轮, 训练损失: 20.9391, 验证集RMSE: 21.2210, 验证集S分数: 29162.5, 测试集RMSE: 22.5612, 测试集S分数: 2963.0, 学习率: 0.00002000
[训练总结] 已恢复第11轮的最佳模型, 验证集RMSE: 20.2811, 验证集S分数: 29896.8, 测试集RMSE: 23.0412, 测试集S分数: 2915.1
[训练耗时] 开始: 2026-04-19 01:27:05, 结束: 2026-04-19 01:28:49, 时长: 0:01:44, 总秒数: 104.06
[自动测试] 命令: /usr/bin/python /CMAPSS-release/scipt/test_model.py --sub-dataset FD001 --smooth-rate 30 --sequence-len 30 --feature-num 14 --dataset-root /CMAPSS-release/CMAPSSData/ --max-rul 125 --batch-size 128 --model-path /CMAPSS-release/logs_GAT_LSTM/model_FD001_0419_012705_seed51.pkl
模型路径:/CMAPSS-release/logs_GAT_LSTM/model_FD001_0419_012705_seed51.pkl
最终RMSE:22.876407623291016, 评分:2783.29296875
