-----FD003-----
模型: GAT_LSTM_model(AEF与AOF均关闭)
序列长度: 30
特征维度: 14
批大小: 128
最大训练轮数: 30
随机种子: 80
学习率: 0.002
学习率调度器: step
Step步长(step_size): 10
Step衰减系数(gamma): 0.1
是否启用AEF: 否
是否启用AOF: 否
GAT隐藏层维度: [8, 8, 8]
LSTM隐藏层维度: [8, 8]
GAT Dropout系数: 0.1
GAT LeakyReLU系数(alpha): 0.1
图构建模式: path
节点嵌入维度(embed_dim): 8
Topk邻居数: 7
是否启用指数平滑: True
平滑系数(smooth_rate): 30
------------------------------
第1轮, 训练损失: 40.2650, 验证集RMSE: 28.1237, 验证集S分数: 457642.4, 测试集RMSE: 34.9289, 测试集S分数: 27327.4, 学习率: 0.00200000
第2轮, 训练损失: 27.2731, 验证集RMSE: 20.7799, 验证集S分数: 30564.7, 测试集RMSE: 20.2161, 测试集S分数: 2552.8, 学习率: 0.00200000
第3轮, 训练损失: 20.8073, 验证集RMSE: 15.1687, 验证集S分数: 20026.4, 测试集RMSE: 20.3814, 测试集S分数: 3739.4, 学习率: 0.00200000
第4轮, 训练损失: 19.2238, 验证集RMSE: 14.4650, 验证集S分数: 28039.3, 测试集RMSE: 22.6642, 测试集S分数: 5958.5, 学习率: 0.00200000
第5轮, 训练损失: 18.1418, 验证集RMSE: 14.0941, 验证集S分数: 20076.2, 测试集RMSE: 19.7835, 测试集S分数: 3598.1, 学习率: 0.00200000
第6轮, 训练损失: 17.5074, 验证集RMSE: 13.4598, 验证集S分数: 19446.4, 测试集RMSE: 17.8088, 测试集S分数: 2833.0, 学习率: 0.00200000
第7轮, 训练损失: 17.0172, 验证集RMSE: 15.7086, 验证集S分数: 34604.4, 测试集RMSE: 21.0878, 测试集S分数: 6239.8, 学习率: 0.00200000
第8轮, 训练损失: 16.5635, 验证集RMSE: 14.2737, 验证集S分数: 17031.0, 测试集RMSE: 17.8368, 测试集S分数: 2298.6, 学习率: 0.00200000
第9轮, 训练损失: 16.2352, 验证集RMSE: 15.2059, 验证集S分数: 31424.3, 测试集RMSE: 20.8030, 测试集S分数: 2884.1, 学习率: 0.00200000
第10轮, 训练损失: 15.9898, 验证集RMSE: 12.6540, 验证集S分数: 32907.8, 测试集RMSE: 20.0686, 测试集S分数: 3464.5, 学习率: 0.00200000
第11轮, 训练损失: 14.7828, 验证集RMSE: 12.7749, 验证集S分数: 20998.0, 测试集RMSE: 17.1943, 测试集S分数: 1831.9, 学习率: 0.00020000
第12轮, 训练损失: 14.7377, 验证集RMSE: 12.9604, 验证集S分数: 22194.8, 测试集RMSE: 17.4481, 测试集S分数: 1940.5, 学习率: 0.00020000
第13轮, 训练损失: 14.6285, 验证集RMSE: 13.1335, 验证集S分数: 19894.6, 测试集RMSE: 16.6025, 测试集S分数: 1518.9, 学习率: 0.00020000
第14轮, 训练损失: 14.6045, 验证集RMSE: 12.9059, 验证集S分数: 21431.1, 测试集RMSE: 16.9798, 测试集S分数: 1617.6, 学习率: 0.00020000
第15轮, 训练损失: 14.6028, 验证集RMSE: 12.7923, 验证集S分数: 23225.7, 测试集RMSE: 17.1930, 测试集S分数: 1710.5, 学习率: 0.00020000
第16轮, 训练损失: 14.5677, 验证集RMSE: 12.8084, 验证集S分数: 22708.5, 测试集RMSE: 17.2253, 测试集S分数: 1637.2, 学习率: 0.00020000
第17轮, 训练损失: 14.5285, 验证集RMSE: 12.9656, 验证集S分数: 22343.9, 测试集RMSE: 17.0300, 测试集S分数: 1561.5, 学习率: 0.00020000
第18轮, 训练损失: 14.5200, 验证集RMSE: 13.4531, 验证集S分数: 19951.9, 测试集RMSE: 16.6597, 测试集S分数: 1323.7, 学习率: 0.00020000
第19轮, 训练损失: 14.4641, 验证集RMSE: 13.0234, 验证集S分数: 22311.6, 测试集RMSE: 16.7925, 测试集S分数: 1442.6, 学习率: 0.00020000
第20轮, 训练损失: 14.3559, 验证集RMSE: 12.9677, 验证集S分数: 22256.9, 测试集RMSE: 16.7889, 测试集S分数: 1384.4, 学习率: 0.00020000
第21轮, 训练损失: 14.3652, 验证集RMSE: 12.9163, 验证集S分数: 22323.7, 测试集RMSE: 16.9196, 测试集S分数: 1398.7, 学习率: 0.00002000
第22轮, 训练损失: 14.2866, 验证集RMSE: 13.0233, 验证集S分数: 22032.6, 测试集RMSE: 16.8089, 测试集S分数: 1374.8, 学习率: 0.00002000
第23轮, 训练损失: 14.3240, 验证集RMSE: 13.0057, 验证集S分数: 22367.6, 测试集RMSE: 16.8650, 测试集S分数: 1396.9, 学习率: 0.00002000
第24轮, 训练损失: 14.2599, 验证集RMSE: 12.9207, 验证集S分数: 22765.2, 测试集RMSE: 16.9704, 测试集S分数: 1429.1, 学习率: 0.00002000
第25轮, 训练损失: 14.2886, 验证集RMSE: 13.0966, 验证集S分数: 21478.6, 测试集RMSE: 16.6095, 测试集S分数: 1312.7, 学习率: 0.00002000
第26轮, 训练损失: 14.2768, 验证集RMSE: 12.7861, 验证集S分数: 22867.5, 测试集RMSE: 16.9417, 测试集S分数: 1426.0, 学习率: 0.00002000
第27轮, 训练损失: 14.3017, 验证集RMSE: 13.1044, 验证集S分数: 22400.3, 测试集RMSE: 16.8823, 测试集S分数: 1392.2, 学习率: 0.00002000
第28轮, 训练损失: 14.3207, 验证集RMSE: 13.0578, 验证集S分数: 22182.6, 测试集RMSE: 16.8521, 测试集S分数: 1373.0, 学习率: 0.00002000
第29轮, 训练损失: 14.2929, 验证集RMSE: 12.9267, 验证集S分数: 22684.6, 测试集RMSE: 16.9194, 测试集S分数: 1406.5, 学习率: 0.00002000
第30轮, 训练损失: 14.2523, 验证集RMSE: 13.0437, 验证集S分数: 22627.2, 测试集RMSE: 16.8639, 测试集S分数: 1397.5, 学习率: 0.00002000
[训练总结] 已恢复第10轮的最佳模型, 验证集RMSE: 12.6540, 验证集S分数: 32907.8, 测试集RMSE: 20.0686, 测试集S分数: 3464.5
[训练耗时] 开始: 2026-04-19 03:54:57, 结束: 2026-04-19 03:56:45, 时长: 0:01:48, 总秒数: 107.74
[自动测试] 命令: /usr/bin/python /CMAPSS-release/scipt/test_model.py --sub-dataset FD003 --smooth-rate 30 --sequence-len 30 --feature-num 14 --dataset-root /CMAPSS-release/CMAPSSData/ --max-rul 125 --batch-size 128 --model-path /CMAPSS-release/logs_GAT_LSTM/model_FD003_0419_035457_seed80.pkl
模型路径:/CMAPSS-release/logs_GAT_LSTM/model_FD003_0419_035457_seed80.pkl
最终RMSE:19.775741577148438, 评分:3363.18798828125
