-----FD003-----
模型: GAT_LSTM_AEFAOF_model(AEF与AOF均开启)
序列长度: 30
特征维度: 14
批大小: 128
最大训练轮数: 30
随机种子: 30
学习率: 0.002
学习率调度器: step
Step步长(step_size): 10
Step衰减系数(gamma): 0.1
是否启用AEF: 是
是否启用AOF: 是
GAT隐藏层维度: [8, 8, 8]
LSTM隐藏层维度: [8, 8]
GAT Dropout系数: 0.1
GAT LeakyReLU系数(alpha): 0.1
图构建模式: dynamic_topk
节点嵌入维度(embed_dim): 8
Topk邻居数: 7
AOF注意力隐藏维度: 4
AEF注意力隐藏维度: 28
AEF/AOF融合方式: concat
是否启用指数平滑: True
平滑系数(smooth_rate): 30
------------------------------
第1轮, 训练损失: 38.0716, 验证集RMSE: 23.1155, 验证集S分数: 42525.4, 测试集RMSE: 25.5418, 测试集S分数: 3037.5, 学习率: 0.00200000
第2轮, 训练损失: 24.3478, 验证集RMSE: 21.6384, 验证集S分数: 154227.7, 测试集RMSE: 32.1344, 测试集S分数: 13409.0, 学习率: 0.00200000
第3轮, 训练损失: 22.2018, 验证集RMSE: 20.7994, 验证集S分数: 37892.6, 测试集RMSE: 22.5505, 测试集S分数: 2805.5, 学习率: 0.00200000
第4轮, 训练损失: 20.6319, 验证集RMSE: 19.1005, 验证集S分数: 32048.1, 测试集RMSE: 21.7994, 测试集S分数: 2977.7, 学习率: 0.00200000
第5轮, 训练损失: 19.1575, 验证集RMSE: 16.6734, 验证集S分数: 35644.9, 测试集RMSE: 25.2421, 测试集S分数: 4877.7, 学习率: 0.00200000
第6轮, 训练损失: 18.2956, 验证集RMSE: 17.4018, 验证集S分数: 32123.8, 测试集RMSE: 20.6797, 测试集S分数: 2620.5, 学习率: 0.00200000
第7轮, 训练损失: 17.4221, 验证集RMSE: 16.2913, 验证集S分数: 24922.4, 测试集RMSE: 20.2559, 测试集S分数: 2259.6, 学习率: 0.00200000
第8轮, 训练损失: 17.0589, 验证集RMSE: 16.0405, 验证集S分数: 38213.5, 测试集RMSE: 25.0241, 测试集S分数: 4520.4, 学习率: 0.00200000
第9轮, 训练损失: 16.6669, 验证集RMSE: 15.2758, 验证集S分数: 31214.0, 测试集RMSE: 22.3632, 测试集S分数: 2997.2, 学习率: 0.00200000
第10轮, 训练损失: 16.3292, 验证集RMSE: 16.4909, 验证集S分数: 21019.7, 测试集RMSE: 19.4506, 测试集S分数: 1654.2, 学习率: 0.00200000
第11轮, 训练损失: 15.7034, 验证集RMSE: 15.9270, 验证集S分数: 23938.6, 测试集RMSE: 19.2142, 测试集S分数: 1846.9, 学习率: 0.00020000
第12轮, 训练损失: 15.6837, 验证集RMSE: 15.6331, 验证集S分数: 25791.2, 测试集RMSE: 19.7677, 测试集S分数: 2042.9, 学习率: 0.00020000
第13轮, 训练损失: 15.6656, 验证集RMSE: 15.4667, 验证集S分数: 26407.8, 测试集RMSE: 20.0832, 测试集S分数: 2118.0, 学习率: 0.00020000
第14轮, 训练损失: 15.6075, 验证集RMSE: 15.5920, 验证集S分数: 25241.3, 测试集RMSE: 19.5608, 测试集S分数: 1982.1, 学习率: 0.00020000
第15轮, 训练损失: 15.5976, 验证集RMSE: 15.6068, 验证集S分数: 26655.6, 测试集RMSE: 19.9435, 测试集S分数: 2162.3, 学习率: 0.00020000
第16轮, 训练损失: 15.6258, 验证集RMSE: 15.7734, 验证集S分数: 25141.3, 测试集RMSE: 19.4700, 测试集S分数: 1951.1, 学习率: 0.00020000
第17轮, 训练损失: 15.5745, 验证集RMSE: 15.8596, 验证集S分数: 23981.2, 测试集RMSE: 19.5421, 测试集S分数: 1865.3, 学习率: 0.00020000
第18轮, 训练损失: 15.5318, 验证集RMSE: 15.9150, 验证集S分数: 24306.3, 测试集RMSE: 19.3834, 测试集S分数: 1893.0, 学习率: 0.00020000
第19轮, 训练损失: 15.4602, 验证集RMSE: 15.7768, 验证集S分数: 24626.4, 测试集RMSE: 19.1841, 测试集S分数: 1952.6, 学习率: 0.00020000
第20轮, 训练损失: 15.4358, 验证集RMSE: 15.4235, 验证集S分数: 28846.3, 测试集RMSE: 20.7738, 测试集S分数: 2484.0, 学习率: 0.00020000
第21轮, 训练损失: 15.4446, 验证集RMSE: 15.7783, 验证集S分数: 24942.1, 测试集RMSE: 19.7164, 测试集S分数: 2049.2, 学习率: 0.00002000
第22轮, 训练损失: 15.4399, 验证集RMSE: 15.8479, 验证集S分数: 24589.5, 测试集RMSE: 19.6436, 测试集S分数: 2016.5, 学习率: 0.00002000
第23轮, 训练损失: 15.5241, 验证集RMSE: 15.7086, 验证集S分数: 25168.7, 测试集RMSE: 19.7693, 测试集S分数: 2069.6, 学习率: 0.00002000
第24轮, 训练损失: 15.4536, 验证集RMSE: 15.6883, 验证集S分数: 25166.0, 测试集RMSE: 19.8116, 测试集S分数: 2069.6, 学习率: 0.00002000
第25轮, 训练损失: 15.4307, 验证集RMSE: 15.7112, 验证集S分数: 25134.9, 测试集RMSE: 19.6952, 测试集S分数: 2048.4, 学习率: 0.00002000
第26轮, 训练损失: 15.4714, 验证集RMSE: 15.7109, 验证集S分数: 24619.2, 测试集RMSE: 19.5544, 测试集S分数: 2001.4, 学习率: 0.00002000
第27轮, 训练损失: 15.4307, 验证集RMSE: 15.6582, 验证集S分数: 25199.4, 测试集RMSE: 19.7769, 测试集S分数: 2069.5, 学习率: 0.00002000
第28轮, 训练损失: 15.3823, 验证集RMSE: 15.6265, 验证集S分数: 25056.5, 测试集RMSE: 19.7345, 测试集S分数: 2050.1, 学习率: 0.00002000
第29轮, 训练损失: 15.4545, 验证集RMSE: 15.7529, 验证集S分数: 25174.9, 测试集RMSE: 19.7641, 测试集S分数: 2069.5, 学习率: 0.00002000
第30轮, 训练损失: 15.4576, 验证集RMSE: 15.5670, 验证集S分数: 24805.3, 测试集RMSE: 19.6266, 测试集S分数: 2017.9, 学习率: 0.00002000
[训练总结] 已恢复第9轮的最佳模型, 验证集RMSE: 15.2758, 验证集S分数: 31214.0, 测试集RMSE: 22.3632, 测试集S分数: 2997.2
[训练耗时] 开始: 2026-04-19 02:05:34, 结束: 2026-04-19 02:07:52, 时长: 0:02:19, 总秒数: 138.72
[自动测试] 命令: /usr/bin/python /CMAPSS-release/scipt/test_model.py --sub-dataset FD003 --smooth-rate 30 --sequence-len 30 --feature-num 14 --dataset-root /CMAPSS-release/CMAPSSData/ --max-rul 125 --batch-size 128 --model-path /CMAPSS-release/logs_GAT_LSTM/model_FD003_0419_020534_seed30.pkl
模型路径:/CMAPSS-release/logs_GAT_LSTM/model_FD003_0419_020534_seed30.pkl
最终RMSE:22.071928024291992, 评分:2892.447998046875
