-----FD003-----
模型: GAT_LSTM_AEFAOF_model(AEF与AOF均开启)
序列长度: 30
特征维度: 14
批大小: 128
最大训练轮数: 30
随机种子: 97
学习率: 0.002
学习率调度器: step
Step步长(step_size): 10
Step衰减系数(gamma): 0.1
是否启用AEF: 是
是否启用AOF: 是
GAT隐藏层维度: [8, 8, 8]
LSTM隐藏层维度: [8, 8]
GAT Dropout系数: 0.1
GAT LeakyReLU系数(alpha): 0.1
图构建模式: path
节点嵌入维度(embed_dim): 8
Topk邻居数: 7
AOF注意力隐藏维度: 4
AEF注意力隐藏维度: 28
AEF/AOF融合方式: concat
是否启用指数平滑: True
平滑系数(smooth_rate): 30
------------------------------
第1轮, 训练损失: 43.4337, 验证集RMSE: 32.2455, 验证集S分数: 407131.1, 测试集RMSE: 33.6125, 测试集S分数: 17019.7, 学习率: 0.00200000
第2轮, 训练损失: 37.0554, 验证集RMSE: 30.1233, 验证集S分数: 520392.9, 测试集RMSE: 34.6989, 测试集S分数: 23990.9, 学习率: 0.00200000
第3轮, 训练损失: 32.5293, 验证集RMSE: 16.7811, 验证集S分数: 51231.7, 测试集RMSE: 23.6022, 测试集S分数: 5125.6, 学习率: 0.00200000
第4轮, 训练损失: 24.6027, 验证集RMSE: 21.1210, 验证集S分数: 38143.4, 测试集RMSE: 23.7677, 测试集S分数: 3838.8, 学习率: 0.00200000
第5轮, 训练损失: 20.3585, 验证集RMSE: 16.5629, 验证集S分数: 25747.5, 测试集RMSE: 26.1917, 测试集S分数: 4441.3, 学习率: 0.00200000
第6轮, 训练损失: 18.1846, 验证集RMSE: 14.8156, 验证集S分数: 20487.0, 测试集RMSE: 20.2438, 测试集S分数: 4100.4, 学习率: 0.00200000
第7轮, 训练损失: 17.1073, 验证集RMSE: 13.6746, 验证集S分数: 23754.2, 测试集RMSE: 21.8423, 测试集S分数: 4598.2, 学习率: 0.00200000
第8轮, 训练损失: 16.8235, 验证集RMSE: 15.3446, 验证集S分数: 19553.8, 测试集RMSE: 18.3330, 测试集S分数: 3456.0, 学习率: 0.00200000
第9轮, 训练损失: 16.2789, 验证集RMSE: 13.9353, 验证集S分数: 17745.0, 测试集RMSE: 17.8969, 测试集S分数: 2394.5, 学习率: 0.00200000
第10轮, 训练损失: 15.9979, 验证集RMSE: 14.0418, 验证集S分数: 18056.3, 测试集RMSE: 17.3328, 测试集S分数: 2493.3, 学习率: 0.00200000
第11轮, 训练损失: 15.3400, 验证集RMSE: 13.6980, 验证集S分数: 18578.0, 测试集RMSE: 17.9087, 测试集S分数: 2244.9, 学习率: 0.00020000
第12轮, 训练损失: 15.1705, 验证集RMSE: 13.6413, 验证集S分数: 20302.3, 测试集RMSE: 18.3704, 测试集S分数: 2629.3, 学习率: 0.00020000
第13轮, 训练损失: 15.0455, 验证集RMSE: 13.5215, 验证集S分数: 19768.9, 测试集RMSE: 17.9865, 测试集S分数: 2379.2, 学习率: 0.00020000
第14轮, 训练损失: 14.9794, 验证集RMSE: 13.9429, 验证集S分数: 18862.1, 测试集RMSE: 17.2909, 测试集S分数: 1972.3, 学习率: 0.00020000
第15轮, 训练损失: 14.9948, 验证集RMSE: 13.6930, 验证集S分数: 20131.6, 测试集RMSE: 17.7711, 测试集S分数: 2124.6, 学习率: 0.00020000
第16轮, 训练损失: 14.7499, 验证集RMSE: 13.4460, 验证集S分数: 21543.1, 测试集RMSE: 18.2174, 测试集S分数: 2217.0, 学习率: 0.00020000
第17轮, 训练损失: 14.8189, 验证集RMSE: 13.5438, 验证集S分数: 20516.4, 测试集RMSE: 18.0201, 测试集S分数: 2175.0, 学习率: 0.00020000
第18轮, 训练损失: 14.7444, 验证集RMSE: 13.8345, 验证集S分数: 18928.5, 测试集RMSE: 17.2768, 测试集S分数: 1942.4, 学习率: 0.00020000
第19轮, 训练损失: 14.7075, 验证集RMSE: 13.4358, 验证集S分数: 20217.0, 测试集RMSE: 17.6004, 测试集S分数: 1816.4, 学习率: 0.00020000
第20轮, 训练损失: 14.5591, 验证集RMSE: 13.6723, 验证集S分数: 20619.6, 测试集RMSE: 17.6554, 测试集S分数: 1914.8, 学习率: 0.00020000
第21轮, 训练损失: 14.4635, 验证集RMSE: 13.6873, 验证集S分数: 20516.0, 测试集RMSE: 17.2896, 测试集S分数: 1850.1, 学习率: 0.00002000
第22轮, 训练损失: 14.5337, 验证集RMSE: 13.5920, 验证集S分数: 20381.8, 测试集RMSE: 17.2387, 测试集S分数: 1837.1, 学习率: 0.00002000
第23轮, 训练损失: 14.4553, 验证集RMSE: 13.6233, 验证集S分数: 20394.1, 测试集RMSE: 17.1260, 测试集S分数: 1807.7, 学习率: 0.00002000
第24轮, 训练损失: 14.5250, 验证集RMSE: 13.6802, 验证集S分数: 20159.9, 测试集RMSE: 17.0149, 测试集S分数: 1729.5, 学习率: 0.00002000
第25轮, 训练损失: 14.4107, 验证集RMSE: 13.6066, 验证集S分数: 20457.5, 测试集RMSE: 17.1222, 测试集S分数: 1803.9, 学习率: 0.00002000
第26轮, 训练损失: 14.4853, 验证集RMSE: 13.5991, 验证集S分数: 20202.0, 测试集RMSE: 17.0496, 测试集S分数: 1734.4, 学习率: 0.00002000
第27轮, 训练损失: 14.4460, 验证集RMSE: 13.7216, 验证集S分数: 20348.5, 测试集RMSE: 17.0751, 测试集S分数: 1792.6, 学习率: 0.00002000
第28轮, 训练损失: 14.5253, 验证集RMSE: 13.5923, 验证集S分数: 20672.1, 测试集RMSE: 17.2435, 测试集S分数: 1811.2, 学习率: 0.00002000
第29轮, 训练损失: 14.4307, 验证集RMSE: 13.5728, 验证集S分数: 20579.1, 测试集RMSE: 17.1770, 测试集S分数: 1758.2, 学习率: 0.00002000
第30轮, 训练损失: 14.3841, 验证集RMSE: 13.6268, 验证集S分数: 20464.1, 测试集RMSE: 17.0575, 测试集S分数: 1760.5, 学习率: 0.00002000
[训练总结] 已恢复第19轮的最佳模型, 验证集RMSE: 13.4358, 验证集S分数: 20217.0, 测试集RMSE: 17.6004, 测试集S分数: 1816.4
[训练耗时] 开始: 2026-04-19 02:48:45, 结束: 2026-04-19 02:51:01, 时长: 0:02:16, 总秒数: 135.79
[自动测试] 命令: /usr/bin/python /CMAPSS-release/scipt/test_model.py --sub-dataset FD003 --smooth-rate 30 --sequence-len 30 --feature-num 14 --dataset-root /CMAPSS-release/CMAPSSData/ --max-rul 125 --batch-size 128 --model-path /CMAPSS-release/logs_GAT_LSTM/model_FD003_0419_024845_seed97.pkl
模型路径:/CMAPSS-release/logs_GAT_LSTM/model_FD003_0419_024845_seed97.pkl
最终RMSE:17.394826889038086, 评分:1742.6796875
