-----FD001-----
模型: GAT_LSTM_AEFAOF_model(AEF与AOF均开启)
序列长度: 30
特征维度: 14
批大小: 128
最大训练轮数: 30
随机种子: 88
学习率: 0.002
学习率调度器: step
Step步长(step_size): 10
Step衰减系数(gamma): 0.1
是否启用AEF: 是
是否启用AOF: 是
GAT隐藏层维度: [8, 8, 8]
LSTM隐藏层维度: [8, 8]
GAT Dropout系数: 0.1
GAT LeakyReLU系数(alpha): 0.1
图构建模式: path
节点嵌入维度(embed_dim): 8
Topk邻居数: 7
AOF注意力隐藏维度: 4
AEF注意力隐藏维度: 28
AEF/AOF融合方式: concat
是否启用指数平滑: True
平滑系数(smooth_rate): 30
------------------------------
第1轮, 训练损失: 44.0832, 验证集RMSE: 41.6571, 验证集S分数: 392665.8, 测试集RMSE: 40.7073, 测试集S分数: 20451.2, 学习率: 0.00200000
第2轮, 训练损失: 38.0531, 验证集RMSE: 23.5568, 验证集S分数: 29164.8, 测试集RMSE: 23.7058, 测试集S分数: 1884.2, 学习率: 0.00200000
第3轮, 训练损失: 23.0902, 验证集RMSE: 18.6966, 验证集S分数: 18257.7, 测试集RMSE: 18.9482, 测试集S分数: 772.2, 学习率: 0.00200000
第4轮, 训练损失: 18.7415, 验证集RMSE: 22.2763, 验证集S分数: 139758.6, 测试集RMSE: 20.8546, 测试集S分数: 2378.2, 学习率: 0.00200000
第5轮, 训练损失: 18.2512, 验证集RMSE: 20.6672, 验证集S分数: 13473.6, 测试集RMSE: 21.3647, 测试集S分数: 799.3, 学习率: 0.00200000
第6轮, 训练损失: 17.8809, 验证集RMSE: 17.9845, 验证集S分数: 20101.0, 测试集RMSE: 16.9623, 测试集S分数: 575.2, 学习率: 0.00200000
第7轮, 训练损失: 17.8094, 验证集RMSE: 18.1652, 验证集S分数: 11818.6, 测试集RMSE: 18.1973, 测试集S分数: 569.3, 学习率: 0.00200000
第8轮, 训练损失: 17.5548, 验证集RMSE: 19.2518, 验证集S分数: 39511.1, 测试集RMSE: 18.0234, 测试集S分数: 1142.9, 学习率: 0.00200000
第9轮, 训练损失: 17.4062, 验证集RMSE: 17.7158, 验证集S分数: 14838.6, 测试集RMSE: 16.8189, 测试集S分数: 596.8, 学习率: 0.00200000
第10轮, 训练损失: 17.3645, 验证集RMSE: 16.7574, 验证集S分数: 11290.9, 测试集RMSE: 17.0800, 测试集S分数: 591.1, 学习率: 0.00200000
第11轮, 训练损失: 16.8218, 验证集RMSE: 17.3253, 验证集S分数: 10889.6, 测试集RMSE: 17.1113, 测试集S分数: 572.5, 学习率: 0.00020000
第12轮, 训练损失: 16.8499, 验证集RMSE: 16.5778, 验证集S分数: 10596.8, 测试集RMSE: 17.5006, 测试集S分数: 604.9, 学习率: 0.00020000
第13轮, 训练损失: 16.8003, 验证集RMSE: 16.7426, 验证集S分数: 10798.5, 测试集RMSE: 17.1334, 测试集S分数: 590.7, 学习率: 0.00020000
第14轮, 训练损失: 16.8255, 验证集RMSE: 16.9345, 验证集S分数: 10827.6, 测试集RMSE: 16.9704, 测试集S分数: 581.4, 学习率: 0.00020000
第15轮, 训练损失: 16.7249, 验证集RMSE: 16.8907, 验证集S分数: 10915.4, 测试集RMSE: 17.0701, 测试集S分数: 611.6, 学习率: 0.00020000
第16轮, 训练损失: 16.7118, 验证集RMSE: 16.9917, 验证集S分数: 10323.8, 测试集RMSE: 17.0824, 测试集S分数: 580.0, 学习率: 0.00020000
第17轮, 训练损失: 16.7711, 验证集RMSE: 17.1269, 验证集S分数: 10302.1, 测试集RMSE: 17.2452, 测试集S分数: 602.3, 学习率: 0.00020000
第18轮, 训练损失: 16.7123, 验证集RMSE: 16.7629, 验证集S分数: 10486.6, 测试集RMSE: 16.9868, 测试集S分数: 594.3, 学习率: 0.00020000
第19轮, 训练损失: 16.7344, 验证集RMSE: 16.6999, 验证集S分数: 9885.5, 测试集RMSE: 17.1712, 测试集S分数: 584.0, 学习率: 0.00020000
第20轮, 训练损失: 16.7261, 验证集RMSE: 17.0116, 验证集S分数: 10687.4, 测试集RMSE: 16.8662, 测试集S分数: 595.4, 学习率: 0.00020000
第21轮, 训练损失: 16.6492, 验证集RMSE: 16.9481, 验证集S分数: 10243.4, 测试集RMSE: 16.9917, 测试集S分数: 588.2, 学习率: 0.00002000
第22轮, 训练损失: 16.7074, 验证集RMSE: 16.4117, 验证集S分数: 10177.2, 测试集RMSE: 17.0282, 测试集S分数: 589.3, 学习率: 0.00002000
第23轮, 训练损失: 16.6696, 验证集RMSE: 17.0239, 验证集S分数: 10252.2, 测试集RMSE: 17.0115, 测试集S分数: 594.6, 学习率: 0.00002000
第24轮, 训练损失: 16.6788, 验证集RMSE: 16.5816, 验证集S分数: 10206.8, 测试集RMSE: 17.0359, 测试集S分数: 593.9, 学习率: 0.00002000
第25轮, 训练损失: 16.7083, 验证集RMSE: 16.5509, 验证集S分数: 10138.1, 测试集RMSE: 17.0644, 测试集S分数: 592.4, 学习率: 0.00002000
第26轮, 训练损失: 16.6555, 验证集RMSE: 16.4058, 验证集S分数: 10347.0, 测试集RMSE: 16.9692, 测试集S分数: 594.6, 学习率: 0.00002000
第27轮, 训练损失: 16.6210, 验证集RMSE: 16.4347, 验证集S分数: 10176.5, 测试集RMSE: 17.0184, 测试集S分数: 591.9, 学习率: 0.00002000
第28轮, 训练损失: 16.6957, 验证集RMSE: 16.3934, 验证集S分数: 10031.7, 测试集RMSE: 17.0510, 测试集S分数: 587.7, 学习率: 0.00002000
第29轮, 训练损失: 16.6634, 验证集RMSE: 16.8082, 验证集S分数: 10080.8, 测试集RMSE: 17.0707, 测试集S分数: 595.8, 学习率: 0.00002000
第30轮, 训练损失: 16.6630, 验证集RMSE: 16.6105, 验证集S分数: 10170.9, 测试集RMSE: 17.0485, 测试集S分数: 598.0, 学习率: 0.00002000
[训练总结] 已恢复第28轮的最佳模型, 验证集RMSE: 16.3934, 验证集S分数: 10031.7, 测试集RMSE: 17.0510, 测试集S分数: 587.7
[训练耗时] 开始: 2026-04-19 00:51:46, 结束: 2026-04-19 00:53:38, 时长: 0:01:52, 总秒数: 111.66
[自动测试] 命令: /usr/bin/python /CMAPSS-release/scipt/test_model.py --sub-dataset FD001 --smooth-rate 30 --sequence-len 30 --feature-num 14 --dataset-root /CMAPSS-release/CMAPSSData/ --max-rul 125 --batch-size 128 --model-path /CMAPSS-release/logs_GAT_LSTM/model_FD001_0419_005146_seed88.pkl
模型路径:/CMAPSS-release/logs_GAT_LSTM/model_FD001_0419_005146_seed88.pkl
最终RMSE:17.07805633544922, 评分:574.0023803710938
