-----FD001-----
模型: GAT_LSTM_AEFAOF_model(AEF与AOF均开启)
序列长度: 30
特征维度: 14
批大小: 128
最大训练轮数: 30
随机种子: 17
学习率: 0.002
学习率调度器: step
Step步长(step_size): 10
Step衰减系数(gamma): 0.1
是否启用AEF: 是
是否启用AOF: 是
GAT隐藏层维度: [8, 8, 8]
LSTM隐藏层维度: [8, 8]
GAT Dropout系数: 0.1
GAT LeakyReLU系数(alpha): 0.1
图构建模式: path
节点嵌入维度(embed_dim): 8
Topk邻居数: 7
AOF注意力隐藏维度: 4
AEF注意力隐藏维度: 28
AEF/AOF融合方式: concat
是否启用指数平滑: True
平滑系数(smooth_rate): 30
------------------------------
第1轮, 训练损失: 47.6340, 验证集RMSE: 41.6823, 验证集S分数: 410634.9, 测试集RMSE: 40.5083, 测试集S分数: 20086.8, 学习率: 0.00200000
第2轮, 训练损失: 40.2300, 验证集RMSE: 30.7494, 验证集S分数: 115929.2, 测试集RMSE: 33.9059, 测试集S分数: 9994.0, 学习率: 0.00200000
第3轮, 训练损失: 24.9760, 验证集RMSE: 21.9925, 验证集S分数: 33702.5, 测试集RMSE: 24.4496, 测试集S分数: 4480.3, 学习率: 0.00200000
第4轮, 训练损失: 22.5753, 验证集RMSE: 22.5802, 验证集S分数: 47835.9, 测试集RMSE: 25.1588, 测试集S分数: 5832.8, 学习率: 0.00200000
第5轮, 训练损失: 21.9382, 验证集RMSE: 21.2622, 验证集S分数: 46579.7, 测试集RMSE: 23.3346, 测试集S分数: 4413.6, 学习率: 0.00200000
第6轮, 训练损失: 20.8463, 验证集RMSE: 19.6477, 验证集S分数: 25829.9, 测试集RMSE: 19.9517, 测试集S分数: 1889.3, 学习率: 0.00200000
第7轮, 训练损失: 20.6714, 验证集RMSE: 20.0356, 验证集S分数: 43841.6, 测试集RMSE: 21.8559, 测试集S分数: 2799.4, 学习率: 0.00200000
第8轮, 训练损失: 20.3292, 验证集RMSE: 20.8365, 验证集S分数: 53375.3, 测试集RMSE: 21.6653, 测试集S分数: 2500.0, 学习率: 0.00200000
第9轮, 训练损失: 20.0312, 验证集RMSE: 20.4043, 验证集S分数: 58125.2, 测试集RMSE: 20.6897, 测试集S分数: 1566.7, 学习率: 0.00200000
第10轮, 训练损失: 19.8325, 验证集RMSE: 19.2106, 验证集S分数: 35269.9, 测试集RMSE: 20.9528, 测试集S分数: 2058.7, 学习率: 0.00200000
第11轮, 训练损失: 18.6765, 验证集RMSE: 20.8295, 验证集S分数: 53838.3, 测试集RMSE: 20.8547, 测试集S分数: 2071.1, 学习率: 0.00020000
第12轮, 训练损失: 18.6502, 验证集RMSE: 20.1955, 验证集S分数: 51240.7, 测试集RMSE: 20.6000, 测试集S分数: 1947.9, 学习率: 0.00020000
第13轮, 训练损失: 18.4539, 验证集RMSE: 19.6463, 验证集S分数: 44449.9, 测试集RMSE: 19.5450, 测试集S分数: 1509.6, 学习率: 0.00020000
第14轮, 训练损失: 18.2856, 验证集RMSE: 19.7172, 验证集S分数: 42981.0, 测试集RMSE: 19.4405, 测试集S分数: 1538.2, 学习率: 0.00020000
第15轮, 训练损失: 18.2568, 验证集RMSE: 19.4939, 验证集S分数: 46386.4, 测试集RMSE: 19.4769, 测试集S分数: 1579.8, 学习率: 0.00020000
第16轮, 训练损失: 18.1155, 验证集RMSE: 19.7165, 验证集S分数: 52154.2, 测试集RMSE: 20.1390, 测试集S分数: 1829.3, 学习率: 0.00020000
第17轮, 训练损失: 18.0279, 验证集RMSE: 19.3482, 验证集S分数: 43966.9, 测试集RMSE: 18.9035, 测试集S分数: 1292.5, 学习率: 0.00020000
第18轮, 训练损失: 18.0208, 验证集RMSE: 19.3312, 验证集S分数: 41868.0, 测试集RMSE: 18.9213, 测试集S分数: 1374.1, 学习率: 0.00020000
第19轮, 训练损失: 17.9953, 验证集RMSE: 18.7882, 验证集S分数: 35785.1, 测试集RMSE: 18.3016, 测试集S分数: 1153.5, 学习率: 0.00020000
第20轮, 训练损失: 17.9180, 验证集RMSE: 19.6532, 验证集S分数: 42830.3, 测试集RMSE: 19.5610, 测试集S分数: 1601.3, 学习率: 0.00020000
第21轮, 训练损失: 17.8340, 验证集RMSE: 19.5902, 验证集S分数: 41937.4, 测试集RMSE: 18.6799, 测试集S分数: 1277.3, 学习率: 0.00002000
第22轮, 训练损失: 17.9225, 验证集RMSE: 19.4538, 验证集S分数: 43640.0, 测试集RMSE: 18.7666, 测试集S分数: 1297.7, 学习率: 0.00002000
第23轮, 训练损失: 17.8760, 验证集RMSE: 19.1795, 验证集S分数: 42522.2, 测试集RMSE: 18.6448, 测试集S分数: 1260.7, 学习率: 0.00002000
第24轮, 训练损失: 17.9111, 验证集RMSE: 19.3952, 验证集S分数: 44111.4, 测试集RMSE: 18.7812, 测试集S分数: 1307.9, 学习率: 0.00002000
第25轮, 训练损失: 17.9228, 验证集RMSE: 19.6681, 验证集S分数: 45297.0, 测试集RMSE: 19.0133, 测试集S分数: 1397.3, 学习率: 0.00002000
第26轮, 训练损失: 17.8197, 验证集RMSE: 19.5510, 验证集S分数: 44067.3, 测试集RMSE: 18.8172, 测试集S分数: 1324.2, 学习率: 0.00002000
第27轮, 训练损失: 17.7622, 验证集RMSE: 19.1647, 验证集S分数: 44299.3, 测试集RMSE: 18.7275, 测试集S分数: 1288.1, 学习率: 0.00002000
第28轮, 训练损失: 17.8365, 验证集RMSE: 19.3101, 验证集S分数: 44498.5, 测试集RMSE: 18.8751, 测试集S分数: 1347.5, 学习率: 0.00002000
第29轮, 训练损失: 17.7562, 验证集RMSE: 19.0971, 验证集S分数: 42819.8, 测试集RMSE: 18.6436, 测试集S分数: 1267.6, 学习率: 0.00002000
第30轮, 训练损失: 17.8476, 验证集RMSE: 19.0296, 验证集S分数: 45200.8, 测试集RMSE: 18.9434, 测试集S分数: 1373.3, 学习率: 0.00002000
[训练总结] 已恢复第19轮的最佳模型, 验证集RMSE: 18.7882, 验证集S分数: 35785.1, 测试集RMSE: 18.3016, 测试集S分数: 1153.5
[训练耗时] 开始: 2026-04-19 00:35:53, 结束: 2026-04-19 00:37:43, 时长: 0:01:51, 总秒数: 110.67
[自动测试] 命令: /usr/bin/python /CMAPSS-release/scipt/test_model.py --sub-dataset FD001 --smooth-rate 30 --sequence-len 30 --feature-num 14 --dataset-root /CMAPSS-release/CMAPSSData/ --max-rul 125 --batch-size 128 --model-path /CMAPSS-release/logs_GAT_LSTM/model_FD001_0419_003553_seed17.pkl
模型路径:/CMAPSS-release/logs_GAT_LSTM/model_FD001_0419_003553_seed17.pkl
最终RMSE:18.12042999267578, 评分:1108.7303466796875
