-----FD001-----
模型: GAT_LSTM_AEFAOF_model(AEF与AOF均开启)
序列长度: 30
特征维度: 14
批大小: 128
最大训练轮数: 30
随机种子: 97
学习率: 0.002
学习率调度器: step
Step步长(step_size): 10
Step衰减系数(gamma): 0.1
是否启用AEF: 是
是否启用AOF: 是
GAT隐藏层维度: [8, 8, 8]
LSTM隐藏层维度: [8, 8]
GAT Dropout系数: 0.1
GAT LeakyReLU系数(alpha): 0.1
图构建模式: dynamic_topk
节点嵌入维度(embed_dim): 8
Topk邻居数: 7
AOF注意力隐藏维度: 4
AEF注意力隐藏维度: 28
AEF/AOF融合方式: concat
是否启用指数平滑: True
平滑系数(smooth_rate): 30
------------------------------
第1轮, 训练损失: 43.6331, 验证集RMSE: 41.2341, 验证集S分数: 498919.8, 测试集RMSE: 39.6172, 测试集S分数: 19706.6, 学习率: 0.00200000
第2轮, 训练损失: 40.6827, 验证集RMSE: 39.0983, 验证集S分数: 353305.5, 测试集RMSE: 37.0018, 测试集S分数: 16023.8, 学习率: 0.00200000
第3轮, 训练损失: 37.6249, 验证集RMSE: 32.2758, 验证集S分数: 152371.3, 测试集RMSE: 31.3684, 测试集S分数: 10415.6, 学习率: 0.00200000
第4轮, 训练损失: 31.9192, 验证集RMSE: 29.4233, 验证集S分数: 190486.0, 测试集RMSE: 31.2473, 测试集S分数: 19379.9, 学习率: 0.00200000
第5轮, 训练损失: 29.0242, 验证集RMSE: 28.6398, 验证集S分数: 224012.8, 测试集RMSE: 32.9016, 测试集S分数: 28095.4, 学习率: 0.00200000
第6轮, 训练损失: 28.1706, 验证集RMSE: 27.7583, 验证集S分数: 51430.9, 测试集RMSE: 27.4112, 测试集S分数: 7163.1, 学习率: 0.00200000
第7轮, 训练损失: 27.5442, 验证集RMSE: 25.7754, 验证集S分数: 79027.8, 测试集RMSE: 28.5813, 测试集S分数: 14654.2, 学习率: 0.00200000
第8轮, 训练损失: 27.0031, 验证集RMSE: 25.5202, 验证集S分数: 56277.4, 测试集RMSE: 27.3642, 测试集S分数: 10512.8, 学习率: 0.00200000
第9轮, 训练损失: 26.2208, 验证集RMSE: 24.7405, 验证集S分数: 103078.2, 测试集RMSE: 29.6614, 测试集S分数: 21706.6, 学习率: 0.00200000
第10轮, 训练损失: 25.3211, 验证集RMSE: 24.3235, 验证集S分数: 43779.3, 测试集RMSE: 25.4110, 测试集S分数: 8454.9, 学习率: 0.00200000
第11轮, 训练损失: 24.0317, 验证集RMSE: 22.6307, 验证集S分数: 69117.5, 测试集RMSE: 26.2364, 测试集S分数: 14177.7, 学习率: 0.00020000
第12轮, 训练损失: 23.8255, 验证集RMSE: 22.4424, 验证集S分数: 74382.8, 测试集RMSE: 26.3188, 测试集S分数: 15238.2, 学习率: 0.00020000
第13轮, 训练损失: 23.8467, 验证集RMSE: 22.9437, 验证集S分数: 66295.5, 测试集RMSE: 25.7960, 测试集S分数: 13156.5, 学习率: 0.00020000
第14轮, 训练损失: 23.7647, 验证集RMSE: 22.3508, 验证集S分数: 65683.9, 测试集RMSE: 25.9049, 测试集S分数: 13444.7, 学习率: 0.00020000
第15轮, 训练损失: 23.6811, 验证集RMSE: 22.4122, 验证集S分数: 70159.4, 测试集RMSE: 25.9644, 测试集S分数: 14304.6, 学习率: 0.00020000
第16轮, 训练损失: 23.6052, 验证集RMSE: 23.1782, 验证集S分数: 64984.7, 测试集RMSE: 25.6147, 测试集S分数: 12945.3, 学习率: 0.00020000
第17轮, 训练损失: 23.5676, 验证集RMSE: 22.2826, 验证集S分数: 70961.6, 测试集RMSE: 26.0571, 测试集S分数: 14723.1, 学习率: 0.00020000
第18轮, 训练损失: 23.5183, 验证集RMSE: 22.4142, 验证集S分数: 58589.9, 测试集RMSE: 25.3397, 测试集S分数: 11572.5, 学习率: 0.00020000
第19轮, 训练损失: 23.4619, 验证集RMSE: 22.2688, 验证集S分数: 65375.3, 测试集RMSE: 25.6931, 测试集S分数: 13199.3, 学习率: 0.00020000
第20轮, 训练损失: 23.4240, 验证集RMSE: 22.2833, 验证集S分数: 65896.6, 测试集RMSE: 25.7707, 测试集S分数: 13418.3, 学习率: 0.00020000
第21轮, 训练损失: 23.3939, 验证集RMSE: 21.9094, 验证集S分数: 65800.5, 测试集RMSE: 25.7729, 测试集S分数: 13438.3, 学习率: 0.00002000
第22轮, 训练损失: 23.3453, 验证集RMSE: 22.1868, 验证集S分数: 65541.3, 测试集RMSE: 25.7663, 测试集S分数: 13406.0, 学习率: 0.00002000
第23轮, 训练损失: 23.3558, 验证集RMSE: 22.4518, 验证集S分数: 64597.4, 测试集RMSE: 25.7257, 测试集S分数: 13196.9, 学习率: 0.00002000
第24轮, 训练损失: 23.3855, 验证集RMSE: 23.2216, 验证集S分数: 63449.3, 测试集RMSE: 25.6704, 测试集S分数: 12920.1, 学习率: 0.00002000
第25轮, 训练损失: 23.3506, 验证集RMSE: 21.9958, 验证集S分数: 63230.0, 测试集RMSE: 25.6731, 测试集S分数: 12861.2, 学习率: 0.00002000
第26轮, 训练损失: 23.3662, 验证集RMSE: 22.3621, 验证集S分数: 63289.3, 测试集RMSE: 25.6813, 测试集S分数: 12916.3, 学习率: 0.00002000
第27轮, 训练损失: 23.3228, 验证集RMSE: 22.4209, 验证集S分数: 63603.7, 测试集RMSE: 25.6994, 测试集S分数: 13016.9, 学习率: 0.00002000
第28轮, 训练损失: 23.3088, 验证集RMSE: 23.1041, 验证集S分数: 62488.7, 测试集RMSE: 25.6575, 测试集S分数: 12747.1, 学习率: 0.00002000
第29轮, 训练损失: 23.3513, 验证集RMSE: 22.5074, 验证集S分数: 63683.8, 测试集RMSE: 25.7161, 测试集S分数: 13069.1, 学习率: 0.00002000
第30轮, 训练损失: 23.3031, 验证集RMSE: 21.8345, 验证集S分数: 62623.8, 测试集RMSE: 25.6697, 测试集S分数: 12801.4, 学习率: 0.00002000
[训练总结] 已恢复第30轮的最佳模型, 验证集RMSE: 21.8345, 验证集S分数: 62623.8, 测试集RMSE: 25.6697, 测试集S分数: 12801.4
[训练耗时] 开始: 2026-04-19 00:31:13, 结束: 2026-04-19 00:33:08, 时长: 0:01:55, 总秒数: 114.76
[自动测试] 命令: /usr/bin/python /CMAPSS-release/scipt/test_model.py --sub-dataset FD001 --smooth-rate 30 --sequence-len 30 --feature-num 14 --dataset-root /CMAPSS-release/CMAPSSData/ --max-rul 125 --batch-size 128 --model-path /CMAPSS-release/logs_GAT_LSTM/model_FD001_0419_003113_seed97.pkl
模型路径:/CMAPSS-release/logs_GAT_LSTM/model_FD001_0419_003113_seed97.pkl
最终RMSE:25.576160430908203, 评分:12083.7431640625
