-----FD001-----
模型: GAT_LSTM_AEFAOF_model(仅AOF开启)
序列长度: 30
特征维度: 14
批大小: 128
最大训练轮数: 30
随机种子: 30
学习率: 0.002
学习率调度器: step
Step步长(step_size): 10
Step衰减系数(gamma): 0.1
是否启用AEF: 否
是否启用AOF: 是
GAT隐藏层维度: [8, 8, 8]
LSTM隐藏层维度: [8, 8]
GAT Dropout系数: 0.1
GAT LeakyReLU系数(alpha): 0.1
图构建模式: dynamic_topk
节点嵌入维度(embed_dim): 8
Topk邻居数: 7
AOF注意力隐藏维度: 4
AEF/AOF融合方式: concat
是否启用指数平滑: True
平滑系数(smooth_rate): 30
------------------------------
第1轮, 训练损失: 44.1510, 验证集RMSE: 41.9046, 验证集S分数: 415810.9, 测试集RMSE: 40.8496, 测试集S分数: 21755.0, 学习率: 0.00200000
第2轮, 训练损失: 41.8462, 验证集RMSE: 41.3564, 验证集S分数: 299545.4, 测试集RMSE: 40.2031, 测试集S分数: 15055.7, 学习率: 0.00200000
第3轮, 训练损失: 41.5685, 验证集RMSE: 41.3855, 验证集S分数: 389525.7, 测试集RMSE: 39.6773, 测试集S分数: 15824.0, 学习率: 0.00200000
第4轮, 训练损失: 41.1610, 验证集RMSE: 43.1639, 验证集S分数: 210687.5, 测试集RMSE: 38.8495, 测试集S分数: 6679.0, 学习率: 0.00200000
第5轮, 训练损失: 38.3950, 验证集RMSE: 35.1472, 验证集S分数: 315950.1, 测试集RMSE: 36.7643, 测试集S分数: 18600.0, 学习率: 0.00200000
第6轮, 训练损失: 33.0562, 验证集RMSE: 37.3390, 验证集S分数: 411873.9, 测试集RMSE: 39.2750, 测试集S分数: 26157.7, 学习率: 0.00200000
第7轮, 训练损失: 30.9174, 验证集RMSE: 32.5243, 验证集S分数: 211819.4, 测试集RMSE: 27.9160, 测试集S分数: 11007.7, 学习率: 0.00200000
第8轮, 训练损失: 29.7557, 验证集RMSE: 30.2442, 验证集S分数: 114826.5, 测试集RMSE: 28.1043, 测试集S分数: 6320.7, 学习率: 0.00200000
第9轮, 训练损失: 29.2360, 验证集RMSE: 29.4138, 验证集S分数: 260267.2, 测试集RMSE: 29.3293, 测试集S分数: 13453.2, 学习率: 0.00200000
第10轮, 训练损失: 28.8365, 验证集RMSE: 28.0325, 验证集S分数: 169879.8, 测试集RMSE: 28.0208, 测试集S分数: 12758.6, 学习率: 0.00200000
第11轮, 训练损失: 27.5510, 验证集RMSE: 28.1273, 验证集S分数: 189527.5, 测试集RMSE: 28.0124, 测试集S分数: 15540.6, 学习率: 0.00020000
第12轮, 训练损失: 27.4125, 验证集RMSE: 27.4921, 验证集S分数: 196356.9, 测试集RMSE: 28.6753, 测试集S分数: 16253.4, 学习率: 0.00020000
第13轮, 训练损失: 27.2442, 验证集RMSE: 27.7935, 验证集S分数: 197107.5, 测试集RMSE: 29.0150, 测试集S分数: 16848.3, 学习率: 0.00020000
第14轮, 训练损失: 27.1449, 验证集RMSE: 27.8968, 验证集S分数: 165317.3, 测试集RMSE: 28.3892, 测试集S分数: 14766.1, 学习率: 0.00020000
第15轮, 训练损失: 27.0633, 验证集RMSE: 28.4821, 验证集S分数: 166866.1, 测试集RMSE: 28.6431, 测试集S分数: 14843.1, 学习率: 0.00020000
第16轮, 训练损失: 27.0026, 验证集RMSE: 27.9463, 验证集S分数: 167618.2, 测试集RMSE: 28.5685, 测试集S分数: 15981.6, 学习率: 0.00020000
第17轮, 训练损失: 26.9362, 验证集RMSE: 27.7487, 验证集S分数: 144568.1, 测试集RMSE: 28.3645, 测试集S分数: 15118.0, 学习率: 0.00020000
第18轮, 训练损失: 26.8500, 验证集RMSE: 27.9694, 验证集S分数: 154173.7, 测试集RMSE: 28.8076, 测试集S分数: 16217.2, 学习率: 0.00020000
第19轮, 训练损失: 26.7756, 验证集RMSE: 27.6999, 验证集S分数: 152730.7, 测试集RMSE: 28.4708, 测试集S分数: 17317.6, 学习率: 0.00020000
第20轮, 训练损失: 26.6685, 验证集RMSE: 27.4586, 验证集S分数: 157519.1, 测试集RMSE: 29.1034, 测试集S分数: 17562.5, 学习率: 0.00020000
第21轮, 训练损失: 26.5798, 验证集RMSE: 27.2795, 验证集S分数: 151224.2, 测试集RMSE: 28.7501, 测试集S分数: 17629.0, 学习率: 0.00002000
第22轮, 训练损失: 26.5326, 验证集RMSE: 27.6817, 验证集S分数: 153366.2, 测试集RMSE: 28.8333, 测试集S分数: 18061.5, 学习率: 0.00002000
第23轮, 训练损失: 26.5769, 验证集RMSE: 27.6712, 验证集S分数: 151627.3, 测试集RMSE: 28.7469, 测试集S分数: 18093.5, 学习率: 0.00002000
第24轮, 训练损失: 26.5555, 验证集RMSE: 27.0141, 验证集S分数: 152636.4, 测试集RMSE: 28.7966, 测试集S分数: 18276.0, 学习率: 0.00002000
第25轮, 训练损失: 26.5206, 验证集RMSE: 27.5451, 验证集S分数: 152791.3, 测试集RMSE: 28.8332, 测试集S分数: 18321.8, 学习率: 0.00002000
第26轮, 训练损失: 26.5737, 验证集RMSE: 27.4422, 验证集S分数: 149689.5, 测试集RMSE: 28.7364, 测试集S分数: 18042.2, 学习率: 0.00002000
第27轮, 训练损失: 26.5132, 验证集RMSE: 26.8153, 验证集S分数: 152541.5, 测试集RMSE: 28.8074, 测试集S分数: 18431.2, 学习率: 0.00002000
第28轮, 训练损失: 26.5616, 验证集RMSE: 27.2428, 验证集S分数: 149992.4, 测试集RMSE: 28.7463, 测试集S分数: 18298.0, 学习率: 0.00002000
第29轮, 训练损失: 26.4973, 验证集RMSE: 26.5568, 验证集S分数: 152670.8, 测试集RMSE: 28.8594, 测试集S分数: 18493.0, 学习率: 0.00002000
第30轮, 训练损失: 26.5035, 验证集RMSE: 27.1961, 验证集S分数: 148187.9, 测试集RMSE: 28.7380, 测试集S分数: 18124.9, 学习率: 0.00002000
[训练总结] 已恢复第29轮的最佳模型, 验证集RMSE: 26.5568, 验证集S分数: 152670.8, 测试集RMSE: 28.8594, 测试集S分数: 18493.0
[训练耗时] 开始: 2026-04-19 01:23:03, 结束: 2026-04-19 01:24:43, 时长: 0:01:40, 总秒数: 100.37
[自动测试] 命令: /usr/bin/python /CMAPSS-release/scipt/test_model.py --sub-dataset FD001 --smooth-rate 30 --sequence-len 30 --feature-num 14 --dataset-root /CMAPSS-release/CMAPSSData/ --max-rul 125 --batch-size 128 --model-path /CMAPSS-release/logs_GAT_LSTM/model_FD001_0419_012303_seed30.pkl
模型路径:/CMAPSS-release/logs_GAT_LSTM/model_FD001_0419_012303_seed30.pkl
最终RMSE:28.718809127807617, 评分:17283.4140625
