-----FD003-----
模型: GAT_LSTM_AEFAOF_model(AEF与AOF均开启)
序列长度: 30
特征维度: 14
批大小: 128
最大训练轮数: 30
随机种子: 17
学习率: 0.002
学习率调度器: step
Step步长(step_size): 10
Step衰减系数(gamma): 0.1
是否启用AEF: 是
是否启用AOF: 是
GAT隐藏层维度: [8, 8, 8]
LSTM隐藏层维度: [8, 8]
GAT Dropout系数: 0.1
GAT LeakyReLU系数(alpha): 0.1
图构建模式: dynamic_topk
节点嵌入维度(embed_dim): 8
Topk邻居数: 7
AOF注意力隐藏维度: 4
AEF注意力隐藏维度: 28
AEF/AOF融合方式: concat
是否启用指数平滑: True
平滑系数(smooth_rate): 30
------------------------------
第1轮, 训练损失: 39.4281, 验证集RMSE: 31.5062, 验证集S分数: 418645.6, 测试集RMSE: 35.9979, 测试集S分数: 20478.8, 学习率: 0.00200000
第2轮, 训练损失: 29.8425, 验证集RMSE: 22.0695, 验证集S分数: 66335.2, 测试集RMSE: 27.1007, 测试集S分数: 5620.5, 学习率: 0.00200000
第3轮, 训练损失: 24.3164, 验证集RMSE: 22.6750, 验证集S分数: 46536.9, 测试集RMSE: 25.3169, 测试集S分数: 3578.8, 学习率: 0.00200000
第4轮, 训练损失: 22.3863, 验证集RMSE: 20.0680, 验证集S分数: 44199.0, 测试集RMSE: 25.2244, 测试集S分数: 4132.5, 学习率: 0.00200000
第5轮, 训练损失: 20.8743, 验证集RMSE: 21.9329, 验证集S分数: 39213.7, 测试集RMSE: 22.5860, 测试集S分数: 2799.7, 学习率: 0.00200000
第6轮, 训练损失: 19.6636, 验证集RMSE: 18.1418, 验证集S分数: 35731.7, 测试集RMSE: 25.0180, 测试集S分数: 5252.7, 学习率: 0.00200000
第7轮, 训练损失: 18.9408, 验证集RMSE: 19.4348, 验证集S分数: 34210.2, 测试集RMSE: 21.8474, 测试集S分数: 3886.1, 学习率: 0.00200000
第8轮, 训练损失: 18.5181, 验证集RMSE: 17.9009, 验证集S分数: 25694.2, 测试集RMSE: 21.8750, 测试集S分数: 3572.4, 学习率: 0.00200000
第9轮, 训练损失: 18.0259, 验证集RMSE: 20.8005, 验证集S分数: 27179.9, 测试集RMSE: 19.7488, 测试集S分数: 2167.0, 学习率: 0.00200000
第10轮, 训练损失: 17.8550, 验证集RMSE: 17.1925, 验证集S分数: 22437.5, 测试集RMSE: 21.3365, 测试集S分数: 3183.1, 学习率: 0.00200000
第11轮, 训练损失: 17.0725, 验证集RMSE: 16.4985, 验证集S分数: 25015.3, 测试集RMSE: 22.7028, 测试集S分数: 4177.7, 学习率: 0.00020000
第12轮, 训练损失: 17.0166, 验证集RMSE: 16.7998, 验证集S分数: 23803.5, 测试集RMSE: 21.7898, 测试集S分数: 3658.5, 学习率: 0.00020000
第13轮, 训练损失: 17.0084, 验证集RMSE: 16.9140, 验证集S分数: 23843.6, 测试集RMSE: 21.2624, 测试集S分数: 3495.1, 学习率: 0.00020000
第14轮, 训练损失: 16.9828, 验证集RMSE: 16.3519, 验证集S分数: 26160.7, 测试集RMSE: 23.2814, 测试集S分数: 4537.7, 学习率: 0.00020000
第15轮, 训练损失: 16.9470, 验证集RMSE: 16.7112, 验证集S分数: 22868.2, 测试集RMSE: 21.7329, 测试集S分数: 3389.8, 学习率: 0.00020000
第16轮, 训练损失: 16.8832, 验证集RMSE: 16.4954, 验证集S分数: 24487.0, 测试集RMSE: 22.0868, 测试集S分数: 3780.5, 学习率: 0.00020000
第17轮, 训练损失: 16.8874, 验证集RMSE: 16.5484, 验证集S分数: 23963.1, 测试集RMSE: 21.6944, 测试集S分数: 3564.7, 学习率: 0.00020000
第18轮, 训练损失: 16.8240, 验证集RMSE: 16.4770, 验证集S分数: 24950.1, 测试集RMSE: 21.7180, 测试集S分数: 3676.8, 学习率: 0.00020000
第19轮, 训练损失: 16.8052, 验证集RMSE: 16.4014, 验证集S分数: 24820.8, 测试集RMSE: 21.8202, 测试集S分数: 3655.3, 学习率: 0.00020000
第20轮, 训练损失: 16.7803, 验证集RMSE: 16.6363, 验证集S分数: 23806.2, 测试集RMSE: 21.3237, 测试集S分数: 3287.6, 学习率: 0.00020000
第21轮, 训练损失: 16.7791, 验证集RMSE: 16.5239, 验证集S分数: 24715.1, 测试集RMSE: 21.7598, 测试集S分数: 3576.0, 学习率: 0.00002000
第22轮, 训练损失: 16.7343, 验证集RMSE: 16.5828, 验证集S分数: 24767.9, 测试集RMSE: 21.6487, 测试集S分数: 3545.9, 学习率: 0.00002000
第23轮, 训练损失: 16.7809, 验证集RMSE: 16.4459, 验证集S分数: 25141.1, 测试集RMSE: 21.9451, 测试集S分数: 3691.3, 学习率: 0.00002000
第24轮, 训练损失: 16.7927, 验证集RMSE: 16.4502, 验证集S分数: 25085.2, 测试集RMSE: 21.7553, 测试集S分数: 3633.1, 学习率: 0.00002000
第25轮, 训练损失: 16.7511, 验证集RMSE: 16.5093, 验证集S分数: 24966.3, 测试集RMSE: 21.7698, 测试集S分数: 3608.5, 学习率: 0.00002000
第26轮, 训练损失: 16.7562, 验证集RMSE: 16.3855, 验证集S分数: 24982.7, 测试集RMSE: 21.6574, 测试集S分数: 3579.2, 学习率: 0.00002000
第27轮, 训练损失: 16.6945, 验证集RMSE: 16.4486, 验证集S分数: 25083.5, 测试集RMSE: 21.7864, 测试集S分数: 3628.3, 学习率: 0.00002000
第28轮, 训练损失: 16.7295, 验证集RMSE: 16.4370, 验证集S分数: 25249.1, 测试集RMSE: 21.6713, 测试集S分数: 3618.5, 学习率: 0.00002000
第29轮, 训练损失: 16.6905, 验证集RMSE: 16.4666, 验证集S分数: 25019.9, 测试集RMSE: 21.4460, 测试集S分数: 3500.3, 学习率: 0.00002000
第30轮, 训练损失: 16.7062, 验证集RMSE: 16.5741, 验证集S分数: 25281.3, 测试集RMSE: 21.7217, 测试集S分数: 3630.6, 学习率: 0.00002000
[训练总结] 已恢复第14轮的最佳模型, 验证集RMSE: 16.3519, 验证集S分数: 26160.7, 测试集RMSE: 23.2814, 测试集S分数: 4537.7
[训练耗时] 开始: 2026-04-19 02:00:14, 结束: 2026-04-19 02:02:19, 时长: 0:02:05, 总秒数: 124.93
[自动测试] 命令: /usr/bin/python /CMAPSS-release/scipt/test_model.py --sub-dataset FD003 --smooth-rate 30 --sequence-len 30 --feature-num 14 --dataset-root /CMAPSS-release/CMAPSSData/ --max-rul 125 --batch-size 128 --model-path /CMAPSS-release/logs_GAT_LSTM/model_FD003_0419_020014_seed17.pkl
模型路径:/CMAPSS-release/logs_GAT_LSTM/model_FD003_0419_020014_seed17.pkl
最终RMSE:22.994564056396484, 评分:4276.0576171875
