-----FD003-----
模型: GAT_LSTM_AEFAOF_model(仅AOF开启)
序列长度: 30
特征维度: 14
批大小: 128
最大训练轮数: 30
随机种子: 62
学习率: 0.002
学习率调度器: step
Step步长(step_size): 10
Step衰减系数(gamma): 0.1
是否启用AEF: 否
是否启用AOF: 是
GAT隐藏层维度: [8, 8, 8]
LSTM隐藏层维度: [8, 8]
GAT Dropout系数: 0.1
GAT LeakyReLU系数(alpha): 0.1
图构建模式: dynamic_topk
节点嵌入维度(embed_dim): 8
Topk邻居数: 7
AOF注意力隐藏维度: 4
AEF/AOF融合方式: concat
是否启用指数平滑: True
平滑系数(smooth_rate): 30
------------------------------
第1轮, 训练损失: 38.3494, 验证集RMSE: 27.7789, 验证集S分数: 731378.1, 测试集RMSE: 34.9814, 测试集S分数: 26697.9, 学习率: 0.00200000
第2轮, 训练损失: 30.1362, 验证集RMSE: 19.7834, 验证集S分数: 53728.2, 测试集RMSE: 26.2730, 测试集S分数: 6109.9, 学习率: 0.00200000
第3轮, 训练损失: 22.6487, 验证集RMSE: 18.8977, 验证集S分数: 37123.0, 测试集RMSE: 24.2724, 测试集S分数: 4387.4, 学习率: 0.00200000
第4轮, 训练损失: 21.0066, 验证集RMSE: 17.7123, 验证集S分数: 65912.9, 测试集RMSE: 27.8779, 测试集S分数: 6302.3, 学习率: 0.00200000
第5轮, 训练损失: 19.7245, 验证集RMSE: 17.8910, 验证集S分数: 44222.8, 测试集RMSE: 22.7762, 测试集S分数: 3613.7, 学习率: 0.00200000
第6轮, 训练损失: 18.7755, 验证集RMSE: 19.0683, 验证集S分数: 34356.3, 测试集RMSE: 20.0688, 测试集S分数: 1909.7, 学习率: 0.00200000
第7轮, 训练损失: 17.9066, 验证集RMSE: 18.4842, 验证集S分数: 29034.7, 测试集RMSE: 19.3643, 测试集S分数: 1540.3, 学习率: 0.00200000
第8轮, 训练损失: 17.1281, 验证集RMSE: 16.3291, 验证集S分数: 38543.8, 测试集RMSE: 21.8629, 测试集S分数: 2166.0, 学习率: 0.00200000
第9轮, 训练损失: 16.5396, 验证集RMSE: 17.1266, 验证集S分数: 33162.9, 测试集RMSE: 18.9767, 测试集S分数: 1585.7, 学习率: 0.00200000
第10轮, 训练损失: 16.4444, 验证集RMSE: 15.7594, 验证集S分数: 30694.5, 测试集RMSE: 19.2663, 测试集S分数: 1549.6, 学习率: 0.00200000
第11轮, 训练损失: 15.3034, 验证集RMSE: 16.3353, 验证集S分数: 31828.7, 测试集RMSE: 18.9400, 测试集S分数: 1587.9, 学习率: 0.00020000
第12轮, 训练损失: 15.2061, 验证集RMSE: 16.5831, 验证集S分数: 30543.0, 测试集RMSE: 18.4751, 测试集S分数: 1494.8, 学习率: 0.00020000
第13轮, 训练损失: 15.1592, 验证集RMSE: 15.8083, 验证集S分数: 32646.9, 测试集RMSE: 19.3435, 测试集S分数: 1639.2, 学习率: 0.00020000
第14轮, 训练损失: 15.0759, 验证集RMSE: 16.0517, 验证集S分数: 31273.1, 测试集RMSE: 18.4425, 测试集S分数: 1429.7, 学习率: 0.00020000
第15轮, 训练损失: 15.0356, 验证集RMSE: 16.2607, 验证集S分数: 29477.6, 测试集RMSE: 17.6343, 测试集S分数: 1227.9, 学习率: 0.00020000
第16轮, 训练损失: 14.9536, 验证集RMSE: 15.5627, 验证集S分数: 28287.8, 测试集RMSE: 18.2037, 测试集S分数: 1159.0, 学习率: 0.00020000
第17轮, 训练损失: 14.9358, 验证集RMSE: 15.8479, 验证集S分数: 29068.6, 测试集RMSE: 17.9965, 测试集S分数: 1322.3, 学习率: 0.00020000
第18轮, 训练损失: 14.9181, 验证集RMSE: 15.4035, 验证集S分数: 29146.7, 测试集RMSE: 18.2243, 测试集S分数: 1313.8, 学习率: 0.00020000
第19轮, 训练损失: 14.8504, 验证集RMSE: 15.1345, 验证集S分数: 29818.6, 测试集RMSE: 18.3565, 测试集S分数: 1222.0, 学习率: 0.00020000
第20轮, 训练损失: 14.7573, 验证集RMSE: 15.3399, 验证集S分数: 29412.7, 测试集RMSE: 17.9287, 测试集S分数: 1204.4, 学习率: 0.00020000
第21轮, 训练损失: 14.8210, 验证集RMSE: 15.3992, 验证集S分数: 29132.5, 测试集RMSE: 17.7215, 测试集S分数: 1176.7, 学习率: 0.00002000
第22轮, 训练损失: 14.7474, 验证集RMSE: 15.2675, 验证集S分数: 29466.1, 测试集RMSE: 17.7974, 测试集S分数: 1205.2, 学习率: 0.00002000
第23轮, 训练损失: 14.7917, 验证集RMSE: 15.2852, 验证集S分数: 29005.4, 测试集RMSE: 17.7959, 测试集S分数: 1204.5, 学习率: 0.00002000
第24轮, 训练损失: 14.7474, 验证集RMSE: 15.6202, 验证集S分数: 29281.4, 测试集RMSE: 17.6680, 测试集S分数: 1207.4, 学习率: 0.00002000
第25轮, 训练损失: 14.7397, 验证集RMSE: 15.4357, 验证集S分数: 29526.5, 测试集RMSE: 17.8421, 测试集S分数: 1243.9, 学习率: 0.00002000
第26轮, 训练损失: 14.7361, 验证集RMSE: 15.4252, 验证集S分数: 29342.0, 测试集RMSE: 17.8904, 测试集S分数: 1240.3, 学习率: 0.00002000
第27轮, 训练损失: 14.7328, 验证集RMSE: 15.3350, 验证集S分数: 29186.7, 测试集RMSE: 17.7050, 测试集S分数: 1204.8, 学习率: 0.00002000
第28轮, 训练损失: 14.6825, 验证集RMSE: 15.4106, 验证集S分数: 29546.9, 测试集RMSE: 17.8361, 测试集S分数: 1218.3, 学习率: 0.00002000
第29轮, 训练损失: 14.7260, 验证集RMSE: 15.3830, 验证集S分数: 28852.3, 测试集RMSE: 17.7654, 测试集S分数: 1212.1, 学习率: 0.00002000
第30轮, 训练损失: 14.7334, 验证集RMSE: 15.5758, 验证集S分数: 29139.4, 测试集RMSE: 17.6497, 测试集S分数: 1200.1, 学习率: 0.00002000
[训练总结] 已恢复第19轮的最佳模型, 验证集RMSE: 15.1345, 验证集S分数: 29818.6, 测试集RMSE: 18.3565, 测试集S分数: 1222.0
[训练耗时] 开始: 2026-04-19 03:30:47, 结束: 2026-04-19 03:32:47, 时长: 0:01:59, 总秒数: 119.38
[自动测试] 命令: /usr/bin/python /CMAPSS-release/scipt/test_model.py --sub-dataset FD003 --smooth-rate 30 --sequence-len 30 --feature-num 14 --dataset-root /CMAPSS-release/CMAPSSData/ --max-rul 125 --batch-size 128 --model-path /CMAPSS-release/logs_GAT_LSTM/model_FD003_0419_033047_seed62.pkl
模型路径:/CMAPSS-release/logs_GAT_LSTM/model_FD003_0419_033047_seed62.pkl
最终RMSE:18.13063621520996, 评分:1171.408203125
