-----FD001-----
模型: GAT_LSTM_AEFAOF_model(仅AEF开启)
序列长度: 30
特征维度: 14
批大小: 128
最大训练轮数: 30
随机种子: 17
学习率: 0.002
学习率调度器: step
Step步长(step_size): 10
Step衰减系数(gamma): 0.1
是否启用AEF: 是
是否启用AOF: 否
GAT隐藏层维度: [8, 8, 8]
LSTM隐藏层维度: [8, 8]
GAT Dropout系数: 0.1
GAT LeakyReLU系数(alpha): 0.1
图构建模式: dynamic_topk
节点嵌入维度(embed_dim): 8
Topk邻居数: 7
AEF注意力隐藏维度: 28
AEF/AOF融合方式: concat
是否启用指数平滑: True
平滑系数(smooth_rate): 30
------------------------------
第1轮, 训练损失: 41.7735, 验证集RMSE: 33.5655, 验证集S分数: 172330.2, 测试集RMSE: 31.7911, 测试集S分数: 10724.9, 学习率: 0.00200000
第2轮, 训练损失: 31.4433, 验证集RMSE: 27.7986, 验证集S分数: 239241.3, 测试集RMSE: 30.3854, 测试集S分数: 25867.5, 学习率: 0.00200000
第3轮, 训练损失: 28.4665, 验证集RMSE: 27.2289, 验证集S分数: 124185.2, 测试集RMSE: 28.4904, 测试集S分数: 17685.7, 学习率: 0.00200000
第4轮, 训练损失: 27.7238, 验证集RMSE: 26.6047, 验证集S分数: 154547.1, 测试集RMSE: 29.2617, 测试集S分数: 24273.9, 学习率: 0.00200000
第5轮, 训练损失: 27.4383, 验证集RMSE: 26.4724, 验证集S分数: 115608.6, 测试集RMSE: 28.4977, 测试集S分数: 19883.2, 学习率: 0.00200000
第6轮, 训练损失: 26.9727, 验证集RMSE: 25.8892, 验证集S分数: 108166.4, 测试集RMSE: 28.6330, 测试集S分数: 19854.4, 学习率: 0.00200000
第7轮, 训练损失: 26.4442, 验证集RMSE: 27.6419, 验证集S分数: 56654.3, 测试集RMSE: 27.9050, 测试集S分数: 10571.1, 学习率: 0.00200000
第8轮, 训练损失: 25.9301, 验证集RMSE: 24.8947, 验证集S分数: 60600.0, 测试集RMSE: 27.4052, 测试集S分数: 15482.0, 学习率: 0.00200000
第9轮, 训练损失: 25.0502, 验证集RMSE: 23.4525, 验证集S分数: 53637.9, 测试集RMSE: 27.6111, 测试集S分数: 14655.3, 学习率: 0.00200000
第10轮, 训练损失: 24.2751, 验证集RMSE: 24.1359, 验证集S分数: 20346.0, 测试集RMSE: 24.0217, 测试集S分数: 4079.2, 学习率: 0.00200000
第11轮, 训练损失: 23.1987, 验证集RMSE: 22.4475, 验证集S分数: 25201.8, 测试集RMSE: 24.8999, 测试集S分数: 7661.1, 学习率: 0.00020000
第12轮, 训练损失: 22.9773, 验证集RMSE: 22.6544, 验证集S分数: 23180.2, 测试集RMSE: 24.5529, 测试集S分数: 6129.9, 学习率: 0.00020000
第13轮, 训练损失: 22.7886, 验证集RMSE: 22.3324, 验证集S分数: 23660.7, 测试集RMSE: 25.1335, 测试集S分数: 6247.8, 学习率: 0.00020000
第14轮, 训练损失: 22.4429, 验证集RMSE: 20.8526, 验证集S分数: 18440.1, 测试集RMSE: 23.4039, 测试集S分数: 4111.0, 学习率: 0.00020000
第15轮, 训练损失: 21.6271, 验证集RMSE: 19.8113, 验证集S分数: 15758.6, 测试集RMSE: 21.8850, 测试集S分数: 2897.6, 学习率: 0.00020000
第16轮, 训练损失: 21.0938, 验证集RMSE: 18.9352, 验证集S分数: 16397.5, 测试集RMSE: 21.8947, 测试集S分数: 2969.7, 学习率: 0.00020000
第17轮, 训练损失: 20.7986, 验证集RMSE: 19.0582, 验证集S分数: 15217.8, 测试集RMSE: 21.1847, 测试集S分数: 2367.0, 学习率: 0.00020000
第18轮, 训练损失: 20.5954, 验证集RMSE: 18.8502, 验证集S分数: 18136.8, 测试集RMSE: 22.1011, 测试集S分数: 3098.0, 学习率: 0.00020000
第19轮, 训练损失: 20.4217, 验证集RMSE: 19.0788, 验证集S分数: 15800.1, 测试集RMSE: 21.1156, 测试集S分数: 2258.3, 学习率: 0.00020000
第20轮, 训练损失: 20.2976, 验证集RMSE: 18.1851, 验证集S分数: 16666.7, 测试集RMSE: 21.3416, 测试集S分数: 2409.4, 学习率: 0.00020000
第21轮, 训练损失: 20.1663, 验证集RMSE: 19.3780, 验证集S分数: 17119.3, 测试集RMSE: 21.5086, 测试集S分数: 2506.2, 学习率: 0.00002000
第22轮, 训练损失: 20.2134, 验证集RMSE: 18.6918, 验证集S分数: 17280.0, 测试集RMSE: 21.5294, 测试集S分数: 2520.1, 学习率: 0.00002000
第23轮, 训练损失: 20.1232, 验证集RMSE: 18.4558, 验证集S分数: 16919.6, 测试集RMSE: 21.3684, 测试集S分数: 2418.9, 学习率: 0.00002000
第24轮, 训练损失: 20.1706, 验证集RMSE: 18.3313, 验证集S分数: 16999.3, 测试集RMSE: 21.3835, 测试集S分数: 2425.6, 学习率: 0.00002000
第25轮, 训练损失: 20.1796, 验证集RMSE: 19.1591, 验证集S分数: 17051.3, 测试集RMSE: 21.3829, 测试集S分数: 2421.7, 学习率: 0.00002000
第26轮, 训练损失: 20.1294, 验证集RMSE: 18.9923, 验证集S分数: 17111.6, 测试集RMSE: 21.3710, 测试集S分数: 2415.0, 学习率: 0.00002000
第27轮, 训练损失: 20.1740, 验证集RMSE: 18.7509, 验证集S分数: 17422.5, 测试集RMSE: 21.4586, 测试集S分数: 2475.0, 学习率: 0.00002000
第28轮, 训练损失: 20.1277, 验证集RMSE: 18.5177, 验证集S分数: 17110.4, 测试集RMSE: 21.3400, 测试集S分数: 2392.8, 学习率: 0.00002000
第29轮, 训练损失: 20.1125, 验证集RMSE: 18.3734, 验证集S分数: 17618.2, 测试集RMSE: 21.4923, 测试集S分数: 2486.8, 学习率: 0.00002000
第30轮, 训练损失: 20.0731, 验证集RMSE: 18.8315, 验证集S分数: 17166.3, 测试集RMSE: 21.2936, 测试集S分数: 2364.2, 学习率: 0.00002000
[训练总结] 已恢复第20轮的最佳模型, 验证集RMSE: 18.1851, 验证集S分数: 16666.7, 测试集RMSE: 21.3416, 测试集S分数: 2409.4
[训练耗时] 开始: 2026-04-19 00:58:28, 结束: 2026-04-19 00:59:55, 时长: 0:01:26, 总秒数: 86.10
[自动测试] 命令: /usr/bin/python /CMAPSS-release/scipt/test_model.py --sub-dataset FD001 --smooth-rate 30 --sequence-len 30 --feature-num 14 --dataset-root /CMAPSS-release/CMAPSSData/ --max-rul 125 --batch-size 128 --model-path /CMAPSS-release/logs_GAT_LSTM/model_FD001_0419_005828_seed17.pkl
模型路径:/CMAPSS-release/logs_GAT_LSTM/model_FD001_0419_005828_seed17.pkl
最终RMSE:21.178998947143555, 评分:2284.8779296875
