-----FD003-----
模型: GAT_LSTM_AEFAOF_model(仅AOF开启)
序列长度: 30
特征维度: 14
批大小: 128
最大训练轮数: 30
随机种子: 88
学习率: 0.002
学习率调度器: step
Step步长(step_size): 10
Step衰减系数(gamma): 0.1
是否启用AEF: 否
是否启用AOF: 是
GAT隐藏层维度: [8, 8, 8]
LSTM隐藏层维度: [8, 8]
GAT Dropout系数: 0.1
GAT LeakyReLU系数(alpha): 0.1
图构建模式: dynamic_topk
节点嵌入维度(embed_dim): 8
Topk邻居数: 7
AOF注意力隐藏维度: 4
AEF/AOF融合方式: concat
是否启用指数平滑: True
平滑系数(smooth_rate): 30
------------------------------
第1轮, 训练损失: 37.6797, 验证集RMSE: 35.6347, 验证集S分数: 90175.7, 测试集RMSE: 32.1695, 测试集S分数: 4506.9, 学习率: 0.00200000
第2轮, 训练损失: 30.0548, 验证集RMSE: 17.0802, 验证集S分数: 29744.7, 测试集RMSE: 26.1520, 测试集S分数: 6197.0, 学习率: 0.00200000
第3轮, 训练损失: 24.4656, 验证集RMSE: 18.6880, 验证集S分数: 23402.2, 测试集RMSE: 23.0382, 测试集S分数: 3996.1, 学习率: 0.00200000
第4轮, 训练损失: 22.9121, 验证集RMSE: 16.7521, 验证集S分数: 25334.8, 测试集RMSE: 22.1882, 测试集S分数: 3904.9, 学习率: 0.00200000
第5轮, 训练损失: 21.8645, 验证集RMSE: 14.5215, 验证集S分数: 32350.1, 测试集RMSE: 24.1819, 测试集S分数: 3837.4, 学习率: 0.00200000
第6轮, 训练损失: 21.5749, 验证集RMSE: 19.7262, 验证集S分数: 21321.9, 测试集RMSE: 20.3742, 测试集S分数: 1313.6, 学习率: 0.00200000
第7轮, 训练损失: 20.9328, 验证集RMSE: 16.6396, 验证集S分数: 25179.4, 测试集RMSE: 19.9635, 测试集S分数: 2397.4, 学习率: 0.00200000
第8轮, 训练损失: 20.1170, 验证集RMSE: 16.1938, 验证集S分数: 39282.8, 测试集RMSE: 22.3358, 测试集S分数: 3922.7, 学习率: 0.00200000
第9轮, 训练损失: 19.8915, 验证集RMSE: 14.8246, 验证集S分数: 32956.9, 测试集RMSE: 22.0899, 测试集S分数: 2695.3, 学习率: 0.00200000
第10轮, 训练损失: 19.5330, 验证集RMSE: 16.5746, 验证集S分数: 34080.4, 测试集RMSE: 20.1293, 测试集S分数: 2375.0, 学习率: 0.00200000
第11轮, 训练损失: 18.5900, 验证集RMSE: 16.3809, 验证集S分数: 28527.6, 测试集RMSE: 19.2419, 测试集S分数: 1763.1, 学习率: 0.00020000
第12轮, 训练损失: 18.4443, 验证集RMSE: 16.4397, 验证集S分数: 30195.0, 测试集RMSE: 19.9014, 测试集S分数: 2097.4, 学习率: 0.00020000
第13轮, 训练损失: 18.3256, 验证集RMSE: 16.0449, 验证集S分数: 29608.6, 测试集RMSE: 19.6153, 测试集S分数: 1840.3, 学习率: 0.00020000
第14轮, 训练损失: 18.2265, 验证集RMSE: 15.3272, 验证集S分数: 29460.5, 测试集RMSE: 19.4543, 测试集S分数: 1692.9, 学习率: 0.00020000
第15轮, 训练损失: 18.3565, 验证集RMSE: 15.9723, 验证集S分数: 27747.8, 测试集RMSE: 19.5327, 测试集S分数: 1712.5, 学习率: 0.00020000
第16轮, 训练损失: 18.1874, 验证集RMSE: 15.8464, 验证集S分数: 27281.8, 测试集RMSE: 18.9161, 测试集S分数: 1496.5, 学习率: 0.00020000
第17轮, 训练损失: 18.4131, 验证集RMSE: 15.9110, 验证集S分数: 27489.4, 测试集RMSE: 19.4742, 测试集S分数: 1697.2, 学习率: 0.00020000
第18轮, 训练损失: 18.2454, 验证集RMSE: 15.6272, 验证集S分数: 27648.8, 测试集RMSE: 19.0497, 测试集S分数: 1607.9, 学习率: 0.00020000
第19轮, 训练损失: 17.9528, 验证集RMSE: 15.3324, 验证集S分数: 29934.9, 测试集RMSE: 20.4328, 测试集S分数: 1995.9, 学习率: 0.00020000
第20轮, 训练损失: 18.0539, 验证集RMSE: 16.1310, 验证集S分数: 27801.2, 测试集RMSE: 19.1081, 测试集S分数: 1647.7, 学习率: 0.00020000
第21轮, 训练损失: 18.0026, 验证集RMSE: 15.4068, 验证集S分数: 28946.8, 测试集RMSE: 19.6658, 测试集S分数: 1784.8, 学习率: 0.00002000
第22轮, 训练损失: 17.9354, 验证集RMSE: 15.2249, 验证集S分数: 28645.4, 测试集RMSE: 19.5228, 测试集S分数: 1733.5, 学习率: 0.00002000
第23轮, 训练损失: 17.9914, 验证集RMSE: 15.3392, 验证集S分数: 28181.0, 测试集RMSE: 19.3304, 测试集S分数: 1694.6, 学习率: 0.00002000
第24轮, 训练损失: 17.9247, 验证集RMSE: 15.5597, 验证集S分数: 27653.7, 测试集RMSE: 19.3251, 测试集S分数: 1713.8, 学习率: 0.00002000
第25轮, 训练损失: 18.1779, 验证集RMSE: 15.5803, 验证集S分数: 26994.7, 测试集RMSE: 19.0909, 测试集S分数: 1614.5, 学习率: 0.00002000
第26轮, 训练损失: 17.9776, 验证集RMSE: 15.3779, 验证集S分数: 27862.7, 测试集RMSE: 19.2104, 测试集S分数: 1661.4, 学习率: 0.00002000
第27轮, 训练损失: 17.8742, 验证集RMSE: 15.4177, 验证集S分数: 28379.2, 测试集RMSE: 19.3751, 测试集S分数: 1712.9, 学习率: 0.00002000
第28轮, 训练损失: 17.9275, 验证集RMSE: 15.4338, 验证集S分数: 28116.0, 测试集RMSE: 19.3389, 测试集S分数: 1714.3, 学习率: 0.00002000
第29轮, 训练损失: 17.8405, 验证集RMSE: 15.4031, 验证集S分数: 27598.5, 测试集RMSE: 19.1097, 测试集S分数: 1640.6, 学习率: 0.00002000
第30轮, 训练损失: 17.9308, 验证集RMSE: 15.3016, 验证集S分数: 28013.0, 测试集RMSE: 19.3348, 测试集S分数: 1671.6, 学习率: 0.00002000
[训练总结] 已恢复第5轮的最佳模型, 验证集RMSE: 14.5215, 验证集S分数: 32350.1, 测试集RMSE: 24.1819, 测试集S分数: 3837.4
[训练耗时] 开始: 2026-04-19 03:35:33, 结束: 2026-04-19 03:37:32, 时长: 0:01:59, 总秒数: 118.96
[自动测试] 命令: /usr/bin/python /CMAPSS-release/scipt/test_model.py --sub-dataset FD003 --smooth-rate 30 --sequence-len 30 --feature-num 14 --dataset-root /CMAPSS-release/CMAPSSData/ --max-rul 125 --batch-size 128 --model-path /CMAPSS-release/logs_GAT_LSTM/model_FD003_0419_033533_seed88.pkl
模型路径:/CMAPSS-release/logs_GAT_LSTM/model_FD003_0419_033533_seed88.pkl
最终RMSE:23.853302001953125, 评分:3611.72900390625
