-----FD003-----
模型: GAT_LSTM_model(AEF与AOF均关闭)
序列长度: 30
特征维度: 14
批大小: 128
最大训练轮数: 30
随机种子: 51
学习率: 0.002
学习率调度器: step
Step步长(step_size): 10
Step衰减系数(gamma): 0.1
是否启用AEF: 否
是否启用AOF: 否
GAT隐藏层维度: [8, 8, 8]
LSTM隐藏层维度: [8, 8]
GAT Dropout系数: 0.1
GAT LeakyReLU系数(alpha): 0.1
图构建模式: path
节点嵌入维度(embed_dim): 8
Topk邻居数: 7
是否启用指数平滑: True
平滑系数(smooth_rate): 30
------------------------------
第1轮, 训练损失: 39.9351, 验证集RMSE: 30.2170, 验证集S分数: 494372.0, 测试集RMSE: 34.0810, 测试集S分数: 22710.5, 学习率: 0.00200000
第2轮, 训练损失: 31.0245, 验证集RMSE: 18.2205, 验证集S分数: 36628.9, 测试集RMSE: 22.8915, 测试集S分数: 5421.6, 学习率: 0.00200000
第3轮, 训练损失: 21.6632, 验证集RMSE: 18.7676, 验证集S分数: 27421.8, 测试集RMSE: 20.1190, 测试集S分数: 2740.2, 学习率: 0.00200000
第4轮, 训练损失: 19.7983, 验证集RMSE: 21.7826, 验证集S分数: 43575.0, 测试集RMSE: 21.6762, 测试集S分数: 3867.4, 学习率: 0.00200000
第5轮, 训练损失: 18.7934, 验证集RMSE: 16.0171, 验证集S分数: 24759.6, 测试集RMSE: 19.7991, 测试集S分数: 3784.4, 学习率: 0.00200000
第6轮, 训练损失: 18.2082, 验证集RMSE: 14.6984, 验证集S分数: 23086.2, 测试集RMSE: 18.5644, 测试集S分数: 3817.8, 学习率: 0.00200000
第7轮, 训练损失: 17.7952, 验证集RMSE: 13.8038, 验证集S分数: 23551.9, 测试集RMSE: 18.8797, 测试集S分数: 4187.4, 学习率: 0.00200000
第8轮, 训练损失: 17.3362, 验证集RMSE: 14.3052, 验证集S分数: 38385.9, 测试集RMSE: 22.1376, 测试集S分数: 6287.3, 学习率: 0.00200000
第9轮, 训练损失: 16.6889, 验证集RMSE: 13.4529, 验证集S分数: 20980.5, 测试集RMSE: 18.3601, 测试集S分数: 2741.1, 学习率: 0.00200000
第10轮, 训练损失: 16.5850, 验证集RMSE: 13.4207, 验证集S分数: 16853.9, 测试集RMSE: 16.7917, 测试集S分数: 2074.1, 学习率: 0.00200000
第11轮, 训练损失: 15.4725, 验证集RMSE: 12.9369, 验证集S分数: 17640.0, 测试集RMSE: 17.2967, 测试集S分数: 2325.8, 学习率: 0.00020000
第12轮, 训练损失: 15.4971, 验证集RMSE: 13.1729, 验证集S分数: 16960.5, 测试集RMSE: 16.9763, 测试集S分数: 2091.3, 学习率: 0.00020000
第13轮, 训练损失: 15.3644, 验证集RMSE: 12.9332, 验证集S分数: 18750.4, 测试集RMSE: 17.1727, 测试集S分数: 2303.8, 学习率: 0.00020000
第14轮, 训练损失: 15.3115, 验证集RMSE: 13.0391, 验证集S分数: 17832.5, 测试集RMSE: 16.9403, 测试集S分数: 2032.6, 学习率: 0.00020000
第15轮, 训练损失: 15.2620, 验证集RMSE: 12.6258, 验证集S分数: 21655.7, 测试集RMSE: 17.7167, 测试集S分数: 2662.6, 学习率: 0.00020000
第16轮, 训练损失: 15.2382, 验证集RMSE: 12.7027, 验证集S分数: 19541.6, 测试集RMSE: 17.3679, 测试集S分数: 2291.9, 学习率: 0.00020000
第17轮, 训练损失: 15.1463, 验证集RMSE: 13.0628, 验证集S分数: 18399.1, 测试集RMSE: 17.3725, 测试集S分数: 2244.7, 学习率: 0.00020000
第18轮, 训练损失: 15.2436, 验证集RMSE: 13.0928, 验证集S分数: 18887.8, 测试集RMSE: 17.1535, 测试集S分数: 2174.8, 学习率: 0.00020000
第19轮, 训练损失: 15.0515, 验证集RMSE: 12.7505, 验证集S分数: 20320.0, 测试集RMSE: 17.5564, 测试集S分数: 2368.1, 学习率: 0.00020000
第20轮, 训练损失: 15.0992, 验证集RMSE: 12.9505, 验证集S分数: 18556.1, 测试集RMSE: 16.8994, 测试集S分数: 1989.8, 学习率: 0.00020000
第21轮, 训练损失: 15.0698, 验证集RMSE: 12.7826, 验证集S分数: 19334.3, 测试集RMSE: 17.1144, 测试集S分数: 2087.1, 学习率: 0.00002000
第22轮, 训练损失: 15.0764, 验证集RMSE: 12.8631, 验证集S分数: 19206.5, 测试集RMSE: 17.1058, 测试集S分数: 2061.6, 学习率: 0.00002000
第23轮, 训练损失: 15.0657, 验证集RMSE: 12.8533, 验证集S分数: 19037.2, 测试集RMSE: 17.0425, 测试集S分数: 2019.6, 学习率: 0.00002000
第24轮, 训练损失: 15.0324, 验证集RMSE: 12.8357, 验证集S分数: 19146.4, 测试集RMSE: 17.0796, 测试集S分数: 2034.6, 学习率: 0.00002000
第25轮, 训练损失: 15.0247, 验证集RMSE: 12.9679, 验证集S分数: 19118.9, 测试集RMSE: 17.0206, 测试集S分数: 2016.5, 学习率: 0.00002000
第26轮, 训练损失: 14.9530, 验证集RMSE: 12.8305, 验证集S分数: 19282.5, 测试集RMSE: 17.0708, 测试集S分数: 2037.9, 学习率: 0.00002000
第27轮, 训练损失: 15.0095, 验证集RMSE: 12.7842, 验证集S分数: 19171.4, 测试集RMSE: 17.0631, 测试集S分数: 2015.4, 学习率: 0.00002000
第28轮, 训练损失: 14.9761, 验证集RMSE: 12.7991, 验证集S分数: 19202.0, 测试集RMSE: 17.0274, 测试集S分数: 2018.0, 学习率: 0.00002000
第29轮, 训练损失: 15.0118, 验证集RMSE: 12.8033, 验证集S分数: 19210.9, 测试集RMSE: 17.0297, 测试集S分数: 1999.5, 学习率: 0.00002000
第30轮, 训练损失: 14.9371, 验证集RMSE: 12.7828, 验证集S分数: 19467.3, 测试集RMSE: 17.0918, 测试集S分数: 2040.5, 学习率: 0.00002000
[训练总结] 已恢复第15轮的最佳模型, 验证集RMSE: 12.6258, 验证集S分数: 21655.7, 测试集RMSE: 17.7167, 测试集S分数: 2662.6
[训练耗时] 开始: 2026-04-19 03:51:15, 结束: 2026-04-19 03:52:42, 时长: 0:01:26, 总秒数: 86.44
[自动测试] 命令: /usr/bin/python /CMAPSS-release/scipt/test_model.py --sub-dataset FD003 --smooth-rate 30 --sequence-len 30 --feature-num 14 --dataset-root /CMAPSS-release/CMAPSSData/ --max-rul 125 --batch-size 128 --model-path /CMAPSS-release/logs_GAT_LSTM/model_FD003_0419_035115_seed51.pkl
模型路径:/CMAPSS-release/logs_GAT_LSTM/model_FD003_0419_035115_seed51.pkl
最终RMSE:17.485422134399414, 评分:2537.473876953125
