-----FD001-----
模型: GAT_LSTM_model(AEF与AOF均关闭)
序列长度: 30
特征维度: 14
批大小: 128
最大训练轮数: 30
随机种子: 33
学习率: 0.002
学习率调度器: step
Step步长(step_size): 10
Step衰减系数(gamma): 0.1
是否启用AEF: 否
是否启用AOF: 否
GAT隐藏层维度: [8, 8, 8]
LSTM隐藏层维度: [8, 8]
GAT Dropout系数: 0.1
GAT LeakyReLU系数(alpha): 0.1
图构建模式: path
节点嵌入维度(embed_dim): 8
Topk邻居数: 7
是否启用指数平滑: True
平滑系数(smooth_rate): 30
------------------------------
第1轮, 训练损失: 42.6642, 验证集RMSE: 42.1971, 验证集S分数: 467227.8, 测试集RMSE: 41.1236, 测试集S分数: 24557.7, 学习率: 0.00200000
第2轮, 训练损失: 42.0261, 验证集RMSE: 43.3309, 验证集S分数: 160774.5, 测试集RMSE: 40.3132, 测试集S分数: 7620.1, 学习率: 0.00200000
第3轮, 训练损失: 42.0197, 验证集RMSE: 43.0835, 验证集S分数: 935147.5, 测试集RMSE: 43.3020, 测试集S分数: 49628.1, 学习率: 0.00200000
第4轮, 训练损失: 42.0186, 验证集RMSE: 42.5802, 验证集S分数: 547212.8, 测试集RMSE: 41.5289, 测试集S分数: 28859.0, 学习率: 0.00200000
第5轮, 训练损失: 41.9397, 验证集RMSE: 42.1005, 验证集S分数: 822944.6, 测试集RMSE: 42.8259, 测试集S分数: 43629.9, 学习率: 0.00200000
第6轮, 训练损失: 41.9353, 验证集RMSE: 41.5770, 验证集S分数: 272563.4, 测试集RMSE: 40.2036, 测试集S分数: 13993.9, 学习率: 0.00200000
第7轮, 训练损失: 41.9630, 验证集RMSE: 42.4069, 验证集S分数: 637759.4, 测试集RMSE: 41.9744, 测试集S分数: 33716.6, 学习率: 0.00200000
第8轮, 训练损失: 41.9302, 验证集RMSE: 42.1434, 验证集S分数: 241632.9, 测试集RMSE: 40.1119, 测试集S分数: 12283.4, 学习率: 0.00200000
第9轮, 训练损失: 41.9533, 验证集RMSE: 41.8505, 验证集S分数: 384033.8, 测试集RMSE: 40.7020, 测试集S分数: 20067.5, 学习率: 0.00200000
第10轮, 训练损失: 41.9435, 验证集RMSE: 42.0411, 验证集S分数: 321329.8, 测试集RMSE: 40.4023, 测试集S分数: 16663.4, 学习率: 0.00200000
第11轮, 训练损失: 41.8044, 验证集RMSE: 41.5265, 验证集S分数: 355845.9, 测试集RMSE: 40.5637, 测试集S分数: 18540.1, 学习率: 0.00020000
第12轮, 训练损失: 41.7995, 验证集RMSE: 41.4727, 验证集S分数: 328599.9, 测试集RMSE: 40.4353, 测试集S分数: 17059.4, 学习率: 0.00020000
第13轮, 训练损失: 41.7928, 验证集RMSE: 41.4885, 验证集S分数: 330028.1, 测试集RMSE: 40.4419, 测试集S分数: 17137.1, 学习率: 0.00020000
第14轮, 训练损失: 41.8082, 验证集RMSE: 41.3833, 验证集S分数: 352048.0, 测试集RMSE: 40.5454, 测试集S分数: 18334.0, 学习率: 0.00020000
第15轮, 训练损失: 41.7975, 验证集RMSE: 41.6410, 验证集S分数: 346623.1, 测试集RMSE: 40.5195, 测试集S分数: 18039.4, 学习率: 0.00020000
第16轮, 训练损失: 41.8125, 验证集RMSE: 41.7628, 验证集S分数: 311092.8, 测试集RMSE: 40.3571, 测试集S分数: 16105.0, 学习率: 0.00020000
第17轮, 训练损失: 41.8036, 验证集RMSE: 41.9184, 验证集S分数: 367363.7, 测试集RMSE: 40.6197, 测试集S分数: 19164.7, 学习率: 0.00020000
第18轮, 训练损失: 41.8085, 验证集RMSE: 42.0114, 验证集S分数: 359083.9, 测试集RMSE: 40.5793, 测试集S分数: 18715.8, 学习率: 0.00020000
第19轮, 训练损失: 41.7995, 验证集RMSE: 41.6849, 验证集S分数: 384976.6, 测试集RMSE: 40.7067, 测试集S分数: 20118.5, 学习率: 0.00020000
第20轮, 训练损失: 41.8058, 验证集RMSE: 40.9316, 验证集S分数: 327129.4, 测试集RMSE: 40.4286, 测试集S分数: 16979.3, 学习率: 0.00020000
第21轮, 训练损失: 41.7862, 验证集RMSE: 42.2596, 验证集S分数: 346067.5, 测试集RMSE: 40.5169, 测试集S分数: 18009.2, 学习率: 0.00002000
第22轮, 训练损失: 41.7835, 验证集RMSE: 41.5590, 验证集S分数: 343077.1, 测试集RMSE: 40.5027, 测试集S分数: 17846.8, 学习率: 0.00002000
第23轮, 训练损失: 41.7990, 验证集RMSE: 41.9536, 验证集S分数: 352791.5, 测试集RMSE: 40.5490, 测试集S分数: 18374.3, 学习率: 0.00002000
第24轮, 训练损失: 41.7879, 验证集RMSE: 41.3625, 验证集S分数: 353040.9, 测试集RMSE: 40.5502, 测试集S分数: 18387.9, 学习率: 0.00002000
第25轮, 训练损失: 41.8027, 验证集RMSE: 41.5654, 验证集S分数: 345005.8, 测试集RMSE: 40.5118, 测试集S分数: 17951.6, 学习率: 0.00002000
第26轮, 训练损失: 41.7878, 验证集RMSE: 41.1040, 验证集S分数: 354651.0, 测试集RMSE: 40.5579, 测试集S分数: 18475.3, 学习率: 0.00002000
第27轮, 训练损失: 41.7858, 验证集RMSE: 42.0150, 验证集S分数: 347043.2, 测试集RMSE: 40.5215, 测试集S分数: 18062.2, 学习率: 0.00002000
第28轮, 训练损失: 41.7895, 验证集RMSE: 41.2451, 验证集S分数: 348041.3, 测试集RMSE: 40.5263, 测试集S分数: 18116.4, 学习率: 0.00002000
第29轮, 训练损失: 41.8079, 验证集RMSE: 41.6315, 验证集S分数: 342988.8, 测试集RMSE: 40.5023, 测试集S分数: 17842.0, 学习率: 0.00002000
第30轮, 训练损失: 41.7918, 验证集RMSE: 41.6503, 验证集S分数: 351287.9, 测试集RMSE: 40.5418, 测试集S分数: 18292.7, 学习率: 0.00002000
[训练总结] 已恢复第20轮的最佳模型, 验证集RMSE: 40.9316, 验证集S分数: 327129.4, 测试集RMSE: 40.4286, 测试集S分数: 16979.3
[训练耗时] 开始: 2026-04-19 01:45:52, 结束: 2026-04-19 01:47:24, 时长: 0:01:32, 总秒数: 92.09
[自动测试] 命令: /usr/bin/python /CMAPSS-release/scipt/test_model.py --sub-dataset FD001 --smooth-rate 30 --sequence-len 30 --feature-num 14 --dataset-root /CMAPSS-release/CMAPSSData/ --max-rul 125 --batch-size 128 --model-path /CMAPSS-release/logs_GAT_LSTM/model_FD001_0419_014552_seed33.pkl
模型路径:/CMAPSS-release/logs_GAT_LSTM/model_FD001_0419_014552_seed33.pkl
最终RMSE:40.33075714111328, 评分:15771.078125
