-----FD001-----
模型: GAT_LSTM_AEFAOF_model(仅AOF开启)
序列长度: 30
特征维度: 14
批大小: 128
最大训练轮数: 30
随机种子: 27
学习率: 0.002
学习率调度器: step
Step步长(step_size): 10
Step衰减系数(gamma): 0.1
是否启用AEF: 否
是否启用AOF: 是
GAT隐藏层维度: [8, 8, 8]
LSTM隐藏层维度: [8, 8]
GAT Dropout系数: 0.1
GAT LeakyReLU系数(alpha): 0.1
图构建模式: dynamic_topk
节点嵌入维度(embed_dim): 8
Topk邻居数: 7
AOF注意力隐藏维度: 4
AEF/AOF融合方式: concat
是否启用指数平滑: True
平滑系数(smooth_rate): 30
------------------------------
第1轮, 训练损失: 44.1365, 验证集RMSE: 42.1050, 验证集S分数: 837581.8, 测试集RMSE: 42.2418, 测试集S分数: 40480.6, 学习率: 0.00200000
第2轮, 训练损失: 37.8100, 验证集RMSE: 28.6957, 验证集S分数: 257571.1, 测试集RMSE: 30.2480, 测试集S分数: 21787.7, 学习率: 0.00200000
第3轮, 训练损失: 29.3004, 验证集RMSE: 33.6632, 验证集S分数: 89807.9, 测试集RMSE: 32.7056, 测试集S分数: 9725.2, 学习率: 0.00200000
第4轮, 训练损失: 28.0634, 验证集RMSE: 29.8752, 验证集S分数: 263025.6, 测试集RMSE: 34.2722, 测试集S分数: 30176.5, 学习率: 0.00200000
第5轮, 训练损失: 27.5569, 验证集RMSE: 26.4593, 验证集S分数: 138754.0, 测试集RMSE: 30.8859, 测试集S分数: 23001.8, 学习率: 0.00200000
第6轮, 训练损失: 26.9103, 验证集RMSE: 25.9978, 验证集S分数: 123339.1, 测试集RMSE: 30.2693, 测试集S分数: 25606.9, 学习率: 0.00200000
第7轮, 训练损失: 26.2835, 验证集RMSE: 24.9117, 验证集S分数: 58579.6, 测试集RMSE: 27.5810, 测试集S分数: 17471.7, 学习率: 0.00200000
第8轮, 训练损失: 25.4540, 验证集RMSE: 27.4584, 验证集S分数: 30656.5, 测试集RMSE: 25.9432, 测试集S分数: 5137.3, 学习率: 0.00200000
第9轮, 训练损失: 24.7059, 验证集RMSE: 28.1823, 验证集S分数: 213337.6, 测试集RMSE: 35.0316, 测试集S分数: 59272.1, 学习率: 0.00200000
第10轮, 训练损失: 24.3121, 验证集RMSE: 24.0647, 验证集S分数: 27334.1, 测试集RMSE: 24.8336, 测试集S分数: 7263.0, 学习率: 0.00200000
第11轮, 训练损失: 23.1337, 验证集RMSE: 23.7145, 验证集S分数: 29636.9, 测试集RMSE: 25.0433, 测试集S分数: 8721.5, 学习率: 0.00020000
第12轮, 训练损失: 23.0256, 验证集RMSE: 23.7901, 验证集S分数: 29622.7, 测试集RMSE: 24.9491, 测试集S分数: 8878.5, 学习率: 0.00020000
第13轮, 训练损失: 22.9693, 验证集RMSE: 23.9082, 验证集S分数: 25839.2, 测试集RMSE: 24.3338, 测试集S分数: 7182.2, 学习率: 0.00020000
第14轮, 训练损失: 22.8841, 验证集RMSE: 24.0536, 验证集S分数: 29530.4, 测试集RMSE: 24.9350, 测试集S分数: 8635.2, 学习率: 0.00020000
第15轮, 训练损失: 22.7896, 验证集RMSE: 23.6232, 验证集S分数: 24619.0, 测试集RMSE: 23.9329, 测试集S分数: 6410.9, 学习率: 0.00020000
第16轮, 训练损失: 22.7714, 验证集RMSE: 23.5955, 验证集S分数: 26912.6, 测试集RMSE: 24.1552, 测试集S分数: 7487.6, 学习率: 0.00020000
第17轮, 训练损失: 22.7653, 验证集RMSE: 23.9131, 验证集S分数: 25642.1, 测试集RMSE: 23.7564, 测试集S分数: 7165.7, 学习率: 0.00020000
第18轮, 训练损失: 22.7367, 验证集RMSE: 23.6841, 验证集S分数: 36299.9, 测试集RMSE: 25.2006, 测试集S分数: 11304.1, 学习率: 0.00020000
第19轮, 训练损失: 22.7031, 验证集RMSE: 23.5641, 验证集S分数: 25809.0, 测试集RMSE: 23.7367, 测试集S分数: 7121.6, 学习率: 0.00020000
第20轮, 训练损失: 22.6749, 验证集RMSE: 24.0869, 验证集S分数: 24160.4, 测试集RMSE: 23.3260, 测试集S分数: 6434.7, 学习率: 0.00020000
第21轮, 训练损失: 22.5933, 验证集RMSE: 23.3828, 验证集S分数: 26569.2, 测试集RMSE: 23.7233, 测试集S分数: 7669.6, 学习率: 0.00002000
第22轮, 训练损失: 22.5761, 验证集RMSE: 23.6822, 验证集S分数: 25956.2, 测试集RMSE: 23.6264, 测试集S分数: 7369.5, 学习率: 0.00002000
第23轮, 训练损失: 22.6085, 验证集RMSE: 23.1113, 验证集S分数: 25964.6, 测试集RMSE: 23.6254, 测试集S分数: 7348.1, 学习率: 0.00002000
第24轮, 训练损失: 22.5755, 验证集RMSE: 23.6316, 验证集S分数: 27138.7, 测试集RMSE: 23.7925, 测试集S分数: 7925.6, 学习率: 0.00002000
第25轮, 训练损失: 22.5725, 验证集RMSE: 23.3659, 验证集S分数: 26622.4, 测试集RMSE: 23.7110, 测试集S分数: 7671.6, 学习率: 0.00002000
第26轮, 训练损失: 22.5693, 验证集RMSE: 22.8756, 验证集S分数: 26835.7, 测试集RMSE: 23.7458, 测试集S分数: 7770.1, 学习率: 0.00002000
第27轮, 训练损失: 22.5604, 验证集RMSE: 23.7086, 验证集S分数: 26738.5, 测试集RMSE: 23.7144, 测试集S分数: 7739.6, 学习率: 0.00002000
第28轮, 训练损失: 22.5759, 验证集RMSE: 23.5416, 验证集S分数: 25363.6, 测试集RMSE: 23.5121, 测试集S分数: 7081.2, 学习率: 0.00002000
第29轮, 训练损失: 22.5518, 验证集RMSE: 23.9859, 验证集S分数: 28189.7, 测试集RMSE: 23.9036, 测试集S分数: 8372.0, 学习率: 0.00002000
第30轮, 训练损失: 22.5466, 验证集RMSE: 23.6094, 验证集S分数: 26148.8, 测试集RMSE: 23.6018, 测试集S分数: 7479.0, 学习率: 0.00002000
[训练总结] 已恢复第26轮的最佳模型, 验证集RMSE: 22.8756, 验证集S分数: 26835.7, 测试集RMSE: 23.7458, 测试集S分数: 7770.1
[训练耗时] 开始: 2026-04-19 01:20:58, 结束: 2026-04-19 01:22:42, 时长: 0:01:44, 总秒数: 103.50
[自动测试] 命令: /usr/bin/python /CMAPSS-release/scipt/test_model.py --sub-dataset FD001 --smooth-rate 30 --sequence-len 30 --feature-num 14 --dataset-root /CMAPSS-release/CMAPSSData/ --max-rul 125 --batch-size 128 --model-path /CMAPSS-release/logs_GAT_LSTM/model_FD001_0419_012058_seed27.pkl
模型路径:/CMAPSS-release/logs_GAT_LSTM/model_FD001_0419_012058_seed27.pkl
最终RMSE:23.66072654724121, 评分:7619.5693359375
