-----FD001-----
模型: GAT_LSTM_AEFAOF_model(AEF与AOF均开启)
序列长度: 30
特征维度: 14
批大小: 128
最大训练轮数: 30
随机种子: 97
学习率: 0.002
学习率调度器: step
Step步长(step_size): 10
Step衰减系数(gamma): 0.1
是否启用AEF: 是
是否启用AOF: 是
GAT隐藏层维度: [8, 8, 8]
LSTM隐藏层维度: [8, 8]
GAT Dropout系数: 0.1
GAT LeakyReLU系数(alpha): 0.1
图构建模式: path
节点嵌入维度(embed_dim): 8
Topk邻居数: 7
AOF注意力隐藏维度: 4
AEF注意力隐藏维度: 28
AEF/AOF融合方式: concat
是否启用指数平滑: True
平滑系数(smooth_rate): 30
------------------------------
第1轮, 训练损失: 46.0366, 验证集RMSE: 41.8294, 验证集S分数: 324302.0, 测试集RMSE: 40.4000, 测试集S分数: 16782.1, 学习率: 0.00200000
第2轮, 训练损失: 41.8506, 验证集RMSE: 41.6853, 验证集S分数: 505827.8, 测试集RMSE: 41.3249, 测试集S分数: 26569.8, 学习率: 0.00200000
第3轮, 训练损失: 37.1353, 验证集RMSE: 25.0756, 验证集S分数: 47626.4, 测试集RMSE: 27.8084, 测试集S分数: 8352.7, 学习率: 0.00200000
第4轮, 训练损失: 25.9452, 验证集RMSE: 22.1552, 验证集S分数: 17684.5, 测试集RMSE: 23.7447, 测试集S分数: 2593.0, 学习率: 0.00200000
第5轮, 训练损失: 22.1759, 验证集RMSE: 20.1498, 验证集S分数: 25225.8, 测试集RMSE: 20.8685, 测试集S分数: 1889.3, 学习率: 0.00200000
第6轮, 训练损失: 20.3964, 验证集RMSE: 23.6064, 验证集S分数: 112564.4, 测试集RMSE: 26.0953, 测试集S分数: 5680.2, 学习率: 0.00200000
第7轮, 训练损失: 19.2286, 验证集RMSE: 22.8098, 验证集S分数: 65304.2, 测试集RMSE: 22.3448, 测试集S分数: 2452.1, 学习率: 0.00200000
第8轮, 训练损失: 18.5671, 验证集RMSE: 25.3901, 验证集S分数: 65213.4, 测试集RMSE: 25.9151, 测试集S分数: 4038.5, 学习率: 0.00200000
第9轮, 训练损失: 18.2712, 验证集RMSE: 22.9931, 验证集S分数: 56634.2, 测试集RMSE: 22.7923, 测试集S分数: 2375.4, 学习率: 0.00200000
第10轮, 训练损失: 17.9254, 验证集RMSE: 21.2259, 验证集S分数: 23391.0, 测试集RMSE: 18.8488, 测试集S分数: 1225.6, 学习率: 0.00200000
第11轮, 训练损失: 17.2435, 验证集RMSE: 18.9591, 验证集S分数: 19672.6, 测试集RMSE: 17.4446, 测试集S分数: 930.7, 学习率: 0.00020000
第12轮, 训练损失: 17.1394, 验证集RMSE: 18.9737, 验证集S分数: 22481.9, 测试集RMSE: 17.5821, 测试集S分数: 990.3, 学习率: 0.00020000
第13轮, 训练损失: 17.1471, 验证集RMSE: 18.8971, 验证集S分数: 22162.6, 测试集RMSE: 17.4940, 测试集S分数: 980.3, 学习率: 0.00020000
第14轮, 训练损失: 17.0629, 验证集RMSE: 18.2424, 验证集S分数: 18344.4, 测试集RMSE: 16.8674, 测试集S分数: 826.9, 学习率: 0.00020000
第15轮, 训练损失: 17.1301, 验证集RMSE: 18.9929, 验证集S分数: 19052.3, 测试集RMSE: 17.1317, 测试集S分数: 911.6, 学习率: 0.00020000
第16轮, 训练损失: 16.9365, 验证集RMSE: 18.5505, 验证集S分数: 19950.0, 测试集RMSE: 17.1634, 测试集S分数: 909.0, 学习率: 0.00020000
第17轮, 训练损失: 17.0165, 验证集RMSE: 19.2738, 验证集S分数: 23169.0, 测试集RMSE: 17.3515, 测试集S分数: 967.9, 学习率: 0.00020000
第18轮, 训练损失: 17.0076, 验证集RMSE: 18.1801, 验证集S分数: 19719.4, 测试集RMSE: 16.9614, 测试集S分数: 854.4, 学习率: 0.00020000
第19轮, 训练损失: 16.9471, 验证集RMSE: 19.3359, 验证集S分数: 22513.9, 测试集RMSE: 17.6135, 测试集S分数: 984.6, 学习率: 0.00020000
第20轮, 训练损失: 16.9981, 验证集RMSE: 18.8462, 验证集S分数: 19477.5, 测试集RMSE: 16.9917, 测试集S分数: 883.7, 学习率: 0.00020000
第21轮, 训练损失: 16.8979, 验证集RMSE: 19.1441, 验证集S分数: 19832.0, 测试集RMSE: 17.0430, 测试集S分数: 897.8, 学习率: 0.00002000
第22轮, 训练损失: 16.9088, 验证集RMSE: 18.6993, 验证集S分数: 19723.6, 测试集RMSE: 17.0376, 测试集S分数: 896.1, 学习率: 0.00002000
第23轮, 训练损失: 16.8353, 验证集RMSE: 18.9405, 验证集S分数: 19835.1, 测试集RMSE: 17.0514, 测试集S分数: 903.1, 学习率: 0.00002000
第24轮, 训练损失: 16.9314, 验证集RMSE: 18.1551, 验证集S分数: 20315.9, 测试集RMSE: 17.1210, 测试集S分数: 917.0, 学习率: 0.00002000
第25轮, 训练损失: 16.8906, 验证集RMSE: 19.0446, 验证集S分数: 20571.9, 测试集RMSE: 17.1688, 测试集S分数: 934.4, 学习率: 0.00002000
第26轮, 训练损失: 16.8688, 验证集RMSE: 19.4499, 验证集S分数: 20048.3, 测试集RMSE: 17.0882, 测试集S分数: 914.7, 学习率: 0.00002000
第27轮, 训练损失: 16.8942, 验证集RMSE: 18.3240, 验证集S分数: 19963.2, 测试集RMSE: 17.0857, 测试集S分数: 914.1, 学习率: 0.00002000
第28轮, 训练损失: 16.9360, 验证集RMSE: 18.6679, 验证集S分数: 20356.3, 测试集RMSE: 17.1329, 测试集S分数: 926.3, 学习率: 0.00002000
第29轮, 训练损失: 16.8955, 验证集RMSE: 18.1690, 验证集S分数: 20466.5, 测试集RMSE: 17.2034, 测试集S分数: 940.9, 学习率: 0.00002000
第30轮, 训练损失: 16.8518, 验证集RMSE: 18.4953, 验证集S分数: 20243.0, 测试集RMSE: 17.1078, 测试集S分数: 921.4, 学习率: 0.00002000
[训练总结] 已恢复第24轮的最佳模型, 验证集RMSE: 18.1551, 验证集S分数: 20315.9, 测试集RMSE: 17.1210, 测试集S分数: 917.0
[训练耗时] 开始: 2026-04-19 00:53:59, 结束: 2026-04-19 00:55:50, 时长: 0:01:51, 总秒数: 111.10
[自动测试] 命令: /usr/bin/python /CMAPSS-release/scipt/test_model.py --sub-dataset FD001 --smooth-rate 30 --sequence-len 30 --feature-num 14 --dataset-root /CMAPSS-release/CMAPSSData/ --max-rul 125 --batch-size 128 --model-path /CMAPSS-release/logs_GAT_LSTM/model_FD001_0419_005359_seed97.pkl
模型路径:/CMAPSS-release/logs_GAT_LSTM/model_FD001_0419_005359_seed97.pkl
最终RMSE:16.955825805664062, 评分:864.013671875
