-----FD001-----
模型: GAT_LSTM_AEFAOF_model(仅AEF开启)
序列长度: 30
特征维度: 14
批大小: 128
最大训练轮数: 30
随机种子: 97
学习率: 0.002
学习率调度器: step
Step步长(step_size): 10
Step衰减系数(gamma): 0.1
是否启用AEF: 是
是否启用AOF: 否
GAT隐藏层维度: [8, 8, 8]
LSTM隐藏层维度: [8, 8]
GAT Dropout系数: 0.1
GAT LeakyReLU系数(alpha): 0.1
图构建模式: dynamic_topk
节点嵌入维度(embed_dim): 8
Topk邻居数: 7
AEF注意力隐藏维度: 28
AEF/AOF融合方式: concat
是否启用指数平滑: True
平滑系数(smooth_rate): 30
------------------------------
第1轮, 训练损失: 46.4459, 验证集RMSE: 38.6304, 验证集S分数: 199876.9, 测试集RMSE: 36.2201, 测试集S分数: 10281.2, 学习率: 0.00200000
第2轮, 训练损失: 34.3938, 验证集RMSE: 26.1658, 验证集S分数: 41501.4, 测试集RMSE: 27.2190, 测试集S分数: 5213.0, 学习率: 0.00200000
第3轮, 训练损失: 28.5854, 验证集RMSE: 24.1330, 验证集S分数: 60724.3, 测试集RMSE: 26.9493, 测试集S分数: 7819.2, 学习率: 0.00200000
第4轮, 训练损失: 27.3504, 验证集RMSE: 22.5175, 验证集S分数: 75797.7, 测试集RMSE: 26.8271, 测试集S分数: 10145.1, 学习率: 0.00200000
第5轮, 训练损失: 26.6380, 验证集RMSE: 22.6991, 验证集S分数: 78823.9, 测试集RMSE: 27.1648, 测试集S分数: 11823.1, 学习率: 0.00200000
第6轮, 训练损失: 25.6694, 验证集RMSE: 22.0065, 验证集S分数: 56022.7, 测试集RMSE: 24.8245, 测试集S分数: 7601.0, 学习率: 0.00200000
第7轮, 训练损失: 25.2659, 验证集RMSE: 22.2097, 验证集S分数: 37330.7, 测试集RMSE: 23.8478, 测试集S分数: 5948.5, 学习率: 0.00200000
第8轮, 训练损失: 24.3690, 验证集RMSE: 22.5380, 验证集S分数: 106021.6, 测试集RMSE: 25.4872, 测试集S分数: 13742.0, 学习率: 0.00200000
第9轮, 训练损失: 24.0376, 验证集RMSE: 22.2875, 验证集S分数: 51030.7, 测试集RMSE: 23.4610, 测试集S分数: 5463.5, 学习率: 0.00200000
第10轮, 训练损失: 23.4894, 验证集RMSE: 23.9494, 验证集S分数: 249198.2, 测试集RMSE: 29.1081, 测试集S分数: 30768.3, 学习率: 0.00200000
第11轮, 训练损失: 22.4896, 验证集RMSE: 21.2274, 验证集S分数: 105779.9, 测试集RMSE: 23.9107, 测试集S分数: 11400.8, 学习率: 0.00020000
第12轮, 训练损失: 22.4290, 验证集RMSE: 22.5000, 验证集S分数: 111327.6, 测试集RMSE: 24.4770, 测试集S分数: 12281.5, 学习率: 0.00020000
第13轮, 训练损失: 22.1020, 验证集RMSE: 21.1938, 验证集S分数: 107057.9, 测试集RMSE: 24.0995, 测试集S分数: 12779.6, 学习率: 0.00020000
第14轮, 训练损失: 22.1455, 验证集RMSE: 22.3069, 验证集S分数: 121781.6, 测试集RMSE: 24.1961, 测试集S分数: 13230.7, 学习率: 0.00020000
第15轮, 训练损失: 22.2142, 验证集RMSE: 20.4855, 验证集S分数: 96399.0, 测试集RMSE: 23.6072, 测试集S分数: 10473.3, 学习率: 0.00020000
第16轮, 训练损失: 22.0648, 验证集RMSE: 22.0883, 验证集S分数: 125150.0, 测试集RMSE: 24.3290, 测试集S分数: 14265.2, 学习率: 0.00020000
第17轮, 训练损失: 22.1783, 验证集RMSE: 21.9348, 验证集S分数: 104406.7, 测试集RMSE: 24.0105, 测试集S分数: 12146.4, 学习率: 0.00020000
第18轮, 训练损失: 22.0344, 验证集RMSE: 20.6170, 验证集S分数: 83373.5, 测试集RMSE: 22.6244, 测试集S分数: 9858.6, 学习率: 0.00020000
第19轮, 训练损失: 22.0091, 验证集RMSE: 22.8385, 验证集S分数: 149106.4, 测试集RMSE: 25.2547, 测试集S分数: 18188.7, 学习率: 0.00020000
第20轮, 训练损失: 21.9379, 验证集RMSE: 21.1852, 验证集S分数: 107762.6, 测试集RMSE: 23.8218, 测试集S分数: 12362.4, 学习率: 0.00020000
第21轮, 训练损失: 21.9066, 验证集RMSE: 21.2105, 验证集S分数: 121247.0, 测试集RMSE: 24.1567, 测试集S分数: 13773.1, 学习率: 0.00002000
第22轮, 训练损失: 21.8921, 验证集RMSE: 21.4640, 验证集S分数: 117851.5, 测试集RMSE: 24.0234, 测试集S分数: 13361.2, 学习率: 0.00002000
第23轮, 训练损失: 21.9627, 验证集RMSE: 21.5106, 验证集S分数: 120630.6, 测试集RMSE: 24.0785, 测试集S分数: 13516.5, 学习率: 0.00002000
第24轮, 训练损失: 21.6904, 验证集RMSE: 21.5265, 验证集S分数: 117854.1, 测试集RMSE: 23.8984, 测试集S分数: 13220.4, 学习率: 0.00002000
第25轮, 训练损失: 21.8761, 验证集RMSE: 21.1347, 验证集S分数: 113917.2, 测试集RMSE: 23.7810, 测试集S分数: 12664.5, 学习率: 0.00002000
第26轮, 训练损失: 21.6234, 验证集RMSE: 21.2399, 验证集S分数: 116005.5, 测试集RMSE: 23.7615, 测试集S分数: 12707.7, 学习率: 0.00002000
第27轮, 训练损失: 21.7252, 验证集RMSE: 20.8285, 验证集S分数: 114223.0, 测试集RMSE: 23.7230, 测试集S分数: 12380.3, 学习率: 0.00002000
第28轮, 训练损失: 21.8004, 验证集RMSE: 21.0323, 验证集S分数: 122916.8, 测试集RMSE: 23.9275, 测试集S分数: 13249.2, 学习率: 0.00002000
第29轮, 训练损失: 21.8585, 验证集RMSE: 21.3105, 验证集S分数: 122713.7, 测试集RMSE: 23.9364, 测试集S分数: 13326.7, 学习率: 0.00002000
第30轮, 训练损失: 21.7548, 验证集RMSE: 21.2400, 验证集S分数: 124808.9, 测试集RMSE: 23.9812, 测试集S分数: 13429.3, 学习率: 0.00002000
[训练总结] 已恢复第15轮的最佳模型, 验证集RMSE: 20.4855, 验证集S分数: 96399.0, 测试集RMSE: 23.6072, 测试集S分数: 10473.3
[训练耗时] 开始: 2026-04-19 01:14:26, 结束: 2026-04-19 01:16:15, 时长: 0:01:49, 总秒数: 109.39
[自动测试] 命令: /usr/bin/python /CMAPSS-release/scipt/test_model.py --sub-dataset FD001 --smooth-rate 30 --sequence-len 30 --feature-num 14 --dataset-root /CMAPSS-release/CMAPSSData/ --max-rul 125 --batch-size 128 --model-path /CMAPSS-release/logs_GAT_LSTM/model_FD001_0419_011426_seed97.pkl
模型路径:/CMAPSS-release/logs_GAT_LSTM/model_FD001_0419_011426_seed97.pkl
最终RMSE:23.373489379882812, 评分:9804.73046875
