-----FD003-----
模型: GAT_LSTM_model(AEF与AOF均关闭)
序列长度: 30
特征维度: 14
批大小: 128
最大训练轮数: 30
随机种子: 30
学习率: 0.002
学习率调度器: step
Step步长(step_size): 10
Step衰减系数(gamma): 0.1
是否启用AEF: 否
是否启用AOF: 否
GAT隐藏层维度: [8, 8, 8]
LSTM隐藏层维度: [8, 8]
GAT Dropout系数: 0.1
GAT LeakyReLU系数(alpha): 0.1
图构建模式: path
节点嵌入维度(embed_dim): 8
Topk邻居数: 7
是否启用指数平滑: True
平滑系数(smooth_rate): 30
------------------------------
第1轮, 训练损失: 41.5196, 验证集RMSE: 31.6717, 验证集S分数: 686585.4, 测试集RMSE: 36.1781, 测试集S分数: 31108.1, 学习率: 0.00200000
第2轮, 训练损失: 35.7307, 验证集RMSE: 23.0858, 验证集S分数: 136760.4, 测试集RMSE: 35.3814, 测试集S分数: 16017.3, 学习率: 0.00200000
第3轮, 训练损失: 23.0218, 验证集RMSE: 17.6548, 验证集S分数: 49070.7, 测试集RMSE: 28.3131, 测试集S分数: 7913.3, 学习率: 0.00200000
第4轮, 训练损失: 21.1059, 验证集RMSE: 16.9937, 验证集S分数: 25033.0, 测试集RMSE: 21.1204, 测试集S分数: 2858.6, 学习率: 0.00200000
第5轮, 训练损失: 19.8546, 验证集RMSE: 15.3842, 验证集S分数: 24151.7, 测试集RMSE: 19.8648, 测试集S分数: 3054.3, 学习率: 0.00200000
第6轮, 训练损失: 18.4308, 验证集RMSE: 16.6279, 验证集S分数: 21935.3, 测试集RMSE: 18.5662, 测试集S分数: 3027.3, 学习率: 0.00200000
第7轮, 训练损失: 17.7759, 验证集RMSE: 14.5861, 验证集S分数: 18136.4, 测试集RMSE: 19.6446, 测试集S分数: 2568.1, 学习率: 0.00200000
第8轮, 训练损失: 17.4364, 验证集RMSE: 16.7823, 验证集S分数: 17179.8, 测试集RMSE: 17.2624, 测试集S分数: 1712.5, 学习率: 0.00200000
第9轮, 训练损失: 16.9748, 验证集RMSE: 15.5600, 验证集S分数: 21946.4, 测试集RMSE: 18.4336, 测试集S分数: 3189.5, 学习率: 0.00200000
第10轮, 训练损失: 16.7476, 验证集RMSE: 14.6603, 验证集S分数: 24512.2, 测试集RMSE: 20.1457, 测试集S分数: 2527.8, 学习率: 0.00200000
第11轮, 训练损失: 15.4077, 验证集RMSE: 14.3509, 验证集S分数: 19668.0, 测试集RMSE: 18.0670, 测试集S分数: 2271.5, 学习率: 0.00020000
第12轮, 训练损失: 15.3355, 验证集RMSE: 14.0774, 验证集S分数: 20513.6, 测试集RMSE: 18.4910, 测试集S分数: 2389.9, 学习率: 0.00020000
第13轮, 训练损失: 15.2488, 验证集RMSE: 14.4716, 验证集S分数: 19897.2, 测试集RMSE: 17.8964, 测试集S分数: 2331.6, 学习率: 0.00020000
第14轮, 训练损失: 15.1002, 验证集RMSE: 14.2441, 验证集S分数: 20287.1, 测试集RMSE: 17.7703, 测试集S分数: 2258.0, 学习率: 0.00020000
第15轮, 训练损失: 15.0217, 验证集RMSE: 14.1836, 验证集S分数: 22108.7, 测试集RMSE: 18.6281, 测试集S分数: 2761.0, 学习率: 0.00020000
第16轮, 训练损失: 14.9881, 验证集RMSE: 14.1777, 验证集S分数: 20858.6, 测试集RMSE: 18.0046, 测试集S分数: 2389.3, 学习率: 0.00020000
第17轮, 训练损失: 14.9721, 验证集RMSE: 14.5614, 验证集S分数: 19390.2, 测试集RMSE: 17.1701, 测试集S分数: 1841.7, 学习率: 0.00020000
第18轮, 训练损失: 14.9412, 验证集RMSE: 13.9662, 验证集S分数: 21814.3, 测试集RMSE: 18.2249, 测试集S分数: 2284.6, 学习率: 0.00020000
第19轮, 训练损失: 14.7906, 验证集RMSE: 14.2727, 验证集S分数: 21398.3, 测试集RMSE: 18.0224, 测试集S分数: 2407.0, 学习率: 0.00020000
第20轮, 训练损失: 14.8003, 验证集RMSE: 14.0495, 验证集S分数: 21672.0, 测试集RMSE: 18.1640, 测试集S分数: 2038.7, 学习率: 0.00020000
第21轮, 训练损失: 14.7040, 验证集RMSE: 14.0196, 验证集S分数: 21019.5, 测试集RMSE: 17.7728, 测试集S分数: 1912.8, 学习率: 0.00002000
第22轮, 训练损失: 14.7041, 验证集RMSE: 14.0761, 验证集S分数: 21037.9, 测试集RMSE: 17.6669, 测试集S分数: 1887.1, 学习率: 0.00002000
第23轮, 训练损失: 14.6458, 验证集RMSE: 13.9574, 验证集S分数: 21400.2, 测试集RMSE: 17.7311, 测试集S分数: 1886.4, 学习率: 0.00002000
第24轮, 训练损失: 14.7076, 验证集RMSE: 14.3013, 验证集S分数: 20544.0, 测试集RMSE: 17.4580, 测试集S分数: 1874.8, 学习率: 0.00002000
第25轮, 训练损失: 14.7161, 验证集RMSE: 14.1652, 验证集S分数: 20974.0, 测试集RMSE: 17.5682, 测试集S分数: 1882.3, 学习率: 0.00002000
第26轮, 训练损失: 14.6611, 验证集RMSE: 13.9951, 验证集S分数: 20902.8, 测试集RMSE: 17.5357, 测试集S分数: 1837.2, 学习率: 0.00002000
第27轮, 训练损失: 14.6016, 验证集RMSE: 14.0008, 验证集S分数: 20709.6, 测试集RMSE: 17.4256, 测试集S分数: 1732.7, 学习率: 0.00002000
第28轮, 训练损失: 14.6656, 验证集RMSE: 14.1234, 验证集S分数: 20886.3, 测试集RMSE: 17.5233, 测试集S分数: 1744.0, 学习率: 0.00002000
第29轮, 训练损失: 14.7924, 验证集RMSE: 14.1604, 验证集S分数: 20428.1, 测试集RMSE: 17.3155, 测试集S分数: 1726.3, 学习率: 0.00002000
第30轮, 训练损失: 14.6985, 验证集RMSE: 14.1514, 验证集S分数: 20356.9, 测试集RMSE: 17.3192, 测试集S分数: 1723.2, 学习率: 0.00002000
[训练总结] 已恢复第23轮的最佳模型, 验证集RMSE: 13.9574, 验证集S分数: 21400.2, 测试集RMSE: 17.7311, 测试集S分数: 1886.4
[训练耗时] 开始: 2026-04-19 03:47:04, 结束: 2026-04-19 03:48:40, 时长: 0:01:37, 总秒数: 96.51
[自动测试] 命令: /usr/bin/python /CMAPSS-release/scipt/test_model.py --sub-dataset FD003 --smooth-rate 30 --sequence-len 30 --feature-num 14 --dataset-root /CMAPSS-release/CMAPSSData/ --max-rul 125 --batch-size 128 --model-path /CMAPSS-release/logs_GAT_LSTM/model_FD003_0419_034704_seed30.pkl
模型路径:/CMAPSS-release/logs_GAT_LSTM/model_FD003_0419_034704_seed30.pkl
最终RMSE:17.461959838867188, 评分:1794.689697265625
