-----FD001-----
模型: GAT_LSTM_model(AEF与AOF均关闭)
序列长度: 30
特征维度: 14
批大小: 128
最大训练轮数: 30
随机种子: 27
学习率: 0.002
学习率调度器: step
Step步长(step_size): 10
Step衰减系数(gamma): 0.1
是否启用AEF: 否
是否启用AOF: 否
GAT隐藏层维度: [8, 8, 8]
LSTM隐藏层维度: [8, 8]
GAT Dropout系数: 0.1
GAT LeakyReLU系数(alpha): 0.1
图构建模式: path
节点嵌入维度(embed_dim): 8
Topk邻居数: 7
是否启用指数平滑: True
平滑系数(smooth_rate): 30
------------------------------
第1轮, 训练损失: 43.2306, 验证集RMSE: 42.0930, 验证集S分数: 282698.4, 测试集RMSE: 40.2408, 测试集S分数: 14553.6, 学习率: 0.00200000
第2轮, 训练损失: 39.4141, 验证集RMSE: 24.2009, 验证集S分数: 46852.5, 测试集RMSE: 28.8878, 测试集S分数: 5985.8, 学习率: 0.00200000
第3轮, 训练损失: 26.6978, 验证集RMSE: 23.9313, 验证集S分数: 44429.4, 测试集RMSE: 25.6912, 测试集S分数: 5145.6, 学习率: 0.00200000
第4轮, 训练损失: 24.4535, 验证集RMSE: 21.8653, 验证集S分数: 58669.4, 测试集RMSE: 24.0050, 测试集S分数: 4459.2, 学习率: 0.00200000
第5轮, 训练损失: 23.3414, 验证集RMSE: 21.7296, 验证集S分数: 50616.8, 测试集RMSE: 23.1809, 测试集S分数: 4776.0, 学习率: 0.00200000
第6轮, 训练损失: 22.7531, 验证集RMSE: 23.4930, 验证集S分数: 93485.5, 测试集RMSE: 26.0455, 测试集S分数: 9538.0, 学习率: 0.00200000
第7轮, 训练损失: 22.3143, 验证集RMSE: 21.9750, 验证集S分数: 66786.5, 测试集RMSE: 21.9790, 测试集S分数: 1946.0, 学习率: 0.00200000
第8轮, 训练损失: 22.2157, 验证集RMSE: 21.6802, 验证集S分数: 49186.2, 测试集RMSE: 21.1500, 测试集S分数: 1446.3, 学习率: 0.00200000
第9轮, 训练损失: 21.8124, 验证集RMSE: 22.8421, 验证集S分数: 72508.6, 测试集RMSE: 23.1610, 测试集S分数: 2770.2, 学习率: 0.00200000
第10轮, 训练损失: 21.4887, 验证集RMSE: 21.0846, 验证集S分数: 30668.2, 测试集RMSE: 19.2351, 测试集S分数: 912.5, 学习率: 0.00200000
第11轮, 训练损失: 20.4840, 验证集RMSE: 22.4526, 验证集S分数: 67179.6, 测试集RMSE: 21.9079, 测试集S分数: 2320.0, 学习率: 0.00020000
第12轮, 训练损失: 20.3975, 验证集RMSE: 22.1643, 验证集S分数: 62458.6, 测试集RMSE: 21.2047, 测试集S分数: 1869.0, 学习率: 0.00020000
第13轮, 训练损失: 20.2109, 验证集RMSE: 22.0388, 验证集S分数: 62424.4, 测试集RMSE: 21.7883, 测试集S分数: 2127.4, 学习率: 0.00020000
第14轮, 训练损失: 20.3482, 验证集RMSE: 21.7795, 验证集S分数: 51443.8, 测试集RMSE: 20.6004, 测试集S分数: 1618.6, 学习率: 0.00020000
第15轮, 训练损失: 20.2510, 验证集RMSE: 21.4689, 验证集S分数: 53493.7, 测试集RMSE: 20.5517, 测试集S分数: 1627.2, 学习率: 0.00020000
第16轮, 训练损失: 20.2710, 验证集RMSE: 22.5437, 验证集S分数: 65493.2, 测试集RMSE: 21.4041, 测试集S分数: 1992.5, 学习率: 0.00020000
第17轮, 训练损失: 20.1155, 验证集RMSE: 22.1398, 验证集S分数: 53463.1, 测试集RMSE: 20.5826, 测试集S分数: 1670.7, 学习率: 0.00020000
第18轮, 训练损失: 20.2229, 验证集RMSE: 20.9841, 验证集S分数: 41588.1, 测试集RMSE: 19.8501, 测试集S分数: 1310.5, 学习率: 0.00020000
第19轮, 训练损失: 20.1056, 验证集RMSE: 21.9394, 验证集S分数: 63888.3, 测试集RMSE: 22.0091, 测试集S分数: 2274.4, 学习率: 0.00020000
第20轮, 训练损失: 20.0415, 验证集RMSE: 21.2299, 验证集S分数: 49099.5, 测试集RMSE: 20.1149, 测试集S分数: 1487.2, 学习率: 0.00020000
第21轮, 训练损失: 20.0196, 验证集RMSE: 22.5147, 验证集S分数: 55184.0, 测试集RMSE: 20.7999, 测试集S分数: 1753.7, 学习率: 0.00002000
第22轮, 训练损失: 20.0034, 验证集RMSE: 21.6337, 验证集S分数: 50342.8, 测试集RMSE: 20.3806, 测试集S分数: 1585.3, 学习率: 0.00002000
第23轮, 训练损失: 20.1097, 验证集RMSE: 21.4785, 验证集S分数: 52641.7, 测试集RMSE: 20.6615, 测试集S分数: 1698.1, 学习率: 0.00002000
第24轮, 训练损失: 19.9948, 验证集RMSE: 21.0477, 验证集S分数: 50528.2, 测试集RMSE: 20.4784, 测试集S分数: 1628.1, 学习率: 0.00002000
第25轮, 训练损失: 19.9490, 验证集RMSE: 21.9842, 验证集S分数: 50948.1, 测试集RMSE: 20.5192, 测试集S分数: 1641.8, 学习率: 0.00002000
第26轮, 训练损失: 19.9428, 验证集RMSE: 22.1786, 验证集S分数: 52268.3, 测试集RMSE: 20.5819, 测试集S分数: 1665.2, 学习率: 0.00002000
第27轮, 训练损失: 19.9896, 验证集RMSE: 21.4418, 验证集S分数: 49053.0, 测试集RMSE: 20.3696, 测试集S分数: 1577.7, 学习率: 0.00002000
第28轮, 训练损失: 19.9459, 验证集RMSE: 21.8907, 验证集S分数: 52290.0, 测试集RMSE: 20.6866, 测试集S分数: 1711.9, 学习率: 0.00002000
第29轮, 训练损失: 20.0148, 验证集RMSE: 21.9474, 验证集S分数: 49435.0, 测试集RMSE: 20.4024, 测试集S分数: 1592.3, 学习率: 0.00002000
第30轮, 训练损失: 19.9308, 验证集RMSE: 20.9268, 验证集S分数: 50955.0, 测试集RMSE: 20.4755, 测试集S分数: 1641.0, 学习率: 0.00002000
[训练总结] 已恢复第30轮的最佳模型, 验证集RMSE: 20.9268, 验证集S分数: 50955.0, 测试集RMSE: 20.4755, 测试集S分数: 1641.0
[训练耗时] 开始: 2026-04-19 01:41:40, 结束: 2026-04-19 01:43:11, 时长: 0:01:32, 总秒数: 91.51
[自动测试] 命令: /usr/bin/python /CMAPSS-release/scipt/test_model.py --sub-dataset FD001 --smooth-rate 30 --sequence-len 30 --feature-num 14 --dataset-root /CMAPSS-release/CMAPSSData/ --max-rul 125 --batch-size 128 --model-path /CMAPSS-release/logs_GAT_LSTM/model_FD001_0419_014140_seed27.pkl
模型路径:/CMAPSS-release/logs_GAT_LSTM/model_FD001_0419_014140_seed27.pkl
最终RMSE:20.296552658081055, 评分:1577.0555419921875
