-----FD003-----
模型: GAT_LSTM_AEFAOF_model(AEF与AOF均开启)
序列长度: 30
特征维度: 14
批大小: 128
最大训练轮数: 30
随机种子: 27
学习率: 0.002
学习率调度器: step
Step步长(step_size): 10
Step衰减系数(gamma): 0.1
是否启用AEF: 是
是否启用AOF: 是
GAT隐藏层维度: [8, 8, 8]
LSTM隐藏层维度: [8, 8]
GAT Dropout系数: 0.1
GAT LeakyReLU系数(alpha): 0.1
图构建模式: path
节点嵌入维度(embed_dim): 8
Topk邻居数: 7
AOF注意力隐藏维度: 4
AEF注意力隐藏维度: 28
AEF/AOF融合方式: concat
是否启用指数平滑: True
平滑系数(smooth_rate): 30
------------------------------
第1轮, 训练损失: 38.6305, 验证集RMSE: 34.0178, 验证集S分数: 174921.6, 测试集RMSE: 32.3840, 测试集S分数: 8730.3, 学习率: 0.00200000
第2轮, 训练损失: 28.9219, 验证集RMSE: 17.4443, 验证集S分数: 35271.5, 测试集RMSE: 23.8702, 测试集S分数: 3480.6, 学习率: 0.00200000
第3轮, 训练损失: 21.6817, 验证集RMSE: 16.1668, 验证集S分数: 29558.3, 测试集RMSE: 22.4290, 测试集S分数: 3034.6, 学习率: 0.00200000
第4轮, 训练损失: 20.2888, 验证集RMSE: 15.7350, 验证集S分数: 25511.5, 测试集RMSE: 22.1606, 测试集S分数: 2576.9, 学习率: 0.00200000
第5轮, 训练损失: 19.5855, 验证集RMSE: 14.6966, 验证集S分数: 22278.4, 测试集RMSE: 20.3249, 测试集S分数: 2116.9, 学习率: 0.00200000
第6轮, 训练损失: 18.8575, 验证集RMSE: 14.5536, 验证集S分数: 25791.4, 测试集RMSE: 20.4650, 测试集S分数: 2008.5, 学习率: 0.00200000
第7轮, 训练损失: 18.1276, 验证集RMSE: 13.9770, 验证集S分数: 23656.6, 测试集RMSE: 18.2250, 测试集S分数: 1635.3, 学习率: 0.00200000
第8轮, 训练损失: 17.4421, 验证集RMSE: 15.4089, 验证集S分数: 20322.2, 测试集RMSE: 17.5126, 测试集S分数: 1179.2, 学习率: 0.00200000
第9轮, 训练损失: 16.9386, 验证集RMSE: 14.4064, 验证集S分数: 22000.2, 测试集RMSE: 17.7427, 测试集S分数: 1508.4, 学习率: 0.00200000
第10轮, 训练损失: 16.6288, 验证集RMSE: 14.2092, 验证集S分数: 20032.5, 测试集RMSE: 17.4117, 测试集S分数: 1274.4, 学习率: 0.00200000
第11轮, 训练损失: 15.6710, 验证集RMSE: 14.1125, 验证集S分数: 21799.4, 测试集RMSE: 16.8372, 测试集S分数: 1240.1, 学习率: 0.00020000
第12轮, 训练损失: 15.6537, 验证集RMSE: 14.1059, 验证集S分数: 23487.7, 测试集RMSE: 16.7584, 测试集S分数: 1287.3, 学习率: 0.00020000
第13轮, 训练损失: 15.5210, 验证集RMSE: 13.8059, 验证集S分数: 23358.4, 测试集RMSE: 16.8252, 测试集S分数: 1336.5, 学习率: 0.00020000
第14轮, 训练损失: 15.3926, 验证集RMSE: 13.8143, 验证集S分数: 22931.8, 测试集RMSE: 16.9322, 测试集S分数: 1329.0, 学习率: 0.00020000
第15轮, 训练损失: 15.3682, 验证集RMSE: 13.7360, 验证集S分数: 22292.9, 测试集RMSE: 16.6304, 测试集S分数: 1255.0, 学习率: 0.00020000
第16轮, 训练损失: 15.4065, 验证集RMSE: 13.7486, 验证集S分数: 21467.5, 测试集RMSE: 16.6875, 测试集S分数: 1250.7, 学习率: 0.00020000
第17轮, 训练损失: 15.2905, 验证集RMSE: 13.6749, 验证集S分数: 22782.5, 测试集RMSE: 16.5463, 测试集S分数: 1259.4, 学习率: 0.00020000
第18轮, 训练损失: 15.2252, 验证集RMSE: 13.9812, 验证集S分数: 21815.4, 测试集RMSE: 16.3812, 测试集S分数: 1228.8, 学习率: 0.00020000
第19轮, 训练损失: 15.2139, 验证集RMSE: 13.9268, 验证集S分数: 21741.4, 测试集RMSE: 16.6549, 测试集S分数: 1243.9, 学习率: 0.00020000
第20轮, 训练损失: 15.3304, 验证集RMSE: 14.0997, 验证集S分数: 21116.3, 测试集RMSE: 16.4177, 测试集S分数: 1184.0, 学习率: 0.00020000
第21轮, 训练损失: 15.0597, 验证集RMSE: 13.9661, 验证集S分数: 21993.4, 测试集RMSE: 16.5214, 测试集S分数: 1242.4, 学习率: 0.00002000
第22轮, 训练损失: 15.1117, 验证集RMSE: 14.0144, 验证集S分数: 22354.3, 测试集RMSE: 16.4857, 测试集S分数: 1253.4, 学习率: 0.00002000
第23轮, 训练损失: 15.0628, 验证集RMSE: 13.7682, 验证集S分数: 22200.5, 测试集RMSE: 16.6104, 测试集S分数: 1265.5, 学习率: 0.00002000
第24轮, 训练损失: 15.1240, 验证集RMSE: 13.8738, 验证集S分数: 22354.3, 测试集RMSE: 16.5872, 测试集S分数: 1257.4, 学习率: 0.00002000
第25轮, 训练损失: 15.0961, 验证集RMSE: 13.9922, 验证集S分数: 22003.8, 测试集RMSE: 16.5062, 测试集S分数: 1239.5, 学习率: 0.00002000
第26轮, 训练损失: 15.1243, 验证集RMSE: 13.8578, 验证集S分数: 22375.7, 测试集RMSE: 16.5807, 测试集S分数: 1262.9, 学习率: 0.00002000
第27轮, 训练损失: 15.0849, 验证集RMSE: 13.8419, 验证集S分数: 22291.3, 测试集RMSE: 16.5577, 测试集S分数: 1256.9, 学习率: 0.00002000
第28轮, 训练损失: 15.1486, 验证集RMSE: 13.9154, 验证集S分数: 22277.5, 测试集RMSE: 16.5865, 测试集S分数: 1254.2, 学习率: 0.00002000
第29轮, 训练损失: 15.0355, 验证集RMSE: 14.0542, 验证集S分数: 21939.3, 测试集RMSE: 16.5004, 测试集S分数: 1229.2, 学习率: 0.00002000
第30轮, 训练损失: 15.0829, 验证集RMSE: 13.9418, 验证集S分数: 21921.8, 测试集RMSE: 16.4061, 测试集S分数: 1220.0, 学习率: 0.00002000
[训练总结] 已恢复第17轮的最佳模型, 验证集RMSE: 13.6749, 验证集S分数: 22782.5, 测试集RMSE: 16.5463, 测试集S分数: 1259.4
[训练耗时] 开始: 2026-04-19 02:30:11, 结束: 2026-04-19 02:32:29, 时长: 0:02:18, 总秒数: 137.75
[自动测试] 命令: /usr/bin/python /CMAPSS-release/scipt/test_model.py --sub-dataset FD003 --smooth-rate 30 --sequence-len 30 --feature-num 14 --dataset-root /CMAPSS-release/CMAPSSData/ --max-rul 125 --batch-size 128 --model-path /CMAPSS-release/logs_GAT_LSTM/model_FD003_0419_023011_seed27.pkl
模型路径:/CMAPSS-release/logs_GAT_LSTM/model_FD003_0419_023011_seed27.pkl
最终RMSE:16.40761947631836, 评分:1209.321044921875
