-----FD003-----
模型: GAT_LSTM_AEFAOF_model(仅AOF开启)
序列长度: 30
特征维度: 14
批大小: 128
最大训练轮数: 30
随机种子: 17
学习率: 0.002
学习率调度器: step
Step步长(step_size): 10
Step衰减系数(gamma): 0.1
是否启用AEF: 否
是否启用AOF: 是
GAT隐藏层维度: [8, 8, 8]
LSTM隐藏层维度: [8, 8]
GAT Dropout系数: 0.1
GAT LeakyReLU系数(alpha): 0.1
图构建模式: dynamic_topk
节点嵌入维度(embed_dim): 8
Topk邻居数: 7
AOF注意力隐藏维度: 4
AEF/AOF融合方式: concat
是否启用指数平滑: True
平滑系数(smooth_rate): 30
------------------------------
第1轮, 训练损失: 42.8105, 验证集RMSE: 31.2166, 验证集S分数: 356765.8, 测试集RMSE: 35.9972, 测试集S分数: 24381.0, 学习率: 0.00200000
第2轮, 训练损失: 36.6743, 验证集RMSE: 25.9878, 验证集S分数: 285266.3, 测试集RMSE: 33.2609, 测试集S分数: 18888.8, 学习率: 0.00200000
第3轮, 训练损失: 30.7409, 验证集RMSE: 26.9341, 验证集S分数: 141739.9, 测试集RMSE: 28.9542, 测试集S分数: 5262.1, 学习率: 0.00200000
第4轮, 训练损失: 27.5962, 验证集RMSE: 28.6601, 验证集S分数: 105116.0, 测试集RMSE: 27.3873, 测试集S分数: 2800.5, 学习率: 0.00200000
第5轮, 训练损失: 26.6044, 验证集RMSE: 23.6138, 验证集S分数: 226604.9, 测试集RMSE: 35.3006, 测试集S分数: 24477.0, 学习率: 0.00200000
第6轮, 训练损失: 25.6792, 验证集RMSE: 23.4948, 验证集S分数: 73142.8, 测试集RMSE: 29.1863, 测试集S分数: 7268.4, 学习率: 0.00200000
第7轮, 训练损失: 25.6351, 验证集RMSE: 25.0053, 验证集S分数: 68771.2, 测试集RMSE: 27.2461, 测试集S分数: 4593.9, 学习率: 0.00200000
第8轮, 训练损失: 25.0653, 验证集RMSE: 23.6825, 验证集S分数: 68110.7, 测试集RMSE: 28.4024, 测试集S分数: 6437.4, 学习率: 0.00200000
第9轮, 训练损失: 24.4774, 验证集RMSE: 23.2065, 验证集S分数: 77899.9, 测试集RMSE: 29.6610, 测试集S分数: 8008.9, 学习率: 0.00200000
第10轮, 训练损失: 24.2266, 验证集RMSE: 22.2722, 验证集S分数: 79993.0, 测试集RMSE: 30.7530, 测试集S分数: 9807.1, 学习率: 0.00200000
第11轮, 训练损失: 22.9843, 验证集RMSE: 22.0004, 验证集S分数: 59736.2, 测试集RMSE: 28.2415, 测试集S分数: 7265.9, 学习率: 0.00020000
第12轮, 训练损失: 22.9244, 验证集RMSE: 22.4926, 验证集S分数: 50651.0, 测试集RMSE: 27.3884, 测试集S分数: 5940.2, 学习率: 0.00020000
第13轮, 训练损失: 22.8267, 验证集RMSE: 22.2286, 验证集S分数: 52650.1, 测试集RMSE: 27.7139, 测试集S分数: 6569.9, 学习率: 0.00020000
第14轮, 训练损失: 22.7212, 验证集RMSE: 22.1102, 验证集S分数: 57651.4, 测试集RMSE: 28.5010, 测试集S分数: 7703.8, 学习率: 0.00020000
第15轮, 训练损失: 22.6693, 验证集RMSE: 22.1197, 验证集S分数: 49573.6, 测试集RMSE: 27.3766, 测试集S分数: 6459.0, 学习率: 0.00020000
第16轮, 训练损失: 22.6323, 验证集RMSE: 22.2109, 验证集S分数: 46764.3, 测试集RMSE: 26.9080, 测试集S分数: 6110.9, 学习率: 0.00020000
第17轮, 训练损失: 22.5160, 验证集RMSE: 22.2618, 验证集S分数: 44118.5, 测试集RMSE: 26.7368, 测试集S分数: 5772.7, 学习率: 0.00020000
第18轮, 训练损失: 22.4606, 验证集RMSE: 22.3177, 验证集S分数: 45774.2, 测试集RMSE: 26.7699, 测试集S分数: 5901.2, 学习率: 0.00020000
第19轮, 训练损失: 22.3891, 验证集RMSE: 22.2428, 验证集S分数: 42789.4, 测试集RMSE: 26.4873, 测试集S分数: 5490.5, 学习率: 0.00020000
第20轮, 训练损失: 22.3512, 验证集RMSE: 21.9833, 验证集S分数: 43521.2, 测试集RMSE: 26.6747, 测试集S分数: 5883.1, 学习率: 0.00020000
第21轮, 训练损失: 22.2345, 验证集RMSE: 21.8848, 验证集S分数: 44846.3, 测试集RMSE: 26.8604, 测试集S分数: 6168.7, 学习率: 0.00002000
第22轮, 训练损失: 22.2679, 验证集RMSE: 21.9271, 验证集S分数: 44384.1, 测试集RMSE: 26.8227, 测试集S分数: 6131.1, 学习率: 0.00002000
第23轮, 训练损失: 22.1856, 验证集RMSE: 21.8468, 验证集S分数: 45260.5, 测试集RMSE: 27.0131, 测试集S分数: 6370.5, 学习率: 0.00002000
第24轮, 训练损失: 22.2216, 验证集RMSE: 21.7959, 验证集S分数: 44795.0, 测试集RMSE: 27.0052, 测试集S分数: 6341.4, 学习率: 0.00002000
第25轮, 训练损失: 22.2199, 验证集RMSE: 21.7612, 验证集S分数: 45637.5, 测试集RMSE: 27.1496, 测试集S分数: 6525.3, 学习率: 0.00002000
第26轮, 训练损失: 22.2352, 验证集RMSE: 21.9015, 验证集S分数: 44804.2, 测试集RMSE: 26.9151, 测试集S分数: 6259.5, 学习率: 0.00002000
第27轮, 训练损失: 22.2265, 验证集RMSE: 21.6413, 验证集S分数: 45501.1, 测试集RMSE: 27.1622, 测试集S分数: 6502.8, 学习率: 0.00002000
第28轮, 训练损失: 22.1770, 验证集RMSE: 21.7978, 验证集S分数: 44488.6, 测试集RMSE: 26.8066, 测试集S分数: 6154.8, 学习率: 0.00002000
第29轮, 训练损失: 22.1754, 验证集RMSE: 21.8657, 验证集S分数: 44614.7, 测试集RMSE: 26.8941, 测试集S分数: 6246.1, 学习率: 0.00002000
第30轮, 训练损失: 22.1367, 验证集RMSE: 21.7399, 验证集S分数: 45205.0, 测试集RMSE: 26.9759, 测试集S分数: 6355.6, 学习率: 0.00002000
[训练总结] 已恢复第27轮的最佳模型, 验证集RMSE: 21.6413, 验证集S分数: 45501.1, 测试集RMSE: 27.1622, 测试集S分数: 6502.8
[训练耗时] 开始: 2026-04-19 03:18:51, 结束: 2026-04-19 03:20:52, 时长: 0:02:00, 总秒数: 120.32
[自动测试] 命令: /usr/bin/python /CMAPSS-release/scipt/test_model.py --sub-dataset FD003 --smooth-rate 30 --sequence-len 30 --feature-num 14 --dataset-root /CMAPSS-release/CMAPSSData/ --max-rul 125 --batch-size 128 --model-path /CMAPSS-release/logs_GAT_LSTM/model_FD003_0419_031851_seed17.pkl
模型路径:/CMAPSS-release/logs_GAT_LSTM/model_FD003_0419_031851_seed17.pkl
最终RMSE:26.995370864868164, 评分:6280.11572265625
