-----FD001-----
模型: GAT_LSTM_AEFAOF_model(仅AOF开启)
序列长度: 30
特征维度: 14
批大小: 128
最大训练轮数: 30
随机种子: 88
学习率: 0.002
学习率调度器: step
Step步长(step_size): 10
Step衰减系数(gamma): 0.1
是否启用AEF: 否
是否启用AOF: 是
GAT隐藏层维度: [8, 8, 8]
LSTM隐藏层维度: [8, 8]
GAT Dropout系数: 0.1
GAT LeakyReLU系数(alpha): 0.1
图构建模式: dynamic_topk
节点嵌入维度(embed_dim): 8
Topk邻居数: 7
AOF注意力隐藏维度: 4
AEF/AOF融合方式: concat
是否启用指数平滑: True
平滑系数(smooth_rate): 30
------------------------------
第1轮, 训练损失: 42.0738, 验证集RMSE: 40.6374, 验证集S分数: 570075.5, 测试集RMSE: 39.7293, 测试集S分数: 23334.4, 学习率: 0.00200000
第2轮, 训练损失: 37.0825, 验证集RMSE: 28.1359, 验证集S分数: 161056.9, 测试集RMSE: 29.1425, 测试集S分数: 10875.8, 学习率: 0.00200000
第3轮, 训练损失: 29.1823, 验证集RMSE: 26.1780, 验证集S分数: 83639.7, 测试集RMSE: 27.3094, 测试集S分数: 10813.1, 学习率: 0.00200000
第4轮, 训练损失: 27.3297, 验证集RMSE: 26.2222, 验证集S分数: 154524.1, 测试集RMSE: 29.5030, 测试集S分数: 19428.6, 学习率: 0.00200000
第5轮, 训练损失: 26.6133, 验证集RMSE: 24.3704, 验证集S分数: 53764.2, 测试集RMSE: 26.8792, 测试集S分数: 10257.6, 学习率: 0.00200000
第6轮, 训练损失: 24.2968, 验证集RMSE: 20.4979, 验证集S分数: 33710.3, 测试集RMSE: 25.0469, 测试集S分数: 4630.3, 学习率: 0.00200000
第7轮, 训练损失: 22.2003, 验证集RMSE: 19.9823, 验证集S分数: 20042.9, 测试集RMSE: 22.7922, 测试集S分数: 2990.9, 学习率: 0.00200000
第8轮, 训练损失: 21.1356, 验证集RMSE: 20.7694, 验证集S分数: 72050.6, 测试集RMSE: 25.3683, 测试集S分数: 4406.2, 学习率: 0.00200000
第9轮, 训练损失: 19.9034, 验证集RMSE: 17.8006, 验证集S分数: 45232.0, 测试集RMSE: 22.8809, 测试集S分数: 2346.1, 学习率: 0.00200000
第10轮, 训练损失: 19.0788, 验证集RMSE: 18.4683, 验证集S分数: 102135.9, 测试集RMSE: 22.8310, 测试集S分数: 4892.7, 学习率: 0.00200000
第11轮, 训练损失: 18.3871, 验证集RMSE: 17.9031, 验证集S分数: 105516.5, 测试集RMSE: 22.6088, 测试集S分数: 3935.8, 学习率: 0.00020000
第12轮, 训练损失: 18.4155, 验证集RMSE: 17.1762, 验证集S分数: 68235.1, 测试集RMSE: 21.5742, 测试集S分数: 2265.8, 学习率: 0.00020000
第13轮, 训练损失: 18.2795, 验证集RMSE: 17.6305, 验证集S分数: 90466.2, 测试集RMSE: 22.5381, 测试集S分数: 3471.7, 学习率: 0.00020000
第14轮, 训练损失: 18.2240, 验证集RMSE: 17.4376, 验证集S分数: 71929.7, 测试集RMSE: 21.7442, 测试集S分数: 2350.5, 学习率: 0.00020000
第15轮, 训练损失: 18.3093, 验证集RMSE: 18.1287, 验证集S分数: 77951.6, 测试集RMSE: 22.2878, 测试集S分数: 2628.3, 学习率: 0.00020000
第16轮, 训练损失: 18.2398, 验证集RMSE: 17.3931, 验证集S分数: 97008.1, 测试集RMSE: 21.9430, 测试集S分数: 3528.9, 学习率: 0.00020000
第17轮, 训练损失: 18.2095, 验证集RMSE: 17.2004, 验证集S分数: 82181.9, 测试集RMSE: 21.6448, 测试集S分数: 2859.9, 学习率: 0.00020000
第18轮, 训练损失: 18.1246, 验证集RMSE: 17.2949, 验证集S分数: 74101.2, 测试集RMSE: 21.2809, 测试集S分数: 2302.1, 学习率: 0.00020000
第19轮, 训练损失: 18.0930, 验证集RMSE: 17.6410, 验证集S分数: 86546.1, 测试集RMSE: 22.1338, 测试集S分数: 2851.5, 学习率: 0.00020000
第20轮, 训练损失: 18.1065, 验证集RMSE: 17.3042, 验证集S分数: 72417.2, 测试集RMSE: 21.8743, 测试集S分数: 2344.2, 学习率: 0.00020000
第21轮, 训练损失: 17.9707, 验证集RMSE: 17.0660, 验证集S分数: 86318.5, 测试集RMSE: 22.0696, 测试集S分数: 2819.3, 学习率: 0.00002000
第22轮, 训练损失: 17.9259, 验证集RMSE: 17.1752, 验证集S分数: 87395.5, 测试集RMSE: 22.0034, 测试集S分数: 2868.4, 学习率: 0.00002000
第23轮, 训练损失: 18.0366, 验证集RMSE: 17.1581, 验证集S分数: 90104.2, 测试集RMSE: 22.0802, 测试集S分数: 3050.0, 学习率: 0.00002000
第24轮, 训练损失: 18.0167, 验证集RMSE: 17.5705, 验证集S分数: 86451.5, 测试集RMSE: 21.8835, 测试集S分数: 2889.5, 学习率: 0.00002000
第25轮, 训练损失: 18.0525, 验证集RMSE: 17.6573, 验证集S分数: 88686.8, 测试集RMSE: 21.9862, 测试集S分数: 2993.1, 学习率: 0.00002000
第26轮, 训练损失: 17.9825, 验证集RMSE: 17.5850, 验证集S分数: 91429.1, 测试集RMSE: 22.0189, 测试集S分数: 3083.7, 学习率: 0.00002000
第27轮, 训练损失: 17.9507, 验证集RMSE: 17.4907, 验证集S分数: 90056.1, 测试集RMSE: 21.9612, 测试集S分数: 3023.8, 学习率: 0.00002000
第28轮, 训练损失: 18.0140, 验证集RMSE: 17.0757, 验证集S分数: 91530.0, 测试集RMSE: 21.9261, 测试集S分数: 3141.2, 学习率: 0.00002000
第29轮, 训练损失: 17.9586, 验证集RMSE: 17.3604, 验证集S分数: 89544.4, 测试集RMSE: 21.9389, 测试集S分数: 3039.0, 学习率: 0.00002000
第30轮, 训练损失: 18.0219, 验证集RMSE: 17.9725, 验证集S分数: 89752.5, 测试集RMSE: 21.9177, 测试集S分数: 3072.6, 学习率: 0.00002000
[训练总结] 已恢复第21轮的最佳模型, 验证集RMSE: 17.0660, 验证集S分数: 86318.5, 测试集RMSE: 22.0696, 测试集S分数: 2819.3
[训练耗时] 开始: 2026-04-19 01:33:25, 结束: 2026-04-19 01:35:05, 时长: 0:01:40, 总秒数: 100.38
[自动测试] 命令: /usr/bin/python /CMAPSS-release/scipt/test_model.py --sub-dataset FD001 --smooth-rate 30 --sequence-len 30 --feature-num 14 --dataset-root /CMAPSS-release/CMAPSSData/ --max-rul 125 --batch-size 128 --model-path /CMAPSS-release/logs_GAT_LSTM/model_FD001_0419_013325_seed88.pkl
模型路径:/CMAPSS-release/logs_GAT_LSTM/model_FD001_0419_013325_seed88.pkl
最终RMSE:21.822237014770508, 评分:2684.08935546875
