-----FD003-----
模型: GAT_LSTM_AEFAOF_model(仅AEF开启)
序列长度: 30
特征维度: 14
批大小: 128
最大训练轮数: 30
随机种子: 33
学习率: 0.002
学习率调度器: step
Step步长(step_size): 10
Step衰减系数(gamma): 0.1
是否启用AEF: 是
是否启用AOF: 否
GAT隐藏层维度: [8, 8, 8]
LSTM隐藏层维度: [8, 8]
GAT Dropout系数: 0.1
GAT LeakyReLU系数(alpha): 0.1
图构建模式: dynamic_topk
节点嵌入维度(embed_dim): 8
Topk邻居数: 7
AEF注意力隐藏维度: 28
AEF/AOF融合方式: concat
是否启用指数平滑: True
平滑系数(smooth_rate): 30
------------------------------
第1轮, 训练损失: 41.3952, 验证集RMSE: 30.8155, 验证集S分数: 299876.9, 测试集RMSE: 34.0182, 测试集S分数: 16644.3, 学习率: 0.00200000
第2轮, 训练损失: 33.8578, 验证集RMSE: 27.0854, 验证集S分数: 579141.9, 测试集RMSE: 37.6325, 测试集S分数: 48218.8, 学习率: 0.00200000
第3轮, 训练损失: 29.3371, 验证集RMSE: 22.9731, 验证集S分数: 131033.6, 测试集RMSE: 29.6483, 测试集S分数: 24579.1, 学习率: 0.00200000
第4轮, 训练损失: 25.7101, 验证集RMSE: 20.1581, 验证集S分数: 83993.5, 测试集RMSE: 28.5182, 测试集S分数: 8304.0, 学习率: 0.00200000
第5轮, 训练损失: 23.7926, 验证集RMSE: 23.3048, 验证集S分数: 68599.2, 测试集RMSE: 25.3871, 测试集S分数: 3885.9, 学习率: 0.00200000
第6轮, 训练损失: 23.2119, 验证集RMSE: 19.4655, 验证集S分数: 71654.5, 测试集RMSE: 28.4039, 测试集S分数: 6924.4, 学习率: 0.00200000
第7轮, 训练损失: 22.5268, 验证集RMSE: 23.2444, 验证集S分数: 204870.5, 测试集RMSE: 38.0054, 测试集S分数: 25301.7, 学习率: 0.00200000
第8轮, 训练损失: 21.9393, 验证集RMSE: 22.4343, 验证集S分数: 149971.6, 测试集RMSE: 36.3119, 测试集S分数: 18565.9, 学习率: 0.00200000
第9轮, 训练损失: 21.7381, 验证集RMSE: 22.1282, 验证集S分数: 43372.1, 测试集RMSE: 24.2891, 测试集S分数: 3740.4, 学习率: 0.00200000
第10轮, 训练损失: 21.1226, 验证集RMSE: 19.4576, 验证集S分数: 71102.6, 测试集RMSE: 31.0310, 测试集S分数: 10976.0, 学习率: 0.00200000
第11轮, 训练损失: 20.1785, 验证集RMSE: 19.9786, 验证集S分数: 44180.2, 测试集RMSE: 25.9503, 测试集S分数: 5989.5, 学习率: 0.00020000
第12轮, 训练损失: 20.0698, 验证集RMSE: 19.9725, 验证集S分数: 46240.8, 测试集RMSE: 26.4273, 测试集S分数: 6670.5, 学习率: 0.00020000
第13轮, 训练损失: 19.9700, 验证集RMSE: 20.5368, 验证集S分数: 43968.0, 测试集RMSE: 25.4068, 测试集S分数: 5861.9, 学习率: 0.00020000
第14轮, 训练损失: 19.9579, 验证集RMSE: 20.3190, 验证集S分数: 40477.4, 测试集RMSE: 25.1762, 测试集S分数: 5359.6, 学习率: 0.00020000
第15轮, 训练损失: 19.8619, 验证集RMSE: 20.3625, 验证集S分数: 42082.2, 测试集RMSE: 25.2379, 测试集S分数: 5708.2, 学习率: 0.00020000
第16轮, 训练损失: 19.8214, 验证集RMSE: 20.0295, 验证集S分数: 41995.2, 测试集RMSE: 25.5249, 测试集S分数: 6052.2, 学习率: 0.00020000
第17轮, 训练损失: 19.7188, 验证集RMSE: 19.9560, 验证集S分数: 41422.7, 测试集RMSE: 25.5479, 测试集S分数: 6051.1, 学习率: 0.00020000
第18轮, 训练损失: 19.6694, 验证集RMSE: 19.8098, 验证集S分数: 41847.9, 测试集RMSE: 25.7070, 测试集S分数: 6265.5, 学习率: 0.00020000
第19轮, 训练损失: 19.6148, 验证集RMSE: 20.3106, 验证集S分数: 39135.6, 测试集RMSE: 24.8327, 测试集S分数: 5393.3, 学习率: 0.00020000
第20轮, 训练损失: 19.5651, 验证集RMSE: 20.3382, 验证集S分数: 39288.4, 测试集RMSE: 24.6580, 测试集S分数: 5448.3, 学习率: 0.00020000
第21轮, 训练损失: 19.5026, 验证集RMSE: 20.2379, 验证集S分数: 38735.8, 测试集RMSE: 24.7624, 测试集S分数: 5490.2, 学习率: 0.00002000
第22轮, 训练损失: 19.4640, 验证集RMSE: 19.8312, 验证集S分数: 39321.0, 测试集RMSE: 25.1477, 测试集S分数: 5868.1, 学习率: 0.00002000
第23轮, 训练损失: 19.4755, 验证集RMSE: 19.9197, 验证集S分数: 39348.1, 测试集RMSE: 25.0950, 测试集S分数: 5863.8, 学习率: 0.00002000
第24轮, 训练损失: 19.4726, 验证集RMSE: 19.8145, 验证集S分数: 39364.8, 测试集RMSE: 25.1852, 测试集S分数: 5939.9, 学习率: 0.00002000
第25轮, 训练损失: 19.4722, 验证集RMSE: 19.9664, 验证集S分数: 38448.2, 测试集RMSE: 24.8658, 测试集S分数: 5622.1, 学习率: 0.00002000
第26轮, 训练损失: 19.4754, 验证集RMSE: 20.0533, 验证集S分数: 38044.7, 测试集RMSE: 24.7540, 测试集S分数: 5507.9, 学习率: 0.00002000
第27轮, 训练损失: 19.4232, 验证集RMSE: 19.8024, 验证集S分数: 38439.1, 测试集RMSE: 24.9192, 测试集S分数: 5710.3, 学习率: 0.00002000
第28轮, 训练损失: 19.4324, 验证集RMSE: 19.7700, 验证集S分数: 38796.2, 测试集RMSE: 25.1104, 测试集S分数: 5901.0, 学习率: 0.00002000
第29轮, 训练损失: 19.4283, 验证集RMSE: 19.8938, 验证集S分数: 38798.7, 测试集RMSE: 25.1256, 测试集S分数: 5914.6, 学习率: 0.00002000
第30轮, 训练损失: 19.4441, 验证集RMSE: 19.8201, 验证集S分数: 38715.7, 测试集RMSE: 25.0758, 测试集S分数: 5896.0, 学习率: 0.00002000
[训练总结] 已恢复第10轮的最佳模型, 验证集RMSE: 19.4576, 验证集S分数: 71102.6, 测试集RMSE: 31.0310, 测试集S分数: 10976.0
[训练耗时] 开始: 2026-04-19 03:01:01, 结束: 2026-04-19 03:03:11, 时长: 0:02:10, 总秒数: 129.63
[自动测试] 命令: /usr/bin/python /CMAPSS-release/scipt/test_model.py --sub-dataset FD003 --smooth-rate 30 --sequence-len 30 --feature-num 14 --dataset-root /CMAPSS-release/CMAPSSData/ --max-rul 125 --batch-size 128 --model-path /CMAPSS-release/logs_GAT_LSTM/model_FD003_0419_030101_seed33.pkl
模型路径:/CMAPSS-release/logs_GAT_LSTM/model_FD003_0419_030101_seed33.pkl
最终RMSE:30.680776596069336, 评分:10247.388671875
