-----FD001-----
模型: GAT_LSTM_AEFAOF_model(仅AEF开启)
序列长度: 30
特征维度: 14
批大小: 128
最大训练轮数: 30
随机种子: 88
学习率: 0.002
学习率调度器: step
Step步长(step_size): 10
Step衰减系数(gamma): 0.1
是否启用AEF: 是
是否启用AOF: 否
GAT隐藏层维度: [8, 8, 8]
LSTM隐藏层维度: [8, 8]
GAT Dropout系数: 0.1
GAT LeakyReLU系数(alpha): 0.1
图构建模式: dynamic_topk
节点嵌入维度(embed_dim): 8
Topk邻居数: 7
AEF注意力隐藏维度: 28
AEF/AOF融合方式: concat
是否启用指数平滑: True
平滑系数(smooth_rate): 30
------------------------------
第1轮, 训练损失: 41.4160, 验证集RMSE: 32.3891, 验证集S分数: 38397.9, 测试集RMSE: 29.1594, 测试集S分数: 2815.1, 学习率: 0.00200000
第2轮, 训练损失: 29.0628, 验证集RMSE: 23.7993, 验证集S分数: 21292.2, 测试集RMSE: 24.4620, 测试集S分数: 4548.4, 学习率: 0.00200000
第3轮, 训练损失: 27.5512, 验证集RMSE: 23.0531, 验证集S分数: 30788.9, 测试集RMSE: 26.0531, 测试集S分数: 10222.9, 学习率: 0.00200000
第4轮, 训练损失: 26.9695, 验证集RMSE: 22.1250, 验证集S分数: 29719.6, 测试集RMSE: 24.3189, 测试集S分数: 6070.7, 学习率: 0.00200000
第5轮, 训练损失: 26.6839, 验证集RMSE: 21.7965, 验证集S分数: 17796.1, 测试集RMSE: 23.5003, 测试集S分数: 4355.6, 学习率: 0.00200000
第6轮, 训练损失: 26.2860, 验证集RMSE: 21.1506, 验证集S分数: 26172.5, 测试集RMSE: 25.1279, 测试集S分数: 9403.3, 学习率: 0.00200000
第7轮, 训练损失: 25.7815, 验证集RMSE: 20.7565, 验证集S分数: 17875.0, 测试集RMSE: 23.0658, 测试集S分数: 4714.1, 学习率: 0.00200000
第8轮, 训练损失: 25.4068, 验证集RMSE: 19.8512, 验证集S分数: 18695.5, 测试集RMSE: 23.5777, 测试集S分数: 5066.3, 学习率: 0.00200000
第9轮, 训练损失: 24.4167, 验证集RMSE: 21.0551, 验证集S分数: 23522.9, 测试集RMSE: 23.7670, 测试集S分数: 3564.6, 学习率: 0.00200000
第10轮, 训练损失: 23.7256, 验证集RMSE: 21.1138, 验证集S分数: 29767.1, 测试集RMSE: 23.6337, 测试集S分数: 7095.1, 学习率: 0.00200000
第11轮, 训练损失: 22.8102, 验证集RMSE: 19.8036, 验证集S分数: 26952.9, 测试集RMSE: 22.7688, 测试集S分数: 4720.7, 学习率: 0.00020000
第12轮, 训练损失: 22.4533, 验证集RMSE: 19.7203, 验证集S分数: 27865.1, 测试集RMSE: 22.5355, 测试集S分数: 4246.3, 学习率: 0.00020000
第13轮, 训练损失: 22.4104, 验证集RMSE: 20.0714, 验证集S分数: 40838.6, 测试集RMSE: 23.5322, 测试集S分数: 6005.4, 学习率: 0.00020000
第14轮, 训练损失: 22.2212, 验证集RMSE: 19.1039, 验证集S分数: 28121.5, 测试集RMSE: 22.1716, 测试集S分数: 3399.5, 学习率: 0.00020000
第15轮, 训练损失: 22.2341, 验证集RMSE: 19.3068, 验证集S分数: 31838.4, 测试集RMSE: 22.4326, 测试集S分数: 3885.6, 学习率: 0.00020000
第16轮, 训练损失: 22.1248, 验证集RMSE: 19.3542, 验证集S分数: 39014.0, 测试集RMSE: 23.1979, 测试集S分数: 5057.7, 学习率: 0.00020000
第17轮, 训练损失: 22.0292, 验证集RMSE: 19.9765, 验证集S分数: 41907.7, 测试集RMSE: 23.1831, 测试集S分数: 4897.7, 学习率: 0.00020000
第18轮, 训练损失: 21.9651, 验证集RMSE: 19.7271, 验证集S分数: 36251.1, 测试集RMSE: 23.0116, 测试集S分数: 4674.0, 学习率: 0.00020000
第19轮, 训练损失: 21.9064, 验证集RMSE: 19.6825, 验证集S分数: 40778.7, 测试集RMSE: 23.1719, 测试集S分数: 4867.0, 学习率: 0.00020000
第20轮, 训练损失: 21.9093, 验证集RMSE: 18.9403, 验证集S分数: 31284.0, 测试集RMSE: 22.1997, 测试集S分数: 3537.0, 学习率: 0.00020000
第21轮, 训练损失: 21.8399, 验证集RMSE: 19.4751, 验证集S分数: 32959.9, 测试集RMSE: 22.4135, 测试集S分数: 3793.7, 学习率: 0.00002000
第22轮, 训练损失: 21.7148, 验证集RMSE: 19.0514, 验证集S分数: 33277.0, 测试集RMSE: 22.4381, 测试集S分数: 3802.0, 学习率: 0.00002000
第23轮, 训练损失: 21.7765, 验证集RMSE: 19.0908, 验证集S分数: 34771.7, 测试集RMSE: 22.5654, 测试集S分数: 4041.6, 学习率: 0.00002000
第24轮, 训练损失: 21.6923, 验证集RMSE: 19.1964, 验证集S分数: 34167.5, 测试集RMSE: 22.5079, 测试集S分数: 3878.9, 学习率: 0.00002000
第25轮, 训练损失: 21.6732, 验证集RMSE: 19.3870, 验证集S分数: 34527.4, 测试集RMSE: 22.5574, 测试集S分数: 3880.6, 学习率: 0.00002000
第26轮, 训练损失: 21.6253, 验证集RMSE: 19.3670, 验证集S分数: 35434.9, 测试集RMSE: 22.6131, 测试集S分数: 4049.0, 学习率: 0.00002000
第27轮, 训练损失: 21.5508, 验证集RMSE: 18.6390, 验证集S分数: 35131.7, 测试集RMSE: 22.5730, 测试集S分数: 4006.3, 学习率: 0.00002000
第28轮, 训练损失: 21.7247, 验证集RMSE: 19.2931, 验证集S分数: 33634.6, 测试集RMSE: 22.5210, 测试集S分数: 3851.0, 学习率: 0.00002000
第29轮, 训练损失: 21.6100, 验证集RMSE: 18.7467, 验证集S分数: 33789.8, 测试集RMSE: 22.4338, 测试集S分数: 3812.5, 学习率: 0.00002000
第30轮, 训练损失: 21.7556, 验证集RMSE: 19.3595, 验证集S分数: 35992.2, 测试集RMSE: 22.6771, 测试集S分数: 4114.6, 学习率: 0.00002000
[训练总结] 已恢复第27轮的最佳模型, 验证集RMSE: 18.6390, 验证集S分数: 35131.7, 测试集RMSE: 22.5730, 测试集S分数: 4006.3
[训练耗时] 开始: 2026-04-19 01:12:29, 结束: 2026-04-19 01:14:04, 时长: 0:01:35, 总秒数: 94.90
[自动测试] 命令: /usr/bin/python /CMAPSS-release/scipt/test_model.py --sub-dataset FD001 --smooth-rate 30 --sequence-len 30 --feature-num 14 --dataset-root /CMAPSS-release/CMAPSSData/ --max-rul 125 --batch-size 128 --model-path /CMAPSS-release/logs_GAT_LSTM/model_FD001_0419_011229_seed88.pkl
模型路径:/CMAPSS-release/logs_GAT_LSTM/model_FD001_0419_011229_seed88.pkl
最终RMSE:22.435016632080078, 评分:3848.622314453125
