-----FD001-----
模型: GAT_LSTM_AEFAOF_model(AEF与AOF均开启)
序列长度: 30
特征维度: 14
批大小: 128
最大训练轮数: 30
随机种子: 30
学习率: 0.002
学习率调度器: step
Step步长(step_size): 10
Step衰减系数(gamma): 0.1
是否启用AEF: 是
是否启用AOF: 是
GAT隐藏层维度: [8, 8, 8]
LSTM隐藏层维度: [8, 8]
GAT Dropout系数: 0.1
GAT LeakyReLU系数(alpha): 0.1
图构建模式: dynamic_topk
节点嵌入维度(embed_dim): 8
Topk邻居数: 7
AOF注意力隐藏维度: 4
AEF注意力隐藏维度: 28
AEF/AOF融合方式: concat
是否启用指数平滑: True
平滑系数(smooth_rate): 30
------------------------------
第1轮, 训练损失: 42.9013, 验证集RMSE: 41.6970, 验证集S分数: 443822.5, 测试集RMSE: 41.0025, 测试集S分数: 23384.6, 学习率: 0.00200000
第2轮, 训练损失: 39.3317, 验证集RMSE: 24.4989, 验证集S分数: 42840.0, 测试集RMSE: 27.5776, 测试集S分数: 8348.1, 学习率: 0.00200000
第3轮, 训练损失: 25.5570, 验证集RMSE: 26.1755, 验证集S分数: 98701.3, 测试集RMSE: 29.4858, 测试集S分数: 12634.3, 学习率: 0.00200000
第4轮, 训练损失: 24.4034, 验证集RMSE: 23.0804, 验证集S分数: 31113.6, 测试集RMSE: 24.4341, 测试集S分数: 3684.8, 学习率: 0.00200000
第5轮, 训练损失: 23.9758, 验证集RMSE: 21.7807, 验证集S分数: 28348.1, 测试集RMSE: 24.7933, 测试集S分数: 4599.1, 学习率: 0.00200000
第6轮, 训练损失: 23.7720, 验证集RMSE: 21.9962, 验证集S分数: 27148.7, 测试集RMSE: 23.5451, 测试集S分数: 3663.0, 学习率: 0.00200000
第7轮, 训练损失: 23.3991, 验证集RMSE: 22.3972, 验证集S分数: 27626.9, 测试集RMSE: 23.4369, 测试集S分数: 3241.4, 学习率: 0.00200000
第8轮, 训练损失: 23.2602, 验证集RMSE: 22.4788, 验证集S分数: 20714.4, 测试集RMSE: 22.7799, 测试集S分数: 2478.4, 学习率: 0.00200000
第9轮, 训练损失: 22.9862, 验证集RMSE: 21.1716, 验证集S分数: 30072.1, 测试集RMSE: 23.3687, 测试集S分数: 3762.8, 学习率: 0.00200000
第10轮, 训练损失: 22.8096, 验证集RMSE: 21.6454, 验证集S分数: 30264.6, 测试集RMSE: 23.8827, 测试集S分数: 4604.1, 学习率: 0.00200000
第11轮, 训练损失: 22.3046, 验证集RMSE: 21.2123, 验证集S分数: 27410.7, 测试集RMSE: 23.3819, 测试集S分数: 3909.2, 学习率: 0.00020000
第12轮, 训练损失: 22.2812, 验证集RMSE: 21.7704, 验证集S分数: 25702.5, 测试集RMSE: 23.0607, 测试集S分数: 3602.0, 学习率: 0.00020000
第13轮, 训练损失: 22.2951, 验证集RMSE: 22.0094, 验证集S分数: 29606.3, 测试集RMSE: 23.5588, 测试集S分数: 4161.4, 学习率: 0.00020000
第14轮, 训练损失: 22.2168, 验证集RMSE: 21.7413, 验证集S分数: 26069.1, 测试集RMSE: 23.2221, 测试集S分数: 3675.1, 学习率: 0.00020000
第15轮, 训练损失: 22.1957, 验证集RMSE: 20.9445, 验证集S分数: 24959.7, 测试集RMSE: 23.0142, 测试集S分数: 3397.2, 学习率: 0.00020000
第16轮, 训练损失: 22.1901, 验证集RMSE: 21.0449, 验证集S分数: 26668.2, 测试集RMSE: 23.1760, 测试集S分数: 3736.2, 学习率: 0.00020000
第17轮, 训练损失: 22.1750, 验证集RMSE: 21.3145, 验证集S分数: 27070.1, 测试集RMSE: 23.2342, 测试集S分数: 3796.0, 学习率: 0.00020000
第18轮, 训练损失: 22.1134, 验证集RMSE: 21.5569, 验证集S分数: 26917.8, 测试集RMSE: 23.2520, 测试集S分数: 3894.0, 学习率: 0.00020000
第19轮, 训练损失: 22.0732, 验证集RMSE: 21.1838, 验证集S分数: 25812.4, 测试集RMSE: 23.0873, 测试集S分数: 3588.6, 学习率: 0.00020000
第20轮, 训练损失: 22.0698, 验证集RMSE: 21.0622, 验证集S分数: 27124.4, 测试集RMSE: 23.2582, 测试集S分数: 3782.7, 学习率: 0.00020000
第21轮, 训练损失: 21.9924, 验证集RMSE: 21.0359, 验证集S分数: 27799.7, 测试集RMSE: 23.3740, 测试集S分数: 3925.7, 学习率: 0.00002000
第22轮, 训练损失: 22.0291, 验证集RMSE: 20.4985, 验证集S分数: 26085.0, 测试集RMSE: 23.1406, 测试集S分数: 3630.3, 学习率: 0.00002000
第23轮, 训练损失: 21.9845, 验证集RMSE: 21.0427, 验证集S分数: 25121.2, 测试集RMSE: 23.0087, 测试集S分数: 3465.3, 学习率: 0.00002000
第24轮, 训练损失: 22.0338, 验证集RMSE: 21.3695, 验证集S分数: 25373.8, 测试集RMSE: 23.0495, 测试集S分数: 3502.5, 学习率: 0.00002000
第25轮, 训练损失: 22.0130, 验证集RMSE: 21.1143, 验证集S分数: 26042.2, 测试集RMSE: 23.1449, 测试集S分数: 3626.3, 学习率: 0.00002000
第26轮, 训练损失: 22.0077, 验证集RMSE: 20.7696, 验证集S分数: 25112.7, 测试集RMSE: 23.0168, 测试集S分数: 3457.5, 学习率: 0.00002000
第27轮, 训练损失: 22.0140, 验证集RMSE: 21.3056, 验证集S分数: 26005.1, 测试集RMSE: 23.1459, 测试集S分数: 3623.0, 学习率: 0.00002000
第28轮, 训练损失: 21.9914, 验证集RMSE: 21.2773, 验证集S分数: 25422.0, 测试集RMSE: 23.0423, 测试集S分数: 3495.6, 学习率: 0.00002000
第29轮, 训练损失: 22.0168, 验证集RMSE: 21.1673, 验证集S分数: 25196.4, 测试集RMSE: 23.0322, 测试集S分数: 3480.8, 学习率: 0.00002000
第30轮, 训练损失: 21.9759, 验证集RMSE: 21.1695, 验证集S分数: 25159.2, 测试集RMSE: 23.0195, 测试集S分数: 3471.2, 学习率: 0.00002000
[训练总结] 已恢复第22轮的最佳模型, 验证集RMSE: 20.4985, 验证集S分数: 26085.0, 测试集RMSE: 23.1406, 测试集S分数: 3630.3
[训练耗时] 开始: 2026-04-19 00:17:54, 结束: 2026-04-19 00:19:45, 时长: 0:01:51, 总秒数: 110.70
[自动测试] 命令: /usr/bin/python /CMAPSS-release/scipt/test_model.py --sub-dataset FD001 --smooth-rate 30 --sequence-len 30 --feature-num 14 --dataset-root /CMAPSS-release/CMAPSSData/ --max-rul 125 --batch-size 128 --model-path /CMAPSS-release/logs_GAT_LSTM/model_FD001_0419_001754_seed30.pkl
模型路径:/CMAPSS-release/logs_GAT_LSTM/model_FD001_0419_001754_seed30.pkl
最终RMSE:23.015430450439453, 评分:3520.389404296875
