-----FD003-----
模型: GAT_LSTM_AEFAOF_model(仅AEF开启)
序列长度: 30
特征维度: 14
批大小: 128
最大训练轮数: 30
随机种子: 51
学习率: 0.002
学习率调度器: step
Step步长(step_size): 10
Step衰减系数(gamma): 0.1
是否启用AEF: 是
是否启用AOF: 否
GAT隐藏层维度: [8, 8, 8]
LSTM隐藏层维度: [8, 8]
GAT Dropout系数: 0.1
GAT LeakyReLU系数(alpha): 0.1
图构建模式: dynamic_topk
节点嵌入维度(embed_dim): 8
Topk邻居数: 7
AEF注意力隐藏维度: 28
AEF/AOF融合方式: concat
是否启用指数平滑: True
平滑系数(smooth_rate): 30
------------------------------
第1轮, 训练损失: 40.5498, 验证集RMSE: 32.9057, 验证集S分数: 162594.9, 测试集RMSE: 32.9199, 测试集S分数: 13162.5, 学习率: 0.00200000
第2轮, 训练损失: 31.1793, 验证集RMSE: 25.3638, 验证集S分数: 74755.7, 测试集RMSE: 29.6189, 测试集S分数: 18320.2, 学习率: 0.00200000
第3轮, 训练损失: 24.2098, 验证集RMSE: 18.3601, 验证集S分数: 72926.9, 测试集RMSE: 27.3308, 测试集S分数: 6621.8, 学习率: 0.00200000
第4轮, 训练损失: 21.4325, 验证集RMSE: 18.1573, 验证集S分数: 38507.7, 测试集RMSE: 23.4003, 测试集S分数: 3991.5, 学习率: 0.00200000
第5轮, 训练损失: 19.8343, 验证集RMSE: 17.3658, 验证集S分数: 32185.6, 测试集RMSE: 22.3506, 测试集S分数: 3574.9, 学习率: 0.00200000
第6轮, 训练损失: 18.5260, 验证集RMSE: 17.8729, 验证集S分数: 29664.1, 测试集RMSE: 21.2867, 测试集S分数: 2795.1, 学习率: 0.00200000
第7轮, 训练损失: 18.1142, 验证集RMSE: 16.0123, 验证集S分数: 28744.2, 测试集RMSE: 23.0341, 测试集S分数: 3344.1, 学习率: 0.00200000
第8轮, 训练损失: 17.2403, 验证集RMSE: 15.9524, 验证集S分数: 23688.2, 测试集RMSE: 20.0280, 测试集S分数: 2054.5, 学习率: 0.00200000
第9轮, 训练损失: 16.9474, 验证集RMSE: 15.4322, 验证集S分数: 25777.6, 测试集RMSE: 22.3836, 测试集S分数: 2631.2, 学习率: 0.00200000
第10轮, 训练损失: 16.5432, 验证集RMSE: 15.2486, 验证集S分数: 25385.9, 测试集RMSE: 21.5644, 测试集S分数: 2571.6, 学习率: 0.00200000
第11轮, 训练损失: 15.7487, 验证集RMSE: 15.3999, 验证集S分数: 23314.0, 测试集RMSE: 19.4215, 测试集S分数: 1710.8, 学习率: 0.00020000
第12轮, 训练损失: 15.8164, 验证集RMSE: 15.2694, 验证集S分数: 25324.3, 测试集RMSE: 20.0976, 测试集S分数: 1890.8, 学习率: 0.00020000
第13轮, 训练损失: 15.8085, 验证集RMSE: 15.3294, 验证集S分数: 23174.2, 测试集RMSE: 19.5469, 测试集S分数: 1622.7, 学习率: 0.00020000
第14轮, 训练损失: 15.7000, 验证集RMSE: 15.4027, 验证集S分数: 24388.5, 测试集RMSE: 19.8766, 测试集S分数: 1678.2, 学习率: 0.00020000
第15轮, 训练损失: 15.7418, 验证集RMSE: 14.9127, 验证集S分数: 26566.2, 测试集RMSE: 21.0603, 测试集S分数: 2100.5, 学习率: 0.00020000
第16轮, 训练损失: 15.6598, 验证集RMSE: 15.4465, 验证集S分数: 24068.3, 测试集RMSE: 19.5504, 测试集S分数: 1650.7, 学习率: 0.00020000
第17轮, 训练损失: 15.7390, 验证集RMSE: 15.1757, 验证集S分数: 25436.1, 测试集RMSE: 20.1369, 测试集S分数: 1839.7, 学习率: 0.00020000
第18轮, 训练损失: 15.6295, 验证集RMSE: 15.1882, 验证集S分数: 24856.5, 测试集RMSE: 20.1703, 测试集S分数: 1767.7, 学习率: 0.00020000
第19轮, 训练损失: 15.6198, 验证集RMSE: 15.1399, 验证集S分数: 25344.2, 测试集RMSE: 19.9447, 测试集S分数: 1719.6, 学习率: 0.00020000
第20轮, 训练损失: 15.6360, 验证集RMSE: 15.0222, 验证集S分数: 25902.6, 测试集RMSE: 20.3975, 测试集S分数: 1842.9, 学习率: 0.00020000
第21轮, 训练损失: 15.5935, 验证集RMSE: 15.1581, 验证集S分数: 24346.1, 测试集RMSE: 19.6089, 测试集S分数: 1631.0, 学习率: 0.00002000
第22轮, 训练损失: 15.5553, 验证集RMSE: 15.2273, 验证集S分数: 24207.9, 测试集RMSE: 19.4957, 测试集S分数: 1603.5, 学习率: 0.00002000
第23轮, 训练损失: 15.5528, 验证集RMSE: 15.0746, 验证集S分数: 24489.9, 测试集RMSE: 19.6803, 测试集S分数: 1648.3, 学习率: 0.00002000
第24轮, 训练损失: 15.5905, 验证集RMSE: 15.1698, 验证集S分数: 24270.0, 测试集RMSE: 19.6401, 测试集S分数: 1630.5, 学习率: 0.00002000
第25轮, 训练损失: 15.5790, 验证集RMSE: 15.1616, 验证集S分数: 24822.1, 测试集RMSE: 19.8798, 测试集S分数: 1699.7, 学习率: 0.00002000
第26轮, 训练损失: 15.5305, 验证集RMSE: 15.1521, 验证集S分数: 24651.8, 测试集RMSE: 19.8435, 测试集S分数: 1678.1, 学习率: 0.00002000
第27轮, 训练损失: 15.5458, 验证集RMSE: 15.1765, 验证集S分数: 24275.3, 测试集RMSE: 19.5902, 测试集S分数: 1616.3, 学习率: 0.00002000
第28轮, 训练损失: 15.5324, 验证集RMSE: 15.1412, 验证集S分数: 24956.2, 测试集RMSE: 20.0511, 测试集S分数: 1732.8, 学习率: 0.00002000
第29轮, 训练损失: 15.4961, 验证集RMSE: 15.1858, 验证集S分数: 24251.1, 测试集RMSE: 19.6263, 测试集S分数: 1619.1, 学习率: 0.00002000
第30轮, 训练损失: 15.5363, 验证集RMSE: 15.2068, 验证集S分数: 24023.7, 测试集RMSE: 19.4218, 测试集S分数: 1575.6, 学习率: 0.00002000
[训练总结] 已恢复第15轮的最佳模型, 验证集RMSE: 14.9127, 验证集S分数: 26566.2, 测试集RMSE: 21.0603, 测试集S分数: 2100.5
[训练耗时] 开始: 2026-04-19 03:03:34, 结束: 2026-04-19 03:05:44, 时长: 0:02:10, 总秒数: 129.58
[自动测试] 命令: /usr/bin/python /CMAPSS-release/scipt/test_model.py --sub-dataset FD003 --smooth-rate 30 --sequence-len 30 --feature-num 14 --dataset-root /CMAPSS-release/CMAPSSData/ --max-rul 125 --batch-size 128 --model-path /CMAPSS-release/logs_GAT_LSTM/model_FD003_0419_030334_seed51.pkl
模型路径:/CMAPSS-release/logs_GAT_LSTM/model_FD003_0419_030334_seed51.pkl
最终RMSE:20.730653762817383, 评分:1974.3946533203125
