-----FD003-----
模型: GAT_LSTM_AEFAOF_model(仅AOF开启)
序列长度: 30
特征维度: 14
批大小: 128
最大训练轮数: 30
随机种子: 27
学习率: 0.002
学习率调度器: step
Step步长(step_size): 10
Step衰减系数(gamma): 0.1
是否启用AEF: 否
是否启用AOF: 是
GAT隐藏层维度: [8, 8, 8]
LSTM隐藏层维度: [8, 8]
GAT Dropout系数: 0.1
GAT LeakyReLU系数(alpha): 0.1
图构建模式: dynamic_topk
节点嵌入维度(embed_dim): 8
Topk邻居数: 7
AOF注意力隐藏维度: 4
AEF/AOF融合方式: concat
是否启用指数平滑: True
平滑系数(smooth_rate): 30
------------------------------
第1轮, 训练损失: 39.1116, 验证集RMSE: 30.3883, 验证集S分数: 251395.3, 测试集RMSE: 31.9800, 测试集S分数: 18323.5, 学习率: 0.00200000
第2轮, 训练损失: 32.6112, 验证集RMSE: 26.5769, 验证集S分数: 123756.0, 测试集RMSE: 30.4388, 测试集S分数: 13747.0, 学习率: 0.00200000
第3轮, 训练损失: 28.7319, 验证集RMSE: 23.1924, 验证集S分数: 151035.6, 测试集RMSE: 29.6429, 测试集S分数: 24781.4, 学习率: 0.00200000
第4轮, 训练损失: 25.0402, 验证集RMSE: 20.5685, 验证集S分数: 54298.8, 测试集RMSE: 25.3796, 测试集S分数: 3870.5, 学习率: 0.00200000
第5轮, 训练损失: 21.0387, 验证集RMSE: 18.7915, 验证集S分数: 39729.2, 测试集RMSE: 24.7632, 测试集S分数: 4180.3, 学习率: 0.00200000
第6轮, 训练损失: 19.8891, 验证集RMSE: 21.8463, 验证集S分数: 38613.8, 测试集RMSE: 21.7360, 测试集S分数: 2448.0, 学习率: 0.00200000
第7轮, 训练损失: 19.0619, 验证集RMSE: 20.2949, 验证集S分数: 32928.1, 测试集RMSE: 21.2616, 测试集S分数: 2630.7, 学习率: 0.00200000
第8轮, 训练损失: 18.8462, 验证集RMSE: 18.9694, 验证集S分数: 24846.3, 测试集RMSE: 20.9982, 测试集S分数: 2433.4, 学习率: 0.00200000
第9轮, 训练损失: 18.1505, 验证集RMSE: 17.2195, 验证集S分数: 25166.5, 测试集RMSE: 21.7906, 测试集S分数: 3568.0, 学习率: 0.00200000
第10轮, 训练损失: 17.7916, 验证集RMSE: 16.6854, 验证集S分数: 24624.5, 测试集RMSE: 22.6177, 测试集S分数: 3731.7, 学习率: 0.00200000
第11轮, 训练损失: 16.9731, 验证集RMSE: 16.6399, 验证集S分数: 24877.1, 测试集RMSE: 21.5771, 测试集S分数: 3426.3, 学习率: 0.00020000
第12轮, 训练损失: 16.8690, 验证集RMSE: 16.4612, 验证集S分数: 24583.8, 测试集RMSE: 21.7425, 测试集S分数: 3259.2, 学习率: 0.00020000
第13轮, 训练损失: 16.8104, 验证集RMSE: 16.2512, 验证集S分数: 25625.2, 测试集RMSE: 21.8072, 测试集S分数: 3457.3, 学习率: 0.00020000
第14轮, 训练损失: 16.7337, 验证集RMSE: 16.3996, 验证集S分数: 25332.7, 测试集RMSE: 21.5872, 测试集S分数: 3377.4, 学习率: 0.00020000
第15轮, 训练损失: 16.6634, 验证集RMSE: 16.2303, 验证集S分数: 26644.7, 测试集RMSE: 22.1376, 测试集S分数: 3554.7, 学习率: 0.00020000
第16轮, 训练损失: 16.6827, 验证集RMSE: 16.0763, 验证集S分数: 25207.0, 测试集RMSE: 21.7496, 测试集S分数: 3204.3, 学习率: 0.00020000
第17轮, 训练损失: 16.6407, 验证集RMSE: 16.5768, 验证集S分数: 24975.3, 测试集RMSE: 20.8579, 测试集S分数: 2899.2, 学习率: 0.00020000
第18轮, 训练损失: 16.5197, 验证集RMSE: 16.5207, 验证集S分数: 26381.3, 测试集RMSE: 21.1495, 测试集S分数: 3242.3, 学习率: 0.00020000
第19轮, 训练损失: 16.5203, 验证集RMSE: 16.5342, 验证集S分数: 24510.1, 测试集RMSE: 20.2802, 测试集S分数: 2525.8, 学习率: 0.00020000
第20轮, 训练损失: 16.4890, 验证集RMSE: 16.1093, 验证集S分数: 25797.3, 测试集RMSE: 21.4423, 测试集S分数: 3050.0, 学习率: 0.00020000
第21轮, 训练损失: 16.4369, 验证集RMSE: 16.2339, 验证集S分数: 25421.9, 测试集RMSE: 20.7655, 测试集S分数: 2793.5, 学习率: 0.00002000
第22轮, 训练损失: 16.4627, 验证集RMSE: 16.1956, 验证集S分数: 25525.2, 测试集RMSE: 20.9995, 测试集S分数: 2888.7, 学习率: 0.00002000
第23轮, 训练损失: 16.4380, 验证集RMSE: 16.1792, 验证集S分数: 25489.0, 测试集RMSE: 20.9451, 测试集S分数: 2860.7, 学习率: 0.00002000
第24轮, 训练损失: 16.3816, 验证集RMSE: 16.2188, 验证集S分数: 25477.4, 测试集RMSE: 20.8270, 测试集S分数: 2814.1, 学习率: 0.00002000
第25轮, 训练损失: 16.4201, 验证集RMSE: 16.3384, 验证集S分数: 25426.7, 测试集RMSE: 20.8914, 测试集S分数: 2825.6, 学习率: 0.00002000
第26轮, 训练损失: 16.3597, 验证集RMSE: 16.1180, 验证集S分数: 25547.8, 测试集RMSE: 21.0070, 测试集S分数: 2869.9, 学习率: 0.00002000
第27轮, 训练损失: 16.4250, 验证集RMSE: 16.1960, 验证集S分数: 25665.5, 测试集RMSE: 20.9715, 测试集S分数: 2864.1, 学习率: 0.00002000
第28轮, 训练损失: 16.4410, 验证集RMSE: 16.2531, 验证集S分数: 25480.1, 测试集RMSE: 20.8209, 测试集S分数: 2808.9, 学习率: 0.00002000
第29轮, 训练损失: 16.4490, 验证集RMSE: 16.2955, 验证集S分数: 25461.5, 测试集RMSE: 20.7122, 测试集S分数: 2764.0, 学习率: 0.00002000
第30轮, 训练损失: 16.4078, 验证集RMSE: 16.3372, 验证集S分数: 25553.3, 测试集RMSE: 20.8612, 测试集S分数: 2802.9, 学习率: 0.00002000
[训练总结] 已恢复第16轮的最佳模型, 验证集RMSE: 16.0763, 验证集S分数: 25207.0, 测试集RMSE: 21.7496, 测试集S分数: 3204.3
[训练耗时] 开始: 2026-04-19 03:21:15, 结束: 2026-04-19 03:23:15, 时长: 0:02:00, 总秒数: 119.60
[自动测试] 命令: /usr/bin/python /CMAPSS-release/scipt/test_model.py --sub-dataset FD003 --smooth-rate 30 --sequence-len 30 --feature-num 14 --dataset-root /CMAPSS-release/CMAPSSData/ --max-rul 125 --batch-size 128 --model-path /CMAPSS-release/logs_GAT_LSTM/model_FD003_0419_032115_seed27.pkl
模型路径:/CMAPSS-release/logs_GAT_LSTM/model_FD003_0419_032115_seed27.pkl
最终RMSE:21.50813865661621, 评分:3043.15185546875
