-----FD003-----
模型: GAT_LSTM_AEFAOF_model(仅AEF开启)
序列长度: 30
特征维度: 14
批大小: 128
最大训练轮数: 30
随机种子: 2
学习率: 0.002
学习率调度器: step
Step步长(step_size): 10
Step衰减系数(gamma): 0.1
是否启用AEF: 是
是否启用AOF: 否
GAT隐藏层维度: [8, 8, 8]
LSTM隐藏层维度: [8, 8]
GAT Dropout系数: 0.1
GAT LeakyReLU系数(alpha): 0.1
图构建模式: dynamic_topk
节点嵌入维度(embed_dim): 8
Topk邻居数: 7
AEF注意力隐藏维度: 28
AEF/AOF融合方式: concat
是否启用指数平滑: True
平滑系数(smooth_rate): 30
------------------------------
第1轮, 训练损失: 41.9759, 验证集RMSE: 30.6971, 验证集S分数: 395405.3, 测试集RMSE: 33.9851, 测试集S分数: 18972.1, 学习率: 0.00200000
第2轮, 训练损失: 36.9328, 验证集RMSE: 29.5903, 验证集S分数: 302676.8, 测试集RMSE: 31.4537, 测试集S分数: 8756.8, 学习率: 0.00200000
第3轮, 训练损失: 34.4897, 验证集RMSE: 27.8229, 验证集S分数: 90639.0, 测试集RMSE: 29.7478, 测试集S分数: 4282.1, 学习率: 0.00200000
第4轮, 训练损失: 31.8455, 验证集RMSE: 27.0612, 验证集S分数: 1400170.2, 测试集RMSE: 38.4691, 测试集S分数: 62541.7, 学习率: 0.00200000
第5轮, 训练损失: 28.4011, 验证集RMSE: 26.4497, 验证集S分数: 759209.7, 测试集RMSE: 40.4129, 测试集S分数: 55144.7, 学习率: 0.00200000
第6轮, 训练损失: 25.8179, 验证集RMSE: 23.8594, 验证集S分数: 93782.9, 测试集RMSE: 26.5866, 测试集S分数: 6874.3, 学习率: 0.00200000
第7轮, 训练损失: 25.1101, 验证集RMSE: 20.6881, 验证集S分数: 122293.6, 测试集RMSE: 31.6402, 测试集S分数: 39448.7, 学习率: 0.00200000
第8轮, 训练损失: 23.0719, 验证集RMSE: 21.8901, 验证集S分数: 58953.6, 测试集RMSE: 23.9265, 测试集S分数: 3315.5, 学习率: 0.00200000
第9轮, 训练损失: 21.5006, 验证集RMSE: 21.6703, 验证集S分数: 57143.1, 测试集RMSE: 23.1634, 测试集S分数: 3515.8, 学习率: 0.00200000
第10轮, 训练损失: 20.1320, 验证集RMSE: 17.5973, 验证集S分数: 35906.6, 测试集RMSE: 22.7163, 测试集S分数: 3891.8, 学习率: 0.00200000
第11轮, 训练损失: 18.7898, 验证集RMSE: 17.0726, 验证集S分数: 38493.9, 测试集RMSE: 23.9411, 测试集S分数: 4381.1, 学习率: 0.00020000
第12轮, 训练损失: 18.6324, 验证集RMSE: 18.3113, 验证集S分数: 35449.7, 测试集RMSE: 22.0233, 测试集S分数: 3265.1, 学习率: 0.00020000
第13轮, 训练损失: 18.4825, 验证集RMSE: 17.5375, 验证集S分数: 37839.8, 测试集RMSE: 22.6345, 测试集S分数: 3616.7, 学习率: 0.00020000
第14轮, 训练损失: 18.3190, 验证集RMSE: 17.5473, 验证集S分数: 35847.3, 测试集RMSE: 22.2004, 测试集S分数: 3246.0, 学习率: 0.00020000
第15轮, 训练损失: 18.1154, 验证集RMSE: 17.0450, 验证集S分数: 37432.0, 测试集RMSE: 22.8267, 测试集S分数: 3497.0, 学习率: 0.00020000
第16轮, 训练损失: 17.9742, 验证集RMSE: 16.9664, 验证集S分数: 41886.1, 测试集RMSE: 22.7656, 测试集S分数: 3737.0, 学习率: 0.00020000
第17轮, 训练损失: 17.8595, 验证集RMSE: 17.2078, 验证集S分数: 36036.8, 测试集RMSE: 22.0832, 测试集S分数: 3100.9, 学习率: 0.00020000
第18轮, 训练损失: 17.6915, 验证集RMSE: 17.0311, 验证集S分数: 38165.4, 测试集RMSE: 22.2958, 测试集S分数: 3041.2, 学习率: 0.00020000
第19轮, 训练损失: 17.5716, 验证集RMSE: 16.8714, 验证集S分数: 37381.4, 测试集RMSE: 22.1019, 测试集S分数: 2980.3, 学习率: 0.00020000
第20轮, 训练损失: 17.4076, 验证集RMSE: 16.5531, 验证集S分数: 38392.2, 测试集RMSE: 22.8152, 测试集S分数: 3345.3, 学习率: 0.00020000
第21轮, 训练损失: 17.3227, 验证集RMSE: 16.7315, 验证集S分数: 35649.7, 测试集RMSE: 22.0507, 测试集S分数: 2901.6, 学习率: 0.00002000
第22轮, 训练损失: 17.2891, 验证集RMSE: 16.6103, 验证集S分数: 35683.0, 测试集RMSE: 22.2359, 测试集S分数: 2964.0, 学习率: 0.00002000
第23轮, 训练损失: 17.2313, 验证集RMSE: 16.6951, 验证集S分数: 35883.4, 测试集RMSE: 22.1532, 测试集S分数: 2933.4, 学习率: 0.00002000
第24轮, 训练损失: 17.2372, 验证集RMSE: 16.6392, 验证集S分数: 35594.9, 测试集RMSE: 22.1271, 测试集S分数: 2906.9, 学习率: 0.00002000
第25轮, 训练损失: 17.2055, 验证集RMSE: 16.6199, 验证集S分数: 36053.8, 测试集RMSE: 22.3498, 测试集S分数: 3001.6, 学习率: 0.00002000
第26轮, 训练损失: 17.2387, 验证集RMSE: 16.7597, 验证集S分数: 35456.9, 测试集RMSE: 22.0743, 测试集S分数: 2900.0, 学习率: 0.00002000
第27轮, 训练损失: 17.1437, 验证集RMSE: 16.6611, 验证集S分数: 34935.0, 测试集RMSE: 21.9104, 测试集S分数: 2796.6, 学习率: 0.00002000
第28轮, 训练损失: 17.2284, 验证集RMSE: 16.6565, 验证集S分数: 35250.9, 测试集RMSE: 22.1051, 测试集S分数: 2875.9, 学习率: 0.00002000
第29轮, 训练损失: 17.1977, 验证集RMSE: 16.6755, 验证集S分数: 35329.1, 测试集RMSE: 22.0754, 测试集S分数: 2871.3, 学习率: 0.00002000
第30轮, 训练损失: 17.1669, 验证集RMSE: 16.6675, 验证集S分数: 34789.8, 测试集RMSE: 21.8895, 测试集S分数: 2781.0, 学习率: 0.00002000
[训练总结] 已恢复第20轮的最佳模型, 验证集RMSE: 16.5531, 验证集S分数: 38392.2, 测试集RMSE: 22.8152, 测试集S分数: 3345.3
[训练耗时] 开始: 2026-04-19 02:51:28, 结束: 2026-04-19 02:53:20, 时长: 0:01:52, 总秒数: 112.37
[自动测试] 命令: /usr/bin/python /CMAPSS-release/scipt/test_model.py --sub-dataset FD003 --smooth-rate 30 --sequence-len 30 --feature-num 14 --dataset-root /CMAPSS-release/CMAPSSData/ --max-rul 125 --batch-size 128 --model-path /CMAPSS-release/logs_GAT_LSTM/model_FD003_0419_025128_seed2.pkl
模型路径:/CMAPSS-release/logs_GAT_LSTM/model_FD003_0419_025128_seed2.pkl
最终RMSE:22.54817008972168, 评分:3242.061279296875
