-----FD003-----
模型: GAT_LSTM_AEFAOF_model(仅AEF开启)
序列长度: 30
特征维度: 14
批大小: 128
最大训练轮数: 30
随机种子: 30
学习率: 0.002
学习率调度器: step
Step步长(step_size): 10
Step衰减系数(gamma): 0.1
是否启用AEF: 是
是否启用AOF: 否
GAT隐藏层维度: [8, 8, 8]
LSTM隐藏层维度: [8, 8]
GAT Dropout系数: 0.1
GAT LeakyReLU系数(alpha): 0.1
图构建模式: dynamic_topk
节点嵌入维度(embed_dim): 8
Topk邻居数: 7
AEF注意力隐藏维度: 28
AEF/AOF融合方式: concat
是否启用指数平滑: True
平滑系数(smooth_rate): 30
------------------------------
第1轮, 训练损失: 42.8895, 验证集RMSE: 39.3537, 验证集S分数: 1127921.8, 测试集RMSE: 43.1784, 测试集S分数: 51577.3, 学习率: 0.00200000
第2轮, 训练损失: 34.6495, 验证集RMSE: 25.8339, 验证集S分数: 363382.8, 测试集RMSE: 34.5984, 测试集S分数: 28724.5, 学习率: 0.00200000
第3轮, 训练损失: 28.2740, 验证集RMSE: 23.1690, 验证集S分数: 107891.7, 测试集RMSE: 30.0273, 测试集S分数: 13489.8, 学习率: 0.00200000
第4轮, 训练损失: 27.1222, 验证集RMSE: 23.5179, 验证集S分数: 65773.9, 测试集RMSE: 29.0951, 测试集S分数: 9494.2, 学习率: 0.00200000
第5轮, 训练损失: 26.4879, 验证集RMSE: 22.4891, 验证集S分数: 86717.3, 测试集RMSE: 31.0356, 测试集S分数: 14829.5, 学习率: 0.00200000
第6轮, 训练损失: 26.0859, 验证集RMSE: 24.1549, 验证集S分数: 67886.0, 测试集RMSE: 28.2020, 测试集S分数: 7727.1, 学习率: 0.00200000
第7轮, 训练损失: 25.6877, 验证集RMSE: 24.4520, 验证集S分数: 68466.4, 测试集RMSE: 27.8657, 测试集S分数: 6607.1, 学习率: 0.00200000
第8轮, 训练损失: 25.3171, 验证集RMSE: 22.7558, 验证集S分数: 86266.4, 测试集RMSE: 31.5356, 测试集S分数: 16157.5, 学习率: 0.00200000
第9轮, 训练损失: 25.1297, 验证集RMSE: 23.0802, 验证集S分数: 100256.8, 测试集RMSE: 33.7253, 测试集S分数: 23171.1, 学习率: 0.00200000
第10轮, 训练损失: 24.8162, 验证集RMSE: 26.5057, 验证集S分数: 115264.6, 测试集RMSE: 25.6716, 测试集S分数: 4175.6, 学习率: 0.00200000
第11轮, 训练损失: 22.8029, 验证集RMSE: 22.6442, 验证集S分数: 66670.5, 测试集RMSE: 26.6176, 测试集S分数: 6117.7, 学习率: 0.00020000
第12轮, 训练损失: 22.3888, 验证集RMSE: 21.5101, 验证集S分数: 55616.8, 测试集RMSE: 25.9682, 测试集S分数: 5286.6, 学习率: 0.00020000
第13轮, 训练损失: 21.9055, 验证集RMSE: 20.5209, 验证集S分数: 46766.4, 测试集RMSE: 24.9750, 测试集S分数: 4481.8, 学习率: 0.00020000
第14轮, 训练损失: 21.6243, 验证集RMSE: 19.7081, 验证集S分数: 46302.8, 测试集RMSE: 24.8388, 测试集S分数: 4616.2, 学习率: 0.00020000
第15轮, 训练损失: 21.4189, 验证集RMSE: 19.1467, 验证集S分数: 43794.9, 测试集RMSE: 24.6110, 测试集S分数: 4472.2, 学习率: 0.00020000
第16轮, 训练损失: 21.1898, 验证集RMSE: 18.4581, 验证集S分数: 48799.2, 测试集RMSE: 25.1939, 测试集S分数: 5268.3, 学习率: 0.00020000
第17轮, 训练损失: 21.0088, 验证集RMSE: 18.4941, 验证集S分数: 46697.9, 测试集RMSE: 24.9400, 测试集S分数: 5072.6, 学习率: 0.00020000
第18轮, 训练损失: 20.9181, 验证集RMSE: 18.7241, 验证集S分数: 44179.3, 测试集RMSE: 24.2801, 测试集S分数: 4889.6, 学习率: 0.00020000
第19轮, 训练损失: 20.8726, 验证集RMSE: 18.7434, 验证集S分数: 38772.2, 测试集RMSE: 23.8657, 测试集S分数: 4199.9, 学习率: 0.00020000
第20轮, 训练损失: 20.7691, 验证集RMSE: 18.2814, 验证集S分数: 45167.1, 测试集RMSE: 24.7261, 测试集S分数: 5174.7, 学习率: 0.00020000
第21轮, 训练损失: 20.5099, 验证集RMSE: 18.3584, 验证集S分数: 41110.3, 测试集RMSE: 24.0295, 测试集S分数: 4630.4, 学习率: 0.00002000
第22轮, 训练损失: 20.4922, 验证集RMSE: 18.3286, 验证集S分数: 41043.0, 测试集RMSE: 24.0009, 测试集S分数: 4612.8, 学习率: 0.00002000
第23轮, 训练损失: 20.5539, 验证集RMSE: 18.3418, 验证集S分数: 39378.6, 测试集RMSE: 23.7771, 测试集S分数: 4392.6, 学习率: 0.00002000
第24轮, 训练损失: 20.5584, 验证集RMSE: 18.4010, 验证集S分数: 39675.5, 测试集RMSE: 23.8332, 测试集S分数: 4444.1, 学习率: 0.00002000
第25轮, 训练损失: 20.5116, 验证集RMSE: 18.3159, 验证集S分数: 40111.4, 测试集RMSE: 23.8204, 测试集S分数: 4513.1, 学习率: 0.00002000
第26轮, 训练损失: 20.5233, 验证集RMSE: 18.1966, 验证集S分数: 40183.1, 测试集RMSE: 23.8739, 测试集S分数: 4510.4, 学习率: 0.00002000
第27轮, 训练损失: 20.4473, 验证集RMSE: 18.1727, 验证集S分数: 41421.2, 测试集RMSE: 24.0352, 测试集S分数: 4684.8, 学习率: 0.00002000
第28轮, 训练损失: 20.3697, 验证集RMSE: 17.9968, 验证集S分数: 40995.4, 测试集RMSE: 23.9909, 测试集S分数: 4632.2, 学习率: 0.00002000
第29轮, 训练损失: 20.3654, 验证集RMSE: 18.0230, 验证集S分数: 40687.7, 测试集RMSE: 23.9208, 测试集S分数: 4614.5, 学习率: 0.00002000
第30轮, 训练损失: 20.4157, 验证集RMSE: 18.0958, 验证集S分数: 40190.4, 测试集RMSE: 23.8087, 测试集S分数: 4561.4, 学习率: 0.00002000
[训练总结] 已恢复第28轮的最佳模型, 验证集RMSE: 17.9968, 验证集S分数: 40995.4, 测试集RMSE: 23.9909, 测试集S分数: 4632.2
[训练耗时] 开始: 2026-04-19 02:58:28, 结束: 2026-04-19 03:00:38, 时长: 0:02:10, 总秒数: 129.96
[自动测试] 命令: /usr/bin/python /CMAPSS-release/scipt/test_model.py --sub-dataset FD003 --smooth-rate 30 --sequence-len 30 --feature-num 14 --dataset-root /CMAPSS-release/CMAPSSData/ --max-rul 125 --batch-size 128 --model-path /CMAPSS-release/logs_GAT_LSTM/model_FD003_0419_025828_seed30.pkl
模型路径:/CMAPSS-release/logs_GAT_LSTM/model_FD003_0419_025828_seed30.pkl
最终RMSE:23.765731811523438, 评分:4384.02197265625
