-----FD003-----
模型: GAT_LSTM_AEFAOF_model(仅AOF开启)
序列长度: 30
特征维度: 14
批大小: 128
最大训练轮数: 30
随机种子: 97
学习率: 0.002
学习率调度器: step
Step步长(step_size): 10
Step衰减系数(gamma): 0.1
是否启用AEF: 否
是否启用AOF: 是
GAT隐藏层维度: [8, 8, 8]
LSTM隐藏层维度: [8, 8]
GAT Dropout系数: 0.1
GAT LeakyReLU系数(alpha): 0.1
图构建模式: dynamic_topk
节点嵌入维度(embed_dim): 8
Topk邻居数: 7
AOF注意力隐藏维度: 4
AEF/AOF融合方式: concat
是否启用指数平滑: True
平滑系数(smooth_rate): 30
------------------------------
第1轮, 训练损失: 38.7012, 验证集RMSE: 26.3409, 验证集S分数: 814796.4, 测试集RMSE: 33.4862, 测试集S分数: 19949.4, 学习率: 0.00200000
第2轮, 训练损失: 34.5551, 验证集RMSE: 24.6966, 验证集S分数: 216576.0, 测试集RMSE: 31.2603, 测试集S分数: 7918.1, 学习率: 0.00200000
第3轮, 训练损失: 32.3753, 验证集RMSE: 23.0460, 验证集S分数: 94018.0, 测试集RMSE: 29.3635, 测试集S分数: 5210.2, 学习率: 0.00200000
第4轮, 训练损失: 29.7913, 验证集RMSE: 21.1106, 验证集S分数: 121529.7, 测试集RMSE: 29.6529, 测试集S分数: 8770.4, 学习率: 0.00200000
第5轮, 训练损失: 26.6504, 验证集RMSE: 20.7875, 验证集S分数: 121496.6, 测试集RMSE: 29.6929, 测试集S分数: 23437.5, 学习率: 0.00200000
第6轮, 训练损失: 25.0334, 验证集RMSE: 21.9370, 验证集S分数: 67262.7, 测试集RMSE: 27.3244, 测试集S分数: 14542.4, 学习率: 0.00200000
第7轮, 训练损失: 24.0387, 验证集RMSE: 19.9426, 验证集S分数: 81790.0, 测试集RMSE: 28.6442, 测试集S分数: 23616.8, 学习率: 0.00200000
第8轮, 训练损失: 22.6541, 验证集RMSE: 19.4941, 验证集S分数: 65657.4, 测试集RMSE: 27.2841, 测试集S分数: 6937.0, 学习率: 0.00200000
第9轮, 训练损失: 20.4453, 验证集RMSE: 18.4709, 验证集S分数: 35205.0, 测试集RMSE: 22.9636, 测试集S分数: 2964.9, 学习率: 0.00200000
第10轮, 训练损失: 17.7053, 验证集RMSE: 16.7350, 验证集S分数: 30123.7, 测试集RMSE: 20.6262, 测试集S分数: 1909.2, 学习率: 0.00200000
第11轮, 训练损失: 16.2358, 验证集RMSE: 16.1706, 验证集S分数: 29286.6, 测试集RMSE: 20.3432, 测试集S分数: 1667.0, 学习率: 0.00020000
第12轮, 训练损失: 16.0637, 验证集RMSE: 16.4254, 验证集S分数: 29918.5, 测试集RMSE: 19.7569, 测试集S分数: 1552.2, 学习率: 0.00020000
第13轮, 训练损失: 15.9369, 验证集RMSE: 15.9189, 验证集S分数: 30259.8, 测试集RMSE: 20.3118, 测试集S分数: 1766.8, 学习率: 0.00020000
第14轮, 训练损失: 15.9164, 验证集RMSE: 16.4785, 验证集S分数: 28393.5, 测试集RMSE: 19.0014, 测试集S分数: 1473.7, 学习率: 0.00020000
第15轮, 训练损失: 15.7169, 验证集RMSE: 15.8517, 验证集S分数: 29768.8, 测试集RMSE: 19.8251, 测试集S分数: 1709.1, 学习率: 0.00020000
第16轮, 训练损失: 15.5693, 验证集RMSE: 15.8209, 验证集S分数: 30486.9, 测试集RMSE: 19.5494, 测试集S分数: 1720.1, 学习率: 0.00020000
第17轮, 训练损失: 15.5456, 验证集RMSE: 15.8440, 验证集S分数: 28729.9, 测试集RMSE: 19.1539, 测试集S分数: 1588.7, 学习率: 0.00020000
第18轮, 训练损失: 15.4210, 验证集RMSE: 15.8605, 验证集S分数: 27346.7, 测试集RMSE: 18.6407, 测试集S分数: 1487.6, 学习率: 0.00020000
第19轮, 训练损失: 15.4128, 验证集RMSE: 15.5380, 验证集S分数: 27104.6, 测试集RMSE: 18.9581, 测试集S分数: 1528.1, 学习率: 0.00020000
第20轮, 训练损失: 15.2339, 验证集RMSE: 15.6557, 验证集S分数: 28501.3, 测试集RMSE: 18.9996, 测试集S分数: 1669.7, 学习率: 0.00020000
第21轮, 训练损失: 15.2323, 验证集RMSE: 15.7095, 验证集S分数: 27590.3, 测试集RMSE: 18.7165, 测试集S分数: 1574.0, 学习率: 0.00002000
第22轮, 训练损失: 15.2249, 验证集RMSE: 15.6929, 验证集S分数: 27325.0, 测试集RMSE: 18.6693, 测试集S分数: 1547.4, 学习率: 0.00002000
第23轮, 训练损失: 15.2106, 验证集RMSE: 15.6267, 验证集S分数: 27202.5, 测试集RMSE: 18.6660, 测试集S分数: 1542.0, 学习率: 0.00002000
第24轮, 训练损失: 15.2502, 验证集RMSE: 15.5764, 验证集S分数: 27002.8, 测试集RMSE: 18.5989, 测试集S分数: 1527.6, 学习率: 0.00002000
第25轮, 训练损失: 15.1546, 验证集RMSE: 15.7574, 验证集S分数: 26900.7, 测试集RMSE: 18.4991, 测试集S分数: 1506.9, 学习率: 0.00002000
第26轮, 训练损失: 15.1708, 验证集RMSE: 15.5034, 验证集S分数: 27012.4, 测试集RMSE: 18.7586, 测试集S分数: 1541.9, 学习率: 0.00002000
第27轮, 训练损失: 15.1794, 验证集RMSE: 15.5307, 验证集S分数: 27340.4, 测试集RMSE: 18.7280, 测试集S分数: 1568.5, 学习率: 0.00002000
第28轮, 训练损失: 15.1699, 验证集RMSE: 15.6329, 验证集S分数: 27175.8, 测试集RMSE: 18.6049, 测试集S分数: 1527.8, 学习率: 0.00002000
第29轮, 训练损失: 15.1480, 验证集RMSE: 15.6183, 验证集S分数: 27075.2, 测试集RMSE: 18.5842, 测试集S分数: 1518.8, 学习率: 0.00002000
第30轮, 训练损失: 15.1596, 验证集RMSE: 15.6288, 验证集S分数: 27007.5, 测试集RMSE: 18.5106, 测试集S分数: 1505.1, 学习率: 0.00002000
[训练总结] 已恢复第26轮的最佳模型, 验证集RMSE: 15.5034, 验证集S分数: 27012.4, 测试集RMSE: 18.7586, 测试集S分数: 1541.9
[训练耗时] 开始: 2026-04-19 03:37:57, 结束: 2026-04-19 03:39:56, 时长: 0:01:59, 总秒数: 119.27
[自动测试] 命令: /usr/bin/python /CMAPSS-release/scipt/test_model.py --sub-dataset FD003 --smooth-rate 30 --sequence-len 30 --feature-num 14 --dataset-root /CMAPSS-release/CMAPSSData/ --max-rul 125 --batch-size 128 --model-path /CMAPSS-release/logs_GAT_LSTM/model_FD003_0419_033757_seed97.pkl
模型路径:/CMAPSS-release/logs_GAT_LSTM/model_FD003_0419_033757_seed97.pkl
最终RMSE:18.52997589111328, 评分:1473.140869140625
