-----FD003-----
模型: GAT_LSTM_model(AEF与AOF均关闭)
序列长度: 30
特征维度: 14
批大小: 128
最大训练轮数: 30
随机种子: 62
学习率: 0.002
学习率调度器: step
Step步长(step_size): 10
Step衰减系数(gamma): 0.1
是否启用AEF: 否
是否启用AOF: 否
GAT隐藏层维度: [8, 8, 8]
LSTM隐藏层维度: [8, 8]
GAT Dropout系数: 0.1
GAT LeakyReLU系数(alpha): 0.1
图构建模式: path
节点嵌入维度(embed_dim): 8
Topk邻居数: 7
是否启用指数平滑: True
平滑系数(smooth_rate): 30
------------------------------
第1轮, 训练损失: 35.9244, 验证集RMSE: 19.8604, 验证集S分数: 32629.7, 测试集RMSE: 24.0342, 测试集S分数: 4835.7, 学习率: 0.00200000
第2轮, 训练损失: 22.2195, 验证集RMSE: 16.5851, 验证集S分数: 25073.2, 测试集RMSE: 20.3759, 测试集S分数: 4010.3, 学习率: 0.00200000
第3轮, 训练损失: 19.4418, 验证集RMSE: 16.0475, 验证集S分数: 17312.1, 测试集RMSE: 17.9101, 测试集S分数: 2564.5, 学习率: 0.00200000
第4轮, 训练损失: 18.3416, 验证集RMSE: 18.0366, 验证集S分数: 20747.6, 测试集RMSE: 19.0326, 测试集S分数: 2913.0, 学习率: 0.00200000
第5轮, 训练损失: 17.4545, 验证集RMSE: 14.7292, 验证集S分数: 13417.2, 测试集RMSE: 16.6046, 测试集S分数: 1778.5, 学习率: 0.00200000
第6轮, 训练损失: 17.4314, 验证集RMSE: 12.9143, 验证集S分数: 34807.2, 测试集RMSE: 20.4184, 测试集S分数: 5346.2, 学习率: 0.00200000
第7轮, 训练损失: 16.5011, 验证集RMSE: 15.0491, 验证集S分数: 14400.0, 测试集RMSE: 16.9394, 测试集S分数: 1987.3, 学习率: 0.00200000
第8轮, 训练损失: 16.4735, 验证集RMSE: 12.6406, 验证集S分数: 16965.9, 测试集RMSE: 16.9028, 测试集S分数: 2329.0, 学习率: 0.00200000
第9轮, 训练损失: 15.8272, 验证集RMSE: 12.6817, 验证集S分数: 18696.8, 测试集RMSE: 16.8958, 测试集S分数: 1847.6, 学习率: 0.00200000
第10轮, 训练损失: 15.5430, 验证集RMSE: 22.1707, 验证集S分数: 25649.8, 测试集RMSE: 21.0577, 测试集S分数: 1992.6, 学习率: 0.00200000
第11轮, 训练损失: 14.3972, 验证集RMSE: 12.4090, 验证集S分数: 18445.0, 测试集RMSE: 16.7937, 测试集S分数: 2024.6, 学习率: 0.00020000
第12轮, 训练损失: 14.1272, 验证集RMSE: 12.6658, 验证集S分数: 17216.1, 测试集RMSE: 16.4792, 测试集S分数: 1777.6, 学习率: 0.00020000
第13轮, 训练损失: 14.1123, 验证集RMSE: 12.7179, 验证集S分数: 18809.7, 测试集RMSE: 17.0925, 测试集S分数: 2131.9, 学习率: 0.00020000
第14轮, 训练损失: 14.0817, 验证集RMSE: 12.2529, 验证集S分数: 19304.5, 测试集RMSE: 16.8289, 测试集S分数: 1872.8, 学习率: 0.00020000
第15轮, 训练损失: 14.0080, 验证集RMSE: 12.4654, 验证集S分数: 17938.2, 测试集RMSE: 16.5218, 测试集S分数: 1677.5, 学习率: 0.00020000
第16轮, 训练损失: 13.9366, 验证集RMSE: 12.6200, 验证集S分数: 17704.4, 测试集RMSE: 16.3902, 测试集S分数: 1586.1, 学习率: 0.00020000
第17轮, 训练损失: 13.9204, 验证集RMSE: 12.5931, 验证集S分数: 17975.5, 测试集RMSE: 16.3591, 测试集S分数: 1565.6, 学习率: 0.00020000
第18轮, 训练损失: 13.8618, 验证集RMSE: 12.3635, 验证集S分数: 18868.1, 测试集RMSE: 16.3541, 测试集S分数: 1437.5, 学习率: 0.00020000
第19轮, 训练损失: 13.8150, 验证集RMSE: 12.5528, 验证集S分数: 19174.7, 测试集RMSE: 16.5003, 测试集S分数: 1607.4, 学习率: 0.00020000
第20轮, 训练损失: 13.7963, 验证集RMSE: 12.5709, 验证集S分数: 18316.1, 测试集RMSE: 16.3515, 测试集S分数: 1487.0, 学习率: 0.00020000
第21轮, 训练损失: 13.7083, 验证集RMSE: 12.4408, 验证集S分数: 18092.1, 测试集RMSE: 16.2351, 测试集S分数: 1404.1, 学习率: 0.00002000
第22轮, 训练损失: 13.7567, 验证集RMSE: 12.5193, 验证集S分数: 17359.7, 测试集RMSE: 16.0574, 测试集S分数: 1332.5, 学习率: 0.00002000
第23轮, 训练损失: 13.7550, 验证集RMSE: 12.5584, 验证集S分数: 17689.0, 测试集RMSE: 16.1412, 测试集S分数: 1365.6, 学习率: 0.00002000
第24轮, 训练损失: 13.7008, 验证集RMSE: 12.4425, 验证集S分数: 18047.3, 测试集RMSE: 16.2492, 测试集S分数: 1420.0, 学习率: 0.00002000
第25轮, 训练损失: 13.6473, 验证集RMSE: 12.4048, 验证集S分数: 17807.6, 测试集RMSE: 16.2303, 测试集S分数: 1410.3, 学习率: 0.00002000
第26轮, 训练损失: 13.7128, 验证集RMSE: 12.3966, 验证集S分数: 17864.5, 测试集RMSE: 16.2297, 测试集S分数: 1412.5, 学习率: 0.00002000
第27轮, 训练损失: 13.6894, 验证集RMSE: 12.5910, 验证集S分数: 17440.5, 测试集RMSE: 16.1138, 测试集S分数: 1361.6, 学习率: 0.00002000
第28轮, 训练损失: 13.7324, 验证集RMSE: 12.4888, 验证集S分数: 17752.9, 测试集RMSE: 16.2063, 测试集S分数: 1399.5, 学习率: 0.00002000
第29轮, 训练损失: 13.6825, 验证集RMSE: 12.4097, 验证集S分数: 17875.9, 测试集RMSE: 16.2075, 测试集S分数: 1386.0, 学习率: 0.00002000
第30轮, 训练损失: 13.6961, 验证集RMSE: 12.3663, 验证集S分数: 17750.7, 测试集RMSE: 16.2004, 测试集S分数: 1385.0, 学习率: 0.00002000
[训练总结] 已恢复第14轮的最佳模型, 验证集RMSE: 12.2529, 验证集S分数: 19304.5, 测试集RMSE: 16.8289, 测试集S分数: 1872.8
[训练耗时] 开始: 2026-04-19 03:53:04, 结束: 2026-04-19 03:54:31, 时长: 0:01:27, 总秒数: 87.18
[自动测试] 命令: /usr/bin/python /CMAPSS-release/scipt/test_model.py --sub-dataset FD003 --smooth-rate 30 --sequence-len 30 --feature-num 14 --dataset-root /CMAPSS-release/CMAPSSData/ --max-rul 125 --batch-size 128 --model-path /CMAPSS-release/logs_GAT_LSTM/model_FD003_0419_035304_seed62.pkl
模型路径:/CMAPSS-release/logs_GAT_LSTM/model_FD003_0419_035304_seed62.pkl
最终RMSE:16.66973304748535, 评分:1768.40869140625
