-----FD001-----
模型: GAT_LSTM_model(AEF与AOF均关闭)
序列长度: 30
特征维度: 14
批大小: 128
最大训练轮数: 30
随机种子: 51
学习率: 0.002
学习率调度器: step
Step步长(step_size): 10
Step衰减系数(gamma): 0.1
是否启用AEF: 否
是否启用AOF: 否
GAT隐藏层维度: [8, 8, 8]
LSTM隐藏层维度: [8, 8]
GAT Dropout系数: 0.1
GAT LeakyReLU系数(alpha): 0.1
图构建模式: path
节点嵌入维度(embed_dim): 8
Topk邻居数: 7
是否启用指数平滑: True
平滑系数(smooth_rate): 30
------------------------------
第1轮, 训练损失: 42.8403, 验证集RMSE: 41.8756, 验证集S分数: 231341.4, 测试集RMSE: 40.0855, 测试集S分数: 11704.0, 学习率: 0.00200000
第2轮, 训练损失: 38.1394, 验证集RMSE: 18.8521, 验证集S分数: 13243.7, 测试集RMSE: 18.7307, 测试集S分数: 779.4, 学习率: 0.00200000
第3轮, 训练损失: 20.1220, 验证集RMSE: 18.3245, 验证集S分数: 11711.2, 测试集RMSE: 19.4865, 测试集S分数: 783.5, 学习率: 0.00200000
第4轮, 训练损失: 19.4692, 验证集RMSE: 17.4445, 验证集S分数: 12609.1, 测试集RMSE: 18.7724, 测试集S分数: 798.3, 学习率: 0.00200000
第5轮, 训练损失: 19.1708, 验证集RMSE: 18.8364, 验证集S分数: 19517.1, 测试集RMSE: 19.0922, 测试集S分数: 1217.0, 学习率: 0.00200000
第6轮, 训练损失: 18.9147, 验证集RMSE: 25.7754, 验证集S分数: 135127.3, 测试集RMSE: 25.5095, 测试集S分数: 3237.8, 学习率: 0.00200000
第7轮, 训练损失: 18.2845, 验证集RMSE: 18.7991, 验证集S分数: 21849.7, 测试集RMSE: 17.4215, 测试集S分数: 952.9, 学习率: 0.00200000
第8轮, 训练损失: 18.5662, 验证集RMSE: 21.1892, 验证集S分数: 57939.3, 测试集RMSE: 18.1457, 测试集S分数: 1122.9, 学习率: 0.00200000
第9轮, 训练损失: 18.1922, 验证集RMSE: 20.2039, 验证集S分数: 39455.8, 测试集RMSE: 17.4156, 测试集S分数: 965.3, 学习率: 0.00200000
第10轮, 训练损失: 18.2182, 验证集RMSE: 20.9362, 验证集S分数: 47866.8, 测试集RMSE: 19.0720, 测试集S分数: 1504.7, 学习率: 0.00200000
第11轮, 训练损失: 17.0984, 验证集RMSE: 18.4478, 验证集S分数: 19509.1, 测试集RMSE: 16.7453, 测试集S分数: 830.3, 学习率: 0.00020000
第12轮, 训练损失: 16.9858, 验证集RMSE: 17.6864, 验证集S分数: 17543.4, 测试集RMSE: 16.7327, 测试集S分数: 823.9, 学习率: 0.00020000
第13轮, 训练损失: 17.0860, 验证集RMSE: 17.9959, 验证集S分数: 22423.5, 测试集RMSE: 17.1040, 测试集S分数: 923.4, 学习率: 0.00020000
第14轮, 训练损失: 17.0036, 验证集RMSE: 17.1170, 验证集S分数: 15436.2, 测试集RMSE: 17.0825, 测试集S分数: 895.8, 学习率: 0.00020000
第15轮, 训练损失: 16.9731, 验证集RMSE: 17.1866, 验证集S分数: 13445.5, 测试集RMSE: 16.7104, 测试集S分数: 766.0, 学习率: 0.00020000
第16轮, 训练损失: 16.9251, 验证集RMSE: 18.9176, 验证集S分数: 24999.8, 测试集RMSE: 17.2007, 测试集S分数: 951.7, 学习率: 0.00020000
第17轮, 训练损失: 17.0214, 验证集RMSE: 17.7667, 验证集S分数: 16184.2, 测试集RMSE: 16.9905, 测试集S分数: 878.4, 学习率: 0.00020000
第18轮, 训练损失: 16.7806, 验证集RMSE: 17.5002, 验证集S分数: 17848.2, 测试集RMSE: 17.0746, 测试集S分数: 943.3, 学习率: 0.00020000
第19轮, 训练损失: 16.8740, 验证集RMSE: 19.0504, 验证集S分数: 29631.3, 测试集RMSE: 17.9924, 测试集S分数: 1164.5, 学习率: 0.00020000
第20轮, 训练损失: 16.7906, 验证集RMSE: 18.1345, 验证集S分数: 18927.0, 测试集RMSE: 17.0801, 测试集S分数: 950.1, 学习率: 0.00020000
第21轮, 训练损失: 16.8131, 验证集RMSE: 17.1115, 验证集S分数: 17034.2, 测试集RMSE: 16.9260, 测试集S分数: 895.0, 学习率: 0.00002000
第22轮, 训练损失: 16.8843, 验证集RMSE: 18.5272, 验证集S分数: 17986.6, 测试集RMSE: 16.9457, 测试集S分数: 906.2, 学习率: 0.00002000
第23轮, 训练损失: 16.8010, 验证集RMSE: 17.6341, 验证集S分数: 18190.1, 测试集RMSE: 16.9959, 测试集S分数: 919.7, 学习率: 0.00002000
第24轮, 训练损失: 16.8511, 验证集RMSE: 18.3412, 验证集S分数: 18504.8, 测试集RMSE: 17.0043, 测试集S分数: 921.1, 学习率: 0.00002000
第25轮, 训练损失: 16.8319, 验证集RMSE: 18.3354, 验证集S分数: 18183.7, 测试集RMSE: 16.9912, 测试集S分数: 915.8, 学习率: 0.00002000
第26轮, 训练损失: 16.8305, 验证集RMSE: 18.0366, 验证集S分数: 17143.8, 测试集RMSE: 16.8651, 测试集S分数: 879.3, 学习率: 0.00002000
第27轮, 训练损失: 16.9135, 验证集RMSE: 17.5099, 验证集S分数: 17813.9, 测试集RMSE: 16.9497, 测试集S分数: 904.7, 学习率: 0.00002000
第28轮, 训练损失: 16.8257, 验证集RMSE: 17.8286, 验证集S分数: 17632.7, 测试集RMSE: 16.9635, 测试集S分数: 909.2, 学习率: 0.00002000
第29轮, 训练损失: 16.8147, 验证集RMSE: 17.5088, 验证集S分数: 17318.1, 测试集RMSE: 16.8703, 测试集S分数: 879.8, 学习率: 0.00002000
第30轮, 训练损失: 16.8164, 验证集RMSE: 17.7316, 验证集S分数: 16702.4, 测试集RMSE: 16.8549, 测试集S分数: 872.9, 学习率: 0.00002000
[训练总结] 已恢复第21轮的最佳模型, 验证集RMSE: 17.1115, 验证集S分数: 17034.2, 测试集RMSE: 16.9260, 测试集S分数: 895.0
[训练耗时] 开始: 2026-04-19 01:47:58, 结束: 2026-04-19 01:49:32, 时长: 0:01:34, 总秒数: 93.93
[自动测试] 命令: /usr/bin/python /CMAPSS-release/scipt/test_model.py --sub-dataset FD001 --smooth-rate 30 --sequence-len 30 --feature-num 14 --dataset-root /CMAPSS-release/CMAPSSData/ --max-rul 125 --batch-size 128 --model-path /CMAPSS-release/logs_GAT_LSTM/model_FD001_0419_014758_seed51.pkl
模型路径:/CMAPSS-release/logs_GAT_LSTM/model_FD001_0419_014758_seed51.pkl
最终RMSE:16.81695556640625, 评分:867.2918701171875
