-----FD001-----
模型: GAT_LSTM_AEFAOF_model(AEF与AOF均开启)
序列长度: 30
特征维度: 14
批大小: 128
最大训练轮数: 30
随机种子: 51
学习率: 0.002
学习率调度器: step
Step步长(step_size): 10
Step衰减系数(gamma): 0.1
是否启用AEF: 是
是否启用AOF: 是
GAT隐藏层维度: [8, 8, 8]
LSTM隐藏层维度: [8, 8]
GAT Dropout系数: 0.1
GAT LeakyReLU系数(alpha): 0.1
图构建模式: path
节点嵌入维度(embed_dim): 8
Topk邻居数: 7
AOF注意力隐藏维度: 4
AEF注意力隐藏维度: 28
AEF/AOF融合方式: concat
是否启用指数平滑: True
平滑系数(smooth_rate): 30
------------------------------
第1轮, 训练损失: 42.8912, 验证集RMSE: 42.5942, 验证集S分数: 188259.2, 测试集RMSE: 40.1058, 测试集S分数: 9260.0, 学习率: 0.00200000
第2轮, 训练损失: 41.8618, 验证集RMSE: 42.2160, 验证集S分数: 373901.3, 测试集RMSE: 40.6416, 测试集S分数: 19496.9, 学习率: 0.00200000
第3轮, 训练损失: 41.8485, 验证集RMSE: 41.7071, 验证集S分数: 306997.1, 测试集RMSE: 40.2804, 测试集S分数: 15817.8, 学习率: 0.00200000
第4轮, 训练损失: 33.1128, 验证集RMSE: 22.9297, 验证集S分数: 36091.7, 测试集RMSE: 23.5760, 测试集S分数: 2038.5, 学习率: 0.00200000
第5轮, 训练损失: 21.3635, 验证集RMSE: 21.2610, 验证集S分数: 33416.9, 测试集RMSE: 22.0572, 测试集S分数: 1860.7, 学习率: 0.00200000
第6轮, 训练损失: 20.4562, 验证集RMSE: 21.5046, 验证集S分数: 38227.2, 测试集RMSE: 21.5912, 测试集S分数: 1569.5, 学习率: 0.00200000
第7轮, 训练损失: 19.7952, 验证集RMSE: 21.4216, 验证集S分数: 34040.5, 测试集RMSE: 22.2686, 测试集S分数: 2149.1, 学习率: 0.00200000
第8轮, 训练损失: 19.3396, 验证集RMSE: 20.4413, 验证集S分数: 24940.7, 测试集RMSE: 19.4293, 测试集S分数: 1040.1, 学习率: 0.00200000
第9轮, 训练损失: 18.9369, 验证集RMSE: 20.5596, 验证集S分数: 19211.5, 测试集RMSE: 20.6489, 测试集S分数: 950.2, 学习率: 0.00200000
第10轮, 训练损失: 18.8207, 验证集RMSE: 20.0127, 验证集S分数: 27052.5, 测试集RMSE: 18.6416, 测试集S分数: 935.6, 学习率: 0.00200000
第11轮, 训练损失: 18.1091, 验证集RMSE: 20.0208, 验证集S分数: 31780.1, 测试集RMSE: 18.8631, 测试集S分数: 926.6, 学习率: 0.00020000
第12轮, 训练损失: 18.0733, 验证集RMSE: 20.4176, 验证集S分数: 29817.3, 测试集RMSE: 18.8895, 测试集S分数: 958.0, 学习率: 0.00020000
第13轮, 训练损失: 18.0539, 验证集RMSE: 20.0054, 验证集S分数: 28786.3, 测试集RMSE: 18.5055, 测试集S分数: 859.2, 学习率: 0.00020000
第14轮, 训练损失: 18.1236, 验证集RMSE: 20.2182, 验证集S分数: 28281.1, 测试集RMSE: 18.6093, 测试集S分数: 901.4, 学习率: 0.00020000
第15轮, 训练损失: 18.0382, 验证集RMSE: 20.1295, 验证集S分数: 33107.3, 测试集RMSE: 18.9531, 测试集S分数: 976.2, 学习率: 0.00020000
第16轮, 训练损失: 17.9595, 验证集RMSE: 20.2869, 验证集S分数: 30792.4, 测试集RMSE: 18.5865, 测试集S分数: 906.8, 学习率: 0.00020000
第17轮, 训练损失: 17.9264, 验证集RMSE: 19.7616, 验证集S分数: 29244.2, 测试集RMSE: 18.5381, 测试集S分数: 895.3, 学习率: 0.00020000
第18轮, 训练损失: 17.8956, 验证集RMSE: 20.2794, 验证集S分数: 34177.7, 测试集RMSE: 18.8850, 测试集S分数: 993.7, 学习率: 0.00020000
第19轮, 训练损失: 17.9285, 验证集RMSE: 20.5155, 验证集S分数: 32423.7, 测试集RMSE: 18.9065, 测试集S分数: 1010.6, 学习率: 0.00020000
第20轮, 训练损失: 17.8860, 验证集RMSE: 20.8374, 验证集S分数: 34341.3, 测试集RMSE: 18.8860, 测试集S分数: 989.1, 学习率: 0.00020000
第21轮, 训练损失: 17.7960, 验证集RMSE: 20.4186, 验证集S分数: 32028.0, 测试集RMSE: 18.5537, 测试集S分数: 916.8, 学习率: 0.00002000
第22轮, 训练损失: 17.7996, 验证集RMSE: 19.8168, 验证集S分数: 32982.0, 测试集RMSE: 18.7107, 测试集S分数: 957.9, 学习率: 0.00002000
第23轮, 训练损失: 17.7649, 验证集RMSE: 19.5084, 验证集S分数: 32078.7, 测试集RMSE: 18.5818, 测试集S分数: 931.4, 学习率: 0.00002000
第24轮, 训练损失: 17.6782, 验证集RMSE: 20.2364, 验证集S分数: 32858.2, 测试集RMSE: 18.6299, 测试集S分数: 939.8, 学习率: 0.00002000
第25轮, 训练损失: 17.7878, 验证集RMSE: 19.7322, 验证集S分数: 32839.9, 测试集RMSE: 18.6074, 测试集S分数: 933.2, 学习率: 0.00002000
第26轮, 训练损失: 17.7330, 验证集RMSE: 20.1109, 验证集S分数: 32756.5, 测试集RMSE: 18.5844, 测试集S分数: 931.4, 学习率: 0.00002000
第27轮, 训练损失: 17.8218, 验证集RMSE: 20.5219, 验证集S分数: 32452.6, 测试集RMSE: 18.5951, 测试集S分数: 934.6, 学习率: 0.00002000
第28轮, 训练损失: 17.8834, 验证集RMSE: 19.6127, 验证集S分数: 32707.5, 测试集RMSE: 18.5980, 测试集S分数: 934.4, 学习率: 0.00002000
第29轮, 训练损失: 17.7898, 验证集RMSE: 20.0609, 验证集S分数: 32690.7, 测试集RMSE: 18.6431, 测试集S分数: 946.5, 学习率: 0.00002000
第30轮, 训练损失: 17.8249, 验证集RMSE: 19.9709, 验证集S分数: 33076.8, 测试集RMSE: 18.6791, 测试集S分数: 955.8, 学习率: 0.00002000
[训练总结] 已恢复第23轮的最佳模型, 验证集RMSE: 19.5084, 验证集S分数: 32078.7, 测试集RMSE: 18.5818, 测试集S分数: 931.4
[训练耗时] 开始: 2026-04-19 11:57:43, 结束: 2026-04-19 11:59:39, 时长: 0:01:56, 总秒数: 115.97
[自动测试] 命令: /usr/bin/python /CMAPSS-release/scipt/test_model.py --sub-dataset FD001 --smooth-rate 30 --sequence-len 30 --feature-num 14 --dataset-root /CMAPSS-release/CMAPSSData/ --max-rul 125 --batch-size 128 --model-path /CMAPSS-release/logs_GAT_LSTM/model_FD001_0419_115743_seed51.pkl
模型路径:/CMAPSS-release/logs_GAT_LSTM/model_FD001_0419_115743_seed51.pkl
最终RMSE:18.423625946044922, 评分:899.5213012695312
