-----FD001-----
模型: GAT_LSTM_model(AEF与AOF均关闭)
序列长度: 30
特征维度: 14
批大小: 128
最大训练轮数: 30
随机种子: 17
学习率: 0.002
学习率调度器: step
Step步长(step_size): 10
Step衰减系数(gamma): 0.1
是否启用AEF: 否
是否启用AOF: 否
GAT隐藏层维度: [8, 8, 8]
LSTM隐藏层维度: [8, 8]
GAT Dropout系数: 0.1
GAT LeakyReLU系数(alpha): 0.1
图构建模式: path
节点嵌入维度(embed_dim): 8
Topk邻居数: 7
是否启用指数平滑: True
平滑系数(smooth_rate): 30
------------------------------
第1轮, 训练损失: 42.6814, 验证集RMSE: 42.3974, 验证集S分数: 775534.5, 测试集RMSE: 42.5522, 测试集S分数: 40958.8, 学习率: 0.00200000
第2轮, 训练损失: 34.1389, 验证集RMSE: 22.2961, 验证集S分数: 58263.1, 测试集RMSE: 24.0197, 测试集S分数: 3403.2, 学习率: 0.00200000
第3轮, 训练损失: 19.5886, 验证集RMSE: 28.4196, 验证集S分数: 174063.2, 测试集RMSE: 29.3388, 测试集S分数: 7145.2, 学习率: 0.00200000
第4轮, 训练损失: 19.2403, 验证集RMSE: 17.9588, 验证集S分数: 11595.5, 测试集RMSE: 18.0437, 测试集S分数: 597.3, 学习率: 0.00200000
第5轮, 训练损失: 18.7050, 验证集RMSE: 20.3392, 验证集S分数: 34452.1, 测试集RMSE: 20.4320, 测试集S分数: 1455.4, 学习率: 0.00200000
第6轮, 训练损失: 18.6413, 验证集RMSE: 19.2417, 验证集S分数: 13216.0, 测试集RMSE: 20.0427, 测试集S分数: 749.9, 学习率: 0.00200000
第7轮, 训练损失: 18.5884, 验证集RMSE: 19.2309, 验证集S分数: 10584.6, 测试集RMSE: 16.8510, 测试集S分数: 437.8, 学习率: 0.00200000
第8轮, 训练损失: 18.2212, 验证集RMSE: 20.3588, 验证集S分数: 41596.3, 测试集RMSE: 21.1752, 测试集S分数: 1803.7, 学习率: 0.00200000
第9轮, 训练损失: 18.1774, 验证集RMSE: 17.6464, 验证集S分数: 14741.7, 测试集RMSE: 16.7967, 测试集S分数: 677.1, 学习率: 0.00200000
第10轮, 训练损失: 17.8482, 验证集RMSE: 17.5974, 验证集S分数: 14283.5, 测试集RMSE: 17.1324, 测试集S分数: 730.5, 学习率: 0.00200000
第11轮, 训练损失: 16.8461, 验证集RMSE: 17.3536, 验证集S分数: 16205.2, 测试集RMSE: 17.5162, 测试集S分数: 885.8, 学习率: 0.00020000
第12轮, 训练损失: 16.7820, 验证集RMSE: 17.1706, 验证集S分数: 14689.7, 测试集RMSE: 16.9840, 测试集S分数: 763.0, 学习率: 0.00020000
第13轮, 训练损失: 16.7969, 验证集RMSE: 17.8200, 验证集S分数: 16824.6, 测试集RMSE: 17.5707, 测试集S分数: 936.1, 学习率: 0.00020000
第14轮, 训练损失: 16.7266, 验证集RMSE: 17.0433, 验证集S分数: 15120.0, 测试集RMSE: 17.1580, 测试集S分数: 817.8, 学习率: 0.00020000
第15轮, 训练损失: 16.7808, 验证集RMSE: 17.4735, 验证集S分数: 15394.1, 测试集RMSE: 17.0812, 测试集S分数: 813.0, 学习率: 0.00020000
第16轮, 训练损失: 16.6594, 验证集RMSE: 17.5778, 验证集S分数: 15739.7, 测试集RMSE: 17.4171, 测试集S分数: 917.4, 学习率: 0.00020000
第17轮, 训练损失: 16.6761, 验证集RMSE: 16.9055, 验证集S分数: 16860.1, 测试集RMSE: 17.5443, 测试集S分数: 958.9, 学习率: 0.00020000
第18轮, 训练损失: 16.7324, 验证集RMSE: 17.2111, 验证集S分数: 15389.7, 测试集RMSE: 17.1790, 测试集S分数: 862.9, 学习率: 0.00020000
第19轮, 训练损失: 16.7253, 验证集RMSE: 16.7604, 验证集S分数: 15834.2, 测试集RMSE: 16.8957, 测试集S分数: 806.6, 学习率: 0.00020000
第20轮, 训练损失: 16.6802, 验证集RMSE: 17.0640, 验证集S分数: 16876.5, 测试集RMSE: 17.4757, 测试集S分数: 957.5, 学习率: 0.00020000
第21轮, 训练损失: 16.6069, 验证集RMSE: 17.8103, 验证集S分数: 15635.0, 测试集RMSE: 17.1524, 测试集S分数: 876.9, 学习率: 0.00002000
第22轮, 训练损失: 16.5507, 验证集RMSE: 17.0740, 验证集S分数: 14944.5, 测试集RMSE: 17.0062, 测试集S分数: 841.3, 学习率: 0.00002000
第23轮, 训练损失: 16.5777, 验证集RMSE: 17.1087, 验证集S分数: 15844.3, 测试集RMSE: 17.1815, 测试集S分数: 889.4, 学习率: 0.00002000
第24轮, 训练损失: 16.6882, 验证集RMSE: 16.7455, 验证集S分数: 15565.9, 测试集RMSE: 17.1019, 测试集S分数: 868.5, 学习率: 0.00002000
第25轮, 训练损失: 16.5894, 验证集RMSE: 17.2647, 验证集S分数: 15292.5, 测试集RMSE: 17.0906, 测试集S分数: 869.1, 学习率: 0.00002000
第26轮, 训练损失: 16.5631, 验证集RMSE: 16.6081, 验证集S分数: 15442.8, 测试集RMSE: 17.1055, 测试集S分数: 874.3, 学习率: 0.00002000
第27轮, 训练损失: 16.5084, 验证集RMSE: 17.6677, 验证集S分数: 15456.5, 测试集RMSE: 17.0843, 测试集S分数: 868.6, 学习率: 0.00002000
第28轮, 训练损失: 16.5900, 验证集RMSE: 16.9852, 验证集S分数: 15126.9, 测试集RMSE: 17.0442, 测试集S分数: 859.3, 学习率: 0.00002000
第29轮, 训练损失: 16.5506, 验证集RMSE: 16.9729, 验证集S分数: 15499.0, 测试集RMSE: 17.0937, 测试集S分数: 871.8, 学习率: 0.00002000
第30轮, 训练损失: 16.5639, 验证集RMSE: 17.2661, 验证集S分数: 16302.0, 测试集RMSE: 17.1922, 测试集S分数: 896.2, 学习率: 0.00002000
[训练总结] 已恢复第26轮的最佳模型, 验证集RMSE: 16.6081, 验证集S分数: 15442.8, 测试集RMSE: 17.1055, 测试集S分数: 874.3
[训练耗时] 开始: 2026-04-19 01:39:34, 结束: 2026-04-19 01:41:05, 时长: 0:01:32, 总秒数: 91.61
[自动测试] 命令: /usr/bin/python /CMAPSS-release/scipt/test_model.py --sub-dataset FD001 --smooth-rate 30 --sequence-len 30 --feature-num 14 --dataset-root /CMAPSS-release/CMAPSSData/ --max-rul 125 --batch-size 128 --model-path /CMAPSS-release/logs_GAT_LSTM/model_FD001_0419_013934_seed17.pkl
模型路径:/CMAPSS-release/logs_GAT_LSTM/model_FD001_0419_013934_seed17.pkl
最终RMSE:16.99823570251465, 评分:847.7694091796875
