-----FD001-----
模型: GAT_LSTM_AEFAOF_model(仅AEF开启)
序列长度: 30
特征维度: 14
批大小: 128
最大训练轮数: 30
随机种子: 30
学习率: 0.002
学习率调度器: step
Step步长(step_size): 10
Step衰减系数(gamma): 0.1
是否启用AEF: 是
是否启用AOF: 否
GAT隐藏层维度: [8, 8, 8]
LSTM隐藏层维度: [8, 8]
GAT Dropout系数: 0.1
GAT LeakyReLU系数(alpha): 0.1
图构建模式: dynamic_topk
节点嵌入维度(embed_dim): 8
Topk邻居数: 7
AEF注意力隐藏维度: 28
AEF/AOF融合方式: concat
是否启用指数平滑: True
平滑系数(smooth_rate): 30
------------------------------
第1轮, 训练损失: 42.9778, 验证集RMSE: 42.6421, 验证集S分数: 626682.3, 测试集RMSE: 41.9156, 测试集S分数: 33097.6, 学习率: 0.00200000
第2轮, 训练损失: 41.8638, 验证集RMSE: 41.9098, 验证集S分数: 559768.0, 测试集RMSE: 41.5426, 测试集S分数: 29119.5, 学习率: 0.00200000
第3轮, 训练损失: 41.7346, 验证集RMSE: 41.3240, 验证集S分数: 546177.8, 测试集RMSE: 40.6879, 测试集S分数: 23743.8, 学习率: 0.00200000
第4轮, 训练损失: 41.4051, 验证集RMSE: 41.3724, 验证集S分数: 342976.9, 测试集RMSE: 39.0617, 测试集S分数: 14940.8, 学习率: 0.00200000
第5轮, 训练损失: 40.5634, 验证集RMSE: 37.9381, 验证集S分数: 466398.2, 测试集RMSE: 38.2124, 测试集S分数: 22161.7, 学习率: 0.00200000
第6轮, 训练损失: 38.9271, 验证集RMSE: 34.2315, 验证集S分数: 286815.3, 测试集RMSE: 34.3456, 测试集S分数: 13663.5, 学习率: 0.00200000
第7轮, 训练损失: 34.4880, 验证集RMSE: 34.6982, 验证集S分数: 552986.6, 测试集RMSE: 37.4078, 测试集S分数: 27565.3, 学习率: 0.00200000
第8轮, 训练损失: 30.9629, 验证集RMSE: 29.9089, 验证集S分数: 289398.3, 测试集RMSE: 30.6551, 测试集S分数: 18482.5, 学习率: 0.00200000
第9轮, 训练损失: 28.7760, 验证集RMSE: 29.7728, 验证集S分数: 166643.8, 测试集RMSE: 28.8698, 测试集S分数: 17722.7, 学习率: 0.00200000
第10轮, 训练损失: 27.5177, 验证集RMSE: 27.9194, 验证集S分数: 276421.3, 测试集RMSE: 32.2439, 测试集S分数: 36939.5, 学习率: 0.00200000
第11轮, 训练损失: 26.5062, 验证集RMSE: 26.8024, 验证集S分数: 111642.0, 测试集RMSE: 28.3155, 测试集S分数: 16716.7, 学习率: 0.00020000
第12轮, 训练损失: 26.2960, 验证集RMSE: 25.8044, 验证集S分数: 105404.4, 测试集RMSE: 28.2661, 测试集S分数: 15690.5, 学习率: 0.00020000
第13轮, 训练损失: 26.1010, 验证集RMSE: 25.4973, 验证集S分数: 102788.1, 测试集RMSE: 28.5368, 测试集S分数: 15548.3, 学习率: 0.00020000
第14轮, 训练损失: 25.9242, 验证集RMSE: 24.9035, 验证集S分数: 76375.2, 测试集RMSE: 27.6853, 测试集S分数: 11303.6, 学习率: 0.00020000
第15轮, 训练损失: 25.6800, 验证集RMSE: 25.2290, 验证集S分数: 63051.6, 测试集RMSE: 27.2895, 测试集S分数: 8592.5, 学习率: 0.00020000
第16轮, 训练损失: 25.5608, 验证集RMSE: 25.0516, 验证集S分数: 66780.0, 测试集RMSE: 27.6618, 测试集S分数: 8958.3, 学习率: 0.00020000
第17轮, 训练损失: 25.4703, 验证集RMSE: 24.4066, 验证集S分数: 67001.6, 测试集RMSE: 27.7430, 测试集S分数: 8827.4, 学习率: 0.00020000
第18轮, 训练损失: 25.3269, 验证集RMSE: 24.2055, 验证集S分数: 47315.2, 测试集RMSE: 26.4807, 测试集S分数: 5293.2, 学习率: 0.00020000
第19轮, 训练损失: 25.2451, 验证集RMSE: 25.0503, 验证集S分数: 45426.9, 测试集RMSE: 26.2502, 测试集S分数: 4841.5, 学习率: 0.00020000
第20轮, 训练损失: 25.1668, 验证集RMSE: 24.2824, 验证集S分数: 46759.3, 测试集RMSE: 26.3261, 测试集S分数: 4946.5, 学习率: 0.00020000
第21轮, 训练损失: 25.1179, 验证集RMSE: 24.5023, 验证集S分数: 51518.6, 测试集RMSE: 26.6997, 测试集S分数: 5773.9, 学习率: 0.00002000
第22轮, 训练损失: 25.0912, 验证集RMSE: 24.9750, 验证集S分数: 49181.7, 测试集RMSE: 26.5419, 测试集S分数: 5397.5, 学习率: 0.00002000
第23轮, 训练损失: 25.0585, 验证集RMSE: 23.9139, 验证集S分数: 51151.9, 测试集RMSE: 26.6758, 测试集S分数: 5706.8, 学习率: 0.00002000
第24轮, 训练损失: 25.0492, 验证集RMSE: 23.7246, 验证集S分数: 47527.8, 测试集RMSE: 26.4165, 测试集S分数: 5117.9, 学习率: 0.00002000
第25轮, 训练损失: 25.0062, 验证集RMSE: 24.3913, 验证集S分数: 47999.8, 测试集RMSE: 26.4572, 测试集S分数: 5197.8, 学习率: 0.00002000
第26轮, 训练损失: 25.0871, 验证集RMSE: 25.1004, 验证集S分数: 50045.8, 测试集RMSE: 26.6107, 测试集S分数: 5525.1, 学习率: 0.00002000
第27轮, 训练损失: 25.0791, 验证集RMSE: 24.3283, 验证集S分数: 47900.9, 测试集RMSE: 26.4652, 测试集S分数: 5184.5, 学习率: 0.00002000
第28轮, 训练损失: 25.0660, 验证集RMSE: 24.4350, 验证集S分数: 47199.5, 测试集RMSE: 26.4015, 测试集S分数: 5065.5, 学习率: 0.00002000
第29轮, 训练损失: 25.0061, 验证集RMSE: 24.4471, 验证集S分数: 46844.7, 测试集RMSE: 26.3744, 测试集S分数: 5008.4, 学习率: 0.00002000
第30轮, 训练损失: 25.0403, 验证集RMSE: 24.3375, 验证集S分数: 46352.6, 测试集RMSE: 26.3196, 测试集S分数: 4910.3, 学习率: 0.00002000
[训练总结] 已恢复第24轮的最佳模型, 验证集RMSE: 23.7246, 验证集S分数: 47527.8, 测试集RMSE: 26.4165, 测试集S分数: 5117.9
[训练耗时] 开始: 2026-04-19 01:02:25, 结束: 2026-04-19 01:04:11, 时长: 0:01:46, 总秒数: 105.82
[自动测试] 命令: /usr/bin/python /CMAPSS-release/scipt/test_model.py --sub-dataset FD001 --smooth-rate 30 --sequence-len 30 --feature-num 14 --dataset-root /CMAPSS-release/CMAPSSData/ --max-rul 125 --batch-size 128 --model-path /CMAPSS-release/logs_GAT_LSTM/model_FD001_0419_010225_seed30.pkl
模型路径:/CMAPSS-release/logs_GAT_LSTM/model_FD001_0419_010225_seed30.pkl
最终RMSE:26.310834884643555, 评分:4948.13037109375
