-----FD003-----
模型: GAT_LSTM_AEFAOF_model(仅AEF开启)
序列长度: 30
特征维度: 14
批大小: 128
最大训练轮数: 30
随机种子: 27
学习率: 0.002
学习率调度器: step
Step步长(step_size): 10
Step衰减系数(gamma): 0.1
是否启用AEF: 是
是否启用AOF: 否
GAT隐藏层维度: [8, 8, 8]
LSTM隐藏层维度: [8, 8]
GAT Dropout系数: 0.1
GAT LeakyReLU系数(alpha): 0.1
图构建模式: dynamic_topk
节点嵌入维度(embed_dim): 8
Topk邻居数: 7
AEF注意力隐藏维度: 28
AEF/AOF融合方式: concat
是否启用指数平滑: True
平滑系数(smooth_rate): 30
------------------------------
第1轮, 训练损失: 38.3496, 验证集RMSE: 23.1035, 验证集S分数: 94621.6, 测试集RMSE: 29.9129, 测试集S分数: 7982.5, 学习率: 0.00200000
第2轮, 训练损失: 25.3816, 验证集RMSE: 22.6543, 验证集S分数: 175112.2, 测试集RMSE: 34.9906, 测试集S分数: 18251.3, 学习率: 0.00200000
第3轮, 训练损失: 22.2669, 验证集RMSE: 19.6227, 验证集S分数: 56367.6, 测试集RMSE: 29.1246, 测试集S分数: 6639.0, 学习率: 0.00200000
第4轮, 训练损失: 20.3935, 验证集RMSE: 18.7944, 验证集S分数: 35042.5, 测试集RMSE: 24.0025, 测试集S分数: 3875.9, 学习率: 0.00200000
第5轮, 训练损失: 19.3451, 验证集RMSE: 18.3755, 验证集S分数: 53336.3, 测试集RMSE: 28.7374, 测试集S分数: 7789.7, 学习率: 0.00200000
第6轮, 训练损失: 18.4842, 验证集RMSE: 16.9620, 验证集S分数: 34111.9, 测试集RMSE: 24.0449, 测试集S分数: 3997.5, 学习率: 0.00200000
第7轮, 训练损失: 17.9148, 验证集RMSE: 17.1621, 验证集S分数: 30788.6, 测试集RMSE: 22.5350, 测试集S分数: 3269.8, 学习率: 0.00200000
第8轮, 训练损失: 17.5119, 验证集RMSE: 17.5330, 验证集S分数: 25712.4, 测试集RMSE: 18.8680, 测试集S分数: 1533.8, 学习率: 0.00200000
第9轮, 训练损失: 17.3249, 验证集RMSE: 16.6130, 验证集S分数: 28805.3, 测试集RMSE: 21.0609, 测试集S分数: 2397.3, 学习率: 0.00200000
第10轮, 训练损失: 17.1030, 验证集RMSE: 16.6640, 验证集S分数: 26217.3, 测试集RMSE: 20.9077, 测试集S分数: 2445.8, 学习率: 0.00200000
第11轮, 训练损失: 16.3321, 验证集RMSE: 16.2618, 验证集S分数: 26706.6, 测试集RMSE: 20.1763, 测试集S分数: 2304.5, 学习率: 0.00020000
第12轮, 训练损失: 16.3339, 验证集RMSE: 16.2090, 验证集S分数: 26366.1, 测试集RMSE: 19.8354, 测试集S分数: 2148.3, 学习率: 0.00020000
第13轮, 训练损失: 16.3280, 验证集RMSE: 16.3232, 验证集S分数: 26607.4, 测试集RMSE: 19.8684, 测试集S分数: 2121.0, 学习率: 0.00020000
第14轮, 训练损失: 16.2404, 验证集RMSE: 16.0876, 验证集S分数: 28767.8, 测试集RMSE: 20.7032, 测试集S分数: 2490.1, 学习率: 0.00020000
第15轮, 训练损失: 16.2543, 验证集RMSE: 16.4362, 验证集S分数: 28310.9, 测试集RMSE: 20.2104, 测试集S分数: 2289.1, 学习率: 0.00020000
第16轮, 训练损失: 16.2836, 验证集RMSE: 16.1664, 验证集S分数: 28837.0, 测试集RMSE: 20.4096, 测试集S分数: 2380.1, 学习率: 0.00020000
第17轮, 训练损失: 16.2827, 验证集RMSE: 16.2248, 验证集S分数: 29036.3, 测试集RMSE: 19.9555, 测试集S分数: 2172.3, 学习率: 0.00020000
第18轮, 训练损失: 16.1919, 验证集RMSE: 16.1351, 验证集S分数: 28442.9, 测试集RMSE: 20.1426, 测试集S分数: 2248.2, 学习率: 0.00020000
第19轮, 训练损失: 16.1617, 验证集RMSE: 15.9837, 验证集S分数: 27807.0, 测试集RMSE: 20.1707, 测试集S分数: 2284.7, 学习率: 0.00020000
第20轮, 训练损失: 16.1356, 验证集RMSE: 15.9824, 验证集S分数: 28470.3, 测试集RMSE: 20.2123, 测试集S分数: 2286.8, 学习率: 0.00020000
第21轮, 训练损失: 16.0977, 验证集RMSE: 15.9595, 验证集S分数: 28299.8, 测试集RMSE: 19.8367, 测试集S分数: 2183.1, 学习率: 0.00002000
第22轮, 训练损失: 16.1604, 验证集RMSE: 16.1982, 验证集S分数: 28284.8, 测试集RMSE: 19.8138, 测试集S分数: 2181.0, 学习率: 0.00002000
第23轮, 训练损失: 16.1014, 验证集RMSE: 16.1650, 验证集S分数: 28467.1, 测试集RMSE: 19.9932, 测试集S分数: 2238.1, 学习率: 0.00002000
第24轮, 训练损失: 16.0910, 验证集RMSE: 16.1744, 验证集S分数: 27756.9, 测试集RMSE: 19.6461, 测试集S分数: 2069.3, 学习率: 0.00002000
第25轮, 训练损失: 16.0462, 验证集RMSE: 16.2278, 验证集S分数: 28088.9, 测试集RMSE: 19.8863, 测试集S分数: 2171.8, 学习率: 0.00002000
第26轮, 训练损失: 16.1522, 验证集RMSE: 16.1954, 验证集S分数: 28074.3, 测试集RMSE: 19.8755, 测试集S分数: 2167.4, 学习率: 0.00002000
第27轮, 训练损失: 16.0956, 验证集RMSE: 16.1979, 验证集S分数: 28052.6, 测试集RMSE: 19.8759, 测试集S分数: 2163.4, 学习率: 0.00002000
第28轮, 训练损失: 16.0754, 验证集RMSE: 16.1752, 验证集S分数: 28177.6, 测试集RMSE: 19.8194, 测试集S分数: 2144.6, 学习率: 0.00002000
第29轮, 训练损失: 16.1113, 验证集RMSE: 16.0565, 验证集S分数: 28450.0, 测试集RMSE: 20.0295, 测试集S分数: 2225.1, 学习率: 0.00002000
第30轮, 训练损失: 16.1020, 验证集RMSE: 16.2592, 验证集S分数: 27730.1, 测试集RMSE: 19.7279, 测试集S分数: 2092.6, 学习率: 0.00002000
[训练总结] 已恢复第21轮的最佳模型, 验证集RMSE: 15.9595, 验证集S分数: 28299.8, 测试集RMSE: 19.8367, 测试集S分数: 2183.1
[训练耗时] 开始: 2026-04-19 02:55:50, 结束: 2026-04-19 02:58:01, 时长: 0:02:11, 总秒数: 130.66
[自动测试] 命令: /usr/bin/python /CMAPSS-release/scipt/test_model.py --sub-dataset FD003 --smooth-rate 30 --sequence-len 30 --feature-num 14 --dataset-root /CMAPSS-release/CMAPSSData/ --max-rul 125 --batch-size 128 --model-path /CMAPSS-release/logs_GAT_LSTM/model_FD003_0419_025550_seed27.pkl
模型路径:/CMAPSS-release/logs_GAT_LSTM/model_FD003_0419_025550_seed27.pkl
最终RMSE:19.563486099243164, 评分:2093.490478515625
