-----FD003-----
模型: GAT_LSTM_AEFAOF_model(AEF与AOF均开启)
序列长度: 30
特征维度: 14
批大小: 128
最大训练轮数: 30
随机种子: 80
学习率: 0.002
学习率调度器: step
Step步长(step_size): 10
Step衰减系数(gamma): 0.1
是否启用AEF: 是
是否启用AOF: 是
GAT隐藏层维度: [8, 8, 8]
LSTM隐藏层维度: [8, 8]
GAT Dropout系数: 0.1
GAT LeakyReLU系数(alpha): 0.1
图构建模式: dynamic_topk
节点嵌入维度(embed_dim): 8
Topk邻居数: 7
AOF注意力隐藏维度: 4
AEF注意力隐藏维度: 28
AEF/AOF融合方式: concat
是否启用指数平滑: True
平滑系数(smooth_rate): 30
------------------------------
第1轮, 训练损失: 38.0280, 验证集RMSE: 34.9495, 验证集S分数: 130694.5, 测试集RMSE: 33.3882, 测试集S分数: 13058.5, 学习率: 0.00200000
第2轮, 训练损失: 32.7043, 验证集RMSE: 25.5420, 验证集S分数: 62091.2, 测试集RMSE: 31.3580, 测试集S分数: 21428.7, 学习率: 0.00200000
第3轮, 训练损失: 25.9546, 验证集RMSE: 17.9640, 验证集S分数: 63191.6, 测试集RMSE: 26.7157, 测试集S分数: 7268.1, 学习率: 0.00200000
第4轮, 训练损失: 20.9849, 验证集RMSE: 16.7393, 验证集S分数: 42859.2, 测试集RMSE: 26.6954, 测试集S分数: 5304.3, 学习率: 0.00200000
第5轮, 训练损失: 19.0407, 验证集RMSE: 16.8591, 验证集S分数: 34549.3, 测试集RMSE: 25.2655, 测试集S分数: 3240.0, 学习率: 0.00200000
第6轮, 训练损失: 17.9863, 验证集RMSE: 16.3452, 验证集S分数: 38533.1, 测试集RMSE: 22.3974, 测试集S分数: 2599.8, 学习率: 0.00200000
第7轮, 训练损失: 17.3413, 验证集RMSE: 15.7870, 验证集S分数: 32048.4, 测试集RMSE: 22.1562, 测试集S分数: 1934.9, 学习率: 0.00200000
第8轮, 训练损失: 16.8484, 验证集RMSE: 16.3840, 验证集S分数: 31302.5, 测试集RMSE: 19.6456, 测试集S分数: 1648.2, 学习率: 0.00200000
第9轮, 训练损失: 16.3142, 验证集RMSE: 15.7015, 验证集S分数: 36082.0, 测试集RMSE: 22.5508, 测试集S分数: 2094.3, 学习率: 0.00200000
第10轮, 训练损失: 16.1901, 验证集RMSE: 15.6497, 验证集S分数: 32165.4, 测试集RMSE: 22.2011, 测试集S分数: 1871.7, 学习率: 0.00200000
第11轮, 训练损失: 15.3981, 验证集RMSE: 16.3000, 验证集S分数: 28777.2, 测试集RMSE: 19.2616, 测试集S分数: 1395.8, 学习率: 0.00020000
第12轮, 训练损失: 15.3160, 验证集RMSE: 15.8114, 验证集S分数: 29176.3, 测试集RMSE: 20.0955, 测试集S分数: 1553.5, 学习率: 0.00020000
第13轮, 训练损失: 15.2056, 验证集RMSE: 15.9617, 验证集S分数: 28889.5, 测试集RMSE: 19.5785, 测试集S分数: 1441.8, 学习率: 0.00020000
第14轮, 训练损失: 15.2753, 验证集RMSE: 15.7814, 验证集S分数: 30337.3, 测试集RMSE: 19.5809, 测试集S分数: 1480.3, 学习率: 0.00020000
第15轮, 训练损失: 15.2364, 验证集RMSE: 16.1593, 验证集S分数: 28287.1, 测试集RMSE: 19.2016, 测试集S分数: 1387.4, 学习率: 0.00020000
第16轮, 训练损失: 15.2055, 验证集RMSE: 15.8479, 验证集S分数: 29221.4, 测试集RMSE: 19.7487, 测试集S分数: 1489.3, 学习率: 0.00020000
第17轮, 训练损失: 15.1192, 验证集RMSE: 15.7212, 验证集S分数: 29113.2, 测试集RMSE: 19.6156, 测试集S分数: 1448.9, 学习率: 0.00020000
第18轮, 训练损失: 15.1382, 验证集RMSE: 15.7345, 验证集S分数: 30315.2, 测试集RMSE: 19.8261, 测试集S分数: 1556.4, 学习率: 0.00020000
第19轮, 训练损失: 15.0824, 验证集RMSE: 15.7808, 验证集S分数: 30786.6, 测试集RMSE: 19.5798, 测试集S分数: 1495.2, 学习率: 0.00020000
第20轮, 训练损失: 15.0138, 验证集RMSE: 15.8854, 验证集S分数: 29901.0, 测试集RMSE: 19.5299, 测试集S分数: 1494.5, 学习率: 0.00020000
第21轮, 训练损失: 14.9643, 验证集RMSE: 15.8367, 验证集S分数: 29444.0, 测试集RMSE: 19.3875, 测试集S分数: 1452.2, 学习率: 0.00002000
第22轮, 训练损失: 15.0541, 验证集RMSE: 15.8750, 验证集S分数: 29259.0, 测试集RMSE: 19.2998, 测试集S分数: 1441.4, 学习率: 0.00002000
第23轮, 训练损失: 15.0231, 验证集RMSE: 15.6895, 验证集S分数: 29911.1, 测试集RMSE: 19.6076, 测试集S分数: 1510.4, 学习率: 0.00002000
第24轮, 训练损失: 15.0172, 验证集RMSE: 15.8651, 验证集S分数: 29165.8, 测试集RMSE: 19.3230, 测试集S分数: 1436.1, 学习率: 0.00002000
第25轮, 训练损失: 15.0822, 验证集RMSE: 15.7654, 验证集S分数: 29322.0, 测试集RMSE: 19.5159, 测试集S分数: 1466.9, 学习率: 0.00002000
第26轮, 训练损失: 14.9526, 验证集RMSE: 15.7402, 验证集S分数: 29538.0, 测试集RMSE: 19.4385, 测试集S分数: 1462.1, 学习率: 0.00002000
第27轮, 训练损失: 15.0621, 验证集RMSE: 15.8131, 验证集S分数: 29588.1, 测试集RMSE: 19.4391, 测试集S分数: 1476.0, 学习率: 0.00002000
第28轮, 训练损失: 15.0385, 验证集RMSE: 15.8308, 验证集S分数: 29377.5, 测试集RMSE: 19.4235, 测试集S分数: 1474.8, 学习率: 0.00002000
第29轮, 训练损失: 14.9980, 验证集RMSE: 15.7461, 验证集S分数: 29412.7, 测试集RMSE: 19.4720, 测试集S分数: 1477.4, 学习率: 0.00002000
第30轮, 训练损失: 14.9669, 验证集RMSE: 15.8307, 验证集S分数: 29689.6, 测试集RMSE: 19.5304, 测试集S分数: 1497.3, 学习率: 0.00002000
[训练总结] 已恢复第10轮的最佳模型, 验证集RMSE: 15.6497, 验证集S分数: 32165.4, 测试集RMSE: 22.2011, 测试集S分数: 1871.7
[训练耗时] 开始: 2026-04-19 02:16:22, 结束: 2026-04-19 02:18:37, 时长: 0:02:15, 总秒数: 134.56
[自动测试] 命令: /usr/bin/python /CMAPSS-release/scipt/test_model.py --sub-dataset FD003 --smooth-rate 30 --sequence-len 30 --feature-num 14 --dataset-root /CMAPSS-release/CMAPSSData/ --max-rul 125 --batch-size 128 --model-path /CMAPSS-release/logs_GAT_LSTM/model_FD003_0419_021622_seed80.pkl
模型路径:/CMAPSS-release/logs_GAT_LSTM/model_FD003_0419_021622_seed80.pkl
最终RMSE:21.957231521606445, 评分:1830.566650390625
