-----FD003-----
模型: GAT_LSTM_AEFAOF_model(仅AEF开启)
序列长度: 30
特征维度: 14
批大小: 128
最大训练轮数: 30
随机种子: 17
学习率: 0.002
学习率调度器: step
Step步长(step_size): 10
Step衰减系数(gamma): 0.1
是否启用AEF: 是
是否启用AOF: 否
GAT隐藏层维度: [8, 8, 8]
LSTM隐藏层维度: [8, 8]
GAT Dropout系数: 0.1
GAT LeakyReLU系数(alpha): 0.1
图构建模式: dynamic_topk
节点嵌入维度(embed_dim): 8
Topk邻居数: 7
AEF注意力隐藏维度: 28
AEF/AOF融合方式: concat
是否启用指数平滑: True
平滑系数(smooth_rate): 30
------------------------------
第1轮, 训练损失: 39.7949, 验证集RMSE: 31.0508, 验证集S分数: 345057.3, 测试集RMSE: 32.7472, 测试集S分数: 15503.6, 学习率: 0.00200000
第2轮, 训练损失: 36.9756, 验证集RMSE: 31.9188, 验证集S分数: 288294.3, 测试集RMSE: 31.9675, 测试集S分数: 12272.7, 学习率: 0.00200000
第3轮, 训练损失: 35.4618, 验证集RMSE: 20.0240, 验证集S分数: 28794.8, 测试集RMSE: 25.9951, 测试集S分数: 3680.2, 学习率: 0.00200000
第4轮, 训练损失: 24.7655, 验证集RMSE: 21.5344, 验证集S分数: 46641.4, 测试集RMSE: 22.8197, 测试集S分数: 3285.9, 学习率: 0.00200000
第5轮, 训练损失: 21.4380, 验证集RMSE: 16.6708, 验证集S分数: 27555.9, 测试集RMSE: 21.9675, 测试集S分数: 3670.1, 学习率: 0.00200000
第6轮, 训练损失: 20.8489, 验证集RMSE: 15.4445, 验证集S分数: 23706.2, 测试集RMSE: 21.5876, 测试集S分数: 3065.9, 学习率: 0.00200000
第7轮, 训练损失: 19.8241, 验证集RMSE: 17.6554, 验证集S分数: 26836.0, 测试集RMSE: 19.9120, 测试集S分数: 2619.3, 学习率: 0.00200000
第8轮, 训练损失: 19.1309, 验证集RMSE: 17.0874, 验证集S分数: 31469.9, 测试集RMSE: 22.2803, 测试集S分数: 3549.7, 学习率: 0.00200000
第9轮, 训练损失: 18.4093, 验证集RMSE: 15.1820, 验证集S分数: 30477.8, 测试集RMSE: 20.2521, 测试集S分数: 2453.4, 学习率: 0.00200000
第10轮, 训练损失: 17.8248, 验证集RMSE: 18.1976, 验证集S分数: 25005.5, 测试集RMSE: 18.1373, 测试集S分数: 1533.2, 学习率: 0.00200000
第11轮, 训练损失: 16.8953, 验证集RMSE: 15.3138, 验证集S分数: 28570.1, 测试集RMSE: 20.2314, 测试集S分数: 2126.5, 学习率: 0.00020000
第12轮, 训练损失: 16.7966, 验证集RMSE: 15.9886, 验证集S分数: 27174.2, 测试集RMSE: 18.7565, 测试集S分数: 1592.5, 学习率: 0.00020000
第13轮, 训练损失: 16.7604, 验证集RMSE: 16.0668, 验证集S分数: 27263.7, 测试集RMSE: 19.0298, 测试集S分数: 1695.8, 学习率: 0.00020000
第14轮, 训练损失: 16.7034, 验证集RMSE: 15.5032, 验证集S分数: 29506.9, 测试集RMSE: 19.4636, 测试集S分数: 1783.9, 学习率: 0.00020000
第15轮, 训练损失: 16.5848, 验证集RMSE: 15.3701, 验证集S分数: 28779.7, 测试集RMSE: 19.3422, 测试集S分数: 1642.7, 学习率: 0.00020000
第16轮, 训练损失: 16.5921, 验证集RMSE: 15.6885, 验证集S分数: 29845.2, 测试集RMSE: 19.3726, 测试集S分数: 1744.8, 学习率: 0.00020000
第17轮, 训练损失: 16.5802, 验证集RMSE: 15.2146, 验证集S分数: 28213.6, 测试集RMSE: 18.9240, 测试集S分数: 1385.4, 学习率: 0.00020000
第18轮, 训练损失: 16.6229, 验证集RMSE: 15.3566, 验证集S分数: 26249.9, 测试集RMSE: 18.3571, 测试集S分数: 1202.6, 学习率: 0.00020000
第19轮, 训练损失: 16.4034, 验证集RMSE: 15.4192, 验证集S分数: 27906.7, 测试集RMSE: 18.7694, 测试集S分数: 1353.7, 学习率: 0.00020000
第20轮, 训练损失: 16.4483, 验证集RMSE: 15.9032, 验证集S分数: 27843.2, 测试集RMSE: 18.4243, 测试集S分数: 1297.0, 学习率: 0.00020000
第21轮, 训练损失: 16.3835, 验证集RMSE: 15.6581, 验证集S分数: 28161.3, 测试集RMSE: 18.8456, 测试集S分数: 1375.4, 学习率: 0.00002000
第22轮, 训练损失: 16.3432, 验证集RMSE: 15.4457, 验证集S分数: 28197.4, 测试集RMSE: 18.9145, 测试集S分数: 1402.0, 学习率: 0.00002000
第23轮, 训练损失: 16.4056, 验证集RMSE: 15.5211, 验证集S分数: 27798.4, 测试集RMSE: 18.7678, 测试集S分数: 1340.8, 学习率: 0.00002000
第24轮, 训练损失: 16.2708, 验证集RMSE: 15.3923, 验证集S分数: 27862.3, 测试集RMSE: 18.7105, 测试集S分数: 1320.8, 学习率: 0.00002000
第25轮, 训练损失: 16.3057, 验证集RMSE: 15.4973, 验证集S分数: 28229.3, 测试集RMSE: 18.9293, 测试集S分数: 1396.5, 学习率: 0.00002000
第26轮, 训练损失: 16.2682, 验证集RMSE: 15.4667, 验证集S分数: 28336.7, 测试集RMSE: 18.8624, 测试集S分数: 1372.9, 学习率: 0.00002000
第27轮, 训练损失: 16.3159, 验证集RMSE: 15.5185, 验证集S分数: 27753.8, 测试集RMSE: 18.6522, 测试集S分数: 1328.0, 学习率: 0.00002000
第28轮, 训练损失: 16.3579, 验证集RMSE: 15.4329, 验证集S分数: 27829.1, 测试集RMSE: 18.7815, 测试集S分数: 1349.1, 学习率: 0.00002000
第29轮, 训练损失: 16.3022, 验证集RMSE: 15.6158, 验证集S分数: 27698.9, 测试集RMSE: 18.6291, 测试集S分数: 1322.7, 学习率: 0.00002000
第30轮, 训练损失: 16.2383, 验证集RMSE: 15.5305, 验证集S分数: 28236.9, 测试集RMSE: 18.9087, 测试集S分数: 1380.7, 学习率: 0.00002000
[训练总结] 已恢复第9轮的最佳模型, 验证集RMSE: 15.1820, 验证集S分数: 30477.8, 测试集RMSE: 20.2521, 测试集S分数: 2453.4
[训练耗时] 开始: 2026-04-19 02:53:42, 结束: 2026-04-19 02:55:26, 时长: 0:01:43, 总秒数: 103.44
[自动测试] 命令: /usr/bin/python /CMAPSS-release/scipt/test_model.py --sub-dataset FD003 --smooth-rate 30 --sequence-len 30 --feature-num 14 --dataset-root /CMAPSS-release/CMAPSSData/ --max-rul 125 --batch-size 128 --model-path /CMAPSS-release/logs_GAT_LSTM/model_FD003_0419_025342_seed17.pkl
模型路径:/CMAPSS-release/logs_GAT_LSTM/model_FD003_0419_025342_seed17.pkl
最终RMSE:19.952943801879883, 评分:2269.218994140625
