-----FD001-----
模型: GAT_LSTM_AEFAOF_model(AEF与AOF均开启)
序列长度: 30
特征维度: 14
批大小: 128
最大训练轮数: 30
随机种子: 2
学习率: 0.002
学习率调度器: step
Step步长(step_size): 10
Step衰减系数(gamma): 0.1
是否启用AEF: 是
是否启用AOF: 是
GAT隐藏层维度: [8, 8, 8]
LSTM隐藏层维度: [8, 8]
GAT Dropout系数: 0.1
GAT LeakyReLU系数(alpha): 0.1
图构建模式: dynamic_topk
节点嵌入维度(embed_dim): 8
Topk邻居数: 7
AOF注意力隐藏维度: 4
AEF注意力隐藏维度: 28
AEF/AOF融合方式: concat
是否启用指数平滑: True
平滑系数(smooth_rate): 30
------------------------------
第1轮, 训练损失: 43.4961, 验证集RMSE: 40.1906, 验证集S分数: 405474.7, 测试集RMSE: 39.4432, 测试集S分数: 21768.9, 学习率: 0.00200000
第2轮, 训练损失: 34.2065, 验证集RMSE: 22.2027, 验证集S分数: 27391.3, 测试集RMSE: 22.5173, 测试集S分数: 1544.9, 学习率: 0.00200000
第3轮, 训练损失: 23.3018, 验证集RMSE: 19.8732, 验证集S分数: 23019.4, 测试集RMSE: 19.7049, 测试集S分数: 1061.6, 学习率: 0.00200000
第4轮, 训练损失: 21.7626, 验证集RMSE: 19.7824, 验证集S分数: 20478.2, 测试集RMSE: 20.0461, 测试集S分数: 1237.4, 学习率: 0.00200000
第5轮, 训练损失: 20.9653, 验证集RMSE: 17.3896, 验证集S分数: 11854.0, 测试集RMSE: 17.7259, 测试集S分数: 748.6, 学习率: 0.00200000
第6轮, 训练损失: 20.2945, 验证集RMSE: 18.5306, 验证集S分数: 13849.2, 测试集RMSE: 18.6263, 测试集S分数: 953.5, 学习率: 0.00200000
第7轮, 训练损失: 20.0857, 验证集RMSE: 17.9434, 验证集S分数: 13723.7, 测试集RMSE: 18.3692, 测试集S分数: 925.8, 学习率: 0.00200000
第8轮, 训练损失: 19.8371, 验证集RMSE: 18.0810, 验证集S分数: 19161.5, 测试集RMSE: 19.9235, 测试集S分数: 1174.4, 学习率: 0.00200000
第9轮, 训练损失: 19.6445, 验证集RMSE: 18.5767, 验证集S分数: 19953.9, 测试集RMSE: 20.5337, 测试集S分数: 1270.0, 学习率: 0.00200000
第10轮, 训练损失: 19.4647, 验证集RMSE: 17.9128, 验证集S分数: 14609.1, 测试集RMSE: 18.9134, 测试集S分数: 972.4, 学习率: 0.00200000
第11轮, 训练损失: 19.0125, 验证集RMSE: 17.4958, 验证集S分数: 17375.7, 测试集RMSE: 19.2214, 测试集S分数: 1048.7, 学习率: 0.00020000
第12轮, 训练损失: 19.0457, 验证集RMSE: 18.2806, 验证集S分数: 19079.5, 测试集RMSE: 19.0934, 测试集S分数: 998.6, 学习率: 0.00020000
第13轮, 训练损失: 18.9907, 验证集RMSE: 17.7310, 验证集S分数: 16190.1, 测试集RMSE: 18.9900, 测试集S分数: 956.5, 学习率: 0.00020000
第14轮, 训练损失: 19.0426, 验证集RMSE: 17.4364, 验证集S分数: 16982.5, 测试集RMSE: 18.8978, 测试集S分数: 970.7, 学习率: 0.00020000
第15轮, 训练损失: 18.9806, 验证集RMSE: 17.8395, 验证集S分数: 20095.1, 测试集RMSE: 19.5175, 测试集S分数: 1090.7, 学习率: 0.00020000
第16轮, 训练损失: 18.9128, 验证集RMSE: 17.2714, 验证集S分数: 16658.3, 测试集RMSE: 19.2012, 测试集S分数: 1036.4, 学习率: 0.00020000
第17轮, 训练损失: 18.9192, 验证集RMSE: 17.8526, 验证集S分数: 19497.0, 测试集RMSE: 19.5143, 测试集S分数: 1107.5, 学习率: 0.00020000
第18轮, 训练损失: 18.8382, 验证集RMSE: 18.1961, 验证集S分数: 20444.0, 测试集RMSE: 19.5992, 测试集S分数: 1115.0, 学习率: 0.00020000
第19轮, 训练损失: 18.8459, 验证集RMSE: 18.2167, 验证集S分数: 17515.3, 测试集RMSE: 19.5543, 测试集S分数: 1094.2, 学习率: 0.00020000
第20轮, 训练损失: 18.9628, 验证集RMSE: 17.4299, 验证集S分数: 16328.8, 测试集RMSE: 19.0806, 测试集S分数: 1005.8, 学习率: 0.00020000
第21轮, 训练损失: 18.8389, 验证集RMSE: 17.8256, 验证集S分数: 17344.3, 测试集RMSE: 19.3669, 测试集S分数: 1056.9, 学习率: 0.00002000
第22轮, 训练损失: 18.8302, 验证集RMSE: 17.6128, 验证集S分数: 17682.8, 测试集RMSE: 19.3624, 测试集S分数: 1060.4, 学习率: 0.00002000
第23轮, 训练损失: 18.9125, 验证集RMSE: 18.0956, 验证集S分数: 17985.8, 测试集RMSE: 19.4247, 测试集S分数: 1069.6, 学习率: 0.00002000
第24轮, 训练损失: 18.9510, 验证集RMSE: 17.9685, 验证集S分数: 17550.4, 测试集RMSE: 19.3177, 测试集S分数: 1044.6, 学习率: 0.00002000
第25轮, 训练损失: 18.8416, 验证集RMSE: 17.1240, 验证集S分数: 17911.0, 测试集RMSE: 19.3298, 测试集S分数: 1046.5, 学习率: 0.00002000
第26轮, 训练损失: 18.8360, 验证集RMSE: 17.6446, 验证集S分数: 18206.1, 测试集RMSE: 19.3743, 测试集S分数: 1057.8, 学习率: 0.00002000
第27轮, 训练损失: 18.7910, 验证集RMSE: 17.8203, 验证集S分数: 17789.8, 测试集RMSE: 19.3337, 测试集S分数: 1049.0, 学习率: 0.00002000
第28轮, 训练损失: 18.8392, 验证集RMSE: 17.9314, 验证集S分数: 18132.3, 测试集RMSE: 19.3694, 测试集S分数: 1057.9, 学习率: 0.00002000
第29轮, 训练损失: 18.8768, 验证集RMSE: 17.7553, 验证集S分数: 17679.7, 测试集RMSE: 19.3197, 测试集S分数: 1048.3, 学习率: 0.00002000
第30轮, 训练损失: 18.7686, 验证集RMSE: 17.7632, 验证集S分数: 17921.0, 测试集RMSE: 19.3772, 测试集S分数: 1063.3, 学习率: 0.00002000
[训练总结] 已恢复第25轮的最佳模型, 验证集RMSE: 17.1240, 验证集S分数: 17911.0, 测试集RMSE: 19.3298, 测试集S分数: 1046.5
[训练耗时] 开始: 2026-04-19 00:11:11, 结束: 2026-04-19 00:13:10, 时长: 0:01:59, 总秒数: 118.72
[自动测试] 命令: /usr/bin/python /CMAPSS-release/scipt/test_model.py --sub-dataset FD001 --smooth-rate 30 --sequence-len 30 --feature-num 14 --dataset-root /CMAPSS-release/CMAPSSData/ --max-rul 125 --batch-size 128 --model-path /CMAPSS-release/logs_GAT_LSTM/model_FD001_0419_001111_seed2.pkl
模型路径:/CMAPSS-release/logs_GAT_LSTM/model_FD001_0419_001111_seed2.pkl
最终RMSE:19.145755767822266, 评分:1009.5850830078125
