-----FD003-----
模型: GAT_LSTM_AEFAOF_model(AEF与AOF均开启)
序列长度: 30
特征维度: 14
批大小: 128
最大训练轮数: 30
随机种子: 97
学习率: 0.002
学习率调度器: step
Step步长(step_size): 10
Step衰减系数(gamma): 0.1
是否启用AEF: 是
是否启用AOF: 是
GAT隐藏层维度: [8, 8, 8]
LSTM隐藏层维度: [8, 8]
GAT Dropout系数: 0.1
GAT LeakyReLU系数(alpha): 0.1
图构建模式: dynamic_topk
节点嵌入维度(embed_dim): 8
Topk邻居数: 7
AOF注意力隐藏维度: 4
AEF注意力隐藏维度: 28
AEF/AOF融合方式: concat
是否启用指数平滑: True
平滑系数(smooth_rate): 30
------------------------------
第1轮, 训练损失: 41.2740, 验证集RMSE: 36.6208, 验证集S分数: 688983.3, 测试集RMSE: 34.7252, 测试集S分数: 20885.7, 学习率: 0.00200000
第2轮, 训练损失: 35.5991, 验证集RMSE: 28.0751, 验证集S分数: 155293.6, 测试集RMSE: 35.1406, 测试集S分数: 20361.4, 学习率: 0.00200000
第3轮, 训练损失: 34.3590, 验证集RMSE: 26.2144, 验证集S分数: 882158.8, 测试集RMSE: 34.2907, 测试集S分数: 21656.6, 学习率: 0.00200000
第4轮, 训练损失: 33.1054, 验证集RMSE: 27.0582, 验证集S分数: 570148.4, 测试集RMSE: 33.4857, 测试集S分数: 18483.4, 学习率: 0.00200000
第5轮, 训练损失: 32.3775, 验证集RMSE: 23.6674, 验证集S分数: 174013.9, 测试集RMSE: 31.4720, 测试集S分数: 10728.4, 学习率: 0.00200000
第6轮, 训练损失: 30.3867, 验证集RMSE: 20.8693, 验证集S分数: 57847.0, 测试集RMSE: 27.4468, 测试集S分数: 4817.9, 学习率: 0.00200000
第7轮, 训练损失: 24.9621, 验证集RMSE: 25.6273, 验证集S分数: 58408.3, 测试集RMSE: 26.8506, 测试集S分数: 3488.0, 学习率: 0.00200000
第8轮, 训练损失: 23.4149, 验证集RMSE: 23.9934, 验证集S分数: 48724.4, 测试集RMSE: 24.4205, 测试集S分数: 3330.7, 学习率: 0.00200000
第9轮, 训练损失: 22.4739, 验证集RMSE: 18.5374, 验证集S分数: 37692.7, 测试集RMSE: 23.7843, 测试集S分数: 4002.6, 学习率: 0.00200000
第10轮, 训练损失: 21.8517, 验证集RMSE: 18.1536, 验证集S分数: 36984.0, 测试集RMSE: 23.7688, 测试集S分数: 3914.0, 学习率: 0.00200000
第11轮, 训练损失: 20.8883, 验证集RMSE: 17.8117, 验证集S分数: 37610.1, 测试集RMSE: 24.0365, 测试集S分数: 4190.6, 学习率: 0.00020000
第12轮, 训练损失: 20.9375, 验证集RMSE: 17.8376, 验证集S分数: 37950.1, 测试集RMSE: 23.8277, 测试集S分数: 4125.7, 学习率: 0.00020000
第13轮, 训练损失: 20.9453, 验证集RMSE: 17.5114, 验证集S分数: 40314.6, 测试集RMSE: 24.3256, 测试集S分数: 4601.9, 学习率: 0.00020000
第14轮, 训练损失: 20.8434, 验证集RMSE: 17.5648, 验证集S分数: 41777.4, 测试集RMSE: 24.3147, 测试集S分数: 4681.6, 学习率: 0.00020000
第15轮, 训练损失: 20.8831, 验证集RMSE: 17.9588, 验证集S分数: 39761.0, 测试集RMSE: 24.1340, 测试集S分数: 4523.0, 学习率: 0.00020000
第16轮, 训练损失: 20.7369, 验证集RMSE: 17.6193, 验证集S分数: 38713.0, 测试集RMSE: 24.5775, 测试集S分数: 4427.5, 学习率: 0.00020000
第17轮, 训练损失: 20.7604, 验证集RMSE: 17.2255, 验证集S分数: 39494.7, 测试集RMSE: 24.1544, 测试集S分数: 4378.4, 学习率: 0.00020000
第18轮, 训练损失: 20.5818, 验证集RMSE: 17.4316, 验证集S分数: 41349.2, 测试集RMSE: 24.3034, 测试集S分数: 4701.0, 学习率: 0.00020000
第19轮, 训练损失: 20.5769, 验证集RMSE: 17.5736, 验证集S分数: 37694.9, 测试集RMSE: 24.5115, 测试集S分数: 4338.3, 学习率: 0.00020000
第20轮, 训练损失: 20.6473, 验证集RMSE: 18.1232, 验证集S分数: 39379.4, 测试集RMSE: 23.5839, 测试集S分数: 4319.0, 学习率: 0.00020000
第21轮, 训练损失: 20.4841, 验证集RMSE: 17.3702, 验证集S分数: 38151.3, 测试集RMSE: 23.8959, 测试集S分数: 4285.3, 学习率: 0.00002000
第22轮, 训练损失: 20.5433, 验证集RMSE: 17.5539, 验证集S分数: 38442.4, 测试集RMSE: 23.8872, 测试集S分数: 4317.4, 学习率: 0.00002000
第23轮, 训练损失: 20.4632, 验证集RMSE: 17.3758, 验证集S分数: 38480.1, 测试集RMSE: 23.9785, 测试集S分数: 4347.5, 学习率: 0.00002000
第24轮, 训练损失: 20.5535, 验证集RMSE: 17.3118, 验证集S分数: 38310.4, 测试集RMSE: 23.9373, 测试集S分数: 4318.1, 学习率: 0.00002000
第25轮, 训练损失: 20.4631, 验证集RMSE: 17.4507, 验证集S分数: 37099.0, 测试集RMSE: 23.7383, 测试集S分数: 4142.5, 学习率: 0.00002000
第26轮, 训练损失: 20.5710, 验证集RMSE: 17.4948, 验证集S分数: 38197.1, 测试集RMSE: 23.9792, 测试集S分数: 4317.5, 学习率: 0.00002000
第27轮, 训练损失: 20.5147, 验证集RMSE: 17.4732, 验证集S分数: 38048.5, 测试集RMSE: 23.8490, 测试集S分数: 4291.0, 学习率: 0.00002000
第28轮, 训练损失: 20.4790, 验证集RMSE: 17.4376, 验证集S分数: 37302.8, 测试集RMSE: 23.7852, 测试集S分数: 4167.4, 学习率: 0.00002000
第29轮, 训练损失: 20.5179, 验证集RMSE: 17.4361, 验证集S分数: 37790.0, 测试集RMSE: 23.7770, 测试集S分数: 4256.6, 学习率: 0.00002000
第30轮, 训练损失: 20.5051, 验证集RMSE: 17.5395, 验证集S分数: 37360.1, 测试集RMSE: 23.7038, 测试集S分数: 4184.3, 学习率: 0.00002000
[训练总结] 已恢复第17轮的最佳模型, 验证集RMSE: 17.2255, 验证集S分数: 39494.7, 测试集RMSE: 24.1544, 测试集S分数: 4378.4
[训练耗时] 开始: 2026-04-19 02:21:41, 结束: 2026-04-19 02:23:56, 时长: 0:02:15, 总秒数: 134.74
[自动测试] 命令: /usr/bin/python /CMAPSS-release/scipt/test_model.py --sub-dataset FD003 --smooth-rate 30 --sequence-len 30 --feature-num 14 --dataset-root /CMAPSS-release/CMAPSSData/ --max-rul 125 --batch-size 128 --model-path /CMAPSS-release/logs_GAT_LSTM/model_FD003_0419_022141_seed97.pkl
模型路径:/CMAPSS-release/logs_GAT_LSTM/model_FD003_0419_022141_seed97.pkl
最终RMSE:23.889328002929688, 评分:4214.18310546875
