-----FD003-----
模型: GAT_LSTM_AEFAOF_model(仅AOF开启)
序列长度: 30
特征维度: 14
批大小: 128
最大训练轮数: 30
随机种子: 51
学习率: 0.002
学习率调度器: step
Step步长(step_size): 10
Step衰减系数(gamma): 0.1
是否启用AEF: 否
是否启用AOF: 是
GAT隐藏层维度: [8, 8, 8]
LSTM隐藏层维度: [8, 8]
GAT Dropout系数: 0.1
GAT LeakyReLU系数(alpha): 0.1
图构建模式: dynamic_topk
节点嵌入维度(embed_dim): 8
Topk邻居数: 7
AOF注意力隐藏维度: 4
AEF/AOF融合方式: concat
是否启用指数平滑: True
平滑系数(smooth_rate): 30
------------------------------
第1轮, 训练损失: 38.4270, 验证集RMSE: 26.1628, 验证集S分数: 458227.6, 测试集RMSE: 36.4022, 测试集S分数: 28308.2, 学习率: 0.00200000
第2轮, 训练损失: 27.0021, 验证集RMSE: 21.0164, 验证集S分数: 85297.7, 测试集RMSE: 28.5810, 测试集S分数: 8039.4, 学习率: 0.00200000
第3轮, 训练损失: 22.0317, 验证集RMSE: 19.1935, 验证集S分数: 36666.4, 测试集RMSE: 23.4779, 测试集S分数: 3557.3, 学习率: 0.00200000
第4轮, 训练损失: 19.3513, 验证集RMSE: 17.3954, 验证集S分数: 28681.1, 测试集RMSE: 22.7770, 测试集S分数: 3457.2, 学习率: 0.00200000
第5轮, 训练损失: 18.1444, 验证集RMSE: 16.4139, 验证集S分数: 30220.3, 测试集RMSE: 23.7943, 测试集S分数: 4447.1, 学习率: 0.00200000
第6轮, 训练损失: 17.2430, 验证集RMSE: 15.3574, 验证集S分数: 29042.5, 测试集RMSE: 24.7422, 测试集S分数: 4525.0, 学习率: 0.00200000
第7轮, 训练损失: 16.7144, 验证集RMSE: 16.8525, 验证集S分数: 20794.3, 测试集RMSE: 19.1209, 测试集S分数: 1758.9, 学习率: 0.00200000
第8轮, 训练损失: 16.4347, 验证集RMSE: 15.6243, 验证集S分数: 21660.6, 测试集RMSE: 19.6743, 测试集S分数: 2237.8, 学习率: 0.00200000
第9轮, 训练损失: 16.3573, 验证集RMSE: 15.5826, 验证集S分数: 20365.6, 测试集RMSE: 18.8254, 测试集S分数: 1561.3, 学习率: 0.00200000
第10轮, 训练损失: 16.2097, 验证集RMSE: 15.4271, 验证集S分数: 20956.0, 测试集RMSE: 19.0092, 测试集S分数: 1822.7, 学习率: 0.00200000
第11轮, 训练损失: 15.5650, 验证集RMSE: 14.9357, 验证集S分数: 22569.5, 测试集RMSE: 20.3750, 测试集S分数: 2263.6, 学习率: 0.00020000
第12轮, 训练损失: 15.5501, 验证集RMSE: 15.0521, 验证集S分数: 21664.5, 测试集RMSE: 19.8072, 测试集S分数: 2055.7, 学习率: 0.00020000
第13轮, 训练损失: 15.5567, 验证集RMSE: 14.9510, 验证集S分数: 22285.6, 测试集RMSE: 20.4412, 测试集S分数: 2227.7, 学习率: 0.00020000
第14轮, 训练损失: 15.5776, 验证集RMSE: 14.9477, 验证集S分数: 21939.1, 测试集RMSE: 19.8059, 测试集S分数: 1987.6, 学习率: 0.00020000
第15轮, 训练损失: 15.5320, 验证集RMSE: 15.1871, 验证集S分数: 21648.8, 测试集RMSE: 20.0194, 测试集S分数: 2070.9, 学习率: 0.00020000
第16轮, 训练损失: 15.5707, 验证集RMSE: 14.7629, 验证集S分数: 21780.8, 测试集RMSE: 20.3900, 测试集S分数: 2110.8, 学习率: 0.00020000
第17轮, 训练损失: 15.5096, 验证集RMSE: 14.9193, 验证集S分数: 22064.3, 测试集RMSE: 20.1384, 测试集S分数: 2101.3, 学习率: 0.00020000
第18轮, 训练损失: 15.4653, 验证集RMSE: 14.9166, 验证集S分数: 21817.6, 测试集RMSE: 20.1388, 测试集S分数: 2059.5, 学习率: 0.00020000
第19轮, 训练损失: 15.4406, 验证集RMSE: 14.8372, 验证集S分数: 21837.8, 测试集RMSE: 19.8404, 测试集S分数: 1976.3, 学习率: 0.00020000
第20轮, 训练损失: 15.4560, 验证集RMSE: 14.7462, 验证集S分数: 22106.3, 测试集RMSE: 20.2792, 测试集S分数: 2070.7, 学习率: 0.00020000
第21轮, 训练损失: 15.4722, 验证集RMSE: 14.8522, 验证集S分数: 21710.5, 测试集RMSE: 20.0328, 测试集S分数: 1995.3, 学习率: 0.00002000
第22轮, 训练损失: 15.3979, 验证集RMSE: 14.9226, 验证集S分数: 21402.3, 测试集RMSE: 19.6015, 测试集S分数: 1885.0, 学习率: 0.00002000
第23轮, 训练损失: 15.4018, 验证集RMSE: 14.8699, 验证集S分数: 21732.8, 测试集RMSE: 19.9170, 测试集S分数: 1974.2, 学习率: 0.00002000
第24轮, 训练损失: 15.4194, 验证集RMSE: 14.8867, 验证集S分数: 21707.3, 测试集RMSE: 19.9395, 测试集S分数: 1981.2, 学习率: 0.00002000
第25轮, 训练损失: 15.4629, 验证集RMSE: 14.8694, 验证集S分数: 21457.8, 测试集RMSE: 19.7163, 测试集S分数: 1912.9, 学习率: 0.00002000
第26轮, 训练损失: 15.3900, 验证集RMSE: 14.9384, 验证集S分数: 21790.8, 测试集RMSE: 19.9931, 测试集S分数: 1994.9, 学习率: 0.00002000
第27轮, 训练损失: 15.3834, 验证集RMSE: 14.8041, 验证集S分数: 21807.1, 测试集RMSE: 19.9760, 测试集S分数: 1988.3, 学习率: 0.00002000
第28轮, 训练损失: 15.3426, 验证集RMSE: 14.9104, 验证集S分数: 21959.4, 测试集RMSE: 20.1229, 测试集S分数: 2024.5, 学习率: 0.00002000
第29轮, 训练损失: 15.3758, 验证集RMSE: 14.7760, 验证集S分数: 21965.1, 测试集RMSE: 20.0713, 测试集S分数: 2017.7, 学习率: 0.00002000
第30轮, 训练损失: 15.4181, 验证集RMSE: 14.8285, 验证集S分数: 21663.5, 测试集RMSE: 19.8004, 测试集S分数: 1935.3, 学习率: 0.00002000
[训练总结] 已恢复第20轮的最佳模型, 验证集RMSE: 14.7462, 验证集S分数: 22106.3, 测试集RMSE: 20.2792, 测试集S分数: 2070.7
[训练耗时] 开始: 2026-04-19 03:28:24, 结束: 2026-04-19 03:30:23, 时长: 0:01:59, 总秒数: 119.35
[自动测试] 命令: /usr/bin/python /CMAPSS-release/scipt/test_model.py --sub-dataset FD003 --smooth-rate 30 --sequence-len 30 --feature-num 14 --dataset-root /CMAPSS-release/CMAPSSData/ --max-rul 125 --batch-size 128 --model-path /CMAPSS-release/logs_GAT_LSTM/model_FD003_0419_032824_seed51.pkl
模型路径:/CMAPSS-release/logs_GAT_LSTM/model_FD003_0419_032824_seed51.pkl
最终RMSE:20.000499725341797, 评分:1958.587158203125
