-----FD001-----
模型: GAT_LSTM_AEFAOF_model(AEF与AOF均开启)
序列长度: 30
特征维度: 14
批大小: 128
最大训练轮数: 30
随机种子: 2
学习率: 0.002
学习率调度器: step
Step步长(step_size): 10
Step衰减系数(gamma): 0.1
是否启用AEF: 是
是否启用AOF: 是
GAT隐藏层维度: [8, 8, 8]
LSTM隐藏层维度: [8, 8]
GAT Dropout系数: 0.1
GAT LeakyReLU系数(alpha): 0.1
图构建模式: path
节点嵌入维度(embed_dim): 8
Topk邻居数: 7
AOF注意力隐藏维度: 4
AEF注意力隐藏维度: 28
AEF/AOF融合方式: concat
是否启用指数平滑: True
平滑系数(smooth_rate): 30
------------------------------
第1轮, 训练损失: 44.9009, 验证集RMSE: 42.2005, 验证集S分数: 341878.6, 测试集RMSE: 39.8286, 测试集S分数: 16225.6, 学习率: 0.00200000
第2轮, 训练损失: 35.2281, 验证集RMSE: 26.8920, 验证集S分数: 77577.6, 测试集RMSE: 30.1846, 测试集S分数: 7807.0, 学习率: 0.00200000
第3轮, 训练损失: 23.9868, 验证集RMSE: 24.4049, 验证集S分数: 66441.6, 测试集RMSE: 28.0859, 测试集S分数: 7913.1, 学习率: 0.00200000
第4轮, 训练损失: 21.6816, 验证集RMSE: 20.8489, 验证集S分数: 31850.5, 测试集RMSE: 22.2999, 测试集S分数: 2942.6, 学习率: 0.00200000
第5轮, 训练损失: 21.0556, 验证集RMSE: 22.0898, 验证集S分数: 68097.5, 测试集RMSE: 22.5340, 测试集S分数: 2340.7, 学习率: 0.00200000
第6轮, 训练损失: 20.7475, 验证集RMSE: 20.6448, 验证集S分数: 39848.7, 测试集RMSE: 21.4677, 测试集S分数: 1880.8, 学习率: 0.00200000
第7轮, 训练损失: 20.3807, 验证集RMSE: 21.0941, 验证集S分数: 60113.3, 测试集RMSE: 24.4667, 测试集S分数: 5022.8, 学习率: 0.00200000
第8轮, 训练损失: 19.8756, 验证集RMSE: 21.6318, 验证集S分数: 68007.3, 测试集RMSE: 24.0463, 测试集S分数: 4830.5, 学习率: 0.00200000
第9轮, 训练损失: 19.8794, 验证集RMSE: 21.2711, 验证集S分数: 78099.3, 测试集RMSE: 24.0299, 测试集S分数: 4747.3, 学习率: 0.00200000
第10轮, 训练损失: 19.4230, 验证集RMSE: 18.9867, 验证集S分数: 40652.8, 测试集RMSE: 20.0343, 测试集S分数: 1827.1, 学习率: 0.00200000
第11轮, 训练损失: 18.3341, 验证集RMSE: 19.1502, 验证集S分数: 46759.0, 测试集RMSE: 19.6659, 测试集S分数: 1567.9, 学习率: 0.00020000
第12轮, 训练损失: 18.2392, 验证集RMSE: 20.3981, 验证集S分数: 44686.6, 测试集RMSE: 19.6911, 测试集S分数: 1675.7, 学习率: 0.00020000
第13轮, 训练损失: 18.1885, 验证集RMSE: 19.2131, 验证集S分数: 46428.3, 测试集RMSE: 19.3106, 测试集S分数: 1414.2, 学习率: 0.00020000
第14轮, 训练损失: 18.0627, 验证集RMSE: 19.0516, 验证集S分数: 43324.8, 测试集RMSE: 19.4208, 测试集S分数: 1577.3, 学习率: 0.00020000
第15轮, 训练损失: 17.9510, 验证集RMSE: 19.7645, 验证集S分数: 41526.6, 测试集RMSE: 19.0021, 测试集S分数: 1364.0, 学习率: 0.00020000
第16轮, 训练损失: 17.7834, 验证集RMSE: 18.9302, 验证集S分数: 41999.9, 测试集RMSE: 18.7203, 测试集S分数: 1337.5, 学习率: 0.00020000
第17轮, 训练损失: 17.8081, 验证集RMSE: 18.7387, 验证集S分数: 34656.4, 测试集RMSE: 18.1288, 测试集S分数: 1116.7, 学习率: 0.00020000
第18轮, 训练损失: 17.7163, 验证集RMSE: 19.0460, 验证集S分数: 39239.2, 测试集RMSE: 18.4355, 测试集S分数: 1179.8, 学习率: 0.00020000
第19轮, 训练损失: 17.6590, 验证集RMSE: 18.7895, 验证集S分数: 42443.0, 测试集RMSE: 18.5058, 测试集S分数: 1256.0, 学习率: 0.00020000
第20轮, 训练损失: 17.6201, 验证集RMSE: 19.2329, 验证集S分数: 35832.4, 测试集RMSE: 17.9411, 测试集S分数: 1087.6, 学习率: 0.00020000
第21轮, 训练损失: 17.5142, 验证集RMSE: 18.6132, 验证集S分数: 36719.0, 测试集RMSE: 18.0254, 测试集S分数: 1115.4, 学习率: 0.00002000
第22轮, 训练损失: 17.4842, 验证集RMSE: 18.4437, 验证集S分数: 37151.5, 测试集RMSE: 18.0526, 测试集S分数: 1128.1, 学习率: 0.00002000
第23轮, 训练损失: 17.4566, 验证集RMSE: 18.1090, 验证集S分数: 35039.1, 测试集RMSE: 17.7505, 测试集S分数: 1040.5, 学习率: 0.00002000
第24轮, 训练损失: 17.4609, 验证集RMSE: 19.0194, 验证集S分数: 37441.5, 测试集RMSE: 18.0066, 测试集S分数: 1117.3, 学习率: 0.00002000
第25轮, 训练损失: 17.5204, 验证集RMSE: 18.8488, 验证集S分数: 37061.5, 测试集RMSE: 17.9787, 测试集S分数: 1109.6, 学习率: 0.00002000
第26轮, 训练损失: 17.5128, 验证集RMSE: 18.4892, 验证集S分数: 35582.3, 测试集RMSE: 17.8246, 测试集S分数: 1063.7, 学习率: 0.00002000
第27轮, 训练损失: 17.4686, 验证集RMSE: 19.0648, 验证集S分数: 35668.0, 测试集RMSE: 17.8089, 测试集S分数: 1059.5, 学习率: 0.00002000
第28轮, 训练损失: 17.5299, 验证集RMSE: 18.9947, 验证集S分数: 35650.1, 测试集RMSE: 17.8011, 测试集S分数: 1059.8, 学习率: 0.00002000
第29轮, 训练损失: 17.4357, 验证集RMSE: 18.3667, 验证集S分数: 36565.4, 测试集RMSE: 17.8864, 测试集S分数: 1087.6, 学习率: 0.00002000
第30轮, 训练损失: 17.4667, 验证集RMSE: 19.0546, 验证集S分数: 36353.9, 测试集RMSE: 17.8321, 测试集S分数: 1074.3, 学习率: 0.00002000
[训练总结] 已恢复第23轮的最佳模型, 验证集RMSE: 18.1090, 验证集S分数: 35039.1, 测试集RMSE: 17.7505, 测试集S分数: 1040.5
[训练耗时] 开始: 2026-04-19 11:42:18, 结束: 2026-04-19 11:44:19, 时长: 0:02:02, 总秒数: 121.54
[自动测试] 命令: /usr/bin/python /CMAPSS-release/scipt/test_model.py --sub-dataset FD001 --smooth-rate 30 --sequence-len 30 --feature-num 14 --dataset-root /CMAPSS-release/CMAPSSData/ --max-rul 125 --batch-size 128 --model-path /CMAPSS-release/logs_GAT_LSTM/model_FD001_0419_114218_seed2.pkl
模型路径:/CMAPSS-release/logs_GAT_LSTM/model_FD001_0419_114218_seed2.pkl
最终RMSE:17.629520416259766, 评分:1007.8560180664062
