-----FD001-----
模型: GAT_LSTM_AEFAOF_model(AEF与AOF均开启)
序列长度: 30
特征维度: 14
批大小: 128
最大训练轮数: 30
随机种子: 30
学习率: 0.002
学习率调度器: step
Step步长(step_size): 10
Step衰减系数(gamma): 0.1
是否启用AEF: 是
是否启用AOF: 是
GAT隐藏层维度: [8, 8, 8]
LSTM隐藏层维度: [8, 8]
GAT Dropout系数: 0.1
GAT LeakyReLU系数(alpha): 0.1
图构建模式: path
节点嵌入维度(embed_dim): 8
Topk邻居数: 7
AOF注意力隐藏维度: 4
AEF注意力隐藏维度: 28
AEF/AOF融合方式: concat
是否启用指数平滑: True
平滑系数(smooth_rate): 30
------------------------------
第1轮, 训练损失: 40.6925, 验证集RMSE: 21.3500, 验证集S分数: 25772.3, 测试集RMSE: 21.4425, 测试集S分数: 1573.1, 学习率: 0.00200000
第2轮, 训练损失: 20.5829, 验证集RMSE: 18.0395, 验证集S分数: 16319.5, 测试集RMSE: 17.3755, 测试集S分数: 711.0, 学习率: 0.00200000
第3轮, 训练损失: 18.8752, 验证集RMSE: 17.6179, 验证集S分数: 14877.7, 测试集RMSE: 17.4252, 测试集S分数: 746.2, 学习率: 0.00200000
第4轮, 训练损失: 18.5863, 验证集RMSE: 18.4348, 验证集S分数: 24259.4, 测试集RMSE: 19.0454, 测试集S分数: 1206.0, 学习率: 0.00200000
第5轮, 训练损失: 18.3058, 验证集RMSE: 18.2064, 验证集S分数: 16762.9, 测试集RMSE: 17.6804, 测试集S分数: 819.3, 学习率: 0.00200000
第6轮, 训练损失: 17.8944, 验证集RMSE: 21.1198, 验证集S分数: 19372.5, 测试集RMSE: 21.7206, 测试集S分数: 847.2, 学习率: 0.00200000
第7轮, 训练损失: 18.3327, 验证集RMSE: 20.9376, 验证集S分数: 44478.7, 测试集RMSE: 20.8658, 测试集S分数: 1830.9, 学习率: 0.00200000
第8轮, 训练损失: 17.7951, 验证集RMSE: 18.6874, 验证集S分数: 26675.0, 测试集RMSE: 18.8625, 测试集S分数: 1233.8, 学习率: 0.00200000
第9轮, 训练损失: 17.8274, 验证集RMSE: 18.6441, 验证集S分数: 28054.4, 测试集RMSE: 19.4358, 测试集S分数: 1398.3, 学习率: 0.00200000
第10轮, 训练损失: 17.6679, 验证集RMSE: 18.4089, 验证集S分数: 22901.9, 测试集RMSE: 19.0577, 测试集S分数: 1231.7, 学习率: 0.00200000
第11轮, 训练损失: 17.0297, 验证集RMSE: 17.6719, 验证集S分数: 19559.4, 测试集RMSE: 18.0559, 测试集S分数: 1004.7, 学习率: 0.00020000
第12轮, 训练损失: 16.9295, 验证集RMSE: 16.6959, 验证集S分数: 14954.7, 测试集RMSE: 17.7486, 测试集S分数: 868.9, 学习率: 0.00020000
第13轮, 训练损失: 16.9428, 验证集RMSE: 18.6927, 验证集S分数: 24477.8, 测试集RMSE: 19.0704, 测试集S分数: 1293.4, 学习率: 0.00020000
第14轮, 训练损失: 16.9369, 验证集RMSE: 17.9990, 验证集S分数: 18059.3, 测试集RMSE: 18.2101, 测试集S分数: 1032.8, 学习率: 0.00020000
第15轮, 训练损失: 16.8929, 验证集RMSE: 17.3892, 验证集S分数: 17127.3, 测试集RMSE: 17.9953, 测试集S分数: 982.7, 学习率: 0.00020000
第16轮, 训练损失: 16.8753, 验证集RMSE: 18.9281, 验证集S分数: 18855.5, 测试集RMSE: 18.5124, 测试集S分数: 1146.2, 学习率: 0.00020000
第17轮, 训练损失: 16.8676, 验证集RMSE: 18.4005, 验证集S分数: 20593.6, 测试集RMSE: 18.2724, 测试集S分数: 1110.5, 学习率: 0.00020000
第18轮, 训练损失: 16.8461, 验证集RMSE: 17.6103, 验证集S分数: 18583.3, 测试集RMSE: 18.0974, 测试集S分数: 1045.4, 学习率: 0.00020000
第19轮, 训练损失: 16.8167, 验证集RMSE: 17.0488, 验证集S分数: 16369.0, 测试集RMSE: 17.9205, 测试集S分数: 971.6, 学习率: 0.00020000
第20轮, 训练损失: 16.8274, 验证集RMSE: 18.2550, 验证集S分数: 17112.1, 测试集RMSE: 18.0205, 测试集S分数: 1013.8, 学习率: 0.00020000
第21轮, 训练损失: 16.6618, 验证集RMSE: 17.6270, 验证集S分数: 17458.7, 测试集RMSE: 17.9923, 测试集S分数: 1009.5, 学习率: 0.00002000
第22轮, 训练损失: 16.7697, 验证集RMSE: 17.6185, 验证集S分数: 17444.4, 测试集RMSE: 17.9644, 测试集S分数: 1004.4, 学习率: 0.00002000
第23轮, 训练损失: 16.7060, 验证集RMSE: 18.0778, 验证集S分数: 16047.0, 测试集RMSE: 17.8339, 测试集S分数: 953.8, 学习率: 0.00002000
第24轮, 训练损失: 16.7802, 验证集RMSE: 17.7078, 验证集S分数: 17533.8, 测试集RMSE: 18.0133, 测试集S分数: 1018.0, 学习率: 0.00002000
第25轮, 训练损失: 16.7723, 验证集RMSE: 17.2443, 验证集S分数: 17243.8, 测试集RMSE: 17.9486, 测试集S分数: 998.7, 学习率: 0.00002000
第26轮, 训练损失: 16.8201, 验证集RMSE: 16.9427, 验证集S分数: 15943.8, 测试集RMSE: 17.8213, 测试集S分数: 950.4, 学习率: 0.00002000
第27轮, 训练损失: 16.7971, 验证集RMSE: 17.4885, 验证集S分数: 16721.4, 测试集RMSE: 17.9193, 测试集S分数: 986.1, 学习率: 0.00002000
第28轮, 训练损失: 16.7828, 验证集RMSE: 17.8214, 验证集S分数: 16151.9, 测试集RMSE: 17.8793, 测试集S分数: 969.3, 学习率: 0.00002000
第29轮, 训练损失: 16.7364, 验证集RMSE: 17.1202, 验证集S分数: 16320.1, 测试集RMSE: 17.8754, 测试集S分数: 970.8, 学习率: 0.00002000
第30轮, 训练损失: 16.7801, 验证集RMSE: 17.7345, 验证集S分数: 16968.5, 测试集RMSE: 17.9436, 测试集S分数: 995.7, 学习率: 0.00002000
[训练总结] 已恢复第12轮的最佳模型, 验证集RMSE: 16.6959, 验证集S分数: 14954.7, 测试集RMSE: 17.7486, 测试集S分数: 868.9
[训练耗时] 开始: 2026-04-19 11:53:13, 结束: 2026-04-19 11:55:04, 时长: 0:01:51, 总秒数: 110.99
[自动测试] 命令: /usr/bin/python /CMAPSS-release/scipt/test_model.py --sub-dataset FD001 --smooth-rate 30 --sequence-len 30 --feature-num 14 --dataset-root /CMAPSS-release/CMAPSSData/ --max-rul 125 --batch-size 128 --model-path /CMAPSS-release/logs_GAT_LSTM/model_FD001_0419_115313_seed30.pkl
模型路径:/CMAPSS-release/logs_GAT_LSTM/model_FD001_0419_115313_seed30.pkl
最终RMSE:17.62384796142578, 评分:823.6874389648438
