-----FD003-----
模型: GAT_LSTM_AEFAOF_model(仅AEF开启)
序列长度: 30
特征维度: 14
批大小: 128
最大训练轮数: 30
随机种子: 80
学习率: 0.002
学习率调度器: step
Step步长(step_size): 10
Step衰减系数(gamma): 0.1
是否启用AEF: 是
是否启用AOF: 否
GAT隐藏层维度: [8, 8, 8]
LSTM隐藏层维度: [8, 8]
GAT Dropout系数: 0.1
GAT LeakyReLU系数(alpha): 0.1
图构建模式: dynamic_topk
节点嵌入维度(embed_dim): 8
Topk邻居数: 7
AEF注意力隐藏维度: 28
AEF/AOF融合方式: concat
是否启用指数平滑: True
平滑系数(smooth_rate): 30
------------------------------
第1轮, 训练损失: 36.2362, 验证集RMSE: 29.5176, 验证集S分数: 342041.8, 测试集RMSE: 34.6759, 测试集S分数: 39401.5, 学习率: 0.00200000
第2轮, 训练损失: 31.8546, 验证集RMSE: 21.4656, 验证集S分数: 198427.6, 测试集RMSE: 29.2201, 测试集S分数: 9283.0, 学习率: 0.00200000
第3轮, 训练损失: 25.4265, 验证集RMSE: 18.6552, 验证集S分数: 25492.6, 测试集RMSE: 22.3902, 测试集S分数: 2642.9, 学习率: 0.00200000
第4轮, 训练损失: 19.9558, 验证集RMSE: 16.2000, 验证集S分数: 28500.4, 测试集RMSE: 22.7414, 测试集S分数: 3875.8, 学习率: 0.00200000
第5轮, 训练损失: 18.5423, 验证集RMSE: 15.5162, 验证集S分数: 37241.5, 测试集RMSE: 22.7920, 测试集S分数: 4264.1, 学习率: 0.00200000
第6轮, 训练损失: 17.5988, 验证集RMSE: 14.9465, 验证集S分数: 26598.1, 测试集RMSE: 20.9913, 测试集S分数: 2411.2, 学习率: 0.00200000
第7轮, 训练损失: 16.7400, 验证集RMSE: 16.7381, 验证集S分数: 31882.5, 测试集RMSE: 18.1667, 测试集S分数: 1714.1, 学习率: 0.00200000
第8轮, 训练损失: 16.1508, 验证集RMSE: 13.8105, 验证集S分数: 30618.0, 测试集RMSE: 20.0151, 测试集S分数: 2200.3, 学习率: 0.00200000
第9轮, 训练损失: 15.8555, 验证集RMSE: 14.2365, 验证集S分数: 21401.4, 测试集RMSE: 18.6304, 测试集S分数: 1539.5, 学习率: 0.00200000
第10轮, 训练损失: 15.5414, 验证集RMSE: 13.9404, 验证集S分数: 28707.4, 测试集RMSE: 21.1124, 测试集S分数: 1782.2, 学习率: 0.00200000
第11轮, 训练损失: 14.8153, 验证集RMSE: 13.2351, 验证集S分数: 25561.6, 测试集RMSE: 18.0802, 测试集S分数: 1277.6, 学习率: 0.00020000
第12轮, 训练损失: 14.6567, 验证集RMSE: 13.3301, 验证集S分数: 23817.5, 测试集RMSE: 18.0175, 测试集S分数: 1266.5, 学习率: 0.00020000
第13轮, 训练损失: 14.6302, 验证集RMSE: 13.5274, 验证集S分数: 23295.8, 测试集RMSE: 17.8002, 测试集S分数: 1261.3, 学习率: 0.00020000
第14轮, 训练损失: 14.5965, 验证集RMSE: 13.7626, 验证集S分数: 24573.5, 测试集RMSE: 17.7333, 测试集S分数: 1235.1, 学习率: 0.00020000
第15轮, 训练损失: 14.5921, 验证集RMSE: 13.3910, 验证集S分数: 23669.3, 测试集RMSE: 17.8474, 测试集S分数: 1230.9, 学习率: 0.00020000
第16轮, 训练损失: 14.4930, 验证集RMSE: 13.7965, 验证集S分数: 22563.6, 测试集RMSE: 17.5464, 测试集S分数: 1184.0, 学习率: 0.00020000
第17轮, 训练损失: 14.4573, 验证集RMSE: 13.6546, 验证集S分数: 23074.0, 测试集RMSE: 17.5350, 测试集S分数: 1163.1, 学习率: 0.00020000
第18轮, 训练损失: 14.4848, 验证集RMSE: 13.5320, 验证集S分数: 22897.8, 测试集RMSE: 17.2586, 测试集S分数: 1167.3, 学习率: 0.00020000
第19轮, 训练损失: 14.4549, 验证集RMSE: 13.3600, 验证集S分数: 21762.8, 测试集RMSE: 17.4134, 测试集S分数: 1119.7, 学习率: 0.00020000
第20轮, 训练损失: 14.4845, 验证集RMSE: 13.4134, 验证集S分数: 23026.2, 测试集RMSE: 17.8695, 测试集S分数: 1272.9, 学习率: 0.00020000
第21轮, 训练损失: 14.4408, 验证集RMSE: 13.4025, 验证集S分数: 23195.4, 测试集RMSE: 17.5852, 测试集S分数: 1244.5, 学习率: 0.00002000
第22轮, 训练损失: 14.3531, 验证集RMSE: 13.4612, 验证集S分数: 23079.8, 测试集RMSE: 17.5380, 测试集S分数: 1232.1, 学习率: 0.00002000
第23轮, 训练损失: 14.4396, 验证集RMSE: 13.4635, 验证集S分数: 23108.8, 测试集RMSE: 17.5483, 测试集S分数: 1233.3, 学习率: 0.00002000
第24轮, 训练损失: 14.4279, 验证集RMSE: 13.4191, 验证集S分数: 22931.6, 测试集RMSE: 17.4565, 测试集S分数: 1208.5, 学习率: 0.00002000
第25轮, 训练损失: 14.4026, 验证集RMSE: 13.4100, 验证集S分数: 22888.1, 测试集RMSE: 17.4414, 测试集S分数: 1212.6, 学习率: 0.00002000
第26轮, 训练损失: 14.3540, 验证集RMSE: 13.3624, 验证集S分数: 23045.9, 测试集RMSE: 17.5396, 测试集S分数: 1225.3, 学习率: 0.00002000
第27轮, 训练损失: 14.3706, 验证集RMSE: 13.5323, 验证集S分数: 23107.9, 测试集RMSE: 17.4001, 测试集S分数: 1211.3, 学习率: 0.00002000
第28轮, 训练损失: 14.3683, 验证集RMSE: 13.5506, 验证集S分数: 23159.3, 测试集RMSE: 17.5501, 测试集S分数: 1243.7, 学习率: 0.00002000
第29轮, 训练损失: 14.4193, 验证集RMSE: 13.6021, 验证集S分数: 22846.8, 测试集RMSE: 17.3346, 测试集S分数: 1192.5, 学习率: 0.00002000
第30轮, 训练损失: 14.3272, 验证集RMSE: 13.5504, 验证集S分数: 23118.4, 测试集RMSE: 17.4129, 测试集S分数: 1209.9, 学习率: 0.00002000
[训练总结] 已恢复第11轮的最佳模型, 验证集RMSE: 13.2351, 验证集S分数: 25561.6, 测试集RMSE: 18.0802, 测试集S分数: 1277.6
[训练耗时] 开始: 2026-04-19 03:08:41, 结束: 2026-04-19 03:10:51, 时长: 0:02:09, 总秒数: 129.50
[自动测试] 命令: /usr/bin/python /CMAPSS-release/scipt/test_model.py --sub-dataset FD003 --smooth-rate 30 --sequence-len 30 --feature-num 14 --dataset-root /CMAPSS-release/CMAPSSData/ --max-rul 125 --batch-size 128 --model-path /CMAPSS-release/logs_GAT_LSTM/model_FD003_0419_030841_seed80.pkl
模型路径:/CMAPSS-release/logs_GAT_LSTM/model_FD003_0419_030841_seed80.pkl
最终RMSE:17.84012222290039, 评分:1229.967041015625
