-----FD003-----
模型: GAT_LSTM_AEFAOF_model(仅AEF开启)
序列长度: 30
特征维度: 14
批大小: 128
最大训练轮数: 30
随机种子: 62
学习率: 0.002
学习率调度器: step
Step步长(step_size): 10
Step衰减系数(gamma): 0.1
是否启用AEF: 是
是否启用AOF: 否
GAT隐藏层维度: [8, 8, 8]
LSTM隐藏层维度: [8, 8]
GAT Dropout系数: 0.1
GAT LeakyReLU系数(alpha): 0.1
图构建模式: dynamic_topk
节点嵌入维度(embed_dim): 8
Topk邻居数: 7
AEF注意力隐藏维度: 28
AEF/AOF融合方式: concat
是否启用指数平滑: True
平滑系数(smooth_rate): 30
------------------------------
第1轮, 训练损失: 41.1430, 验证集RMSE: 32.2400, 验证集S分数: 679478.7, 测试集RMSE: 39.0305, 测试集S分数: 57596.3, 学习率: 0.00200000
第2轮, 训练损失: 31.7180, 验证集RMSE: 21.5739, 验证集S分数: 168072.0, 测试集RMSE: 30.9559, 测试集S分数: 38144.9, 学习率: 0.00200000
第3轮, 训练损失: 23.8842, 验证集RMSE: 18.6612, 验证集S分数: 67277.2, 测试集RMSE: 29.4359, 测试集S分数: 8268.8, 学习率: 0.00200000
第4轮, 训练损失: 20.9809, 验证集RMSE: 18.2311, 验证集S分数: 36955.2, 测试集RMSE: 24.5797, 测试集S分数: 4357.9, 学习率: 0.00200000
第5轮, 训练损失: 19.5035, 验证集RMSE: 17.2209, 验证集S分数: 39396.7, 测试集RMSE: 26.1108, 测试集S分数: 4499.1, 学习率: 0.00200000
第6轮, 训练损失: 18.7416, 验证集RMSE: 16.5916, 验证集S分数: 45133.7, 测试集RMSE: 25.0176, 测试集S分数: 4449.5, 学习率: 0.00200000
第7轮, 训练损失: 18.0610, 验证集RMSE: 17.8830, 验证集S分数: 57590.6, 测试集RMSE: 29.4679, 测试集S分数: 5629.1, 学习率: 0.00200000
第8轮, 训练损失: 17.1962, 验证集RMSE: 17.8815, 验证集S分数: 46950.7, 测试集RMSE: 28.2558, 测试集S分数: 4380.1, 学习率: 0.00200000
第9轮, 训练损失: 16.8132, 验证集RMSE: 18.0091, 验证集S分数: 41043.1, 测试集RMSE: 19.4846, 测试集S分数: 1844.2, 学习率: 0.00200000
第10轮, 训练损失: 16.4764, 验证集RMSE: 16.1232, 验证集S分数: 34880.0, 测试集RMSE: 22.7412, 测试集S分数: 1953.9, 学习率: 0.00200000
第11轮, 训练损失: 15.6569, 验证集RMSE: 15.8481, 验证集S分数: 40773.2, 测试集RMSE: 21.0247, 测试集S分数: 1901.8, 学习率: 0.00020000
第12轮, 训练损失: 15.6383, 验证集RMSE: 15.7653, 验证集S分数: 41516.4, 测试集RMSE: 20.6767, 测试集S分数: 1820.2, 学习率: 0.00020000
第13轮, 训练损失: 15.5128, 验证集RMSE: 15.9715, 验证集S分数: 41853.4, 测试集RMSE: 20.4175, 测试集S分数: 1837.6, 学习率: 0.00020000
第14轮, 训练损失: 15.5703, 验证集RMSE: 15.8120, 验证集S分数: 41082.3, 测试集RMSE: 20.3518, 测试集S分数: 1694.7, 学习率: 0.00020000
第15轮, 训练损失: 15.4744, 验证集RMSE: 16.0811, 验证集S分数: 39047.9, 测试集RMSE: 20.2900, 测试集S分数: 1671.9, 学习率: 0.00020000
第16轮, 训练损失: 15.4151, 验证集RMSE: 15.8363, 验证集S分数: 39788.4, 测试集RMSE: 19.9027, 测试集S分数: 1518.9, 学习率: 0.00020000
第17轮, 训练损失: 15.4192, 验证集RMSE: 15.7450, 验证集S分数: 41868.6, 测试集RMSE: 20.7312, 测试集S分数: 1754.0, 学习率: 0.00020000
第18轮, 训练损失: 15.4314, 验证集RMSE: 15.7108, 验证集S分数: 38882.8, 测试集RMSE: 20.6209, 测试集S分数: 1644.8, 学习率: 0.00020000
第19轮, 训练损失: 15.3363, 验证集RMSE: 15.8779, 验证集S分数: 39415.6, 测试集RMSE: 20.3504, 测试集S分数: 1647.8, 学习率: 0.00020000
第20轮, 训练损失: 15.3460, 验证集RMSE: 16.1671, 验证集S分数: 37520.9, 测试集RMSE: 19.3957, 测试集S分数: 1429.9, 学习率: 0.00020000
第21轮, 训练损失: 15.2841, 验证集RMSE: 15.8904, 验证集S分数: 39411.9, 测试集RMSE: 20.1821, 测试集S分数: 1567.5, 学习率: 0.00002000
第22轮, 训练损失: 15.2543, 验证集RMSE: 15.8824, 验证集S分数: 39300.4, 测试集RMSE: 20.0579, 测试集S分数: 1543.6, 学习率: 0.00002000
第23轮, 训练损失: 15.2788, 验证集RMSE: 15.9420, 验证集S分数: 39135.6, 测试集RMSE: 19.9812, 测试集S分数: 1527.3, 学习率: 0.00002000
第24轮, 训练损失: 15.3529, 验证集RMSE: 15.7965, 验证集S分数: 39212.9, 测试集RMSE: 20.0666, 测试集S分数: 1538.1, 学习率: 0.00002000
第25轮, 训练损失: 15.2966, 验证集RMSE: 15.9335, 验证集S分数: 39283.1, 测试集RMSE: 19.9944, 测试集S分数: 1518.8, 学习率: 0.00002000
第26轮, 训练损失: 15.3389, 验证集RMSE: 15.8521, 验证集S分数: 39190.6, 测试集RMSE: 20.1130, 测试集S分数: 1536.7, 学习率: 0.00002000
第27轮, 训练损失: 15.2779, 验证集RMSE: 15.8950, 验证集S分数: 39716.2, 测试集RMSE: 20.1758, 测试集S分数: 1563.4, 学习率: 0.00002000
第28轮, 训练损失: 15.2775, 验证集RMSE: 15.8032, 验证集S分数: 39434.2, 测试集RMSE: 20.1767, 测试集S分数: 1552.0, 学习率: 0.00002000
第29轮, 训练损失: 15.2547, 验证集RMSE: 15.8546, 验证集S分数: 39446.5, 测试集RMSE: 20.0688, 测试集S分数: 1540.8, 学习率: 0.00002000
第30轮, 训练损失: 15.2253, 验证集RMSE: 15.9268, 验证集S分数: 39875.3, 测试集RMSE: 20.1247, 测试集S分数: 1548.5, 学习率: 0.00002000
[训练总结] 已恢复第18轮的最佳模型, 验证集RMSE: 15.7108, 验证集S分数: 38882.8, 测试集RMSE: 20.6209, 测试集S分数: 1644.8
[训练耗时] 开始: 2026-04-19 03:06:08, 结束: 2026-04-19 03:08:18, 时长: 0:02:10, 总秒数: 130.48
[自动测试] 命令: /usr/bin/python /CMAPSS-release/scipt/test_model.py --sub-dataset FD003 --smooth-rate 30 --sequence-len 30 --feature-num 14 --dataset-root /CMAPSS-release/CMAPSSData/ --max-rul 125 --batch-size 128 --model-path /CMAPSS-release/logs_GAT_LSTM/model_FD003_0419_030608_seed62.pkl
模型路径:/CMAPSS-release/logs_GAT_LSTM/model_FD003_0419_030608_seed62.pkl
最终RMSE:20.3548526763916, 评分:1564.5391845703125
