-----FD002-----
模型: GAT_LSTM_AEFAOF_model(AEF与AOF均开启)
序列长度: 30
特征维度: 14
批大小: 128
最大训练轮数: 30
随机种子: 2
学习率: 0.002
学习率调度器: step
Step步长(step_size): 10
Step衰减系数(gamma): 0.1
是否启用AEF: 是
是否启用AOF: 是
GAT隐藏层维度: [8, 8]
LSTM隐藏层维度: [8, 8]
GAT Dropout系数: 0.1
GAT LeakyReLU系数(alpha): 0.1
图构建模式: path
节点嵌入维度(embed_dim): 8
Topk邻居数: 7
AOF注意力隐藏维度: 4
AEF注意力隐藏维度: 28
AEF/AOF融合方式: concat
是否启用指数平滑: True
平滑系数(smooth_rate): 40
------------------------------
第1轮, 训练损失: 42.8226, 验证集RMSE: 42.0363, 验证集S分数: 1155796.5, 测试集RMSE: 43.1597, 测试集S分数: 81522.6, 学习率: 0.00200000
第2轮, 训练损失: 40.6916, 验证集RMSE: 40.7199, 验证集S分数: 411145.1, 测试集RMSE: 40.3893, 测试集S分数: 30921.3, 学习率: 0.00200000
第3轮, 训练损失: 40.0000, 验证集RMSE: 40.4111, 验证集S分数: 1060892.6, 测试集RMSE: 41.0861, 测试集S分数: 81754.2, 学习率: 0.00200000
第4轮, 训练损失: 39.6463, 验证集RMSE: 40.1943, 验证集S分数: 478938.9, 测试集RMSE: 39.5354, 测试集S分数: 36413.5, 学习率: 0.00200000
第5轮, 训练损失: 39.4296, 验证集RMSE: 39.6835, 验证集S分数: 863589.9, 测试集RMSE: 40.2580, 测试集S分数: 70631.3, 学习率: 0.00200000
第6轮, 训练损失: 38.9859, 验证集RMSE: 39.4675, 验证集S分数: 457929.4, 测试集RMSE: 39.1767, 测试集S分数: 36971.1, 学习率: 0.00200000
第7轮, 训练损失: 38.7015, 验证集RMSE: 38.8275, 验证集S分数: 619571.8, 测试集RMSE: 38.7093, 测试集S分数: 54724.3, 学习率: 0.00200000
第8轮, 训练损失: 38.3631, 验证集RMSE: 39.4884, 验证集S分数: 677105.8, 测试集RMSE: 38.8970, 测试集S分数: 57719.5, 学习率: 0.00200000
第9轮, 训练损失: 38.0332, 验证集RMSE: 39.7637, 验证集S分数: 1433402.2, 测试集RMSE: 40.1111, 测试集S分数: 117552.5, 学习率: 0.00200000
第10轮, 训练损失: 37.8437, 验证集RMSE: 39.4996, 验证集S分数: 631967.2, 测试集RMSE: 38.4836, 测试集S分数: 56060.5, 学习率: 0.00200000
第11轮, 训练损失: 36.9682, 验证集RMSE: 38.6695, 验证集S分数: 754408.7, 测试集RMSE: 37.2449, 测试集S分数: 58999.3, 学习率: 0.00020000
第12轮, 训练损失: 36.7809, 验证集RMSE: 38.4996, 验证集S分数: 709324.0, 测试集RMSE: 36.7497, 测试集S分数: 54162.4, 学习率: 0.00020000
第13轮, 训练损失: 36.6820, 验证集RMSE: 38.2190, 验证集S分数: 788771.0, 测试集RMSE: 36.7782, 测试集S分数: 62802.9, 学习率: 0.00020000
第14轮, 训练损失: 36.6318, 验证集RMSE: 38.0139, 验证集S分数: 658294.9, 测试集RMSE: 36.3781, 测试集S分数: 51101.5, 学习率: 0.00020000
第15轮, 训练损失: 36.5602, 验证集RMSE: 37.9693, 验证集S分数: 689193.0, 测试集RMSE: 36.5735, 测试集S分数: 59455.7, 学习率: 0.00020000
第16轮, 训练损失: 36.5051, 验证集RMSE: 37.9445, 验证集S分数: 581138.5, 测试集RMSE: 36.0671, 测试集S分数: 46620.2, 学习率: 0.00020000
第17轮, 训练损失: 36.4706, 验证集RMSE: 38.1326, 验证集S分数: 778375.2, 测试集RMSE: 36.4231, 测试集S分数: 60299.1, 学习率: 0.00020000
第18轮, 训练损失: 36.4040, 验证集RMSE: 38.0925, 验证集S分数: 721860.4, 测试集RMSE: 36.3048, 测试集S分数: 59977.7, 学习率: 0.00020000
第19轮, 训练损失: 36.4078, 验证集RMSE: 37.6705, 验证集S分数: 719376.0, 测试集RMSE: 36.0479, 测试集S分数: 57195.1, 学习率: 0.00020000
第20轮, 训练损失: 36.3266, 验证集RMSE: 37.7937, 验证集S分数: 681231.6, 测试集RMSE: 36.0034, 测试集S分数: 55217.0, 学习率: 0.00020000
第21轮, 训练损失: 36.2665, 验证集RMSE: 37.5385, 验证集S分数: 678717.4, 测试集RMSE: 35.9707, 测试集S分数: 55289.1, 学习率: 0.00002000
第22轮, 训练损失: 36.2024, 验证集RMSE: 37.7029, 验证集S分数: 656632.3, 测试集RMSE: 35.8789, 测试集S分数: 53083.3, 学习率: 0.00002000
第23轮, 训练损失: 36.2443, 验证集RMSE: 37.7448, 验证集S分数: 670059.6, 测试集RMSE: 35.9337, 测试集S分数: 54678.7, 学习率: 0.00002000
第24轮, 训练损失: 36.2098, 验证集RMSE: 37.6896, 验证集S分数: 655939.1, 测试集RMSE: 35.9409, 测试集S分数: 54283.5, 学习率: 0.00002000
第25轮, 训练损失: 36.1886, 验证集RMSE: 37.4606, 验证集S分数: 678418.2, 测试集RMSE: 35.9305, 测试集S分数: 54916.6, 学习率: 0.00002000
第26轮, 训练损失: 36.1913, 验证集RMSE: 37.6042, 验证集S分数: 659665.8, 测试集RMSE: 35.9226, 测试集S分数: 54231.5, 学习率: 0.00002000
第27轮, 训练损失: 36.1498, 验证集RMSE: 37.5767, 验证集S分数: 647528.7, 测试集RMSE: 35.8087, 测试集S分数: 52074.9, 学习率: 0.00002000
第28轮, 训练损失: 36.1684, 验证集RMSE: 37.7942, 验证集S分数: 714701.2, 测试集RMSE: 35.9531, 测试集S分数: 57304.0, 学习率: 0.00002000
第29轮, 训练损失: 36.1646, 验证集RMSE: 37.4419, 验证集S分数: 643892.6, 测试集RMSE: 35.7992, 测试集S分数: 52604.9, 学习率: 0.00002000
第30轮, 训练损失: 36.1690, 验证集RMSE: 37.7029, 验证集S分数: 675550.0, 测试集RMSE: 35.8310, 测试集S分数: 54483.4, 学习率: 0.00002000
[训练总结] 已恢复第29轮的最佳模型, 验证集RMSE: 37.4419, 验证集S分数: 643892.6, 测试集RMSE: 35.7992, 测试集S分数: 52604.9
[训练耗时] 开始: 2026-04-18 22:58:08, 结束: 2026-04-18 23:02:33, 时长: 0:04:25, 总秒数: 265.28
[自动测试] 命令: /usr/bin/python /CMAPSS-release/scipt/test_model.py --sub-dataset FD002 --smooth-rate 40 --sequence-len 30 --feature-num 14 --dataset-root /CMAPSS-release/CMAPSSData/ --max-rul 125 --batch-size 128 --model-path /CMAPSS-release/logs_GAT_LSTM/model_FD002_0418_225808_seed2.pkl
模型路径:/CMAPSS-release/logs_GAT_LSTM/model_FD002_0418_225808_seed2.pkl
最终RMSE:35.763484954833984, 评分:50147.046875
