-----FD004-----
模型: GAT_LSTM_AEFAOF_model(AEF与AOF均开启)
序列长度: 30
特征维度: 14
批大小: 128
最大训练轮数: 30
随机种子: 2
学习率: 0.002
学习率调度器: step
Step步长(step_size): 10
Step衰减系数(gamma): 0.1
是否启用AEF: 是
是否启用AOF: 是
GAT隐藏层维度: [8, 8]
LSTM隐藏层维度: [8, 8]
GAT Dropout系数: 0.1
GAT LeakyReLU系数(alpha): 0.1
图构建模式: path
节点嵌入维度(embed_dim): 8
Topk邻居数: 7
AOF注意力隐藏维度: 4
AEF注意力隐藏维度: 28
AEF/AOF融合方式: concat
是否启用指数平滑: True
平滑系数(smooth_rate): 40
------------------------------
第1轮, 训练损失: 42.5969, 验证集RMSE: 40.9962, 验证集S分数: 1413093.6, 测试集RMSE: 43.7400, 测试集S分数: 109110.6, 学习率: 0.00200000
第2轮, 训练损失: 40.5373, 验证集RMSE: 40.7143, 验证集S分数: 1768019.1, 测试集RMSE: 44.2398, 测试集S分数: 146485.0, 学习率: 0.00200000
第3轮, 训练损失: 39.7266, 验证集RMSE: 40.1152, 验证集S分数: 1758813.2, 测试集RMSE: 43.8014, 测试集S分数: 163892.0, 学习率: 0.00200000
第4轮, 训练损失: 38.8260, 验证集RMSE: 39.2987, 验证集S分数: 1541602.9, 测试集RMSE: 43.8643, 测试集S分数: 200557.5, 学习率: 0.00200000
第5轮, 训练损失: 38.5816, 验证集RMSE: 39.1876, 验证集S分数: 1613866.8, 测试集RMSE: 43.8922, 测试集S分数: 197930.1, 学习率: 0.00200000
第6轮, 训练损失: 38.3038, 验证集RMSE: 38.6770, 验证集S分数: 1317691.9, 测试集RMSE: 42.9556, 测试集S分数: 146619.9, 学习率: 0.00200000
第7轮, 训练损失: 38.0498, 验证集RMSE: 38.7274, 验证集S分数: 1665811.9, 测试集RMSE: 43.9247, 测试集S分数: 208795.1, 学习率: 0.00200000
第8轮, 训练损失: 37.8755, 验证集RMSE: 38.6019, 验证集S分数: 1231458.0, 测试集RMSE: 42.1336, 测试集S分数: 109711.0, 学习率: 0.00200000
第9轮, 训练损失: 37.8056, 验证集RMSE: 40.5930, 验证集S分数: 3593589.5, 测试集RMSE: 48.0630, 测试集S分数: 569135.9, 学习率: 0.00200000
第10轮, 训练损失: 37.6979, 验证集RMSE: 37.9262, 验证集S分数: 849863.4, 测试集RMSE: 41.7198, 测试集S分数: 90409.6, 学习率: 0.00200000
第11轮, 训练损失: 36.9694, 验证集RMSE: 37.5471, 验证集S分数: 1292704.2, 测试集RMSE: 42.6407, 测试集S分数: 153193.5, 学习率: 0.00020000
第12轮, 训练损失: 36.9664, 验证集RMSE: 37.7480, 验证集S分数: 1562319.5, 测试集RMSE: 42.9578, 测试集S分数: 170492.3, 学习率: 0.00020000
第13轮, 训练损失: 36.8968, 验证集RMSE: 37.6191, 验证集S分数: 1381822.0, 测试集RMSE: 42.6651, 测试集S分数: 156163.3, 学习率: 0.00020000
第14轮, 训练损失: 36.8391, 验证集RMSE: 37.6316, 验证集S分数: 1441929.4, 测试集RMSE: 42.7884, 测试集S分数: 164441.0, 学习率: 0.00020000
第15轮, 训练损失: 36.8445, 验证集RMSE: 37.6002, 验证集S分数: 1321096.4, 测试集RMSE: 42.5283, 测试集S分数: 148121.2, 学习率: 0.00020000
第16轮, 训练损失: 36.8165, 验证集RMSE: 37.6706, 验证集S分数: 1242240.0, 测试集RMSE: 42.3301, 测试集S分数: 138810.0, 学习率: 0.00020000
第17轮, 训练损失: 36.7934, 验证集RMSE: 37.4352, 验证集S分数: 1397318.8, 测试集RMSE: 42.8499, 测试集S分数: 167086.9, 学习率: 0.00020000
第18轮, 训练损失: 36.7718, 验证集RMSE: 37.5453, 验证集S分数: 1561069.9, 测试集RMSE: 42.8624, 测试集S分数: 179461.4, 学习率: 0.00020000
第19轮, 训练损失: 36.7316, 验证集RMSE: 37.3378, 验证集S分数: 1495973.4, 测试集RMSE: 42.7531, 测试集S分数: 169984.5, 学习率: 0.00020000
第20轮, 训练损失: 36.7108, 验证集RMSE: 37.7765, 验证集S分数: 1821189.1, 测试集RMSE: 43.1868, 测试集S分数: 205828.5, 学习率: 0.00020000
第21轮, 训练损失: 36.6331, 验证集RMSE: 37.5283, 验证集S分数: 1606982.5, 测试集RMSE: 42.8016, 测试集S分数: 179443.4, 学习率: 0.00002000
第22轮, 训练损失: 36.6535, 验证集RMSE: 37.3769, 验证集S分数: 1561687.6, 测试集RMSE: 42.7011, 测试集S分数: 172722.5, 学习率: 0.00002000
第23轮, 训练损失: 36.6205, 验证集RMSE: 37.5878, 验证集S分数: 1595326.4, 测试集RMSE: 42.7373, 测试集S分数: 176042.9, 学习率: 0.00002000
第24轮, 训练损失: 36.6162, 验证集RMSE: 37.6867, 验证集S分数: 1610952.5, 测试集RMSE: 42.7881, 测试集S分数: 182114.2, 学习率: 0.00002000
第25轮, 训练损失: 36.6174, 验证集RMSE: 37.3905, 验证集S分数: 1546362.2, 测试集RMSE: 42.6712, 测试集S分数: 171517.5, 学习率: 0.00002000
第26轮, 训练损失: 36.6004, 验证集RMSE: 37.6044, 验证集S分数: 1620193.9, 测试集RMSE: 42.8125, 测试集S分数: 183269.6, 学习率: 0.00002000
第27轮, 训练损失: 36.5980, 验证集RMSE: 37.5942, 验证集S分数: 1546189.9, 测试集RMSE: 42.6375, 测试集S分数: 169821.0, 学习率: 0.00002000
第28轮, 训练损失: 36.5989, 验证集RMSE: 37.7671, 验证集S分数: 1615813.6, 测试集RMSE: 42.7873, 测试集S分数: 181848.2, 学习率: 0.00002000
第29轮, 训练损失: 36.6011, 验证集RMSE: 37.3933, 验证集S分数: 1542239.6, 测试集RMSE: 42.6150, 测试集S分数: 168347.5, 学习率: 0.00002000
第30轮, 训练损失: 36.5922, 验证集RMSE: 37.7070, 验证集S分数: 1597030.5, 测试集RMSE: 42.7510, 测试集S分数: 179319.9, 学习率: 0.00002000
[训练总结] 已恢复第19轮的最佳模型, 验证集RMSE: 37.3378, 验证集S分数: 1495973.4, 测试集RMSE: 42.7531, 测试集S分数: 169984.5
[训练耗时] 开始: 2026-04-18 22:23:25, 结束: 2026-04-18 22:28:37, 时长: 0:05:13, 总秒数: 312.60
[自动测试] 命令: /usr/bin/python /CMAPSS-release/scipt/test_model.py --sub-dataset FD004 --smooth-rate 40 --sequence-len 30 --feature-num 14 --dataset-root /CMAPSS-release/CMAPSSData/ --max-rul 125 --batch-size 128 --model-path /CMAPSS-release/logs_GAT_LSTM/model_FD004_0418_222325_seed2.pkl
模型路径:/CMAPSS-release/logs_GAT_LSTM/model_FD004_0418_222325_seed2.pkl
最终RMSE:42.61568832397461, 评分:160744.53125
