-----FD001-----
模型: GAT_LSTM_model(AEF与AOF均关闭)
序列长度: 30
特征维度: 14
批大小: 128
最大训练轮数: 30
随机种子: 2
学习率: 0.002
学习率调度器: step
Step步长(step_size): 10
Step衰减系数(gamma): 0.1
是否启用AEF: 否
是否启用AOF: 否
GAT隐藏层维度: [64, 64]
LSTM隐藏层维度: [64, 32]
GAT Dropout系数: 0.1
GAT LeakyReLU系数(alpha): 0.1
图构建模式: path
节点嵌入维度(embed_dim): 8
Topk邻居数: 7
是否启用指数平滑: True
平滑系数(smooth_rate): 30
------------------------------
第1轮, 训练损失: 50.2514, 验证集RMSE: 44.5495, 验证集S分数: 11071996.0, 测试集RMSE: 47.8489, 测试集S分数: 529894.6, 学习率: 0.00200000
第2轮, 训练损失: 29.3859, 验证集RMSE: 29.8205, 验证集S分数: 668011.7, 测试集RMSE: 32.1408, 测试集S分数: 40490.1, 学习率: 0.00200000
第3轮, 训练损失: 20.0150, 验证集RMSE: 18.6999, 验证集S分数: 20496.3, 测试集RMSE: 18.9532, 测试集S分数: 1358.0, 学习率: 0.00200000
第4轮, 训练损失: 19.8143, 验证集RMSE: 18.9688, 验证集S分数: 31111.9, 测试集RMSE: 19.7346, 测试集S分数: 1635.9, 学习率: 0.00200000
第5轮, 训练损失: 19.1584, 验证集RMSE: 16.4371, 验证集S分数: 10074.9, 测试集RMSE: 16.6033, 测试集S分数: 588.9, 学习率: 0.00200000
第6轮, 训练损失: 19.3036, 验证集RMSE: 22.5784, 验证集S分数: 72506.4, 测试集RMSE: 22.7782, 测试集S分数: 2541.6, 学习率: 0.00200000
第7轮, 训练损失: 18.4250, 验证集RMSE: 18.3356, 验证集S分数: 9161.9, 测试集RMSE: 17.4469, 测试集S分数: 554.6, 学习率: 0.00200000
第8轮, 训练损失: 18.2049, 验证集RMSE: 16.8554, 验证集S分数: 8543.8, 测试集RMSE: 17.0339, 测试集S分数: 614.4, 学习率: 0.00200000
第9轮, 训练损失: 18.1505, 验证集RMSE: 18.0884, 验证集S分数: 10075.4, 测试集RMSE: 18.8379, 测试集S分数: 771.4, 学习率: 0.00200000
第10轮, 训练损失: 17.8198, 验证集RMSE: 19.3185, 验证集S分数: 31049.4, 测试集RMSE: 19.6814, 测试集S分数: 1759.0, 学习率: 0.00200000
第11轮, 训练损失: 15.8034, 验证集RMSE: 16.2674, 验证集S分数: 12079.5, 测试集RMSE: 17.1472, 测试集S分数: 967.6, 学习率: 0.00020000
第12轮, 训练损失: 15.6722, 验证集RMSE: 16.0473, 验证集S分数: 9330.3, 测试集RMSE: 16.6886, 测试集S分数: 838.9, 学习率: 0.00020000
第13轮, 训练损失: 15.6719, 验证集RMSE: 16.2798, 验证集S分数: 11481.1, 测试集RMSE: 16.8975, 测试集S分数: 865.1, 学习率: 0.00020000
第14轮, 训练损失: 15.5365, 验证集RMSE: 15.4636, 验证集S分数: 9066.6, 测试集RMSE: 16.1057, 测试集S分数: 737.7, 学习率: 0.00020000
第15轮, 训练损失: 15.5251, 验证集RMSE: 15.7797, 验证集S分数: 8867.7, 测试集RMSE: 15.7792, 测试集S分数: 683.9, 学习率: 0.00020000
第16轮, 训练损失: 15.4717, 验证集RMSE: 16.3576, 验证集S分数: 11294.9, 测试集RMSE: 16.6739, 测试集S分数: 864.0, 学习率: 0.00020000
第17轮, 训练损失: 15.4683, 验证集RMSE: 15.9406, 验证集S分数: 9946.4, 测试集RMSE: 16.4112, 测试集S分数: 826.3, 学习率: 0.00020000
第18轮, 训练损失: 15.4633, 验证集RMSE: 16.3778, 验证集S分数: 12087.2, 测试集RMSE: 17.1327, 测试集S分数: 1009.8, 学习率: 0.00020000
第19轮, 训练损失: 15.5157, 验证集RMSE: 15.7086, 验证集S分数: 9722.5, 测试集RMSE: 16.4566, 测试集S分数: 858.8, 学习率: 0.00020000
第20轮, 训练损失: 15.3501, 验证集RMSE: 15.6798, 验证集S分数: 10790.0, 测试集RMSE: 16.7635, 测试集S分数: 927.1, 学习率: 0.00020000
第21轮, 训练损失: 15.2474, 验证集RMSE: 15.2293, 验证集S分数: 9151.3, 测试集RMSE: 16.1230, 测试集S分数: 796.5, 学习率: 0.00002000
第22轮, 训练损失: 15.2511, 验证集RMSE: 15.5391, 验证集S分数: 9261.6, 测试集RMSE: 16.2113, 测试集S分数: 806.2, 学习率: 0.00002000
第23轮, 训练损失: 15.2361, 验证集RMSE: 15.3270, 验证集S分数: 8517.7, 测试集RMSE: 15.9219, 测试集S分数: 741.5, 学习率: 0.00002000
第24轮, 训练损失: 15.2642, 验证集RMSE: 15.4290, 验证集S分数: 9506.7, 测试集RMSE: 16.3222, 测试集S分数: 823.0, 学习率: 0.00002000
第25轮, 训练损失: 15.2966, 验证集RMSE: 15.5679, 验证集S分数: 8891.4, 测试集RMSE: 16.1005, 测试集S分数: 770.5, 学习率: 0.00002000
第26轮, 训练损失: 15.2544, 验证集RMSE: 15.2188, 验证集S分数: 9496.7, 测试集RMSE: 16.3399, 测试集S分数: 825.6, 学习率: 0.00002000
第27轮, 训练损失: 15.2564, 验证集RMSE: 15.6572, 验证集S分数: 9203.6, 测试集RMSE: 16.2458, 测试集S分数: 819.3, 学习率: 0.00002000
第28轮, 训练损失: 15.2346, 验证集RMSE: 15.7009, 验证集S分数: 8664.0, 测试集RMSE: 16.0157, 测试集S分数: 765.7, 学习率: 0.00002000
第29轮, 训练损失: 15.2238, 验证集RMSE: 15.4763, 验证集S分数: 9350.1, 测试集RMSE: 16.2841, 测试集S分数: 819.5, 学习率: 0.00002000
第30轮, 训练损失: 15.2472, 验证集RMSE: 15.4480, 验证集S分数: 9178.1, 测试集RMSE: 16.1881, 测试集S分数: 788.7, 学习率: 0.00002000
[训练总结] 已恢复第26轮的最佳模型, 验证集RMSE: 15.2188, 验证集S分数: 9496.7, 测试集RMSE: 16.3399, 测试集S分数: 825.6
[训练耗时] 开始: 2026-04-18 22:00:30, 结束: 2026-04-18 22:02:06, 时长: 0:01:36, 总秒数: 96.11
[自动测试] 命令: /usr/bin/python /CMAPSS-release/scipt/test_model.py --sub-dataset FD001 --smooth-rate 30 --sequence-len 30 --feature-num 14 --dataset-root /CMAPSS-release/CMAPSSData/ --max-rul 125 --batch-size 128 --model-path /CMAPSS-release/logs_GAT_LSTM/model_FD001_0418_220030_seed2.pkl
模型路径:/CMAPSS-release/logs_GAT_LSTM/model_FD001_0418_220030_seed2.pkl
最终RMSE:16.191665649414062, 评分:784.2367553710938
