-----FD004-----
模型: GAT_LSTM_model(AEF与AOF均关闭)
序列长度: 30
特征维度: 14
批大小: 128
最大训练轮数: 30
随机种子: 2
学习率: 0.002
学习率调度器: step
Step步长(step_size): 10
Step衰减系数(gamma): 0.1
是否启用AEF: 否
是否启用AOF: 否
GAT隐藏层维度: [64, 64]
LSTM隐藏层维度: [64, 32]
GAT Dropout系数: 0.1
GAT LeakyReLU系数(alpha): 0.1
图构建模式: path
节点嵌入维度(embed_dim): 8
Topk邻居数: 7
是否启用指数平滑: True
平滑系数(smooth_rate): 40
------------------------------
第1轮, 训练损失: 45.8973, 验证集RMSE: 42.7807, 验证集S分数: 953623.0, 测试集RMSE: 42.4814, 测试集S分数: 53503.9, 学习率: 0.00200000
第2轮, 训练损失: 41.3247, 验证集RMSE: 43.0864, 验证集S分数: 1023163.4, 测试集RMSE: 42.0658, 测试集S分数: 56105.8, 学习率: 0.00200000
第3轮, 训练损失: 40.8080, 验证集RMSE: 41.8520, 验证集S分数: 2805597.8, 测试集RMSE: 45.3073, 测试集S分数: 223129.5, 学习率: 0.00200000
第4轮, 训练损失: 40.2713, 验证集RMSE: 40.8042, 验证集S分数: 2020426.6, 测试集RMSE: 44.4419, 测试集S分数: 157500.7, 学习率: 0.00200000
第5轮, 训练损失: 39.7114, 验证集RMSE: 39.6131, 验证集S分数: 1748239.8, 测试集RMSE: 42.7406, 测试集S分数: 130389.9, 学习率: 0.00200000
第6轮, 训练损失: 39.4910, 验证集RMSE: 40.1075, 验证集S分数: 1392861.8, 测试集RMSE: 41.3022, 测试集S分数: 99855.7, 学习率: 0.00200000
第7轮, 训练损失: 38.2823, 验证集RMSE: 39.5892, 验证集S分数: 738685.5, 测试集RMSE: 39.6077, 测试集S分数: 37773.3, 学习率: 0.00200000
第8轮, 训练损失: 37.3291, 验证集RMSE: 38.8617, 验证集S分数: 1233068.2, 测试集RMSE: 39.5676, 测试集S分数: 67973.6, 学习率: 0.00200000
第9轮, 训练损失: 36.6860, 验证集RMSE: 36.9041, 验证集S分数: 1515781.0, 测试集RMSE: 38.9322, 测试集S分数: 74795.2, 学习率: 0.00200000
第10轮, 训练损失: 35.9287, 验证集RMSE: 36.1717, 验证集S分数: 2106119.0, 测试集RMSE: 39.7093, 测试集S分数: 127929.3, 学习率: 0.00200000
第11轮, 训练损失: 34.0336, 验证集RMSE: 36.1189, 验证集S分数: 1799785.4, 测试集RMSE: 38.5022, 测试集S分数: 83956.8, 学习率: 0.00020000
第12轮, 训练损失: 33.7446, 验证集RMSE: 35.8289, 验证集S分数: 1776055.4, 测试集RMSE: 38.5638, 测试集S分数: 93151.3, 学习率: 0.00020000
第13轮, 训练损失: 33.4985, 验证集RMSE: 35.6444, 验证集S分数: 1273056.9, 测试集RMSE: 37.7502, 测试集S分数: 73412.3, 学习率: 0.00020000
第14轮, 训练损失: 33.2155, 验证集RMSE: 35.2210, 验证集S分数: 1233649.8, 测试集RMSE: 37.8042, 测试集S分数: 74416.6, 学习率: 0.00020000
第15轮, 训练损失: 32.9363, 验证集RMSE: 35.8931, 验证集S分数: 1725671.1, 测试集RMSE: 38.3395, 测试集S分数: 102253.1, 学习率: 0.00020000
第16轮, 训练损失: 32.7342, 验证集RMSE: 35.5615, 验证集S分数: 1622046.5, 测试集RMSE: 38.0990, 测试集S分数: 101099.3, 学习率: 0.00020000
第17轮, 训练损失: 32.4764, 验证集RMSE: 35.0688, 验证集S分数: 1515467.0, 测试集RMSE: 37.9693, 测试集S分数: 100587.6, 学习率: 0.00020000
第18轮, 训练损失: 32.4296, 验证集RMSE: 36.0145, 验证集S分数: 1448318.6, 测试集RMSE: 37.3554, 测试集S分数: 71504.0, 学习率: 0.00020000
第19轮, 训练损失: 32.3162, 验证集RMSE: 35.5552, 验证集S分数: 1595575.6, 测试集RMSE: 37.7753, 测试集S分数: 99512.3, 学习率: 0.00020000
第20轮, 训练损失: 32.1746, 验证集RMSE: 35.9716, 验证集S分数: 2423458.5, 测试集RMSE: 39.8401, 测试集S分数: 177653.8, 学习率: 0.00020000
第21轮, 训练损失: 31.8692, 验证集RMSE: 35.5225, 验证集S分数: 1524404.2, 测试集RMSE: 37.6736, 测试集S分数: 97925.5, 学习率: 0.00002000
第22轮, 训练损失: 31.8745, 验证集RMSE: 35.2793, 验证集S分数: 1587362.1, 测试集RMSE: 37.8538, 测试集S分数: 105733.2, 学习率: 0.00002000
第23轮, 训练损失: 31.8523, 验证集RMSE: 35.5220, 验证集S分数: 1574567.4, 测试集RMSE: 37.8323, 测试集S分数: 105245.8, 学习率: 0.00002000
第24轮, 训练损失: 31.8307, 验证集RMSE: 35.6594, 验证集S分数: 1480254.4, 测试集RMSE: 37.4900, 测试集S分数: 92637.8, 学习率: 0.00002000
第25轮, 训练损失: 31.8072, 验证集RMSE: 35.1413, 验证集S分数: 1630377.9, 测试集RMSE: 37.9953, 测试集S分数: 110233.8, 学习率: 0.00002000
第26轮, 训练损失: 31.7881, 验证集RMSE: 35.2989, 验证集S分数: 1468588.2, 测试集RMSE: 37.7014, 测试集S分数: 96292.7, 学习率: 0.00002000
第27轮, 训练损失: 31.7640, 验证集RMSE: 35.7307, 验证集S分数: 1471888.9, 测试集RMSE: 37.6149, 测试集S分数: 94695.6, 学习率: 0.00002000
第28轮, 训练损失: 31.7585, 验证集RMSE: 35.3211, 验证集S分数: 1545808.5, 测试集RMSE: 37.8592, 测试集S分数: 103458.4, 学习率: 0.00002000
第29轮, 训练损失: 31.7690, 验证集RMSE: 35.6017, 验证集S分数: 1522599.8, 测试集RMSE: 37.9110, 测试集S分数: 102539.6, 学习率: 0.00002000
第30轮, 训练损失: 31.7518, 验证集RMSE: 35.1944, 验证集S分数: 1457324.0, 测试集RMSE: 37.5319, 测试集S分数: 95229.4, 学习率: 0.00002000
[训练总结] 已恢复第17轮的最佳模型, 验证集RMSE: 35.0688, 验证集S分数: 1515467.0, 测试集RMSE: 37.9693, 测试集S分数: 100587.6
[训练耗时] 开始: 2026-04-18 22:08:56, 结束: 2026-04-18 22:13:28, 时长: 0:04:32, 总秒数: 271.83
[自动测试] 命令: /usr/bin/python /CMAPSS-release/scipt/test_model.py --sub-dataset FD004 --smooth-rate 40 --sequence-len 30 --feature-num 14 --dataset-root /CMAPSS-release/CMAPSSData/ --max-rul 125 --batch-size 128 --model-path /CMAPSS-release/logs_GAT_LSTM/model_FD004_0418_220856_seed2.pkl
模型路径:/CMAPSS-release/logs_GAT_LSTM/model_FD004_0418_220856_seed2.pkl
最终RMSE:37.86441421508789, 评分:95147.2890625
