-----FD003-----
模型: GAT_LSTM_AEFAOF_model(AEF与AOF均开启)
序列长度: 30
特征维度: 14
批大小: 128
最大训练轮数: 30
随机种子: 2
学习率: 0.002
学习率调度器: step
Step步长(step_size): 10
Step衰减系数(gamma): 0.1
是否启用AEF: 是
是否启用AOF: 是
GAT隐藏层维度: [8, 8]
LSTM隐藏层维度: [8, 8]
GAT Dropout系数: 0.1
GAT LeakyReLU系数(alpha): 0.1
图构建模式: path
节点嵌入维度(embed_dim): 8
Topk邻居数: 7
AOF注意力隐藏维度: 4
AEF注意力隐藏维度: 28
AEF/AOF融合方式: concat
是否启用指数平滑: True
平滑系数(smooth_rate): 30
------------------------------
第1轮, 训练损失: 39.4320, 验证集RMSE: 28.8170, 验证集S分数: 527813.7, 测试集RMSE: 32.6897, 测试集S分数: 25641.2, 学习率: 0.00200000
第2轮, 训练损失: 33.9664, 验证集RMSE: 30.3171, 验证集S分数: 147841.5, 测试集RMSE: 29.8365, 测试集S分数: 10968.6, 学习率: 0.00200000
第3轮, 训练损失: 29.8242, 验证集RMSE: 25.6910, 验证集S分数: 78775.3, 测试集RMSE: 27.7472, 测试集S分数: 11559.9, 学习率: 0.00200000
第4轮, 训练损失: 23.7405, 验证集RMSE: 23.4067, 验证集S分数: 59180.7, 测试集RMSE: 22.1849, 测试集S分数: 2276.4, 学习率: 0.00200000
第5轮, 训练损失: 18.8979, 验证集RMSE: 15.4098, 验证集S分数: 17124.9, 测试集RMSE: 19.0479, 测试集S分数: 2018.8, 学习率: 0.00200000
第6轮, 训练损失: 16.6506, 验证集RMSE: 14.6560, 验证集S分数: 23661.3, 测试集RMSE: 19.0678, 测试集S分数: 3091.1, 学习率: 0.00200000
第7轮, 训练损失: 15.8692, 验证集RMSE: 14.8620, 验证集S分数: 22098.7, 测试集RMSE: 18.6897, 测试集S分数: 3114.7, 学习率: 0.00200000
第8轮, 训练损失: 15.2869, 验证集RMSE: 13.2686, 验证集S分数: 24321.6, 测试集RMSE: 18.3646, 测试集S分数: 2173.3, 学习率: 0.00200000
第9轮, 训练损失: 14.5464, 验证集RMSE: 15.6504, 验证集S分数: 17447.1, 测试集RMSE: 16.4000, 测试集S分数: 1405.2, 学习率: 0.00200000
第10轮, 训练损失: 14.1152, 验证集RMSE: 12.1448, 验证集S分数: 18325.8, 测试集RMSE: 17.1345, 测试集S分数: 1577.3, 学习率: 0.00200000
第11轮, 训练损失: 13.1529, 验证集RMSE: 12.2584, 验证集S分数: 18695.3, 测试集RMSE: 16.0467, 测试集S分数: 1362.4, 学习率: 0.00020000
第12轮, 训练损失: 13.0783, 验证集RMSE: 12.7047, 验证集S分数: 17981.9, 测试集RMSE: 15.5501, 测试集S分数: 1228.6, 学习率: 0.00020000
第13轮, 训练损失: 13.0003, 验证集RMSE: 12.3814, 验证集S分数: 18506.7, 测试集RMSE: 15.7525, 测试集S分数: 1274.4, 学习率: 0.00020000
第14轮, 训练损失: 12.9204, 验证集RMSE: 12.6624, 验证集S分数: 19601.0, 测试集RMSE: 15.6512, 测试集S分数: 1315.2, 学习率: 0.00020000
第15轮, 训练损失: 12.8820, 验证集RMSE: 12.4787, 验证集S分数: 18861.6, 测试集RMSE: 15.5045, 测试集S分数: 1259.8, 学习率: 0.00020000
第16轮, 训练损失: 12.8835, 验证集RMSE: 12.3718, 验证集S分数: 17803.6, 测试集RMSE: 15.4564, 测试集S分数: 1214.3, 学习率: 0.00020000
第17轮, 训练损失: 12.8647, 验证集RMSE: 12.5447, 验证集S分数: 17544.6, 测试集RMSE: 15.5025, 测试集S分数: 1211.4, 学习率: 0.00020000
第18轮, 训练损失: 12.8238, 验证集RMSE: 12.8357, 验证集S分数: 18616.7, 测试集RMSE: 15.5445, 测试集S分数: 1289.7, 学习率: 0.00020000
第19轮, 训练损失: 12.8207, 验证集RMSE: 12.5873, 验证集S分数: 17091.2, 测试集RMSE: 15.4477, 测试集S分数: 1200.8, 学习率: 0.00020000
第20轮, 训练损失: 12.7703, 验证集RMSE: 12.2790, 验证集S分数: 18226.9, 测试集RMSE: 15.6510, 测试集S分数: 1302.1, 学习率: 0.00020000
第21轮, 训练损失: 12.7009, 验证集RMSE: 12.4522, 验证集S分数: 18044.6, 测试集RMSE: 15.4462, 测试集S分数: 1248.4, 学习率: 0.00002000
第22轮, 训练损失: 12.7650, 验证集RMSE: 12.5548, 验证集S分数: 17892.2, 测试集RMSE: 15.3818, 测试集S分数: 1225.5, 学习率: 0.00002000
第23轮, 训练损失: 12.7404, 验证集RMSE: 12.3806, 验证集S分数: 18170.5, 测试集RMSE: 15.4329, 测试集S分数: 1242.9, 学习率: 0.00002000
第24轮, 训练损失: 12.7165, 验证集RMSE: 12.4680, 验证集S分数: 17725.5, 测试集RMSE: 15.3257, 测试集S分数: 1204.7, 学习率: 0.00002000
第25轮, 训练损失: 12.7144, 验证集RMSE: 12.4643, 验证集S分数: 17780.9, 测试集RMSE: 15.3714, 测试集S分数: 1213.8, 学习率: 0.00002000
第26轮, 训练损失: 12.7025, 验证集RMSE: 12.4063, 验证集S分数: 18037.4, 测试集RMSE: 15.3860, 测试集S分数: 1225.5, 学习率: 0.00002000
第27轮, 训练损失: 12.6994, 验证集RMSE: 12.4159, 验证集S分数: 18071.6, 测试集RMSE: 15.3638, 测试集S分数: 1218.6, 学习率: 0.00002000
第28轮, 训练损失: 12.7190, 验证集RMSE: 12.5125, 验证集S分数: 17958.2, 测试集RMSE: 15.3176, 测试集S分数: 1207.1, 学习率: 0.00002000
第29轮, 训练损失: 12.7365, 验证集RMSE: 12.3313, 验证集S分数: 17877.0, 测试集RMSE: 15.3767, 测试集S分数: 1212.4, 学习率: 0.00002000
第30轮, 训练损失: 12.7487, 验证集RMSE: 12.3972, 验证集S分数: 17714.3, 测试集RMSE: 15.3282, 测试集S分数: 1197.3, 学习率: 0.00002000
[训练总结] 已恢复第10轮的最佳模型, 验证集RMSE: 12.1448, 验证集S分数: 18325.8, 测试集RMSE: 17.1345, 测试集S分数: 1577.3
[训练耗时] 开始: 2026-04-18 23:22:59, 结束: 2026-04-18 23:25:07, 时长: 0:02:08, 总秒数: 128.34
[自动测试] 命令: /usr/bin/python /CMAPSS-release/scipt/test_model.py --sub-dataset FD003 --smooth-rate 30 --sequence-len 30 --feature-num 14 --dataset-root /CMAPSS-release/CMAPSSData/ --max-rul 125 --batch-size 128 --model-path /CMAPSS-release/logs_GAT_LSTM/model_FD003_0418_232259_seed2.pkl
模型路径:/CMAPSS-release/logs_GAT_LSTM/model_FD003_0418_232259_seed2.pkl
最终RMSE:16.862680435180664, 评分:1488.352294921875
