-----FD004-----
模型: GAT_LSTM_AEFAOF_model(AEF与AOF均开启)
序列长度: 30
特征维度: 14
批大小: 128
最大训练轮数: 30
随机种子: 2
学习率: 0.002
学习率调度器: step
Step步长(step_size): 10
Step衰减系数(gamma): 0.1
是否启用AEF: 是
是否启用AOF: 是
GAT隐藏层维度: [8, 8, 8]
LSTM隐藏层维度: [8, 8]
GAT Dropout系数: 0.1
GAT LeakyReLU系数(alpha): 0.1
图构建模式: dynamic_topk
节点嵌入维度(embed_dim): 8
Topk邻居数: 7
AOF注意力隐藏维度: 4
AEF注意力隐藏维度: 28
AEF/AOF融合方式: concat
是否启用指数平滑: True
平滑系数(smooth_rate): 40
------------------------------
第1轮, 训练损失: 41.8924, 验证集RMSE: 41.7024, 验证集S分数: 2287443.2, 测试集RMSE: 45.3306, 测试集S分数: 162564.1, 学习率: 0.00200000
第2轮, 训练损失: 40.8753, 验证集RMSE: 41.2416, 验证集S分数: 1324086.9, 测试集RMSE: 43.6804, 测试集S分数: 95534.3, 学习率: 0.00200000
第3轮, 训练损失: 40.6612, 验证集RMSE: 41.4842, 验证集S分数: 1751486.8, 测试集RMSE: 44.3276, 测试集S分数: 139219.9, 学习率: 0.00200000
第4轮, 训练损失: 40.0232, 验证集RMSE: 41.2365, 验证集S分数: 846384.6, 测试集RMSE: 42.0734, 测试集S分数: 67009.4, 学习率: 0.00200000
第5轮, 训练损失: 39.5214, 验证集RMSE: 40.5539, 验证集S分数: 1030920.2, 测试集RMSE: 42.1582, 测试集S分数: 88529.6, 学习率: 0.00200000
第6轮, 训练损失: 39.0518, 验证集RMSE: 40.5343, 验证集S分数: 2202985.0, 测试集RMSE: 44.4811, 测试集S分数: 200564.0, 学习率: 0.00200000
第7轮, 训练损失: 38.5987, 验证集RMSE: 39.9546, 验证集S分数: 703507.6, 测试集RMSE: 41.0949, 测试集S分数: 53091.0, 学习率: 0.00200000
第8轮, 训练损失: 38.2432, 验证集RMSE: 38.6007, 验证集S分数: 1203228.2, 测试集RMSE: 41.9128, 测试集S分数: 108701.2, 学习率: 0.00200000
第9轮, 训练损失: 38.0047, 验证集RMSE: 38.7685, 验证集S分数: 1050025.9, 测试集RMSE: 41.7032, 测试集S分数: 98280.2, 学习率: 0.00200000
第10轮, 训练损失: 37.7152, 验证集RMSE: 38.1056, 验证集S分数: 1761717.8, 测试集RMSE: 43.2050, 测试集S分数: 183544.5, 学习率: 0.00200000
第11轮, 训练损失: 37.0915, 验证集RMSE: 37.6099, 验证集S分数: 1404285.4, 测试集RMSE: 42.0622, 测试集S分数: 141342.1, 学习率: 0.00020000
第12轮, 训练损失: 37.0202, 验证集RMSE: 38.0670, 验证集S分数: 1509577.1, 测试集RMSE: 42.3242, 测试集S分数: 152096.2, 学习率: 0.00020000
第13轮, 训练损失: 36.9921, 验证集RMSE: 37.6547, 验证集S分数: 1507091.2, 测试集RMSE: 42.2010, 测试集S分数: 152764.2, 学习率: 0.00020000
第14轮, 训练损失: 36.9417, 验证集RMSE: 37.8398, 验证集S分数: 1335260.0, 测试集RMSE: 41.9331, 测试集S分数: 132433.6, 学习率: 0.00020000
第15轮, 训练损失: 36.8891, 验证集RMSE: 37.5441, 验证集S分数: 1429040.8, 测试集RMSE: 42.1673, 测试集S分数: 148386.7, 学习率: 0.00020000
第16轮, 训练损失: 36.8089, 验证集RMSE: 37.4372, 验证集S分数: 1311252.9, 测试集RMSE: 41.8451, 测试集S分数: 129922.1, 学习率: 0.00020000
第17轮, 训练损失: 36.7352, 验证集RMSE: 37.4114, 验证集S分数: 1602378.2, 测试集RMSE: 42.3065, 测试集S分数: 162024.6, 学习率: 0.00020000
第18轮, 训练损失: 36.6793, 验证集RMSE: 37.6337, 验证集S分数: 1559681.1, 测试集RMSE: 42.3513, 测试集S分数: 157785.4, 学习率: 0.00020000
第19轮, 训练损失: 36.6233, 验证集RMSE: 37.4106, 验证集S分数: 1411076.5, 测试集RMSE: 41.7589, 测试集S分数: 145308.2, 学习率: 0.00020000
第20轮, 训练损失: 36.5899, 验证集RMSE: 37.6648, 验证集S分数: 1645669.4, 测试集RMSE: 42.3264, 测试集S分数: 165618.0, 学习率: 0.00020000
第21轮, 训练损失: 36.5004, 验证集RMSE: 37.4814, 验证集S分数: 1513122.0, 测试集RMSE: 42.0059, 测试集S分数: 148472.8, 学习率: 0.00002000
第22轮, 训练损失: 36.4892, 验证集RMSE: 37.7390, 验证集S分数: 1509172.9, 测试集RMSE: 41.9521, 测试集S分数: 147775.0, 学习率: 0.00002000
第23轮, 训练损失: 36.4932, 验证集RMSE: 37.5615, 验证集S分数: 1567601.0, 测试集RMSE: 42.0503, 测试集S分数: 154324.8, 学习率: 0.00002000
第24轮, 训练损失: 36.4798, 验证集RMSE: 37.3852, 验证集S分数: 1545326.6, 测试集RMSE: 41.9949, 测试集S分数: 151321.9, 学习率: 0.00002000
第25轮, 训练损失: 36.4790, 验证集RMSE: 37.5176, 验证集S分数: 1587887.0, 测试集RMSE: 42.0611, 测试集S分数: 156234.9, 学习率: 0.00002000
第26轮, 训练损失: 36.4811, 验证集RMSE: 37.5887, 验证集S分数: 1517440.4, 测试集RMSE: 41.9153, 测试集S分数: 147159.9, 学习率: 0.00002000
第27轮, 训练损失: 36.4672, 验证集RMSE: 37.3884, 验证集S分数: 1495072.4, 测试集RMSE: 41.8334, 测试集S分数: 143054.2, 学习率: 0.00002000
第28轮, 训练损失: 36.4613, 验证集RMSE: 37.4175, 验证集S分数: 1595805.8, 测试集RMSE: 42.0455, 测试集S分数: 155853.6, 学习率: 0.00002000
第29轮, 训练损失: 36.4469, 验证集RMSE: 37.5321, 验证集S分数: 1587355.1, 测试集RMSE: 42.0126, 测试集S分数: 154835.3, 学习率: 0.00002000
第30轮, 训练损失: 36.4556, 验证集RMSE: 37.5630, 验证集S分数: 1539921.1, 测试集RMSE: 41.8857, 测试集S分数: 148000.8, 学习率: 0.00002000
[训练总结] 已恢复第24轮的最佳模型, 验证集RMSE: 37.3852, 验证集S分数: 1545326.6, 测试集RMSE: 41.9949, 测试集S分数: 151321.9
[训练耗时] 开始: 2026-04-19 00:00:31, 结束: 2026-04-19 00:06:24, 时长: 0:05:53, 总秒数: 352.93
[自动测试] 命令: /usr/bin/python /CMAPSS-release/scipt/test_model.py --sub-dataset FD004 --smooth-rate 40 --sequence-len 30 --feature-num 14 --dataset-root /CMAPSS-release/CMAPSSData/ --max-rul 125 --batch-size 128 --model-path /CMAPSS-release/logs_GAT_LSTM/model_FD004_0419_000031_seed2.pkl
模型路径:/CMAPSS-release/logs_GAT_LSTM/model_FD004_0419_000031_seed2.pkl
最终RMSE:41.87062454223633, 评分:144373.5625
