-----FD001-----
关键参数:
序列长度: 30
批大小(batch_size): 128
最大训练轮数(max_epochs): 30
随机数种子: 51
模型代号(model_code): A_g_dropout0.2_1
模型结构(model_structure): encoderdecoder
消融预设(ablation_preset): A - KNN graph + GAT-LSTM with encoder and decoder (AEF on)
学习率: 0.002
学习率调度器: step
Step步长(step_size): 10
Step衰减系数(gamma): 0.1
空间GAT: 开启
是否使用解码器LSTM: 是
是否使用AEF: 是
Decoder注意力隐层维度: 28
图构建模式(graph_mode): dynamic_knn
GAT层数(num_layers): 2
GAT邻居数(topk): 7
GAT嵌入维度: 8
GAT隐藏层维度: 8
------------------------------
Epoch: 1, Loss: 23.3133, Rmse_valid: 17.9232, valid_score: 10993.7, , rmse_test: 19.7784, score_test: 1323.9, Learning rate:0.00200000
Epoch: 2, Loss: 18.1462, Rmse_valid: 17.8177, valid_score: 8619.7, , rmse_test: 17.0656, score_test: 455.6, Learning rate:0.00200000
Epoch: 3, Loss: 16.1676, Rmse_valid: 16.4406, valid_score: 8256.3, , rmse_test: 15.6298, score_test: 444.0, Learning rate:0.00200000
Epoch: 4, Loss: 14.5855, Rmse_valid: 13.2572, valid_score: 5117.8, , rmse_test: 14.5398, score_test: 333.3, Learning rate:0.00200000
Epoch: 5, Loss: 13.5960, Rmse_valid: 15.1769, valid_score: 10619.8, , rmse_test: 17.0527, score_test: 631.0, Learning rate:0.00200000
Epoch: 6, Loss: 13.1742, Rmse_valid: 12.8120, valid_score: 4066.7, , rmse_test: 13.9682, score_test: 263.3, Learning rate:0.00200000
Epoch: 7, Loss: 12.6690, Rmse_valid: 17.2624, valid_score: 16254.6, , rmse_test: 19.5100, score_test: 984.1, Learning rate:0.00200000
Epoch: 8, Loss: 12.2655, Rmse_valid: 12.7986, valid_score: 5258.2, , rmse_test: 14.4368, score_test: 400.6, Learning rate:0.00200000
Epoch: 9, Loss: 12.1463, Rmse_valid: 12.2754, valid_score: 4078.3, , rmse_test: 13.2641, score_test: 243.4, Learning rate:0.00200000
Epoch: 10, Loss: 11.6012, Rmse_valid: 11.4423, valid_score: 4194.0, , rmse_test: 13.2261, score_test: 277.6, Learning rate:0.00200000
Epoch: 11, Loss: 10.4706, Rmse_valid: 11.5276, valid_score: 4693.7, , rmse_test: 13.3097, score_test: 301.8, Learning rate:0.00020000
Epoch: 12, Loss: 10.3584, Rmse_valid: 12.1239, valid_score: 5134.6, , rmse_test: 13.5360, score_test: 324.0, Learning rate:0.00020000
Epoch: 13, Loss: 10.2921, Rmse_valid: 11.4987, valid_score: 4550.1, , rmse_test: 13.2108, score_test: 289.6, Learning rate:0.00020000
Epoch: 14, Loss: 10.2659, Rmse_valid: 11.6715, valid_score: 4815.3, , rmse_test: 13.2648, score_test: 303.9, Learning rate:0.00020000
Epoch: 15, Loss: 10.1927, Rmse_valid: 11.9325, valid_score: 5225.8, , rmse_test: 13.5539, score_test: 338.5, Learning rate:0.00020000
Epoch: 16, Loss: 10.1527, Rmse_valid: 11.5444, valid_score: 4741.1, , rmse_test: 13.3066, score_test: 308.4, Learning rate:0.00020000
Epoch: 17, Loss: 10.0817, Rmse_valid: 12.0515, valid_score: 5134.0, , rmse_test: 13.3899, score_test: 316.6, Learning rate:0.00020000
Epoch: 18, Loss: 10.0654, Rmse_valid: 12.0738, valid_score: 4844.4, , rmse_test: 13.2820, score_test: 297.2, Learning rate:0.00020000
Epoch: 19, Loss: 10.0124, Rmse_valid: 12.2165, valid_score: 5306.0, , rmse_test: 13.4036, score_test: 315.2, Learning rate:0.00020000
Epoch: 20, Loss: 9.9877, Rmse_valid: 11.8581, valid_score: 4972.7, , rmse_test: 13.2458, score_test: 296.0, Learning rate:0.00020000
Epoch: 21, Loss: 9.8797, Rmse_valid: 11.7113, valid_score: 5078.3, , rmse_test: 13.3144, score_test: 300.8, Learning rate:0.00002000
Epoch: 22, Loss: 9.8631, Rmse_valid: 12.0080, valid_score: 5087.0, , rmse_test: 13.3236, score_test: 301.1, Learning rate:0.00002000
Epoch: 23, Loss: 9.8791, Rmse_valid: 12.1046, valid_score: 5304.0, , rmse_test: 13.4150, score_test: 312.4, Learning rate:0.00002000
Epoch: 24, Loss: 9.8864, Rmse_valid: 12.2440, valid_score: 5167.7, , rmse_test: 13.3611, score_test: 306.7, Learning rate:0.00002000
Epoch: 25, Loss: 9.8641, Rmse_valid: 11.7875, valid_score: 5183.9, , rmse_test: 13.3561, score_test: 304.1, Learning rate:0.00002000
Epoch: 26, Loss: 9.8617, Rmse_valid: 12.1405, valid_score: 5067.6, , rmse_test: 13.3470, score_test: 300.9, Learning rate:0.00002000
Epoch: 27, Loss: 9.8387, Rmse_valid: 11.8099, valid_score: 5261.1, , rmse_test: 13.4195, score_test: 311.2, Learning rate:0.00002000
Epoch: 28, Loss: 9.8395, Rmse_valid: 12.0786, valid_score: 5531.4, , rmse_test: 13.4783, score_test: 321.7, Learning rate:0.00002000
Epoch: 29, Loss: 9.8673, Rmse_valid: 11.9597, valid_score: 4972.9, , rmse_test: 13.3608, score_test: 297.0, Learning rate:0.00002000
Epoch: 30, Loss: 9.8541, Rmse_valid: 12.1075, valid_score: 5259.3, , rmse_test: 13.3933, score_test: 307.8, Learning rate:0.00002000
[Train Summary] Restored best model from epoch 10, rmse_valid: 11.4423, valid_score: 4194.0, rmse_test: 13.2261, score_test: 277.6
[Train Time] start: 2026-04-25 11:14:43, end: 2026-04-25 11:16:14, duration: 0:01:31, total_seconds: 91.20
[Auto Test] command: /usr/bin/python /CMAPSS-release/scipt/test_model.py --sub-dataset FD001 --smooth-rate 30 --sequence-len 30 --feature-num 14 --dataset-root /CMAPSS-release/CMAPSSData/ --max-rul 125 --batch-size 128 --model-path /CMAPSS-release/logs/FD001_A_g_dropout0.2_1/seed51/model_FD001_0425_111443_seed51.pkl
model_path:/CMAPSS-release/logs/FD001_A_g_dropout0.2_1/seed51/model_FD001_0425_111443_seed51.pkl
rmse_final:13.173458099365234, score:269.1434020996094
