-----FD001-----
关键参数:
序列长度: 30
批大小(batch_size): 128
最大训练轮数(max_epochs): 30
随机数种子: 51
模型代号(model_code): FD001_D
模型结构(model_structure): encoderdecoder
消融预设(ablation_preset): D - KNN graph + GAT + EncoderDecoder-LSTM with AOF
学习率: 0.002
学习率调度器: step
Step步长(step_size): 10
Step衰减系数(gamma): 0.1
空间GAT: 开启
是否使用解码器LSTM: 是
是否使用AOF: 是
Decoder注意力隐层维度: 28
Decoder融合方式: concat
图构建模式(graph_mode): dynamic_knn
GAT层数(num_layers): 2
GAT邻居数(topk): 7
GAT嵌入维度: 8
GAT隐藏层维度: 8
------------------------------
Epoch: 1, Loss: 30.0869, Rmse_valid: 20.6447, valid_score: 13112.2, , rmse_test: 20.8704, score_test: 4551.0, Learning rate:0.00200000
Epoch: 2, Loss: 17.5971, Rmse_valid: 14.9621, valid_score: 5712.7, , rmse_test: 16.2274, score_test: 462.9, Learning rate:0.00200000
Epoch: 3, Loss: 14.4963, Rmse_valid: 16.2565, valid_score: 7571.6, , rmse_test: 16.3476, score_test: 530.7, Learning rate:0.00200000
Epoch: 4, Loss: 13.0436, Rmse_valid: 12.8999, valid_score: 3929.4, , rmse_test: 14.3152, score_test: 265.3, Learning rate:0.00200000
Epoch: 5, Loss: 12.0467, Rmse_valid: 12.8570, valid_score: 4235.8, , rmse_test: 13.5153, score_test: 248.7, Learning rate:0.00200000
Epoch: 6, Loss: 11.5005, Rmse_valid: 14.5755, valid_score: 5034.7, , rmse_test: 14.3571, score_test: 268.8, Learning rate:0.00200000
Epoch: 7, Loss: 11.1436, Rmse_valid: 14.7621, valid_score: 8271.9, , rmse_test: 16.6268, score_test: 573.7, Learning rate:0.00200000
Epoch: 8, Loss: 11.0414, Rmse_valid: 11.5124, valid_score: 4054.8, , rmse_test: 13.3327, score_test: 271.0, Learning rate:0.00200000
Epoch: 9, Loss: 10.6380, Rmse_valid: 13.9654, valid_score: 6618.7, , rmse_test: 13.9072, score_test: 339.1, Learning rate:0.00200000
Epoch: 10, Loss: 10.4576, Rmse_valid: 14.1008, valid_score: 8099.0, , rmse_test: 14.9737, score_test: 418.6, Learning rate:0.00200000
Epoch: 11, Loss: 9.2830, Rmse_valid: 12.7459, valid_score: 5718.7, , rmse_test: 13.9826, score_test: 323.3, Learning rate:0.00020000
Epoch: 12, Loss: 9.1795, Rmse_valid: 12.2570, valid_score: 5424.8, , rmse_test: 13.8657, score_test: 312.6, Learning rate:0.00020000
Epoch: 13, Loss: 9.0944, Rmse_valid: 13.0981, valid_score: 5937.4, , rmse_test: 13.9403, score_test: 322.7, Learning rate:0.00020000
Epoch: 14, Loss: 9.0356, Rmse_valid: 12.9077, valid_score: 6003.8, , rmse_test: 14.1123, score_test: 332.1, Learning rate:0.00020000
Epoch: 15, Loss: 8.9858, Rmse_valid: 12.5200, valid_score: 5534.3, , rmse_test: 13.9843, score_test: 305.8, Learning rate:0.00020000
Epoch: 16, Loss: 8.9399, Rmse_valid: 12.2672, valid_score: 5492.7, , rmse_test: 13.9570, score_test: 296.6, Learning rate:0.00020000
Epoch: 17, Loss: 8.8846, Rmse_valid: 12.8014, valid_score: 6047.5, , rmse_test: 14.1340, score_test: 323.2, Learning rate:0.00020000
Epoch: 18, Loss: 8.8422, Rmse_valid: 12.7939, valid_score: 5772.4, , rmse_test: 14.1313, score_test: 317.9, Learning rate:0.00020000
Epoch: 19, Loss: 8.7816, Rmse_valid: 12.8703, valid_score: 6221.0, , rmse_test: 14.1089, score_test: 319.7, Learning rate:0.00020000
Epoch: 20, Loss: 8.7426, Rmse_valid: 12.4993, valid_score: 5755.2, , rmse_test: 14.0356, score_test: 298.6, Learning rate:0.00020000
Epoch: 21, Loss: 8.6749, Rmse_valid: 12.6109, valid_score: 6038.7, , rmse_test: 14.2450, score_test: 327.1, Learning rate:0.00002000
Epoch: 22, Loss: 8.6463, Rmse_valid: 12.7501, valid_score: 6092.1, , rmse_test: 14.2845, score_test: 331.6, Learning rate:0.00002000
Epoch: 23, Loss: 8.6373, Rmse_valid: 13.1019, valid_score: 6142.8, , rmse_test: 14.2678, score_test: 331.1, Learning rate:0.00002000
Epoch: 24, Loss: 8.6347, Rmse_valid: 12.5675, valid_score: 6022.8, , rmse_test: 14.2079, score_test: 323.7, Learning rate:0.00002000
Epoch: 25, Loss: 8.6213, Rmse_valid: 12.8573, valid_score: 6182.7, , rmse_test: 14.2644, score_test: 331.0, Learning rate:0.00002000
Epoch: 26, Loss: 8.6186, Rmse_valid: 12.3778, valid_score: 6162.9, , rmse_test: 14.2608, score_test: 331.1, Learning rate:0.00002000
Epoch: 27, Loss: 8.6118, Rmse_valid: 12.7270, valid_score: 6060.5, , rmse_test: 14.2684, score_test: 327.9, Learning rate:0.00002000
Epoch: 28, Loss: 8.6069, Rmse_valid: 13.0002, valid_score: 6230.5, , rmse_test: 14.3166, score_test: 336.4, Learning rate:0.00002000
Epoch: 29, Loss: 8.6073, Rmse_valid: 12.5899, valid_score: 6197.8, , rmse_test: 14.3028, score_test: 333.3, Learning rate:0.00002000
Epoch: 30, Loss: 8.6064, Rmse_valid: 12.9160, valid_score: 6154.1, , rmse_test: 14.3204, score_test: 334.2, Learning rate:0.00002000
[Train Summary] Restored best model from epoch 8, rmse_valid: 11.5124, valid_score: 4054.8, rmse_test: 13.3327, score_test: 271.0
[Train Time] start: 2026-04-20 01:44:09, end: 2026-04-20 01:46:39, duration: 0:02:30, total_seconds: 150.30
[Auto Test] command: /usr/bin/python /CMAPSS-release/scipt/test_model.py --sub-dataset FD001 --smooth-rate 40 --sequence-len 30 --feature-num 14 --dataset-root /CMAPSS-release/CMAPSSData/ --max-rul 125 --batch-size 128 --model-path /CMAPSS-release/logs/FD001_FD001_D/seed51/model_FD001_0420_014409_seed51.pkl
model_path:/CMAPSS-release/logs/FD001_FD001_D/seed51/model_FD001_0420_014409_seed51.pkl
rmse_final:13.36038875579834, score:268.6666564941406
