-----FD003-----
关键参数:
序列长度: 30
批大小(batch_size): 128
最大训练轮数(max_epochs): 30
随机数种子: 62
模型代号(model_code): FD003_E
模型结构(model_structure): original
消融预设(ablation_preset): E - Only original GAT-LSTM
学习率: 0.002
学习率调度器: step
Step步长(step_size): 10
Step衰减系数(gamma): 0.1
空间GAT: 由模型内部默认启用
图构建模式(graph_mode): path
GAT层数(num_layers): 2
GAT邻居数(topk): 7
GAT嵌入维度: 8
GAT隐藏层维度: 8
------------------------------
Epoch: 1, Loss: 35.8276, Rmse_valid: 19.4615, valid_score: 23186.8, , rmse_test: 22.2633, score_test: 10242.9, Learning rate:0.00200000
Epoch: 2, Loss: 20.3747, Rmse_valid: 14.8986, valid_score: 36462.1, , rmse_test: 19.4555, score_test: 4472.5, Learning rate:0.00200000
Epoch: 3, Loss: 18.2522, Rmse_valid: 22.6840, valid_score: 25172.6, , rmse_test: 21.7190, score_test: 3440.2, Learning rate:0.00200000
Epoch: 4, Loss: 17.2592, Rmse_valid: 13.1871, valid_score: 49272.1, , rmse_test: 19.3323, score_test: 5546.6, Learning rate:0.00200000
Epoch: 5, Loss: 16.5197, Rmse_valid: 13.4089, valid_score: 44239.5, , rmse_test: 18.8092, score_test: 4256.4, Learning rate:0.00200000
Epoch: 6, Loss: 15.7276, Rmse_valid: 15.3435, valid_score: 21190.9, , rmse_test: 16.8549, score_test: 2046.8, Learning rate:0.00200000
Epoch: 7, Loss: 15.4513, Rmse_valid: 13.6571, valid_score: 20044.2, , rmse_test: 16.1223, score_test: 1694.1, Learning rate:0.00200000
Epoch: 8, Loss: 14.9306, Rmse_valid: 14.1827, valid_score: 49240.4, , rmse_test: 21.0373, score_test: 3628.3, Learning rate:0.00200000
Epoch: 9, Loss: 14.6778, Rmse_valid: 20.7419, valid_score: 19003.0, , rmse_test: 18.6648, score_test: 1348.7, Learning rate:0.00200000
Epoch: 10, Loss: 14.3505, Rmse_valid: 14.3687, valid_score: 21207.1, , rmse_test: 17.2123, score_test: 2167.2, Learning rate:0.00200000
Epoch: 11, Loss: 13.3254, Rmse_valid: 12.3278, valid_score: 21384.6, , rmse_test: 15.9942, score_test: 1358.3, Learning rate:0.00020000
Epoch: 12, Loss: 13.2409, Rmse_valid: 12.4890, valid_score: 19325.1, , rmse_test: 15.4756, score_test: 1001.7, Learning rate:0.00020000
Epoch: 13, Loss: 13.1800, Rmse_valid: 12.2448, valid_score: 22177.0, , rmse_test: 15.8168, score_test: 1162.2, Learning rate:0.00020000
Epoch: 14, Loss: 13.1384, Rmse_valid: 12.4933, valid_score: 19979.3, , rmse_test: 15.5473, score_test: 1063.0, Learning rate:0.00020000
Epoch: 15, Loss: 13.1085, Rmse_valid: 12.4625, valid_score: 20945.5, , rmse_test: 15.7616, score_test: 1131.1, Learning rate:0.00020000
Epoch: 16, Loss: 13.0760, Rmse_valid: 12.7458, valid_score: 18395.2, , rmse_test: 15.2877, score_test: 939.1, Learning rate:0.00020000
Epoch: 17, Loss: 13.0467, Rmse_valid: 12.2782, valid_score: 20008.2, , rmse_test: 15.5516, score_test: 1052.9, Learning rate:0.00020000
Epoch: 18, Loss: 13.0338, Rmse_valid: 12.5828, valid_score: 18949.3, , rmse_test: 15.3022, score_test: 928.5, Learning rate:0.00020000
Epoch: 19, Loss: 13.0053, Rmse_valid: 12.3651, valid_score: 18633.5, , rmse_test: 15.2794, score_test: 915.4, Learning rate:0.00020000
Epoch: 20, Loss: 12.9806, Rmse_valid: 12.3657, valid_score: 18801.9, , rmse_test: 15.3658, score_test: 927.1, Learning rate:0.00020000
Epoch: 21, Loss: 12.9186, Rmse_valid: 12.2200, valid_score: 19134.8, , rmse_test: 15.4016, score_test: 933.0, Learning rate:0.00002000
Epoch: 22, Loss: 12.9141, Rmse_valid: 12.3816, valid_score: 18754.7, , rmse_test: 15.3554, score_test: 922.8, Learning rate:0.00002000
Epoch: 23, Loss: 12.9130, Rmse_valid: 12.3364, valid_score: 19293.4, , rmse_test: 15.4349, score_test: 946.5, Learning rate:0.00002000
Epoch: 24, Loss: 12.9074, Rmse_valid: 12.2779, valid_score: 19626.7, , rmse_test: 15.5266, score_test: 971.2, Learning rate:0.00002000
Epoch: 25, Loss: 12.9066, Rmse_valid: 12.3017, valid_score: 19405.9, , rmse_test: 15.4646, score_test: 956.0, Learning rate:0.00002000
Epoch: 26, Loss: 12.9051, Rmse_valid: 12.2832, valid_score: 19248.2, , rmse_test: 15.4172, score_test: 940.5, Learning rate:0.00002000
Epoch: 27, Loss: 12.9011, Rmse_valid: 12.2986, valid_score: 19516.1, , rmse_test: 15.5242, score_test: 973.6, Learning rate:0.00002000
Epoch: 28, Loss: 12.8992, Rmse_valid: 12.1917, valid_score: 19184.4, , rmse_test: 15.4263, score_test: 936.0, Learning rate:0.00002000
Epoch: 29, Loss: 12.8958, Rmse_valid: 12.2230, valid_score: 19196.1, , rmse_test: 15.4358, score_test: 941.3, Learning rate:0.00002000
Epoch: 30, Loss: 12.8924, Rmse_valid: 12.2662, valid_score: 19511.5, , rmse_test: 15.4807, score_test: 955.6, Learning rate:0.00002000
[Train Summary] Restored best model from epoch 28, rmse_valid: 12.1917, valid_score: 19184.4, rmse_test: 15.4263, score_test: 936.0
[Train Time] start: 2026-04-20 09:56:34, end: 2026-04-20 09:58:04, duration: 0:01:31, total_seconds: 90.89
[Auto Test] command: /usr/bin/python /CMAPSS-release/scipt/test_model.py --sub-dataset FD003 --smooth-rate 40 --sequence-len 30 --feature-num 14 --dataset-root /CMAPSS-release/CMAPSSData/ --max-rul 125 --batch-size 128 --model-path /CMAPSS-release/logs/FD003_FD003_E/seed62/model_FD003_0420_095634_seed62.pkl
model_path:/CMAPSS-release/logs/FD003_FD003_E/seed62/model_FD003_0420_095634_seed62.pkl
rmse_final:15.295097351074219, score:893.9830932617188
