-----FD003-----
关键参数:
序列长度: 30
批大小(batch_size): 128
最大训练轮数(max_epochs): 30
随机数种子: 30
模型代号(model_code): A_AEF_0FF
模型结构(model_structure): encoderdecoder
消融预设(ablation_preset): A_AEF_0FF - KNN graph + GAT-LSTM with encoder and decoder (AEF off)
学习率: 0.002
学习率调度器: step
Step步长(step_size): 10
Step衰减系数(gamma): 0.1
空间GAT: 开启
是否使用解码器LSTM: 是
是否使用AEF: 否
Decoder注意力隐层维度: 28
图构建模式(graph_mode): dynamic_knn
GAT层数(num_layers): 2
GAT邻居数(topk): 7
GAT嵌入维度: 8
GAT隐藏层维度: 8
------------------------------
Epoch: 1, Loss: 27.0779, Rmse_valid: 18.6777, valid_score: 36036.9, , rmse_test: 25.6213, score_test: 5542.3, Learning rate:0.00200000
Epoch: 2, Loss: 19.1873, Rmse_valid: 20.4865, valid_score: 27677.1, , rmse_test: 23.2924, score_test: 2889.6, Learning rate:0.00200000
Epoch: 3, Loss: 18.8527, Rmse_valid: 17.2709, valid_score: 21998.4, , rmse_test: 24.5677, score_test: 3999.4, Learning rate:0.00200000
Epoch: 4, Loss: 18.5622, Rmse_valid: 17.5067, valid_score: 20423.4, , rmse_test: 23.7177, score_test: 3185.7, Learning rate:0.00200000
Epoch: 5, Loss: 18.1824, Rmse_valid: 17.3289, valid_score: 22102.3, , rmse_test: 23.2798, score_test: 2974.3, Learning rate:0.00200000
Epoch: 6, Loss: 17.1310, Rmse_valid: 17.7184, valid_score: 17249.9, , rmse_test: 21.4260, score_test: 1982.5, Learning rate:0.00200000
Epoch: 7, Loss: 16.3346, Rmse_valid: 14.4751, valid_score: 16597.7, , rmse_test: 21.0862, score_test: 2255.8, Learning rate:0.00200000
Epoch: 8, Loss: 14.9229, Rmse_valid: 15.0675, valid_score: 16821.1, , rmse_test: 19.8141, score_test: 1837.7, Learning rate:0.00200000
Epoch: 9, Loss: 13.9312, Rmse_valid: 14.7013, valid_score: 10247.2, , rmse_test: 17.0988, score_test: 931.9, Learning rate:0.00200000
Epoch: 10, Loss: 13.2472, Rmse_valid: 13.9412, valid_score: 13824.2, , rmse_test: 18.2817, score_test: 1439.4, Learning rate:0.00200000
Epoch: 11, Loss: 11.5647, Rmse_valid: 12.7194, valid_score: 10929.5, , rmse_test: 17.6219, score_test: 1400.5, Learning rate:0.00020000
Epoch: 12, Loss: 11.3720, Rmse_valid: 12.7164, valid_score: 10847.2, , rmse_test: 17.7392, score_test: 1405.8, Learning rate:0.00020000
Epoch: 13, Loss: 11.2422, Rmse_valid: 12.3183, valid_score: 11011.6, , rmse_test: 17.6199, score_test: 1441.9, Learning rate:0.00020000
Epoch: 14, Loss: 11.1273, Rmse_valid: 12.3369, valid_score: 10238.7, , rmse_test: 17.2712, score_test: 1322.7, Learning rate:0.00020000
Epoch: 15, Loss: 11.0293, Rmse_valid: 12.3293, valid_score: 10605.9, , rmse_test: 17.4720, score_test: 1427.6, Learning rate:0.00020000
Epoch: 16, Loss: 10.9415, Rmse_valid: 12.3332, valid_score: 9605.5, , rmse_test: 16.9547, score_test: 1275.2, Learning rate:0.00020000
Epoch: 17, Loss: 10.8483, Rmse_valid: 11.7982, valid_score: 9394.8, , rmse_test: 17.4455, score_test: 1330.3, Learning rate:0.00020000
Epoch: 18, Loss: 10.7711, Rmse_valid: 12.1331, valid_score: 9452.3, , rmse_test: 16.8703, score_test: 1263.5, Learning rate:0.00020000
Epoch: 19, Loss: 10.6904, Rmse_valid: 12.2924, valid_score: 10060.9, , rmse_test: 17.1828, score_test: 1343.0, Learning rate:0.00020000
Epoch: 20, Loss: 10.6214, Rmse_valid: 11.8891, valid_score: 8988.6, , rmse_test: 16.6410, score_test: 1203.8, Learning rate:0.00020000
Epoch: 21, Loss: 10.4932, Rmse_valid: 12.0924, valid_score: 9352.5, , rmse_test: 16.8386, score_test: 1250.5, Learning rate:0.00002000
Epoch: 22, Loss: 10.4766, Rmse_valid: 11.7527, valid_score: 9271.0, , rmse_test: 16.9449, score_test: 1283.8, Learning rate:0.00002000
Epoch: 23, Loss: 10.4701, Rmse_valid: 12.0121, valid_score: 9435.1, , rmse_test: 16.8698, score_test: 1265.8, Learning rate:0.00002000
Epoch: 24, Loss: 10.4633, Rmse_valid: 11.8196, valid_score: 9298.5, , rmse_test: 16.8924, score_test: 1273.9, Learning rate:0.00002000
Epoch: 25, Loss: 10.4540, Rmse_valid: 11.8685, valid_score: 9132.5, , rmse_test: 16.9118, score_test: 1262.7, Learning rate:0.00002000
Epoch: 26, Loss: 10.4450, Rmse_valid: 11.8596, valid_score: 9316.6, , rmse_test: 16.9048, score_test: 1279.8, Learning rate:0.00002000
Epoch: 27, Loss: 10.4365, Rmse_valid: 11.9086, valid_score: 9206.8, , rmse_test: 16.8544, score_test: 1256.8, Learning rate:0.00002000
Epoch: 28, Loss: 10.4293, Rmse_valid: 11.9065, valid_score: 8932.5, , rmse_test: 16.7523, score_test: 1216.6, Learning rate:0.00002000
Epoch: 29, Loss: 10.4195, Rmse_valid: 11.8083, valid_score: 9279.2, , rmse_test: 16.9363, score_test: 1288.3, Learning rate:0.00002000
Epoch: 30, Loss: 10.4137, Rmse_valid: 11.7644, valid_score: 8908.7, , rmse_test: 16.7283, score_test: 1225.0, Learning rate:0.00002000
[Train Summary] Restored best model from epoch 22, rmse_valid: 11.7527, valid_score: 9271.0, rmse_test: 16.9449, score_test: 1283.8
[Train Time] start: 2026-04-25 13:58:10, end: 2026-04-25 13:59:40, duration: 0:01:30, total_seconds: 89.72
[Auto Test] command: /usr/bin/python /CMAPSS-release/scipt/test_model.py --sub-dataset FD003 --smooth-rate 30 --sequence-len 30 --feature-num 14 --dataset-root /CMAPSS-release/CMAPSSData/ --max-rul 125 --batch-size 128 --model-path /CMAPSS-release/logs/FD003_A_AEF_0FF/seed30/model_FD003_0425_135810_seed30.pkl
model_path:/CMAPSS-release/logs/FD003_A_AEF_0FF/seed30/model_FD003_0425_135810_seed30.pkl
rmse_final:16.776174545288086, score:1194.6644287109375
