-----FD003-----
关键参数:
序列长度: 30
批大小(batch_size): 128
最大训练轮数(max_epochs): 30
随机数种子: 17
模型代号(model_code): FD003_C_BC_20260422_054641
模型结构(model_structure): encoderdecoder
消融预设(ablation_preset): C - KNN graph + GAT-LSTM with encoder only (no decoder, no AOF)
学习率: 0.002
学习率调度器: step
Step步长(step_size): 10
Step衰减系数(gamma): 0.1
空间GAT: 开启
是否使用解码器LSTM: 否
是否使用AOF: 否
图构建模式(graph_mode): dynamic_knn
GAT层数(num_layers): 2
GAT邻居数(topk): 7
GAT嵌入维度: 8
GAT隐藏层维度: 8
------------------------------
Epoch: 1, Loss: 24.3785, Rmse_valid: 18.1484, valid_score: 16072.1, , rmse_test: 22.2363, score_test: 1922.3, Learning rate:0.00200000
Epoch: 2, Loss: 19.0539, Rmse_valid: 15.7253, valid_score: 22068.1, , rmse_test: 23.7788, score_test: 4204.3, Learning rate:0.00200000
Epoch: 3, Loss: 18.2413, Rmse_valid: 16.9366, valid_score: 15627.1, , rmse_test: 20.4300, score_test: 1912.3, Learning rate:0.00200000
Epoch: 4, Loss: 16.8524, Rmse_valid: 14.5355, valid_score: 28030.2, , rmse_test: 22.6885, score_test: 3594.8, Learning rate:0.00200000
Epoch: 5, Loss: 15.1415, Rmse_valid: 12.4521, valid_score: 10518.5, , rmse_test: 17.4465, score_test: 1459.1, Learning rate:0.00200000
Epoch: 6, Loss: 13.8975, Rmse_valid: 11.5477, valid_score: 10266.3, , rmse_test: 17.1731, score_test: 1638.8, Learning rate:0.00200000
Epoch: 7, Loss: 13.2559, Rmse_valid: 11.7672, valid_score: 9352.6, , rmse_test: 16.7129, score_test: 1375.7, Learning rate:0.00200000
Epoch: 8, Loss: 12.6234, Rmse_valid: 11.1205, valid_score: 9910.8, , rmse_test: 17.0181, score_test: 1552.3, Learning rate:0.00200000
Epoch: 9, Loss: 12.1226, Rmse_valid: 12.0853, valid_score: 11012.0, , rmse_test: 17.4954, score_test: 1683.8, Learning rate:0.00200000
Epoch: 10, Loss: 12.0270, Rmse_valid: 12.1713, valid_score: 8464.5, , rmse_test: 15.1518, score_test: 1089.8, Learning rate:0.00200000
Epoch: 11, Loss: 10.4173, Rmse_valid: 10.8349, valid_score: 8325.1, , rmse_test: 15.3508, score_test: 1139.4, Learning rate:0.00020000
Epoch: 12, Loss: 10.2542, Rmse_valid: 10.5959, valid_score: 8816.8, , rmse_test: 15.8216, score_test: 1316.6, Learning rate:0.00020000
Epoch: 13, Loss: 10.1597, Rmse_valid: 10.5431, valid_score: 7506.7, , rmse_test: 15.2611, score_test: 1147.1, Learning rate:0.00020000
Epoch: 14, Loss: 10.0605, Rmse_valid: 10.9193, valid_score: 8499.5, , rmse_test: 15.2593, score_test: 1102.8, Learning rate:0.00020000
Epoch: 15, Loss: 9.9931, Rmse_valid: 10.4721, valid_score: 8796.7, , rmse_test: 15.4013, score_test: 1118.9, Learning rate:0.00020000
Epoch: 16, Loss: 9.9042, Rmse_valid: 10.3208, valid_score: 8505.5, , rmse_test: 15.3425, score_test: 1103.9, Learning rate:0.00020000
Epoch: 17, Loss: 9.8486, Rmse_valid: 10.6201, valid_score: 8441.6, , rmse_test: 15.1861, score_test: 1081.4, Learning rate:0.00020000
Epoch: 18, Loss: 9.7786, Rmse_valid: 10.4659, valid_score: 9532.9, , rmse_test: 15.3402, score_test: 1056.9, Learning rate:0.00020000
Epoch: 19, Loss: 9.7216, Rmse_valid: 10.3309, valid_score: 7925.0, , rmse_test: 15.1993, score_test: 984.1, Learning rate:0.00020000
Epoch: 20, Loss: 9.6542, Rmse_valid: 10.2641, valid_score: 8740.8, , rmse_test: 15.2206, score_test: 1043.9, Learning rate:0.00020000
Epoch: 21, Loss: 9.5388, Rmse_valid: 10.2678, valid_score: 8918.3, , rmse_test: 15.2944, score_test: 1076.6, Learning rate:0.00002000
Epoch: 22, Loss: 9.5288, Rmse_valid: 10.3591, valid_score: 8919.3, , rmse_test: 15.2650, score_test: 1066.4, Learning rate:0.00002000
Epoch: 23, Loss: 9.5205, Rmse_valid: 10.2701, valid_score: 9142.3, , rmse_test: 15.3359, score_test: 1089.1, Learning rate:0.00002000
Epoch: 24, Loss: 9.5117, Rmse_valid: 10.2396, valid_score: 8972.4, , rmse_test: 15.2986, score_test: 1071.4, Learning rate:0.00002000
Epoch: 25, Loss: 9.5034, Rmse_valid: 10.3144, valid_score: 9056.2, , rmse_test: 15.2969, score_test: 1063.8, Learning rate:0.00002000
Epoch: 26, Loss: 9.4986, Rmse_valid: 10.4128, valid_score: 9013.7, , rmse_test: 15.2797, score_test: 1079.9, Learning rate:0.00002000
Epoch: 27, Loss: 9.4929, Rmse_valid: 10.1938, valid_score: 9170.8, , rmse_test: 15.3214, score_test: 1083.9, Learning rate:0.00002000
Epoch: 28, Loss: 9.4845, Rmse_valid: 10.3855, valid_score: 9402.9, , rmse_test: 15.3577, score_test: 1080.5, Learning rate:0.00002000
Epoch: 29, Loss: 9.4793, Rmse_valid: 10.2636, valid_score: 9171.0, , rmse_test: 15.3278, score_test: 1079.2, Learning rate:0.00002000
Epoch: 30, Loss: 9.4708, Rmse_valid: 10.2773, valid_score: 8982.6, , rmse_test: 15.2542, score_test: 1060.7, Learning rate:0.00002000
[Train Summary] Restored best model from epoch 27, rmse_valid: 10.1938, valid_score: 9170.8, rmse_test: 15.3214, score_test: 1083.9
[Train Time] start: 2026-04-22 11:56:54, end: 2026-04-22 11:58:32, duration: 0:01:38, total_seconds: 97.75
[Auto Test] command: /usr/bin/python /CMAPSS-release/scipt/test_model.py --sub-dataset FD003 --smooth-rate 40 --sequence-len 30 --feature-num 14 --dataset-root /CMAPSS-release/CMAPSSData/ --max-rul 125 --batch-size 128 --model-path /CMAPSS-release/logs/FD003_FD003_C_BC_20260422_054641/seed17/model_FD003_0422_115654_seed17.pkl
model_path:/CMAPSS-release/logs/FD003_FD003_C_BC_20260422_054641/seed17/model_FD003_0422_115654_seed17.pkl
rmse_final:15.190786361694336, score:1033.7001953125
