-----FD002-----
关键参数:
序列长度: 30
批大小(batch_size): 128
最大训练轮数(max_epochs): 30
随机数种子: 17
模型代号(model_code): FD002_C
模型结构(model_structure): encoderdecoder
消融预设(ablation_preset): C - Path graph + GAT + Encoder-only LSTM (no decoder, no AOF)
学习率: 0.002
学习率调度器: step
Step步长(step_size): 10
Step衰减系数(gamma): 0.1
空间GAT: 开启
是否使用解码器LSTM: 否
是否使用AOF: 否
图构建模式(graph_mode): path
GAT层数(num_layers): 2
GAT邻居数(topk): 7
GAT嵌入维度: 8
GAT隐藏层维度: 8
------------------------------
Epoch: 1, Loss: 26.4843, Rmse_valid: 24.2217, valid_score: 271389.9, , rmse_test: 23.8209, score_test: 27654.3, Learning rate:0.00200000
Epoch: 2, Loss: 23.3389, Rmse_valid: 22.9381, valid_score: 145729.0, , rmse_test: 21.8444, score_test: 11647.4, Learning rate:0.00200000
Epoch: 3, Loss: 22.8018, Rmse_valid: 22.9032, valid_score: 182819.5, , rmse_test: 21.3233, score_test: 9080.0, Learning rate:0.00200000
Epoch: 4, Loss: 22.4818, Rmse_valid: 22.4730, valid_score: 189515.1, , rmse_test: 21.6570, score_test: 12514.1, Learning rate:0.00200000
Epoch: 5, Loss: 22.2886, Rmse_valid: 22.1568, valid_score: 99281.5, , rmse_test: 21.4870, score_test: 5953.2, Learning rate:0.00200000
Epoch: 6, Loss: 22.0472, Rmse_valid: 23.0547, valid_score: 174777.9, , rmse_test: 21.7616, score_test: 7061.0, Learning rate:0.00200000
Epoch: 7, Loss: 21.7780, Rmse_valid: 21.6939, valid_score: 148572.2, , rmse_test: 20.7144, score_test: 6767.0, Learning rate:0.00200000
Epoch: 8, Loss: 20.6488, Rmse_valid: 21.2775, valid_score: 108606.0, , rmse_test: 19.4541, score_test: 3423.1, Learning rate:0.00200000
Epoch: 9, Loss: 19.0633, Rmse_valid: 18.4823, valid_score: 75832.8, , rmse_test: 17.3345, score_test: 1826.6, Learning rate:0.00200000
Epoch: 10, Loss: 17.9283, Rmse_valid: 18.4471, valid_score: 51263.6, , rmse_test: 15.9017, score_test: 1148.5, Learning rate:0.00200000
Epoch: 11, Loss: 15.9319, Rmse_valid: 18.7923, valid_score: 48481.5, , rmse_test: 16.0267, score_test: 1282.1, Learning rate:0.00020000
Epoch: 12, Loss: 15.5580, Rmse_valid: 17.8826, valid_score: 35575.1, , rmse_test: 15.3314, score_test: 1026.2, Learning rate:0.00020000
Epoch: 13, Loss: 15.3145, Rmse_valid: 18.2574, valid_score: 42429.0, , rmse_test: 15.4424, score_test: 1368.4, Learning rate:0.00020000
Epoch: 14, Loss: 15.1157, Rmse_valid: 18.1092, valid_score: 41906.4, , rmse_test: 15.1985, score_test: 1205.5, Learning rate:0.00020000
Epoch: 15, Loss: 14.9559, Rmse_valid: 17.8171, valid_score: 39702.5, , rmse_test: 14.9999, score_test: 1198.3, Learning rate:0.00020000
Epoch: 16, Loss: 14.8410, Rmse_valid: 18.3148, valid_score: 34701.8, , rmse_test: 14.9106, score_test: 1000.9, Learning rate:0.00020000
Epoch: 17, Loss: 14.7273, Rmse_valid: 18.1865, valid_score: 36305.4, , rmse_test: 14.6555, score_test: 1060.7, Learning rate:0.00020000
Epoch: 18, Loss: 14.6234, Rmse_valid: 17.8097, valid_score: 39663.4, , rmse_test: 14.6475, score_test: 1144.0, Learning rate:0.00020000
Epoch: 19, Loss: 14.5490, Rmse_valid: 17.8660, valid_score: 39764.7, , rmse_test: 14.5315, score_test: 1105.2, Learning rate:0.00020000
Epoch: 20, Loss: 14.4454, Rmse_valid: 18.0127, valid_score: 43213.0, , rmse_test: 14.4995, score_test: 1165.8, Learning rate:0.00020000
Epoch: 21, Loss: 14.2851, Rmse_valid: 17.9104, valid_score: 39752.8, , rmse_test: 14.3224, score_test: 1020.5, Learning rate:0.00002000
Epoch: 22, Loss: 14.2647, Rmse_valid: 17.7306, valid_score: 40009.1, , rmse_test: 14.3525, score_test: 1062.6, Learning rate:0.00002000
Epoch: 23, Loss: 14.2520, Rmse_valid: 17.9635, valid_score: 40651.0, , rmse_test: 14.3619, score_test: 1038.4, Learning rate:0.00002000
Epoch: 24, Loss: 14.2392, Rmse_valid: 17.8231, valid_score: 38508.7, , rmse_test: 14.2956, score_test: 1003.7, Learning rate:0.00002000
Epoch: 25, Loss: 14.2338, Rmse_valid: 17.8596, valid_score: 40436.3, , rmse_test: 14.3557, score_test: 1051.2, Learning rate:0.00002000
Epoch: 26, Loss: 14.2252, Rmse_valid: 17.8404, valid_score: 38922.2, , rmse_test: 14.2451, score_test: 1025.0, Learning rate:0.00002000
Epoch: 27, Loss: 14.2171, Rmse_valid: 17.7701, valid_score: 41150.9, , rmse_test: 14.3693, score_test: 1089.8, Learning rate:0.00002000
Epoch: 28, Loss: 14.2083, Rmse_valid: 17.6534, valid_score: 39976.6, , rmse_test: 14.2843, score_test: 1049.0, Learning rate:0.00002000
Epoch: 29, Loss: 14.2015, Rmse_valid: 17.7792, valid_score: 39750.8, , rmse_test: 14.2721, score_test: 1029.0, Learning rate:0.00002000
Epoch: 30, Loss: 14.1890, Rmse_valid: 17.6813, valid_score: 39800.2, , rmse_test: 14.2558, score_test: 1039.3, Learning rate:0.00002000
[Train Summary] Restored best model from epoch 28, rmse_valid: 17.6534, valid_score: 39976.6, rmse_test: 14.2843, score_test: 1049.0
[Train Time] start: 2026-04-20 04:45:56, end: 2026-04-20 04:50:56, duration: 0:05:00, total_seconds: 300.23
[Auto Test] command: /usr/bin/python /CMAPSS-release/scipt/test_model.py --sub-dataset FD002 --smooth-rate 40 --sequence-len 30 --feature-num 14 --dataset-root /CMAPSS-release/CMAPSSData/ --max-rul 125 --batch-size 128 --model-path /CMAPSS-release/logs/FD002_FD002_C/seed17/model_FD002_0420_044556_seed17.pkl
model_path:/CMAPSS-release/logs/FD002_FD002_C/seed17/model_FD002_0420_044556_seed17.pkl
rmse_final:14.240217208862305, score:1022.28271484375
