-----FD001-----
关键参数:
序列长度: 30
批大小(batch_size): 128
最大训练轮数(max_epochs): 30
随机数种子: 30
模型代号(model_code): MB
模型结构(model_structure): lstm_mamba_attention
学习率: 0.002
学习率调度器: step
Step步长(step_size): 10
Step衰减系数(gamma): 0.1
编码器: LSTM
编码器后处理: 2层Mamba block
encoder_hidden_size: 8
mamba_num_layers: 2
mamba_d_state: 16
decoder_attention_size: 28
------------------------------
Epoch: 1, Loss: 23.4070, Rmse_valid: 19.4767, valid_score: 8423.2, , rmse_test: 18.0787, score_test: 836.6, Learning rate:0.00200000
Epoch: 2, Loss: 15.6459, Rmse_valid: 15.2480, valid_score: 5079.3, , rmse_test: 15.9056, score_test: 409.2, Learning rate:0.00200000
Epoch: 3, Loss: 13.7389, Rmse_valid: 13.4984, valid_score: 6875.1, , rmse_test: 17.2282, score_test: 602.8, Learning rate:0.00200000
Epoch: 4, Loss: 12.9197, Rmse_valid: 12.2210, valid_score: 3378.3, , rmse_test: 15.4961, score_test: 304.1, Learning rate:0.00200000
Epoch: 5, Loss: 12.4299, Rmse_valid: 11.0754, valid_score: 2893.3, , rmse_test: 14.8017, score_test: 303.7, Learning rate:0.00200000
Epoch: 6, Loss: 12.1467, Rmse_valid: 11.3218, valid_score: 4541.4, , rmse_test: 15.8823, score_test: 652.7, Learning rate:0.00200000
Epoch: 7, Loss: 11.9626, Rmse_valid: 10.8781, valid_score: 3874.1, , rmse_test: 14.9461, score_test: 507.4, Learning rate:0.00200000
Epoch: 8, Loss: 11.6163, Rmse_valid: 12.8194, valid_score: 3776.8, , rmse_test: 15.2303, score_test: 362.4, Learning rate:0.00200000
Epoch: 9, Loss: 11.4475, Rmse_valid: 11.4586, valid_score: 5381.4, , rmse_test: 15.8660, score_test: 626.7, Learning rate:0.00200000
Epoch: 10, Loss: 11.3107, Rmse_valid: 11.3317, valid_score: 5292.9, , rmse_test: 16.2875, score_test: 730.6, Learning rate:0.00200000
Epoch: 11, Loss: 10.3374, Rmse_valid: 10.2761, valid_score: 3440.1, , rmse_test: 14.1953, score_test: 380.2, Learning rate:0.00020000
Epoch: 12, Loss: 10.1927, Rmse_valid: 10.5223, valid_score: 3907.0, , rmse_test: 14.4401, score_test: 448.5, Learning rate:0.00020000
Epoch: 13, Loss: 10.1364, Rmse_valid: 10.5381, valid_score: 3556.9, , rmse_test: 14.2214, score_test: 392.6, Learning rate:0.00020000
Epoch: 14, Loss: 10.1332, Rmse_valid: 10.5680, valid_score: 4076.8, , rmse_test: 14.2692, score_test: 418.5, Learning rate:0.00020000
Epoch: 15, Loss: 10.0935, Rmse_valid: 10.1599, valid_score: 3639.9, , rmse_test: 14.2258, score_test: 391.2, Learning rate:0.00020000
Epoch: 16, Loss: 10.0171, Rmse_valid: 10.4019, valid_score: 4320.8, , rmse_test: 14.2149, score_test: 403.2, Learning rate:0.00020000
Epoch: 17, Loss: 9.9959, Rmse_valid: 10.6349, valid_score: 4050.6, , rmse_test: 14.1213, score_test: 369.3, Learning rate:0.00020000
Epoch: 18, Loss: 9.9833, Rmse_valid: 10.7884, valid_score: 3969.9, , rmse_test: 14.2123, score_test: 388.0, Learning rate:0.00020000
Epoch: 19, Loss: 9.9898, Rmse_valid: 10.3533, valid_score: 4600.2, , rmse_test: 14.2871, score_test: 417.9, Learning rate:0.00020000
Epoch: 20, Loss: 9.8955, Rmse_valid: 11.2801, valid_score: 5048.5, , rmse_test: 14.4544, score_test: 450.5, Learning rate:0.00020000
Epoch: 21, Loss: 9.8526, Rmse_valid: 11.1960, valid_score: 4419.2, , rmse_test: 14.2467, score_test: 402.2, Learning rate:0.00002000
Epoch: 22, Loss: 9.8491, Rmse_valid: 10.9379, valid_score: 4465.4, , rmse_test: 14.2587, score_test: 408.2, Learning rate:0.00002000
Epoch: 23, Loss: 9.8298, Rmse_valid: 10.7779, valid_score: 4389.1, , rmse_test: 14.2460, score_test: 397.6, Learning rate:0.00002000
Epoch: 24, Loss: 9.8579, Rmse_valid: 10.9863, valid_score: 4490.6, , rmse_test: 14.2465, score_test: 402.4, Learning rate:0.00002000
Epoch: 25, Loss: 9.8442, Rmse_valid: 10.7195, valid_score: 4479.7, , rmse_test: 14.2583, score_test: 404.0, Learning rate:0.00002000
Epoch: 26, Loss: 9.8557, Rmse_valid: 11.0172, valid_score: 4370.2, , rmse_test: 14.1894, score_test: 388.1, Learning rate:0.00002000
Epoch: 27, Loss: 9.8287, Rmse_valid: 10.5271, valid_score: 4585.4, , rmse_test: 14.2569, score_test: 406.1, Learning rate:0.00002000
Epoch: 28, Loss: 9.8512, Rmse_valid: 11.1783, valid_score: 4426.2, , rmse_test: 14.2529, score_test: 400.8, Learning rate:0.00002000
Epoch: 29, Loss: 9.8092, Rmse_valid: 10.7872, valid_score: 4543.6, , rmse_test: 14.2913, score_test: 409.0, Learning rate:0.00002000
Epoch: 30, Loss: 9.8488, Rmse_valid: 10.7812, valid_score: 4521.2, , rmse_test: 14.2244, score_test: 397.0, Learning rate:0.00002000
[Train Summary] Restored best model from epoch 15, rmse_valid: 10.1599, valid_score: 3639.9, rmse_test: 14.2258, score_test: 391.2
[Train Time] start: 2026-07-02 06:10:51, end: 2026-07-02 06:12:23, duration: 0:01:32, total_seconds: 91.70
[Auto Test] command: /usr/local/miniconda3/envs/HV/bin/python /Mamba_Rul/scipt/test_model.py --sub-dataset FD001 --smooth-rate 30 --sequence-len 30 --feature-num 14 --dataset-root /Mamba_Rul/CMAPSSData/ --max-rul 125 --batch-size 128 --model-path /Mamba_Rul/logs/FD001_MB/seed30/model_FD001_0702_061051_seed30.pkl
model_path:/Mamba_Rul/logs/FD001_MB/seed30/model_FD001_0702_061051_seed30.pkl
rmse_final:14.245349884033203, score:384.56378173828125
