-----FD001-----
关键参数:
序列长度: 30
批大小(batch_size): 128
最大训练轮数(max_epochs): 30
随机数种子: 62
模型代号(model_code): FD001_B
模型结构(model_structure): encoderdecoder
消融预设(ablation_preset): B - Path graph + GAT + EncoderDecoder-LSTM without AOF
学习率: 0.002
学习率调度器: step
Step步长(step_size): 10
Step衰减系数(gamma): 0.1
空间GAT: 开启
是否使用解码器LSTM: 是
是否使用AOF: 否
Decoder注意力隐层维度: 28
图构建模式(graph_mode): path
GAT层数(num_layers): 2
GAT邻居数(topk): 7
GAT嵌入维度: 8
GAT隐藏层维度: 8
------------------------------
Epoch: 1, Loss: 28.6531, Rmse_valid: 20.9789, valid_score: 24737.8, , rmse_test: 25.5904, score_test: 25653.3, Learning rate:0.00200000
Epoch: 2, Loss: 20.2080, Rmse_valid: 17.9536, valid_score: 8193.8, , rmse_test: 20.4848, score_test: 6650.9, Learning rate:0.00200000
Epoch: 3, Loss: 18.1674, Rmse_valid: 18.3464, valid_score: 7510.1, , rmse_test: 18.0138, score_test: 435.3, Learning rate:0.00200000
Epoch: 4, Loss: 16.1092, Rmse_valid: 16.6567, valid_score: 5979.3, , rmse_test: 17.3949, score_test: 402.2, Learning rate:0.00200000
Epoch: 5, Loss: 14.2596, Rmse_valid: 16.7914, valid_score: 5827.4, , rmse_test: 16.8177, score_test: 350.7, Learning rate:0.00200000
Epoch: 6, Loss: 13.1629, Rmse_valid: 11.5949, valid_score: 3876.6, , rmse_test: 14.2548, score_test: 323.6, Learning rate:0.00200000
Epoch: 7, Loss: 12.8926, Rmse_valid: 11.3816, valid_score: 3675.5, , rmse_test: 14.9118, score_test: 355.2, Learning rate:0.00200000
Epoch: 8, Loss: 12.5722, Rmse_valid: 13.1196, valid_score: 8071.8, , rmse_test: 15.8268, score_test: 549.1, Learning rate:0.00200000
Epoch: 9, Loss: 12.2627, Rmse_valid: 16.8830, valid_score: 14581.1, , rmse_test: 18.7289, score_test: 811.9, Learning rate:0.00200000
Epoch: 10, Loss: 12.0066, Rmse_valid: 17.1086, valid_score: 7581.7, , rmse_test: 17.7662, score_test: 420.9, Learning rate:0.00200000
Epoch: 11, Loss: 10.8393, Rmse_valid: 10.4918, valid_score: 4369.8, , rmse_test: 13.7526, score_test: 346.4, Learning rate:0.00020000
Epoch: 12, Loss: 10.4732, Rmse_valid: 10.7889, valid_score: 4652.6, , rmse_test: 13.8803, score_test: 376.4, Learning rate:0.00020000
Epoch: 13, Loss: 10.3938, Rmse_valid: 10.9125, valid_score: 5189.2, , rmse_test: 13.8364, score_test: 371.8, Learning rate:0.00020000
Epoch: 14, Loss: 10.3457, Rmse_valid: 11.2069, valid_score: 4777.9, , rmse_test: 13.5590, score_test: 338.6, Learning rate:0.00020000
Epoch: 15, Loss: 10.2606, Rmse_valid: 11.1746, valid_score: 5078.2, , rmse_test: 13.6333, score_test: 339.9, Learning rate:0.00020000
Epoch: 16, Loss: 10.2186, Rmse_valid: 11.2216, valid_score: 4688.9, , rmse_test: 13.4663, score_test: 319.5, Learning rate:0.00020000
Epoch: 17, Loss: 10.1720, Rmse_valid: 11.5893, valid_score: 5423.0, , rmse_test: 13.5019, score_test: 325.1, Learning rate:0.00020000
Epoch: 18, Loss: 10.1298, Rmse_valid: 11.0186, valid_score: 5802.6, , rmse_test: 13.6048, score_test: 361.2, Learning rate:0.00020000
Epoch: 19, Loss: 10.0821, Rmse_valid: 11.2596, valid_score: 5489.5, , rmse_test: 13.4974, score_test: 315.1, Learning rate:0.00020000
Epoch: 20, Loss: 10.0604, Rmse_valid: 11.6194, valid_score: 7086.1, , rmse_test: 13.8575, score_test: 352.2, Learning rate:0.00020000
Epoch: 21, Loss: 9.9660, Rmse_valid: 11.2879, valid_score: 5914.0, , rmse_test: 13.5095, score_test: 320.7, Learning rate:0.00002000
Epoch: 22, Loss: 9.9558, Rmse_valid: 11.6132, valid_score: 6223.5, , rmse_test: 13.5793, score_test: 336.5, Learning rate:0.00002000
Epoch: 23, Loss: 9.9466, Rmse_valid: 11.2820, valid_score: 6298.3, , rmse_test: 13.6024, score_test: 342.7, Learning rate:0.00002000
Epoch: 24, Loss: 9.9306, Rmse_valid: 11.1146, valid_score: 6253.4, , rmse_test: 13.5713, score_test: 332.9, Learning rate:0.00002000
Epoch: 25, Loss: 9.9338, Rmse_valid: 11.1553, valid_score: 6403.7, , rmse_test: 13.6232, score_test: 344.3, Learning rate:0.00002000
Epoch: 26, Loss: 9.9325, Rmse_valid: 11.3006, valid_score: 6289.4, , rmse_test: 13.5818, score_test: 339.4, Learning rate:0.00002000
Epoch: 27, Loss: 9.9257, Rmse_valid: 11.1563, valid_score: 6382.9, , rmse_test: 13.6140, score_test: 342.2, Learning rate:0.00002000
Epoch: 28, Loss: 9.9205, Rmse_valid: 11.5500, valid_score: 6432.6, , rmse_test: 13.6004, score_test: 338.5, Learning rate:0.00002000
Epoch: 29, Loss: 9.9183, Rmse_valid: 11.1236, valid_score: 6384.4, , rmse_test: 13.5705, score_test: 333.0, Learning rate:0.00002000
Epoch: 30, Loss: 9.9099, Rmse_valid: 11.6648, valid_score: 6234.2, , rmse_test: 13.5599, score_test: 335.3, Learning rate:0.00002000
[Train Summary] Restored best model from epoch 11, rmse_valid: 10.4918, valid_score: 4369.8, rmse_test: 13.7526, score_test: 346.4
[Train Time] start: 2026-04-20 00:56:52, end: 2026-04-20 00:59:17, duration: 0:02:24, total_seconds: 144.49
[Auto Test] command: /usr/bin/python /CMAPSS-release/scipt/test_model.py --sub-dataset FD001 --smooth-rate 40 --sequence-len 30 --feature-num 14 --dataset-root /CMAPSS-release/CMAPSSData/ --max-rul 125 --batch-size 128 --model-path /CMAPSS-release/logs/FD001_FD001_B/seed62/model_FD001_0420_005652_seed62.pkl
model_path:/CMAPSS-release/logs/FD001_FD001_B/seed62/model_FD001_0420_005652_seed62.pkl
rmse_final:13.664552688598633, score:330.2045593261719
