-----FD001-----
关键参数:
序列长度: 30
批大小(batch_size): 128
最大训练轮数(max_epochs): 30
随机数种子: 62
模型代号(model_code): A_g_dropout0.1
模型结构(model_structure): encoderdecoder
消融预设(ablation_preset): A - KNN graph + GAT-LSTM with encoder and decoder (AOF off)
学习率: 0.002
学习率调度器: step
Step步长(step_size): 10
Step衰减系数(gamma): 0.1
空间GAT: 开启
是否使用解码器LSTM: 是
是否使用AOF: 否
Decoder注意力隐层维度: 28
图构建模式(graph_mode): dynamic_knn
GAT层数(num_layers): 2
GAT邻居数(topk): 7
GAT嵌入维度: 8
GAT隐藏层维度: 8
------------------------------
Epoch: 1, Loss: 27.9593, Rmse_valid: 20.2978, valid_score: 16978.5, , rmse_test: 23.8753, score_test: 13369.6, Learning rate:0.00200000
Epoch: 2, Loss: 20.3444, Rmse_valid: 19.0776, valid_score: 15869.1, , rmse_test: 23.9883, score_test: 20576.3, Learning rate:0.00200000
Epoch: 3, Loss: 18.3517, Rmse_valid: 16.8116, valid_score: 6490.7, , rmse_test: 17.2641, score_test: 586.4, Learning rate:0.00200000
Epoch: 4, Loss: 16.4077, Rmse_valid: 14.9317, valid_score: 5413.5, , rmse_test: 15.0299, score_test: 372.4, Learning rate:0.00200000
Epoch: 5, Loss: 14.6463, Rmse_valid: 11.8747, valid_score: 4776.8, , rmse_test: 15.1569, score_test: 437.6, Learning rate:0.00200000
Epoch: 6, Loss: 13.1712, Rmse_valid: 14.3317, valid_score: 4406.3, , rmse_test: 15.5338, score_test: 311.0, Learning rate:0.00200000
Epoch: 7, Loss: 12.9196, Rmse_valid: 12.9857, valid_score: 3718.9, , rmse_test: 14.6465, score_test: 279.7, Learning rate:0.00200000
Epoch: 8, Loss: 12.6432, Rmse_valid: 12.4666, valid_score: 4900.0, , rmse_test: 14.8325, score_test: 550.3, Learning rate:0.00200000
Epoch: 9, Loss: 12.2264, Rmse_valid: 12.0488, valid_score: 3379.6, , rmse_test: 13.7100, score_test: 296.0, Learning rate:0.00200000
Epoch: 10, Loss: 12.0286, Rmse_valid: 11.6738, valid_score: 6078.1, , rmse_test: 14.3584, score_test: 401.7, Learning rate:0.00200000
Epoch: 11, Loss: 10.6897, Rmse_valid: 10.2386, valid_score: 3796.0, , rmse_test: 13.6646, score_test: 348.0, Learning rate:0.00020000
Epoch: 12, Loss: 10.5711, Rmse_valid: 10.7272, valid_score: 4268.3, , rmse_test: 13.9543, score_test: 391.5, Learning rate:0.00020000
Epoch: 13, Loss: 10.4978, Rmse_valid: 10.1691, valid_score: 4439.7, , rmse_test: 13.9111, score_test: 388.8, Learning rate:0.00020000
Epoch: 14, Loss: 10.4342, Rmse_valid: 10.3592, valid_score: 4081.3, , rmse_test: 13.7215, score_test: 385.4, Learning rate:0.00020000
Epoch: 15, Loss: 10.3845, Rmse_valid: 11.2657, valid_score: 4474.2, , rmse_test: 13.8355, score_test: 369.4, Learning rate:0.00020000
Epoch: 16, Loss: 10.3421, Rmse_valid: 10.4522, valid_score: 4329.0, , rmse_test: 13.7355, score_test: 358.4, Learning rate:0.00020000
Epoch: 17, Loss: 10.2903, Rmse_valid: 10.3785, valid_score: 4461.9, , rmse_test: 13.7563, score_test: 371.5, Learning rate:0.00020000
Epoch: 18, Loss: 10.2587, Rmse_valid: 10.2431, valid_score: 4249.2, , rmse_test: 13.6189, score_test: 366.0, Learning rate:0.00020000
Epoch: 19, Loss: 10.2232, Rmse_valid: 10.6446, valid_score: 4674.7, , rmse_test: 13.6300, score_test: 352.7, Learning rate:0.00020000
Epoch: 20, Loss: 10.1970, Rmse_valid: 10.8903, valid_score: 4903.2, , rmse_test: 13.7276, score_test: 381.7, Learning rate:0.00020000
Epoch: 21, Loss: 10.0990, Rmse_valid: 10.6504, valid_score: 4744.9, , rmse_test: 13.6385, score_test: 354.5, Learning rate:0.00002000
Epoch: 22, Loss: 10.0897, Rmse_valid: 10.6680, valid_score: 4767.7, , rmse_test: 13.6053, score_test: 344.7, Learning rate:0.00002000
Epoch: 23, Loss: 10.0817, Rmse_valid: 10.3791, valid_score: 4592.3, , rmse_test: 13.5634, score_test: 342.8, Learning rate:0.00002000
Epoch: 24, Loss: 10.0789, Rmse_valid: 10.6238, valid_score: 4821.8, , rmse_test: 13.6485, score_test: 356.8, Learning rate:0.00002000
Epoch: 25, Loss: 10.0761, Rmse_valid: 11.1718, valid_score: 4889.4, , rmse_test: 13.6670, score_test: 359.5, Learning rate:0.00002000
Epoch: 26, Loss: 10.0866, Rmse_valid: 10.4043, valid_score: 4561.9, , rmse_test: 13.5129, score_test: 331.8, Learning rate:0.00002000
Epoch: 27, Loss: 10.0655, Rmse_valid: 11.1572, valid_score: 4712.1, , rmse_test: 13.5934, score_test: 345.9, Learning rate:0.00002000
Epoch: 28, Loss: 10.0710, Rmse_valid: 10.8990, valid_score: 4769.4, , rmse_test: 13.5911, score_test: 339.2, Learning rate:0.00002000
Epoch: 29, Loss: 10.0558, Rmse_valid: 11.1352, valid_score: 4737.0, , rmse_test: 13.5951, score_test: 348.6, Learning rate:0.00002000
Epoch: 30, Loss: 10.0531, Rmse_valid: 10.5620, valid_score: 4749.4, , rmse_test: 13.6021, score_test: 350.5, Learning rate:0.00002000
[Train Summary] Restored best model from epoch 13, rmse_valid: 10.1691, valid_score: 4439.7, rmse_test: 13.9111, score_test: 388.8
[Train Time] start: 2026-04-24 14:36:11, end: 2026-04-24 14:43:41, duration: 0:07:30, total_seconds: 449.55
[Auto Test] command: /usr/bin/python /CMAPSS-release/scipt/test_model.py --sub-dataset FD001 --smooth-rate 30 --sequence-len 30 --feature-num 14 --dataset-root /CMAPSS-release/CMAPSSData/ --max-rul 125 --batch-size 128 --model-path /CMAPSS-release/logs/FD001_A_g_dropout0.1/seed62/model_FD001_0424_143611_seed62.pkl --no-cuda
model_path:/CMAPSS-release/logs/FD001_A_g_dropout0.1/seed62/model_FD001_0424_143611_seed62.pkl
rmse_final:13.80760669708252, score:369.4508972167969
