-----FD001-----
关键参数:
序列长度: 30
批大小(batch_size): 128
最大训练轮数(max_epochs): 30
随机数种子: 33
模型代号(model_code): A
学习率: 0.002
学习率调度器: step
Step步长(step_size): 10
Step衰减系数(gamma): 0.1
空间GAT: 开启
Decoder注意力隐层维度: 28
Decoder融合方式: concat
图构建模式(graph_mode): path
GAT层数(num_layers): 2
GAT邻居数(topk): 7
GAT嵌入维度: 8
GAT隐藏层维度: 8
------------------------------
Epoch: 1, Loss: 21.6841, Rmse_valid: 15.6621, valid_score: 6095.6, , rmse_test: 16.5153, score_test: 569.1, Learning rate:0.00200000
Epoch: 2, Loss: 13.7454, Rmse_valid: 14.3359, valid_score: 4642.0, , rmse_test: 16.0362, score_test: 332.9, Learning rate:0.00200000
Epoch: 3, Loss: 12.2943, Rmse_valid: 13.0561, valid_score: 7675.2, , rmse_test: 16.8900, score_test: 584.5, Learning rate:0.00200000
Epoch: 4, Loss: 11.6023, Rmse_valid: 11.0001, valid_score: 3928.9, , rmse_test: 15.0963, score_test: 418.7, Learning rate:0.00200000
Epoch: 5, Loss: 11.1985, Rmse_valid: 13.9147, valid_score: 4502.8, , rmse_test: 15.8320, score_test: 451.9, Learning rate:0.00200000
Epoch: 6, Loss: 10.8590, Rmse_valid: 11.7860, valid_score: 6400.4, , rmse_test: 15.1872, score_test: 507.6, Learning rate:0.00200000
Epoch: 7, Loss: 10.5619, Rmse_valid: 12.0992, valid_score: 4890.5, , rmse_test: 15.4481, score_test: 471.5, Learning rate:0.00200000
Epoch: 8, Loss: 10.2653, Rmse_valid: 11.4967, valid_score: 5720.0, , rmse_test: 15.1593, score_test: 488.1, Learning rate:0.00200000
Epoch: 9, Loss: 10.0813, Rmse_valid: 11.1051, valid_score: 4992.9, , rmse_test: 15.6676, score_test: 571.5, Learning rate:0.00200000
Epoch: 10, Loss: 9.9546, Rmse_valid: 11.9393, valid_score: 5844.0, , rmse_test: 15.9061, score_test: 567.5, Learning rate:0.00200000
Epoch: 11, Loss: 8.6520, Rmse_valid: 11.5610, valid_score: 5605.6, , rmse_test: 15.3995, score_test: 467.3, Learning rate:0.00020000
Epoch: 12, Loss: 8.5249, Rmse_valid: 11.5385, valid_score: 5905.1, , rmse_test: 15.4469, score_test: 449.4, Learning rate:0.00020000
Epoch: 13, Loss: 8.4362, Rmse_valid: 11.8965, valid_score: 6267.3, , rmse_test: 15.7372, score_test: 486.2, Learning rate:0.00020000
Epoch: 14, Loss: 8.3770, Rmse_valid: 12.2317, valid_score: 5373.6, , rmse_test: 15.6802, score_test: 433.1, Learning rate:0.00020000
Epoch: 15, Loss: 8.3203, Rmse_valid: 11.9414, valid_score: 6901.4, , rmse_test: 15.7385, score_test: 464.4, Learning rate:0.00020000
Epoch: 16, Loss: 8.2512, Rmse_valid: 12.1708, valid_score: 6118.0, , rmse_test: 15.6628, score_test: 469.4, Learning rate:0.00020000
Epoch: 17, Loss: 8.2031, Rmse_valid: 12.2382, valid_score: 6449.4, , rmse_test: 15.6709, score_test: 451.5, Learning rate:0.00020000
Epoch: 18, Loss: 8.1376, Rmse_valid: 11.9144, valid_score: 6773.8, , rmse_test: 15.7242, score_test: 481.7, Learning rate:0.00020000
Epoch: 19, Loss: 8.0772, Rmse_valid: 11.7718, valid_score: 6492.6, , rmse_test: 15.8235, score_test: 478.2, Learning rate:0.00020000
Epoch: 20, Loss: 8.0370, Rmse_valid: 12.8219, valid_score: 6722.1, , rmse_test: 15.7117, score_test: 466.5, Learning rate:0.00020000
Epoch: 21, Loss: 7.9371, Rmse_valid: 12.2693, valid_score: 6695.1, , rmse_test: 15.7205, score_test: 473.3, Learning rate:0.00002000
Epoch: 22, Loss: 7.9233, Rmse_valid: 11.8623, valid_score: 6828.0, , rmse_test: 15.7821, score_test: 488.1, Learning rate:0.00002000
Epoch: 23, Loss: 7.9178, Rmse_valid: 11.7772, valid_score: 6777.8, , rmse_test: 15.7439, score_test: 486.8, Learning rate:0.00002000
Epoch: 24, Loss: 7.9040, Rmse_valid: 11.9039, valid_score: 6820.2, , rmse_test: 15.7799, score_test: 496.0, Learning rate:0.00002000
Epoch: 25, Loss: 7.9070, Rmse_valid: 12.8306, valid_score: 6732.7, , rmse_test: 15.7568, score_test: 482.9, Learning rate:0.00002000
Epoch: 26, Loss: 7.8964, Rmse_valid: 12.1023, valid_score: 6826.2, , rmse_test: 15.7954, score_test: 487.8, Learning rate:0.00002000
Epoch: 27, Loss: 7.8897, Rmse_valid: 11.9176, valid_score: 6751.6, , rmse_test: 15.7537, score_test: 481.0, Learning rate:0.00002000
Epoch: 28, Loss: 7.8809, Rmse_valid: 11.9050, valid_score: 6796.2, , rmse_test: 15.7863, score_test: 495.6, Learning rate:0.00002000
Epoch: 29, Loss: 7.8839, Rmse_valid: 12.0728, valid_score: 6749.5, , rmse_test: 15.7721, score_test: 480.3, Learning rate:0.00002000
Epoch: 30, Loss: 7.8694, Rmse_valid: 12.2687, valid_score: 6765.7, , rmse_test: 15.7688, score_test: 484.1, Learning rate:0.00002000
[Train Summary] Restored best model from epoch 4, rmse_valid: 11.0001, valid_score: 3928.9, rmse_test: 15.0963, score_test: 418.7
[Train Time] start: 2026-04-19 11:19:23, end: 2026-04-19 11:21:06, duration: 0:01:43, total_seconds: 102.82
[Auto Test] command: /usr/bin/python /CMAPSS-release/scipt/test_model.py --sub-dataset FD001 --smooth-rate 40 --sequence-len 30 --feature-num 14 --dataset-root /CMAPSS-release/CMAPSSData/ --max-rul 125 --batch-size 128 --model-path /CMAPSS-release/trials/model_FD001_0419_111923.pkl
model_path:/CMAPSS-release/trials/model_FD001_0419_111923.pkl
rmse_final:14.903690338134766, score:397.13372802734375
