-----FD001-----
关键参数:
序列长度: 30
批大小(batch_size): 128
最大训练轮数(max_epochs): 30
随机数种子: 27
模型代号(model_code): A
学习率: 0.002
学习率调度器: step
Step步长(step_size): 10
Step衰减系数(gamma): 0.1
空间GAT: 开启
Decoder注意力隐层维度: 28
Decoder融合方式: concat
图构建模式(graph_mode): path
GAT层数(num_layers): 2
GAT邻居数(topk): 7
GAT嵌入维度: 8
GAT隐藏层维度: 8
------------------------------
Epoch: 1, Loss: 24.5404, Rmse_valid: 15.9169, valid_score: 7338.8, , rmse_test: 17.6483, score_test: 639.3, Learning rate:0.00200000
Epoch: 2, Loss: 15.5930, Rmse_valid: 13.2495, valid_score: 6576.7, , rmse_test: 15.1362, score_test: 423.5, Learning rate:0.00200000
Epoch: 3, Loss: 13.5144, Rmse_valid: 12.3135, valid_score: 5538.1, , rmse_test: 14.5749, score_test: 345.8, Learning rate:0.00200000
Epoch: 4, Loss: 12.4589, Rmse_valid: 12.2512, valid_score: 7059.0, , rmse_test: 15.0189, score_test: 512.5, Learning rate:0.00200000
Epoch: 5, Loss: 12.0417, Rmse_valid: 12.4525, valid_score: 3863.6, , rmse_test: 13.7791, score_test: 311.9, Learning rate:0.00200000
Epoch: 6, Loss: 11.4985, Rmse_valid: 12.8752, valid_score: 6889.3, , rmse_test: 14.7764, score_test: 454.2, Learning rate:0.00200000
Epoch: 7, Loss: 11.2180, Rmse_valid: 22.2634, valid_score: 15773.9, , rmse_test: 19.9240, score_test: 834.0, Learning rate:0.00200000
Epoch: 8, Loss: 11.0264, Rmse_valid: 11.0048, valid_score: 3625.1, , rmse_test: 13.5454, score_test: 246.0, Learning rate:0.00200000
Epoch: 9, Loss: 10.7496, Rmse_valid: 11.2390, valid_score: 4342.4, , rmse_test: 14.1396, score_test: 370.0, Learning rate:0.00200000
Epoch: 10, Loss: 10.3804, Rmse_valid: 10.6378, valid_score: 4204.4, , rmse_test: 14.0996, score_test: 313.4, Learning rate:0.00200000
Epoch: 11, Loss: 9.3194, Rmse_valid: 11.2104, valid_score: 4520.4, , rmse_test: 13.9736, score_test: 369.5, Learning rate:0.00020000
Epoch: 12, Loss: 9.1829, Rmse_valid: 10.9203, valid_score: 4448.7, , rmse_test: 14.0397, score_test: 357.4, Learning rate:0.00020000
Epoch: 13, Loss: 9.1146, Rmse_valid: 11.2642, valid_score: 4757.2, , rmse_test: 14.1891, score_test: 377.2, Learning rate:0.00020000
Epoch: 14, Loss: 9.0494, Rmse_valid: 11.3549, valid_score: 4583.8, , rmse_test: 14.1938, score_test: 368.8, Learning rate:0.00020000
Epoch: 15, Loss: 9.0030, Rmse_valid: 11.3477, valid_score: 5328.2, , rmse_test: 14.5386, score_test: 432.1, Learning rate:0.00020000
Epoch: 16, Loss: 8.9515, Rmse_valid: 10.8204, valid_score: 4305.1, , rmse_test: 14.1802, score_test: 342.2, Learning rate:0.00020000
Epoch: 17, Loss: 8.8998, Rmse_valid: 11.4833, valid_score: 4807.2, , rmse_test: 14.3893, score_test: 394.5, Learning rate:0.00020000
Epoch: 18, Loss: 8.8564, Rmse_valid: 11.3145, valid_score: 4816.7, , rmse_test: 14.3618, score_test: 367.2, Learning rate:0.00020000
Epoch: 19, Loss: 8.8086, Rmse_valid: 11.3207, valid_score: 5006.8, , rmse_test: 14.5506, score_test: 407.2, Learning rate:0.00020000
Epoch: 20, Loss: 8.7752, Rmse_valid: 10.8909, valid_score: 4645.2, , rmse_test: 14.3995, score_test: 363.4, Learning rate:0.00020000
Epoch: 21, Loss: 8.6919, Rmse_valid: 11.5661, valid_score: 5184.2, , rmse_test: 14.4805, score_test: 393.9, Learning rate:0.00002000
Epoch: 22, Loss: 8.6688, Rmse_valid: 11.2393, valid_score: 5091.0, , rmse_test: 14.4272, score_test: 387.3, Learning rate:0.00002000
Epoch: 23, Loss: 8.6659, Rmse_valid: 11.8813, valid_score: 5262.8, , rmse_test: 14.5045, score_test: 399.7, Learning rate:0.00002000
Epoch: 24, Loss: 8.6595, Rmse_valid: 12.0008, valid_score: 5329.9, , rmse_test: 14.5102, score_test: 401.0, Learning rate:0.00002000
Epoch: 25, Loss: 8.6639, Rmse_valid: 11.4993, valid_score: 5146.2, , rmse_test: 14.4719, score_test: 392.9, Learning rate:0.00002000
Epoch: 26, Loss: 8.6555, Rmse_valid: 11.2641, valid_score: 5288.5, , rmse_test: 14.4963, score_test: 399.0, Learning rate:0.00002000
Epoch: 27, Loss: 8.6407, Rmse_valid: 11.7452, valid_score: 5248.3, , rmse_test: 14.4634, score_test: 391.5, Learning rate:0.00002000
Epoch: 28, Loss: 8.6410, Rmse_valid: 11.9651, valid_score: 5201.1, , rmse_test: 14.4519, score_test: 387.0, Learning rate:0.00002000
Epoch: 29, Loss: 8.6275, Rmse_valid: 11.5271, valid_score: 5298.6, , rmse_test: 14.4730, score_test: 392.1, Learning rate:0.00002000
Epoch: 30, Loss: 8.6296, Rmse_valid: 11.3193, valid_score: 5225.4, , rmse_test: 14.4939, score_test: 396.6, Learning rate:0.00002000
[Train Summary] Restored best model from epoch 10, rmse_valid: 10.6378, valid_score: 4204.4, rmse_test: 14.0996, score_test: 313.4
[Train Time] start: 2026-04-19 11:15:16, end: 2026-04-19 11:17:00, duration: 0:01:43, total_seconds: 103.16
[Auto Test] command: /usr/bin/python /CMAPSS-release/scipt/test_model.py --sub-dataset FD001 --smooth-rate 40 --sequence-len 30 --feature-num 14 --dataset-root /CMAPSS-release/CMAPSSData/ --max-rul 125 --batch-size 128 --model-path /CMAPSS-release/trials/model_FD001_0419_111516.pkl
model_path:/CMAPSS-release/trials/model_FD001_0419_111516.pkl
rmse_final:14.060938835144043, score:307.1683044433594
