-----FD002-----
关键参数:
序列长度: 30
批大小(batch_size): 128
最大训练轮数(max_epochs): 30
随机数种子: 62
模型代号(model_code): FD002_E
学习率: 0.002
学习率调度器: step
Step步长(step_size): 10
Step衰减系数(gamma): 0.1
空间GAT: 关闭
时间注意力: 关闭
Decoder融合方式: gate
------------------------------
Epoch: 1, Loss: 29.5566, Rmse_valid: 23.2327, valid_score: 122047.3, , rmse_test: 23.1998, score_test: 6396.8, Learning rate:0.00200000
Epoch: 2, Loss: 22.2323, Rmse_valid: 19.9206, valid_score: 60511.2, , rmse_test: 18.0800, score_test: 1949.1, Learning rate:0.00200000
Epoch: 3, Loss: 19.1874, Rmse_valid: 21.2850, valid_score: 41760.8, , rmse_test: 19.3370, score_test: 1490.8, Learning rate:0.00200000
Epoch: 4, Loss: 17.9687, Rmse_valid: 17.3106, valid_score: 41533.1, , rmse_test: 15.4657, score_test: 1093.2, Learning rate:0.00200000
Epoch: 5, Loss: 17.3815, Rmse_valid: 19.9427, valid_score: 79461.0, , rmse_test: 19.2798, score_test: 2653.8, Learning rate:0.00200000
Epoch: 6, Loss: 17.0218, Rmse_valid: 17.0830, valid_score: 32541.0, , rmse_test: 15.0977, score_test: 933.8, Learning rate:0.00200000
Epoch: 7, Loss: 16.6537, Rmse_valid: 17.9267, valid_score: 61081.8, , rmse_test: 15.8736, score_test: 1683.3, Learning rate:0.00200000
Epoch: 8, Loss: 16.2563, Rmse_valid: 16.2780, valid_score: 37015.4, , rmse_test: 14.6154, score_test: 1134.9, Learning rate:0.00200000
Epoch: 9, Loss: 16.0056, Rmse_valid: 17.2634, valid_score: 61944.5, , rmse_test: 15.3625, score_test: 1441.6, Learning rate:0.00200000
Epoch: 10, Loss: 15.9156, Rmse_valid: 16.6195, valid_score: 27986.5, , rmse_test: 14.2024, score_test: 932.3, Learning rate:0.00200000
Epoch: 11, Loss: 14.3759, Rmse_valid: 15.5195, valid_score: 37287.5, , rmse_test: 14.1208, score_test: 1078.0, Learning rate:0.00020000
Epoch: 12, Loss: 14.2602, Rmse_valid: 15.3892, valid_score: 33269.9, , rmse_test: 13.9332, score_test: 1012.8, Learning rate:0.00020000
Epoch: 13, Loss: 14.2029, Rmse_valid: 15.6105, valid_score: 34588.3, , rmse_test: 14.2317, score_test: 1047.3, Learning rate:0.00020000
Epoch: 14, Loss: 14.1619, Rmse_valid: 15.1842, valid_score: 32359.5, , rmse_test: 13.9000, score_test: 978.5, Learning rate:0.00020000
Epoch: 15, Loss: 14.1102, Rmse_valid: 15.7365, valid_score: 30095.9, , rmse_test: 13.8451, score_test: 882.8, Learning rate:0.00020000
Epoch: 16, Loss: 14.0656, Rmse_valid: 15.2635, valid_score: 35222.7, , rmse_test: 13.8179, score_test: 1001.0, Learning rate:0.00020000
Epoch: 17, Loss: 14.0276, Rmse_valid: 15.5971, valid_score: 29566.6, , rmse_test: 13.7616, score_test: 848.2, Learning rate:0.00020000
Epoch: 18, Loss: 13.9788, Rmse_valid: 15.4062, valid_score: 34188.1, , rmse_test: 13.8261, score_test: 932.3, Learning rate:0.00020000
Epoch: 19, Loss: 13.9507, Rmse_valid: 15.2761, valid_score: 30014.6, , rmse_test: 13.6451, score_test: 932.6, Learning rate:0.00020000
Epoch: 20, Loss: 13.9007, Rmse_valid: 15.2155, valid_score: 34414.0, , rmse_test: 13.7606, score_test: 960.2, Learning rate:0.00020000
Epoch: 21, Loss: 13.8100, Rmse_valid: 15.2029, valid_score: 32224.3, , rmse_test: 13.7398, score_test: 957.8, Learning rate:0.00002000
Epoch: 22, Loss: 13.8023, Rmse_valid: 15.2234, valid_score: 32595.2, , rmse_test: 13.7252, score_test: 940.4, Learning rate:0.00002000
Epoch: 23, Loss: 13.7994, Rmse_valid: 15.1965, valid_score: 32237.2, , rmse_test: 13.7301, score_test: 966.1, Learning rate:0.00002000
Epoch: 24, Loss: 13.7941, Rmse_valid: 15.1907, valid_score: 32026.7, , rmse_test: 13.7067, score_test: 948.1, Learning rate:0.00002000
Epoch: 25, Loss: 13.7896, Rmse_valid: 15.2319, valid_score: 31829.3, , rmse_test: 13.7159, score_test: 960.7, Learning rate:0.00002000
Epoch: 26, Loss: 13.7830, Rmse_valid: 15.1497, valid_score: 32665.5, , rmse_test: 13.7335, score_test: 973.7, Learning rate:0.00002000
Epoch: 27, Loss: 13.7816, Rmse_valid: 15.1916, valid_score: 32251.4, , rmse_test: 13.7385, score_test: 967.9, Learning rate:0.00002000
Epoch: 28, Loss: 13.7756, Rmse_valid: 15.2489, valid_score: 30385.3, , rmse_test: 13.7253, score_test: 936.8, Learning rate:0.00002000
Epoch: 29, Loss: 13.7733, Rmse_valid: 15.1773, valid_score: 31371.3, , rmse_test: 13.6964, score_test: 944.1, Learning rate:0.00002000
Epoch: 30, Loss: 13.7696, Rmse_valid: 15.1121, valid_score: 33090.4, , rmse_test: 13.7745, score_test: 996.7, Learning rate:0.00002000
[Train Summary] Restored best model from epoch 30, rmse_valid: 15.1121, valid_score: 33090.4, rmse_test: 13.7745, score_test: 996.7
[Train Time] start: 2026-04-17 19:07:00, end: 2026-04-17 19:10:17, duration: 0:03:17, total_seconds: 197.30
[Auto Test] command: /usr/bin/python /CMAPSS-release/scipt/test_model.py --sub-dataset FD002 --smooth-rate 40 --sequence-len 30 --feature-num 14 --dataset-root /CMAPSS-release/CMAPSSData/ --max-rul 125 --batch-size 128 --model-path /CMAPSS-release/trials/model_FD002_0417_190700.pkl
model_path:/CMAPSS-release/trials/model_FD002_0417_190700.pkl
rmse_final:13.691301345825195, score:966.0941162109375
