-----FD004-----
关键参数:
序列长度: 30
批大小(batch_size): 128
最大训练轮数(max_epochs): 30
随机数种子: 2
模型代号(model_code): FD004_GAT_2L_hidden_dim4
学习率: 0.002
学习率调度器: step
Step步长(step_size): 10
Step衰减系数(gamma): 0.1
空间GAT: 开启
时间注意力: 关闭
Decoder融合方式: concat
图构建模式(graph_mode): dynamic_knn
GAT层数(num_layers): 2
GAT邻居数(topk): 5
GAT嵌入维度: 16
GAT隐藏层维度: 4
------------------------------
Epoch: 1, Loss: 26.2759, Rmse_valid: 21.0327, valid_score: 58816.3, , rmse_test: 23.8041, score_test: 5442.2, Learning rate:0.00200000
Epoch: 2, Loss: 21.5928, Rmse_valid: 20.5996, valid_score: 53760.4, , rmse_test: 20.5272, score_test: 2472.2, Learning rate:0.00200000
Epoch: 3, Loss: 20.1411, Rmse_valid: 18.8622, valid_score: 42584.4, , rmse_test: 19.9788, score_test: 2769.6, Learning rate:0.00200000
Epoch: 4, Loss: 19.3835, Rmse_valid: 18.8925, valid_score: 73264.4, , rmse_test: 20.8110, score_test: 5591.1, Learning rate:0.00200000
Epoch: 5, Loss: 18.8409, Rmse_valid: 21.0613, valid_score: 106134.5, , rmse_test: 20.2887, score_test: 3682.8, Learning rate:0.00200000
Epoch: 6, Loss: 18.4229, Rmse_valid: 18.2725, valid_score: 47988.7, , rmse_test: 18.6434, score_test: 2257.7, Learning rate:0.00200000
Epoch: 7, Loss: 17.8750, Rmse_valid: 17.7834, valid_score: 42730.8, , rmse_test: 18.3226, score_test: 1946.0, Learning rate:0.00200000
Epoch: 8, Loss: 17.4427, Rmse_valid: 16.2874, valid_score: 35422.2, , rmse_test: 18.3410, score_test: 2658.4, Learning rate:0.00200000
Epoch: 9, Loss: 17.0115, Rmse_valid: 16.4725, valid_score: 33730.0, , rmse_test: 19.2491, score_test: 2543.4, Learning rate:0.00200000
Epoch: 10, Loss: 16.5792, Rmse_valid: 18.9384, valid_score: 65662.1, , rmse_test: 20.6002, score_test: 5398.0, Learning rate:0.00200000
Epoch: 11, Loss: 14.9687, Rmse_valid: 16.4877, valid_score: 38236.1, , rmse_test: 18.1467, score_test: 2512.4, Learning rate:0.00020000
Epoch: 12, Loss: 14.7867, Rmse_valid: 16.0717, valid_score: 33915.1, , rmse_test: 18.1817, score_test: 2253.1, Learning rate:0.00020000
Epoch: 13, Loss: 14.6861, Rmse_valid: 16.3609, valid_score: 38405.1, , rmse_test: 18.0213, score_test: 2079.6, Learning rate:0.00020000
Epoch: 14, Loss: 14.5951, Rmse_valid: 16.3712, valid_score: 36868.2, , rmse_test: 18.0901, score_test: 2113.3, Learning rate:0.00020000
Epoch: 15, Loss: 14.5320, Rmse_valid: 16.4131, valid_score: 35683.6, , rmse_test: 18.0744, score_test: 2137.2, Learning rate:0.00020000
Epoch: 16, Loss: 14.4760, Rmse_valid: 16.3515, valid_score: 37526.2, , rmse_test: 18.0861, score_test: 2124.1, Learning rate:0.00020000
Epoch: 17, Loss: 14.4259, Rmse_valid: 16.0994, valid_score: 32623.0, , rmse_test: 18.0844, score_test: 2019.0, Learning rate:0.00020000
Epoch: 18, Loss: 14.3773, Rmse_valid: 16.2903, valid_score: 35403.4, , rmse_test: 18.1540, score_test: 1946.9, Learning rate:0.00020000
Epoch: 19, Loss: 14.3327, Rmse_valid: 16.7078, valid_score: 36519.1, , rmse_test: 18.1616, score_test: 2024.9, Learning rate:0.00020000
Epoch: 20, Loss: 14.2860, Rmse_valid: 16.1765, valid_score: 33514.5, , rmse_test: 18.0909, score_test: 1980.6, Learning rate:0.00020000
Epoch: 21, Loss: 14.1567, Rmse_valid: 16.3647, valid_score: 37821.7, , rmse_test: 18.2866, score_test: 2274.7, Learning rate:0.00002000
Epoch: 22, Loss: 14.1436, Rmse_valid: 16.3312, valid_score: 37569.3, , rmse_test: 18.2509, score_test: 2213.3, Learning rate:0.00002000
Epoch: 23, Loss: 14.1364, Rmse_valid: 16.4072, valid_score: 37473.4, , rmse_test: 18.3192, score_test: 2247.4, Learning rate:0.00002000
Epoch: 24, Loss: 14.1340, Rmse_valid: 16.4430, valid_score: 38418.4, , rmse_test: 18.3390, score_test: 2322.9, Learning rate:0.00002000
Epoch: 25, Loss: 14.1266, Rmse_valid: 16.3380, valid_score: 37952.1, , rmse_test: 18.3130, score_test: 2266.2, Learning rate:0.00002000
Epoch: 26, Loss: 14.1202, Rmse_valid: 16.3366, valid_score: 37226.0, , rmse_test: 18.2448, score_test: 2197.0, Learning rate:0.00002000
Epoch: 27, Loss: 14.1171, Rmse_valid: 16.4583, valid_score: 39761.1, , rmse_test: 18.3126, score_test: 2304.7, Learning rate:0.00002000
Epoch: 28, Loss: 14.1164, Rmse_valid: 16.4806, valid_score: 38002.0, , rmse_test: 18.2425, score_test: 2232.2, Learning rate:0.00002000
Epoch: 29, Loss: 14.1100, Rmse_valid: 16.4154, valid_score: 37491.1, , rmse_test: 18.2636, score_test: 2204.9, Learning rate:0.00002000
Epoch: 30, Loss: 14.1049, Rmse_valid: 16.5012, valid_score: 38246.6, , rmse_test: 18.2480, score_test: 2188.1, Learning rate:0.00002000
[Train Summary] Restored best model from epoch 12, rmse_valid: 16.0717, valid_score: 33915.1, rmse_test: 18.1817, score_test: 2253.1
[Train Time] start: 2026-04-17 10:21:42, end: 2026-04-17 10:29:32, duration: 0:07:50, total_seconds: 470.45
[Auto Test] command: /usr/bin/python /CMAPSS-release/scipt/test_model.py --sub-dataset FD004 --smooth-rate 40 --sequence-len 30 --feature-num 14 --dataset-root /CMAPSS-release/CMAPSSData/ --max-rul 125 --batch-size 128 --model-path /CMAPSS-release/trials/model_FD004_0417_102142.pkl
model_path:/CMAPSS-release/trials/model_FD004_0417_102142.pkl
rmse_final:18.12757110595703, score:2153.05712890625
