-----FD004-----
关键参数:
序列长度: 30
批大小(batch_size): 128
最大训练轮数(max_epochs): 30
随机数种子: 17
模型代号(model_code): FD004_reproduce20
学习率: 0.002
学习率调度器: step
Step步长(step_size): 10
Step衰减系数(gamma): 0.1
空间GAT: 开启
Decoder注意力隐层维度: 28
Decoder融合方式: concat
图构建模式(graph_mode): dynamic_knn
GAT层数(num_layers): 2
GAT邻居数(topk): 5
GAT嵌入维度: 64
GAT隐藏层维度: 8
------------------------------
Epoch: 1, Loss: 27.7470, Rmse_valid: 21.2667, valid_score: 51111.2, , rmse_test: 24.9389, score_test: 4943.2, Learning rate:0.00200000
Epoch: 2, Loss: 22.0445, Rmse_valid: 22.6300, valid_score: 141450.7, , rmse_test: 22.9179, score_test: 6497.4, Learning rate:0.00200000
Epoch: 3, Loss: 20.3895, Rmse_valid: 18.9637, valid_score: 50726.4, , rmse_test: 19.9177, score_test: 3828.0, Learning rate:0.00200000
Epoch: 4, Loss: 19.4259, Rmse_valid: 18.8721, valid_score: 49501.1, , rmse_test: 19.9311, score_test: 2686.8, Learning rate:0.00200000
Epoch: 5, Loss: 18.6699, Rmse_valid: 18.1751, valid_score: 48192.1, , rmse_test: 19.0351, score_test: 3873.3, Learning rate:0.00200000
Epoch: 6, Loss: 17.9273, Rmse_valid: 20.1184, valid_score: 46868.6, , rmse_test: 20.9141, score_test: 3415.8, Learning rate:0.00200000
