-----FD004-----
关键参数:
序列长度: 30
批大小(batch_size): 128
最大训练轮数(max_epochs): 30
随机数种子: 17
模型代号(model_code): FD004_GAT_embed_dim8_topk3
学习率: 0.002
学习率调度器: step
Step步长(step_size): 10
Step衰减系数(gamma): 0.1
空间GAT: 开启
时间注意力: 关闭
Decoder融合方式: concat
图构建模式(graph_mode): dynamic_knn
GAT层数(num_layers): 2
GAT邻居数(topk): 3
GAT嵌入维度: 8
GAT隐藏层维度: 16
------------------------------
Epoch: 1, Loss: 27.5547, Rmse_valid: 20.8658, valid_score: 76031.4, , rmse_test: 24.8950, score_test: 8894.3, Learning rate:0.00200000
Epoch: 2, Loss: 21.4279, Rmse_valid: 20.7428, valid_score: 90908.0, , rmse_test: 22.5375, score_test: 7897.7, Learning rate:0.00200000
Epoch: 3, Loss: 19.9971, Rmse_valid: 23.1222, valid_score: 156385.4, , rmse_test: 24.4972, score_test: 9381.7, Learning rate:0.00200000
Epoch: 4, Loss: 19.0137, Rmse_valid: 19.0829, valid_score: 33667.8, , rmse_test: 20.4341, score_test: 2081.4, Learning rate:0.00200000
Epoch: 5, Loss: 18.4085, Rmse_valid: 18.4335, valid_score: 37970.6, , rmse_test: 18.9666, score_test: 1939.2, Learning rate:0.00200000
Epoch: 6, Loss: 17.9161, Rmse_valid: 19.8924, valid_score: 78230.9, , rmse_test: 20.7667, score_test: 5051.0, Learning rate:0.00200000
Epoch: 7, Loss: 17.4774, Rmse_valid: 17.2143, valid_score: 30390.5, , rmse_test: 18.4270, score_test: 1979.6, Learning rate:0.00200000
Epoch: 8, Loss: 17.1363, Rmse_valid: 18.3831, valid_score: 50927.9, , rmse_test: 18.7343, score_test: 2446.1, Learning rate:0.00200000
Epoch: 9, Loss: 16.8350, Rmse_valid: 18.3287, valid_score: 66710.9, , rmse_test: 19.2275, score_test: 3508.3, Learning rate:0.00200000
Epoch: 10, Loss: 16.6460, Rmse_valid: 18.1470, valid_score: 46960.9, , rmse_test: 18.5842, score_test: 2296.1, Learning rate:0.00200000
Epoch: 11, Loss: 14.9162, Rmse_valid: 17.3554, valid_score: 44413.3, , rmse_test: 17.8466, score_test: 2327.5, Learning rate:0.00020000
Epoch: 12, Loss: 14.6976, Rmse_valid: 17.4459, valid_score: 45276.6, , rmse_test: 17.9837, score_test: 2342.9, Learning rate:0.00020000
Epoch: 13, Loss: 14.6088, Rmse_valid: 17.4213, valid_score: 49325.0, , rmse_test: 18.0583, score_test: 2185.4, Learning rate:0.00020000
Epoch: 14, Loss: 14.5376, Rmse_valid: 17.1062, valid_score: 40292.8, , rmse_test: 17.3695, score_test: 1846.0, Learning rate:0.00020000
Epoch: 15, Loss: 14.4795, Rmse_valid: 16.9680, valid_score: 39575.3, , rmse_test: 17.4965, score_test: 1778.7, Learning rate:0.00020000
Epoch: 16, Loss: 14.4215, Rmse_valid: 17.1996, valid_score: 45448.1, , rmse_test: 17.4665, score_test: 1985.7, Learning rate:0.00020000
Epoch: 17, Loss: 14.3783, Rmse_valid: 17.2952, valid_score: 43318.4, , rmse_test: 17.3646, score_test: 1794.6, Learning rate:0.00020000
Epoch: 18, Loss: 14.3153, Rmse_valid: 17.0216, valid_score: 43525.4, , rmse_test: 17.6840, score_test: 1963.0, Learning rate:0.00020000
Epoch: 19, Loss: 14.2878, Rmse_valid: 17.1040, valid_score: 44932.0, , rmse_test: 17.4280, score_test: 1918.8, Learning rate:0.00020000
Epoch: 20, Loss: 14.2558, Rmse_valid: 17.3544, valid_score: 48756.8, , rmse_test: 17.7958, score_test: 1942.6, Learning rate:0.00020000
Epoch: 21, Loss: 14.1059, Rmse_valid: 17.0247, valid_score: 41358.0, , rmse_test: 17.4996, score_test: 1834.0, Learning rate:0.00002000
Epoch: 22, Loss: 14.0873, Rmse_valid: 17.1318, valid_score: 42961.4, , rmse_test: 17.5038, score_test: 1893.1, Learning rate:0.00002000
Epoch: 23, Loss: 14.0840, Rmse_valid: 16.8187, valid_score: 43625.9, , rmse_test: 17.5633, score_test: 1943.0, Learning rate:0.00002000
Epoch: 24, Loss: 14.0764, Rmse_valid: 16.8798, valid_score: 43015.3, , rmse_test: 17.5325, score_test: 1915.4, Learning rate:0.00002000
Epoch: 25, Loss: 14.0717, Rmse_valid: 17.1000, valid_score: 42457.0, , rmse_test: 17.5056, score_test: 1874.0, Learning rate:0.00002000
Epoch: 26, Loss: 14.0686, Rmse_valid: 17.0213, valid_score: 43770.4, , rmse_test: 17.6368, score_test: 2008.2, Learning rate:0.00002000
Epoch: 27, Loss: 14.0618, Rmse_valid: 17.0403, valid_score: 42626.4, , rmse_test: 17.6329, score_test: 1961.4, Learning rate:0.00002000
Epoch: 28, Loss: 14.0577, Rmse_valid: 17.1129, valid_score: 43911.6, , rmse_test: 17.5258, score_test: 1911.8, Learning rate:0.00002000
Epoch: 29, Loss: 14.0517, Rmse_valid: 16.9689, valid_score: 42470.9, , rmse_test: 17.5421, score_test: 1911.9, Learning rate:0.00002000
Epoch: 30, Loss: 14.0478, Rmse_valid: 17.0310, valid_score: 43589.3, , rmse_test: 17.5534, score_test: 1889.6, Learning rate:0.00002000
[Train Summary] Restored best model from epoch 23, rmse_valid: 16.8187, valid_score: 43625.9, rmse_test: 17.5633, score_test: 1943.0
[Train Time] start: 2026-04-17 00:19:38, end: 2026-04-17 00:27:36, duration: 0:07:58, total_seconds: 477.78
[Auto Test] command: /usr/bin/python /CMAPSS-release/scipt/test_model.py --sub-dataset FD004 --smooth-rate 40 --sequence-len 30 --feature-num 14 --dataset-root /CMAPSS-release/CMAPSSData/ --max-rul 125 --batch-size 128 --model-path /CMAPSS-release/trials/model_FD004_0417_001938.pkl
model_path:/CMAPSS-release/trials/model_FD004_0417_001938.pkl
rmse_final:17.484786987304688, score:1869.7364501953125
