-----FD004-----
关键参数:
序列长度: 30
批大小(batch_size): 128
最大训练轮数(max_epochs): 30
随机数种子: 33
模型代号(model_code): FD004_GAT_2L_hidden_dim6
学习率: 0.002
学习率调度器: step
Step步长(step_size): 10
Step衰减系数(gamma): 0.1
空间GAT: 开启
时间注意力: 关闭
Decoder融合方式: concat
图构建模式(graph_mode): dynamic_knn
GAT层数(num_layers): 2
GAT邻居数(topk): 5
GAT嵌入维度: 16
GAT隐藏层维度: 6
------------------------------
Epoch: 1, Loss: 24.6985, Rmse_valid: 20.5821, valid_score: 72754.5, , rmse_test: 23.1041, score_test: 6188.4, Learning rate:0.00200000
Epoch: 2, Loss: 20.7940, Rmse_valid: 20.0837, valid_score: 84469.4, , rmse_test: 22.0648, score_test: 6342.7, Learning rate:0.00200000
Epoch: 3, Loss: 19.5692, Rmse_valid: 19.0021, valid_score: 46995.2, , rmse_test: 20.1534, score_test: 4270.8, Learning rate:0.00200000
Epoch: 4, Loss: 18.8004, Rmse_valid: 19.7615, valid_score: 69058.7, , rmse_test: 20.2384, score_test: 5801.4, Learning rate:0.00200000
Epoch: 5, Loss: 18.1607, Rmse_valid: 20.6553, valid_score: 48798.7, , rmse_test: 21.6246, score_test: 2540.2, Learning rate:0.00200000
Epoch: 6, Loss: 17.6895, Rmse_valid: 19.2529, valid_score: 70929.1, , rmse_test: 19.5902, score_test: 4914.2, Learning rate:0.00200000
Epoch: 7, Loss: 17.2209, Rmse_valid: 20.0514, valid_score: 112506.9, , rmse_test: 19.9112, score_test: 5501.1, Learning rate:0.00200000
Epoch: 8, Loss: 16.8626, Rmse_valid: 18.8730, valid_score: 74738.3, , rmse_test: 18.3542, score_test: 2708.8, Learning rate:0.00200000
Epoch: 9, Loss: 16.4692, Rmse_valid: 18.3354, valid_score: 62005.4, , rmse_test: 18.5746, score_test: 2303.2, Learning rate:0.00200000
Epoch: 10, Loss: 16.2822, Rmse_valid: 18.3613, valid_score: 66778.1, , rmse_test: 18.1245, score_test: 2544.9, Learning rate:0.00200000
Epoch: 11, Loss: 14.5524, Rmse_valid: 17.8727, valid_score: 61411.2, , rmse_test: 17.9184, score_test: 2304.9, Learning rate:0.00020000
Epoch: 12, Loss: 14.3723, Rmse_valid: 17.8887, valid_score: 64356.1, , rmse_test: 17.7271, score_test: 2247.9, Learning rate:0.00020000
Epoch: 13, Loss: 14.2538, Rmse_valid: 18.2634, valid_score: 75396.2, , rmse_test: 17.8818, score_test: 2371.5, Learning rate:0.00020000
Epoch: 14, Loss: 14.1610, Rmse_valid: 18.1166, valid_score: 62117.5, , rmse_test: 17.7124, score_test: 2105.9, Learning rate:0.00020000
Epoch: 15, Loss: 14.0893, Rmse_valid: 17.9946, valid_score: 68025.0, , rmse_test: 17.8784, score_test: 2332.5, Learning rate:0.00020000
Epoch: 16, Loss: 14.0424, Rmse_valid: 17.6148, valid_score: 61081.2, , rmse_test: 17.5856, score_test: 1907.7, Learning rate:0.00020000
Epoch: 17, Loss: 13.9672, Rmse_valid: 17.9822, valid_score: 67773.2, , rmse_test: 18.0372, score_test: 2391.5, Learning rate:0.00020000
Epoch: 18, Loss: 13.9011, Rmse_valid: 17.9112, valid_score: 61591.9, , rmse_test: 18.1300, score_test: 2229.1, Learning rate:0.00020000
Epoch: 19, Loss: 13.8555, Rmse_valid: 18.2999, valid_score: 70316.6, , rmse_test: 17.7605, score_test: 1990.9, Learning rate:0.00020000
Epoch: 20, Loss: 13.7952, Rmse_valid: 18.4965, valid_score: 78091.5, , rmse_test: 17.8928, score_test: 2246.1, Learning rate:0.00020000
Epoch: 21, Loss: 13.6437, Rmse_valid: 18.1584, valid_score: 71213.4, , rmse_test: 17.8483, score_test: 2107.7, Learning rate:0.00002000
Epoch: 22, Loss: 13.6270, Rmse_valid: 18.1769, valid_score: 67718.3, , rmse_test: 17.8738, score_test: 2099.4, Learning rate:0.00002000
Epoch: 23, Loss: 13.6233, Rmse_valid: 18.3118, valid_score: 72023.8, , rmse_test: 17.8954, score_test: 2154.1, Learning rate:0.00002000
Epoch: 24, Loss: 13.6150, Rmse_valid: 17.9084, valid_score: 68521.2, , rmse_test: 17.8831, score_test: 2096.9, Learning rate:0.00002000
Epoch: 25, Loss: 13.6088, Rmse_valid: 18.1095, valid_score: 71777.0, , rmse_test: 17.8439, score_test: 2110.3, Learning rate:0.00002000
Epoch: 26, Loss: 13.6005, Rmse_valid: 18.1780, valid_score: 72091.0, , rmse_test: 17.9145, score_test: 2153.6, Learning rate:0.00002000
Epoch: 27, Loss: 13.5962, Rmse_valid: 17.8424, valid_score: 70368.4, , rmse_test: 17.8739, score_test: 2111.7, Learning rate:0.00002000
Epoch: 28, Loss: 13.5886, Rmse_valid: 18.0588, valid_score: 72000.9, , rmse_test: 17.9063, score_test: 2115.9, Learning rate:0.00002000
Epoch: 29, Loss: 13.5842, Rmse_valid: 17.9922, valid_score: 70080.6, , rmse_test: 17.8962, score_test: 2095.0, Learning rate:0.00002000
Epoch: 30, Loss: 13.5787, Rmse_valid: 17.9591, valid_score: 70811.4, , rmse_test: 17.9502, score_test: 2156.5, Learning rate:0.00002000
[Train Summary] Restored best model from epoch 16, rmse_valid: 17.6148, valid_score: 61081.2, rmse_test: 17.5856, score_test: 1907.7
[Train Time] start: 2026-04-16 20:14:06, end: 2026-04-16 20:22:12, duration: 0:08:06, total_seconds: 485.80
[Auto Test] command: /usr/bin/python /CMAPSS-release/scipt/test_model.py --sub-dataset FD004 --smooth-rate 40 --sequence-len 30 --feature-num 14 --dataset-root /CMAPSS-release/CMAPSSData/ --max-rul 125 --batch-size 128 --model-path /CMAPSS-release/trials/model_FD004_0416_201406.pkl
model_path:/CMAPSS-release/trials/model_FD004_0416_201406.pkl
rmse_final:17.484323501586914, score:1822.4010009765625
