-----FD004-----
关键参数:
序列长度: 30
批大小(batch_size): 128
最大训练轮数(max_epochs): 30
随机数种子: 33
模型代号(model_code): FD004_E
学习率: 0.002
学习率调度器: step
Step步长(step_size): 10
Step衰减系数(gamma): 0.1
空间GAT: 关闭
时间注意力: 关闭
Decoder融合方式: gate
------------------------------
Epoch: 1, Loss: 26.5796, Rmse_valid: 21.9092, valid_score: 58152.6, , rmse_test: 26.2967, score_test: 9314.9, Learning rate:0.00200000
Epoch: 2, Loss: 21.9268, Rmse_valid: 20.5839, valid_score: 75878.4, , rmse_test: 21.7493, score_test: 4869.7, Learning rate:0.00200000
Epoch: 3, Loss: 19.9639, Rmse_valid: 18.5349, valid_score: 51163.6, , rmse_test: 19.3713, score_test: 2706.1, Learning rate:0.00200000
Epoch: 4, Loss: 18.8409, Rmse_valid: 17.7257, valid_score: 47625.5, , rmse_test: 18.5154, score_test: 1749.1, Learning rate:0.00200000
Epoch: 5, Loss: 18.1211, Rmse_valid: 17.5045, valid_score: 43663.8, , rmse_test: 18.3538, score_test: 2637.4, Learning rate:0.00200000
Epoch: 6, Loss: 17.4854, Rmse_valid: 17.5082, valid_score: 48761.4, , rmse_test: 18.4457, score_test: 2865.2, Learning rate:0.00200000
Epoch: 7, Loss: 17.2801, Rmse_valid: 17.1476, valid_score: 68080.2, , rmse_test: 18.4922, score_test: 2273.5, Learning rate:0.00200000
Epoch: 8, Loss: 16.9458, Rmse_valid: 18.1522, valid_score: 175250.3, , rmse_test: 18.3039, score_test: 2241.8, Learning rate:0.00200000
Epoch: 9, Loss: 16.7808, Rmse_valid: 17.0069, valid_score: 116547.6, , rmse_test: 18.2583, score_test: 1807.3, Learning rate:0.00200000
Epoch: 10, Loss: 16.5896, Rmse_valid: 17.5060, valid_score: 36714.6, , rmse_test: 17.6973, score_test: 2117.2, Learning rate:0.00200000
Epoch: 11, Loss: 15.2840, Rmse_valid: 16.7596, valid_score: 99642.6, , rmse_test: 17.3383, score_test: 1810.2, Learning rate:0.00020000
Epoch: 12, Loss: 15.1397, Rmse_valid: 16.8893, valid_score: 200634.4, , rmse_test: 17.7476, score_test: 2155.7, Learning rate:0.00020000
Epoch: 13, Loss: 15.0610, Rmse_valid: 17.0757, valid_score: 119675.7, , rmse_test: 17.7115, score_test: 2237.9, Learning rate:0.00020000
Epoch: 14, Loss: 15.0205, Rmse_valid: 16.6291, valid_score: 76149.2, , rmse_test: 17.4988, score_test: 1989.9, Learning rate:0.00020000
Epoch: 15, Loss: 14.9729, Rmse_valid: 16.8918, valid_score: 201432.2, , rmse_test: 17.5998, score_test: 1762.6, Learning rate:0.00020000
Epoch: 16, Loss: 14.9327, Rmse_valid: 16.6332, valid_score: 84779.4, , rmse_test: 17.4641, score_test: 2039.5, Learning rate:0.00020000
Epoch: 17, Loss: 14.8944, Rmse_valid: 16.9799, valid_score: 72310.4, , rmse_test: 17.5076, score_test: 1812.4, Learning rate:0.00020000
Epoch: 18, Loss: 14.8785, Rmse_valid: 16.8364, valid_score: 53282.9, , rmse_test: 17.5467, score_test: 2052.1, Learning rate:0.00020000
Epoch: 19, Loss: 14.8328, Rmse_valid: 17.0142, valid_score: 85132.9, , rmse_test: 17.7663, score_test: 2052.9, Learning rate:0.00020000
Epoch: 20, Loss: 14.8133, Rmse_valid: 17.1012, valid_score: 78597.6, , rmse_test: 17.6122, score_test: 2125.4, Learning rate:0.00020000
Epoch: 21, Loss: 14.7079, Rmse_valid: 16.9088, valid_score: 93830.6, , rmse_test: 17.5153, score_test: 1922.7, Learning rate:0.00002000
Epoch: 22, Loss: 14.6915, Rmse_valid: 16.8745, valid_score: 93901.8, , rmse_test: 17.6154, score_test: 2081.2, Learning rate:0.00002000
Epoch: 23, Loss: 14.6921, Rmse_valid: 16.9580, valid_score: 94210.4, , rmse_test: 17.5851, score_test: 2030.1, Learning rate:0.00002000
Epoch: 24, Loss: 14.6865, Rmse_valid: 16.6719, valid_score: 100371.6, , rmse_test: 17.6692, score_test: 2104.7, Learning rate:0.00002000
Epoch: 25, Loss: 14.6807, Rmse_valid: 16.8345, valid_score: 99453.6, , rmse_test: 17.5609, score_test: 1954.0, Learning rate:0.00002000
Epoch: 26, Loss: 14.6791, Rmse_valid: 16.7827, valid_score: 94388.5, , rmse_test: 17.5930, score_test: 2008.1, Learning rate:0.00002000
Epoch: 27, Loss: 14.6774, Rmse_valid: 16.6672, valid_score: 122219.5, , rmse_test: 17.6075, score_test: 1951.1, Learning rate:0.00002000
Epoch: 28, Loss: 14.6755, Rmse_valid: 16.9812, valid_score: 117401.7, , rmse_test: 17.6234, score_test: 2023.0, Learning rate:0.00002000
Epoch: 29, Loss: 14.6708, Rmse_valid: 16.8511, valid_score: 102906.1, , rmse_test: 17.6128, score_test: 2039.5, Learning rate:0.00002000
Epoch: 30, Loss: 14.6700, Rmse_valid: 16.7565, valid_score: 122766.4, , rmse_test: 17.6510, score_test: 2047.4, Learning rate:0.00002000
[Train Summary] Restored best model from epoch 14, rmse_valid: 16.6291, valid_score: 76149.2, rmse_test: 17.4988, score_test: 1989.9
[Train Time] start: 2026-04-18 09:07:27, end: 2026-04-18 09:13:20, duration: 0:05:53, total_seconds: 352.76
[Auto Test] command: /usr/bin/python /CMAPSS-release/scipt/test_model.py --sub-dataset FD004 --smooth-rate 40 --sequence-len 30 --feature-num 14 --dataset-root /CMAPSS-release/CMAPSSData/ --max-rul 125 --batch-size 128 --model-path /CMAPSS-release/trials/model_FD004_0418_090727.pkl
model_path:/CMAPSS-release/trials/model_FD004_0418_090727.pkl
rmse_final:17.465171813964844, score:1941.342529296875
