-----FD002-----
关键参数:
序列长度: 30
批大小(batch_size): 128
最大训练轮数(max_epochs): 30
随机数种子: 80
模型代号(model_code): FD002_D
学习率: 0.002
学习率调度器: step
Step步长(step_size): 10
Step衰减系数(gamma): 0.1
空间GAT: 开启
时间注意力: 关闭
Decoder融合方式: gate
图构建模式(graph_mode): static_full
GAT层数(num_layers): 2
GAT邻居数(topk): 7
GAT嵌入维度: 8
GAT隐藏层维度: 16
------------------------------
Epoch: 1, Loss: 24.9656, Rmse_valid: 22.8827, valid_score: 146707.0, , rmse_test: 20.0426, score_test: 3415.7, Learning rate:0.00200000
Epoch: 2, Loss: 19.0423, Rmse_valid: 18.6637, valid_score: 56147.3, , rmse_test: 16.4835, score_test: 1586.5, Learning rate:0.00200000
Epoch: 3, Loss: 17.4531, Rmse_valid: 18.9325, valid_score: 61998.6, , rmse_test: 16.0820, score_test: 1856.6, Learning rate:0.00200000
Epoch: 4, Loss: 16.6297, Rmse_valid: 16.9850, valid_score: 30421.2, , rmse_test: 15.0270, score_test: 1039.2, Learning rate:0.00200000
Epoch: 5, Loss: 16.1375, Rmse_valid: 16.9353, valid_score: 36620.5, , rmse_test: 14.7472, score_test: 1452.6, Learning rate:0.00200000
Epoch: 6, Loss: 15.7931, Rmse_valid: 16.5550, valid_score: 43559.5, , rmse_test: 14.2578, score_test: 1398.6, Learning rate:0.00200000
Epoch: 7, Loss: 15.4345, Rmse_valid: 17.3801, valid_score: 58339.7, , rmse_test: 15.2064, score_test: 2002.3, Learning rate:0.00200000
Epoch: 8, Loss: 15.2388, Rmse_valid: 15.4926, valid_score: 34834.3, , rmse_test: 14.0338, score_test: 1290.3, Learning rate:0.00200000
Epoch: 9, Loss: 15.0252, Rmse_valid: 16.2211, valid_score: 26440.0, , rmse_test: 14.0354, score_test: 1045.5, Learning rate:0.00200000
Epoch: 10, Loss: 14.7934, Rmse_valid: 16.2453, valid_score: 32529.4, , rmse_test: 13.9517, score_test: 1114.0, Learning rate:0.00200000
Epoch: 11, Loss: 12.9742, Rmse_valid: 15.9501, valid_score: 29412.5, , rmse_test: 13.7982, score_test: 1109.0, Learning rate:0.00020000
Epoch: 12, Loss: 12.8755, Rmse_valid: 15.9407, valid_score: 29862.2, , rmse_test: 14.0017, score_test: 1243.8, Learning rate:0.00020000
Epoch: 13, Loss: 12.7942, Rmse_valid: 16.0737, valid_score: 29429.0, , rmse_test: 13.7883, score_test: 1101.1, Learning rate:0.00020000
Epoch: 14, Loss: 12.7286, Rmse_valid: 15.7812, valid_score: 29109.6, , rmse_test: 13.9584, score_test: 1206.0, Learning rate:0.00020000
Epoch: 15, Loss: 12.6817, Rmse_valid: 15.8802, valid_score: 30317.8, , rmse_test: 13.9421, score_test: 1248.5, Learning rate:0.00020000
Epoch: 16, Loss: 12.6376, Rmse_valid: 15.9824, valid_score: 29710.2, , rmse_test: 13.8537, score_test: 1128.3, Learning rate:0.00020000
Epoch: 17, Loss: 12.5922, Rmse_valid: 16.0651, valid_score: 27782.9, , rmse_test: 13.8874, score_test: 1089.8, Learning rate:0.00020000
Epoch: 18, Loss: 12.5496, Rmse_valid: 16.0074, valid_score: 33009.0, , rmse_test: 14.0950, score_test: 1348.0, Learning rate:0.00020000
Epoch: 19, Loss: 12.5055, Rmse_valid: 15.7364, valid_score: 33144.7, , rmse_test: 13.8783, score_test: 1253.1, Learning rate:0.00020000
Epoch: 20, Loss: 12.4790, Rmse_valid: 16.0747, valid_score: 28509.8, , rmse_test: 14.0969, score_test: 1185.0, Learning rate:0.00020000
Epoch: 21, Loss: 12.3620, Rmse_valid: 15.8529, valid_score: 28814.9, , rmse_test: 13.9788, score_test: 1237.0, Learning rate:0.00002000
Epoch: 22, Loss: 12.3432, Rmse_valid: 15.7974, valid_score: 29673.8, , rmse_test: 13.9973, score_test: 1286.5, Learning rate:0.00002000
Epoch: 23, Loss: 12.3377, Rmse_valid: 15.6433, valid_score: 28845.9, , rmse_test: 14.0098, score_test: 1263.8, Learning rate:0.00002000
Epoch: 24, Loss: 12.3330, Rmse_valid: 15.7261, valid_score: 29632.2, , rmse_test: 13.9751, score_test: 1281.6, Learning rate:0.00002000
Epoch: 25, Loss: 12.3304, Rmse_valid: 15.7973, valid_score: 29712.9, , rmse_test: 14.0189, score_test: 1291.2, Learning rate:0.00002000
Epoch: 26, Loss: 12.3259, Rmse_valid: 15.7254, valid_score: 29335.8, , rmse_test: 14.0116, score_test: 1278.7, Learning rate:0.00002000
Epoch: 27, Loss: 12.3190, Rmse_valid: 15.6174, valid_score: 29460.1, , rmse_test: 13.9873, score_test: 1286.4, Learning rate:0.00002000
Epoch: 28, Loss: 12.3167, Rmse_valid: 15.7904, valid_score: 29707.5, , rmse_test: 14.0157, score_test: 1284.4, Learning rate:0.00002000
Epoch: 29, Loss: 12.3119, Rmse_valid: 15.9524, valid_score: 29808.2, , rmse_test: 14.0793, score_test: 1305.6, Learning rate:0.00002000
Epoch: 30, Loss: 12.3092, Rmse_valid: 15.8281, valid_score: 29587.1, , rmse_test: 14.0633, score_test: 1288.0, Learning rate:0.00002000
[Train Summary] Restored best model from epoch 8, rmse_valid: 15.4926, valid_score: 34834.3, rmse_test: 14.0338, score_test: 1290.3
[Train Time] start: 2026-04-17 18:26:04, end: 2026-04-17 18:30:52, duration: 0:04:47, total_seconds: 287.43
[Auto Test] command: /usr/bin/python /CMAPSS-release/scipt/test_model.py --sub-dataset FD002 --smooth-rate 40 --sequence-len 30 --feature-num 14 --dataset-root /CMAPSS-release/CMAPSSData/ --max-rul 125 --batch-size 128 --model-path /CMAPSS-release/trials/model_FD002_0417_182604.pkl
model_path:/CMAPSS-release/trials/model_FD002_0417_182604.pkl
rmse_final:13.971841812133789, score:1258.748291015625
