-----FD004-----
关键参数:
序列长度: 30
批大小(batch_size): 128
最大训练轮数(max_epochs): 30
随机数种子: 30
模型代号(model_code): FD004_GAT2L
学习率: 0.002
学习率调度器: step
Step步长(step_size): 10
Step衰减系数(gamma): 0.1
空间GAT: 开启
时间注意力: 关闭
Decoder融合方式: concat
图构建模式(graph_mode): dynamic_knn
GAT层数(num_layers): 2
GAT邻居数(topk): 5
GAT嵌入维度: 16
GAT隐藏层维度: 8
------------------------------
Epoch: 1, Loss: 28.3222, Rmse_valid: 22.9443, valid_score: 106491.1, , rmse_test: 24.6377, score_test: 7940.6, Learning rate:0.00200000
Epoch: 2, Loss: 21.8151, Rmse_valid: 21.0397, valid_score: 76562.4, , rmse_test: 21.8225, score_test: 4962.1, Learning rate:0.00200000
Epoch: 3, Loss: 19.8696, Rmse_valid: 20.4102, valid_score: 106544.2, , rmse_test: 21.5530, score_test: 5598.4, Learning rate:0.00200000
Epoch: 4, Loss: 19.0456, Rmse_valid: 21.6847, valid_score: 160152.8, , rmse_test: 21.9155, score_test: 7656.9, Learning rate:0.00200000
Epoch: 5, Loss: 18.1795, Rmse_valid: 17.7990, valid_score: 37246.1, , rmse_test: 18.7223, score_test: 2582.9, Learning rate:0.00200000
Epoch: 6, Loss: 17.7635, Rmse_valid: 17.0359, valid_score: 42003.9, , rmse_test: 18.4938, score_test: 2613.5, Learning rate:0.00200000
Epoch: 7, Loss: 17.2043, Rmse_valid: 17.4411, valid_score: 47399.6, , rmse_test: 18.8516, score_test: 2396.1, Learning rate:0.00200000
Epoch: 8, Loss: 16.7791, Rmse_valid: 19.5352, valid_score: 105194.5, , rmse_test: 19.0990, score_test: 2933.1, Learning rate:0.00200000
Epoch: 9, Loss: 16.5010, Rmse_valid: 17.9858, valid_score: 48661.4, , rmse_test: 19.6915, score_test: 2947.9, Learning rate:0.00200000
Epoch: 10, Loss: 16.1986, Rmse_valid: 17.1285, valid_score: 55271.3, , rmse_test: 19.2533, score_test: 2842.0, Learning rate:0.00200000
Epoch: 11, Loss: 14.3804, Rmse_valid: 17.5795, valid_score: 59504.2, , rmse_test: 18.4512, score_test: 2434.6, Learning rate:0.00020000
Epoch: 12, Loss: 14.1892, Rmse_valid: 17.1585, valid_score: 54084.0, , rmse_test: 18.2827, score_test: 2069.7, Learning rate:0.00020000
Epoch: 13, Loss: 14.0900, Rmse_valid: 17.2088, valid_score: 56174.1, , rmse_test: 18.0329, score_test: 2007.9, Learning rate:0.00020000
Epoch: 14, Loss: 13.9889, Rmse_valid: 17.9207, valid_score: 58198.3, , rmse_test: 17.8537, score_test: 1856.5, Learning rate:0.00020000
Epoch: 15, Loss: 13.9262, Rmse_valid: 17.4957, valid_score: 57740.1, , rmse_test: 18.1039, score_test: 1995.8, Learning rate:0.00020000
Epoch: 16, Loss: 13.8374, Rmse_valid: 17.4902, valid_score: 62125.2, , rmse_test: 18.6077, score_test: 2400.6, Learning rate:0.00020000
Epoch: 17, Loss: 13.7872, Rmse_valid: 17.7917, valid_score: 64100.6, , rmse_test: 17.8314, score_test: 1850.3, Learning rate:0.00020000
Epoch: 18, Loss: 13.7131, Rmse_valid: 17.5930, valid_score: 66343.2, , rmse_test: 18.6085, score_test: 2602.4, Learning rate:0.00020000
Epoch: 19, Loss: 13.6715, Rmse_valid: 17.9332, valid_score: 75969.3, , rmse_test: 18.4261, score_test: 2338.3, Learning rate:0.00020000
Epoch: 20, Loss: 13.6019, Rmse_valid: 17.7122, valid_score: 64102.3, , rmse_test: 18.1609, score_test: 2012.1, Learning rate:0.00020000
Epoch: 21, Loss: 13.4601, Rmse_valid: 17.7056, valid_score: 64216.6, , rmse_test: 18.1089, score_test: 2027.5, Learning rate:0.00002000
Epoch: 22, Loss: 13.4378, Rmse_valid: 17.4162, valid_score: 61704.1, , rmse_test: 18.1030, score_test: 1986.9, Learning rate:0.00002000
Epoch: 23, Loss: 13.4297, Rmse_valid: 17.5439, valid_score: 61184.0, , rmse_test: 18.1071, score_test: 1969.4, Learning rate:0.00002000
Epoch: 24, Loss: 13.4210, Rmse_valid: 17.2893, valid_score: 60413.9, , rmse_test: 18.1932, score_test: 1996.5, Learning rate:0.00002000
Epoch: 25, Loss: 13.4170, Rmse_valid: 17.5526, valid_score: 60687.2, , rmse_test: 18.0890, score_test: 1961.7, Learning rate:0.00002000
Epoch: 26, Loss: 13.4077, Rmse_valid: 17.5852, valid_score: 64795.7, , rmse_test: 18.0764, score_test: 1998.2, Learning rate:0.00002000
Epoch: 27, Loss: 13.4035, Rmse_valid: 17.5079, valid_score: 59898.2, , rmse_test: 18.1181, score_test: 1975.9, Learning rate:0.00002000
Epoch: 28, Loss: 13.3979, Rmse_valid: 17.5187, valid_score: 61052.5, , rmse_test: 18.0805, score_test: 1938.1, Learning rate:0.00002000
Epoch: 29, Loss: 13.3865, Rmse_valid: 17.6323, valid_score: 61253.6, , rmse_test: 18.0991, score_test: 1965.9, Learning rate:0.00002000
Epoch: 30, Loss: 13.3837, Rmse_valid: 17.4166, valid_score: 60449.1, , rmse_test: 18.0184, score_test: 1904.9, Learning rate:0.00002000
[Train Summary] Restored best model from epoch 6, rmse_valid: 17.0359, valid_score: 42003.9, rmse_test: 18.4938, score_test: 2613.5
[Train Time] start: 2026-04-16 11:42:48, end: 2026-04-16 11:50:23, duration: 0:07:35, total_seconds: 454.86
[Auto Test] command: /usr/bin/python /CMAPSS-release/scipt/test_model.py --sub-dataset FD004 --smooth-rate 40 --sequence-len 30 --feature-num 14 --dataset-root /CMAPSS-release/CMAPSSData/ --max-rul 125 --batch-size 128 --model-path /CMAPSS-release/trials/model_FD004_0416_114248.pkl
model_path:/CMAPSS-release/trials/model_FD004_0416_114248.pkl
rmse_final:18.386640548706055, score:2511.109375
