-----FD003-----
关键参数:
序列长度: 30
批大小(batch_size): 128
最大训练轮数(max_epochs): 30
随机数种子: 30
模型代号(model_code): FD003_E
学习率: 0.002
学习率调度器: step
Step步长(step_size): 10
Step衰减系数(gamma): 0.1
空间GAT: 关闭
时间注意力: 关闭
Decoder融合方式: gate
------------------------------
Epoch: 1, Loss: 25.6878, Rmse_valid: 16.8693, valid_score: 21227.1, , rmse_test: 24.4211, score_test: 5014.0, Learning rate:0.00200000
Epoch: 2, Loss: 17.9337, Rmse_valid: 15.4418, valid_score: 15963.0, , rmse_test: 19.3618, score_test: 1174.7, Learning rate:0.00200000
Epoch: 3, Loss: 15.3748, Rmse_valid: 15.2503, valid_score: 13242.8, , rmse_test: 16.3089, score_test: 839.4, Learning rate:0.00200000
Epoch: 4, Loss: 13.3460, Rmse_valid: 13.2922, valid_score: 8191.7, , rmse_test: 14.9346, score_test: 591.6, Learning rate:0.00200000
Epoch: 5, Loss: 12.2444, Rmse_valid: 11.7203, valid_score: 7394.3, , rmse_test: 14.6563, score_test: 594.5, Learning rate:0.00200000
Epoch: 6, Loss: 11.7246, Rmse_valid: 10.7815, valid_score: 8357.6, , rmse_test: 15.7796, score_test: 846.6, Learning rate:0.00200000
Epoch: 7, Loss: 11.2820, Rmse_valid: 15.8048, valid_score: 11770.5, , rmse_test: 15.6021, score_test: 742.4, Learning rate:0.00200000
Epoch: 8, Loss: 11.1339, Rmse_valid: 11.0308, valid_score: 7414.2, , rmse_test: 13.9873, score_test: 592.4, Learning rate:0.00200000
Epoch: 9, Loss: 10.9597, Rmse_valid: 11.3730, valid_score: 6143.2, , rmse_test: 13.5475, score_test: 503.5, Learning rate:0.00200000
Epoch: 10, Loss: 10.7523, Rmse_valid: 9.9626, valid_score: 7217.8, , rmse_test: 14.6586, score_test: 647.2, Learning rate:0.00200000
Epoch: 11, Loss: 9.9866, Rmse_valid: 10.2521, valid_score: 6996.5, , rmse_test: 14.0295, score_test: 623.9, Learning rate:0.00020000
Epoch: 12, Loss: 9.9193, Rmse_valid: 10.2724, valid_score: 6978.6, , rmse_test: 14.0212, score_test: 597.3, Learning rate:0.00020000
Epoch: 13, Loss: 9.8701, Rmse_valid: 10.1485, valid_score: 6441.9, , rmse_test: 13.8479, score_test: 559.6, Learning rate:0.00020000
Epoch: 14, Loss: 9.8441, Rmse_valid: 10.1574, valid_score: 6751.4, , rmse_test: 13.9840, score_test: 593.4, Learning rate:0.00020000
Epoch: 15, Loss: 9.8098, Rmse_valid: 10.1362, valid_score: 6627.8, , rmse_test: 13.8235, score_test: 583.7, Learning rate:0.00020000
Epoch: 16, Loss: 9.7726, Rmse_valid: 9.9631, valid_score: 6265.3, , rmse_test: 13.8718, score_test: 566.2, Learning rate:0.00020000
Epoch: 17, Loss: 9.7504, Rmse_valid: 10.1826, valid_score: 6542.8, , rmse_test: 14.0036, score_test: 593.7, Learning rate:0.00020000
Epoch: 18, Loss: 9.7218, Rmse_valid: 9.9979, valid_score: 6603.4, , rmse_test: 14.1061, score_test: 611.1, Learning rate:0.00020000
Epoch: 19, Loss: 9.6821, Rmse_valid: 9.9672, valid_score: 7226.1, , rmse_test: 14.3607, score_test: 635.3, Learning rate:0.00020000
Epoch: 20, Loss: 9.6677, Rmse_valid: 9.9813, valid_score: 6991.0, , rmse_test: 14.1702, score_test: 628.0, Learning rate:0.00020000
Epoch: 21, Loss: 9.6149, Rmse_valid: 9.9659, valid_score: 6507.1, , rmse_test: 13.9292, score_test: 578.4, Learning rate:0.00002000
Epoch: 22, Loss: 9.6039, Rmse_valid: 9.9531, valid_score: 6423.7, , rmse_test: 13.9085, score_test: 574.1, Learning rate:0.00002000
Epoch: 23, Loss: 9.6015, Rmse_valid: 9.9904, valid_score: 6464.4, , rmse_test: 13.9482, score_test: 586.4, Learning rate:0.00002000
Epoch: 24, Loss: 9.5976, Rmse_valid: 9.9633, valid_score: 6342.9, , rmse_test: 13.8492, score_test: 564.8, Learning rate:0.00002000
Epoch: 25, Loss: 9.5947, Rmse_valid: 9.9281, valid_score: 6334.8, , rmse_test: 13.8847, score_test: 572.0, Learning rate:0.00002000
Epoch: 26, Loss: 9.5934, Rmse_valid: 9.9564, valid_score: 6356.0, , rmse_test: 13.8903, score_test: 576.0, Learning rate:0.00002000
Epoch: 27, Loss: 9.5881, Rmse_valid: 10.0919, valid_score: 6356.8, , rmse_test: 13.9050, score_test: 578.4, Learning rate:0.00002000
Epoch: 28, Loss: 9.5861, Rmse_valid: 9.9744, valid_score: 6402.8, , rmse_test: 13.9291, score_test: 581.1, Learning rate:0.00002000
Epoch: 29, Loss: 9.5837, Rmse_valid: 10.0105, valid_score: 6289.8, , rmse_test: 13.8501, score_test: 565.9, Learning rate:0.00002000
Epoch: 30, Loss: 9.5815, Rmse_valid: 9.8668, valid_score: 6320.5, , rmse_test: 13.8942, score_test: 574.1, Learning rate:0.00002000
[Train Summary] Restored best model from epoch 30, rmse_valid: 9.8668, valid_score: 6320.5, rmse_test: 13.8942, score_test: 574.1
[Train Time] start: 2026-04-18 02:13:40, end: 2026-04-18 02:15:28, duration: 0:01:48, total_seconds: 108.17
[Auto Test] command: /usr/bin/python /CMAPSS-release/scipt/test_model.py --sub-dataset FD003 --smooth-rate 40 --sequence-len 30 --feature-num 14 --dataset-root /CMAPSS-release/CMAPSSData/ --max-rul 125 --batch-size 128 --model-path /CMAPSS-release/trials/model_FD003_0418_021340.pkl
model_path:/CMAPSS-release/trials/model_FD003_0418_021340.pkl
rmse_final:13.783686637878418, score:557.5484619140625
