-----FD002-----
关键参数:
序列长度: 30
批大小(batch_size): 128
最大训练轮数(max_epochs): 30
随机数种子: 80
模型代号(model_code): FD002_E
学习率: 0.002
学习率调度器: step
Step步长(step_size): 10
Step衰减系数(gamma): 0.1
空间GAT: 关闭
时间注意力: 关闭
Decoder融合方式: gate
------------------------------
Epoch: 1, Loss: 28.7536, Rmse_valid: 23.2582, valid_score: 180398.6, , rmse_test: 22.7132, score_test: 10010.2, Learning rate:0.00200000
Epoch: 2, Loss: 22.6237, Rmse_valid: 24.2898, valid_score: 204713.1, , rmse_test: 20.6975, score_test: 4010.0, Learning rate:0.00200000
Epoch: 3, Loss: 20.6039, Rmse_valid: 20.6933, valid_score: 73097.8, , rmse_test: 18.3928, score_test: 2065.0, Learning rate:0.00200000
Epoch: 4, Loss: 19.2599, Rmse_valid: 22.2787, valid_score: 136192.6, , rmse_test: 20.0640, score_test: 3495.5, Learning rate:0.00200000
Epoch: 5, Loss: 18.3366, Rmse_valid: 19.0563, valid_score: 68578.3, , rmse_test: 16.8413, score_test: 1591.9, Learning rate:0.00200000
Epoch: 6, Loss: 17.6121, Rmse_valid: 19.5771, valid_score: 40679.0, , rmse_test: 18.4212, score_test: 1349.2, Learning rate:0.00200000
Epoch: 7, Loss: 17.1335, Rmse_valid: 19.2948, valid_score: 66969.5, , rmse_test: 15.9482, score_test: 1513.6, Learning rate:0.00200000
Epoch: 8, Loss: 16.6252, Rmse_valid: 18.1687, valid_score: 53975.3, , rmse_test: 15.3291, score_test: 1394.3, Learning rate:0.00200000
Epoch: 9, Loss: 16.2060, Rmse_valid: 18.7960, valid_score: 55076.4, , rmse_test: 15.6625, score_test: 1581.3, Learning rate:0.00200000
Epoch: 10, Loss: 15.8289, Rmse_valid: 18.4358, valid_score: 39752.1, , rmse_test: 14.8666, score_test: 980.5, Learning rate:0.00200000
Epoch: 11, Loss: 14.3718, Rmse_valid: 17.9944, valid_score: 51002.6, , rmse_test: 14.7965, score_test: 1269.8, Learning rate:0.00020000
Epoch: 12, Loss: 14.2001, Rmse_valid: 17.7157, valid_score: 42512.6, , rmse_test: 14.8283, score_test: 1323.2, Learning rate:0.00020000
Epoch: 13, Loss: 14.1125, Rmse_valid: 17.4936, valid_score: 41034.7, , rmse_test: 14.6571, score_test: 1302.0, Learning rate:0.00020000
Epoch: 14, Loss: 14.0281, Rmse_valid: 17.3515, valid_score: 37437.0, , rmse_test: 14.5950, score_test: 1162.9, Learning rate:0.00020000
Epoch: 15, Loss: 13.9504, Rmse_valid: 17.5024, valid_score: 41975.6, , rmse_test: 14.6340, score_test: 1349.6, Learning rate:0.00020000
Epoch: 16, Loss: 13.8843, Rmse_valid: 17.7283, valid_score: 42445.8, , rmse_test: 14.6975, score_test: 1202.6, Learning rate:0.00020000
Epoch: 17, Loss: 13.8207, Rmse_valid: 17.2674, valid_score: 42320.9, , rmse_test: 14.5014, score_test: 1285.4, Learning rate:0.00020000
Epoch: 18, Loss: 13.7743, Rmse_valid: 17.0921, valid_score: 37612.1, , rmse_test: 14.4760, score_test: 1234.2, Learning rate:0.00020000
Epoch: 19, Loss: 13.7248, Rmse_valid: 17.0129, valid_score: 41496.7, , rmse_test: 14.3824, score_test: 1377.4, Learning rate:0.00020000
Epoch: 20, Loss: 13.6687, Rmse_valid: 16.8701, valid_score: 41792.8, , rmse_test: 14.5101, score_test: 1384.9, Learning rate:0.00020000
Epoch: 21, Loss: 13.5606, Rmse_valid: 16.8786, valid_score: 42296.1, , rmse_test: 14.4239, score_test: 1323.4, Learning rate:0.00002000
Epoch: 22, Loss: 13.5405, Rmse_valid: 17.1321, valid_score: 41889.9, , rmse_test: 14.4338, score_test: 1276.8, Learning rate:0.00002000
Epoch: 23, Loss: 13.5364, Rmse_valid: 17.0216, valid_score: 43356.4, , rmse_test: 14.4562, score_test: 1358.1, Learning rate:0.00002000
Epoch: 24, Loss: 13.5315, Rmse_valid: 17.1720, valid_score: 43662.1, , rmse_test: 14.3953, score_test: 1310.1, Learning rate:0.00002000
Epoch: 25, Loss: 13.5257, Rmse_valid: 17.0832, valid_score: 42648.4, , rmse_test: 14.4221, score_test: 1327.6, Learning rate:0.00002000
Epoch: 26, Loss: 13.5215, Rmse_valid: 17.1479, valid_score: 44097.1, , rmse_test: 14.4045, score_test: 1324.3, Learning rate:0.00002000
Epoch: 27, Loss: 13.5163, Rmse_valid: 17.1699, valid_score: 43408.8, , rmse_test: 14.3812, score_test: 1286.1, Learning rate:0.00002000
Epoch: 28, Loss: 13.5097, Rmse_valid: 17.2047, valid_score: 46021.6, , rmse_test: 14.3970, score_test: 1333.8, Learning rate:0.00002000
Epoch: 29, Loss: 13.5056, Rmse_valid: 17.1021, valid_score: 44358.5, , rmse_test: 14.4092, score_test: 1316.8, Learning rate:0.00002000
Epoch: 30, Loss: 13.5007, Rmse_valid: 17.1398, valid_score: 44152.8, , rmse_test: 14.3635, score_test: 1283.7, Learning rate:0.00002000
[Train Summary] Restored best model from epoch 20, rmse_valid: 16.8701, valid_score: 41792.8, rmse_test: 14.5101, score_test: 1384.9
[Train Time] start: 2026-04-17 19:11:01, end: 2026-04-17 19:14:20, duration: 0:03:19, total_seconds: 198.84
[Auto Test] command: /usr/bin/python /CMAPSS-release/scipt/test_model.py --sub-dataset FD002 --smooth-rate 40 --sequence-len 30 --feature-num 14 --dataset-root /CMAPSS-release/CMAPSSData/ --max-rul 125 --batch-size 128 --model-path /CMAPSS-release/trials/model_FD002_0417_191101.pkl
model_path:/CMAPSS-release/trials/model_FD002_0417_191101.pkl
rmse_final:14.485780715942383, score:1333.3680419921875
