-----FD004-----
关键参数:
序列长度: 30
批大小(batch_size): 128
最大训练轮数(max_epochs): 30
随机数种子: 30
模型代号(model_code): FD004_D
学习率: 0.002
学习率调度器: step
Step步长(step_size): 10
Step衰减系数(gamma): 0.1
空间GAT: 开启
时间注意力: 关闭
Decoder融合方式: gate
图构建模式(graph_mode): static_full
GAT层数(num_layers): 2
GAT邻居数(topk): 7
GAT嵌入维度: 8
GAT隐藏层维度: 16
------------------------------
Epoch: 1, Loss: 27.8933, Rmse_valid: 21.9712, valid_score: 96827.3, , rmse_test: 25.1354, score_test: 12504.8, Learning rate:0.00200000
Epoch: 2, Loss: 22.0086, Rmse_valid: 20.8907, valid_score: 75864.8, , rmse_test: 21.3698, score_test: 4576.0, Learning rate:0.00200000
Epoch: 3, Loss: 20.5721, Rmse_valid: 20.3032, valid_score: 65461.3, , rmse_test: 21.9166, score_test: 5591.9, Learning rate:0.00200000
Epoch: 4, Loss: 19.5745, Rmse_valid: 19.3604, valid_score: 74330.9, , rmse_test: 21.0648, score_test: 4804.3, Learning rate:0.00200000
Epoch: 5, Loss: 18.9552, Rmse_valid: 18.3470, valid_score: 59031.3, , rmse_test: 20.2886, score_test: 4977.5, Learning rate:0.00200000
Epoch: 6, Loss: 18.4616, Rmse_valid: 19.1724, valid_score: 56024.4, , rmse_test: 20.9278, score_test: 2951.2, Learning rate:0.00200000
Epoch: 7, Loss: 18.1580, Rmse_valid: 20.6042, valid_score: 107670.7, , rmse_test: 23.9759, score_test: 7172.2, Learning rate:0.00200000
Epoch: 8, Loss: 17.6905, Rmse_valid: 17.9780, valid_score: 61542.8, , rmse_test: 18.3291, score_test: 2203.6, Learning rate:0.00200000
Epoch: 9, Loss: 17.3302, Rmse_valid: 17.1487, valid_score: 55169.7, , rmse_test: 18.4973, score_test: 2943.4, Learning rate:0.00200000
Epoch: 10, Loss: 17.1137, Rmse_valid: 18.4844, valid_score: 57613.0, , rmse_test: 20.0838, score_test: 2235.3, Learning rate:0.00200000
Epoch: 11, Loss: 15.3845, Rmse_valid: 17.0251, valid_score: 57980.9, , rmse_test: 17.6505, score_test: 2063.2, Learning rate:0.00020000
Epoch: 12, Loss: 15.2044, Rmse_valid: 16.6093, valid_score: 56538.6, , rmse_test: 17.8811, score_test: 2142.5, Learning rate:0.00020000
Epoch: 13, Loss: 15.1025, Rmse_valid: 17.1401, valid_score: 75320.2, , rmse_test: 17.7183, score_test: 2018.4, Learning rate:0.00020000
Epoch: 14, Loss: 15.0328, Rmse_valid: 16.6810, valid_score: 60988.4, , rmse_test: 17.7697, score_test: 2114.1, Learning rate:0.00020000
Epoch: 15, Loss: 14.9526, Rmse_valid: 17.3182, valid_score: 82434.1, , rmse_test: 17.6024, score_test: 2105.3, Learning rate:0.00020000
Epoch: 16, Loss: 14.9002, Rmse_valid: 16.9581, valid_score: 69725.6, , rmse_test: 17.5881, score_test: 1844.4, Learning rate:0.00020000
Epoch: 17, Loss: 14.8408, Rmse_valid: 17.1642, valid_score: 75472.1, , rmse_test: 17.6761, score_test: 1963.6, Learning rate:0.00020000
Epoch: 18, Loss: 14.7993, Rmse_valid: 16.7018, valid_score: 58638.9, , rmse_test: 17.7239, score_test: 1961.9, Learning rate:0.00020000
Epoch: 19, Loss: 14.7385, Rmse_valid: 16.8832, valid_score: 66793.3, , rmse_test: 17.8146, score_test: 1982.5, Learning rate:0.00020000
Epoch: 20, Loss: 14.7060, Rmse_valid: 17.2699, valid_score: 74224.7, , rmse_test: 17.6413, score_test: 2114.0, Learning rate:0.00020000
Epoch: 21, Loss: 14.5715, Rmse_valid: 16.8769, valid_score: 63521.9, , rmse_test: 17.5909, score_test: 1973.3, Learning rate:0.00002000
Epoch: 22, Loss: 14.5524, Rmse_valid: 17.0614, valid_score: 62907.7, , rmse_test: 17.6335, score_test: 1992.9, Learning rate:0.00002000
Epoch: 23, Loss: 14.5484, Rmse_valid: 16.9053, valid_score: 62586.0, , rmse_test: 17.6097, score_test: 1949.1, Learning rate:0.00002000
Epoch: 24, Loss: 14.5405, Rmse_valid: 17.0618, valid_score: 63222.8, , rmse_test: 17.6033, score_test: 1935.8, Learning rate:0.00002000
Epoch: 25, Loss: 14.5369, Rmse_valid: 16.9885, valid_score: 63783.0, , rmse_test: 17.5524, score_test: 1944.4, Learning rate:0.00002000
Epoch: 26, Loss: 14.5334, Rmse_valid: 16.8865, valid_score: 63854.2, , rmse_test: 17.6359, score_test: 2008.6, Learning rate:0.00002000
Epoch: 27, Loss: 14.5278, Rmse_valid: 16.9857, valid_score: 63659.8, , rmse_test: 17.6369, score_test: 2021.4, Learning rate:0.00002000
Epoch: 28, Loss: 14.5198, Rmse_valid: 17.3151, valid_score: 66643.3, , rmse_test: 17.7226, score_test: 2088.2, Learning rate:0.00002000
Epoch: 29, Loss: 14.5163, Rmse_valid: 17.0470, valid_score: 61511.0, , rmse_test: 17.6900, score_test: 1989.3, Learning rate:0.00002000
Epoch: 30, Loss: 14.5131, Rmse_valid: 16.8923, valid_score: 61114.3, , rmse_test: 17.6045, score_test: 1971.7, Learning rate:0.00002000
[Train Summary] Restored best model from epoch 12, rmse_valid: 16.6093, valid_score: 56538.6, rmse_test: 17.8811, score_test: 2142.5
[Train Time] start: 2026-04-18 07:39:53, end: 2026-04-18 07:47:40, duration: 0:07:47, total_seconds: 466.54
[Auto Test] command: /usr/bin/python /CMAPSS-release/scipt/test_model.py --sub-dataset FD004 --smooth-rate 40 --sequence-len 30 --feature-num 14 --dataset-root /CMAPSS-release/CMAPSSData/ --max-rul 125 --batch-size 128 --model-path /CMAPSS-release/trials/model_FD004_0418_073953.pkl
model_path:/CMAPSS-release/trials/model_FD004_0418_073953.pkl
rmse_final:17.833911895751953, score:2087.302490234375
