-----FD003-----
关键参数:
序列长度: 30
批大小(batch_size): 128
最大训练轮数(max_epochs): 30
随机数种子: 2
模型代号(model_code): FD003_E
学习率: 0.002
学习率调度器: step
Step步长(step_size): 10
Step衰减系数(gamma): 0.1
空间GAT: 关闭
时间注意力: 关闭
Decoder融合方式: gate
------------------------------
Epoch: 1, Loss: 23.9204, Rmse_valid: 15.6779, valid_score: 22600.4, , rmse_test: 24.1974, score_test: 4448.2, Learning rate:0.00200000
Epoch: 2, Loss: 17.0793, Rmse_valid: 13.9219, valid_score: 19121.5, , rmse_test: 21.5233, score_test: 2425.6, Learning rate:0.00200000
Epoch: 3, Loss: 14.7256, Rmse_valid: 12.0031, valid_score: 7629.7, , rmse_test: 16.8748, score_test: 840.1, Learning rate:0.00200000
Epoch: 4, Loss: 13.1656, Rmse_valid: 15.2233, valid_score: 8150.3, , rmse_test: 15.6825, score_test: 545.5, Learning rate:0.00200000
Epoch: 5, Loss: 12.2590, Rmse_valid: 12.1642, valid_score: 5554.5, , rmse_test: 14.8678, score_test: 469.3, Learning rate:0.00200000
Epoch: 6, Loss: 11.9829, Rmse_valid: 13.4461, valid_score: 6079.4, , rmse_test: 16.8592, score_test: 524.0, Learning rate:0.00200000
Epoch: 7, Loss: 11.6210, Rmse_valid: 9.9034, valid_score: 4517.7, , rmse_test: 15.0948, score_test: 811.2, Learning rate:0.00200000
Epoch: 8, Loss: 11.3206, Rmse_valid: 9.7850, valid_score: 5792.1, , rmse_test: 16.1902, score_test: 1078.9, Learning rate:0.00200000
Epoch: 9, Loss: 11.1183, Rmse_valid: 10.2928, valid_score: 5086.6, , rmse_test: 15.1267, score_test: 709.6, Learning rate:0.00200000
Epoch: 10, Loss: 11.0293, Rmse_valid: 10.7365, valid_score: 4905.3, , rmse_test: 14.6495, score_test: 470.7, Learning rate:0.00200000
Epoch: 11, Loss: 10.0413, Rmse_valid: 9.7258, valid_score: 4934.2, , rmse_test: 15.2335, score_test: 769.1, Learning rate:0.00020000
Epoch: 12, Loss: 9.9575, Rmse_valid: 9.6185, valid_score: 4711.5, , rmse_test: 15.0564, score_test: 720.8, Learning rate:0.00020000
Epoch: 13, Loss: 9.9177, Rmse_valid: 9.6735, valid_score: 4602.0, , rmse_test: 14.6996, score_test: 589.5, Learning rate:0.00020000
Epoch: 14, Loss: 9.8768, Rmse_valid: 9.6658, valid_score: 4740.7, , rmse_test: 14.8539, score_test: 641.8, Learning rate:0.00020000
Epoch: 15, Loss: 9.8319, Rmse_valid: 9.6873, valid_score: 4528.0, , rmse_test: 14.5885, score_test: 583.6, Learning rate:0.00020000
Epoch: 16, Loss: 9.8007, Rmse_valid: 9.6906, valid_score: 4528.6, , rmse_test: 14.6616, score_test: 604.1, Learning rate:0.00020000
Epoch: 17, Loss: 9.7659, Rmse_valid: 9.7792, valid_score: 4971.0, , rmse_test: 15.1907, score_test: 695.6, Learning rate:0.00020000
Epoch: 18, Loss: 9.7302, Rmse_valid: 9.7995, valid_score: 4493.3, , rmse_test: 14.6713, score_test: 576.1, Learning rate:0.00020000
Epoch: 19, Loss: 9.7044, Rmse_valid: 9.6434, valid_score: 4655.0, , rmse_test: 14.7779, score_test: 590.5, Learning rate:0.00020000
Epoch: 20, Loss: 9.6600, Rmse_valid: 9.6248, valid_score: 4468.0, , rmse_test: 14.8425, score_test: 619.6, Learning rate:0.00020000
Epoch: 21, Loss: 9.6096, Rmse_valid: 9.5700, valid_score: 4522.2, , rmse_test: 14.8193, score_test: 604.9, Learning rate:0.00002000
Epoch: 22, Loss: 9.6013, Rmse_valid: 9.6249, valid_score: 4477.5, , rmse_test: 14.7393, score_test: 584.7, Learning rate:0.00002000
Epoch: 23, Loss: 9.5987, Rmse_valid: 9.6023, valid_score: 4564.2, , rmse_test: 14.7967, score_test: 598.3, Learning rate:0.00002000
Epoch: 24, Loss: 9.5939, Rmse_valid: 9.6415, valid_score: 4484.9, , rmse_test: 14.6912, score_test: 572.8, Learning rate:0.00002000
Epoch: 25, Loss: 9.5912, Rmse_valid: 9.6368, valid_score: 4498.2, , rmse_test: 14.7166, score_test: 575.7, Learning rate:0.00002000
Epoch: 26, Loss: 9.5880, Rmse_valid: 9.5177, valid_score: 4563.7, , rmse_test: 14.7946, score_test: 595.2, Learning rate:0.00002000
Epoch: 27, Loss: 9.5857, Rmse_valid: 9.6068, valid_score: 4555.1, , rmse_test: 14.7551, score_test: 585.9, Learning rate:0.00002000
Epoch: 28, Loss: 9.5815, Rmse_valid: 9.6542, valid_score: 4568.8, , rmse_test: 14.7909, score_test: 591.9, Learning rate:0.00002000
Epoch: 29, Loss: 9.5796, Rmse_valid: 9.5767, valid_score: 4605.0, , rmse_test: 14.8296, score_test: 603.4, Learning rate:0.00002000
Epoch: 30, Loss: 9.5756, Rmse_valid: 9.6362, valid_score: 4532.8, , rmse_test: 14.7697, score_test: 583.3, Learning rate:0.00002000
[Train Summary] Restored best model from epoch 26, rmse_valid: 9.5177, valid_score: 4563.7, rmse_test: 14.7946, score_test: 595.2
[Train Time] start: 2026-04-18 02:07:25, end: 2026-04-18 02:09:13, duration: 0:01:49, total_seconds: 108.79
[Auto Test] command: /usr/bin/python /CMAPSS-release/scipt/test_model.py --sub-dataset FD003 --smooth-rate 40 --sequence-len 30 --feature-num 14 --dataset-root /CMAPSS-release/CMAPSSData/ --max-rul 125 --batch-size 128 --model-path /CMAPSS-release/trials/model_FD003_0418_020725.pkl
model_path:/CMAPSS-release/trials/model_FD003_0418_020725.pkl
rmse_final:14.718015670776367, score:577.2853393554688
