-----FD002-----
关键参数:
序列长度: 30
批大小(batch_size): 128
最大训练轮数(max_epochs): 30
随机数种子: 30
模型代号(model_code): FD002_F
学习率: 0.002
学习率调度器: step
Step步长(step_size): 10
Step衰减系数(gamma): 0.1
空间GAT: 关闭
时间注意力: 关闭
Decoder融合方式: concat
------------------------------
Epoch: 1, Loss: 27.4437, Rmse_valid: 23.5503, valid_score: 145752.5, , rmse_test: 22.8426, score_test: 10237.3, Learning rate:0.00200000
Epoch: 2, Loss: 21.5019, Rmse_valid: 24.2174, valid_score: 290507.3, , rmse_test: 21.0507, score_test: 5546.4, Learning rate:0.00200000
Epoch: 3, Loss: 19.1444, Rmse_valid: 21.5322, valid_score: 126420.0, , rmse_test: 18.7917, score_test: 2518.7, Learning rate:0.00200000
Epoch: 4, Loss: 18.1890, Rmse_valid: 18.6068, valid_score: 54244.6, , rmse_test: 16.1859, score_test: 1103.3, Learning rate:0.00200000
Epoch: 5, Loss: 17.6198, Rmse_valid: 19.0573, valid_score: 66927.6, , rmse_test: 16.4795, score_test: 1932.1, Learning rate:0.00200000
Epoch: 6, Loss: 17.1939, Rmse_valid: 19.4294, valid_score: 36179.6, , rmse_test: 17.1767, score_test: 1141.0, Learning rate:0.00200000
Epoch: 7, Loss: 16.6791, Rmse_valid: 18.1253, valid_score: 66436.3, , rmse_test: 15.4787, score_test: 1069.5, Learning rate:0.00200000
Epoch: 8, Loss: 16.3226, Rmse_valid: 18.7745, valid_score: 67177.0, , rmse_test: 17.7590, score_test: 2334.7, Learning rate:0.00200000
Epoch: 9, Loss: 16.0226, Rmse_valid: 19.1989, valid_score: 74886.8, , rmse_test: 17.3084, score_test: 2289.5, Learning rate:0.00200000
Epoch: 10, Loss: 15.8388, Rmse_valid: 18.0992, valid_score: 54723.6, , rmse_test: 15.2390, score_test: 1344.3, Learning rate:0.00200000
Epoch: 11, Loss: 14.3262, Rmse_valid: 17.0937, valid_score: 49721.0, , rmse_test: 14.6716, score_test: 1098.1, Learning rate:0.00020000
Epoch: 12, Loss: 14.1183, Rmse_valid: 17.0044, valid_score: 55281.1, , rmse_test: 14.2459, score_test: 1036.1, Learning rate:0.00020000
Epoch: 13, Loss: 14.0116, Rmse_valid: 16.7515, valid_score: 49647.3, , rmse_test: 14.4441, score_test: 1097.1, Learning rate:0.00020000
Epoch: 14, Loss: 13.9396, Rmse_valid: 16.6876, valid_score: 44637.7, , rmse_test: 14.2893, score_test: 1044.5, Learning rate:0.00020000
Epoch: 15, Loss: 13.8598, Rmse_valid: 16.4238, valid_score: 52044.6, , rmse_test: 14.1225, score_test: 1038.3, Learning rate:0.00020000
Epoch: 16, Loss: 13.8045, Rmse_valid: 16.7133, valid_score: 52449.3, , rmse_test: 14.4320, score_test: 1125.2, Learning rate:0.00020000
Epoch: 17, Loss: 13.7443, Rmse_valid: 16.6420, valid_score: 48219.6, , rmse_test: 14.1703, score_test: 1077.2, Learning rate:0.00020000
Epoch: 18, Loss: 13.6931, Rmse_valid: 16.3824, valid_score: 54746.3, , rmse_test: 14.1332, score_test: 1134.0, Learning rate:0.00020000
Epoch: 19, Loss: 13.6463, Rmse_valid: 16.1616, valid_score: 42588.0, , rmse_test: 14.0596, score_test: 1074.9, Learning rate:0.00020000
Epoch: 20, Loss: 13.6090, Rmse_valid: 16.2119, valid_score: 39575.6, , rmse_test: 14.1054, score_test: 1035.0, Learning rate:0.00020000
Epoch: 21, Loss: 13.4936, Rmse_valid: 16.2727, valid_score: 44362.4, , rmse_test: 14.1094, score_test: 1053.1, Learning rate:0.00002000
Epoch: 22, Loss: 13.4828, Rmse_valid: 16.4489, valid_score: 46849.6, , rmse_test: 14.1254, score_test: 1076.6, Learning rate:0.00002000
Epoch: 23, Loss: 13.4776, Rmse_valid: 16.3141, valid_score: 44834.1, , rmse_test: 14.0359, score_test: 1077.5, Learning rate:0.00002000
Epoch: 24, Loss: 13.4676, Rmse_valid: 16.4327, valid_score: 44844.2, , rmse_test: 14.0158, score_test: 1040.1, Learning rate:0.00002000
Epoch: 25, Loss: 13.4675, Rmse_valid: 16.3104, valid_score: 44753.6, , rmse_test: 14.0856, score_test: 1060.3, Learning rate:0.00002000
Epoch: 26, Loss: 13.4638, Rmse_valid: 16.3209, valid_score: 43901.5, , rmse_test: 14.0764, score_test: 1071.8, Learning rate:0.00002000
Epoch: 27, Loss: 13.4571, Rmse_valid: 16.1533, valid_score: 43777.5, , rmse_test: 14.0623, score_test: 1085.2, Learning rate:0.00002000
Epoch: 28, Loss: 13.4529, Rmse_valid: 16.3099, valid_score: 47464.0, , rmse_test: 14.0739, score_test: 1082.0, Learning rate:0.00002000
Epoch: 29, Loss: 13.4486, Rmse_valid: 16.2475, valid_score: 44936.5, , rmse_test: 13.9771, score_test: 1042.7, Learning rate:0.00002000
Epoch: 30, Loss: 13.4461, Rmse_valid: 16.3318, valid_score: 47811.0, , rmse_test: 14.0174, score_test: 1067.5, Learning rate:0.00002000
[Train Summary] Restored best model from epoch 27, rmse_valid: 16.1533, valid_score: 43777.5, rmse_test: 14.0623, score_test: 1085.2
[Train Time] start: 2026-04-17 19:35:11, end: 2026-04-17 19:38:13, duration: 0:03:02, total_seconds: 181.66
[Auto Test] command: /usr/bin/python /CMAPSS-release/scipt/test_model.py --sub-dataset FD002 --smooth-rate 40 --sequence-len 30 --feature-num 14 --dataset-root /CMAPSS-release/CMAPSSData/ --max-rul 125 --batch-size 128 --model-path /CMAPSS-release/trials/model_FD002_0417_193511.pkl
model_path:/CMAPSS-release/trials/model_FD002_0417_193511.pkl
rmse_final:13.997103691101074, score:1051.0284423828125
