-----FD003-----
关键参数:
序列长度: 30
批大小(batch_size): 128
最大训练轮数(max_epochs): 30
随机数种子: 30
模型代号(model_code): FD003_D
学习率: 0.002
学习率调度器: step
Step步长(step_size): 10
Step衰减系数(gamma): 0.1
空间GAT: 开启
时间注意力: 关闭
Decoder融合方式: gate
图构建模式(graph_mode): static_full
GAT层数(num_layers): 2
GAT邻居数(topk): 7
GAT嵌入维度: 8
GAT隐藏层维度: 16
------------------------------
Epoch: 1, Loss: 28.4793, Rmse_valid: 20.1786, valid_score: 25531.9, , rmse_test: 24.3534, score_test: 5586.5, Learning rate:0.00200000
Epoch: 2, Loss: 17.8834, Rmse_valid: 14.7597, valid_score: 10169.8, , rmse_test: 17.2570, score_test: 1169.3, Learning rate:0.00200000
Epoch: 3, Loss: 14.9219, Rmse_valid: 13.1835, valid_score: 8995.1, , rmse_test: 15.7657, score_test: 1051.6, Learning rate:0.00200000
Epoch: 4, Loss: 13.4915, Rmse_valid: 13.1655, valid_score: 8409.6, , rmse_test: 17.3205, score_test: 1288.0, Learning rate:0.00200000
Epoch: 5, Loss: 12.7381, Rmse_valid: 12.5655, valid_score: 7430.9, , rmse_test: 15.4448, score_test: 1176.3, Learning rate:0.00200000
Epoch: 6, Loss: 12.4053, Rmse_valid: 13.6291, valid_score: 7258.2, , rmse_test: 15.1204, score_test: 983.3, Learning rate:0.00200000
Epoch: 7, Loss: 11.6890, Rmse_valid: 12.5207, valid_score: 6166.9, , rmse_test: 14.9509, score_test: 971.6, Learning rate:0.00200000
Epoch: 8, Loss: 11.4131, Rmse_valid: 12.4417, valid_score: 5718.3, , rmse_test: 14.9883, score_test: 890.7, Learning rate:0.00200000
Epoch: 9, Loss: 11.2576, Rmse_valid: 10.1007, valid_score: 7504.2, , rmse_test: 16.6514, score_test: 1462.7, Learning rate:0.00200000
Epoch: 10, Loss: 10.8248, Rmse_valid: 10.4517, valid_score: 7778.6, , rmse_test: 16.7706, score_test: 1524.7, Learning rate:0.00200000
Epoch: 11, Loss: 9.5937, Rmse_valid: 9.8227, valid_score: 6035.2, , rmse_test: 15.1902, score_test: 1147.1, Learning rate:0.00020000
Epoch: 12, Loss: 9.5000, Rmse_valid: 9.6026, valid_score: 5981.5, , rmse_test: 15.3409, score_test: 1155.1, Learning rate:0.00020000
Epoch: 13, Loss: 9.4173, Rmse_valid: 9.6934, valid_score: 6053.7, , rmse_test: 15.4031, score_test: 1199.1, Learning rate:0.00020000
Epoch: 14, Loss: 9.3366, Rmse_valid: 9.5541, valid_score: 5670.7, , rmse_test: 15.3225, score_test: 1164.8, Learning rate:0.00020000
Epoch: 15, Loss: 9.2910, Rmse_valid: 9.4419, valid_score: 5228.5, , rmse_test: 15.0915, score_test: 1049.4, Learning rate:0.00020000
Epoch: 16, Loss: 9.2446, Rmse_valid: 9.2206, valid_score: 5135.8, , rmse_test: 15.0642, score_test: 1030.2, Learning rate:0.00020000
Epoch: 17, Loss: 9.1944, Rmse_valid: 9.6708, valid_score: 4867.7, , rmse_test: 14.7885, score_test: 918.7, Learning rate:0.00020000
Epoch: 18, Loss: 9.1409, Rmse_valid: 9.3396, valid_score: 5354.1, , rmse_test: 15.1135, score_test: 995.8, Learning rate:0.00020000
Epoch: 19, Loss: 9.1017, Rmse_valid: 9.0347, valid_score: 5291.8, , rmse_test: 15.2744, score_test: 1128.8, Learning rate:0.00020000
Epoch: 20, Loss: 9.0432, Rmse_valid: 9.2573, valid_score: 4620.5, , rmse_test: 14.7447, score_test: 1005.2, Learning rate:0.00020000
Epoch: 21, Loss: 8.9755, Rmse_valid: 9.1659, valid_score: 4925.5, , rmse_test: 14.9380, score_test: 998.7, Learning rate:0.00002000
Epoch: 22, Loss: 8.9507, Rmse_valid: 9.3034, valid_score: 4921.9, , rmse_test: 14.8997, score_test: 1006.5, Learning rate:0.00002000
Epoch: 23, Loss: 8.9479, Rmse_valid: 9.1876, valid_score: 4906.1, , rmse_test: 14.9047, score_test: 999.8, Learning rate:0.00002000
Epoch: 24, Loss: 8.9413, Rmse_valid: 9.1312, valid_score: 4903.5, , rmse_test: 14.9385, score_test: 1014.6, Learning rate:0.00002000
Epoch: 25, Loss: 8.9372, Rmse_valid: 9.1267, valid_score: 4821.1, , rmse_test: 14.8537, score_test: 984.4, Learning rate:0.00002000
Epoch: 26, Loss: 8.9341, Rmse_valid: 9.1042, valid_score: 4953.3, , rmse_test: 14.9778, score_test: 1032.0, Learning rate:0.00002000
Epoch: 27, Loss: 8.9275, Rmse_valid: 9.1041, valid_score: 4878.9, , rmse_test: 14.9565, score_test: 1032.3, Learning rate:0.00002000
Epoch: 28, Loss: 8.9242, Rmse_valid: 9.0622, valid_score: 4825.6, , rmse_test: 14.9161, score_test: 1026.2, Learning rate:0.00002000
Epoch: 29, Loss: 8.9154, Rmse_valid: 9.1223, valid_score: 4919.7, , rmse_test: 14.9756, score_test: 1025.4, Learning rate:0.00002000
Epoch: 30, Loss: 8.9129, Rmse_valid: 9.0792, valid_score: 4827.2, , rmse_test: 14.9114, score_test: 986.1, Learning rate:0.00002000
[Train Summary] Restored best model from epoch 19, rmse_valid: 9.0347, valid_score: 5291.8, rmse_test: 15.2744, score_test: 1128.8
[Train Time] start: 2026-04-18 01:42:07, end: 2026-04-18 01:45:25, duration: 0:03:17, total_seconds: 197.33
[Auto Test] command: /usr/bin/python /CMAPSS-release/scipt/test_model.py --sub-dataset FD003 --smooth-rate 40 --sequence-len 30 --feature-num 14 --dataset-root /CMAPSS-release/CMAPSSData/ --max-rul 125 --batch-size 128 --model-path /CMAPSS-release/trials/model_FD003_0418_014207.pkl
model_path:/CMAPSS-release/trials/model_FD003_0418_014207.pkl
rmse_final:15.186836242675781, score:1095.2071533203125
