-----FD001-----
关键参数:
序列长度: 30
批大小(batch_size): 128
最大训练轮数(max_epochs): 30
随机数种子: 88
模型代号(model_code): FD001_F
学习率: 0.002
学习率调度器: step
Step步长(step_size): 10
Step衰减系数(gamma): 0.1
空间GAT: 关闭
时间注意力: 关闭
Decoder融合方式: concat
------------------------------
Epoch: 1, Loss: 21.8858, Rmse_valid: 16.0883, valid_score: 6202.5, , rmse_test: 15.0312, score_test: 357.7, Learning rate:0.00200000
Epoch: 2, Loss: 14.5448, Rmse_valid: 14.4252, valid_score: 7685.7, , rmse_test: 17.5933, score_test: 872.6, Learning rate:0.00200000
Epoch: 3, Loss: 12.9454, Rmse_valid: 11.5843, valid_score: 4565.7, , rmse_test: 14.1740, score_test: 369.3, Learning rate:0.00200000
Epoch: 4, Loss: 12.2091, Rmse_valid: 10.9546, valid_score: 3480.6, , rmse_test: 13.1886, score_test: 275.1, Learning rate:0.00200000
Epoch: 5, Loss: 11.5653, Rmse_valid: 11.2815, valid_score: 3162.1, , rmse_test: 12.9898, score_test: 217.5, Learning rate:0.00200000
Epoch: 6, Loss: 11.2298, Rmse_valid: 12.6215, valid_score: 6687.8, , rmse_test: 15.7830, score_test: 575.0, Learning rate:0.00200000
Epoch: 7, Loss: 11.0141, Rmse_valid: 10.9988, valid_score: 5304.8, , rmse_test: 13.6369, score_test: 353.7, Learning rate:0.00200000
Epoch: 8, Loss: 10.7880, Rmse_valid: 10.5013, valid_score: 4697.1, , rmse_test: 12.9066, score_test: 271.2, Learning rate:0.00200000
Epoch: 9, Loss: 10.4466, Rmse_valid: 13.6924, valid_score: 4366.3, , rmse_test: 14.9593, score_test: 264.7, Learning rate:0.00200000
Epoch: 10, Loss: 10.2202, Rmse_valid: 10.6755, valid_score: 4472.4, , rmse_test: 12.9076, score_test: 262.9, Learning rate:0.00200000
Epoch: 11, Loss: 9.4515, Rmse_valid: 10.7149, valid_score: 6200.3, , rmse_test: 13.3328, score_test: 336.4, Learning rate:0.00020000
Epoch: 12, Loss: 9.3869, Rmse_valid: 10.9577, valid_score: 5524.3, , rmse_test: 13.0815, score_test: 298.5, Learning rate:0.00020000
Epoch: 13, Loss: 9.3293, Rmse_valid: 11.1080, valid_score: 6605.9, , rmse_test: 13.3922, score_test: 346.8, Learning rate:0.00020000
Epoch: 14, Loss: 9.2840, Rmse_valid: 11.0945, valid_score: 5500.8, , rmse_test: 13.1071, score_test: 303.5, Learning rate:0.00020000
Epoch: 15, Loss: 9.2494, Rmse_valid: 10.7318, valid_score: 5126.6, , rmse_test: 13.1145, score_test: 297.6, Learning rate:0.00020000
Epoch: 16, Loss: 9.2130, Rmse_valid: 10.9552, valid_score: 5604.8, , rmse_test: 13.1713, score_test: 298.2, Learning rate:0.00020000
Epoch: 17, Loss: 9.1785, Rmse_valid: 11.4960, valid_score: 6470.1, , rmse_test: 13.5460, score_test: 357.5, Learning rate:0.00020000
Epoch: 18, Loss: 9.1408, Rmse_valid: 11.4921, valid_score: 5686.1, , rmse_test: 13.1817, score_test: 298.2, Learning rate:0.00020000
Epoch: 19, Loss: 9.1102, Rmse_valid: 10.7147, valid_score: 5443.8, , rmse_test: 13.2565, score_test: 295.6, Learning rate:0.00020000
Epoch: 20, Loss: 9.0665, Rmse_valid: 11.3924, valid_score: 6292.9, , rmse_test: 13.3959, score_test: 346.3, Learning rate:0.00020000
Epoch: 21, Loss: 9.0181, Rmse_valid: 11.7103, valid_score: 6231.9, , rmse_test: 13.3773, score_test: 338.5, Learning rate:0.00002000
Epoch: 22, Loss: 9.0160, Rmse_valid: 11.0582, valid_score: 6136.4, , rmse_test: 13.3463, score_test: 330.0, Learning rate:0.00002000
Epoch: 23, Loss: 9.0031, Rmse_valid: 10.8637, valid_score: 6435.6, , rmse_test: 13.4562, score_test: 348.4, Learning rate:0.00002000
Epoch: 24, Loss: 9.0034, Rmse_valid: 11.2052, valid_score: 6328.4, , rmse_test: 13.4055, score_test: 339.0, Learning rate:0.00002000
Epoch: 25, Loss: 9.0035, Rmse_valid: 11.0817, valid_score: 6342.6, , rmse_test: 13.4038, score_test: 337.7, Learning rate:0.00002000
Epoch: 26, Loss: 8.9908, Rmse_valid: 10.7983, valid_score: 6323.2, , rmse_test: 13.4180, score_test: 340.3, Learning rate:0.00002000
Epoch: 27, Loss: 8.9909, Rmse_valid: 10.8266, valid_score: 6266.9, , rmse_test: 13.3835, score_test: 333.2, Learning rate:0.00002000
Epoch: 28, Loss: 8.9835, Rmse_valid: 10.9602, valid_score: 6407.5, , rmse_test: 13.4373, score_test: 343.1, Learning rate:0.00002000
Epoch: 29, Loss: 8.9816, Rmse_valid: 11.0201, valid_score: 6313.2, , rmse_test: 13.4253, score_test: 340.0, Learning rate:0.00002000
Epoch: 30, Loss: 8.9839, Rmse_valid: 11.9300, valid_score: 6399.5, , rmse_test: 13.4373, score_test: 341.3, Learning rate:0.00002000
[Train Summary] Restored best model from epoch 8, rmse_valid: 10.5013, valid_score: 4697.1, rmse_test: 12.9066, score_test: 271.2
[Train Time] start: 2026-04-17 14:37:23, end: 2026-04-17 14:38:33, duration: 0:01:10, total_seconds: 70.02
[Auto Test] command: /usr/bin/python /CMAPSS-release/scipt/test_model.py --sub-dataset FD001 --smooth-rate 40 --sequence-len 30 --feature-num 14 --dataset-root /CMAPSS-release/CMAPSSData/ --max-rul 125 --batch-size 128 --model-path /CMAPSS-release/trials/model_FD001_0417_143723.pkl
model_path:/CMAPSS-release/trials/model_FD001_0417_143723.pkl
rmse_final:12.78319263458252, score:262.0213928222656
