-----FD004-----
关键参数:
序列长度: 30
批大小(batch_size): 128
最大训练轮数(max_epochs): 30
随机数种子: 51
模型代号(model_code): FD004_GAT2L
学习率: 0.002
学习率调度器: step
Step步长(step_size): 10
Step衰减系数(gamma): 0.1
空间GAT: 开启
时间注意力: 关闭
Decoder融合方式: concat
图构建模式(graph_mode): dynamic_knn
GAT层数(num_layers): 2
GAT邻居数(topk): 5
GAT嵌入维度: 16
GAT隐藏层维度: 8
------------------------------
Epoch: 1, Loss: 28.4024, Rmse_valid: 23.6167, valid_score: 153818.8, , rmse_test: 28.0840, score_test: 29616.4, Learning rate:0.00200000
Epoch: 2, Loss: 21.9155, Rmse_valid: 22.9188, valid_score: 141577.2, , rmse_test: 24.0957, score_test: 8930.9, Learning rate:0.00200000
Epoch: 3, Loss: 20.4732, Rmse_valid: 19.2581, valid_score: 51378.9, , rmse_test: 21.2921, score_test: 3690.7, Learning rate:0.00200000
Epoch: 4, Loss: 19.3520, Rmse_valid: 20.5406, valid_score: 83245.7, , rmse_test: 19.9096, score_test: 3556.1, Learning rate:0.00200000
Epoch: 5, Loss: 18.6751, Rmse_valid: 20.5891, valid_score: 108710.8, , rmse_test: 21.3234, score_test: 7683.7, Learning rate:0.00200000
Epoch: 6, Loss: 18.0432, Rmse_valid: 18.9714, valid_score: 72951.2, , rmse_test: 20.3679, score_test: 3667.3, Learning rate:0.00200000
Epoch: 7, Loss: 17.5124, Rmse_valid: 17.5945, valid_score: 51666.9, , rmse_test: 18.7486, score_test: 3534.8, Learning rate:0.00200000
Epoch: 8, Loss: 17.1088, Rmse_valid: 19.5187, valid_score: 94237.4, , rmse_test: 19.2593, score_test: 3078.1, Learning rate:0.00200000
Epoch: 9, Loss: 16.7780, Rmse_valid: 17.1755, valid_score: 38461.6, , rmse_test: 17.9176, score_test: 1931.0, Learning rate:0.00200000
Epoch: 10, Loss: 16.4069, Rmse_valid: 18.5769, valid_score: 64494.2, , rmse_test: 19.1056, score_test: 3200.0, Learning rate:0.00200000
Epoch: 11, Loss: 14.7743, Rmse_valid: 17.1318, valid_score: 39924.9, , rmse_test: 17.8401, score_test: 1910.6, Learning rate:0.00020000
Epoch: 12, Loss: 14.5956, Rmse_valid: 16.7565, valid_score: 36205.3, , rmse_test: 17.9134, score_test: 1775.1, Learning rate:0.00020000
Epoch: 13, Loss: 14.4881, Rmse_valid: 17.3099, valid_score: 42793.2, , rmse_test: 18.1717, score_test: 1990.1, Learning rate:0.00020000
Epoch: 14, Loss: 14.4300, Rmse_valid: 16.8819, valid_score: 37085.0, , rmse_test: 17.7523, score_test: 1746.2, Learning rate:0.00020000
Epoch: 15, Loss: 14.3586, Rmse_valid: 17.3801, valid_score: 43030.3, , rmse_test: 17.8349, score_test: 1912.3, Learning rate:0.00020000
Epoch: 16, Loss: 14.3065, Rmse_valid: 16.9343, valid_score: 34234.4, , rmse_test: 17.8623, score_test: 1666.0, Learning rate:0.00020000
Epoch: 17, Loss: 14.2440, Rmse_valid: 17.2181, valid_score: 40770.7, , rmse_test: 18.1450, score_test: 1934.5, Learning rate:0.00020000
Epoch: 18, Loss: 14.1957, Rmse_valid: 17.3925, valid_score: 42463.7, , rmse_test: 18.0907, score_test: 1913.2, Learning rate:0.00020000
Epoch: 19, Loss: 14.1489, Rmse_valid: 17.0978, valid_score: 38323.5, , rmse_test: 18.0567, score_test: 1777.0, Learning rate:0.00020000
Epoch: 20, Loss: 14.0908, Rmse_valid: 17.1898, valid_score: 42597.8, , rmse_test: 18.4212, score_test: 2121.1, Learning rate:0.00020000
Epoch: 21, Loss: 13.9649, Rmse_valid: 17.2554, valid_score: 40626.3, , rmse_test: 18.0271, score_test: 1883.8, Learning rate:0.00002000
Epoch: 22, Loss: 13.9540, Rmse_valid: 17.1751, valid_score: 39527.3, , rmse_test: 18.0458, score_test: 1863.2, Learning rate:0.00002000
Epoch: 23, Loss: 13.9443, Rmse_valid: 17.1209, valid_score: 39421.9, , rmse_test: 18.1319, score_test: 1878.1, Learning rate:0.00002000
Epoch: 24, Loss: 13.9411, Rmse_valid: 17.2131, valid_score: 39835.4, , rmse_test: 18.1036, score_test: 1892.7, Learning rate:0.00002000
Epoch: 25, Loss: 13.9336, Rmse_valid: 17.2655, valid_score: 40089.9, , rmse_test: 18.0426, score_test: 1888.8, Learning rate:0.00002000
Epoch: 26, Loss: 13.9287, Rmse_valid: 17.3400, valid_score: 39270.1, , rmse_test: 17.9929, score_test: 1844.6, Learning rate:0.00002000
Epoch: 27, Loss: 13.9232, Rmse_valid: 17.1854, valid_score: 39428.3, , rmse_test: 18.1287, score_test: 1880.6, Learning rate:0.00002000
Epoch: 28, Loss: 13.9191, Rmse_valid: 17.1170, valid_score: 39318.9, , rmse_test: 18.0673, score_test: 1891.7, Learning rate:0.00002000
Epoch: 29, Loss: 13.9136, Rmse_valid: 17.1058, valid_score: 39829.6, , rmse_test: 18.2219, score_test: 1934.3, Learning rate:0.00002000
Epoch: 30, Loss: 13.9053, Rmse_valid: 17.1596, valid_score: 39109.6, , rmse_test: 18.0087, score_test: 1817.4, Learning rate:0.00002000
[Train Summary] Restored best model from epoch 12, rmse_valid: 16.7565, valid_score: 36205.3, rmse_test: 17.9134, score_test: 1775.1
[Train Time] start: 2026-04-16 11:59:35, end: 2026-04-16 12:07:29, duration: 0:07:54, total_seconds: 473.59
[Auto Test] command: /usr/bin/python /CMAPSS-release/scipt/test_model.py --sub-dataset FD004 --smooth-rate 40 --sequence-len 30 --feature-num 14 --dataset-root /CMAPSS-release/CMAPSSData/ --max-rul 125 --batch-size 128 --model-path /CMAPSS-release/trials/model_FD004_0416_115935.pkl
model_path:/CMAPSS-release/trials/model_FD004_0416_115935.pkl
rmse_final:17.870502471923828, score:1716.79736328125
