-----FD004-----
关键参数:
序列长度: 30
批大小(batch_size): 128
最大训练轮数(max_epochs): 30
随机数种子: 30
模型代号(model_code): FD004_GAT_2L
学习率: 0.002
学习率调度器: step
Step步长(step_size): 10
Step衰减系数(gamma): 0.1
空间GAT: 开启
时间注意力: 关闭
Decoder融合方式: concat
图构建模式(graph_mode): dynamic_knn
GAT层数(num_layers): 2
GAT邻居数(topk): 5
GAT嵌入维度: 16
GAT隐藏层维度: 16
------------------------------
Epoch: 1, Loss: 28.3853, Rmse_valid: 22.0156, valid_score: 70837.9, , rmse_test: 24.4501, score_test: 5999.8, Learning rate:0.00200000
Epoch: 2, Loss: 21.9818, Rmse_valid: 20.6613, valid_score: 72571.9, , rmse_test: 22.0480, score_test: 6184.7, Learning rate:0.00200000
Epoch: 3, Loss: 20.4132, Rmse_valid: 19.5907, valid_score: 59579.9, , rmse_test: 20.7623, score_test: 4951.5, Learning rate:0.00200000
Epoch: 4, Loss: 19.5367, Rmse_valid: 20.1472, valid_score: 75371.7, , rmse_test: 20.4749, score_test: 4628.0, Learning rate:0.00200000
Epoch: 5, Loss: 18.7890, Rmse_valid: 18.3579, valid_score: 39964.4, , rmse_test: 19.8889, score_test: 3741.7, Learning rate:0.00200000
Epoch: 6, Loss: 18.2148, Rmse_valid: 18.4232, valid_score: 54760.7, , rmse_test: 19.2815, score_test: 3424.0, Learning rate:0.00200000
Epoch: 7, Loss: 17.6066, Rmse_valid: 18.0511, valid_score: 52332.2, , rmse_test: 18.5499, score_test: 2836.2, Learning rate:0.00200000
Epoch: 8, Loss: 17.0804, Rmse_valid: 18.0963, valid_score: 36961.2, , rmse_test: 18.6151, score_test: 2028.0, Learning rate:0.00200000
Epoch: 9, Loss: 16.6429, Rmse_valid: 20.2932, valid_score: 135454.9, , rmse_test: 21.4881, score_test: 7620.6, Learning rate:0.00200000
Epoch: 10, Loss: 16.3984, Rmse_valid: 18.6254, valid_score: 52627.1, , rmse_test: 17.7383, score_test: 1528.8, Learning rate:0.00200000
Epoch: 11, Loss: 14.5828, Rmse_valid: 17.7520, valid_score: 63404.1, , rmse_test: 17.9544, score_test: 2401.6, Learning rate:0.00020000
Epoch: 12, Loss: 14.3768, Rmse_valid: 17.7489, valid_score: 59278.8, , rmse_test: 17.8432, score_test: 2418.4, Learning rate:0.00020000
Epoch: 13, Loss: 14.2860, Rmse_valid: 18.0915, valid_score: 72991.2, , rmse_test: 18.2585, score_test: 2855.8, Learning rate:0.00020000
Epoch: 14, Loss: 14.1949, Rmse_valid: 17.8511, valid_score: 63395.9, , rmse_test: 18.2471, score_test: 3081.1, Learning rate:0.00020000
Epoch: 15, Loss: 14.1369, Rmse_valid: 18.1470, valid_score: 68142.1, , rmse_test: 17.7945, score_test: 2279.5, Learning rate:0.00020000
Epoch: 16, Loss: 14.0708, Rmse_valid: 18.0230, valid_score: 74861.6, , rmse_test: 18.2151, score_test: 2584.8, Learning rate:0.00020000
Epoch: 17, Loss: 14.0206, Rmse_valid: 18.2858, valid_score: 81349.4, , rmse_test: 18.2111, score_test: 2802.1, Learning rate:0.00020000
Epoch: 18, Loss: 13.9664, Rmse_valid: 18.4568, valid_score: 76765.1, , rmse_test: 18.5814, score_test: 3146.2, Learning rate:0.00020000
Epoch: 19, Loss: 13.9206, Rmse_valid: 18.1217, valid_score: 68528.9, , rmse_test: 18.1736, score_test: 2331.9, Learning rate:0.00020000
Epoch: 20, Loss: 13.8769, Rmse_valid: 17.7826, valid_score: 53357.4, , rmse_test: 18.3817, score_test: 2538.8, Learning rate:0.00020000
Epoch: 21, Loss: 13.7343, Rmse_valid: 18.0217, valid_score: 67049.6, , rmse_test: 18.3380, score_test: 2674.2, Learning rate:0.00002000
Epoch: 22, Loss: 13.7101, Rmse_valid: 18.0026, valid_score: 63951.3, , rmse_test: 18.2941, score_test: 2688.5, Learning rate:0.00002000
Epoch: 23, Loss: 13.7045, Rmse_valid: 18.0843, valid_score: 70629.0, , rmse_test: 18.3807, score_test: 2743.6, Learning rate:0.00002000
Epoch: 24, Loss: 13.6974, Rmse_valid: 18.0471, valid_score: 72065.3, , rmse_test: 18.3593, score_test: 2707.2, Learning rate:0.00002000
Epoch: 25, Loss: 13.6914, Rmse_valid: 18.1398, valid_score: 71459.0, , rmse_test: 18.3270, score_test: 2664.5, Learning rate:0.00002000
Epoch: 26, Loss: 13.6862, Rmse_valid: 18.0600, valid_score: 68916.7, , rmse_test: 18.2895, score_test: 2622.7, Learning rate:0.00002000
Epoch: 27, Loss: 13.6802, Rmse_valid: 18.1677, valid_score: 70091.2, , rmse_test: 18.2852, score_test: 2606.5, Learning rate:0.00002000
Epoch: 28, Loss: 13.6763, Rmse_valid: 18.1483, valid_score: 71245.7, , rmse_test: 18.3826, score_test: 2692.5, Learning rate:0.00002000
Epoch: 29, Loss: 13.6706, Rmse_valid: 17.9685, valid_score: 66146.0, , rmse_test: 18.3374, score_test: 2611.1, Learning rate:0.00002000
Epoch: 30, Loss: 13.6654, Rmse_valid: 18.2141, valid_score: 66334.3, , rmse_test: 18.2957, score_test: 2548.7, Learning rate:0.00002000
[Train Summary] Restored best model from epoch 12, rmse_valid: 17.7489, valid_score: 59278.8, rmse_test: 17.8432, score_test: 2418.4
[Train Time] start: 2026-04-16 15:48:58, end: 2026-04-16 15:56:48, duration: 0:07:50, total_seconds: 469.53
[Auto Test] command: /usr/bin/python /CMAPSS-release/scipt/test_model.py --sub-dataset FD004 --smooth-rate 40 --sequence-len 30 --feature-num 14 --dataset-root /CMAPSS-release/CMAPSSData/ --max-rul 125 --batch-size 128 --model-path /CMAPSS-release/trials/model_FD004_0416_154858.pkl
model_path:/CMAPSS-release/trials/model_FD004_0416_154858.pkl
rmse_final:17.781719207763672, score:2300.01708984375
