-----FD004-----
关键参数:
序列长度: 30
批大小(batch_size): 128
最大训练轮数(max_epochs): 30
随机数种子: 97
模型代号(model_code): FD004_E
学习率: 0.002
学习率调度器: step
Step步长(step_size): 10
Step衰减系数(gamma): 0.1
空间GAT: 关闭
时间注意力: 关闭
Decoder融合方式: gate
------------------------------
Epoch: 1, Loss: 27.2407, Rmse_valid: 21.7438, valid_score: 69580.0, , rmse_test: 26.8708, score_test: 14490.9, Learning rate:0.00200000
Epoch: 2, Loss: 23.3721, Rmse_valid: 20.7446, valid_score: 54526.1, , rmse_test: 24.3740, score_test: 6227.1, Learning rate:0.00200000
Epoch: 3, Loss: 21.9680, Rmse_valid: 19.7443, valid_score: 60402.1, , rmse_test: 23.1234, score_test: 5491.0, Learning rate:0.00200000
Epoch: 4, Loss: 20.5952, Rmse_valid: 21.4857, valid_score: 119320.6, , rmse_test: 23.2128, score_test: 7841.7, Learning rate:0.00200000
Epoch: 5, Loss: 19.3516, Rmse_valid: 17.5069, valid_score: 47810.5, , rmse_test: 20.6787, score_test: 4501.0, Learning rate:0.00200000
Epoch: 6, Loss: 18.5375, Rmse_valid: 16.7389, valid_score: 38402.4, , rmse_test: 18.0132, score_test: 1991.1, Learning rate:0.00200000
Epoch: 7, Loss: 17.9955, Rmse_valid: 16.8952, valid_score: 47441.8, , rmse_test: 19.4071, score_test: 4141.4, Learning rate:0.00200000
Epoch: 8, Loss: 17.7067, Rmse_valid: 16.0403, valid_score: 26714.1, , rmse_test: 18.5368, score_test: 1720.0, Learning rate:0.00200000
Epoch: 9, Loss: 17.3024, Rmse_valid: 16.3930, valid_score: 34984.5, , rmse_test: 17.3549, score_test: 1818.0, Learning rate:0.00200000
Epoch: 10, Loss: 17.1437, Rmse_valid: 17.5543, valid_score: 61141.7, , rmse_test: 19.1035, score_test: 2812.2, Learning rate:0.00200000
Epoch: 11, Loss: 15.8046, Rmse_valid: 16.1091, valid_score: 43810.2, , rmse_test: 17.4099, score_test: 1668.0, Learning rate:0.00020000
Epoch: 12, Loss: 15.6286, Rmse_valid: 15.9359, valid_score: 41913.6, , rmse_test: 17.7330, score_test: 1919.1, Learning rate:0.00020000
Epoch: 13, Loss: 15.5651, Rmse_valid: 16.1651, valid_score: 48015.4, , rmse_test: 17.6629, score_test: 1878.4, Learning rate:0.00020000
Epoch: 14, Loss: 15.5110, Rmse_valid: 16.1218, valid_score: 49912.8, , rmse_test: 17.6881, score_test: 1806.5, Learning rate:0.00020000
Epoch: 15, Loss: 15.4690, Rmse_valid: 15.9508, valid_score: 41760.9, , rmse_test: 17.5334, score_test: 1683.9, Learning rate:0.00020000
Epoch: 16, Loss: 15.4291, Rmse_valid: 15.9971, valid_score: 46524.9, , rmse_test: 17.4264, score_test: 1851.6, Learning rate:0.00020000
Epoch: 17, Loss: 15.3923, Rmse_valid: 15.6878, valid_score: 40145.3, , rmse_test: 17.2892, score_test: 1706.9, Learning rate:0.00020000
Epoch: 18, Loss: 15.3636, Rmse_valid: 16.0034, valid_score: 48644.1, , rmse_test: 17.4705, score_test: 1977.1, Learning rate:0.00020000
Epoch: 19, Loss: 15.3358, Rmse_valid: 15.9650, valid_score: 47080.8, , rmse_test: 17.4345, score_test: 1839.2, Learning rate:0.00020000
Epoch: 20, Loss: 15.3162, Rmse_valid: 15.9886, valid_score: 45527.4, , rmse_test: 17.2942, score_test: 1788.6, Learning rate:0.00020000
Epoch: 21, Loss: 15.2082, Rmse_valid: 15.8307, valid_score: 45624.7, , rmse_test: 17.3655, score_test: 1779.1, Learning rate:0.00002000
Epoch: 22, Loss: 15.1997, Rmse_valid: 15.9485, valid_score: 46083.0, , rmse_test: 17.3946, score_test: 1798.6, Learning rate:0.00002000
Epoch: 23, Loss: 15.1964, Rmse_valid: 15.9823, valid_score: 47452.7, , rmse_test: 17.4355, score_test: 1852.1, Learning rate:0.00002000
Epoch: 24, Loss: 15.1958, Rmse_valid: 16.0891, valid_score: 48986.3, , rmse_test: 17.4859, score_test: 1871.7, Learning rate:0.00002000
Epoch: 25, Loss: 15.1927, Rmse_valid: 16.0923, valid_score: 46872.8, , rmse_test: 17.3777, score_test: 1778.8, Learning rate:0.00002000
Epoch: 26, Loss: 15.1899, Rmse_valid: 15.9916, valid_score: 47672.3, , rmse_test: 17.4030, score_test: 1826.1, Learning rate:0.00002000
Epoch: 27, Loss: 15.1858, Rmse_valid: 15.9579, valid_score: 48292.7, , rmse_test: 17.3144, score_test: 1769.8, Learning rate:0.00002000
Epoch: 28, Loss: 15.1800, Rmse_valid: 16.0019, valid_score: 47010.6, , rmse_test: 17.4640, score_test: 1815.5, Learning rate:0.00002000
Epoch: 29, Loss: 15.1786, Rmse_valid: 15.9228, valid_score: 47220.5, , rmse_test: 17.4915, score_test: 1807.5, Learning rate:0.00002000
Epoch: 30, Loss: 15.1784, Rmse_valid: 16.0333, valid_score: 47294.7, , rmse_test: 17.4039, score_test: 1788.1, Learning rate:0.00002000
[Train Summary] Restored best model from epoch 17, rmse_valid: 15.6878, valid_score: 40145.3, rmse_test: 17.2892, score_test: 1706.9
[Train Time] start: 2026-04-18 09:38:58, end: 2026-04-18 09:44:32, duration: 0:05:34, total_seconds: 333.60
[Auto Test] command: /usr/bin/python /CMAPSS-release/scipt/test_model.py --sub-dataset FD004 --smooth-rate 40 --sequence-len 30 --feature-num 14 --dataset-root /CMAPSS-release/CMAPSSData/ --max-rul 125 --batch-size 128 --model-path /CMAPSS-release/trials/model_FD004_0418_093858.pkl
model_path:/CMAPSS-release/trials/model_FD004_0418_093858.pkl
rmse_final:17.253448486328125, score:1656.5699462890625
