-----FD004-----
关键参数:
序列长度: 30
批大小(batch_size): 128
最大训练轮数(max_epochs): 30
随机数种子: 27
模型代号(model_code): FD004_B
学习率: 0.002
学习率调度器: step
Step步长(step_size): 10
Step衰减系数(gamma): 0.1
空间GAT: 开启
时间注意力: 关闭
Decoder融合方式: concat
图构建模式(graph_mode): dynamic_knn
GAT层数(num_layers): 2
GAT邻居数(topk): 7
GAT嵌入维度: 8
GAT隐藏层维度: 16
------------------------------
Epoch: 1, Loss: 25.7815, Rmse_valid: 21.7522, valid_score: 94881.6, , rmse_test: 24.9185, score_test: 10319.5, Learning rate:0.00200000
Epoch: 2, Loss: 21.5313, Rmse_valid: 20.0672, valid_score: 48985.7, , rmse_test: 21.1086, score_test: 2770.3, Learning rate:0.00200000
Epoch: 3, Loss: 20.0561, Rmse_valid: 21.1886, valid_score: 64591.8, , rmse_test: 21.5969, score_test: 2963.6, Learning rate:0.00200000
Epoch: 4, Loss: 19.1892, Rmse_valid: 20.4566, valid_score: 74977.1, , rmse_test: 21.6533, score_test: 5172.4, Learning rate:0.00200000
Epoch: 5, Loss: 18.7062, Rmse_valid: 17.8622, valid_score: 41945.3, , rmse_test: 20.6119, score_test: 3557.3, Learning rate:0.00200000
Epoch: 6, Loss: 18.2918, Rmse_valid: 18.9302, valid_score: 63180.3, , rmse_test: 19.8307, score_test: 4536.0, Learning rate:0.00200000
Epoch: 7, Loss: 17.8494, Rmse_valid: 18.9039, valid_score: 80506.0, , rmse_test: 20.3126, score_test: 3592.4, Learning rate:0.00200000
Epoch: 8, Loss: 17.3355, Rmse_valid: 18.5192, valid_score: 51612.2, , rmse_test: 19.4573, score_test: 3360.5, Learning rate:0.00200000
Epoch: 9, Loss: 17.0499, Rmse_valid: 17.2287, valid_score: 46467.4, , rmse_test: 19.7697, score_test: 3937.3, Learning rate:0.00200000
Epoch: 10, Loss: 16.7006, Rmse_valid: 18.0727, valid_score: 35436.3, , rmse_test: 19.2078, score_test: 1874.7, Learning rate:0.00200000
Epoch: 11, Loss: 15.1281, Rmse_valid: 16.6224, valid_score: 40126.5, , rmse_test: 18.3874, score_test: 2320.4, Learning rate:0.00020000
Epoch: 12, Loss: 14.9324, Rmse_valid: 16.6750, valid_score: 41285.9, , rmse_test: 18.5197, score_test: 2417.6, Learning rate:0.00020000
Epoch: 13, Loss: 14.8407, Rmse_valid: 16.6262, valid_score: 38566.2, , rmse_test: 18.4145, score_test: 1992.0, Learning rate:0.00020000
Epoch: 14, Loss: 14.7655, Rmse_valid: 16.9439, valid_score: 42344.8, , rmse_test: 18.3073, score_test: 2055.1, Learning rate:0.00020000
Epoch: 15, Loss: 14.6967, Rmse_valid: 17.0293, valid_score: 49118.1, , rmse_test: 18.0635, score_test: 1877.1, Learning rate:0.00020000
Epoch: 16, Loss: 14.6361, Rmse_valid: 17.0725, valid_score: 47371.6, , rmse_test: 18.3375, score_test: 2151.4, Learning rate:0.00020000
Epoch: 17, Loss: 14.5809, Rmse_valid: 16.6322, valid_score: 41064.7, , rmse_test: 18.2511, score_test: 1854.1, Learning rate:0.00020000
Epoch: 18, Loss: 14.5303, Rmse_valid: 16.6165, valid_score: 40270.0, , rmse_test: 18.1090, score_test: 1815.2, Learning rate:0.00020000
Epoch: 19, Loss: 14.4779, Rmse_valid: 17.1477, valid_score: 50901.3, , rmse_test: 18.1252, score_test: 1948.3, Learning rate:0.00020000
Epoch: 20, Loss: 14.4308, Rmse_valid: 16.9319, valid_score: 49176.1, , rmse_test: 18.0665, score_test: 1848.9, Learning rate:0.00020000
Epoch: 21, Loss: 14.2888, Rmse_valid: 16.9941, valid_score: 49044.9, , rmse_test: 18.0336, score_test: 1821.9, Learning rate:0.00002000
Epoch: 22, Loss: 14.2741, Rmse_valid: 16.8793, valid_score: 45754.1, , rmse_test: 18.0961, score_test: 1829.0, Learning rate:0.00002000
Epoch: 23, Loss: 14.2671, Rmse_valid: 16.9359, valid_score: 47910.4, , rmse_test: 18.1972, score_test: 1946.1, Learning rate:0.00002000
Epoch: 24, Loss: 14.2623, Rmse_valid: 17.0401, valid_score: 48057.6, , rmse_test: 18.0966, score_test: 1881.1, Learning rate:0.00002000
Epoch: 25, Loss: 14.2566, Rmse_valid: 16.8529, valid_score: 47651.3, , rmse_test: 18.0897, score_test: 1838.3, Learning rate:0.00002000
Epoch: 26, Loss: 14.2497, Rmse_valid: 16.8926, valid_score: 48205.2, , rmse_test: 18.0830, score_test: 1866.9, Learning rate:0.00002000
Epoch: 27, Loss: 14.2443, Rmse_valid: 17.0324, valid_score: 48300.4, , rmse_test: 18.1389, score_test: 1919.5, Learning rate:0.00002000
Epoch: 28, Loss: 14.2429, Rmse_valid: 17.0968, valid_score: 47962.8, , rmse_test: 18.0482, score_test: 1830.6, Learning rate:0.00002000
Epoch: 29, Loss: 14.2341, Rmse_valid: 16.8843, valid_score: 46796.1, , rmse_test: 18.0719, score_test: 1858.2, Learning rate:0.00002000
Epoch: 30, Loss: 14.2286, Rmse_valid: 17.0200, valid_score: 46624.8, , rmse_test: 18.1241, score_test: 1862.4, Learning rate:0.00002000
[Train Summary] Restored best model from epoch 18, rmse_valid: 16.6165, valid_score: 40270.0, rmse_test: 18.1090, score_test: 1815.2
[Train Time] start: 2026-04-18 04:39:42, end: 2026-04-18 04:47:29, duration: 0:07:47, total_seconds: 467.40
[Auto Test] command: /usr/bin/python /CMAPSS-release/scipt/test_model.py --sub-dataset FD004 --smooth-rate 40 --sequence-len 30 --feature-num 14 --dataset-root /CMAPSS-release/CMAPSSData/ --max-rul 125 --batch-size 128 --model-path /CMAPSS-release/trials/model_FD004_0418_043942.pkl
model_path:/CMAPSS-release/trials/model_FD004_0418_043942.pkl
rmse_final:18.049551010131836, score:1764.073974609375
