-----FD004-----
关键参数:
序列长度: 30
批大小(batch_size): 128
最大训练轮数(max_epochs): 30
随机数种子: 97
模型代号(model_code): FD004_B
学习率: 0.002
学习率调度器: step
Step步长(step_size): 10
Step衰减系数(gamma): 0.1
空间GAT: 开启
时间注意力: 关闭
Decoder融合方式: concat
图构建模式(graph_mode): dynamic_knn
GAT层数(num_layers): 2
GAT邻居数(topk): 7
GAT嵌入维度: 8
GAT隐藏层维度: 16
------------------------------
Epoch: 1, Loss: 25.9013, Rmse_valid: 21.5255, valid_score: 75602.0, , rmse_test: 24.2737, score_test: 8792.6, Learning rate:0.00200000
Epoch: 2, Loss: 21.5054, Rmse_valid: 20.4011, valid_score: 67021.8, , rmse_test: 20.9172, score_test: 3762.5, Learning rate:0.00200000
Epoch: 3, Loss: 20.0537, Rmse_valid: 19.3328, valid_score: 69381.8, , rmse_test: 20.4146, score_test: 4115.3, Learning rate:0.00200000
Epoch: 4, Loss: 19.2057, Rmse_valid: 21.2059, valid_score: 107084.8, , rmse_test: 21.9632, score_test: 6466.8, Learning rate:0.00200000
Epoch: 5, Loss: 18.5516, Rmse_valid: 19.2910, valid_score: 70506.1, , rmse_test: 19.6445, score_test: 3416.8, Learning rate:0.00200000
Epoch: 6, Loss: 17.9764, Rmse_valid: 22.7882, valid_score: 180537.5, , rmse_test: 21.9016, score_test: 7255.6, Learning rate:0.00200000
Epoch: 7, Loss: 17.5853, Rmse_valid: 18.4637, valid_score: 66388.1, , rmse_test: 19.6967, score_test: 3642.4, Learning rate:0.00200000
Epoch: 8, Loss: 17.2794, Rmse_valid: 19.0006, valid_score: 79066.9, , rmse_test: 19.0344, score_test: 3109.9, Learning rate:0.00200000
Epoch: 9, Loss: 16.9357, Rmse_valid: 17.9756, valid_score: 56444.6, , rmse_test: 19.1025, score_test: 2950.2, Learning rate:0.00200000
Epoch: 10, Loss: 16.6085, Rmse_valid: 18.9106, valid_score: 69850.7, , rmse_test: 20.4129, score_test: 5315.1, Learning rate:0.00200000
Epoch: 11, Loss: 14.9840, Rmse_valid: 17.2065, valid_score: 49457.1, , rmse_test: 18.1038, score_test: 2184.0, Learning rate:0.00020000
Epoch: 12, Loss: 14.7760, Rmse_valid: 17.4076, valid_score: 55769.8, , rmse_test: 18.2922, score_test: 2617.8, Learning rate:0.00020000
Epoch: 13, Loss: 14.6576, Rmse_valid: 17.0336, valid_score: 50973.4, , rmse_test: 18.0631, score_test: 2215.3, Learning rate:0.00020000
Epoch: 14, Loss: 14.5620, Rmse_valid: 17.2628, valid_score: 52937.8, , rmse_test: 17.6339, score_test: 1999.6, Learning rate:0.00020000
Epoch: 15, Loss: 14.4829, Rmse_valid: 17.3194, valid_score: 54425.6, , rmse_test: 17.6756, score_test: 1897.5, Learning rate:0.00020000
Epoch: 16, Loss: 14.4193, Rmse_valid: 17.4250, valid_score: 50811.3, , rmse_test: 17.9390, score_test: 2295.9, Learning rate:0.00020000
Epoch: 17, Loss: 14.3548, Rmse_valid: 17.1116, valid_score: 46169.1, , rmse_test: 17.8685, score_test: 2115.3, Learning rate:0.00020000
Epoch: 18, Loss: 14.3154, Rmse_valid: 17.1575, valid_score: 48394.9, , rmse_test: 17.6342, score_test: 1754.7, Learning rate:0.00020000
Epoch: 19, Loss: 14.2590, Rmse_valid: 17.3565, valid_score: 50667.1, , rmse_test: 17.6279, score_test: 1997.0, Learning rate:0.00020000
Epoch: 20, Loss: 14.2023, Rmse_valid: 17.0094, valid_score: 48948.0, , rmse_test: 17.8785, score_test: 2025.0, Learning rate:0.00020000
Epoch: 21, Loss: 14.0792, Rmse_valid: 17.2606, valid_score: 49857.7, , rmse_test: 17.6946, score_test: 1971.3, Learning rate:0.00002000
Epoch: 22, Loss: 14.0552, Rmse_valid: 17.2110, valid_score: 51083.5, , rmse_test: 17.7715, score_test: 2059.9, Learning rate:0.00002000
Epoch: 23, Loss: 14.0459, Rmse_valid: 17.3222, valid_score: 49965.9, , rmse_test: 17.6494, score_test: 1920.0, Learning rate:0.00002000
Epoch: 24, Loss: 14.0412, Rmse_valid: 17.1523, valid_score: 49327.5, , rmse_test: 17.7286, score_test: 1979.3, Learning rate:0.00002000
Epoch: 25, Loss: 14.0346, Rmse_valid: 17.2303, valid_score: 51157.5, , rmse_test: 17.6481, score_test: 1937.0, Learning rate:0.00002000
Epoch: 26, Loss: 14.0317, Rmse_valid: 17.1439, valid_score: 51691.1, , rmse_test: 17.6949, score_test: 1991.9, Learning rate:0.00002000
Epoch: 27, Loss: 14.0255, Rmse_valid: 17.1674, valid_score: 49319.9, , rmse_test: 17.7836, score_test: 2000.4, Learning rate:0.00002000
Epoch: 28, Loss: 14.0204, Rmse_valid: 17.2241, valid_score: 49662.3, , rmse_test: 17.8143, score_test: 2066.7, Learning rate:0.00002000
Epoch: 29, Loss: 14.0145, Rmse_valid: 17.1802, valid_score: 48181.7, , rmse_test: 17.6956, score_test: 1919.1, Learning rate:0.00002000
Epoch: 30, Loss: 14.0089, Rmse_valid: 17.0981, valid_score: 49435.6, , rmse_test: 17.7591, score_test: 2052.5, Learning rate:0.00002000
[Train Summary] Restored best model from epoch 20, rmse_valid: 17.0094, valid_score: 48948.0, rmse_test: 17.8785, score_test: 2025.0
[Train Time] start: 2026-04-18 05:38:02, end: 2026-04-18 05:45:47, duration: 0:07:45, total_seconds: 465.30
[Auto Test] command: /usr/bin/python /CMAPSS-release/scipt/test_model.py --sub-dataset FD004 --smooth-rate 40 --sequence-len 30 --feature-num 14 --dataset-root /CMAPSS-release/CMAPSSData/ --max-rul 125 --batch-size 128 --model-path /CMAPSS-release/trials/model_FD004_0418_053802.pkl
model_path:/CMAPSS-release/trials/model_FD004_0418_053802.pkl
rmse_final:17.81898307800293, score:1965.77294921875
