-----FD004-----
关键参数:
序列长度: 30
批大小(batch_size): 128
最大训练轮数(max_epochs): 30
随机数种子: 88
模型代号(model_code): FD004_B
学习率: 0.002
学习率调度器: step
Step步长(step_size): 10
Step衰减系数(gamma): 0.1
空间GAT: 开启
时间注意力: 关闭
Decoder融合方式: concat
图构建模式(graph_mode): dynamic_knn
GAT层数(num_layers): 2
GAT邻居数(topk): 7
GAT嵌入维度: 8
GAT隐藏层维度: 16
------------------------------
Epoch: 1, Loss: 27.4163, Rmse_valid: 23.4776, valid_score: 161923.5, , rmse_test: 26.5172, score_test: 18856.3, Learning rate:0.00200000
Epoch: 2, Loss: 22.0988, Rmse_valid: 19.4010, valid_score: 50443.4, , rmse_test: 21.5439, score_test: 3613.4, Learning rate:0.00200000
Epoch: 3, Loss: 20.5217, Rmse_valid: 19.7939, valid_score: 41962.4, , rmse_test: 20.6855, score_test: 2614.3, Learning rate:0.00200000
Epoch: 4, Loss: 19.4402, Rmse_valid: 18.6077, valid_score: 55502.0, , rmse_test: 19.5771, score_test: 3188.1, Learning rate:0.00200000
Epoch: 5, Loss: 18.8935, Rmse_valid: 18.2073, valid_score: 47205.7, , rmse_test: 19.4696, score_test: 2786.3, Learning rate:0.00200000
Epoch: 6, Loss: 18.3089, Rmse_valid: 18.7551, valid_score: 49996.7, , rmse_test: 18.8801, score_test: 2230.8, Learning rate:0.00200000
Epoch: 7, Loss: 17.8153, Rmse_valid: 17.1509, valid_score: 30064.8, , rmse_test: 19.0325, score_test: 1996.7, Learning rate:0.00200000
Epoch: 8, Loss: 17.5252, Rmse_valid: 17.8174, valid_score: 48350.8, , rmse_test: 18.0795, score_test: 2072.0, Learning rate:0.00200000
Epoch: 9, Loss: 17.1270, Rmse_valid: 18.1024, valid_score: 55073.7, , rmse_test: 18.9962, score_test: 3323.2, Learning rate:0.00200000
Epoch: 10, Loss: 16.8355, Rmse_valid: 18.1424, valid_score: 64779.0, , rmse_test: 18.5065, score_test: 2792.7, Learning rate:0.00200000
Epoch: 11, Loss: 15.1924, Rmse_valid: 17.4662, valid_score: 59849.2, , rmse_test: 18.1805, score_test: 2554.9, Learning rate:0.00020000
Epoch: 12, Loss: 15.0301, Rmse_valid: 17.3718, valid_score: 56334.4, , rmse_test: 18.0264, score_test: 2204.4, Learning rate:0.00020000
Epoch: 13, Loss: 14.9206, Rmse_valid: 17.7235, valid_score: 65606.2, , rmse_test: 18.4358, score_test: 2368.0, Learning rate:0.00020000
Epoch: 14, Loss: 14.8462, Rmse_valid: 17.5046, valid_score: 62149.2, , rmse_test: 18.1175, score_test: 2258.0, Learning rate:0.00020000
Epoch: 15, Loss: 14.7628, Rmse_valid: 17.8845, valid_score: 69176.1, , rmse_test: 18.4171, score_test: 2368.9, Learning rate:0.00020000
Epoch: 16, Loss: 14.6866, Rmse_valid: 17.7500, valid_score: 65509.8, , rmse_test: 18.0562, score_test: 2056.9, Learning rate:0.00020000
Epoch: 17, Loss: 14.6274, Rmse_valid: 17.8277, valid_score: 75444.1, , rmse_test: 18.1307, score_test: 2113.7, Learning rate:0.00020000
Epoch: 18, Loss: 14.5578, Rmse_valid: 17.4671, valid_score: 59790.0, , rmse_test: 18.2977, score_test: 1963.3, Learning rate:0.00020000
Epoch: 19, Loss: 14.5146, Rmse_valid: 17.7248, valid_score: 78733.1, , rmse_test: 18.0693, score_test: 2149.9, Learning rate:0.00020000
Epoch: 20, Loss: 14.4520, Rmse_valid: 17.8042, valid_score: 70117.4, , rmse_test: 18.3975, score_test: 2095.5, Learning rate:0.00020000
Epoch: 21, Loss: 14.3185, Rmse_valid: 17.5830, valid_score: 71087.7, , rmse_test: 18.0653, score_test: 1977.2, Learning rate:0.00002000
Epoch: 22, Loss: 14.3036, Rmse_valid: 17.3827, valid_score: 69800.1, , rmse_test: 18.0604, score_test: 1954.9, Learning rate:0.00002000
Epoch: 23, Loss: 14.2935, Rmse_valid: 17.5480, valid_score: 71538.6, , rmse_test: 18.0744, score_test: 1949.0, Learning rate:0.00002000
Epoch: 24, Loss: 14.2910, Rmse_valid: 17.5974, valid_score: 68844.7, , rmse_test: 18.0891, score_test: 1988.8, Learning rate:0.00002000
Epoch: 25, Loss: 14.2849, Rmse_valid: 17.5476, valid_score: 71467.3, , rmse_test: 18.1218, score_test: 2013.6, Learning rate:0.00002000
Epoch: 26, Loss: 14.2784, Rmse_valid: 17.7649, valid_score: 73644.3, , rmse_test: 18.1674, score_test: 2059.5, Learning rate:0.00002000
Epoch: 27, Loss: 14.2726, Rmse_valid: 17.7365, valid_score: 74620.8, , rmse_test: 18.1024, score_test: 1992.4, Learning rate:0.00002000
Epoch: 28, Loss: 14.2675, Rmse_valid: 17.5941, valid_score: 75883.2, , rmse_test: 18.1560, score_test: 2043.4, Learning rate:0.00002000
Epoch: 29, Loss: 14.2574, Rmse_valid: 17.7317, valid_score: 68218.9, , rmse_test: 18.0903, score_test: 1943.9, Learning rate:0.00002000
Epoch: 30, Loss: 14.2564, Rmse_valid: 17.6152, valid_score: 76266.1, , rmse_test: 18.1272, score_test: 2023.7, Learning rate:0.00002000
[Train Summary] Restored best model from epoch 7, rmse_valid: 17.1509, valid_score: 30064.8, rmse_test: 19.0325, score_test: 1996.7
[Train Time] start: 2026-04-18 05:29:53, end: 2026-04-18 05:37:12, duration: 0:07:19, total_seconds: 439.12
[Auto Test] command: /usr/bin/python /CMAPSS-release/scipt/test_model.py --sub-dataset FD004 --smooth-rate 40 --sequence-len 30 --feature-num 14 --dataset-root /CMAPSS-release/CMAPSSData/ --max-rul 125 --batch-size 128 --model-path /CMAPSS-release/trials/model_FD004_0418_052953.pkl
model_path:/CMAPSS-release/trials/model_FD004_0418_052953.pkl
rmse_final:19.027568817138672, score:1953.75390625
