-----FD004-----
关键参数:
序列长度: 30
批大小(batch_size): 128
最大训练轮数(max_epochs): 30
随机数种子: 17
模型代号(model_code): FD004_GAT_embed_dim32_topk7
学习率: 0.002
学习率调度器: step
Step步长(step_size): 10
Step衰减系数(gamma): 0.1
空间GAT: 开启
时间注意力: 关闭
Decoder融合方式: concat
图构建模式(graph_mode): dynamic_knn
GAT层数(num_layers): 2
GAT邻居数(topk): 7
GAT嵌入维度: 32
GAT隐藏层维度: 16
------------------------------
Epoch: 1, Loss: 27.4767, Rmse_valid: 20.3049, valid_score: 59618.8, , rmse_test: 23.9503, score_test: 6830.0, Learning rate:0.00200000
Epoch: 2, Loss: 21.6013, Rmse_valid: 20.6306, valid_score: 93100.5, , rmse_test: 25.2883, score_test: 10648.9, Learning rate:0.00200000
Epoch: 3, Loss: 19.9642, Rmse_valid: 20.3349, valid_score: 77196.9, , rmse_test: 20.1448, score_test: 4751.1, Learning rate:0.00200000
Epoch: 4, Loss: 18.9870, Rmse_valid: 18.2242, valid_score: 44253.8, , rmse_test: 18.8020, score_test: 2767.0, Learning rate:0.00200000
Epoch: 5, Loss: 18.2581, Rmse_valid: 17.8052, valid_score: 42355.9, , rmse_test: 19.2466, score_test: 3556.5, Learning rate:0.00200000
Epoch: 6, Loss: 17.8477, Rmse_valid: 18.4459, valid_score: 68393.1, , rmse_test: 18.5864, score_test: 2106.1, Learning rate:0.00200000
Epoch: 7, Loss: 17.2919, Rmse_valid: 20.9465, valid_score: 133527.3, , rmse_test: 20.6116, score_test: 4002.0, Learning rate:0.00200000
Epoch: 8, Loss: 16.9234, Rmse_valid: 19.2017, valid_score: 91763.4, , rmse_test: 19.0059, score_test: 3546.6, Learning rate:0.00200000
Epoch: 9, Loss: 16.6359, Rmse_valid: 18.6636, valid_score: 57602.6, , rmse_test: 19.7304, score_test: 3870.3, Learning rate:0.00200000
Epoch: 10, Loss: 16.3713, Rmse_valid: 16.7415, valid_score: 30423.7, , rmse_test: 18.4474, score_test: 1733.1, Learning rate:0.00200000
Epoch: 11, Loss: 14.5791, Rmse_valid: 17.1085, valid_score: 49317.9, , rmse_test: 17.5200, score_test: 1967.6, Learning rate:0.00020000
Epoch: 12, Loss: 14.3995, Rmse_valid: 17.0724, valid_score: 55187.8, , rmse_test: 17.4628, score_test: 1897.4, Learning rate:0.00020000
Epoch: 13, Loss: 14.2947, Rmse_valid: 17.0948, valid_score: 50354.1, , rmse_test: 17.4920, score_test: 1938.6, Learning rate:0.00020000
Epoch: 14, Loss: 14.2294, Rmse_valid: 17.2726, valid_score: 57070.8, , rmse_test: 17.4756, score_test: 1900.8, Learning rate:0.00020000
Epoch: 15, Loss: 14.1656, Rmse_valid: 17.2380, valid_score: 56554.6, , rmse_test: 17.4376, score_test: 1758.1, Learning rate:0.00020000
Epoch: 16, Loss: 14.1111, Rmse_valid: 17.2586, valid_score: 51407.7, , rmse_test: 17.9112, score_test: 1990.0, Learning rate:0.00020000
Epoch: 17, Loss: 14.0635, Rmse_valid: 17.1682, valid_score: 58110.4, , rmse_test: 17.4457, score_test: 1841.0, Learning rate:0.00020000
Epoch: 18, Loss: 14.0130, Rmse_valid: 17.5952, valid_score: 56078.0, , rmse_test: 17.4090, score_test: 1841.1, Learning rate:0.00020000
Epoch: 19, Loss: 13.9548, Rmse_valid: 17.1092, valid_score: 50557.6, , rmse_test: 17.4397, score_test: 1783.6, Learning rate:0.00020000
Epoch: 20, Loss: 13.9217, Rmse_valid: 17.0617, valid_score: 54422.1, , rmse_test: 17.7494, score_test: 1878.2, Learning rate:0.00020000
Epoch: 21, Loss: 13.7795, Rmse_valid: 17.0097, valid_score: 55087.2, , rmse_test: 17.5315, score_test: 1900.2, Learning rate:0.00002000
Epoch: 22, Loss: 13.7603, Rmse_valid: 17.1019, valid_score: 54514.9, , rmse_test: 17.5260, score_test: 1852.1, Learning rate:0.00002000
Epoch: 23, Loss: 13.7586, Rmse_valid: 17.2430, valid_score: 55350.5, , rmse_test: 17.5131, score_test: 1873.3, Learning rate:0.00002000
Epoch: 24, Loss: 13.7527, Rmse_valid: 17.2151, valid_score: 55749.8, , rmse_test: 17.5192, score_test: 1884.6, Learning rate:0.00002000
Epoch: 25, Loss: 13.7458, Rmse_valid: 17.4076, valid_score: 57683.7, , rmse_test: 17.5860, score_test: 1918.1, Learning rate:0.00002000
Epoch: 26, Loss: 13.7425, Rmse_valid: 17.2186, valid_score: 57105.8, , rmse_test: 17.5923, score_test: 1939.5, Learning rate:0.00002000
Epoch: 27, Loss: 13.7378, Rmse_valid: 17.3244, valid_score: 57934.8, , rmse_test: 17.5430, score_test: 1913.4, Learning rate:0.00002000
Epoch: 28, Loss: 13.7298, Rmse_valid: 17.2516, valid_score: 55218.1, , rmse_test: 17.5346, score_test: 1907.1, Learning rate:0.00002000
Epoch: 29, Loss: 13.7255, Rmse_valid: 17.3674, valid_score: 58351.7, , rmse_test: 17.6019, score_test: 1954.1, Learning rate:0.00002000
Epoch: 30, Loss: 13.7227, Rmse_valid: 17.0480, valid_score: 54975.8, , rmse_test: 17.5705, score_test: 1895.2, Learning rate:0.00002000
[Train Summary] Restored best model from epoch 10, rmse_valid: 16.7415, valid_score: 30423.7, rmse_test: 18.4474, score_test: 1733.1
[Train Time] start: 2026-04-17 05:18:48, end: 2026-04-17 05:26:37, duration: 0:07:49, total_seconds: 469.10
[Auto Test] command: /usr/bin/python /CMAPSS-release/scipt/test_model.py --sub-dataset FD004 --smooth-rate 40 --sequence-len 30 --feature-num 14 --dataset-root /CMAPSS-release/CMAPSSData/ --max-rul 125 --batch-size 128 --model-path /CMAPSS-release/trials/model_FD004_0417_051848.pkl
model_path:/CMAPSS-release/trials/model_FD004_0417_051848.pkl
rmse_final:18.49574851989746, score:1710.28173828125
