-----FD003-----
关键参数:
序列长度: 30
批大小(batch_size): 128
最大训练轮数(max_epochs): 30
随机数种子: 27
模型代号(model_code): FD003_D
学习率: 0.002
学习率调度器: step
Step步长(step_size): 10
Step衰减系数(gamma): 0.1
空间GAT: 开启
时间注意力: 关闭
Decoder融合方式: gate
图构建模式(graph_mode): static_full
GAT层数(num_layers): 2
GAT邻居数(topk): 7
GAT嵌入维度: 8
GAT隐藏层维度: 16
------------------------------
Epoch: 1, Loss: 23.6081, Rmse_valid: 15.3509, valid_score: 13061.1, , rmse_test: 21.6711, score_test: 3109.8, Learning rate:0.00200000
Epoch: 2, Loss: 15.8318, Rmse_valid: 11.3645, valid_score: 7523.8, , rmse_test: 18.7500, score_test: 1873.5, Learning rate:0.00200000
Epoch: 3, Loss: 13.6158, Rmse_valid: 12.3953, valid_score: 5519.3, , rmse_test: 15.5140, score_test: 890.3, Learning rate:0.00200000
Epoch: 4, Loss: 12.6119, Rmse_valid: 13.1502, valid_score: 5730.1, , rmse_test: 15.5168, score_test: 785.0, Learning rate:0.00200000
Epoch: 5, Loss: 11.7833, Rmse_valid: 11.5169, valid_score: 4991.1, , rmse_test: 15.0157, score_test: 900.9, Learning rate:0.00200000
Epoch: 6, Loss: 11.4410, Rmse_valid: 10.1590, valid_score: 5803.2, , rmse_test: 17.9509, score_test: 2022.9, Learning rate:0.00200000
Epoch: 7, Loss: 11.1501, Rmse_valid: 9.8770, valid_score: 7417.4, , rmse_test: 16.2682, score_test: 1399.5, Learning rate:0.00200000
Epoch: 8, Loss: 10.7379, Rmse_valid: 11.9703, valid_score: 9181.8, , rmse_test: 18.3061, score_test: 1669.0, Learning rate:0.00200000
Epoch: 9, Loss: 10.4943, Rmse_valid: 10.1688, valid_score: 6271.9, , rmse_test: 15.1335, score_test: 1056.8, Learning rate:0.00200000
Epoch: 10, Loss: 10.2066, Rmse_valid: 9.0953, valid_score: 4790.3, , rmse_test: 15.2515, score_test: 1132.3, Learning rate:0.00200000
Epoch: 11, Loss: 9.0580, Rmse_valid: 9.3690, valid_score: 5220.2, , rmse_test: 14.8727, score_test: 903.3, Learning rate:0.00020000
Epoch: 12, Loss: 8.9598, Rmse_valid: 9.4563, valid_score: 5601.7, , rmse_test: 15.0613, score_test: 773.2, Learning rate:0.00020000
Epoch: 13, Loss: 8.9165, Rmse_valid: 9.7132, valid_score: 5571.3, , rmse_test: 14.9644, score_test: 811.5, Learning rate:0.00020000
Epoch: 14, Loss: 8.8504, Rmse_valid: 9.3645, valid_score: 5232.6, , rmse_test: 14.9234, score_test: 836.2, Learning rate:0.00020000
Epoch: 15, Loss: 8.8076, Rmse_valid: 9.4876, valid_score: 5071.4, , rmse_test: 14.8435, score_test: 746.0, Learning rate:0.00020000
Epoch: 16, Loss: 8.7524, Rmse_valid: 9.5209, valid_score: 5668.5, , rmse_test: 15.1673, score_test: 791.5, Learning rate:0.00020000
Epoch: 17, Loss: 8.7101, Rmse_valid: 9.4887, valid_score: 5469.7, , rmse_test: 15.1594, score_test: 877.9, Learning rate:0.00020000
Epoch: 18, Loss: 8.6466, Rmse_valid: 9.3826, valid_score: 5434.0, , rmse_test: 15.1080, score_test: 779.0, Learning rate:0.00020000
Epoch: 19, Loss: 8.5958, Rmse_valid: 9.3183, valid_score: 5864.3, , rmse_test: 15.5509, score_test: 955.6, Learning rate:0.00020000
Epoch: 20, Loss: 8.5535, Rmse_valid: 9.3365, valid_score: 5293.6, , rmse_test: 15.1322, score_test: 778.5, Learning rate:0.00020000
Epoch: 21, Loss: 8.4747, Rmse_valid: 9.3031, valid_score: 5197.3, , rmse_test: 15.1508, score_test: 822.8, Learning rate:0.00002000
Epoch: 22, Loss: 8.4535, Rmse_valid: 9.1892, valid_score: 5274.6, , rmse_test: 15.2526, score_test: 851.7, Learning rate:0.00002000
Epoch: 23, Loss: 8.4468, Rmse_valid: 9.2013, valid_score: 5267.2, , rmse_test: 15.2818, score_test: 876.8, Learning rate:0.00002000
Epoch: 24, Loss: 8.4416, Rmse_valid: 9.1993, valid_score: 5261.4, , rmse_test: 15.2625, score_test: 858.0, Learning rate:0.00002000
Epoch: 25, Loss: 8.4348, Rmse_valid: 9.1550, valid_score: 5247.7, , rmse_test: 15.2529, score_test: 845.7, Learning rate:0.00002000
Epoch: 26, Loss: 8.4306, Rmse_valid: 9.1397, valid_score: 5243.3, , rmse_test: 15.2741, score_test: 864.8, Learning rate:0.00002000
Epoch: 27, Loss: 8.4243, Rmse_valid: 9.2307, valid_score: 5189.4, , rmse_test: 15.2204, score_test: 838.8, Learning rate:0.00002000
Epoch: 28, Loss: 8.4188, Rmse_valid: 9.2422, valid_score: 5290.2, , rmse_test: 15.2898, score_test: 846.0, Learning rate:0.00002000
Epoch: 29, Loss: 8.4124, Rmse_valid: 9.3304, valid_score: 5298.8, , rmse_test: 15.2934, score_test: 828.4, Learning rate:0.00002000
Epoch: 30, Loss: 8.4089, Rmse_valid: 9.2005, valid_score: 5237.5, , rmse_test: 15.2784, score_test: 852.4, Learning rate:0.00002000
[Train Summary] Restored best model from epoch 10, rmse_valid: 9.0953, valid_score: 4790.3, rmse_test: 15.2515, score_test: 1132.3
[Train Time] start: 2026-04-18 01:38:36, end: 2026-04-18 01:41:47, duration: 0:03:11, total_seconds: 191.49
[Auto Test] command: /usr/bin/python /CMAPSS-release/scipt/test_model.py --sub-dataset FD003 --smooth-rate 40 --sequence-len 30 --feature-num 14 --dataset-root /CMAPSS-release/CMAPSSData/ --max-rul 125 --batch-size 128 --model-path /CMAPSS-release/trials/model_FD003_0418_013836.pkl
model_path:/CMAPSS-release/trials/model_FD003_0418_013836.pkl
rmse_final:15.190786361694336, score:1118.683837890625
