-----FD003-----
关键参数:
序列长度: 30
批大小(batch_size): 128
最大训练轮数(max_epochs): 30
随机数种子: 51
模型代号(model_code): FD003_C
学习率: 0.002
学习率调度器: step
Step步长(step_size): 10
Step衰减系数(gamma): 0.1
空间GAT: 开启
时间注意力: 关闭
Decoder融合方式: gate
图构建模式(graph_mode): static_knn
GAT层数(num_layers): 2
GAT邻居数(topk): 7
GAT嵌入维度: 8
GAT隐藏层维度: 16
------------------------------
Epoch: 1, Loss: 27.2411, Rmse_valid: 18.0364, valid_score: 16652.5, , rmse_test: 22.2607, score_test: 3326.6, Learning rate:0.00200000
Epoch: 2, Loss: 16.5977, Rmse_valid: 12.1182, valid_score: 11317.1, , rmse_test: 20.2165, score_test: 3260.0, Learning rate:0.00200000
Epoch: 3, Loss: 14.4488, Rmse_valid: 11.0786, valid_score: 6812.3, , rmse_test: 16.5428, score_test: 1409.3, Learning rate:0.00200000
Epoch: 4, Loss: 13.1955, Rmse_valid: 10.9633, valid_score: 8418.5, , rmse_test: 19.9857, score_test: 2093.5, Learning rate:0.00200000
Epoch: 5, Loss: 12.4888, Rmse_valid: 11.9604, valid_score: 6488.5, , rmse_test: 14.9952, score_test: 843.5, Learning rate:0.00200000
Epoch: 6, Loss: 11.6407, Rmse_valid: 12.2311, valid_score: 8306.2, , rmse_test: 15.5163, score_test: 1220.0, Learning rate:0.00200000
Epoch: 7, Loss: 11.1691, Rmse_valid: 10.5140, valid_score: 8798.3, , rmse_test: 17.1885, score_test: 2255.2, Learning rate:0.00200000
Epoch: 8, Loss: 11.1916, Rmse_valid: 10.0941, valid_score: 7993.6, , rmse_test: 16.3880, score_test: 2055.5, Learning rate:0.00200000
Epoch: 9, Loss: 10.7446, Rmse_valid: 10.3033, valid_score: 6430.1, , rmse_test: 16.2172, score_test: 1698.0, Learning rate:0.00200000
Epoch: 10, Loss: 10.3281, Rmse_valid: 9.7166, valid_score: 7046.8, , rmse_test: 15.0822, score_test: 1082.7, Learning rate:0.00200000
Epoch: 11, Loss: 9.0310, Rmse_valid: 9.5149, valid_score: 5913.7, , rmse_test: 14.6145, score_test: 1049.0, Learning rate:0.00020000
Epoch: 12, Loss: 8.9265, Rmse_valid: 9.4104, valid_score: 5973.8, , rmse_test: 14.7715, score_test: 1065.3, Learning rate:0.00020000
Epoch: 13, Loss: 8.8441, Rmse_valid: 9.7807, valid_score: 5814.0, , rmse_test: 14.3204, score_test: 932.7, Learning rate:0.00020000
Epoch: 14, Loss: 8.7829, Rmse_valid: 9.6126, valid_score: 6163.0, , rmse_test: 14.8266, score_test: 1015.6, Learning rate:0.00020000
Epoch: 15, Loss: 8.7318, Rmse_valid: 9.4395, valid_score: 6260.1, , rmse_test: 15.0383, score_test: 1058.0, Learning rate:0.00020000
Epoch: 16, Loss: 8.6826, Rmse_valid: 9.8324, valid_score: 5623.3, , rmse_test: 14.3494, score_test: 947.2, Learning rate:0.00020000
Epoch: 17, Loss: 8.6298, Rmse_valid: 9.6484, valid_score: 5898.9, , rmse_test: 14.5176, score_test: 1123.7, Learning rate:0.00020000
Epoch: 18, Loss: 8.5878, Rmse_valid: 9.3539, valid_score: 6047.9, , rmse_test: 14.6842, score_test: 1036.6, Learning rate:0.00020000
Epoch: 19, Loss: 8.5526, Rmse_valid: 9.5291, valid_score: 5492.5, , rmse_test: 14.4129, score_test: 1044.3, Learning rate:0.00020000
Epoch: 20, Loss: 8.5105, Rmse_valid: 9.1336, valid_score: 5159.6, , rmse_test: 14.4626, score_test: 959.5, Learning rate:0.00020000
Epoch: 21, Loss: 8.4159, Rmse_valid: 9.2713, valid_score: 5570.4, , rmse_test: 14.6790, score_test: 1080.3, Learning rate:0.00002000
Epoch: 22, Loss: 8.4074, Rmse_valid: 9.3429, valid_score: 5673.1, , rmse_test: 14.6523, score_test: 1051.2, Learning rate:0.00002000
Epoch: 23, Loss: 8.4024, Rmse_valid: 9.3972, valid_score: 5729.0, , rmse_test: 14.6283, score_test: 1036.9, Learning rate:0.00002000
Epoch: 24, Loss: 8.3975, Rmse_valid: 9.3498, valid_score: 5723.6, , rmse_test: 14.6395, score_test: 1011.1, Learning rate:0.00002000
Epoch: 25, Loss: 8.3940, Rmse_valid: 9.4283, valid_score: 5677.3, , rmse_test: 14.6113, score_test: 1013.3, Learning rate:0.00002000
Epoch: 26, Loss: 8.3888, Rmse_valid: 9.3199, valid_score: 5576.8, , rmse_test: 14.5736, score_test: 1001.3, Learning rate:0.00002000
Epoch: 27, Loss: 8.3843, Rmse_valid: 9.3001, valid_score: 5629.4, , rmse_test: 14.6014, score_test: 1006.4, Learning rate:0.00002000
Epoch: 28, Loss: 8.3799, Rmse_valid: 9.3631, valid_score: 5690.3, , rmse_test: 14.6641, score_test: 1010.4, Learning rate:0.00002000
Epoch: 29, Loss: 8.3751, Rmse_valid: 9.3230, valid_score: 5699.0, , rmse_test: 14.6444, score_test: 1028.4, Learning rate:0.00002000
Epoch: 30, Loss: 8.3701, Rmse_valid: 9.3804, valid_score: 5696.7, , rmse_test: 14.7267, score_test: 1041.2, Learning rate:0.00002000
[Train Summary] Restored best model from epoch 20, rmse_valid: 9.1336, valid_score: 5159.6, rmse_test: 14.4626, score_test: 959.5
[Train Time] start: 2026-04-18 01:14:27, end: 2026-04-18 01:17:48, duration: 0:03:21, total_seconds: 200.83
[Auto Test] command: /usr/bin/python /CMAPSS-release/scipt/test_model.py --sub-dataset FD003 --smooth-rate 40 --sequence-len 30 --feature-num 14 --dataset-root /CMAPSS-release/CMAPSSData/ --max-rul 125 --batch-size 128 --model-path /CMAPSS-release/trials/model_FD003_0418_011427.pkl
model_path:/CMAPSS-release/trials/model_FD003_0418_011427.pkl
rmse_final:14.347822189331055, score:912.442138671875
