-----FD003-----
关键参数:
序列长度: 30
批大小(batch_size): 128
最大训练轮数(max_epochs): 30
随机数种子: 51
模型代号(model_code): FD003_E
学习率: 0.002
学习率调度器: step
Step步长(step_size): 10
Step衰减系数(gamma): 0.1
空间GAT: 关闭
时间注意力: 关闭
Decoder融合方式: gate
------------------------------
Epoch: 1, Loss: 23.2477, Rmse_valid: 20.0913, valid_score: 26359.3, , rmse_test: 25.6962, score_test: 8396.5, Learning rate:0.00200000
Epoch: 2, Loss: 18.1510, Rmse_valid: 18.4158, valid_score: 11214.6, , rmse_test: 18.0181, score_test: 874.6, Learning rate:0.00200000
Epoch: 3, Loss: 14.5382, Rmse_valid: 12.6461, valid_score: 9667.6, , rmse_test: 21.6837, score_test: 2659.5, Learning rate:0.00200000
Epoch: 4, Loss: 13.2467, Rmse_valid: 13.2476, valid_score: 5637.4, , rmse_test: 15.4973, score_test: 675.2, Learning rate:0.00200000
Epoch: 5, Loss: 12.4710, Rmse_valid: 12.5761, valid_score: 5353.2, , rmse_test: 15.3744, score_test: 853.0, Learning rate:0.00200000
Epoch: 6, Loss: 12.0143, Rmse_valid: 11.2841, valid_score: 4570.0, , rmse_test: 15.0203, score_test: 764.3, Learning rate:0.00200000
Epoch: 7, Loss: 11.7932, Rmse_valid: 10.1968, valid_score: 4969.1, , rmse_test: 15.7182, score_test: 1130.5, Learning rate:0.00200000
Epoch: 8, Loss: 11.5982, Rmse_valid: 10.3697, valid_score: 4703.4, , rmse_test: 15.5695, score_test: 1208.7, Learning rate:0.00200000
Epoch: 9, Loss: 11.2966, Rmse_valid: 10.3797, valid_score: 6029.8, , rmse_test: 16.5573, score_test: 1598.1, Learning rate:0.00200000
Epoch: 10, Loss: 11.1249, Rmse_valid: 11.4068, valid_score: 7622.3, , rmse_test: 17.2994, score_test: 1612.2, Learning rate:0.00200000
Epoch: 11, Loss: 10.3030, Rmse_valid: 10.3051, valid_score: 4640.6, , rmse_test: 15.2663, score_test: 1059.9, Learning rate:0.00020000
Epoch: 12, Loss: 10.2263, Rmse_valid: 10.1416, valid_score: 4432.8, , rmse_test: 15.2530, score_test: 1087.9, Learning rate:0.00020000
Epoch: 13, Loss: 10.1954, Rmse_valid: 9.9107, valid_score: 4401.2, , rmse_test: 15.2427, score_test: 1099.8, Learning rate:0.00020000
Epoch: 14, Loss: 10.1545, Rmse_valid: 9.8374, valid_score: 4566.7, , rmse_test: 15.3870, score_test: 1184.0, Learning rate:0.00020000
Epoch: 15, Loss: 10.1286, Rmse_valid: 9.7584, valid_score: 4229.9, , rmse_test: 15.0057, score_test: 1002.2, Learning rate:0.00020000
Epoch: 16, Loss: 10.0996, Rmse_valid: 9.8738, valid_score: 4133.7, , rmse_test: 14.9459, score_test: 1004.7, Learning rate:0.00020000
Epoch: 17, Loss: 10.0716, Rmse_valid: 9.8724, valid_score: 4494.9, , rmse_test: 15.2312, score_test: 1078.9, Learning rate:0.00020000
Epoch: 18, Loss: 10.0517, Rmse_valid: 9.8321, valid_score: 4283.5, , rmse_test: 15.1336, score_test: 1079.0, Learning rate:0.00020000
Epoch: 19, Loss: 10.0207, Rmse_valid: 9.9871, valid_score: 4330.8, , rmse_test: 14.9481, score_test: 989.1, Learning rate:0.00020000
Epoch: 20, Loss: 10.0056, Rmse_valid: 9.8792, valid_score: 4311.0, , rmse_test: 15.0386, score_test: 1053.2, Learning rate:0.00020000
Epoch: 21, Loss: 9.9474, Rmse_valid: 9.8516, valid_score: 4311.1, , rmse_test: 15.0561, score_test: 1046.2, Learning rate:0.00002000
Epoch: 22, Loss: 9.9427, Rmse_valid: 9.8906, valid_score: 4380.0, , rmse_test: 15.1131, score_test: 1062.8, Learning rate:0.00002000
Epoch: 23, Loss: 9.9392, Rmse_valid: 9.8442, valid_score: 4375.5, , rmse_test: 15.1150, score_test: 1058.7, Learning rate:0.00002000
Epoch: 24, Loss: 9.9370, Rmse_valid: 9.8978, valid_score: 4392.5, , rmse_test: 15.0904, score_test: 1054.3, Learning rate:0.00002000
Epoch: 25, Loss: 9.9347, Rmse_valid: 9.8177, valid_score: 4412.4, , rmse_test: 15.1133, score_test: 1064.9, Learning rate:0.00002000
Epoch: 26, Loss: 9.9329, Rmse_valid: 9.8595, valid_score: 4420.4, , rmse_test: 15.1245, score_test: 1065.0, Learning rate:0.00002000
Epoch: 27, Loss: 9.9301, Rmse_valid: 9.8008, valid_score: 4421.9, , rmse_test: 15.1186, score_test: 1058.3, Learning rate:0.00002000
Epoch: 28, Loss: 9.9278, Rmse_valid: 9.8269, valid_score: 4399.4, , rmse_test: 15.1172, score_test: 1059.0, Learning rate:0.00002000
Epoch: 29, Loss: 9.9224, Rmse_valid: 9.8850, valid_score: 4386.8, , rmse_test: 15.0927, score_test: 1055.7, Learning rate:0.00002000
Epoch: 30, Loss: 9.9217, Rmse_valid: 9.8567, valid_score: 4426.3, , rmse_test: 15.1395, score_test: 1065.3, Learning rate:0.00002000
[Train Summary] Restored best model from epoch 15, rmse_valid: 9.7584, valid_score: 4229.9, rmse_test: 15.0057, score_test: 1002.2
[Train Time] start: 2026-04-18 02:17:42, end: 2026-04-18 02:19:44, duration: 0:02:02, total_seconds: 121.75
[Auto Test] command: /usr/bin/python /CMAPSS-release/scipt/test_model.py --sub-dataset FD003 --smooth-rate 40 --sequence-len 30 --feature-num 14 --dataset-root /CMAPSS-release/CMAPSSData/ --max-rul 125 --batch-size 128 --model-path /CMAPSS-release/trials/model_FD003_0418_021742.pkl
model_path:/CMAPSS-release/trials/model_FD003_0418_021742.pkl
rmse_final:14.90402603149414, score:943.4276733398438
