-----FD004-----
关键参数:
序列长度: 30
批大小(batch_size): 128
最大训练轮数(max_epochs): 30
随机数种子: 2
模型代号(model_code): FD004_GAT_embed_dim8_topk3
学习率: 0.002
学习率调度器: step
Step步长(step_size): 10
Step衰减系数(gamma): 0.1
空间GAT: 开启
时间注意力: 关闭
Decoder融合方式: concat
图构建模式(graph_mode): dynamic_knn
GAT层数(num_layers): 2
GAT邻居数(topk): 3
GAT嵌入维度: 8
GAT隐藏层维度: 16
------------------------------
Epoch: 1, Loss: 25.9699, Rmse_valid: 20.4759, valid_score: 64963.3, , rmse_test: 24.2877, score_test: 7399.6, Learning rate:0.00200000
Epoch: 2, Loss: 21.1442, Rmse_valid: 20.0986, valid_score: 72186.8, , rmse_test: 21.8341, score_test: 6117.4, Learning rate:0.00200000
Epoch: 3, Loss: 19.6334, Rmse_valid: 19.3512, valid_score: 82200.8, , rmse_test: 22.5589, score_test: 6308.8, Learning rate:0.00200000
Epoch: 4, Loss: 19.0021, Rmse_valid: 18.4239, valid_score: 57593.0, , rmse_test: 19.3058, score_test: 3463.8, Learning rate:0.00200000
Epoch: 5, Loss: 18.3519, Rmse_valid: 20.7713, valid_score: 101280.3, , rmse_test: 22.7779, score_test: 7784.2, Learning rate:0.00200000
Epoch: 6, Loss: 17.8496, Rmse_valid: 20.5520, valid_score: 126210.5, , rmse_test: 20.4972, score_test: 6512.8, Learning rate:0.00200000
Epoch: 7, Loss: 17.3478, Rmse_valid: 18.0650, valid_score: 53860.8, , rmse_test: 18.9833, score_test: 3091.0, Learning rate:0.00200000
Epoch: 8, Loss: 16.9240, Rmse_valid: 17.3997, valid_score: 44434.0, , rmse_test: 18.8095, score_test: 3130.0, Learning rate:0.00200000
Epoch: 9, Loss: 16.6400, Rmse_valid: 17.7996, valid_score: 48811.6, , rmse_test: 17.7772, score_test: 1854.0, Learning rate:0.00200000
Epoch: 10, Loss: 16.3930, Rmse_valid: 17.2918, valid_score: 46266.7, , rmse_test: 18.4923, score_test: 2641.3, Learning rate:0.00200000
Epoch: 11, Loss: 14.6902, Rmse_valid: 17.2068, valid_score: 46243.0, , rmse_test: 17.9055, score_test: 2373.9, Learning rate:0.00020000
Epoch: 12, Loss: 14.5091, Rmse_valid: 17.3135, valid_score: 47489.3, , rmse_test: 18.0940, score_test: 2510.7, Learning rate:0.00020000
Epoch: 13, Loss: 14.4267, Rmse_valid: 17.1922, valid_score: 49730.6, , rmse_test: 18.0288, score_test: 2508.1, Learning rate:0.00020000
Epoch: 14, Loss: 14.3619, Rmse_valid: 17.1849, valid_score: 46603.3, , rmse_test: 18.0552, score_test: 2419.3, Learning rate:0.00020000
Epoch: 15, Loss: 14.2945, Rmse_valid: 17.4463, valid_score: 48800.8, , rmse_test: 17.6541, score_test: 2078.1, Learning rate:0.00020000
Epoch: 16, Loss: 14.2383, Rmse_valid: 17.1324, valid_score: 45790.7, , rmse_test: 18.5375, score_test: 2488.2, Learning rate:0.00020000
Epoch: 17, Loss: 14.1966, Rmse_valid: 16.9949, valid_score: 48685.0, , rmse_test: 17.8928, score_test: 2339.1, Learning rate:0.00020000
Epoch: 18, Loss: 14.1563, Rmse_valid: 16.9977, valid_score: 44437.4, , rmse_test: 17.7780, score_test: 2170.1, Learning rate:0.00020000
Epoch: 19, Loss: 14.1127, Rmse_valid: 17.0357, valid_score: 46157.4, , rmse_test: 17.8129, score_test: 2261.5, Learning rate:0.00020000
Epoch: 20, Loss: 14.0699, Rmse_valid: 17.4827, valid_score: 54547.7, , rmse_test: 17.7059, score_test: 2299.4, Learning rate:0.00020000
Epoch: 21, Loss: 13.9516, Rmse_valid: 17.1321, valid_score: 48289.6, , rmse_test: 17.8408, score_test: 2280.8, Learning rate:0.00002000
Epoch: 22, Loss: 13.9293, Rmse_valid: 17.1024, valid_score: 47058.6, , rmse_test: 17.6711, score_test: 2113.4, Learning rate:0.00002000
Epoch: 23, Loss: 13.9247, Rmse_valid: 17.0439, valid_score: 47123.5, , rmse_test: 17.7486, score_test: 2205.3, Learning rate:0.00002000
Epoch: 24, Loss: 13.9176, Rmse_valid: 17.1003, valid_score: 43816.1, , rmse_test: 17.8040, score_test: 2136.7, Learning rate:0.00002000
Epoch: 25, Loss: 13.9158, Rmse_valid: 16.9909, valid_score: 45480.5, , rmse_test: 17.7790, score_test: 2161.7, Learning rate:0.00002000
Epoch: 26, Loss: 13.9077, Rmse_valid: 17.1256, valid_score: 46545.4, , rmse_test: 17.7360, score_test: 2197.0, Learning rate:0.00002000
Epoch: 27, Loss: 13.9050, Rmse_valid: 17.0145, valid_score: 47814.2, , rmse_test: 17.7376, score_test: 2214.5, Learning rate:0.00002000
Epoch: 28, Loss: 13.8984, Rmse_valid: 17.0131, valid_score: 47357.2, , rmse_test: 17.7946, score_test: 2209.1, Learning rate:0.00002000
Epoch: 29, Loss: 13.8934, Rmse_valid: 17.2382, valid_score: 49316.3, , rmse_test: 17.7693, score_test: 2267.3, Learning rate:0.00002000
Epoch: 30, Loss: 13.8902, Rmse_valid: 17.1363, valid_score: 46842.7, , rmse_test: 17.7203, score_test: 2162.2, Learning rate:0.00002000
[Train Summary] Restored best model from epoch 25, rmse_valid: 16.9909, valid_score: 45480.5, rmse_test: 17.7790, score_test: 2161.7
[Train Time] start: 2026-04-17 00:10:59, end: 2026-04-17 00:18:58, duration: 0:07:58, total_seconds: 478.16
[Auto Test] command: /usr/bin/python /CMAPSS-release/scipt/test_model.py --sub-dataset FD004 --smooth-rate 40 --sequence-len 30 --feature-num 14 --dataset-root /CMAPSS-release/CMAPSSData/ --max-rul 125 --batch-size 128 --model-path /CMAPSS-release/trials/model_FD004_0417_001059.pkl
model_path:/CMAPSS-release/trials/model_FD004_0417_001059.pkl
rmse_final:17.72345733642578, score:2096.228271484375
