-----FD002-----
关键参数:
序列长度: 30
批大小(batch_size): 128
最大训练轮数(max_epochs): 30
随机数种子: 62
模型代号(model_code): FD002_B
学习率: 0.002
学习率调度器: step
Step步长(step_size): 10
Step衰减系数(gamma): 0.1
空间GAT: 开启
时间注意力: 关闭
Decoder融合方式: concat
图构建模式(graph_mode): dynamic_knn
GAT层数(num_layers): 2
GAT邻居数(topk): 7
GAT嵌入维度: 8
GAT隐藏层维度: 16
------------------------------
Epoch: 1, Loss: 29.0245, Rmse_valid: 22.3560, valid_score: 96262.0, , rmse_test: 19.9455, score_test: 3778.7, Learning rate:0.00200000
Epoch: 2, Loss: 19.9962, Rmse_valid: 21.3471, valid_score: 61277.8, , rmse_test: 19.2861, score_test: 2321.1, Learning rate:0.00200000
Epoch: 3, Loss: 17.9695, Rmse_valid: 19.3005, valid_score: 45912.6, , rmse_test: 16.6354, score_test: 1170.4, Learning rate:0.00200000
Epoch: 4, Loss: 17.0688, Rmse_valid: 17.9057, valid_score: 76329.7, , rmse_test: 16.1035, score_test: 1725.9, Learning rate:0.00200000
Epoch: 5, Loss: 16.4865, Rmse_valid: 17.1085, valid_score: 46339.4, , rmse_test: 14.6135, score_test: 1160.2, Learning rate:0.00200000
Epoch: 6, Loss: 16.1591, Rmse_valid: 18.9826, valid_score: 49714.3, , rmse_test: 16.3194, score_test: 1363.9, Learning rate:0.00200000
Epoch: 7, Loss: 15.8788, Rmse_valid: 17.5780, valid_score: 30864.3, , rmse_test: 15.0875, score_test: 964.4, Learning rate:0.00200000
Epoch: 8, Loss: 15.5252, Rmse_valid: 17.0351, valid_score: 43120.3, , rmse_test: 15.8904, score_test: 1245.8, Learning rate:0.00200000
Epoch: 9, Loss: 15.2210, Rmse_valid: 18.6011, valid_score: 68742.1, , rmse_test: 16.5945, score_test: 1742.4, Learning rate:0.00200000
Epoch: 10, Loss: 15.1013, Rmse_valid: 18.1199, valid_score: 37830.7, , rmse_test: 15.9028, score_test: 1090.5, Learning rate:0.00200000
Epoch: 11, Loss: 13.1648, Rmse_valid: 16.4282, valid_score: 45451.4, , rmse_test: 14.1635, score_test: 1086.3, Learning rate:0.00020000
Epoch: 12, Loss: 12.9394, Rmse_valid: 16.4242, valid_score: 43835.1, , rmse_test: 14.3796, score_test: 1131.6, Learning rate:0.00020000
Epoch: 13, Loss: 12.8508, Rmse_valid: 16.1949, valid_score: 40131.6, , rmse_test: 13.9834, score_test: 1056.4, Learning rate:0.00020000
Epoch: 14, Loss: 12.7941, Rmse_valid: 15.9184, valid_score: 44090.9, , rmse_test: 14.0151, score_test: 1106.4, Learning rate:0.00020000
Epoch: 15, Loss: 12.7379, Rmse_valid: 16.0238, valid_score: 41892.2, , rmse_test: 13.9653, score_test: 1080.5, Learning rate:0.00020000
Epoch: 16, Loss: 12.6849, Rmse_valid: 16.2120, valid_score: 45232.4, , rmse_test: 14.2456, score_test: 1181.5, Learning rate:0.00020000
Epoch: 17, Loss: 12.6404, Rmse_valid: 16.2312, valid_score: 52820.7, , rmse_test: 14.1925, score_test: 1196.1, Learning rate:0.00020000
Epoch: 18, Loss: 12.5935, Rmse_valid: 15.7764, valid_score: 40575.5, , rmse_test: 14.0774, score_test: 1158.6, Learning rate:0.00020000
Epoch: 19, Loss: 12.5502, Rmse_valid: 16.1370, valid_score: 51983.7, , rmse_test: 14.0553, score_test: 1105.8, Learning rate:0.00020000
Epoch: 20, Loss: 12.5061, Rmse_valid: 16.0371, valid_score: 44163.4, , rmse_test: 13.9392, score_test: 1149.0, Learning rate:0.00020000
Epoch: 21, Loss: 12.3876, Rmse_valid: 16.0620, valid_score: 46445.4, , rmse_test: 14.0093, score_test: 1196.1, Learning rate:0.00002000
Epoch: 22, Loss: 12.3702, Rmse_valid: 16.1341, valid_score: 43842.6, , rmse_test: 14.0228, score_test: 1154.0, Learning rate:0.00002000
Epoch: 23, Loss: 12.3641, Rmse_valid: 16.1523, valid_score: 43968.8, , rmse_test: 13.9844, score_test: 1166.9, Learning rate:0.00002000
Epoch: 24, Loss: 12.3580, Rmse_valid: 16.1501, valid_score: 43499.0, , rmse_test: 14.0627, score_test: 1166.6, Learning rate:0.00002000
Epoch: 25, Loss: 12.3547, Rmse_valid: 16.2537, valid_score: 43858.9, , rmse_test: 14.0337, score_test: 1167.5, Learning rate:0.00002000
Epoch: 26, Loss: 12.3475, Rmse_valid: 16.0648, valid_score: 44258.6, , rmse_test: 14.0566, score_test: 1173.2, Learning rate:0.00002000
Epoch: 27, Loss: 12.3454, Rmse_valid: 16.2271, valid_score: 45567.0, , rmse_test: 14.0323, score_test: 1199.1, Learning rate:0.00002000
Epoch: 28, Loss: 12.3403, Rmse_valid: 16.1793, valid_score: 45338.3, , rmse_test: 14.0559, score_test: 1190.8, Learning rate:0.00002000
Epoch: 29, Loss: 12.3373, Rmse_valid: 16.2185, valid_score: 45756.9, , rmse_test: 14.0530, score_test: 1194.3, Learning rate:0.00002000
Epoch: 30, Loss: 12.3331, Rmse_valid: 16.1366, valid_score: 45730.5, , rmse_test: 14.0060, score_test: 1183.2, Learning rate:0.00002000
[Train Summary] Restored best model from epoch 18, rmse_valid: 15.7764, valid_score: 40575.5, rmse_test: 14.0774, score_test: 1158.6
[Train Time] start: 2026-04-17 16:29:32, end: 2026-04-17 16:34:15, duration: 0:04:43, total_seconds: 283.13
[Auto Test] command: /usr/bin/python /CMAPSS-release/scipt/test_model.py --sub-dataset FD002 --smooth-rate 40 --sequence-len 30 --feature-num 14 --dataset-root /CMAPSS-release/CMAPSSData/ --max-rul 125 --batch-size 128 --model-path /CMAPSS-release/trials/model_FD002_0417_162932.pkl
model_path:/CMAPSS-release/trials/model_FD002_0417_162932.pkl
rmse_final:14.00523853302002, score:1117.034423828125
