-----FD003-----
关键参数:
序列长度: 30
批大小(batch_size): 128
最大训练轮数(max_epochs): 30
随机数种子: 17
模型代号(model_code): FD003_F
学习率: 0.002
学习率调度器: step
Step步长(step_size): 10
Step衰减系数(gamma): 0.1
空间GAT: 关闭
时间注意力: 关闭
Decoder融合方式: concat
------------------------------
Epoch: 1, Loss: 26.7375, Rmse_valid: 19.3377, valid_score: 25990.9, , rmse_test: 24.6687, score_test: 5948.1, Learning rate:0.00200000
Epoch: 2, Loss: 17.8236, Rmse_valid: 13.6050, valid_score: 12664.3, , rmse_test: 19.3924, score_test: 1809.8, Learning rate:0.00200000
Epoch: 3, Loss: 14.1799, Rmse_valid: 11.8435, valid_score: 6161.6, , rmse_test: 15.9811, score_test: 843.0, Learning rate:0.00200000
Epoch: 4, Loss: 12.8733, Rmse_valid: 10.5209, valid_score: 6325.4, , rmse_test: 17.2167, score_test: 1259.2, Learning rate:0.00200000
Epoch: 5, Loss: 12.0103, Rmse_valid: 9.8680, valid_score: 5122.4, , rmse_test: 16.7602, score_test: 975.4, Learning rate:0.00200000
Epoch: 6, Loss: 11.7271, Rmse_valid: 9.6396, valid_score: 4353.9, , rmse_test: 15.2072, score_test: 844.8, Learning rate:0.00200000
Epoch: 7, Loss: 11.4567, Rmse_valid: 13.9361, valid_score: 5793.9, , rmse_test: 15.1170, score_test: 417.8, Learning rate:0.00200000
Epoch: 8, Loss: 11.1749, Rmse_valid: 9.6866, valid_score: 5436.4, , rmse_test: 15.8952, score_test: 992.4, Learning rate:0.00200000
Epoch: 9, Loss: 10.9096, Rmse_valid: 9.5612, valid_score: 4847.0, , rmse_test: 15.5166, score_test: 1004.6, Learning rate:0.00200000
Epoch: 10, Loss: 10.6572, Rmse_valid: 9.7672, valid_score: 5002.3, , rmse_test: 15.2706, score_test: 884.7, Learning rate:0.00200000
Epoch: 11, Loss: 9.8281, Rmse_valid: 9.9517, valid_score: 4360.4, , rmse_test: 14.9064, score_test: 835.4, Learning rate:0.00020000
Epoch: 12, Loss: 9.7782, Rmse_valid: 9.5013, valid_score: 4313.9, , rmse_test: 15.0724, score_test: 855.9, Learning rate:0.00020000
Epoch: 13, Loss: 9.7287, Rmse_valid: 9.7532, valid_score: 4527.5, , rmse_test: 15.2126, score_test: 917.5, Learning rate:0.00020000
Epoch: 14, Loss: 9.7058, Rmse_valid: 9.6508, valid_score: 4310.6, , rmse_test: 15.0357, score_test: 849.3, Learning rate:0.00020000
Epoch: 15, Loss: 9.6584, Rmse_valid: 9.5176, valid_score: 4392.1, , rmse_test: 15.0862, score_test: 847.7, Learning rate:0.00020000
Epoch: 16, Loss: 9.6305, Rmse_valid: 9.6901, valid_score: 4764.2, , rmse_test: 15.2202, score_test: 900.4, Learning rate:0.00020000
Epoch: 17, Loss: 9.6036, Rmse_valid: 9.5878, valid_score: 4295.9, , rmse_test: 15.0371, score_test: 805.9, Learning rate:0.00020000
Epoch: 18, Loss: 9.5714, Rmse_valid: 9.7214, valid_score: 4704.7, , rmse_test: 15.1243, score_test: 824.6, Learning rate:0.00020000
Epoch: 19, Loss: 9.5493, Rmse_valid: 9.6253, valid_score: 4549.4, , rmse_test: 15.2367, score_test: 933.5, Learning rate:0.00020000
Epoch: 20, Loss: 9.5276, Rmse_valid: 9.6108, valid_score: 4332.7, , rmse_test: 14.9465, score_test: 824.4, Learning rate:0.00020000
Epoch: 21, Loss: 9.4624, Rmse_valid: 9.5129, valid_score: 4343.4, , rmse_test: 14.9644, score_test: 829.7, Learning rate:0.00002000
Epoch: 22, Loss: 9.4559, Rmse_valid: 9.6278, valid_score: 4353.4, , rmse_test: 14.9762, score_test: 840.6, Learning rate:0.00002000
Epoch: 23, Loss: 9.4531, Rmse_valid: 9.6079, valid_score: 4421.6, , rmse_test: 15.0391, score_test: 850.0, Learning rate:0.00002000
Epoch: 24, Loss: 9.4489, Rmse_valid: 9.6370, valid_score: 4385.1, , rmse_test: 15.0123, score_test: 841.0, Learning rate:0.00002000
Epoch: 25, Loss: 9.4485, Rmse_valid: 9.5943, valid_score: 4367.3, , rmse_test: 15.0018, score_test: 838.6, Learning rate:0.00002000
Epoch: 26, Loss: 9.4454, Rmse_valid: 9.6034, valid_score: 4348.0, , rmse_test: 14.9691, score_test: 824.1, Learning rate:0.00002000
Epoch: 27, Loss: 9.4426, Rmse_valid: 9.6088, valid_score: 4408.3, , rmse_test: 15.0319, score_test: 849.3, Learning rate:0.00002000
Epoch: 28, Loss: 9.4396, Rmse_valid: 9.6401, valid_score: 4424.4, , rmse_test: 15.0350, score_test: 850.6, Learning rate:0.00002000
Epoch: 29, Loss: 9.4373, Rmse_valid: 9.5923, valid_score: 4404.2, , rmse_test: 15.0305, score_test: 849.1, Learning rate:0.00002000
Epoch: 30, Loss: 9.4350, Rmse_valid: 9.6140, valid_score: 4352.6, , rmse_test: 14.9877, score_test: 832.9, Learning rate:0.00002000
[Train Summary] Restored best model from epoch 12, rmse_valid: 9.5013, valid_score: 4313.9, rmse_test: 15.0724, score_test: 855.9
[Train Time] start: 2026-04-18 02:32:14, end: 2026-04-18 02:34:21, duration: 0:02:07, total_seconds: 127.12
[Auto Test] command: /usr/bin/python /CMAPSS-release/scipt/test_model.py --sub-dataset FD003 --smooth-rate 40 --sequence-len 30 --feature-num 14 --dataset-root /CMAPSS-release/CMAPSSData/ --max-rul 125 --batch-size 128 --model-path /CMAPSS-release/trials/model_FD003_0418_023214.pkl
model_path:/CMAPSS-release/trials/model_FD003_0418_023214.pkl
rmse_final:14.985325813293457, score:833.550537109375
