-----FD003-----
关键参数:
序列长度: 30
批大小(batch_size): 128
最大训练轮数(max_epochs): 30
随机数种子: 88
模型代号(model_code): FD003_F
学习率: 0.002
学习率调度器: step
Step步长(step_size): 10
Step衰减系数(gamma): 0.1
空间GAT: 关闭
时间注意力: 关闭
Decoder融合方式: concat
------------------------------
Epoch: 1, Loss: 22.2305, Rmse_valid: 14.7184, valid_score: 17203.0, , rmse_test: 25.1068, score_test: 6599.3, Learning rate:0.00200000
Epoch: 2, Loss: 15.7607, Rmse_valid: 11.1091, valid_score: 7600.0, , rmse_test: 17.2210, score_test: 1509.8, Learning rate:0.00200000
Epoch: 3, Loss: 13.1312, Rmse_valid: 10.4557, valid_score: 5110.1, , rmse_test: 16.0593, score_test: 1253.2, Learning rate:0.00200000
Epoch: 4, Loss: 12.1714, Rmse_valid: 9.7327, valid_score: 5665.5, , rmse_test: 15.3551, score_test: 1303.8, Learning rate:0.00200000
Epoch: 5, Loss: 11.5184, Rmse_valid: 10.2868, valid_score: 5280.1, , rmse_test: 14.6500, score_test: 964.2, Learning rate:0.00200000
Epoch: 6, Loss: 11.3477, Rmse_valid: 10.1501, valid_score: 7301.3, , rmse_test: 16.3451, score_test: 1488.6, Learning rate:0.00200000
Epoch: 7, Loss: 10.9991, Rmse_valid: 9.2448, valid_score: 4892.2, , rmse_test: 15.0121, score_test: 1090.9, Learning rate:0.00200000
Epoch: 8, Loss: 10.7049, Rmse_valid: 9.8462, valid_score: 5230.5, , rmse_test: 15.7051, score_test: 976.9, Learning rate:0.00200000
Epoch: 9, Loss: 10.5588, Rmse_valid: 9.0596, valid_score: 5324.7, , rmse_test: 15.4891, score_test: 1202.4, Learning rate:0.00200000
Epoch: 10, Loss: 10.3272, Rmse_valid: 11.4699, valid_score: 5439.4, , rmse_test: 14.5726, score_test: 725.0, Learning rate:0.00200000
Epoch: 11, Loss: 9.5753, Rmse_valid: 9.3243, valid_score: 5413.4, , rmse_test: 14.9787, score_test: 966.7, Learning rate:0.00020000
Epoch: 12, Loss: 9.4952, Rmse_valid: 9.5730, valid_score: 5001.2, , rmse_test: 14.8243, score_test: 870.3, Learning rate:0.00020000
Epoch: 13, Loss: 9.4658, Rmse_valid: 9.5550, valid_score: 5124.5, , rmse_test: 14.8883, score_test: 912.6, Learning rate:0.00020000
Epoch: 14, Loss: 9.4245, Rmse_valid: 9.5261, valid_score: 5066.0, , rmse_test: 14.8949, score_test: 889.1, Learning rate:0.00020000
Epoch: 15, Loss: 9.3745, Rmse_valid: 9.5105, valid_score: 4910.5, , rmse_test: 14.6977, score_test: 839.4, Learning rate:0.00020000
Epoch: 16, Loss: 9.3396, Rmse_valid: 9.3465, valid_score: 5511.2, , rmse_test: 15.3215, score_test: 978.6, Learning rate:0.00020000
Epoch: 17, Loss: 9.3049, Rmse_valid: 9.3261, valid_score: 5264.2, , rmse_test: 15.1508, score_test: 968.5, Learning rate:0.00020000
Epoch: 18, Loss: 9.2697, Rmse_valid: 9.5721, valid_score: 5096.7, , rmse_test: 14.9664, score_test: 909.5, Learning rate:0.00020000
Epoch: 19, Loss: 9.2223, Rmse_valid: 9.5536, valid_score: 5337.3, , rmse_test: 15.2206, score_test: 905.1, Learning rate:0.00020000
Epoch: 20, Loss: 9.1970, Rmse_valid: 9.4969, valid_score: 5379.9, , rmse_test: 15.0858, score_test: 908.0, Learning rate:0.00020000
Epoch: 21, Loss: 9.1495, Rmse_valid: 9.4682, valid_score: 5192.9, , rmse_test: 15.0147, score_test: 911.8, Learning rate:0.00002000
Epoch: 22, Loss: 9.1392, Rmse_valid: 9.3733, valid_score: 5130.6, , rmse_test: 14.9908, score_test: 909.7, Learning rate:0.00002000
Epoch: 23, Loss: 9.1345, Rmse_valid: 9.3925, valid_score: 5166.1, , rmse_test: 15.0267, score_test: 918.8, Learning rate:0.00002000
Epoch: 24, Loss: 9.1320, Rmse_valid: 9.4482, valid_score: 5104.2, , rmse_test: 14.9846, score_test: 902.4, Learning rate:0.00002000
Epoch: 25, Loss: 9.1274, Rmse_valid: 9.3407, valid_score: 5082.7, , rmse_test: 14.9358, score_test: 894.9, Learning rate:0.00002000
Epoch: 26, Loss: 9.1257, Rmse_valid: 9.4515, valid_score: 5148.8, , rmse_test: 14.9918, score_test: 918.0, Learning rate:0.00002000
Epoch: 27, Loss: 9.1224, Rmse_valid: 9.4161, valid_score: 5119.7, , rmse_test: 14.9832, score_test: 913.3, Learning rate:0.00002000
Epoch: 28, Loss: 9.1174, Rmse_valid: 9.4946, valid_score: 5046.1, , rmse_test: 14.9162, score_test: 889.7, Learning rate:0.00002000
Epoch: 29, Loss: 9.1164, Rmse_valid: 9.4737, valid_score: 5080.7, , rmse_test: 14.9472, score_test: 901.7, Learning rate:0.00002000
Epoch: 30, Loss: 9.1122, Rmse_valid: 9.4524, valid_score: 5137.0, , rmse_test: 14.9968, score_test: 914.2, Learning rate:0.00002000
[Train Summary] Restored best model from epoch 9, rmse_valid: 9.0596, valid_score: 5324.7, rmse_test: 15.4891, score_test: 1202.4
[Train Time] start: 2026-04-18 02:48:47, end: 2026-04-18 02:50:36, duration: 0:01:49, total_seconds: 109.20
[Auto Test] command: /usr/bin/python /CMAPSS-release/scipt/test_model.py --sub-dataset FD003 --smooth-rate 40 --sequence-len 30 --feature-num 14 --dataset-root /CMAPSS-release/CMAPSSData/ --max-rul 125 --batch-size 128 --model-path /CMAPSS-release/trials/model_FD003_0418_024847.pkl
model_path:/CMAPSS-release/trials/model_FD003_0418_024847.pkl
rmse_final:15.295097351074219, score:1119.28955078125
