-----FD003-----
关键参数:
序列长度: 30
批大小(batch_size): 128
最大训练轮数(max_epochs): 30
随机数种子: 27
模型代号(model_code): FD003_F
学习率: 0.002
学习率调度器: step
Step步长(step_size): 10
Step衰减系数(gamma): 0.1
空间GAT: 关闭
时间注意力: 关闭
Decoder融合方式: concat
------------------------------
Epoch: 1, Loss: 23.2940, Rmse_valid: 14.9432, valid_score: 11815.6, , rmse_test: 22.0005, score_test: 2776.7, Learning rate:0.00200000
Epoch: 2, Loss: 15.2735, Rmse_valid: 12.9937, valid_score: 11712.1, , rmse_test: 21.2084, score_test: 2003.2, Learning rate:0.00200000
Epoch: 3, Loss: 13.3546, Rmse_valid: 12.1087, valid_score: 5734.2, , rmse_test: 15.1183, score_test: 685.6, Learning rate:0.00200000
Epoch: 4, Loss: 12.6129, Rmse_valid: 10.1741, valid_score: 5234.2, , rmse_test: 15.0642, score_test: 804.5, Learning rate:0.00200000
Epoch: 5, Loss: 11.9778, Rmse_valid: 10.5446, valid_score: 5206.1, , rmse_test: 15.4666, score_test: 789.7, Learning rate:0.00200000
Epoch: 6, Loss: 11.5773, Rmse_valid: 12.3074, valid_score: 5551.3, , rmse_test: 14.7957, score_test: 527.4, Learning rate:0.00200000
Epoch: 7, Loss: 11.4384, Rmse_valid: 10.8326, valid_score: 5210.0, , rmse_test: 15.3178, score_test: 743.0, Learning rate:0.00200000
Epoch: 8, Loss: 11.2510, Rmse_valid: 9.9190, valid_score: 5437.9, , rmse_test: 15.9929, score_test: 1057.6, Learning rate:0.00200000
Epoch: 9, Loss: 10.8454, Rmse_valid: 11.5292, valid_score: 4687.8, , rmse_test: 14.9272, score_test: 685.3, Learning rate:0.00200000
Epoch: 10, Loss: 10.7294, Rmse_valid: 11.2172, valid_score: 5867.2, , rmse_test: 15.4488, score_test: 761.2, Learning rate:0.00200000
Epoch: 11, Loss: 9.8046, Rmse_valid: 9.6064, valid_score: 4533.3, , rmse_test: 15.3349, score_test: 873.1, Learning rate:0.00020000
Epoch: 12, Loss: 9.7554, Rmse_valid: 9.5514, valid_score: 4618.3, , rmse_test: 15.2477, score_test: 829.1, Learning rate:0.00020000
Epoch: 13, Loss: 9.7082, Rmse_valid: 9.5909, valid_score: 4594.0, , rmse_test: 15.3119, score_test: 811.8, Learning rate:0.00020000
Epoch: 14, Loss: 9.6787, Rmse_valid: 9.5756, valid_score: 4451.6, , rmse_test: 15.1633, score_test: 810.6, Learning rate:0.00020000
Epoch: 15, Loss: 9.6436, Rmse_valid: 9.5279, valid_score: 4501.0, , rmse_test: 15.3153, score_test: 791.5, Learning rate:0.00020000
Epoch: 16, Loss: 9.6100, Rmse_valid: 9.9524, valid_score: 4565.5, , rmse_test: 15.2161, score_test: 742.6, Learning rate:0.00020000
Epoch: 17, Loss: 9.5733, Rmse_valid: 9.7143, valid_score: 4442.4, , rmse_test: 15.3002, score_test: 802.4, Learning rate:0.00020000
Epoch: 18, Loss: 9.5448, Rmse_valid: 9.7190, valid_score: 4559.9, , rmse_test: 15.3152, score_test: 762.7, Learning rate:0.00020000
Epoch: 19, Loss: 9.5211, Rmse_valid: 9.5031, valid_score: 4502.6, , rmse_test: 15.4633, score_test: 797.8, Learning rate:0.00020000
Epoch: 20, Loss: 9.4932, Rmse_valid: 9.6826, valid_score: 4860.9, , rmse_test: 15.6857, score_test: 836.6, Learning rate:0.00020000
Epoch: 21, Loss: 9.4395, Rmse_valid: 9.5921, valid_score: 4489.9, , rmse_test: 15.4306, score_test: 794.1, Learning rate:0.00002000
Epoch: 22, Loss: 9.4269, Rmse_valid: 9.5513, valid_score: 4485.5, , rmse_test: 15.4280, score_test: 805.2, Learning rate:0.00002000
Epoch: 23, Loss: 9.4255, Rmse_valid: 9.6863, valid_score: 4407.4, , rmse_test: 15.3795, score_test: 782.5, Learning rate:0.00002000
Epoch: 24, Loss: 9.4214, Rmse_valid: 9.5452, valid_score: 4428.1, , rmse_test: 15.4246, score_test: 789.4, Learning rate:0.00002000
Epoch: 25, Loss: 9.4197, Rmse_valid: 9.5526, valid_score: 4396.8, , rmse_test: 15.3825, score_test: 784.3, Learning rate:0.00002000
Epoch: 26, Loss: 9.4165, Rmse_valid: 9.5640, valid_score: 4452.6, , rmse_test: 15.4646, score_test: 808.5, Learning rate:0.00002000
Epoch: 27, Loss: 9.4131, Rmse_valid: 9.5720, valid_score: 4391.6, , rmse_test: 15.3955, score_test: 797.8, Learning rate:0.00002000
Epoch: 28, Loss: 9.4116, Rmse_valid: 9.6535, valid_score: 4359.1, , rmse_test: 15.3554, score_test: 781.4, Learning rate:0.00002000
Epoch: 29, Loss: 9.4086, Rmse_valid: 9.4449, valid_score: 4459.2, , rmse_test: 15.4765, score_test: 805.0, Learning rate:0.00002000
Epoch: 30, Loss: 9.4059, Rmse_valid: 9.5429, valid_score: 4440.3, , rmse_test: 15.4743, score_test: 800.9, Learning rate:0.00002000
[Train Summary] Restored best model from epoch 29, rmse_valid: 9.4449, valid_score: 4459.2, rmse_test: 15.4765, score_test: 805.0
[Train Time] start: 2026-04-18 02:34:38, end: 2026-04-18 02:36:35, duration: 0:01:57, total_seconds: 116.93
[Auto Test] command: /usr/bin/python /CMAPSS-release/scipt/test_model.py --sub-dataset FD003 --smooth-rate 40 --sequence-len 30 --feature-num 14 --dataset-root /CMAPSS-release/CMAPSSData/ --max-rul 125 --batch-size 128 --model-path /CMAPSS-release/trials/model_FD003_0418_023438.pkl
model_path:/CMAPSS-release/trials/model_FD003_0418_023438.pkl
rmse_final:15.40227222442627, score:779.060302734375
