-----FD004-----
关键参数:
序列长度: 30
批大小(batch_size): 128
最大训练轮数(max_epochs): 30
随机数种子: 27
模型代号(model_code): FD004_GAT_3L
学习率: 0.002
学习率调度器: step
Step步长(step_size): 10
Step衰减系数(gamma): 0.1
空间GAT: 开启
时间注意力: 关闭
Decoder融合方式: concat
图构建模式(graph_mode): dynamic_knn
GAT层数(num_layers): 3
GAT邻居数(topk): 5
GAT嵌入维度: 16
GAT隐藏层维度: 16
------------------------------
Epoch: 1, Loss: 26.1983, Rmse_valid: 21.3137, valid_score: 88406.3, , rmse_test: 26.6119, score_test: 17182.9, Learning rate:0.00200000
Epoch: 2, Loss: 21.9004, Rmse_valid: 21.2050, valid_score: 86859.3, , rmse_test: 22.7742, score_test: 5889.0, Learning rate:0.00200000
Epoch: 3, Loss: 20.5147, Rmse_valid: 19.2182, valid_score: 54408.0, , rmse_test: 22.2566, score_test: 4568.4, Learning rate:0.00200000
Epoch: 4, Loss: 19.3525, Rmse_valid: 20.3417, valid_score: 67966.6, , rmse_test: 21.0243, score_test: 5178.7, Learning rate:0.00200000
Epoch: 5, Loss: 18.5161, Rmse_valid: 19.1049, valid_score: 52132.7, , rmse_test: 21.4111, score_test: 5400.1, Learning rate:0.00200000
Epoch: 6, Loss: 17.8552, Rmse_valid: 23.3463, valid_score: 192511.6, , rmse_test: 26.6307, score_test: 25757.7, Learning rate:0.00200000
Epoch: 7, Loss: 17.4260, Rmse_valid: 17.2092, valid_score: 33496.6, , rmse_test: 18.2324, score_test: 1875.0, Learning rate:0.00200000
Epoch: 8, Loss: 16.9484, Rmse_valid: 17.2625, valid_score: 33435.3, , rmse_test: 17.3270, score_test: 1533.4, Learning rate:0.00200000
Epoch: 9, Loss: 16.6050, Rmse_valid: 17.6518, valid_score: 39969.9, , rmse_test: 17.4939, score_test: 1534.8, Learning rate:0.00200000
Epoch: 10, Loss: 16.2413, Rmse_valid: 17.1122, valid_score: 43255.2, , rmse_test: 18.2853, score_test: 2585.5, Learning rate:0.00200000
Epoch: 11, Loss: 14.6244, Rmse_valid: 17.0185, valid_score: 43450.3, , rmse_test: 18.0689, score_test: 2452.1, Learning rate:0.00020000
Epoch: 12, Loss: 14.4250, Rmse_valid: 16.8547, valid_score: 42868.4, , rmse_test: 17.8270, score_test: 2293.1, Learning rate:0.00020000
Epoch: 13, Loss: 14.3302, Rmse_valid: 17.0730, valid_score: 46831.0, , rmse_test: 17.9039, score_test: 2451.7, Learning rate:0.00020000
Epoch: 14, Loss: 14.2420, Rmse_valid: 17.2007, valid_score: 49140.8, , rmse_test: 18.0960, score_test: 2527.2, Learning rate:0.00020000
Epoch: 15, Loss: 14.1888, Rmse_valid: 17.0392, valid_score: 43682.9, , rmse_test: 17.7120, score_test: 2086.3, Learning rate:0.00020000
Epoch: 16, Loss: 14.1281, Rmse_valid: 17.4195, valid_score: 45875.3, , rmse_test: 17.8714, score_test: 1909.5, Learning rate:0.00020000
Epoch: 17, Loss: 14.0753, Rmse_valid: 17.3496, valid_score: 46626.0, , rmse_test: 17.8715, score_test: 2238.2, Learning rate:0.00020000
Epoch: 18, Loss: 14.0147, Rmse_valid: 17.4419, valid_score: 48029.8, , rmse_test: 18.3530, score_test: 2613.0, Learning rate:0.00020000
Epoch: 19, Loss: 13.9719, Rmse_valid: 16.9850, valid_score: 43276.6, , rmse_test: 18.3011, score_test: 2466.1, Learning rate:0.00020000
Epoch: 20, Loss: 13.9218, Rmse_valid: 17.3622, valid_score: 48420.8, , rmse_test: 17.8870, score_test: 2194.5, Learning rate:0.00020000
Epoch: 21, Loss: 13.7956, Rmse_valid: 17.3068, valid_score: 47262.8, , rmse_test: 17.9673, score_test: 2139.1, Learning rate:0.00002000
Epoch: 22, Loss: 13.7815, Rmse_valid: 17.3229, valid_score: 48583.3, , rmse_test: 18.0284, score_test: 2222.5, Learning rate:0.00002000
Epoch: 23, Loss: 13.7736, Rmse_valid: 17.4291, valid_score: 48949.5, , rmse_test: 17.9009, score_test: 2141.0, Learning rate:0.00002000
Epoch: 24, Loss: 13.7673, Rmse_valid: 17.4069, valid_score: 47406.3, , rmse_test: 17.9983, score_test: 2160.7, Learning rate:0.00002000
Epoch: 25, Loss: 13.7635, Rmse_valid: 17.3717, valid_score: 48332.4, , rmse_test: 17.9300, score_test: 2136.8, Learning rate:0.00002000
Epoch: 26, Loss: 13.7568, Rmse_valid: 17.3310, valid_score: 48122.8, , rmse_test: 18.0831, score_test: 2202.2, Learning rate:0.00002000
Epoch: 27, Loss: 13.7514, Rmse_valid: 17.2888, valid_score: 47919.0, , rmse_test: 17.9863, score_test: 2097.2, Learning rate:0.00002000
Epoch: 28, Loss: 13.7478, Rmse_valid: 17.4286, valid_score: 48470.8, , rmse_test: 18.0249, score_test: 2217.8, Learning rate:0.00002000
Epoch: 29, Loss: 13.7414, Rmse_valid: 17.3717, valid_score: 47464.2, , rmse_test: 18.0793, score_test: 2188.5, Learning rate:0.00002000
Epoch: 30, Loss: 13.7384, Rmse_valid: 17.2488, valid_score: 47830.0, , rmse_test: 17.9902, score_test: 2135.3, Learning rate:0.00002000
[Train Summary] Restored best model from epoch 12, rmse_valid: 16.8547, valid_score: 42868.4, rmse_test: 17.8270, score_test: 2293.1
[Train Time] start: 2026-04-16 17:21:51, end: 2026-04-16 17:30:35, duration: 0:08:45, total_seconds: 524.61
[Auto Test] command: /usr/bin/python /CMAPSS-release/scipt/test_model.py --sub-dataset FD004 --smooth-rate 40 --sequence-len 30 --feature-num 14 --dataset-root /CMAPSS-release/CMAPSSData/ --max-rul 125 --batch-size 128 --model-path /CMAPSS-release/trials/model_FD004_0416_172151.pkl
model_path:/CMAPSS-release/trials/model_FD004_0416_172151.pkl
rmse_final:17.750511169433594, score:2185.67626953125
