-----FD002-----
关键参数:
序列长度: 30
批大小(batch_size): 128
最大训练轮数(max_epochs): 30
随机数种子: 62
模型代号(model_code): FD002_A
学习率: 0.002
学习率调度器: step
Step步长(step_size): 10
Step衰减系数(gamma): 0.1
空间GAT: 开启
时间注意力: 关闭
Decoder融合方式: gate
图构建模式(graph_mode): dynamic_knn
GAT层数(num_layers): 2
GAT邻居数(topk): 7
GAT嵌入维度: 8
GAT隐藏层维度: 16
------------------------------
Epoch: 1, Loss: 28.9839, Rmse_valid: 21.8801, valid_score: 72568.3, , rmse_test: 19.2648, score_test: 2361.6, Learning rate:0.00200000
Epoch: 2, Loss: 19.7977, Rmse_valid: 21.8010, valid_score: 65930.0, , rmse_test: 18.9922, score_test: 2062.5, Learning rate:0.00200000
Epoch: 3, Loss: 18.0904, Rmse_valid: 20.0315, valid_score: 42382.2, , rmse_test: 17.1281, score_test: 1140.8, Learning rate:0.00200000
Epoch: 4, Loss: 17.2369, Rmse_valid: 17.6987, valid_score: 61239.4, , rmse_test: 15.4225, score_test: 1485.8, Learning rate:0.00200000
Epoch: 5, Loss: 16.6825, Rmse_valid: 17.2562, valid_score: 42663.6, , rmse_test: 14.4157, score_test: 1021.1, Learning rate:0.00200000
Epoch: 6, Loss: 16.3589, Rmse_valid: 20.0187, valid_score: 61126.4, , rmse_test: 16.9560, score_test: 1769.9, Learning rate:0.00200000
Epoch: 7, Loss: 16.1119, Rmse_valid: 17.7542, valid_score: 36518.6, , rmse_test: 14.8153, score_test: 858.6, Learning rate:0.00200000
Epoch: 8, Loss: 15.5723, Rmse_valid: 18.0055, valid_score: 59482.9, , rmse_test: 16.9034, score_test: 1683.0, Learning rate:0.00200000
Epoch: 9, Loss: 15.3648, Rmse_valid: 18.9396, valid_score: 69900.9, , rmse_test: 16.4406, score_test: 1748.3, Learning rate:0.00200000
Epoch: 10, Loss: 15.2471, Rmse_valid: 18.1611, valid_score: 37904.1, , rmse_test: 15.5732, score_test: 1017.5, Learning rate:0.00200000
Epoch: 11, Loss: 13.3224, Rmse_valid: 16.9101, valid_score: 46785.1, , rmse_test: 14.1110, score_test: 1083.7, Learning rate:0.00020000
Epoch: 12, Loss: 13.0826, Rmse_valid: 16.8537, valid_score: 45690.9, , rmse_test: 14.1940, score_test: 1117.7, Learning rate:0.00020000
Epoch: 13, Loss: 13.0001, Rmse_valid: 16.6598, valid_score: 45308.1, , rmse_test: 13.8889, score_test: 1137.1, Learning rate:0.00020000
Epoch: 14, Loss: 12.9422, Rmse_valid: 16.6776, valid_score: 45947.0, , rmse_test: 14.1091, score_test: 1190.9, Learning rate:0.00020000
Epoch: 15, Loss: 12.8861, Rmse_valid: 16.6091, valid_score: 41462.7, , rmse_test: 14.0378, score_test: 1157.9, Learning rate:0.00020000
Epoch: 16, Loss: 12.8333, Rmse_valid: 16.7049, valid_score: 50716.3, , rmse_test: 14.1761, score_test: 1262.5, Learning rate:0.00020000
Epoch: 17, Loss: 12.7966, Rmse_valid: 16.7475, valid_score: 54092.1, , rmse_test: 14.2403, score_test: 1270.6, Learning rate:0.00020000
Epoch: 18, Loss: 12.7500, Rmse_valid: 16.4802, valid_score: 45866.1, , rmse_test: 14.1756, score_test: 1210.2, Learning rate:0.00020000
Epoch: 19, Loss: 12.7081, Rmse_valid: 16.6901, valid_score: 49868.6, , rmse_test: 14.1820, score_test: 1192.3, Learning rate:0.00020000
Epoch: 20, Loss: 12.6667, Rmse_valid: 16.6825, valid_score: 47137.2, , rmse_test: 14.1572, score_test: 1181.4, Learning rate:0.00020000
Epoch: 21, Loss: 12.5477, Rmse_valid: 16.8123, valid_score: 48985.1, , rmse_test: 14.1571, score_test: 1239.5, Learning rate:0.00002000
Epoch: 22, Loss: 12.5348, Rmse_valid: 16.8205, valid_score: 47248.8, , rmse_test: 14.1611, score_test: 1212.7, Learning rate:0.00002000
Epoch: 23, Loss: 12.5283, Rmse_valid: 16.8500, valid_score: 47559.8, , rmse_test: 14.1490, score_test: 1228.7, Learning rate:0.00002000
Epoch: 24, Loss: 12.5234, Rmse_valid: 16.8144, valid_score: 47403.7, , rmse_test: 14.1783, score_test: 1239.4, Learning rate:0.00002000
Epoch: 25, Loss: 12.5198, Rmse_valid: 16.9283, valid_score: 47348.8, , rmse_test: 14.1913, score_test: 1243.4, Learning rate:0.00002000
Epoch: 26, Loss: 12.5118, Rmse_valid: 16.7375, valid_score: 47566.0, , rmse_test: 14.1970, score_test: 1245.2, Learning rate:0.00002000
Epoch: 27, Loss: 12.5105, Rmse_valid: 16.9199, valid_score: 48700.5, , rmse_test: 14.1850, score_test: 1278.1, Learning rate:0.00002000
Epoch: 28, Loss: 12.5056, Rmse_valid: 16.8473, valid_score: 48591.9, , rmse_test: 14.1971, score_test: 1260.6, Learning rate:0.00002000
Epoch: 29, Loss: 12.5020, Rmse_valid: 16.9593, valid_score: 49547.6, , rmse_test: 14.2116, score_test: 1279.4, Learning rate:0.00002000
Epoch: 30, Loss: 12.4988, Rmse_valid: 16.8052, valid_score: 48416.3, , rmse_test: 14.1835, score_test: 1266.6, Learning rate:0.00002000
[Train Summary] Restored best model from epoch 18, rmse_valid: 16.4802, valid_score: 45866.1, rmse_test: 14.1756, score_test: 1210.2
[Train Time] start: 2026-04-17 15:32:39, end: 2026-04-17 15:37:40, duration: 0:05:01, total_seconds: 300.99
[Auto Test] command: /usr/bin/python /CMAPSS-release/scipt/test_model.py --sub-dataset FD002 --smooth-rate 40 --sequence-len 30 --feature-num 14 --dataset-root /CMAPSS-release/CMAPSSData/ --max-rul 125 --batch-size 128 --model-path /CMAPSS-release/trials/model_FD002_0417_153239.pkl
model_path:/CMAPSS-release/trials/model_FD002_0417_153239.pkl
rmse_final:14.136674880981445, score:1154.9942626953125
