-----FD003-----
关键参数:
序列长度: 30
批大小(batch_size): 128
最大训练轮数(max_epochs): 30
随机数种子: 62
模型代号(model_code): FD003_E
学习率: 0.002
学习率调度器: step
Step步长(step_size): 10
Step衰减系数(gamma): 0.1
空间GAT: 关闭
时间注意力: 关闭
Decoder融合方式: gate
------------------------------
Epoch: 1, Loss: 31.5279, Rmse_valid: 19.4983, valid_score: 30431.0, , rmse_test: 25.8348, score_test: 7789.0, Learning rate:0.00200000
Epoch: 2, Loss: 19.8595, Rmse_valid: 19.6386, valid_score: 25065.6, , rmse_test: 22.8563, score_test: 3207.4, Learning rate:0.00200000
Epoch: 3, Loss: 16.9646, Rmse_valid: 17.5289, valid_score: 10372.2, , rmse_test: 16.9549, score_test: 730.9, Learning rate:0.00200000
Epoch: 4, Loss: 13.8869, Rmse_valid: 15.3325, valid_score: 8348.3, , rmse_test: 15.6755, score_test: 741.6, Learning rate:0.00200000
Epoch: 5, Loss: 12.5734, Rmse_valid: 13.4318, valid_score: 7453.8, , rmse_test: 14.8060, score_test: 633.7, Learning rate:0.00200000
Epoch: 6, Loss: 12.1234, Rmse_valid: 12.2600, valid_score: 6643.2, , rmse_test: 14.5080, score_test: 690.6, Learning rate:0.00200000
Epoch: 7, Loss: 11.7624, Rmse_valid: 13.0094, valid_score: 18064.1, , rmse_test: 19.0647, score_test: 1661.0, Learning rate:0.00200000
Epoch: 8, Loss: 11.3491, Rmse_valid: 11.0177, valid_score: 8732.1, , rmse_test: 15.2942, score_test: 958.6, Learning rate:0.00200000
Epoch: 9, Loss: 11.1585, Rmse_valid: 11.6294, valid_score: 11195.3, , rmse_test: 16.8557, score_test: 1136.3, Learning rate:0.00200000
Epoch: 10, Loss: 10.7708, Rmse_valid: 11.3257, valid_score: 12208.6, , rmse_test: 16.2461, score_test: 1060.0, Learning rate:0.00200000
Epoch: 11, Loss: 9.9219, Rmse_valid: 10.5685, valid_score: 7048.6, , rmse_test: 14.1154, score_test: 638.7, Learning rate:0.00020000
Epoch: 12, Loss: 9.8462, Rmse_valid: 10.5482, valid_score: 6788.7, , rmse_test: 14.0560, score_test: 634.2, Learning rate:0.00020000
Epoch: 13, Loss: 9.8094, Rmse_valid: 10.3026, valid_score: 6717.9, , rmse_test: 14.1961, score_test: 631.4, Learning rate:0.00020000
Epoch: 14, Loss: 9.7644, Rmse_valid: 10.5883, valid_score: 6786.6, , rmse_test: 14.0271, score_test: 593.8, Learning rate:0.00020000
Epoch: 15, Loss: 9.7316, Rmse_valid: 10.4505, valid_score: 6841.6, , rmse_test: 14.0852, score_test: 606.8, Learning rate:0.00020000
Epoch: 16, Loss: 9.6906, Rmse_valid: 10.6199, valid_score: 6405.2, , rmse_test: 13.8854, score_test: 555.6, Learning rate:0.00020000
Epoch: 17, Loss: 9.6543, Rmse_valid: 10.4890, valid_score: 7311.2, , rmse_test: 14.4581, score_test: 629.5, Learning rate:0.00020000
Epoch: 18, Loss: 9.6247, Rmse_valid: 10.4885, valid_score: 6620.3, , rmse_test: 14.0629, score_test: 562.3, Learning rate:0.00020000
Epoch: 19, Loss: 9.5848, Rmse_valid: 10.2363, valid_score: 6492.4, , rmse_test: 14.0496, score_test: 571.0, Learning rate:0.00020000
Epoch: 20, Loss: 9.5636, Rmse_valid: 10.2545, valid_score: 6278.2, , rmse_test: 13.9636, score_test: 546.6, Learning rate:0.00020000
Epoch: 21, Loss: 9.4967, Rmse_valid: 10.2793, valid_score: 6555.2, , rmse_test: 14.0498, score_test: 559.8, Learning rate:0.00002000
Epoch: 22, Loss: 9.4889, Rmse_valid: 10.2883, valid_score: 6446.8, , rmse_test: 13.9903, score_test: 556.0, Learning rate:0.00002000
Epoch: 23, Loss: 9.4865, Rmse_valid: 10.3222, valid_score: 6402.0, , rmse_test: 13.9602, score_test: 543.0, Learning rate:0.00002000
Epoch: 24, Loss: 9.4825, Rmse_valid: 10.3363, valid_score: 6483.5, , rmse_test: 13.9995, score_test: 547.5, Learning rate:0.00002000
Epoch: 25, Loss: 9.4794, Rmse_valid: 10.3390, valid_score: 6355.1, , rmse_test: 13.9387, score_test: 539.3, Learning rate:0.00002000
Epoch: 26, Loss: 9.4764, Rmse_valid: 10.2883, valid_score: 6366.4, , rmse_test: 13.9486, score_test: 547.3, Learning rate:0.00002000
Epoch: 27, Loss: 9.4728, Rmse_valid: 10.3480, valid_score: 6347.8, , rmse_test: 13.9480, score_test: 543.4, Learning rate:0.00002000
Epoch: 28, Loss: 9.4687, Rmse_valid: 10.3133, valid_score: 6323.9, , rmse_test: 13.9275, score_test: 536.3, Learning rate:0.00002000
Epoch: 29, Loss: 9.4671, Rmse_valid: 10.3818, valid_score: 6319.1, , rmse_test: 13.9270, score_test: 534.6, Learning rate:0.00002000
Epoch: 30, Loss: 9.4617, Rmse_valid: 10.3789, valid_score: 6401.5, , rmse_test: 13.9619, score_test: 541.8, Learning rate:0.00002000
[Train Summary] Restored best model from epoch 19, rmse_valid: 10.2363, valid_score: 6492.4, rmse_test: 14.0496, score_test: 571.0
[Train Time] start: 2026-04-18 02:20:01, end: 2026-04-18 02:22:09, duration: 0:02:08, total_seconds: 127.87
[Auto Test] command: /usr/bin/python /CMAPSS-release/scipt/test_model.py --sub-dataset FD003 --smooth-rate 40 --sequence-len 30 --feature-num 14 --dataset-root /CMAPSS-release/CMAPSSData/ --max-rul 125 --batch-size 128 --model-path /CMAPSS-release/trials/model_FD003_0418_022001.pkl
model_path:/CMAPSS-release/trials/model_FD003_0418_022001.pkl
rmse_final:13.955643653869629, score:552.7220458984375
