-----FD004-----
关键参数:
序列长度: 30
批大小(batch_size): 128
最大训练轮数(max_epochs): 30
随机数种子: 2
模型代号(model_code): FD004_GAT_embed_dim32_topk7
学习率: 0.002
学习率调度器: step
Step步长(step_size): 10
Step衰减系数(gamma): 0.1
空间GAT: 开启
时间注意力: 关闭
Decoder融合方式: concat
图构建模式(graph_mode): dynamic_knn
GAT层数(num_layers): 2
GAT邻居数(topk): 7
GAT嵌入维度: 32
GAT隐藏层维度: 16
------------------------------
Epoch: 1, Loss: 25.7616, Rmse_valid: 22.3537, valid_score: 119408.7, , rmse_test: 26.8505, score_test: 22854.4, Learning rate:0.00200000
Epoch: 2, Loss: 21.8513, Rmse_valid: 20.8514, valid_score: 84408.9, , rmse_test: 23.7552, score_test: 7829.2, Learning rate:0.00200000
Epoch: 3, Loss: 20.1514, Rmse_valid: 19.4086, valid_score: 81914.1, , rmse_test: 20.7154, score_test: 5785.9, Learning rate:0.00200000
Epoch: 4, Loss: 19.2311, Rmse_valid: 19.7440, valid_score: 63395.4, , rmse_test: 21.4277, score_test: 5078.5, Learning rate:0.00200000
Epoch: 5, Loss: 18.5758, Rmse_valid: 18.5130, valid_score: 57589.6, , rmse_test: 19.4340, score_test: 4469.9, Learning rate:0.00200000
Epoch: 6, Loss: 18.0615, Rmse_valid: 17.9288, valid_score: 44571.8, , rmse_test: 19.8391, score_test: 3417.6, Learning rate:0.00200000
Epoch: 7, Loss: 17.7203, Rmse_valid: 18.2480, valid_score: 47442.3, , rmse_test: 18.9475, score_test: 3481.0, Learning rate:0.00200000
Epoch: 8, Loss: 17.2047, Rmse_valid: 20.2186, valid_score: 46477.3, , rmse_test: 19.8762, score_test: 2161.1, Learning rate:0.00200000
Epoch: 9, Loss: 16.9428, Rmse_valid: 22.1186, valid_score: 143295.0, , rmse_test: 22.5242, score_test: 7255.6, Learning rate:0.00200000
Epoch: 10, Loss: 16.7596, Rmse_valid: 18.9942, valid_score: 71730.2, , rmse_test: 18.2990, score_test: 2300.4, Learning rate:0.00200000
Epoch: 11, Loss: 14.9758, Rmse_valid: 17.4562, valid_score: 48407.3, , rmse_test: 18.0385, score_test: 2294.3, Learning rate:0.00020000
Epoch: 12, Loss: 14.7593, Rmse_valid: 17.8242, valid_score: 56579.2, , rmse_test: 17.8513, score_test: 2276.4, Learning rate:0.00020000
Epoch: 13, Loss: 14.6337, Rmse_valid: 17.6312, valid_score: 53131.8, , rmse_test: 17.7343, score_test: 1965.3, Learning rate:0.00020000
Epoch: 14, Loss: 14.5332, Rmse_valid: 17.4848, valid_score: 54093.7, , rmse_test: 17.6753, score_test: 2071.3, Learning rate:0.00020000
Epoch: 15, Loss: 14.4492, Rmse_valid: 17.5143, valid_score: 52015.5, , rmse_test: 17.8868, score_test: 2336.7, Learning rate:0.00020000
Epoch: 16, Loss: 14.3742, Rmse_valid: 17.1546, valid_score: 46404.3, , rmse_test: 17.8147, score_test: 1898.4, Learning rate:0.00020000
Epoch: 17, Loss: 14.3062, Rmse_valid: 17.3714, valid_score: 49409.9, , rmse_test: 17.9337, score_test: 2000.1, Learning rate:0.00020000
Epoch: 18, Loss: 14.2445, Rmse_valid: 17.1620, valid_score: 49974.1, , rmse_test: 17.9672, score_test: 2149.4, Learning rate:0.00020000
Epoch: 19, Loss: 14.1675, Rmse_valid: 17.1813, valid_score: 46630.0, , rmse_test: 18.0164, score_test: 2017.3, Learning rate:0.00020000
Epoch: 20, Loss: 14.1172, Rmse_valid: 18.0356, valid_score: 59627.2, , rmse_test: 18.1676, score_test: 2201.9, Learning rate:0.00020000
Epoch: 21, Loss: 13.9618, Rmse_valid: 17.5507, valid_score: 53554.8, , rmse_test: 17.9195, score_test: 2051.1, Learning rate:0.00002000
Epoch: 22, Loss: 13.9378, Rmse_valid: 17.4673, valid_score: 51792.2, , rmse_test: 17.9439, score_test: 2005.5, Learning rate:0.00002000
Epoch: 23, Loss: 13.9292, Rmse_valid: 17.4670, valid_score: 51635.0, , rmse_test: 17.8938, score_test: 1984.8, Learning rate:0.00002000
Epoch: 24, Loss: 13.9210, Rmse_valid: 17.3762, valid_score: 51547.4, , rmse_test: 18.0106, score_test: 2119.7, Learning rate:0.00002000
Epoch: 25, Loss: 13.9137, Rmse_valid: 17.4600, valid_score: 50347.2, , rmse_test: 18.0176, score_test: 2092.3, Learning rate:0.00002000
Epoch: 26, Loss: 13.9059, Rmse_valid: 17.3619, valid_score: 50497.5, , rmse_test: 17.9962, score_test: 2060.9, Learning rate:0.00002000
Epoch: 27, Loss: 13.9021, Rmse_valid: 17.4141, valid_score: 50756.6, , rmse_test: 17.9402, score_test: 2042.0, Learning rate:0.00002000
Epoch: 28, Loss: 13.8925, Rmse_valid: 17.3825, valid_score: 50076.7, , rmse_test: 18.0055, score_test: 2062.7, Learning rate:0.00002000
Epoch: 29, Loss: 13.8873, Rmse_valid: 17.4627, valid_score: 50987.4, , rmse_test: 17.9956, score_test: 2088.9, Learning rate:0.00002000
Epoch: 30, Loss: 13.8777, Rmse_valid: 17.5780, valid_score: 50624.3, , rmse_test: 17.9834, score_test: 2036.7, Learning rate:0.00002000
[Train Summary] Restored best model from epoch 16, rmse_valid: 17.1546, valid_score: 46404.3, rmse_test: 17.8147, score_test: 1898.4
[Train Time] start: 2026-04-17 05:10:06, end: 2026-04-17 05:18:08, duration: 0:08:02, total_seconds: 481.92
[Auto Test] command: /usr/bin/python /CMAPSS-release/scipt/test_model.py --sub-dataset FD004 --smooth-rate 40 --sequence-len 30 --feature-num 14 --dataset-root /CMAPSS-release/CMAPSSData/ --max-rul 125 --batch-size 128 --model-path /CMAPSS-release/trials/model_FD004_0417_051006.pkl
model_path:/CMAPSS-release/trials/model_FD004_0417_051006.pkl
rmse_final:17.76685905456543, score:1840.530517578125
