-----FD004-----
关键参数:
序列长度: 30
批大小(batch_size): 128
最大训练轮数(max_epochs): 30
随机数种子: 88
模型代号(model_code): FD004_F
学习率: 0.002
学习率调度器: step
Step步长(step_size): 10
Step衰减系数(gamma): 0.1
空间GAT: 关闭
时间注意力: 关闭
Decoder融合方式: concat
------------------------------
Epoch: 1, Loss: 25.5714, Rmse_valid: 21.3441, valid_score: 84143.2, , rmse_test: 26.3900, score_test: 14999.4, Learning rate:0.00200000
Epoch: 2, Loss: 22.1900, Rmse_valid: 20.0162, valid_score: 78565.6, , rmse_test: 22.3939, score_test: 5585.4, Learning rate:0.00200000
Epoch: 3, Loss: 20.2147, Rmse_valid: 18.7736, valid_score: 57412.4, , rmse_test: 19.7861, score_test: 3222.1, Learning rate:0.00200000
Epoch: 4, Loss: 18.7689, Rmse_valid: 20.1035, valid_score: 64996.6, , rmse_test: 18.6237, score_test: 2502.7, Learning rate:0.00200000
Epoch: 5, Loss: 18.1882, Rmse_valid: 18.8888, valid_score: 62369.7, , rmse_test: 20.0836, score_test: 2838.8, Learning rate:0.00200000
Epoch: 6, Loss: 17.7379, Rmse_valid: 18.0300, valid_score: 63727.3, , rmse_test: 18.8541, score_test: 2528.8, Learning rate:0.00200000
Epoch: 7, Loss: 17.4155, Rmse_valid: 17.0088, valid_score: 43211.0, , rmse_test: 17.6383, score_test: 1931.0, Learning rate:0.00200000
Epoch: 8, Loss: 17.2730, Rmse_valid: 17.3309, valid_score: 42382.1, , rmse_test: 18.9918, score_test: 2623.7, Learning rate:0.00200000
Epoch: 9, Loss: 17.0905, Rmse_valid: 17.9763, valid_score: 58610.8, , rmse_test: 18.4699, score_test: 3050.8, Learning rate:0.00200000
Epoch: 10, Loss: 16.8355, Rmse_valid: 17.9514, valid_score: 54773.0, , rmse_test: 20.1289, score_test: 3246.5, Learning rate:0.00200000
Epoch: 11, Loss: 15.5600, Rmse_valid: 17.1661, valid_score: 46757.2, , rmse_test: 17.4551, score_test: 2015.5, Learning rate:0.00020000
Epoch: 12, Loss: 15.4395, Rmse_valid: 16.9621, valid_score: 45349.2, , rmse_test: 17.5302, score_test: 1885.6, Learning rate:0.00020000
Epoch: 13, Loss: 15.3621, Rmse_valid: 17.0619, valid_score: 47485.8, , rmse_test: 17.8449, score_test: 2089.8, Learning rate:0.00020000
Epoch: 14, Loss: 15.3155, Rmse_valid: 16.9149, valid_score: 47398.4, , rmse_test: 17.5338, score_test: 1917.4, Learning rate:0.00020000
Epoch: 15, Loss: 15.2663, Rmse_valid: 17.3945, valid_score: 52099.9, , rmse_test: 17.7091, score_test: 2053.0, Learning rate:0.00020000
Epoch: 16, Loss: 15.2303, Rmse_valid: 17.1874, valid_score: 55185.6, , rmse_test: 17.9582, score_test: 2318.1, Learning rate:0.00020000
Epoch: 17, Loss: 15.1867, Rmse_valid: 17.1672, valid_score: 50787.5, , rmse_test: 17.6578, score_test: 2130.2, Learning rate:0.00020000
Epoch: 18, Loss: 15.1581, Rmse_valid: 17.2596, valid_score: 48570.2, , rmse_test: 17.7099, score_test: 2031.3, Learning rate:0.00020000
Epoch: 19, Loss: 15.1297, Rmse_valid: 17.0431, valid_score: 47712.2, , rmse_test: 17.5407, score_test: 1904.2, Learning rate:0.00020000
Epoch: 20, Loss: 15.0948, Rmse_valid: 17.4473, valid_score: 54127.5, , rmse_test: 17.8117, score_test: 2270.6, Learning rate:0.00020000
Epoch: 21, Loss: 14.9912, Rmse_valid: 17.2572, valid_score: 48859.8, , rmse_test: 17.4397, score_test: 1935.9, Learning rate:0.00002000
Epoch: 22, Loss: 14.9801, Rmse_valid: 17.2154, valid_score: 48765.1, , rmse_test: 17.4918, score_test: 1942.3, Learning rate:0.00002000
Epoch: 23, Loss: 14.9759, Rmse_valid: 17.1332, valid_score: 49711.7, , rmse_test: 17.4965, score_test: 1944.4, Learning rate:0.00002000
Epoch: 24, Loss: 14.9720, Rmse_valid: 17.3395, valid_score: 50128.8, , rmse_test: 17.4933, score_test: 1958.4, Learning rate:0.00002000
Epoch: 25, Loss: 14.9688, Rmse_valid: 17.1090, valid_score: 49527.1, , rmse_test: 17.4794, score_test: 1914.8, Learning rate:0.00002000
Epoch: 26, Loss: 14.9646, Rmse_valid: 17.1960, valid_score: 50516.1, , rmse_test: 17.5288, score_test: 1949.4, Learning rate:0.00002000
Epoch: 27, Loss: 14.9602, Rmse_valid: 17.1464, valid_score: 51169.2, , rmse_test: 17.5628, score_test: 2015.7, Learning rate:0.00002000
Epoch: 28, Loss: 14.9572, Rmse_valid: 17.1622, valid_score: 50459.9, , rmse_test: 17.4548, score_test: 1971.1, Learning rate:0.00002000
Epoch: 29, Loss: 14.9557, Rmse_valid: 17.2489, valid_score: 50131.0, , rmse_test: 17.4993, score_test: 1981.5, Learning rate:0.00002000
Epoch: 30, Loss: 14.9511, Rmse_valid: 17.2439, valid_score: 50574.4, , rmse_test: 17.5275, score_test: 2010.0, Learning rate:0.00002000
[Train Summary] Restored best model from epoch 14, rmse_valid: 16.9149, valid_score: 47398.4, rmse_test: 17.5338, score_test: 1917.4
[Train Time] start: 2026-04-18 10:29:52, end: 2026-04-18 10:34:42, duration: 0:04:51, total_seconds: 290.59
[Auto Test] command: /usr/bin/python /CMAPSS-release/scipt/test_model.py --sub-dataset FD004 --smooth-rate 40 --sequence-len 30 --feature-num 14 --dataset-root /CMAPSS-release/CMAPSSData/ --max-rul 125 --batch-size 128 --model-path /CMAPSS-release/trials/model_FD004_0418_102952.pkl
model_path:/CMAPSS-release/trials/model_FD004_0418_102952.pkl
rmse_final:17.446577072143555, score:1853.130615234375
