-----FD004-----
关键参数:
序列长度: 30
批大小(batch_size): 128
最大训练轮数(max_epochs): 30
随机数种子: 27
模型代号(model_code): FD004_GAT_embed_dim64_topk3
学习率: 0.002
学习率调度器: step
Step步长(step_size): 10
Step衰减系数(gamma): 0.1
空间GAT: 开启
时间注意力: 关闭
Decoder融合方式: concat
图构建模式(graph_mode): dynamic_knn
GAT层数(num_layers): 2
GAT邻居数(topk): 3
GAT嵌入维度: 64
GAT隐藏层维度: 16
------------------------------
Epoch: 1, Loss: 26.6565, Rmse_valid: 21.2798, valid_score: 67992.2, , rmse_test: 24.6107, score_test: 8577.3, Learning rate:0.00200000
Epoch: 2, Loss: 22.0076, Rmse_valid: 21.1096, valid_score: 71793.7, , rmse_test: 24.3001, score_test: 5180.5, Learning rate:0.00200000
Epoch: 3, Loss: 20.4981, Rmse_valid: 21.0027, valid_score: 96184.6, , rmse_test: 21.7378, score_test: 5260.7, Learning rate:0.00200000
Epoch: 4, Loss: 19.5133, Rmse_valid: 20.4592, valid_score: 99878.2, , rmse_test: 21.5427, score_test: 5711.1, Learning rate:0.00200000
Epoch: 5, Loss: 18.6958, Rmse_valid: 19.1915, valid_score: 63894.7, , rmse_test: 21.3167, score_test: 4613.6, Learning rate:0.00200000
Epoch: 6, Loss: 18.2063, Rmse_valid: 18.7505, valid_score: 58902.2, , rmse_test: 19.7965, score_test: 4282.3, Learning rate:0.00200000
Epoch: 7, Loss: 17.4758, Rmse_valid: 20.4849, valid_score: 91644.9, , rmse_test: 19.9186, score_test: 4797.1, Learning rate:0.00200000
Epoch: 8, Loss: 17.1942, Rmse_valid: 19.1652, valid_score: 84324.8, , rmse_test: 19.6582, score_test: 3129.0, Learning rate:0.00200000
Epoch: 9, Loss: 16.8108, Rmse_valid: 18.1080, valid_score: 39867.1, , rmse_test: 19.0390, score_test: 2229.5, Learning rate:0.00200000
Epoch: 10, Loss: 16.5363, Rmse_valid: 18.4040, valid_score: 58129.9, , rmse_test: 19.3429, score_test: 3399.9, Learning rate:0.00200000
Epoch: 11, Loss: 14.8715, Rmse_valid: 18.0807, valid_score: 64680.1, , rmse_test: 19.1115, score_test: 3096.3, Learning rate:0.00020000
Epoch: 12, Loss: 14.6291, Rmse_valid: 18.1427, valid_score: 57982.6, , rmse_test: 18.6347, score_test: 2476.7, Learning rate:0.00020000
Epoch: 13, Loss: 14.4970, Rmse_valid: 18.1069, valid_score: 65388.1, , rmse_test: 18.5472, score_test: 2324.8, Learning rate:0.00020000
Epoch: 14, Loss: 14.3993, Rmse_valid: 18.0491, valid_score: 60816.0, , rmse_test: 18.8065, score_test: 2672.8, Learning rate:0.00020000
Epoch: 15, Loss: 14.3155, Rmse_valid: 18.0656, valid_score: 61504.8, , rmse_test: 18.7676, score_test: 2519.7, Learning rate:0.00020000
Epoch: 16, Loss: 14.2345, Rmse_valid: 17.8873, valid_score: 57855.2, , rmse_test: 18.7228, score_test: 2627.0, Learning rate:0.00020000
Epoch: 17, Loss: 14.1701, Rmse_valid: 18.0792, valid_score: 59589.8, , rmse_test: 18.6335, score_test: 2620.4, Learning rate:0.00020000
Epoch: 18, Loss: 14.0904, Rmse_valid: 17.7880, valid_score: 50733.9, , rmse_test: 18.7516, score_test: 2875.4, Learning rate:0.00020000
Epoch: 19, Loss: 14.0276, Rmse_valid: 18.0407, valid_score: 56936.7, , rmse_test: 18.4840, score_test: 2406.7, Learning rate:0.00020000
Epoch: 20, Loss: 13.9577, Rmse_valid: 17.8718, valid_score: 57308.5, , rmse_test: 18.6130, score_test: 2564.3, Learning rate:0.00020000
Epoch: 21, Loss: 13.8059, Rmse_valid: 17.9995, valid_score: 61885.1, , rmse_test: 18.7030, score_test: 2781.2, Learning rate:0.00002000
Epoch: 22, Loss: 13.7873, Rmse_valid: 17.9544, valid_score: 61938.3, , rmse_test: 18.6853, score_test: 2756.2, Learning rate:0.00002000
Epoch: 23, Loss: 13.7732, Rmse_valid: 18.0460, valid_score: 62921.1, , rmse_test: 18.8128, score_test: 2862.8, Learning rate:0.00002000
Epoch: 24, Loss: 13.7663, Rmse_valid: 18.2458, valid_score: 62701.0, , rmse_test: 18.8384, score_test: 2914.8, Learning rate:0.00002000
Epoch: 25, Loss: 13.7543, Rmse_valid: 18.3312, valid_score: 63851.7, , rmse_test: 18.7006, score_test: 2758.5, Learning rate:0.00002000
Epoch: 26, Loss: 13.7500, Rmse_valid: 18.1646, valid_score: 64027.1, , rmse_test: 18.7229, score_test: 2865.8, Learning rate:0.00002000
Epoch: 27, Loss: 13.7450, Rmse_valid: 18.1464, valid_score: 62049.6, , rmse_test: 18.7154, score_test: 2807.9, Learning rate:0.00002000
Epoch: 28, Loss: 13.7346, Rmse_valid: 18.1305, valid_score: 61401.6, , rmse_test: 18.7337, score_test: 2754.0, Learning rate:0.00002000
Epoch: 29, Loss: 13.7287, Rmse_valid: 17.9968, valid_score: 62548.3, , rmse_test: 18.7476, score_test: 2839.9, Learning rate:0.00002000
Epoch: 30, Loss: 13.7227, Rmse_valid: 18.2819, valid_score: 65114.6, , rmse_test: 18.7994, score_test: 2889.7, Learning rate:0.00002000
[Train Summary] Restored best model from epoch 18, rmse_valid: 17.7880, valid_score: 50733.9, rmse_test: 18.7516, score_test: 2875.4
[Train Time] start: 2026-04-17 06:10:08, end: 2026-04-17 06:18:01, duration: 0:07:54, total_seconds: 473.83
[Auto Test] command: /usr/bin/python /CMAPSS-release/scipt/test_model.py --sub-dataset FD004 --smooth-rate 40 --sequence-len 30 --feature-num 14 --dataset-root /CMAPSS-release/CMAPSSData/ --max-rul 125 --batch-size 128 --model-path /CMAPSS-release/trials/model_FD004_0417_061008.pkl
model_path:/CMAPSS-release/trials/model_FD004_0417_061008.pkl
rmse_final:18.715721130371094, score:2818.4970703125
