-----FD002-----
关键参数:
序列长度: 30
批大小(batch_size): 128
最大训练轮数(max_epochs): 30
随机数种子: 88
模型代号(model_code): FD002_F
学习率: 0.002
学习率调度器: step
Step步长(step_size): 10
Step衰减系数(gamma): 0.1
空间GAT: 关闭
时间注意力: 关闭
Decoder融合方式: concat
------------------------------
Epoch: 1, Loss: 24.8736, Rmse_valid: 22.5327, valid_score: 174510.1, , rmse_test: 20.9996, score_test: 7799.4, Learning rate:0.00200000
Epoch: 2, Loss: 19.3094, Rmse_valid: 20.1482, valid_score: 93022.3, , rmse_test: 17.3414, score_test: 2346.4, Learning rate:0.00200000
Epoch: 3, Loss: 17.3500, Rmse_valid: 17.7362, valid_score: 53799.7, , rmse_test: 15.3748, score_test: 1450.9, Learning rate:0.00200000
Epoch: 4, Loss: 16.6588, Rmse_valid: 18.0101, valid_score: 60764.7, , rmse_test: 15.1417, score_test: 1654.3, Learning rate:0.00200000
Epoch: 5, Loss: 16.2584, Rmse_valid: 16.9167, valid_score: 41202.4, , rmse_test: 14.4948, score_test: 1125.4, Learning rate:0.00200000
Epoch: 6, Loss: 15.9041, Rmse_valid: 17.4463, valid_score: 32340.1, , rmse_test: 15.1065, score_test: 862.1, Learning rate:0.00200000
Epoch: 7, Loss: 15.6872, Rmse_valid: 18.0354, valid_score: 36127.1, , rmse_test: 15.6223, score_test: 981.7, Learning rate:0.00200000
Epoch: 8, Loss: 15.3338, Rmse_valid: 17.5515, valid_score: 64447.2, , rmse_test: 15.1432, score_test: 1776.1, Learning rate:0.00200000
Epoch: 9, Loss: 15.2517, Rmse_valid: 17.1851, valid_score: 37678.3, , rmse_test: 15.0640, score_test: 1045.2, Learning rate:0.00200000
Epoch: 10, Loss: 14.9739, Rmse_valid: 16.7696, valid_score: 29136.8, , rmse_test: 13.9256, score_test: 870.3, Learning rate:0.00200000
Epoch: 11, Loss: 13.7094, Rmse_valid: 15.7073, valid_score: 31385.2, , rmse_test: 13.7394, score_test: 966.7, Learning rate:0.00020000
Epoch: 12, Loss: 13.6184, Rmse_valid: 15.7570, valid_score: 32627.5, , rmse_test: 13.8034, score_test: 1065.4, Learning rate:0.00020000
Epoch: 13, Loss: 13.5565, Rmse_valid: 15.5591, valid_score: 30949.9, , rmse_test: 14.1185, score_test: 1106.3, Learning rate:0.00020000
Epoch: 14, Loss: 13.5069, Rmse_valid: 15.6165, valid_score: 28998.2, , rmse_test: 14.0275, score_test: 1027.7, Learning rate:0.00020000
Epoch: 15, Loss: 13.4643, Rmse_valid: 15.6812, valid_score: 30340.7, , rmse_test: 13.9787, score_test: 1043.9, Learning rate:0.00020000
Epoch: 16, Loss: 13.4136, Rmse_valid: 15.5590, valid_score: 30635.8, , rmse_test: 13.8287, score_test: 1045.7, Learning rate:0.00020000
Epoch: 17, Loss: 13.3746, Rmse_valid: 15.5722, valid_score: 27863.0, , rmse_test: 13.8693, score_test: 982.0, Learning rate:0.00020000
Epoch: 18, Loss: 13.3506, Rmse_valid: 15.3899, valid_score: 26614.3, , rmse_test: 13.7360, score_test: 1005.4, Learning rate:0.00020000
Epoch: 19, Loss: 13.3028, Rmse_valid: 15.5668, valid_score: 24228.0, , rmse_test: 13.8659, score_test: 947.2, Learning rate:0.00020000
Epoch: 20, Loss: 13.2743, Rmse_valid: 15.3014, valid_score: 27302.3, , rmse_test: 14.1184, score_test: 1122.0, Learning rate:0.00020000
Epoch: 21, Loss: 13.1887, Rmse_valid: 15.4228, valid_score: 27691.2, , rmse_test: 13.9130, score_test: 1044.7, Learning rate:0.00002000
Epoch: 22, Loss: 13.1744, Rmse_valid: 15.3897, valid_score: 27737.0, , rmse_test: 13.9968, score_test: 1044.7, Learning rate:0.00002000
Epoch: 23, Loss: 13.1719, Rmse_valid: 15.3776, valid_score: 27467.4, , rmse_test: 13.9540, score_test: 1038.7, Learning rate:0.00002000
Epoch: 24, Loss: 13.1688, Rmse_valid: 15.5123, valid_score: 27536.0, , rmse_test: 13.8950, score_test: 1023.4, Learning rate:0.00002000
Epoch: 25, Loss: 13.1629, Rmse_valid: 15.2431, valid_score: 27086.9, , rmse_test: 13.8726, score_test: 1016.7, Learning rate:0.00002000
Epoch: 26, Loss: 13.1608, Rmse_valid: 15.3213, valid_score: 27509.4, , rmse_test: 13.8398, score_test: 1033.9, Learning rate:0.00002000
Epoch: 27, Loss: 13.1556, Rmse_valid: 15.2029, valid_score: 27050.1, , rmse_test: 13.8598, score_test: 1033.2, Learning rate:0.00002000
Epoch: 28, Loss: 13.1552, Rmse_valid: 15.3918, valid_score: 27036.2, , rmse_test: 13.8789, score_test: 1014.3, Learning rate:0.00002000
Epoch: 29, Loss: 13.1500, Rmse_valid: 15.3362, valid_score: 27538.7, , rmse_test: 13.8986, score_test: 1030.5, Learning rate:0.00002000
Epoch: 30, Loss: 13.1488, Rmse_valid: 15.3627, valid_score: 27244.3, , rmse_test: 13.9146, score_test: 1036.9, Learning rate:0.00002000
[Train Summary] Restored best model from epoch 27, rmse_valid: 15.2029, valid_score: 27050.1, rmse_test: 13.8598, score_test: 1033.2
[Train Time] start: 2026-04-17 19:54:59, end: 2026-04-17 19:58:10, duration: 0:03:11, total_seconds: 190.60
[Auto Test] command: /usr/bin/python /CMAPSS-release/scipt/test_model.py --sub-dataset FD002 --smooth-rate 40 --sequence-len 30 --feature-num 14 --dataset-root /CMAPSS-release/CMAPSSData/ --max-rul 125 --batch-size 128 --model-path /CMAPSS-release/trials/model_FD002_0417_195459.pkl
model_path:/CMAPSS-release/trials/model_FD002_0417_195459.pkl
rmse_final:13.890915870666504, score:1017.7008056640625
