-----FD003-----
关键参数:
序列长度: 30
批大小(batch_size): 128
最大训练轮数(max_epochs): 30
随机数种子: 97
模型代号(model_code): FD003_B
学习率: 0.002
学习率调度器: step
Step步长(step_size): 10
Step衰减系数(gamma): 0.1
空间GAT: 开启
时间注意力: 关闭
Decoder融合方式: concat
图构建模式(graph_mode): dynamic_knn
GAT层数(num_layers): 2
GAT邻居数(topk): 7
GAT嵌入维度: 8
GAT隐藏层维度: 16
------------------------------
Epoch: 1, Loss: 23.2794, Rmse_valid: 16.3313, valid_score: 12723.0, , rmse_test: 20.8221, score_test: 2043.6, Learning rate:0.00200000
Epoch: 2, Loss: 15.9803, Rmse_valid: 16.0693, valid_score: 8507.5, , rmse_test: 16.2296, score_test: 878.4, Learning rate:0.00200000
Epoch: 3, Loss: 13.5812, Rmse_valid: 11.0391, valid_score: 7785.3, , rmse_test: 17.5342, score_test: 1641.2, Learning rate:0.00200000
Epoch: 4, Loss: 12.8772, Rmse_valid: 12.5388, valid_score: 5421.9, , rmse_test: 16.0192, score_test: 699.5, Learning rate:0.00200000
Epoch: 5, Loss: 11.8477, Rmse_valid: 10.0428, valid_score: 5728.5, , rmse_test: 15.8624, score_test: 1234.7, Learning rate:0.00200000
Epoch: 6, Loss: 11.7090, Rmse_valid: 9.3304, valid_score: 4689.8, , rmse_test: 15.5323, score_test: 1133.0, Learning rate:0.00200000
Epoch: 7, Loss: 11.2494, Rmse_valid: 9.7926, valid_score: 4914.0, , rmse_test: 15.4681, score_test: 912.9, Learning rate:0.00200000
Epoch: 8, Loss: 10.7525, Rmse_valid: 10.1422, valid_score: 7470.4, , rmse_test: 16.1197, score_test: 1047.7, Learning rate:0.00200000
Epoch: 9, Loss: 10.4992, Rmse_valid: 9.9662, valid_score: 4742.7, , rmse_test: 14.5889, score_test: 810.7, Learning rate:0.00200000
Epoch: 10, Loss: 10.2937, Rmse_valid: 9.5468, valid_score: 4765.1, , rmse_test: 15.0112, score_test: 837.7, Learning rate:0.00200000
Epoch: 11, Loss: 9.1122, Rmse_valid: 9.0459, valid_score: 4518.1, , rmse_test: 14.6483, score_test: 918.9, Learning rate:0.00020000
Epoch: 12, Loss: 9.0173, Rmse_valid: 9.3264, valid_score: 4622.9, , rmse_test: 14.6913, score_test: 944.7, Learning rate:0.00020000
Epoch: 13, Loss: 8.9629, Rmse_valid: 9.2663, valid_score: 4106.8, , rmse_test: 14.3599, score_test: 822.6, Learning rate:0.00020000
Epoch: 14, Loss: 8.9074, Rmse_valid: 8.9970, valid_score: 4682.4, , rmse_test: 14.8800, score_test: 945.2, Learning rate:0.00020000
Epoch: 15, Loss: 8.8617, Rmse_valid: 9.2872, valid_score: 4089.2, , rmse_test: 14.3726, score_test: 934.4, Learning rate:0.00020000
Epoch: 16, Loss: 8.8233, Rmse_valid: 8.7941, valid_score: 4207.0, , rmse_test: 14.6846, score_test: 879.0, Learning rate:0.00020000
Epoch: 17, Loss: 8.7598, Rmse_valid: 8.7954, valid_score: 4015.0, , rmse_test: 14.4936, score_test: 937.2, Learning rate:0.00020000
Epoch: 18, Loss: 8.7346, Rmse_valid: 8.8086, valid_score: 4128.2, , rmse_test: 14.6334, score_test: 931.2, Learning rate:0.00020000
Epoch: 19, Loss: 8.6900, Rmse_valid: 8.9787, valid_score: 4284.3, , rmse_test: 14.5187, score_test: 900.5, Learning rate:0.00020000
Epoch: 20, Loss: 8.6556, Rmse_valid: 8.9126, valid_score: 3983.6, , rmse_test: 14.4065, score_test: 851.9, Learning rate:0.00020000
Epoch: 21, Loss: 8.5716, Rmse_valid: 8.8222, valid_score: 4034.3, , rmse_test: 14.4741, score_test: 896.3, Learning rate:0.00002000
Epoch: 22, Loss: 8.5594, Rmse_valid: 8.7373, valid_score: 4038.2, , rmse_test: 14.5009, score_test: 884.7, Learning rate:0.00002000
Epoch: 23, Loss: 8.5547, Rmse_valid: 8.7980, valid_score: 4052.8, , rmse_test: 14.4952, score_test: 916.3, Learning rate:0.00002000
Epoch: 24, Loss: 8.5490, Rmse_valid: 8.7342, valid_score: 3963.4, , rmse_test: 14.4568, score_test: 900.9, Learning rate:0.00002000
Epoch: 25, Loss: 8.5417, Rmse_valid: 8.6959, valid_score: 3917.5, , rmse_test: 14.4746, score_test: 914.6, Learning rate:0.00002000
Epoch: 26, Loss: 8.5398, Rmse_valid: 8.7495, valid_score: 3956.1, , rmse_test: 14.4570, score_test: 905.2, Learning rate:0.00002000
Epoch: 27, Loss: 8.5369, Rmse_valid: 8.7338, valid_score: 3948.7, , rmse_test: 14.4553, score_test: 895.2, Learning rate:0.00002000
Epoch: 28, Loss: 8.5319, Rmse_valid: 8.8007, valid_score: 4026.2, , rmse_test: 14.4760, score_test: 886.4, Learning rate:0.00002000
Epoch: 29, Loss: 8.5252, Rmse_valid: 8.6452, valid_score: 4065.4, , rmse_test: 14.5555, score_test: 904.7, Learning rate:0.00002000
Epoch: 30, Loss: 8.5233, Rmse_valid: 8.7150, valid_score: 3990.1, , rmse_test: 14.5150, score_test: 910.2, Learning rate:0.00002000
[Train Summary] Restored best model from epoch 29, rmse_valid: 8.6452, valid_score: 4065.4, rmse_test: 14.5555, score_test: 904.7
[Train Time] start: 2026-04-18 00:53:15, end: 2026-04-18 00:56:05, duration: 0:02:51, total_seconds: 170.77
[Auto Test] command: /usr/bin/python /CMAPSS-release/scipt/test_model.py --sub-dataset FD003 --smooth-rate 40 --sequence-len 30 --feature-num 14 --dataset-root /CMAPSS-release/CMAPSSData/ --max-rul 125 --batch-size 128 --model-path /CMAPSS-release/trials/model_FD003_0418_005315.pkl
model_path:/CMAPSS-release/trials/model_FD003_0418_005315.pkl
rmse_final:14.476187705993652, score:851.0770263671875
