-----FD003-----
关键参数:
序列长度: 30
批大小(batch_size): 128
最大训练轮数(max_epochs): 30
随机数种子: 88
模型代号(model_code): FD003_B
学习率: 0.002
学习率调度器: step
Step步长(step_size): 10
Step衰减系数(gamma): 0.1
空间GAT: 开启
时间注意力: 关闭
Decoder融合方式: concat
图构建模式(graph_mode): dynamic_knn
GAT层数(num_layers): 2
GAT邻居数(topk): 7
GAT嵌入维度: 8
GAT隐藏层维度: 16
------------------------------
Epoch: 1, Loss: 27.5950, Rmse_valid: 18.2764, valid_score: 21134.6, , rmse_test: 25.2502, score_test: 5362.6, Learning rate:0.00200000
Epoch: 2, Loss: 18.7337, Rmse_valid: 17.6216, valid_score: 12193.5, , rmse_test: 18.8847, score_test: 1044.7, Learning rate:0.00200000
Epoch: 3, Loss: 15.0756, Rmse_valid: 13.1986, valid_score: 10144.7, , rmse_test: 17.9155, score_test: 1678.7, Learning rate:0.00200000
Epoch: 4, Loss: 13.2822, Rmse_valid: 11.4707, valid_score: 7231.8, , rmse_test: 17.2293, score_test: 1361.8, Learning rate:0.00200000
Epoch: 5, Loss: 12.2438, Rmse_valid: 12.8112, valid_score: 5908.5, , rmse_test: 15.3506, score_test: 774.6, Learning rate:0.00200000
Epoch: 6, Loss: 11.7546, Rmse_valid: 10.5119, valid_score: 5755.7, , rmse_test: 16.0255, score_test: 1060.7, Learning rate:0.00200000
Epoch: 7, Loss: 11.4051, Rmse_valid: 10.8807, valid_score: 8300.8, , rmse_test: 17.1777, score_test: 1954.0, Learning rate:0.00200000
Epoch: 8, Loss: 10.9688, Rmse_valid: 10.5040, valid_score: 6349.8, , rmse_test: 16.2732, score_test: 1347.5, Learning rate:0.00200000
Epoch: 9, Loss: 10.7664, Rmse_valid: 10.7059, valid_score: 7588.6, , rmse_test: 17.5597, score_test: 1659.2, Learning rate:0.00200000
Epoch: 10, Loss: 10.3700, Rmse_valid: 9.8280, valid_score: 4704.7, , rmse_test: 14.6033, score_test: 720.5, Learning rate:0.00200000
Epoch: 11, Loss: 9.0965, Rmse_valid: 9.7392, valid_score: 4670.3, , rmse_test: 14.4375, score_test: 708.8, Learning rate:0.00020000
Epoch: 12, Loss: 8.9926, Rmse_valid: 9.5292, valid_score: 4505.9, , rmse_test: 14.5111, score_test: 694.2, Learning rate:0.00020000
Epoch: 13, Loss: 8.9229, Rmse_valid: 9.3153, valid_score: 4574.7, , rmse_test: 14.5394, score_test: 710.5, Learning rate:0.00020000
Epoch: 14, Loss: 8.8617, Rmse_valid: 9.6516, valid_score: 4317.1, , rmse_test: 14.1535, score_test: 597.9, Learning rate:0.00020000
Epoch: 15, Loss: 8.7901, Rmse_valid: 9.5196, valid_score: 4498.7, , rmse_test: 14.3767, score_test: 641.2, Learning rate:0.00020000
Epoch: 16, Loss: 8.7377, Rmse_valid: 9.8587, valid_score: 4301.3, , rmse_test: 14.1892, score_test: 633.5, Learning rate:0.00020000
Epoch: 17, Loss: 8.6877, Rmse_valid: 9.3898, valid_score: 4428.4, , rmse_test: 14.3429, score_test: 624.3, Learning rate:0.00020000
Epoch: 18, Loss: 8.6388, Rmse_valid: 9.4658, valid_score: 4239.4, , rmse_test: 14.1779, score_test: 608.5, Learning rate:0.00020000
Epoch: 19, Loss: 8.5915, Rmse_valid: 9.1832, valid_score: 4477.4, , rmse_test: 14.5091, score_test: 685.5, Learning rate:0.00020000
Epoch: 20, Loss: 8.5376, Rmse_valid: 9.3489, valid_score: 4232.7, , rmse_test: 14.1233, score_test: 560.5, Learning rate:0.00020000
Epoch: 21, Loss: 8.4450, Rmse_valid: 9.1501, valid_score: 4081.7, , rmse_test: 14.1304, score_test: 607.7, Learning rate:0.00002000
Epoch: 22, Loss: 8.4313, Rmse_valid: 9.2431, valid_score: 4103.8, , rmse_test: 14.1809, score_test: 627.6, Learning rate:0.00002000
Epoch: 23, Loss: 8.4235, Rmse_valid: 9.1584, valid_score: 4020.9, , rmse_test: 14.1034, score_test: 609.7, Learning rate:0.00002000
Epoch: 24, Loss: 8.4205, Rmse_valid: 9.2080, valid_score: 4128.9, , rmse_test: 14.1704, score_test: 613.5, Learning rate:0.00002000
Epoch: 25, Loss: 8.4147, Rmse_valid: 9.2262, valid_score: 4100.7, , rmse_test: 14.1525, score_test: 618.9, Learning rate:0.00002000
Epoch: 26, Loss: 8.4079, Rmse_valid: 9.1938, valid_score: 4085.7, , rmse_test: 14.1613, score_test: 618.7, Learning rate:0.00002000
Epoch: 27, Loss: 8.4039, Rmse_valid: 9.1518, valid_score: 4104.8, , rmse_test: 14.1847, score_test: 629.1, Learning rate:0.00002000
Epoch: 28, Loss: 8.3974, Rmse_valid: 9.1797, valid_score: 4060.9, , rmse_test: 14.1806, score_test: 645.7, Learning rate:0.00002000
Epoch: 29, Loss: 8.3949, Rmse_valid: 9.1890, valid_score: 4106.6, , rmse_test: 14.1652, score_test: 610.8, Learning rate:0.00002000
Epoch: 30, Loss: 8.3873, Rmse_valid: 9.1584, valid_score: 4061.8, , rmse_test: 14.1526, score_test: 614.8, Learning rate:0.00002000
[Train Summary] Restored best model from epoch 21, rmse_valid: 9.1501, valid_score: 4081.7, rmse_test: 14.1304, score_test: 607.7
[Train Time] start: 2026-04-18 00:49:49, end: 2026-04-18 00:52:57, duration: 0:03:08, total_seconds: 188.10
[Auto Test] command: /usr/bin/python /CMAPSS-release/scipt/test_model.py --sub-dataset FD003 --smooth-rate 40 --sequence-len 30 --feature-num 14 --dataset-root /CMAPSS-release/CMAPSSData/ --max-rul 125 --batch-size 128 --model-path /CMAPSS-release/trials/model_FD003_0418_004949.pkl
model_path:/CMAPSS-release/trials/model_FD003_0418_004949.pkl
rmse_final:14.069470405578613, score:575.603759765625
