-----FD001-----
关键参数:
序列长度: 30
批大小(batch_size): 128
最大训练轮数(max_epochs): 30
随机数种子: 2
模型代号(model_code): FD001_B
学习率: 0.002
学习率调度器: step
Step步长(step_size): 10
Step衰减系数(gamma): 0.1
空间GAT: 开启
时间注意力: 关闭
Decoder融合方式: concat
图构建模式(graph_mode): dynamic_knn
GAT层数(num_layers): 2
GAT邻居数(topk): 7
GAT嵌入维度: 8
GAT隐藏层维度: 16
------------------------------
Epoch: 1, Loss: 22.0474, Rmse_valid: 16.6542, valid_score: 10919.9, , rmse_test: 19.5802, score_test: 869.3, Learning rate:0.00200000
Epoch: 2, Loss: 14.2015, Rmse_valid: 13.2333, valid_score: 3615.5, , rmse_test: 15.5630, score_test: 308.7, Learning rate:0.00200000
Epoch: 3, Loss: 12.5640, Rmse_valid: 15.0111, valid_score: 13266.7, , rmse_test: 18.0497, score_test: 869.7, Learning rate:0.00200000
Epoch: 4, Loss: 11.7878, Rmse_valid: 10.7187, valid_score: 3956.1, , rmse_test: 13.1486, score_test: 251.6, Learning rate:0.00200000
Epoch: 5, Loss: 11.3817, Rmse_valid: 14.8061, valid_score: 4757.4, , rmse_test: 15.4075, score_test: 295.4, Learning rate:0.00200000
Epoch: 6, Loss: 11.1372, Rmse_valid: 14.8009, valid_score: 8645.3, , rmse_test: 15.6665, score_test: 540.2, Learning rate:0.00200000
Epoch: 7, Loss: 11.0031, Rmse_valid: 12.4043, valid_score: 4844.5, , rmse_test: 13.5962, score_test: 275.9, Learning rate:0.00200000
Epoch: 8, Loss: 10.6092, Rmse_valid: 12.1878, valid_score: 5995.2, , rmse_test: 14.9283, score_test: 416.0, Learning rate:0.00200000
Epoch: 9, Loss: 10.5024, Rmse_valid: 11.6622, valid_score: 6884.7, , rmse_test: 14.4792, score_test: 386.8, Learning rate:0.00200000
Epoch: 10, Loss: 10.2303, Rmse_valid: 13.2811, valid_score: 5694.0, , rmse_test: 14.9988, score_test: 362.5, Learning rate:0.00200000
Epoch: 11, Loss: 9.2646, Rmse_valid: 11.5519, valid_score: 5347.1, , rmse_test: 13.8281, score_test: 325.4, Learning rate:0.00020000
Epoch: 12, Loss: 9.0533, Rmse_valid: 11.2538, valid_score: 5934.1, , rmse_test: 14.0198, score_test: 350.9, Learning rate:0.00020000
Epoch: 13, Loss: 9.0097, Rmse_valid: 11.9543, valid_score: 5320.9, , rmse_test: 13.8375, score_test: 310.2, Learning rate:0.00020000
Epoch: 14, Loss: 8.9715, Rmse_valid: 12.3488, valid_score: 5996.9, , rmse_test: 14.0612, score_test: 346.5, Learning rate:0.00020000
Epoch: 15, Loss: 8.9264, Rmse_valid: 11.9567, valid_score: 5608.2, , rmse_test: 13.9926, score_test: 329.6, Learning rate:0.00020000
Epoch: 16, Loss: 8.9019, Rmse_valid: 12.6850, valid_score: 6839.8, , rmse_test: 14.4745, score_test: 389.7, Learning rate:0.00020000
Epoch: 17, Loss: 8.8656, Rmse_valid: 11.3432, valid_score: 5868.3, , rmse_test: 14.0653, score_test: 328.4, Learning rate:0.00020000
Epoch: 18, Loss: 8.8252, Rmse_valid: 12.4119, valid_score: 5629.6, , rmse_test: 14.0264, score_test: 319.3, Learning rate:0.00020000
Epoch: 19, Loss: 8.7888, Rmse_valid: 12.0674, valid_score: 6051.2, , rmse_test: 14.1442, score_test: 338.3, Learning rate:0.00020000
Epoch: 20, Loss: 8.7540, Rmse_valid: 12.0604, valid_score: 5942.4, , rmse_test: 14.1492, score_test: 322.7, Learning rate:0.00020000
Epoch: 21, Loss: 8.7039, Rmse_valid: 12.0053, valid_score: 6193.3, , rmse_test: 14.2344, score_test: 347.8, Learning rate:0.00002000
Epoch: 22, Loss: 8.6600, Rmse_valid: 12.1259, valid_score: 6156.3, , rmse_test: 14.2414, score_test: 348.6, Learning rate:0.00002000
Epoch: 23, Loss: 8.6600, Rmse_valid: 11.9141, valid_score: 6168.7, , rmse_test: 14.2331, score_test: 349.2, Learning rate:0.00002000
Epoch: 24, Loss: 8.6628, Rmse_valid: 11.9148, valid_score: 6218.2, , rmse_test: 14.2605, score_test: 351.5, Learning rate:0.00002000
Epoch: 25, Loss: 8.6535, Rmse_valid: 11.8921, valid_score: 6202.1, , rmse_test: 14.2633, score_test: 352.8, Learning rate:0.00002000
Epoch: 26, Loss: 8.6456, Rmse_valid: 11.8877, valid_score: 6164.8, , rmse_test: 14.2693, score_test: 354.1, Learning rate:0.00002000
Epoch: 27, Loss: 8.6414, Rmse_valid: 11.9976, valid_score: 6338.7, , rmse_test: 14.3199, score_test: 360.7, Learning rate:0.00002000
Epoch: 28, Loss: 8.6367, Rmse_valid: 12.1393, valid_score: 6213.7, , rmse_test: 14.3046, score_test: 356.8, Learning rate:0.00002000
Epoch: 29, Loss: 8.6392, Rmse_valid: 11.9985, valid_score: 6307.5, , rmse_test: 14.3190, score_test: 358.6, Learning rate:0.00002000
Epoch: 30, Loss: 8.6293, Rmse_valid: 11.8506, valid_score: 6211.4, , rmse_test: 14.2972, score_test: 355.8, Learning rate:0.00002000
[Train Summary] Restored best model from epoch 4, rmse_valid: 10.7187, valid_score: 3956.1, rmse_test: 13.1486, score_test: 251.6
[Train Time] start: 2026-04-17 12:58:43, end: 2026-04-17 13:00:44, duration: 0:02:01, total_seconds: 121.09
[Auto Test] command: /usr/bin/python /CMAPSS-release/scipt/test_model.py --sub-dataset FD001 --smooth-rate 40 --sequence-len 30 --feature-num 14 --dataset-root /CMAPSS-release/CMAPSSData/ --max-rul 125 --batch-size 128 --model-path /CMAPSS-release/trials/model_FD001_0417_125843.pkl
model_path:/CMAPSS-release/trials/model_FD001_0417_125843.pkl
rmse_final:13.151045799255371, score:247.6509246826172
