-----FD002-----
关键参数:
序列长度: 30
批大小(batch_size): 128
最大训练轮数(max_epochs): 30
随机数种子: 51
模型代号(model_code): FD002_B
学习率: 0.002
学习率调度器: step
Step步长(step_size): 10
Step衰减系数(gamma): 0.1
空间GAT: 开启
时间注意力: 关闭
Decoder融合方式: concat
图构建模式(graph_mode): dynamic_knn
GAT层数(num_layers): 2
GAT邻居数(topk): 7
GAT嵌入维度: 8
GAT隐藏层维度: 16
------------------------------
Epoch: 1, Loss: 26.8806, Rmse_valid: 21.1499, valid_score: 108939.8, , rmse_test: 19.2801, score_test: 2993.4, Learning rate:0.00200000
Epoch: 2, Loss: 19.7245, Rmse_valid: 18.9360, valid_score: 44646.4, , rmse_test: 16.5319, score_test: 1262.2, Learning rate:0.00200000
Epoch: 3, Loss: 18.3441, Rmse_valid: 18.3845, valid_score: 56183.8, , rmse_test: 16.2617, score_test: 1371.9, Learning rate:0.00200000
Epoch: 4, Loss: 17.5610, Rmse_valid: 17.9563, valid_score: 46711.5, , rmse_test: 16.6246, score_test: 1821.2, Learning rate:0.00200000
Epoch: 5, Loss: 17.0913, Rmse_valid: 24.0154, valid_score: 162595.5, , rmse_test: 24.1808, score_test: 12980.3, Learning rate:0.00200000
Epoch: 6, Loss: 16.5601, Rmse_valid: 18.4618, valid_score: 34450.5, , rmse_test: 15.7866, score_test: 1081.2, Learning rate:0.00200000
Epoch: 7, Loss: 16.1389, Rmse_valid: 17.6097, valid_score: 69794.1, , rmse_test: 15.0865, score_test: 1169.9, Learning rate:0.00200000
Epoch: 8, Loss: 15.8944, Rmse_valid: 18.2658, valid_score: 64919.8, , rmse_test: 16.2856, score_test: 1981.8, Learning rate:0.00200000
Epoch: 9, Loss: 15.7379, Rmse_valid: 18.8634, valid_score: 92524.3, , rmse_test: 17.7094, score_test: 2614.8, Learning rate:0.00200000
Epoch: 10, Loss: 15.3054, Rmse_valid: 23.8047, valid_score: 97805.3, , rmse_test: 23.7713, score_test: 4486.7, Learning rate:0.00200000
Epoch: 11, Loss: 13.7065, Rmse_valid: 16.6316, valid_score: 45618.7, , rmse_test: 14.2817, score_test: 1101.5, Learning rate:0.00020000
Epoch: 12, Loss: 13.3259, Rmse_valid: 16.2708, valid_score: 44197.8, , rmse_test: 14.0388, score_test: 1027.6, Learning rate:0.00020000
Epoch: 13, Loss: 13.2419, Rmse_valid: 16.2912, valid_score: 41235.5, , rmse_test: 14.2061, score_test: 1117.9, Learning rate:0.00020000
Epoch: 14, Loss: 13.1548, Rmse_valid: 16.3707, valid_score: 41991.6, , rmse_test: 14.3456, score_test: 1203.6, Learning rate:0.00020000
Epoch: 15, Loss: 13.1004, Rmse_valid: 16.2378, valid_score: 46675.3, , rmse_test: 14.1286, score_test: 1139.4, Learning rate:0.00020000
Epoch: 16, Loss: 13.0179, Rmse_valid: 16.6154, valid_score: 50300.7, , rmse_test: 14.4482, score_test: 1190.8, Learning rate:0.00020000
Epoch: 17, Loss: 12.9766, Rmse_valid: 16.3628, valid_score: 39297.7, , rmse_test: 14.0208, score_test: 995.0, Learning rate:0.00020000
Epoch: 18, Loss: 12.9202, Rmse_valid: 16.2279, valid_score: 40611.0, , rmse_test: 14.1850, score_test: 1113.7, Learning rate:0.00020000
Epoch: 19, Loss: 12.8722, Rmse_valid: 16.2167, valid_score: 39335.5, , rmse_test: 13.9496, score_test: 1015.0, Learning rate:0.00020000
Epoch: 20, Loss: 12.8256, Rmse_valid: 16.7802, valid_score: 41401.8, , rmse_test: 14.1387, score_test: 1094.5, Learning rate:0.00020000
Epoch: 21, Loss: 12.6960, Rmse_valid: 16.2333, valid_score: 41391.5, , rmse_test: 13.9870, score_test: 1051.3, Learning rate:0.00002000
Epoch: 22, Loss: 12.6803, Rmse_valid: 16.3385, valid_score: 41901.3, , rmse_test: 13.9912, score_test: 1099.8, Learning rate:0.00002000
Epoch: 23, Loss: 12.6767, Rmse_valid: 16.4615, valid_score: 42417.6, , rmse_test: 14.0187, score_test: 1096.0, Learning rate:0.00002000
Epoch: 24, Loss: 12.6688, Rmse_valid: 16.3989, valid_score: 42401.0, , rmse_test: 13.9957, score_test: 1096.2, Learning rate:0.00002000
Epoch: 25, Loss: 12.6639, Rmse_valid: 16.4461, valid_score: 41721.6, , rmse_test: 14.0323, score_test: 1126.4, Learning rate:0.00002000
Epoch: 26, Loss: 12.6581, Rmse_valid: 16.4320, valid_score: 43307.7, , rmse_test: 14.0476, score_test: 1109.1, Learning rate:0.00002000
Epoch: 27, Loss: 12.6536, Rmse_valid: 16.2549, valid_score: 41351.5, , rmse_test: 13.9926, score_test: 1089.1, Learning rate:0.00002000
Epoch: 28, Loss: 12.6464, Rmse_valid: 16.2164, valid_score: 41788.1, , rmse_test: 14.0275, score_test: 1098.7, Learning rate:0.00002000
Epoch: 29, Loss: 12.6413, Rmse_valid: 16.2825, valid_score: 42283.8, , rmse_test: 13.9874, score_test: 1105.0, Learning rate:0.00002000
Epoch: 30, Loss: 12.6376, Rmse_valid: 16.2918, valid_score: 43813.5, , rmse_test: 14.0528, score_test: 1129.0, Learning rate:0.00002000
[Train Summary] Restored best model from epoch 28, rmse_valid: 16.2164, valid_score: 41788.1, rmse_test: 14.0275, score_test: 1098.7
[Train Time] start: 2026-04-17 16:24:03, end: 2026-04-17 16:28:48, duration: 0:04:45, total_seconds: 284.72
[Auto Test] command: /usr/bin/python /CMAPSS-release/scipt/test_model.py --sub-dataset FD002 --smooth-rate 40 --sequence-len 30 --feature-num 14 --dataset-root /CMAPSS-release/CMAPSSData/ --max-rul 125 --batch-size 128 --model-path /CMAPSS-release/trials/model_FD002_0417_162403.pkl
model_path:/CMAPSS-release/trials/model_FD002_0417_162403.pkl
rmse_final:13.992690086364746, score:1067.1761474609375
