-----FD004-----
关键参数:
序列长度: 30
批大小(batch_size): 128
最大训练轮数(max_epochs): 30
随机数种子: 33
模型代号(model_code): FD004_GAT_2L_hidden_dim12
学习率: 0.002
学习率调度器: step
Step步长(step_size): 10
Step衰减系数(gamma): 0.1
空间GAT: 开启
时间注意力: 关闭
Decoder融合方式: concat
图构建模式(graph_mode): dynamic_knn
GAT层数(num_layers): 2
GAT邻居数(topk): 5
GAT嵌入维度: 16
GAT隐藏层维度: 12
------------------------------
Epoch: 1, Loss: 25.4953, Rmse_valid: 21.4105, valid_score: 67135.8, , rmse_test: 25.3410, score_test: 9088.1, Learning rate:0.00200000
Epoch: 2, Loss: 21.5035, Rmse_valid: 21.2339, valid_score: 104900.7, , rmse_test: 22.4095, score_test: 6105.7, Learning rate:0.00200000
Epoch: 3, Loss: 19.8660, Rmse_valid: 19.0954, valid_score: 38897.3, , rmse_test: 20.4349, score_test: 2528.7, Learning rate:0.00200000
Epoch: 4, Loss: 18.8724, Rmse_valid: 17.5063, valid_score: 45333.7, , rmse_test: 19.1014, score_test: 3622.2, Learning rate:0.00200000
Epoch: 5, Loss: 18.1627, Rmse_valid: 17.6895, valid_score: 46854.8, , rmse_test: 18.1815, score_test: 2061.1, Learning rate:0.00200000
Epoch: 6, Loss: 17.5141, Rmse_valid: 17.7938, valid_score: 39342.0, , rmse_test: 18.2849, score_test: 2165.2, Learning rate:0.00200000
Epoch: 7, Loss: 17.1460, Rmse_valid: 17.0210, valid_score: 39611.4, , rmse_test: 17.8940, score_test: 2503.7, Learning rate:0.00200000
Epoch: 8, Loss: 16.6861, Rmse_valid: 19.6370, valid_score: 76613.9, , rmse_test: 19.0232, score_test: 2499.7, Learning rate:0.00200000
Epoch: 9, Loss: 16.3396, Rmse_valid: 18.0360, valid_score: 61992.7, , rmse_test: 19.6020, score_test: 4437.1, Learning rate:0.00200000
Epoch: 10, Loss: 16.1719, Rmse_valid: 18.7568, valid_score: 61069.8, , rmse_test: 21.3980, score_test: 3284.2, Learning rate:0.00200000
Epoch: 11, Loss: 14.4432, Rmse_valid: 16.6569, valid_score: 47123.1, , rmse_test: 17.5403, score_test: 2146.7, Learning rate:0.00020000
Epoch: 12, Loss: 14.2649, Rmse_valid: 16.7375, valid_score: 50192.0, , rmse_test: 17.5241, score_test: 2103.6, Learning rate:0.00020000
Epoch: 13, Loss: 14.1606, Rmse_valid: 16.8194, valid_score: 47095.9, , rmse_test: 17.3263, score_test: 2060.8, Learning rate:0.00020000
Epoch: 14, Loss: 14.0908, Rmse_valid: 16.9237, valid_score: 53167.8, , rmse_test: 17.6365, score_test: 2278.4, Learning rate:0.00020000
Epoch: 15, Loss: 14.0246, Rmse_valid: 16.8476, valid_score: 50728.1, , rmse_test: 17.6333, score_test: 2181.7, Learning rate:0.00020000
Epoch: 16, Loss: 13.9721, Rmse_valid: 17.1354, valid_score: 50568.4, , rmse_test: 17.5305, score_test: 2088.9, Learning rate:0.00020000
Epoch: 17, Loss: 13.9173, Rmse_valid: 17.0297, valid_score: 50772.8, , rmse_test: 17.4964, score_test: 1869.5, Learning rate:0.00020000
Epoch: 18, Loss: 13.8620, Rmse_valid: 16.6744, valid_score: 42411.4, , rmse_test: 17.3007, score_test: 1766.7, Learning rate:0.00020000
Epoch: 19, Loss: 13.8139, Rmse_valid: 16.9600, valid_score: 49424.0, , rmse_test: 17.4852, score_test: 1979.7, Learning rate:0.00020000
Epoch: 20, Loss: 13.7627, Rmse_valid: 17.0154, valid_score: 46857.3, , rmse_test: 17.5524, score_test: 1881.3, Learning rate:0.00020000
Epoch: 21, Loss: 13.6345, Rmse_valid: 16.8263, valid_score: 49310.0, , rmse_test: 17.4969, score_test: 1994.0, Learning rate:0.00002000
Epoch: 22, Loss: 13.6121, Rmse_valid: 16.8087, valid_score: 48215.4, , rmse_test: 17.4399, score_test: 1996.6, Learning rate:0.00002000
Epoch: 23, Loss: 13.6046, Rmse_valid: 17.0418, valid_score: 49109.1, , rmse_test: 17.4952, score_test: 1982.4, Learning rate:0.00002000
Epoch: 24, Loss: 13.6001, Rmse_valid: 17.0158, valid_score: 49787.2, , rmse_test: 17.4424, score_test: 2030.0, Learning rate:0.00002000
Epoch: 25, Loss: 13.5957, Rmse_valid: 16.9797, valid_score: 48560.7, , rmse_test: 17.4603, score_test: 1976.9, Learning rate:0.00002000
Epoch: 26, Loss: 13.5880, Rmse_valid: 16.8160, valid_score: 48694.0, , rmse_test: 17.4766, score_test: 1983.0, Learning rate:0.00002000
Epoch: 27, Loss: 13.5832, Rmse_valid: 16.9563, valid_score: 48661.0, , rmse_test: 17.4605, score_test: 2029.1, Learning rate:0.00002000
Epoch: 28, Loss: 13.5788, Rmse_valid: 17.1278, valid_score: 48836.8, , rmse_test: 17.4602, score_test: 2013.4, Learning rate:0.00002000
Epoch: 29, Loss: 13.5735, Rmse_valid: 16.9453, valid_score: 49192.5, , rmse_test: 17.4910, score_test: 2029.7, Learning rate:0.00002000
Epoch: 30, Loss: 13.5680, Rmse_valid: 16.8899, valid_score: 48572.9, , rmse_test: 17.4878, score_test: 2013.8, Learning rate:0.00002000
[Train Summary] Restored best model from epoch 11, rmse_valid: 16.6569, valid_score: 47123.1, rmse_test: 17.5403, score_test: 2146.7
[Train Time] start: 2026-04-16 22:52:18, end: 2026-04-16 23:00:09, duration: 0:07:51, total_seconds: 471.00
[Auto Test] command: /usr/bin/python /CMAPSS-release/scipt/test_model.py --sub-dataset FD004 --smooth-rate 40 --sequence-len 30 --feature-num 14 --dataset-root /CMAPSS-release/CMAPSSData/ --max-rul 125 --batch-size 128 --model-path /CMAPSS-release/trials/model_FD004_0416_225218.pkl
model_path:/CMAPSS-release/trials/model_FD004_0416_225218.pkl
rmse_final:17.465749740600586, score:2074.20068359375
