-----FD002-----
关键参数:
序列长度: 30
批大小(batch_size): 128
最大训练轮数(max_epochs): 30
随机数种子: 88
模型代号(model_code): FD002_D
学习率: 0.002
学习率调度器: step
Step步长(step_size): 10
Step衰减系数(gamma): 0.1
空间GAT: 开启
时间注意力: 关闭
Decoder融合方式: gate
图构建模式(graph_mode): static_full
GAT层数(num_layers): 2
GAT邻居数(topk): 7
GAT嵌入维度: 8
GAT隐藏层维度: 16
------------------------------
Epoch: 1, Loss: 27.7489, Rmse_valid: 23.8760, valid_score: 187518.9, , rmse_test: 23.5345, score_test: 20911.8, Learning rate:0.00200000
Epoch: 2, Loss: 21.3460, Rmse_valid: 21.1412, valid_score: 111886.0, , rmse_test: 19.3232, score_test: 3399.7, Learning rate:0.00200000
Epoch: 3, Loss: 18.8480, Rmse_valid: 19.1312, valid_score: 58014.4, , rmse_test: 16.3695, score_test: 1308.3, Learning rate:0.00200000
Epoch: 4, Loss: 17.8157, Rmse_valid: 19.6079, valid_score: 80324.9, , rmse_test: 17.5704, score_test: 1966.2, Learning rate:0.00200000
Epoch: 5, Loss: 16.9525, Rmse_valid: 19.4346, valid_score: 86137.7, , rmse_test: 16.6722, score_test: 1606.9, Learning rate:0.00200000
Epoch: 6, Loss: 16.6630, Rmse_valid: 18.8279, valid_score: 40165.0, , rmse_test: 16.0691, score_test: 1053.0, Learning rate:0.00200000
Epoch: 7, Loss: 16.1210, Rmse_valid: 18.2703, valid_score: 37418.0, , rmse_test: 15.7681, score_test: 981.8, Learning rate:0.00200000
Epoch: 8, Loss: 15.9269, Rmse_valid: 17.0551, valid_score: 37067.7, , rmse_test: 14.3252, score_test: 1021.8, Learning rate:0.00200000
Epoch: 9, Loss: 15.6566, Rmse_valid: 18.0617, valid_score: 61229.3, , rmse_test: 15.3821, score_test: 1184.6, Learning rate:0.00200000
Epoch: 10, Loss: 15.3598, Rmse_valid: 17.3269, valid_score: 55390.7, , rmse_test: 14.9223, score_test: 1648.9, Learning rate:0.00200000
Epoch: 11, Loss: 13.2776, Rmse_valid: 16.3986, valid_score: 38971.5, , rmse_test: 13.8210, score_test: 978.4, Learning rate:0.00020000
Epoch: 12, Loss: 13.1174, Rmse_valid: 16.1180, valid_score: 34646.2, , rmse_test: 13.6809, score_test: 935.3, Learning rate:0.00020000
Epoch: 13, Loss: 13.0203, Rmse_valid: 15.9230, valid_score: 35101.3, , rmse_test: 13.8978, score_test: 987.0, Learning rate:0.00020000
Epoch: 14, Loss: 12.9581, Rmse_valid: 15.7568, valid_score: 39115.2, , rmse_test: 13.8527, score_test: 1042.8, Learning rate:0.00020000
Epoch: 15, Loss: 12.8985, Rmse_valid: 15.8649, valid_score: 39857.5, , rmse_test: 13.9434, score_test: 1120.5, Learning rate:0.00020000
Epoch: 16, Loss: 12.8335, Rmse_valid: 15.8543, valid_score: 34864.1, , rmse_test: 13.7804, score_test: 1016.1, Learning rate:0.00020000
Epoch: 17, Loss: 12.7805, Rmse_valid: 15.8228, valid_score: 38359.0, , rmse_test: 14.0023, score_test: 1095.9, Learning rate:0.00020000
Epoch: 18, Loss: 12.7493, Rmse_valid: 15.6939, valid_score: 36912.9, , rmse_test: 14.1156, score_test: 1167.9, Learning rate:0.00020000
Epoch: 19, Loss: 12.7141, Rmse_valid: 15.7006, valid_score: 32998.6, , rmse_test: 13.8032, score_test: 989.3, Learning rate:0.00020000
Epoch: 20, Loss: 12.6664, Rmse_valid: 15.8678, valid_score: 35948.0, , rmse_test: 14.0626, score_test: 1143.1, Learning rate:0.00020000
Epoch: 21, Loss: 12.5382, Rmse_valid: 15.6777, valid_score: 32990.5, , rmse_test: 13.9427, score_test: 1062.2, Learning rate:0.00002000
Epoch: 22, Loss: 12.5271, Rmse_valid: 15.7489, valid_score: 34217.6, , rmse_test: 13.9847, score_test: 1081.4, Learning rate:0.00002000
Epoch: 23, Loss: 12.5224, Rmse_valid: 15.7093, valid_score: 33677.9, , rmse_test: 13.9142, score_test: 1051.8, Learning rate:0.00002000
Epoch: 24, Loss: 12.5175, Rmse_valid: 15.8781, valid_score: 34060.1, , rmse_test: 13.9668, score_test: 1070.4, Learning rate:0.00002000
Epoch: 25, Loss: 12.5119, Rmse_valid: 15.6448, valid_score: 34275.6, , rmse_test: 13.9089, score_test: 1057.9, Learning rate:0.00002000
Epoch: 26, Loss: 12.5093, Rmse_valid: 15.7445, valid_score: 34034.3, , rmse_test: 13.9609, score_test: 1079.5, Learning rate:0.00002000
Epoch: 27, Loss: 12.5018, Rmse_valid: 15.7657, valid_score: 32574.6, , rmse_test: 13.9658, score_test: 1054.3, Learning rate:0.00002000
Epoch: 28, Loss: 12.4989, Rmse_valid: 15.8100, valid_score: 33430.7, , rmse_test: 13.9406, score_test: 1038.0, Learning rate:0.00002000
Epoch: 29, Loss: 12.4951, Rmse_valid: 15.8812, valid_score: 33159.7, , rmse_test: 13.9413, score_test: 1045.5, Learning rate:0.00002000
Epoch: 30, Loss: 12.4901, Rmse_valid: 15.7198, valid_score: 32693.6, , rmse_test: 13.9480, score_test: 1053.3, Learning rate:0.00002000
[Train Summary] Restored best model from epoch 25, rmse_valid: 15.6448, valid_score: 34275.6, rmse_test: 13.9089, score_test: 1057.9
[Train Time] start: 2026-04-17 18:31:37, end: 2026-04-17 18:36:23, duration: 0:04:47, total_seconds: 286.67
[Auto Test] command: /usr/bin/python /CMAPSS-release/scipt/test_model.py --sub-dataset FD002 --smooth-rate 40 --sequence-len 30 --feature-num 14 --dataset-root /CMAPSS-release/CMAPSSData/ --max-rul 125 --batch-size 128 --model-path /CMAPSS-release/trials/model_FD002_0417_183137.pkl
model_path:/CMAPSS-release/trials/model_FD002_0417_183137.pkl
rmse_final:13.839956283569336, score:1028.9432373046875
