-----FD004-----
关键参数:
序列长度: 30
批大小(batch_size): 128
最大训练轮数(max_epochs): 30
随机数种子: 27
模型代号(model_code): FD004_GAT_embed_dim16_topk7
学习率: 0.002
学习率调度器: step
Step步长(step_size): 10
Step衰减系数(gamma): 0.1
空间GAT: 开启
时间注意力: 关闭
Decoder融合方式: concat
图构建模式(graph_mode): dynamic_knn
GAT层数(num_layers): 2
GAT邻居数(topk): 7
GAT嵌入维度: 16
GAT隐藏层维度: 16
------------------------------
Epoch: 1, Loss: 25.7222, Rmse_valid: 21.3386, valid_score: 81387.4, , rmse_test: 25.7965, score_test: 11923.7, Learning rate:0.00200000
Epoch: 2, Loss: 21.4634, Rmse_valid: 20.9621, valid_score: 102656.3, , rmse_test: 23.0034, score_test: 5506.1, Learning rate:0.00200000
Epoch: 3, Loss: 19.8370, Rmse_valid: 18.5562, valid_score: 46983.5, , rmse_test: 20.4317, score_test: 3220.6, Learning rate:0.00200000
Epoch: 4, Loss: 19.1670, Rmse_valid: 21.2811, valid_score: 153866.0, , rmse_test: 22.5158, score_test: 10045.2, Learning rate:0.00200000
Epoch: 5, Loss: 18.4952, Rmse_valid: 18.6435, valid_score: 50622.8, , rmse_test: 20.0916, score_test: 2851.0, Learning rate:0.00200000
Epoch: 6, Loss: 17.8404, Rmse_valid: 19.8594, valid_score: 64073.6, , rmse_test: 19.9146, score_test: 4093.9, Learning rate:0.00200000
Epoch: 7, Loss: 17.3638, Rmse_valid: 18.0755, valid_score: 52890.5, , rmse_test: 19.2054, score_test: 3642.5, Learning rate:0.00200000
Epoch: 8, Loss: 16.9673, Rmse_valid: 17.4424, valid_score: 37817.2, , rmse_test: 19.2793, score_test: 2600.6, Learning rate:0.00200000
Epoch: 9, Loss: 16.6142, Rmse_valid: 20.7724, valid_score: 100558.4, , rmse_test: 20.4809, score_test: 4395.1, Learning rate:0.00200000
Epoch: 10, Loss: 16.2835, Rmse_valid: 17.4327, valid_score: 48013.1, , rmse_test: 19.5547, score_test: 3722.2, Learning rate:0.00200000
Epoch: 11, Loss: 14.6741, Rmse_valid: 16.8575, valid_score: 38447.5, , rmse_test: 18.4874, score_test: 2514.6, Learning rate:0.00020000
Epoch: 12, Loss: 14.5075, Rmse_valid: 17.0334, valid_score: 43335.4, , rmse_test: 18.3979, score_test: 2626.6, Learning rate:0.00020000
Epoch: 13, Loss: 14.4201, Rmse_valid: 17.0407, valid_score: 44987.8, , rmse_test: 18.7177, score_test: 2881.5, Learning rate:0.00020000
Epoch: 14, Loss: 14.3451, Rmse_valid: 16.8950, valid_score: 41630.2, , rmse_test: 18.5531, score_test: 2600.8, Learning rate:0.00020000
Epoch: 15, Loss: 14.2857, Rmse_valid: 16.6919, valid_score: 39110.8, , rmse_test: 18.3886, score_test: 2492.7, Learning rate:0.00020000
Epoch: 16, Loss: 14.2220, Rmse_valid: 17.2204, valid_score: 42915.5, , rmse_test: 18.3784, score_test: 2297.4, Learning rate:0.00020000
Epoch: 17, Loss: 14.1733, Rmse_valid: 16.7256, valid_score: 38636.8, , rmse_test: 18.2544, score_test: 2291.9, Learning rate:0.00020000
Epoch: 18, Loss: 14.1257, Rmse_valid: 16.9717, valid_score: 43523.7, , rmse_test: 18.3605, score_test: 2398.3, Learning rate:0.00020000
Epoch: 19, Loss: 14.0729, Rmse_valid: 17.1342, valid_score: 43180.8, , rmse_test: 18.1833, score_test: 2229.6, Learning rate:0.00020000
Epoch: 20, Loss: 14.0274, Rmse_valid: 16.9730, valid_score: 47057.5, , rmse_test: 18.7350, score_test: 2929.4, Learning rate:0.00020000
Epoch: 21, Loss: 13.9003, Rmse_valid: 16.8243, valid_score: 40346.0, , rmse_test: 18.3121, score_test: 2321.7, Learning rate:0.00002000
Epoch: 22, Loss: 13.8814, Rmse_valid: 16.8567, valid_score: 41310.2, , rmse_test: 18.3722, score_test: 2426.2, Learning rate:0.00002000
Epoch: 23, Loss: 13.8726, Rmse_valid: 16.8702, valid_score: 41977.6, , rmse_test: 18.3676, score_test: 2421.7, Learning rate:0.00002000
Epoch: 24, Loss: 13.8698, Rmse_valid: 16.7820, valid_score: 42237.0, , rmse_test: 18.3509, score_test: 2346.2, Learning rate:0.00002000
Epoch: 25, Loss: 13.8627, Rmse_valid: 16.8872, valid_score: 41654.0, , rmse_test: 18.3870, score_test: 2431.1, Learning rate:0.00002000
Epoch: 26, Loss: 13.8538, Rmse_valid: 17.0827, valid_score: 43938.1, , rmse_test: 18.3826, score_test: 2450.6, Learning rate:0.00002000
Epoch: 27, Loss: 13.8511, Rmse_valid: 17.0629, valid_score: 45364.0, , rmse_test: 18.4589, score_test: 2522.2, Learning rate:0.00002000
Epoch: 28, Loss: 13.8495, Rmse_valid: 16.7212, valid_score: 42721.7, , rmse_test: 18.4504, score_test: 2385.5, Learning rate:0.00002000
Epoch: 29, Loss: 13.8438, Rmse_valid: 17.0008, valid_score: 41829.6, , rmse_test: 18.4037, score_test: 2372.7, Learning rate:0.00002000
Epoch: 30, Loss: 13.8366, Rmse_valid: 16.8606, valid_score: 43074.0, , rmse_test: 18.4173, score_test: 2464.8, Learning rate:0.00002000
[Train Summary] Restored best model from epoch 15, rmse_valid: 16.6919, valid_score: 39110.8, rmse_test: 18.3886, score_test: 2492.7
[Train Time] start: 2026-04-17 03:18:17, end: 2026-04-17 03:26:17, duration: 0:07:59, total_seconds: 479.16
[Auto Test] command: /usr/bin/python /CMAPSS-release/scipt/test_model.py --sub-dataset FD004 --smooth-rate 40 --sequence-len 30 --feature-num 14 --dataset-root /CMAPSS-release/CMAPSSData/ --max-rul 125 --batch-size 128 --model-path /CMAPSS-release/trials/model_FD004_0417_031817.pkl
model_path:/CMAPSS-release/trials/model_FD004_0417_031817.pkl
rmse_final:18.3267822265625, score:2404.957275390625
