-----FD004-----
关键参数:
序列长度: 30
批大小(batch_size): 128
最大训练轮数(max_epochs): 30
随机数种子: 2
模型代号(model_code): FD004_GAT_2L_hidden_dim10
学习率: 0.002
学习率调度器: step
Step步长(step_size): 10
Step衰减系数(gamma): 0.1
空间GAT: 开启
时间注意力: 关闭
Decoder融合方式: concat
图构建模式(graph_mode): dynamic_knn
GAT层数(num_layers): 2
GAT邻居数(topk): 5
GAT嵌入维度: 16
GAT隐藏层维度: 10
------------------------------
Epoch: 1, Loss: 26.1239, Rmse_valid: 20.5753, valid_score: 61684.8, , rmse_test: 23.8298, score_test: 5325.2, Learning rate:0.00200000
Epoch: 2, Loss: 21.4861, Rmse_valid: 19.8594, valid_score: 58951.8, , rmse_test: 21.6357, score_test: 5028.2, Learning rate:0.00200000
Epoch: 3, Loss: 20.1616, Rmse_valid: 24.9304, valid_score: 257479.1, , rmse_test: 25.4216, score_test: 10530.5, Learning rate:0.00200000
Epoch: 4, Loss: 19.1107, Rmse_valid: 18.5443, valid_score: 58965.0, , rmse_test: 20.0488, score_test: 3975.7, Learning rate:0.00200000
Epoch: 5, Loss: 18.5473, Rmse_valid: 19.2524, valid_score: 55927.4, , rmse_test: 20.9184, score_test: 3813.8, Learning rate:0.00200000
Epoch: 6, Loss: 18.1141, Rmse_valid: 18.2986, valid_score: 47212.4, , rmse_test: 19.1915, score_test: 2846.9, Learning rate:0.00200000
Epoch: 7, Loss: 17.5083, Rmse_valid: 19.4732, valid_score: 59167.2, , rmse_test: 19.8060, score_test: 2815.9, Learning rate:0.00200000
Epoch: 8, Loss: 17.1212, Rmse_valid: 21.6162, valid_score: 198559.7, , rmse_test: 21.0823, score_test: 9334.5, Learning rate:0.00200000
Epoch: 9, Loss: 16.7399, Rmse_valid: 19.5618, valid_score: 62247.8, , rmse_test: 18.9410, score_test: 2281.5, Learning rate:0.00200000
Epoch: 10, Loss: 16.4445, Rmse_valid: 18.4756, valid_score: 68548.4, , rmse_test: 20.3552, score_test: 3351.8, Learning rate:0.00200000
Epoch: 11, Loss: 14.7513, Rmse_valid: 17.7319, valid_score: 46489.6, , rmse_test: 18.2395, score_test: 2052.2, Learning rate:0.00020000
Epoch: 12, Loss: 14.5534, Rmse_valid: 17.6117, valid_score: 49288.5, , rmse_test: 18.1349, score_test: 2134.0, Learning rate:0.00020000
Epoch: 13, Loss: 14.4419, Rmse_valid: 17.5543, valid_score: 41827.3, , rmse_test: 18.3145, score_test: 2035.8, Learning rate:0.00020000
Epoch: 14, Loss: 14.3673, Rmse_valid: 17.4059, valid_score: 39934.4, , rmse_test: 18.0166, score_test: 1877.3, Learning rate:0.00020000
Epoch: 15, Loss: 14.2853, Rmse_valid: 17.4267, valid_score: 46200.6, , rmse_test: 18.2254, score_test: 2097.3, Learning rate:0.00020000
Epoch: 16, Loss: 14.2257, Rmse_valid: 17.3575, valid_score: 43958.4, , rmse_test: 18.1330, score_test: 1994.6, Learning rate:0.00020000
Epoch: 17, Loss: 14.1601, Rmse_valid: 17.3345, valid_score: 46716.7, , rmse_test: 18.1821, score_test: 2204.8, Learning rate:0.00020000
Epoch: 18, Loss: 14.0899, Rmse_valid: 18.0919, valid_score: 59369.6, , rmse_test: 18.4654, score_test: 2566.9, Learning rate:0.00020000
Epoch: 19, Loss: 14.0449, Rmse_valid: 17.4100, valid_score: 45296.7, , rmse_test: 18.2736, score_test: 2315.0, Learning rate:0.00020000
Epoch: 20, Loss: 13.9831, Rmse_valid: 17.6942, valid_score: 51080.8, , rmse_test: 18.2640, score_test: 2284.8, Learning rate:0.00020000
Epoch: 21, Loss: 13.8479, Rmse_valid: 17.5849, valid_score: 47323.8, , rmse_test: 18.2211, score_test: 2161.2, Learning rate:0.00002000
Epoch: 22, Loss: 13.8238, Rmse_valid: 17.5797, valid_score: 46166.3, , rmse_test: 18.1298, score_test: 2042.3, Learning rate:0.00002000
Epoch: 23, Loss: 13.8123, Rmse_valid: 17.5744, valid_score: 46242.9, , rmse_test: 18.2043, score_test: 2053.7, Learning rate:0.00002000
Epoch: 24, Loss: 13.8064, Rmse_valid: 17.5873, valid_score: 46297.8, , rmse_test: 18.2189, score_test: 2093.1, Learning rate:0.00002000
Epoch: 25, Loss: 13.8014, Rmse_valid: 17.4559, valid_score: 47527.5, , rmse_test: 18.1861, score_test: 2092.7, Learning rate:0.00002000
Epoch: 26, Loss: 13.7926, Rmse_valid: 17.5814, valid_score: 46430.0, , rmse_test: 18.2765, score_test: 2149.4, Learning rate:0.00002000
Epoch: 27, Loss: 13.7866, Rmse_valid: 17.4373, valid_score: 45329.8, , rmse_test: 18.2030, score_test: 2042.5, Learning rate:0.00002000
Epoch: 28, Loss: 13.7822, Rmse_valid: 17.4996, valid_score: 48215.6, , rmse_test: 18.2110, score_test: 2098.4, Learning rate:0.00002000
Epoch: 29, Loss: 13.7769, Rmse_valid: 17.5570, valid_score: 46752.9, , rmse_test: 18.2466, score_test: 2130.9, Learning rate:0.00002000
Epoch: 30, Loss: 13.7715, Rmse_valid: 17.5239, valid_score: 46801.7, , rmse_test: 18.2108, score_test: 2096.3, Learning rate:0.00002000
[Train Summary] Restored best model from epoch 17, rmse_valid: 17.3345, valid_score: 46716.7, rmse_test: 18.1821, score_test: 2204.8
[Train Time] start: 2026-04-16 21:04:41, end: 2026-04-16 21:12:24, duration: 0:07:43, total_seconds: 463.40
[Auto Test] command: /usr/bin/python /CMAPSS-release/scipt/test_model.py --sub-dataset FD004 --smooth-rate 40 --sequence-len 30 --feature-num 14 --dataset-root /CMAPSS-release/CMAPSSData/ --max-rul 125 --batch-size 128 --model-path /CMAPSS-release/trials/model_FD004_0416_210441.pkl
model_path:/CMAPSS-release/trials/model_FD004_0416_210441.pkl
rmse_final:18.1239013671875, score:2149.81689453125
