-----FD004-----
关键参数:
序列长度: 30
批大小(batch_size): 128
最大训练轮数(max_epochs): 30
随机数种子: 88
模型代号(model_code): FD004_GAT_3L
学习率: 0.002
学习率调度器: step
Step步长(step_size): 10
Step衰减系数(gamma): 0.1
空间GAT: 开启
时间注意力: 关闭
Decoder融合方式: concat
图构建模式(graph_mode): dynamic_knn
GAT层数(num_layers): 3
GAT邻居数(topk): 5
GAT嵌入维度: 16
GAT隐藏层维度: 16
------------------------------
Epoch: 1, Loss: 27.1600, Rmse_valid: 20.7760, valid_score: 69321.1, , rmse_test: 24.7897, score_test: 7818.9, Learning rate:0.00200000
Epoch: 2, Loss: 21.7620, Rmse_valid: 21.2557, valid_score: 111073.5, , rmse_test: 21.9878, score_test: 4821.3, Learning rate:0.00200000
Epoch: 3, Loss: 20.2352, Rmse_valid: 19.4608, valid_score: 54320.2, , rmse_test: 20.3908, score_test: 3258.0, Learning rate:0.00200000
Epoch: 4, Loss: 19.2300, Rmse_valid: 20.7825, valid_score: 87934.0, , rmse_test: 25.2055, score_test: 6772.8, Learning rate:0.00200000
Epoch: 5, Loss: 18.5773, Rmse_valid: 19.4868, valid_score: 49559.6, , rmse_test: 19.7696, score_test: 2820.1, Learning rate:0.00200000
Epoch: 6, Loss: 18.0981, Rmse_valid: 18.0370, valid_score: 41418.3, , rmse_test: 19.1090, score_test: 2921.9, Learning rate:0.00200000
Epoch: 7, Loss: 17.5733, Rmse_valid: 17.7491, valid_score: 34623.7, , rmse_test: 18.8495, score_test: 2093.6, Learning rate:0.00200000
Epoch: 8, Loss: 17.2702, Rmse_valid: 18.6932, valid_score: 55157.0, , rmse_test: 19.2367, score_test: 2272.9, Learning rate:0.00200000
Epoch: 9, Loss: 16.9791, Rmse_valid: 18.2441, valid_score: 44969.5, , rmse_test: 18.8927, score_test: 2139.7, Learning rate:0.00200000
Epoch: 10, Loss: 16.6785, Rmse_valid: 19.1301, valid_score: 77737.0, , rmse_test: 20.2485, score_test: 3779.7, Learning rate:0.00200000
Epoch: 11, Loss: 15.0724, Rmse_valid: 17.5971, valid_score: 58769.6, , rmse_test: 18.0571, score_test: 2458.4, Learning rate:0.00020000
Epoch: 12, Loss: 14.8824, Rmse_valid: 17.9849, valid_score: 74965.1, , rmse_test: 17.8812, score_test: 2363.6, Learning rate:0.00020000
Epoch: 13, Loss: 14.7856, Rmse_valid: 17.6229, valid_score: 68001.6, , rmse_test: 17.8660, score_test: 2193.6, Learning rate:0.00020000
Epoch: 14, Loss: 14.7014, Rmse_valid: 18.0641, valid_score: 79060.7, , rmse_test: 18.0101, score_test: 2445.8, Learning rate:0.00020000
Epoch: 15, Loss: 14.6327, Rmse_valid: 17.6902, valid_score: 70895.6, , rmse_test: 17.9770, score_test: 2286.9, Learning rate:0.00020000
Epoch: 16, Loss: 14.5596, Rmse_valid: 18.0897, valid_score: 78154.8, , rmse_test: 17.9885, score_test: 2231.2, Learning rate:0.00020000
Epoch: 17, Loss: 14.5066, Rmse_valid: 17.8736, valid_score: 78858.2, , rmse_test: 17.8180, score_test: 2249.9, Learning rate:0.00020000
Epoch: 18, Loss: 14.4463, Rmse_valid: 17.5702, valid_score: 69269.9, , rmse_test: 17.6478, score_test: 2137.9, Learning rate:0.00020000
Epoch: 19, Loss: 14.3873, Rmse_valid: 18.0526, valid_score: 90369.5, , rmse_test: 17.8193, score_test: 2263.2, Learning rate:0.00020000
Epoch: 20, Loss: 14.3337, Rmse_valid: 17.9208, valid_score: 82105.5, , rmse_test: 17.6587, score_test: 2079.9, Learning rate:0.00020000
Epoch: 21, Loss: 14.2004, Rmse_valid: 17.6732, valid_score: 78004.0, , rmse_test: 17.7032, score_test: 2139.9, Learning rate:0.00002000
Epoch: 22, Loss: 14.1848, Rmse_valid: 17.6276, valid_score: 79283.7, , rmse_test: 17.7163, score_test: 2169.4, Learning rate:0.00002000
Epoch: 23, Loss: 14.1781, Rmse_valid: 17.7411, valid_score: 80339.5, , rmse_test: 17.6971, score_test: 2182.4, Learning rate:0.00002000
Epoch: 24, Loss: 14.1709, Rmse_valid: 17.8624, valid_score: 81270.7, , rmse_test: 17.6696, score_test: 2191.6, Learning rate:0.00002000
Epoch: 25, Loss: 14.1648, Rmse_valid: 17.9878, valid_score: 81196.3, , rmse_test: 17.6543, score_test: 2130.6, Learning rate:0.00002000
Epoch: 26, Loss: 14.1594, Rmse_valid: 17.7852, valid_score: 78915.8, , rmse_test: 17.6695, score_test: 2152.9, Learning rate:0.00002000
Epoch: 27, Loss: 14.1523, Rmse_valid: 17.7278, valid_score: 80221.1, , rmse_test: 17.6360, score_test: 2163.4, Learning rate:0.00002000
Epoch: 28, Loss: 14.1460, Rmse_valid: 17.9301, valid_score: 84218.8, , rmse_test: 17.6408, score_test: 2143.3, Learning rate:0.00002000
Epoch: 29, Loss: 14.1391, Rmse_valid: 17.8908, valid_score: 82300.0, , rmse_test: 17.6199, score_test: 2112.6, Learning rate:0.00002000
Epoch: 30, Loss: 14.1355, Rmse_valid: 17.6485, valid_score: 80569.5, , rmse_test: 17.5986, score_test: 2098.8, Learning rate:0.00002000
[Train Summary] Restored best model from epoch 18, rmse_valid: 17.5702, valid_score: 69269.9, rmse_test: 17.6478, score_test: 2137.9
[Train Time] start: 2026-04-16 18:15:51, end: 2026-04-16 18:24:08, duration: 0:08:17, total_seconds: 496.60
[Auto Test] command: /usr/bin/python /CMAPSS-release/scipt/test_model.py --sub-dataset FD004 --smooth-rate 40 --sequence-len 30 --feature-num 14 --dataset-root /CMAPSS-release/CMAPSSData/ --max-rul 125 --batch-size 128 --model-path /CMAPSS-release/trials/model_FD004_0416_181551.pkl
model_path:/CMAPSS-release/trials/model_FD004_0416_181551.pkl
rmse_final:17.58091926574707, score:2065.792236328125
