-----FD004-----
关键参数:
序列长度: 30
批大小(batch_size): 128
最大训练轮数(max_epochs): 30
随机数种子: 30
模型代号(model_code): FD004_GAT_2L_hidden_dim6
学习率: 0.002
学习率调度器: step
Step步长(step_size): 10
Step衰减系数(gamma): 0.1
空间GAT: 开启
时间注意力: 关闭
Decoder融合方式: concat
图构建模式(graph_mode): dynamic_knn
GAT层数(num_layers): 2
GAT邻居数(topk): 5
GAT嵌入维度: 16
GAT隐藏层维度: 6
------------------------------
Epoch: 1, Loss: 27.9062, Rmse_valid: 21.7496, valid_score: 47901.0, , rmse_test: 24.8937, score_test: 4147.2, Learning rate:0.00200000
Epoch: 2, Loss: 21.8206, Rmse_valid: 19.1962, valid_score: 47295.9, , rmse_test: 22.2325, score_test: 3863.1, Learning rate:0.00200000
Epoch: 3, Loss: 20.1770, Rmse_valid: 21.5109, valid_score: 85680.2, , rmse_test: 23.4986, score_test: 4469.4, Learning rate:0.00200000
Epoch: 4, Loss: 19.2286, Rmse_valid: 18.3909, valid_score: 39241.0, , rmse_test: 20.4108, score_test: 3623.8, Learning rate:0.00200000
Epoch: 5, Loss: 18.7062, Rmse_valid: 17.8087, valid_score: 50067.8, , rmse_test: 19.2660, score_test: 3225.4, Learning rate:0.00200000
Epoch: 6, Loss: 18.2394, Rmse_valid: 17.6956, valid_score: 39847.8, , rmse_test: 18.8176, score_test: 2587.2, Learning rate:0.00200000
Epoch: 7, Loss: 17.7852, Rmse_valid: 19.1470, valid_score: 75721.5, , rmse_test: 19.3937, score_test: 3711.0, Learning rate:0.00200000
Epoch: 8, Loss: 17.3208, Rmse_valid: 18.0099, valid_score: 66555.5, , rmse_test: 18.8094, score_test: 2625.2, Learning rate:0.00200000
Epoch: 9, Loss: 17.0198, Rmse_valid: 17.5594, valid_score: 62666.5, , rmse_test: 19.1795, score_test: 4669.8, Learning rate:0.00200000
Epoch: 10, Loss: 16.6895, Rmse_valid: 18.0378, valid_score: 48963.6, , rmse_test: 20.3514, score_test: 2607.6, Learning rate:0.00200000
Epoch: 11, Loss: 14.8966, Rmse_valid: 16.9533, valid_score: 58861.7, , rmse_test: 18.5399, score_test: 2589.5, Learning rate:0.00020000
Epoch: 12, Loss: 14.6769, Rmse_valid: 17.1336, valid_score: 68006.4, , rmse_test: 18.4325, score_test: 2447.9, Learning rate:0.00020000
Epoch: 13, Loss: 14.5308, Rmse_valid: 16.6816, valid_score: 46579.2, , rmse_test: 18.2684, score_test: 2101.6, Learning rate:0.00020000
Epoch: 14, Loss: 14.4514, Rmse_valid: 16.7350, valid_score: 51951.4, , rmse_test: 18.1110, score_test: 2005.2, Learning rate:0.00020000
Epoch: 15, Loss: 14.3695, Rmse_valid: 16.6557, valid_score: 56214.7, , rmse_test: 18.4927, score_test: 2308.0, Learning rate:0.00020000
Epoch: 16, Loss: 14.3023, Rmse_valid: 16.8143, valid_score: 61565.7, , rmse_test: 18.2934, score_test: 2233.4, Learning rate:0.00020000
Epoch: 17, Loss: 14.2370, Rmse_valid: 16.8888, valid_score: 48730.5, , rmse_test: 18.1070, score_test: 1888.4, Learning rate:0.00020000
Epoch: 18, Loss: 14.1842, Rmse_valid: 16.7543, valid_score: 55895.3, , rmse_test: 18.5629, score_test: 2429.6, Learning rate:0.00020000
Epoch: 19, Loss: 14.1263, Rmse_valid: 16.6470, valid_score: 60307.6, , rmse_test: 18.6973, score_test: 2137.8, Learning rate:0.00020000
Epoch: 20, Loss: 14.0775, Rmse_valid: 16.3295, valid_score: 51256.2, , rmse_test: 18.3269, score_test: 2106.4, Learning rate:0.00020000
Epoch: 21, Loss: 13.9266, Rmse_valid: 16.5418, valid_score: 55525.6, , rmse_test: 18.2217, score_test: 2182.2, Learning rate:0.00002000
Epoch: 22, Loss: 13.9098, Rmse_valid: 16.5992, valid_score: 55929.3, , rmse_test: 18.3194, score_test: 2185.5, Learning rate:0.00002000
Epoch: 23, Loss: 13.9023, Rmse_valid: 16.7800, valid_score: 57223.9, , rmse_test: 18.3009, score_test: 2226.8, Learning rate:0.00002000
Epoch: 24, Loss: 13.8969, Rmse_valid: 16.4919, valid_score: 53905.1, , rmse_test: 18.2622, score_test: 2130.2, Learning rate:0.00002000
Epoch: 25, Loss: 13.8899, Rmse_valid: 16.6420, valid_score: 53616.7, , rmse_test: 18.1829, score_test: 2084.9, Learning rate:0.00002000
Epoch: 26, Loss: 13.8851, Rmse_valid: 16.4769, valid_score: 52901.6, , rmse_test: 18.2589, score_test: 2120.8, Learning rate:0.00002000
Epoch: 27, Loss: 13.8784, Rmse_valid: 16.7926, valid_score: 52878.3, , rmse_test: 18.2929, score_test: 2147.7, Learning rate:0.00002000
Epoch: 28, Loss: 13.8713, Rmse_valid: 16.9316, valid_score: 55552.5, , rmse_test: 18.1666, score_test: 2150.7, Learning rate:0.00002000
Epoch: 29, Loss: 13.8654, Rmse_valid: 16.7034, valid_score: 55161.9, , rmse_test: 18.3184, score_test: 2196.9, Learning rate:0.00002000
Epoch: 30, Loss: 13.8597, Rmse_valid: 16.4694, valid_score: 53074.1, , rmse_test: 18.2842, score_test: 2121.2, Learning rate:0.00002000
[Train Summary] Restored best model from epoch 20, rmse_valid: 16.3295, valid_score: 51256.2, rmse_test: 18.3269, score_test: 2106.4
[Train Time] start: 2026-04-16 20:05:44, end: 2026-04-16 20:13:26, duration: 0:07:42, total_seconds: 461.55
[Auto Test] command: /usr/bin/python /CMAPSS-release/scipt/test_model.py --sub-dataset FD004 --smooth-rate 40 --sequence-len 30 --feature-num 14 --dataset-root /CMAPSS-release/CMAPSSData/ --max-rul 125 --batch-size 128 --model-path /CMAPSS-release/trials/model_FD004_0416_200544.pkl
model_path:/CMAPSS-release/trials/model_FD004_0416_200544.pkl
rmse_final:18.27919578552246, score:2043.29150390625
