-----FD002-----
关键参数:
序列长度: 30
批大小(batch_size): 128
最大训练轮数(max_epochs): 30
随机数种子: 2
模型代号(model_code): FD002_F
学习率: 0.002
学习率调度器: step
Step步长(step_size): 10
Step衰减系数(gamma): 0.1
空间GAT: 关闭
时间注意力: 关闭
Decoder融合方式: concat
------------------------------
Epoch: 1, Loss: 26.4685, Rmse_valid: 23.1600, valid_score: 159158.2, , rmse_test: 22.8806, score_test: 11478.3, Learning rate:0.00200000
Epoch: 2, Loss: 21.9318, Rmse_valid: 21.5515, valid_score: 70275.4, , rmse_test: 19.5096, score_test: 2089.8, Learning rate:0.00200000
Epoch: 3, Loss: 19.1013, Rmse_valid: 20.9644, valid_score: 105714.2, , rmse_test: 17.8884, score_test: 2506.5, Learning rate:0.00200000
Epoch: 4, Loss: 17.6067, Rmse_valid: 18.9758, valid_score: 41758.7, , rmse_test: 17.2260, score_test: 1754.4, Learning rate:0.00200000
Epoch: 5, Loss: 16.9986, Rmse_valid: 18.5659, valid_score: 39181.5, , rmse_test: 16.8022, score_test: 1653.4, Learning rate:0.00200000
Epoch: 6, Loss: 16.5286, Rmse_valid: 17.6739, valid_score: 52419.7, , rmse_test: 14.8669, score_test: 1450.4, Learning rate:0.00200000
Epoch: 7, Loss: 16.0257, Rmse_valid: 18.0899, valid_score: 68046.1, , rmse_test: 14.9710, score_test: 1170.9, Learning rate:0.00200000
Epoch: 8, Loss: 15.9243, Rmse_valid: 17.6627, valid_score: 48367.3, , rmse_test: 15.4027, score_test: 1481.3, Learning rate:0.00200000
Epoch: 9, Loss: 15.6105, Rmse_valid: 17.3481, valid_score: 40241.6, , rmse_test: 14.3693, score_test: 1334.2, Learning rate:0.00200000
Epoch: 10, Loss: 15.4453, Rmse_valid: 16.6609, valid_score: 32751.8, , rmse_test: 14.0496, score_test: 1090.9, Learning rate:0.00200000
Epoch: 11, Loss: 13.9074, Rmse_valid: 16.1104, valid_score: 34550.1, , rmse_test: 13.9337, score_test: 1097.7, Learning rate:0.00020000
Epoch: 12, Loss: 13.8174, Rmse_valid: 16.1518, valid_score: 35459.7, , rmse_test: 13.8504, score_test: 1183.9, Learning rate:0.00020000
Epoch: 13, Loss: 13.7528, Rmse_valid: 16.2569, valid_score: 37469.7, , rmse_test: 14.3644, score_test: 1251.4, Learning rate:0.00020000
Epoch: 14, Loss: 13.6978, Rmse_valid: 16.0426, valid_score: 29522.0, , rmse_test: 13.6842, score_test: 1072.0, Learning rate:0.00020000
Epoch: 15, Loss: 13.6632, Rmse_valid: 16.0844, valid_score: 35060.2, , rmse_test: 13.7719, score_test: 1114.8, Learning rate:0.00020000
Epoch: 16, Loss: 13.6124, Rmse_valid: 15.9591, valid_score: 37116.2, , rmse_test: 14.1238, score_test: 1251.4, Learning rate:0.00020000
Epoch: 17, Loss: 13.5739, Rmse_valid: 15.9848, valid_score: 37432.0, , rmse_test: 13.6877, score_test: 1114.3, Learning rate:0.00020000
Epoch: 18, Loss: 13.5363, Rmse_valid: 15.8873, valid_score: 34495.0, , rmse_test: 13.7467, score_test: 1096.4, Learning rate:0.00020000
Epoch: 19, Loss: 13.5020, Rmse_valid: 15.8967, valid_score: 32026.3, , rmse_test: 13.9174, score_test: 1182.0, Learning rate:0.00020000
Epoch: 20, Loss: 13.4660, Rmse_valid: 15.7322, valid_score: 32366.8, , rmse_test: 13.6804, score_test: 1118.7, Learning rate:0.00020000
Epoch: 21, Loss: 13.3661, Rmse_valid: 15.7227, valid_score: 31656.2, , rmse_test: 13.7911, score_test: 1153.9, Learning rate:0.00002000
Epoch: 22, Loss: 13.3580, Rmse_valid: 15.5619, valid_score: 31575.5, , rmse_test: 13.6691, score_test: 1120.5, Learning rate:0.00002000
Epoch: 23, Loss: 13.3535, Rmse_valid: 15.7443, valid_score: 32090.3, , rmse_test: 13.7241, score_test: 1149.3, Learning rate:0.00002000
Epoch: 24, Loss: 13.3504, Rmse_valid: 15.6496, valid_score: 30900.8, , rmse_test: 13.6187, score_test: 1118.6, Learning rate:0.00002000
Epoch: 25, Loss: 13.3490, Rmse_valid: 15.6180, valid_score: 31028.1, , rmse_test: 13.7538, score_test: 1144.4, Learning rate:0.00002000
Epoch: 26, Loss: 13.3441, Rmse_valid: 15.6749, valid_score: 30775.8, , rmse_test: 13.7347, score_test: 1150.4, Learning rate:0.00002000
Epoch: 27, Loss: 13.3387, Rmse_valid: 15.5810, valid_score: 31121.8, , rmse_test: 13.7751, score_test: 1174.5, Learning rate:0.00002000
Epoch: 28, Loss: 13.3386, Rmse_valid: 15.5266, valid_score: 31657.0, , rmse_test: 13.7139, score_test: 1147.7, Learning rate:0.00002000
Epoch: 29, Loss: 13.3320, Rmse_valid: 15.6436, valid_score: 31028.7, , rmse_test: 13.8251, score_test: 1153.1, Learning rate:0.00002000
Epoch: 30, Loss: 13.3310, Rmse_valid: 15.5845, valid_score: 31693.0, , rmse_test: 13.7151, score_test: 1146.8, Learning rate:0.00002000
[Train Summary] Restored best model from epoch 28, rmse_valid: 15.5266, valid_score: 31657.0, rmse_test: 13.7139, score_test: 1147.7
[Train Time] start: 2026-04-17 19:23:38, end: 2026-04-17 19:26:49, duration: 0:03:12, total_seconds: 191.60
[Auto Test] command: /usr/bin/python /CMAPSS-release/scipt/test_model.py --sub-dataset FD002 --smooth-rate 40 --sequence-len 30 --feature-num 14 --dataset-root /CMAPSS-release/CMAPSSData/ --max-rul 125 --batch-size 128 --model-path /CMAPSS-release/trials/model_FD002_0417_192338.pkl
model_path:/CMAPSS-release/trials/model_FD002_0417_192338.pkl
rmse_final:13.678605079650879, score:1119.19677734375
