-----FD004-----
关键参数:
序列长度: 30
批大小(batch_size): 128
最大训练轮数(max_epochs): 30
随机数种子: 27
模型代号(model_code): FD004_GAT_embed_dim32_topk5
学习率: 0.002
学习率调度器: step
Step步长(step_size): 10
Step衰减系数(gamma): 0.1
空间GAT: 开启
时间注意力: 关闭
Decoder融合方式: concat
图构建模式(graph_mode): dynamic_knn
GAT层数(num_layers): 2
GAT邻居数(topk): 5
GAT嵌入维度: 32
GAT隐藏层维度: 16
------------------------------
Epoch: 1, Loss: 26.2824, Rmse_valid: 21.3930, valid_score: 84391.4, , rmse_test: 24.3144, score_test: 11653.0, Learning rate:0.00200000
Epoch: 2, Loss: 22.2839, Rmse_valid: 19.5736, valid_score: 53855.5, , rmse_test: 21.5487, score_test: 4110.0, Learning rate:0.00200000
Epoch: 3, Loss: 20.4835, Rmse_valid: 19.0718, valid_score: 57735.7, , rmse_test: 20.8306, score_test: 3914.9, Learning rate:0.00200000
Epoch: 4, Loss: 19.4272, Rmse_valid: 18.8276, valid_score: 43705.8, , rmse_test: 19.3906, score_test: 3247.3, Learning rate:0.00200000
Epoch: 5, Loss: 18.6609, Rmse_valid: 18.5091, valid_score: 29706.9, , rmse_test: 19.2007, score_test: 1554.9, Learning rate:0.00200000
Epoch: 6, Loss: 18.1804, Rmse_valid: 18.3813, valid_score: 48481.6, , rmse_test: 18.7408, score_test: 2932.2, Learning rate:0.00200000
Epoch: 7, Loss: 17.6490, Rmse_valid: 18.7035, valid_score: 69635.6, , rmse_test: 19.1500, score_test: 2937.1, Learning rate:0.00200000
Epoch: 8, Loss: 17.3143, Rmse_valid: 18.8495, valid_score: 66816.0, , rmse_test: 18.9620, score_test: 2599.5, Learning rate:0.00200000
Epoch: 9, Loss: 16.9542, Rmse_valid: 16.6767, valid_score: 38789.5, , rmse_test: 17.9709, score_test: 2212.6, Learning rate:0.00200000
Epoch: 10, Loss: 16.6285, Rmse_valid: 18.9534, valid_score: 107277.3, , rmse_test: 20.5312, score_test: 3594.3, Learning rate:0.00200000
Epoch: 11, Loss: 14.8736, Rmse_valid: 17.1616, valid_score: 65375.1, , rmse_test: 18.2402, score_test: 2141.9, Learning rate:0.00020000
Epoch: 12, Loss: 14.6989, Rmse_valid: 17.4322, valid_score: 73925.6, , rmse_test: 18.2573, score_test: 2208.8, Learning rate:0.00020000
Epoch: 13, Loss: 14.6116, Rmse_valid: 17.6026, valid_score: 85756.3, , rmse_test: 18.5214, score_test: 2292.9, Learning rate:0.00020000
Epoch: 14, Loss: 14.5534, Rmse_valid: 17.5677, valid_score: 88269.1, , rmse_test: 18.3923, score_test: 2201.0, Learning rate:0.00020000
Epoch: 15, Loss: 14.4673, Rmse_valid: 17.6245, valid_score: 92957.1, , rmse_test: 18.2490, score_test: 2362.2, Learning rate:0.00020000
Epoch: 16, Loss: 14.4275, Rmse_valid: 17.7232, valid_score: 110144.3, , rmse_test: 18.6697, score_test: 2389.2, Learning rate:0.00020000
Epoch: 17, Loss: 14.3600, Rmse_valid: 17.7986, valid_score: 104043.5, , rmse_test: 18.7452, score_test: 2421.0, Learning rate:0.00020000
Epoch: 18, Loss: 14.3071, Rmse_valid: 17.3983, valid_score: 92305.8, , rmse_test: 18.5390, score_test: 2196.7, Learning rate:0.00020000
Epoch: 19, Loss: 14.2555, Rmse_valid: 18.1527, valid_score: 122601.8, , rmse_test: 18.5374, score_test: 2674.7, Learning rate:0.00020000
Epoch: 20, Loss: 14.2102, Rmse_valid: 18.2736, valid_score: 118234.9, , rmse_test: 18.5046, score_test: 2434.8, Learning rate:0.00020000
Epoch: 21, Loss: 14.0740, Rmse_valid: 17.7950, valid_score: 120087.9, , rmse_test: 18.6165, score_test: 2563.2, Learning rate:0.00002000
Epoch: 22, Loss: 14.0475, Rmse_valid: 17.7012, valid_score: 118417.9, , rmse_test: 18.6160, score_test: 2520.8, Learning rate:0.00002000
Epoch: 23, Loss: 14.0419, Rmse_valid: 17.8392, valid_score: 120323.3, , rmse_test: 18.5675, score_test: 2535.5, Learning rate:0.00002000
Epoch: 24, Loss: 14.0355, Rmse_valid: 17.8676, valid_score: 121458.6, , rmse_test: 18.5563, score_test: 2521.6, Learning rate:0.00002000
Epoch: 25, Loss: 14.0305, Rmse_valid: 17.9314, valid_score: 121996.7, , rmse_test: 18.5478, score_test: 2511.6, Learning rate:0.00002000
Epoch: 26, Loss: 14.0232, Rmse_valid: 17.9022, valid_score: 123732.2, , rmse_test: 18.5155, score_test: 2476.0, Learning rate:0.00002000
Epoch: 27, Loss: 14.0189, Rmse_valid: 17.7717, valid_score: 122875.8, , rmse_test: 18.5735, score_test: 2487.7, Learning rate:0.00002000
Epoch: 28, Loss: 14.0149, Rmse_valid: 17.8846, valid_score: 126554.0, , rmse_test: 18.6569, score_test: 2623.8, Learning rate:0.00002000
Epoch: 29, Loss: 14.0067, Rmse_valid: 18.0155, valid_score: 125705.3, , rmse_test: 18.6043, score_test: 2620.2, Learning rate:0.00002000
Epoch: 30, Loss: 14.0030, Rmse_valid: 17.7533, valid_score: 126697.8, , rmse_test: 18.6163, score_test: 2562.1, Learning rate:0.00002000
[Train Summary] Restored best model from epoch 9, rmse_valid: 16.6767, valid_score: 38789.5, rmse_test: 17.9709, score_test: 2212.6
[Train Time] start: 2026-04-17 04:43:54, end: 2026-04-17 04:51:53, duration: 0:07:59, total_seconds: 478.88
[Auto Test] command: /usr/bin/python /CMAPSS-release/scipt/test_model.py --sub-dataset FD004 --smooth-rate 40 --sequence-len 30 --feature-num 14 --dataset-root /CMAPSS-release/CMAPSSData/ --max-rul 125 --batch-size 128 --model-path /CMAPSS-release/trials/model_FD004_0417_044354.pkl
model_path:/CMAPSS-release/trials/model_FD004_0417_044354.pkl
rmse_final:17.9559268951416, score:2139.882568359375
