-----FD004-----
关键参数:
序列长度: 30
批大小(batch_size): 128
最大训练轮数(max_epochs): 30
随机数种子: 17
模型代号(model_code): FD004_GAT_embed_dim32_topk5
学习率: 0.002
学习率调度器: step
Step步长(step_size): 10
Step衰减系数(gamma): 0.1
空间GAT: 开启
时间注意力: 关闭
Decoder融合方式: concat
图构建模式(graph_mode): dynamic_knn
GAT层数(num_layers): 2
GAT邻居数(topk): 5
GAT嵌入维度: 32
GAT隐藏层维度: 16
------------------------------
Epoch: 1, Loss: 27.4467, Rmse_valid: 20.4719, valid_score: 63455.6, , rmse_test: 23.9277, score_test: 7118.6, Learning rate:0.00200000
Epoch: 2, Loss: 21.6296, Rmse_valid: 20.5333, valid_score: 88590.0, , rmse_test: 25.1710, score_test: 11086.7, Learning rate:0.00200000
Epoch: 3, Loss: 20.0151, Rmse_valid: 20.7671, valid_score: 81177.4, , rmse_test: 20.4124, score_test: 4659.1, Learning rate:0.00200000
Epoch: 4, Loss: 19.0144, Rmse_valid: 18.0275, valid_score: 42430.5, , rmse_test: 18.8653, score_test: 2760.3, Learning rate:0.00200000
Epoch: 5, Loss: 18.2573, Rmse_valid: 17.5117, valid_score: 42360.1, , rmse_test: 18.7539, score_test: 2849.3, Learning rate:0.00200000
Epoch: 6, Loss: 17.7984, Rmse_valid: 18.2271, valid_score: 66184.4, , rmse_test: 18.9539, score_test: 2505.2, Learning rate:0.00200000
Epoch: 7, Loss: 17.2113, Rmse_valid: 20.8577, valid_score: 108432.4, , rmse_test: 20.7647, score_test: 4072.7, Learning rate:0.00200000
Epoch: 8, Loss: 16.8234, Rmse_valid: 18.2273, valid_score: 68978.7, , rmse_test: 18.5873, score_test: 2973.9, Learning rate:0.00200000
Epoch: 9, Loss: 16.5808, Rmse_valid: 17.2050, valid_score: 37648.6, , rmse_test: 18.4244, score_test: 2611.5, Learning rate:0.00200000
Epoch: 10, Loss: 16.2878, Rmse_valid: 16.8683, valid_score: 37475.3, , rmse_test: 18.1199, score_test: 1735.2, Learning rate:0.00200000
Epoch: 11, Loss: 14.5551, Rmse_valid: 16.8289, valid_score: 45938.1, , rmse_test: 17.7886, score_test: 1989.3, Learning rate:0.00020000
Epoch: 12, Loss: 14.3747, Rmse_valid: 16.8869, valid_score: 54914.0, , rmse_test: 17.6886, score_test: 1973.2, Learning rate:0.00020000
Epoch: 13, Loss: 14.2812, Rmse_valid: 16.8174, valid_score: 50180.2, , rmse_test: 17.8289, score_test: 2019.2, Learning rate:0.00020000
Epoch: 14, Loss: 14.2208, Rmse_valid: 16.9152, valid_score: 51177.5, , rmse_test: 17.8702, score_test: 1992.5, Learning rate:0.00020000
Epoch: 15, Loss: 14.1589, Rmse_valid: 17.1282, valid_score: 52982.1, , rmse_test: 17.7919, score_test: 1820.6, Learning rate:0.00020000
Epoch: 16, Loss: 14.1066, Rmse_valid: 17.1840, valid_score: 50859.9, , rmse_test: 18.4870, score_test: 2211.6, Learning rate:0.00020000
Epoch: 17, Loss: 14.0638, Rmse_valid: 17.1759, valid_score: 56746.0, , rmse_test: 18.0324, score_test: 2104.2, Learning rate:0.00020000
Epoch: 18, Loss: 14.0160, Rmse_valid: 17.4977, valid_score: 57042.4, , rmse_test: 17.8373, score_test: 2065.0, Learning rate:0.00020000
Epoch: 19, Loss: 13.9579, Rmse_valid: 17.0850, valid_score: 48219.9, , rmse_test: 17.8405, score_test: 1940.9, Learning rate:0.00020000
Epoch: 20, Loss: 13.9305, Rmse_valid: 17.1440, valid_score: 54919.1, , rmse_test: 18.3856, score_test: 2157.4, Learning rate:0.00020000
Epoch: 21, Loss: 13.7950, Rmse_valid: 16.9631, valid_score: 55170.0, , rmse_test: 18.0668, score_test: 2168.5, Learning rate:0.00002000
Epoch: 22, Loss: 13.7750, Rmse_valid: 17.0097, valid_score: 53784.6, , rmse_test: 18.0430, score_test: 2115.7, Learning rate:0.00002000
Epoch: 23, Loss: 13.7728, Rmse_valid: 17.1714, valid_score: 54358.7, , rmse_test: 18.0328, score_test: 2132.1, Learning rate:0.00002000
Epoch: 24, Loss: 13.7685, Rmse_valid: 17.1499, valid_score: 53800.7, , rmse_test: 18.0289, score_test: 2130.8, Learning rate:0.00002000
Epoch: 25, Loss: 13.7600, Rmse_valid: 17.3525, valid_score: 55544.0, , rmse_test: 18.0925, score_test: 2149.0, Learning rate:0.00002000
Epoch: 26, Loss: 13.7565, Rmse_valid: 17.1284, valid_score: 54851.4, , rmse_test: 18.0925, score_test: 2169.5, Learning rate:0.00002000
Epoch: 27, Loss: 13.7529, Rmse_valid: 17.1783, valid_score: 55664.2, , rmse_test: 18.0793, score_test: 2183.6, Learning rate:0.00002000
Epoch: 28, Loss: 13.7459, Rmse_valid: 17.1475, valid_score: 53757.6, , rmse_test: 18.0414, score_test: 2151.4, Learning rate:0.00002000
Epoch: 29, Loss: 13.7416, Rmse_valid: 17.3125, valid_score: 56508.1, , rmse_test: 18.0911, score_test: 2206.1, Learning rate:0.00002000
Epoch: 30, Loss: 13.7403, Rmse_valid: 17.0085, valid_score: 53066.0, , rmse_test: 18.0713, score_test: 2127.3, Learning rate:0.00002000
[Train Summary] Restored best model from epoch 13, rmse_valid: 16.8174, valid_score: 50180.2, rmse_test: 17.8289, score_test: 2019.2
[Train Time] start: 2026-04-17 04:35:05, end: 2026-04-17 04:43:11, duration: 0:08:06, total_seconds: 485.53
[Auto Test] command: /usr/bin/python /CMAPSS-release/scipt/test_model.py --sub-dataset FD004 --smooth-rate 40 --sequence-len 30 --feature-num 14 --dataset-root /CMAPSS-release/CMAPSSData/ --max-rul 125 --batch-size 128 --model-path /CMAPSS-release/trials/model_FD004_0417_043505.pkl
model_path:/CMAPSS-release/trials/model_FD004_0417_043505.pkl
rmse_final:17.78659439086914, score:1946.6812744140625
