-----FD003-----
关键参数:
序列长度: 30
批大小(batch_size): 128
最大训练轮数(max_epochs): 30
随机数种子: 27
模型代号(model_code): FD003_C
学习率: 0.002
学习率调度器: step
Step步长(step_size): 10
Step衰减系数(gamma): 0.1
空间GAT: 开启
时间注意力: 关闭
Decoder融合方式: gate
图构建模式(graph_mode): static_knn
GAT层数(num_layers): 2
GAT邻居数(topk): 7
GAT嵌入维度: 8
GAT隐藏层维度: 16
------------------------------
Epoch: 1, Loss: 23.5212, Rmse_valid: 15.3731, valid_score: 14343.6, , rmse_test: 21.3561, score_test: 3016.0, Learning rate:0.00200000
Epoch: 2, Loss: 15.7572, Rmse_valid: 11.0060, valid_score: 7703.1, , rmse_test: 18.8851, score_test: 2032.7, Learning rate:0.00200000
Epoch: 3, Loss: 13.6798, Rmse_valid: 12.3188, valid_score: 5448.2, , rmse_test: 15.7634, score_test: 914.5, Learning rate:0.00200000
Epoch: 4, Loss: 12.6542, Rmse_valid: 12.7900, valid_score: 5559.3, , rmse_test: 15.5266, score_test: 824.7, Learning rate:0.00200000
Epoch: 5, Loss: 11.8830, Rmse_valid: 10.8393, valid_score: 4812.0, , rmse_test: 15.0224, score_test: 961.3, Learning rate:0.00200000
Epoch: 6, Loss: 11.5113, Rmse_valid: 9.7893, valid_score: 5185.8, , rmse_test: 17.2295, score_test: 1592.6, Learning rate:0.00200000
Epoch: 7, Loss: 11.1435, Rmse_valid: 10.0706, valid_score: 7737.3, , rmse_test: 16.5375, score_test: 1431.5, Learning rate:0.00200000
Epoch: 8, Loss: 10.7891, Rmse_valid: 10.9313, valid_score: 7786.2, , rmse_test: 17.5267, score_test: 1551.6, Learning rate:0.00200000
Epoch: 9, Loss: 10.4630, Rmse_valid: 10.0500, valid_score: 5862.0, , rmse_test: 14.9923, score_test: 1142.2, Learning rate:0.00200000
Epoch: 10, Loss: 10.2127, Rmse_valid: 9.7081, valid_score: 4341.3, , rmse_test: 14.5467, score_test: 880.8, Learning rate:0.00200000
Epoch: 11, Loss: 9.0159, Rmse_valid: 9.1587, valid_score: 4939.3, , rmse_test: 14.6743, score_test: 918.6, Learning rate:0.00020000
Epoch: 12, Loss: 8.8940, Rmse_valid: 9.3061, valid_score: 5342.7, , rmse_test: 14.7736, score_test: 777.7, Learning rate:0.00020000
Epoch: 13, Loss: 8.8381, Rmse_valid: 9.5185, valid_score: 5281.1, , rmse_test: 14.7382, score_test: 856.1, Learning rate:0.00020000
Epoch: 14, Loss: 8.7663, Rmse_valid: 9.1037, valid_score: 4959.9, , rmse_test: 14.7267, score_test: 894.2, Learning rate:0.00020000
Epoch: 15, Loss: 8.7139, Rmse_valid: 9.3252, valid_score: 4799.6, , rmse_test: 14.5118, score_test: 761.5, Learning rate:0.00020000
Epoch: 16, Loss: 8.6511, Rmse_valid: 9.4116, valid_score: 5464.3, , rmse_test: 14.8137, score_test: 814.6, Learning rate:0.00020000
Epoch: 17, Loss: 8.6095, Rmse_valid: 9.3341, valid_score: 5195.8, , rmse_test: 14.8021, score_test: 913.9, Learning rate:0.00020000
Epoch: 18, Loss: 8.5383, Rmse_valid: 9.2193, valid_score: 5257.9, , rmse_test: 14.7554, score_test: 815.6, Learning rate:0.00020000
Epoch: 19, Loss: 8.4877, Rmse_valid: 9.1048, valid_score: 5504.6, , rmse_test: 15.1029, score_test: 987.1, Learning rate:0.00020000
Epoch: 20, Loss: 8.4430, Rmse_valid: 9.1320, valid_score: 5058.0, , rmse_test: 14.7084, score_test: 800.7, Learning rate:0.00020000
Epoch: 21, Loss: 8.3554, Rmse_valid: 9.1141, valid_score: 4952.7, , rmse_test: 14.6909, score_test: 853.7, Learning rate:0.00002000
Epoch: 22, Loss: 8.3355, Rmse_valid: 9.0072, valid_score: 5004.1, , rmse_test: 14.7620, score_test: 878.3, Learning rate:0.00002000
Epoch: 23, Loss: 8.3281, Rmse_valid: 8.9956, valid_score: 4955.6, , rmse_test: 14.7642, score_test: 898.5, Learning rate:0.00002000
Epoch: 24, Loss: 8.3222, Rmse_valid: 9.0194, valid_score: 4998.1, , rmse_test: 14.7653, score_test: 887.1, Learning rate:0.00002000
Epoch: 25, Loss: 8.3146, Rmse_valid: 8.9891, valid_score: 4961.1, , rmse_test: 14.7298, score_test: 865.2, Learning rate:0.00002000
Epoch: 26, Loss: 8.3107, Rmse_valid: 8.9628, valid_score: 4958.2, , rmse_test: 14.7591, score_test: 889.4, Learning rate:0.00002000
Epoch: 27, Loss: 8.3033, Rmse_valid: 9.0494, valid_score: 4929.6, , rmse_test: 14.7130, score_test: 862.4, Learning rate:0.00002000
Epoch: 28, Loss: 8.2978, Rmse_valid: 9.0555, valid_score: 5007.7, , rmse_test: 14.7721, score_test: 863.4, Learning rate:0.00002000
Epoch: 29, Loss: 8.2910, Rmse_valid: 9.1533, valid_score: 5041.1, , rmse_test: 14.7838, score_test: 846.5, Learning rate:0.00002000
Epoch: 30, Loss: 8.2865, Rmse_valid: 9.0165, valid_score: 4946.8, , rmse_test: 14.7396, score_test: 872.4, Learning rate:0.00002000
[Train Summary] Restored best model from epoch 26, rmse_valid: 8.9628, valid_score: 4958.2, rmse_test: 14.7591, score_test: 889.4
[Train Time] start: 2026-04-18 01:03:40, end: 2026-04-18 01:06:58, duration: 0:03:18, total_seconds: 198.10
[Auto Test] command: /usr/bin/python /CMAPSS-release/scipt/test_model.py --sub-dataset FD003 --smooth-rate 40 --sequence-len 30 --feature-num 14 --dataset-root /CMAPSS-release/CMAPSSData/ --max-rul 125 --batch-size 128 --model-path /CMAPSS-release/trials/model_FD003_0418_010340.pkl
model_path:/CMAPSS-release/trials/model_FD003_0418_010340.pkl
rmse_final:14.62634563446045, score:830.867431640625
