-----FD003-----
关键参数:
序列长度: 30
批大小(batch_size): 128
最大训练轮数(max_epochs): 30
随机数种子: 80
模型代号(model_code): FD003_A
学习率: 0.002
学习率调度器: step
Step步长(step_size): 10
Step衰减系数(gamma): 0.1
空间GAT: 开启
时间注意力: 关闭
Decoder融合方式: gate
图构建模式(graph_mode): dynamic_knn
GAT层数(num_layers): 2
GAT邻居数(topk): 7
GAT嵌入维度: 8
GAT隐藏层维度: 16
------------------------------
Epoch: 1, Loss: 23.0495, Rmse_valid: 18.5585, valid_score: 23981.2, , rmse_test: 24.2048, score_test: 4029.2, Learning rate:0.00200000
Epoch: 2, Loss: 18.4683, Rmse_valid: 16.1936, valid_score: 11410.0, , rmse_test: 20.0676, score_test: 1441.4, Learning rate:0.00200000
Epoch: 3, Loss: 14.7000, Rmse_valid: 11.9671, valid_score: 7440.7, , rmse_test: 19.7761, score_test: 2036.1, Learning rate:0.00200000
Epoch: 4, Loss: 12.9123, Rmse_valid: 10.2577, valid_score: 5552.2, , rmse_test: 16.3814, score_test: 1241.6, Learning rate:0.00200000
Epoch: 5, Loss: 12.1459, Rmse_valid: 14.0186, valid_score: 6301.6, , rmse_test: 16.3239, score_test: 754.7, Learning rate:0.00200000
Epoch: 6, Loss: 11.5370, Rmse_valid: 9.9526, valid_score: 4656.9, , rmse_test: 15.1347, score_test: 1077.5, Learning rate:0.00200000
Epoch: 7, Loss: 11.2702, Rmse_valid: 10.0467, valid_score: 4631.0, , rmse_test: 14.8956, score_test: 856.8, Learning rate:0.00200000
Epoch: 8, Loss: 10.7789, Rmse_valid: 9.9806, valid_score: 4263.5, , rmse_test: 14.2002, score_test: 919.2, Learning rate:0.00200000
Epoch: 9, Loss: 10.6723, Rmse_valid: 9.8555, valid_score: 5722.7, , rmse_test: 15.3238, score_test: 1271.6, Learning rate:0.00200000
Epoch: 10, Loss: 10.2660, Rmse_valid: 12.2564, valid_score: 5446.8, , rmse_test: 14.8776, score_test: 737.8, Learning rate:0.00200000
Epoch: 11, Loss: 9.0926, Rmse_valid: 9.1807, valid_score: 5019.9, , rmse_test: 14.5285, score_test: 1033.1, Learning rate:0.00020000
Epoch: 12, Loss: 8.9561, Rmse_valid: 9.3390, valid_score: 4722.4, , rmse_test: 14.3204, score_test: 975.1, Learning rate:0.00020000
Epoch: 13, Loss: 8.8880, Rmse_valid: 8.9784, valid_score: 4751.2, , rmse_test: 14.5103, score_test: 1109.2, Learning rate:0.00020000
Epoch: 14, Loss: 8.8324, Rmse_valid: 9.1248, valid_score: 5013.9, , rmse_test: 14.5075, score_test: 1137.9, Learning rate:0.00020000
Epoch: 15, Loss: 8.7822, Rmse_valid: 9.0211, valid_score: 4657.1, , rmse_test: 14.3958, score_test: 1083.3, Learning rate:0.00020000
Epoch: 16, Loss: 8.7236, Rmse_valid: 9.1099, valid_score: 5242.8, , rmse_test: 14.6236, score_test: 1217.0, Learning rate:0.00020000
Epoch: 17, Loss: 8.6752, Rmse_valid: 9.3395, valid_score: 5442.0, , rmse_test: 14.6049, score_test: 1090.3, Learning rate:0.00020000
Epoch: 18, Loss: 8.6196, Rmse_valid: 8.9826, valid_score: 4724.4, , rmse_test: 14.2935, score_test: 1118.6, Learning rate:0.00020000
Epoch: 19, Loss: 8.5723, Rmse_valid: 9.1788, valid_score: 4877.7, , rmse_test: 14.4618, score_test: 1093.1, Learning rate:0.00020000
Epoch: 20, Loss: 8.5374, Rmse_valid: 8.8842, valid_score: 4669.2, , rmse_test: 14.2733, score_test: 1083.5, Learning rate:0.00020000
Epoch: 21, Loss: 8.4391, Rmse_valid: 9.0166, valid_score: 4971.3, , rmse_test: 14.4235, score_test: 1162.1, Learning rate:0.00002000
Epoch: 22, Loss: 8.4279, Rmse_valid: 8.9204, valid_score: 4925.6, , rmse_test: 14.4092, score_test: 1134.0, Learning rate:0.00002000
Epoch: 23, Loss: 8.4200, Rmse_valid: 8.9868, valid_score: 4880.7, , rmse_test: 14.3780, score_test: 1129.2, Learning rate:0.00002000
Epoch: 24, Loss: 8.4156, Rmse_valid: 8.9659, valid_score: 4903.3, , rmse_test: 14.4074, score_test: 1148.4, Learning rate:0.00002000
Epoch: 25, Loss: 8.4096, Rmse_valid: 8.9610, valid_score: 4945.3, , rmse_test: 14.4628, score_test: 1156.6, Learning rate:0.00002000
Epoch: 26, Loss: 8.4026, Rmse_valid: 9.0363, valid_score: 5045.4, , rmse_test: 14.4960, score_test: 1165.3, Learning rate:0.00002000
Epoch: 27, Loss: 8.3994, Rmse_valid: 8.9521, valid_score: 5003.3, , rmse_test: 14.4936, score_test: 1161.5, Learning rate:0.00002000
Epoch: 28, Loss: 8.3953, Rmse_valid: 9.0563, valid_score: 4984.9, , rmse_test: 14.4551, score_test: 1167.2, Learning rate:0.00002000
Epoch: 29, Loss: 8.3897, Rmse_valid: 9.0280, valid_score: 4982.7, , rmse_test: 14.4198, score_test: 1155.1, Learning rate:0.00002000
Epoch: 30, Loss: 8.3853, Rmse_valid: 8.9809, valid_score: 5011.6, , rmse_test: 14.4803, score_test: 1156.0, Learning rate:0.00002000
[Train Summary] Restored best model from epoch 20, rmse_valid: 8.8842, valid_score: 4669.2, rmse_test: 14.2733, score_test: 1083.5
[Train Time] start: 2026-04-18 00:11:01, end: 2026-04-18 00:14:16, duration: 0:03:16, total_seconds: 195.84
[Auto Test] command: /usr/bin/python /CMAPSS-release/scipt/test_model.py --sub-dataset FD003 --smooth-rate 40 --sequence-len 30 --feature-num 14 --dataset-root /CMAPSS-release/CMAPSSData/ --max-rul 125 --batch-size 128 --model-path /CMAPSS-release/trials/model_FD003_0418_001101.pkl
model_path:/CMAPSS-release/trials/model_FD003_0418_001101.pkl
rmse_final:14.19260311126709, score:1049.8314208984375
