-----FD004-----
关键参数:
序列长度: 30
批大小(batch_size): 128
最大训练轮数(max_epochs): 30
随机数种子: 80
模型代号(model_code): FD004_GAT1L
学习率: 0.002
学习率调度器: step
Step步长(step_size): 10
Step衰减系数(gamma): 0.1
空间GAT: 开启
时间注意力: 关闭
Decoder融合方式: concat
图构建模式(graph_mode): dynamic_knn
GAT层数(num_layers): 1
GAT邻居数(topk): 5
GAT嵌入维度: 16
GAT隐藏层维度: 8
------------------------------
Epoch: 1, Loss: 27.3773, Rmse_valid: 22.1026, valid_score: 95248.8, , rmse_test: 27.2339, score_test: 17647.3, Learning rate:0.00200000
Epoch: 2, Loss: 23.0393, Rmse_valid: 20.4408, valid_score: 63780.8, , rmse_test: 24.0337, score_test: 5677.0, Learning rate:0.00200000
Epoch: 3, Loss: 21.2729, Rmse_valid: 20.0949, valid_score: 79641.2, , rmse_test: 21.0595, score_test: 4632.1, Learning rate:0.00200000
Epoch: 4, Loss: 20.1298, Rmse_valid: 19.0273, valid_score: 60361.9, , rmse_test: 21.0727, score_test: 5342.4, Learning rate:0.00200000
Epoch: 5, Loss: 19.2536, Rmse_valid: 20.2934, valid_score: 76853.4, , rmse_test: 23.0082, score_test: 7054.3, Learning rate:0.00200000
Epoch: 6, Loss: 18.5995, Rmse_valid: 18.9516, valid_score: 70229.8, , rmse_test: 20.1344, score_test: 4837.3, Learning rate:0.00200000
Epoch: 7, Loss: 18.0433, Rmse_valid: 18.5098, valid_score: 56229.6, , rmse_test: 20.6093, score_test: 3672.2, Learning rate:0.00200000
Epoch: 8, Loss: 17.6228, Rmse_valid: 17.3322, valid_score: 35476.3, , rmse_test: 19.1914, score_test: 2797.3, Learning rate:0.00200000
Epoch: 9, Loss: 17.1128, Rmse_valid: 17.6748, valid_score: 48268.0, , rmse_test: 19.8302, score_test: 3123.3, Learning rate:0.00200000
Epoch: 10, Loss: 16.7544, Rmse_valid: 17.5112, valid_score: 47328.4, , rmse_test: 20.5795, score_test: 3676.7, Learning rate:0.00200000
Epoch: 11, Loss: 15.0990, Rmse_valid: 16.7654, valid_score: 42639.4, , rmse_test: 18.4459, score_test: 2651.4, Learning rate:0.00020000
Epoch: 12, Loss: 14.9011, Rmse_valid: 16.3833, valid_score: 43212.5, , rmse_test: 18.4917, score_test: 2822.5, Learning rate:0.00020000
Epoch: 13, Loss: 14.7940, Rmse_valid: 16.4481, valid_score: 40201.0, , rmse_test: 18.2934, score_test: 2721.6, Learning rate:0.00020000
Epoch: 14, Loss: 14.7101, Rmse_valid: 16.6205, valid_score: 41689.5, , rmse_test: 18.2115, score_test: 2343.8, Learning rate:0.00020000
Epoch: 15, Loss: 14.6252, Rmse_valid: 16.7030, valid_score: 44254.4, , rmse_test: 18.4322, score_test: 2839.6, Learning rate:0.00020000
Epoch: 16, Loss: 14.5577, Rmse_valid: 16.3292, valid_score: 39773.4, , rmse_test: 18.0923, score_test: 2235.5, Learning rate:0.00020000
Epoch: 17, Loss: 14.4963, Rmse_valid: 16.5728, valid_score: 43929.3, , rmse_test: 18.4329, score_test: 2984.5, Learning rate:0.00020000
Epoch: 18, Loss: 14.4514, Rmse_valid: 16.2751, valid_score: 40402.3, , rmse_test: 18.3427, score_test: 2729.8, Learning rate:0.00020000
Epoch: 19, Loss: 14.3904, Rmse_valid: 16.4186, valid_score: 39725.4, , rmse_test: 18.3454, score_test: 2575.3, Learning rate:0.00020000
Epoch: 20, Loss: 14.3460, Rmse_valid: 16.7172, valid_score: 39092.2, , rmse_test: 18.3822, score_test: 2305.6, Learning rate:0.00020000
Epoch: 21, Loss: 14.2115, Rmse_valid: 16.5387, valid_score: 39368.4, , rmse_test: 18.1146, score_test: 2208.5, Learning rate:0.00002000
Epoch: 22, Loss: 14.1977, Rmse_valid: 16.3161, valid_score: 37619.1, , rmse_test: 18.1101, score_test: 2210.3, Learning rate:0.00002000
Epoch: 23, Loss: 14.1903, Rmse_valid: 16.4168, valid_score: 38219.7, , rmse_test: 18.2518, score_test: 2350.8, Learning rate:0.00002000
Epoch: 24, Loss: 14.1850, Rmse_valid: 16.4625, valid_score: 38474.6, , rmse_test: 18.1662, score_test: 2252.7, Learning rate:0.00002000
Epoch: 25, Loss: 14.1808, Rmse_valid: 16.4527, valid_score: 38401.6, , rmse_test: 18.1928, score_test: 2274.1, Learning rate:0.00002000
Epoch: 26, Loss: 14.1759, Rmse_valid: 16.3937, valid_score: 38379.4, , rmse_test: 18.2413, score_test: 2286.7, Learning rate:0.00002000
Epoch: 27, Loss: 14.1700, Rmse_valid: 16.4834, valid_score: 37522.4, , rmse_test: 18.1970, score_test: 2223.7, Learning rate:0.00002000
Epoch: 28, Loss: 14.1613, Rmse_valid: 16.3954, valid_score: 37105.4, , rmse_test: 18.1381, score_test: 2188.4, Learning rate:0.00002000
Epoch: 29, Loss: 14.1586, Rmse_valid: 16.3882, valid_score: 37839.0, , rmse_test: 18.2105, score_test: 2250.2, Learning rate:0.00002000
Epoch: 30, Loss: 14.1540, Rmse_valid: 16.3687, valid_score: 37232.1, , rmse_test: 18.1969, score_test: 2204.8, Learning rate:0.00002000
[Train Summary] Restored best model from epoch 18, rmse_valid: 16.2751, valid_score: 40402.3, rmse_test: 18.3427, score_test: 2729.8
[Train Time] start: 2026-04-16 11:05:36, end: 2026-04-16 11:10:21, duration: 0:04:45, total_seconds: 284.98
[Auto Test] command: /usr/bin/python /CMAPSS-release/scipt/test_model.py --sub-dataset FD004 --smooth-rate 40 --sequence-len 30 --feature-num 14 --dataset-root /CMAPSS-release/CMAPSSData/ --max-rul 125 --batch-size 128 --model-path /CMAPSS-release/trials/model_FD004_0416_110536.pkl
model_path:/CMAPSS-release/trials/model_FD004_0416_110536.pkl
rmse_final:18.24209976196289, score:2619.806640625
