-----FD002-----
关键参数:
序列长度: 30
批大小(batch_size): 128
最大训练轮数(max_epochs): 30
随机数种子: 27
模型代号(model_code): FD002_B
学习率: 0.002
学习率调度器: step
Step步长(step_size): 10
Step衰减系数(gamma): 0.1
空间GAT: 开启
时间注意力: 关闭
Decoder融合方式: concat
图构建模式(graph_mode): dynamic_knn
GAT层数(num_layers): 2
GAT邻居数(topk): 7
GAT嵌入维度: 8
GAT隐藏层维度: 16
------------------------------
Epoch: 1, Loss: 25.6779, Rmse_valid: 23.0232, valid_score: 138322.7, , rmse_test: 21.0324, score_test: 5971.1, Learning rate:0.00200000
Epoch: 2, Loss: 19.6049, Rmse_valid: 21.4004, valid_score: 97403.6, , rmse_test: 18.2240, score_test: 2653.7, Learning rate:0.00200000
Epoch: 3, Loss: 17.7830, Rmse_valid: 18.6135, valid_score: 58805.3, , rmse_test: 15.9791, score_test: 1369.1, Learning rate:0.00200000
Epoch: 4, Loss: 16.9107, Rmse_valid: 20.1950, valid_score: 90819.0, , rmse_test: 17.4238, score_test: 2405.8, Learning rate:0.00200000
Epoch: 5, Loss: 16.3767, Rmse_valid: 18.2215, valid_score: 39693.7, , rmse_test: 15.1028, score_test: 1043.8, Learning rate:0.00200000
Epoch: 6, Loss: 15.9093, Rmse_valid: 19.0915, valid_score: 110849.9, , rmse_test: 17.4515, score_test: 2166.4, Learning rate:0.00200000
Epoch: 7, Loss: 15.6912, Rmse_valid: 16.4736, valid_score: 46843.2, , rmse_test: 14.0188, score_test: 1147.0, Learning rate:0.00200000
Epoch: 8, Loss: 15.3656, Rmse_valid: 16.8374, valid_score: 50806.2, , rmse_test: 14.1080, score_test: 1159.7, Learning rate:0.00200000
Epoch: 9, Loss: 15.0662, Rmse_valid: 19.0089, valid_score: 31500.6, , rmse_test: 15.4120, score_test: 912.4, Learning rate:0.00200000
Epoch: 10, Loss: 14.8820, Rmse_valid: 17.0258, valid_score: 37455.2, , rmse_test: 14.2091, score_test: 892.7, Learning rate:0.00200000
Epoch: 11, Loss: 12.9798, Rmse_valid: 16.0918, valid_score: 36953.9, , rmse_test: 13.7077, score_test: 947.6, Learning rate:0.00020000
Epoch: 12, Loss: 12.8730, Rmse_valid: 16.2638, valid_score: 35971.4, , rmse_test: 13.8364, score_test: 993.1, Learning rate:0.00020000
Epoch: 13, Loss: 12.7983, Rmse_valid: 15.9304, valid_score: 32602.1, , rmse_test: 13.4771, score_test: 890.9, Learning rate:0.00020000
Epoch: 14, Loss: 12.7408, Rmse_valid: 16.1140, valid_score: 33597.1, , rmse_test: 13.5925, score_test: 935.6, Learning rate:0.00020000
Epoch: 15, Loss: 12.6973, Rmse_valid: 15.9491, valid_score: 29978.8, , rmse_test: 13.4930, score_test: 898.0, Learning rate:0.00020000
Epoch: 16, Loss: 12.6373, Rmse_valid: 16.2066, valid_score: 35227.0, , rmse_test: 13.9475, score_test: 1030.7, Learning rate:0.00020000
Epoch: 17, Loss: 12.6010, Rmse_valid: 15.8189, valid_score: 31819.9, , rmse_test: 13.6189, score_test: 955.3, Learning rate:0.00020000
Epoch: 18, Loss: 12.5548, Rmse_valid: 15.6856, valid_score: 30386.2, , rmse_test: 13.5749, score_test: 966.1, Learning rate:0.00020000
Epoch: 19, Loss: 12.5197, Rmse_valid: 15.9299, valid_score: 30270.5, , rmse_test: 13.5322, score_test: 906.1, Learning rate:0.00020000
Epoch: 20, Loss: 12.4774, Rmse_valid: 15.6746, valid_score: 28469.1, , rmse_test: 13.4881, score_test: 949.1, Learning rate:0.00020000
Epoch: 21, Loss: 12.3567, Rmse_valid: 15.8569, valid_score: 31004.5, , rmse_test: 13.6693, score_test: 996.2, Learning rate:0.00002000
Epoch: 22, Loss: 12.3443, Rmse_valid: 15.8929, valid_score: 32105.2, , rmse_test: 13.6497, score_test: 991.4, Learning rate:0.00002000
Epoch: 23, Loss: 12.3394, Rmse_valid: 15.8098, valid_score: 31357.0, , rmse_test: 13.6369, score_test: 984.3, Learning rate:0.00002000
Epoch: 24, Loss: 12.3307, Rmse_valid: 15.9519, valid_score: 31163.2, , rmse_test: 13.6738, score_test: 1000.5, Learning rate:0.00002000
Epoch: 25, Loss: 12.3281, Rmse_valid: 15.6428, valid_score: 31128.8, , rmse_test: 13.6106, score_test: 973.5, Learning rate:0.00002000
Epoch: 26, Loss: 12.3227, Rmse_valid: 15.9278, valid_score: 30010.7, , rmse_test: 13.6108, score_test: 952.9, Learning rate:0.00002000
Epoch: 27, Loss: 12.3194, Rmse_valid: 15.6645, valid_score: 31135.8, , rmse_test: 13.6597, score_test: 988.6, Learning rate:0.00002000
Epoch: 28, Loss: 12.3130, Rmse_valid: 15.7109, valid_score: 31198.7, , rmse_test: 13.6312, score_test: 976.8, Learning rate:0.00002000
Epoch: 29, Loss: 12.3094, Rmse_valid: 15.7969, valid_score: 31205.9, , rmse_test: 13.7143, score_test: 1009.2, Learning rate:0.00002000
Epoch: 30, Loss: 12.3068, Rmse_valid: 15.8400, valid_score: 30452.0, , rmse_test: 13.6461, score_test: 979.1, Learning rate:0.00002000
[Train Summary] Restored best model from epoch 25, rmse_valid: 15.6428, valid_score: 31128.8, rmse_test: 13.6106, score_test: 973.5
[Train Time] start: 2026-04-17 16:07:24, end: 2026-04-17 16:12:07, duration: 0:04:42, total_seconds: 282.13
[Auto Test] command: /usr/bin/python /CMAPSS-release/scipt/test_model.py --sub-dataset FD002 --smooth-rate 40 --sequence-len 30 --feature-num 14 --dataset-root /CMAPSS-release/CMAPSSData/ --max-rul 125 --batch-size 128 --model-path /CMAPSS-release/trials/model_FD002_0417_160724.pkl
model_path:/CMAPSS-release/trials/model_FD002_0417_160724.pkl
rmse_final:13.558111190795898, score:942.9070434570312
