-----FD003-----
关键参数:
序列长度: 30
批大小(batch_size): 128
最大训练轮数(max_epochs): 30
随机数种子: 62
模型代号(model_code): FD003_F
学习率: 0.002
学习率调度器: step
Step步长(step_size): 10
Step衰减系数(gamma): 0.1
空间GAT: 关闭
时间注意力: 关闭
Decoder融合方式: concat
------------------------------
Epoch: 1, Loss: 31.2863, Rmse_valid: 19.3271, valid_score: 30850.6, , rmse_test: 25.7227, score_test: 7303.8, Learning rate:0.00200000
Epoch: 2, Loss: 19.0885, Rmse_valid: 16.7988, valid_score: 14371.2, , rmse_test: 20.5237, score_test: 2016.4, Learning rate:0.00200000
Epoch: 3, Loss: 15.4926, Rmse_valid: 16.8840, valid_score: 8710.6, , rmse_test: 16.7805, score_test: 744.2, Learning rate:0.00200000
Epoch: 4, Loss: 13.7125, Rmse_valid: 15.0541, valid_score: 7014.8, , rmse_test: 15.8891, score_test: 879.0, Learning rate:0.00200000
Epoch: 5, Loss: 12.7152, Rmse_valid: 12.4061, valid_score: 5705.2, , rmse_test: 15.5339, score_test: 916.7, Learning rate:0.00200000
Epoch: 6, Loss: 12.2689, Rmse_valid: 11.1188, valid_score: 4659.5, , rmse_test: 14.7268, score_test: 863.9, Learning rate:0.00200000
Epoch: 7, Loss: 11.8957, Rmse_valid: 11.7068, valid_score: 10019.6, , rmse_test: 19.1928, score_test: 1847.1, Learning rate:0.00200000
Epoch: 8, Loss: 11.5419, Rmse_valid: 10.5174, valid_score: 5547.0, , rmse_test: 15.5349, score_test: 1084.9, Learning rate:0.00200000
Epoch: 9, Loss: 11.2739, Rmse_valid: 10.8489, valid_score: 7425.7, , rmse_test: 17.2448, score_test: 1325.1, Learning rate:0.00200000
Epoch: 10, Loss: 11.0134, Rmse_valid: 10.8413, valid_score: 8410.4, , rmse_test: 16.9920, score_test: 1368.2, Learning rate:0.00200000
Epoch: 11, Loss: 10.1046, Rmse_valid: 9.9496, valid_score: 4559.1, , rmse_test: 14.9127, score_test: 857.8, Learning rate:0.00020000
Epoch: 12, Loss: 10.0272, Rmse_valid: 9.9376, valid_score: 4366.1, , rmse_test: 14.9360, score_test: 905.9, Learning rate:0.00020000
Epoch: 13, Loss: 9.9854, Rmse_valid: 9.7336, valid_score: 4625.9, , rmse_test: 15.1262, score_test: 907.4, Learning rate:0.00020000
Epoch: 14, Loss: 9.9399, Rmse_valid: 10.0644, valid_score: 4718.8, , rmse_test: 15.0039, score_test: 845.2, Learning rate:0.00020000
Epoch: 15, Loss: 9.9107, Rmse_valid: 9.9280, valid_score: 4739.9, , rmse_test: 15.2243, score_test: 938.1, Learning rate:0.00020000
Epoch: 16, Loss: 9.8638, Rmse_valid: 10.0445, valid_score: 4547.1, , rmse_test: 15.1393, score_test: 878.9, Learning rate:0.00020000
Epoch: 17, Loss: 9.8324, Rmse_valid: 10.0050, valid_score: 5107.3, , rmse_test: 15.5434, score_test: 953.2, Learning rate:0.00020000
Epoch: 18, Loss: 9.8098, Rmse_valid: 9.9453, valid_score: 4543.0, , rmse_test: 15.2970, score_test: 879.0, Learning rate:0.00020000
Epoch: 19, Loss: 9.7658, Rmse_valid: 9.7049, valid_score: 4575.0, , rmse_test: 15.1074, score_test: 868.7, Learning rate:0.00020000
Epoch: 20, Loss: 9.7371, Rmse_valid: 9.7027, valid_score: 4450.7, , rmse_test: 15.0750, score_test: 836.9, Learning rate:0.00020000
Epoch: 21, Loss: 9.6827, Rmse_valid: 9.7993, valid_score: 4685.5, , rmse_test: 15.2207, score_test: 878.1, Learning rate:0.00002000
Epoch: 22, Loss: 9.6713, Rmse_valid: 9.8002, valid_score: 4621.3, , rmse_test: 15.0800, score_test: 846.6, Learning rate:0.00002000
Epoch: 23, Loss: 9.6680, Rmse_valid: 9.8563, valid_score: 4613.7, , rmse_test: 15.0331, score_test: 834.3, Learning rate:0.00002000
Epoch: 24, Loss: 9.6643, Rmse_valid: 9.8340, valid_score: 4652.5, , rmse_test: 15.0647, score_test: 838.4, Learning rate:0.00002000
Epoch: 25, Loss: 9.6604, Rmse_valid: 9.8831, valid_score: 4564.6, , rmse_test: 14.9857, score_test: 820.2, Learning rate:0.00002000
Epoch: 26, Loss: 9.6581, Rmse_valid: 9.7950, valid_score: 4577.8, , rmse_test: 14.9983, score_test: 826.5, Learning rate:0.00002000
Epoch: 27, Loss: 9.6551, Rmse_valid: 9.8356, valid_score: 4562.5, , rmse_test: 14.9861, score_test: 821.2, Learning rate:0.00002000
Epoch: 28, Loss: 9.6511, Rmse_valid: 9.8728, valid_score: 4582.9, , rmse_test: 15.0032, score_test: 822.9, Learning rate:0.00002000
Epoch: 29, Loss: 9.6480, Rmse_valid: 9.9034, valid_score: 4593.7, , rmse_test: 15.0034, score_test: 826.3, Learning rate:0.00002000
Epoch: 30, Loss: 9.6443, Rmse_valid: 9.8670, valid_score: 4593.9, , rmse_test: 14.9980, score_test: 816.1, Learning rate:0.00002000
[Train Summary] Restored best model from epoch 20, rmse_valid: 9.7027, valid_score: 4450.7, rmse_test: 15.0750, score_test: 836.9
[Train Time] start: 2026-04-18 02:44:02, end: 2026-04-18 02:46:05, duration: 0:02:03, total_seconds: 122.92
[Auto Test] command: /usr/bin/python /CMAPSS-release/scipt/test_model.py --sub-dataset FD003 --smooth-rate 40 --sequence-len 30 --feature-num 14 --dataset-root /CMAPSS-release/CMAPSSData/ --max-rul 125 --batch-size 128 --model-path /CMAPSS-release/trials/model_FD003_0418_024402.pkl
model_path:/CMAPSS-release/trials/model_FD003_0418_024402.pkl
rmse_final:14.931509971618652, score:782.2481689453125
