-----FD004-----
关键参数:
序列长度: 30
批大小(batch_size): 128
最大训练轮数(max_epochs): 30
随机数种子: 62
模型代号(model_code): FD004_GAT_2L_hidden_dim4
学习率: 0.002
学习率调度器: step
Step步长(step_size): 10
Step衰减系数(gamma): 0.1
空间GAT: 开启
时间注意力: 关闭
Decoder融合方式: concat
图构建模式(graph_mode): dynamic_knn
GAT层数(num_layers): 2
GAT邻居数(topk): 5
GAT嵌入维度: 16
GAT隐藏层维度: 4
------------------------------
Epoch: 1, Loss: 28.6805, Rmse_valid: 22.7015, valid_score: 176099.2, , rmse_test: 26.7429, score_test: 20912.0, Learning rate:0.00200000
Epoch: 2, Loss: 21.6040, Rmse_valid: 19.0078, valid_score: 43658.0, , rmse_test: 20.5814, score_test: 2736.6, Learning rate:0.00200000
Epoch: 3, Loss: 19.9925, Rmse_valid: 18.6851, valid_score: 55218.5, , rmse_test: 19.9868, score_test: 3924.4, Learning rate:0.00200000
Epoch: 4, Loss: 18.9797, Rmse_valid: 18.6583, valid_score: 62671.5, , rmse_test: 19.5616, score_test: 3841.5, Learning rate:0.00200000
Epoch: 5, Loss: 18.2857, Rmse_valid: 17.2264, valid_score: 31428.9, , rmse_test: 19.7542, score_test: 2700.4, Learning rate:0.00200000
Epoch: 6, Loss: 17.6578, Rmse_valid: 20.3308, valid_score: 130516.8, , rmse_test: 22.0161, score_test: 7380.3, Learning rate:0.00200000
Epoch: 7, Loss: 17.0659, Rmse_valid: 18.9673, valid_score: 88356.0, , rmse_test: 20.0085, score_test: 4467.4, Learning rate:0.00200000
Epoch: 8, Loss: 16.7454, Rmse_valid: 17.7595, valid_score: 32980.5, , rmse_test: 18.7931, score_test: 2295.0, Learning rate:0.00200000
Epoch: 9, Loss: 16.2964, Rmse_valid: 17.5648, valid_score: 61460.6, , rmse_test: 19.8509, score_test: 2962.6, Learning rate:0.00200000
Epoch: 10, Loss: 16.0356, Rmse_valid: 16.9522, valid_score: 46377.9, , rmse_test: 19.4890, score_test: 3498.4, Learning rate:0.00200000
Epoch: 11, Loss: 14.3961, Rmse_valid: 16.3560, valid_score: 33547.2, , rmse_test: 18.2973, score_test: 2294.7, Learning rate:0.00020000
Epoch: 12, Loss: 14.1895, Rmse_valid: 16.4755, valid_score: 34311.7, , rmse_test: 18.0623, score_test: 2156.3, Learning rate:0.00020000
Epoch: 13, Loss: 14.0990, Rmse_valid: 17.0113, valid_score: 42742.9, , rmse_test: 18.1562, score_test: 2331.2, Learning rate:0.00020000
Epoch: 14, Loss: 14.0320, Rmse_valid: 16.3542, valid_score: 36235.0, , rmse_test: 18.0139, score_test: 2113.0, Learning rate:0.00020000
Epoch: 15, Loss: 13.9747, Rmse_valid: 16.5014, valid_score: 35760.9, , rmse_test: 18.3885, score_test: 2276.8, Learning rate:0.00020000
Epoch: 16, Loss: 13.9258, Rmse_valid: 16.4640, valid_score: 36694.1, , rmse_test: 18.2450, score_test: 2271.4, Learning rate:0.00020000
Epoch: 17, Loss: 13.8821, Rmse_valid: 16.7360, valid_score: 40623.9, , rmse_test: 18.3210, score_test: 2531.5, Learning rate:0.00020000
Epoch: 18, Loss: 13.8389, Rmse_valid: 16.8916, valid_score: 42777.2, , rmse_test: 18.1536, score_test: 2509.7, Learning rate:0.00020000
Epoch: 19, Loss: 13.7681, Rmse_valid: 16.3605, valid_score: 37083.8, , rmse_test: 18.0720, score_test: 2371.1, Learning rate:0.00020000
Epoch: 20, Loss: 13.7449, Rmse_valid: 16.2965, valid_score: 37055.8, , rmse_test: 18.0737, score_test: 2272.7, Learning rate:0.00020000
Epoch: 21, Loss: 13.5974, Rmse_valid: 16.4563, valid_score: 37143.4, , rmse_test: 18.0380, score_test: 2240.4, Learning rate:0.00002000
Epoch: 22, Loss: 13.5869, Rmse_valid: 16.4255, valid_score: 36553.5, , rmse_test: 18.0923, score_test: 2238.4, Learning rate:0.00002000
Epoch: 23, Loss: 13.5811, Rmse_valid: 16.4750, valid_score: 36562.3, , rmse_test: 18.0569, score_test: 2208.7, Learning rate:0.00002000
Epoch: 24, Loss: 13.5758, Rmse_valid: 16.3333, valid_score: 37176.4, , rmse_test: 18.1092, score_test: 2292.4, Learning rate:0.00002000
Epoch: 25, Loss: 13.5693, Rmse_valid: 16.4164, valid_score: 37180.7, , rmse_test: 18.0050, score_test: 2178.4, Learning rate:0.00002000
Epoch: 26, Loss: 13.5655, Rmse_valid: 16.3373, valid_score: 38064.4, , rmse_test: 18.0450, score_test: 2238.2, Learning rate:0.00002000
Epoch: 27, Loss: 13.5612, Rmse_valid: 16.4340, valid_score: 37707.2, , rmse_test: 18.0582, score_test: 2254.6, Learning rate:0.00002000
Epoch: 28, Loss: 13.5533, Rmse_valid: 16.3153, valid_score: 36255.9, , rmse_test: 18.0815, score_test: 2276.2, Learning rate:0.00002000
Epoch: 29, Loss: 13.5494, Rmse_valid: 16.4813, valid_score: 38104.7, , rmse_test: 18.0498, score_test: 2198.4, Learning rate:0.00002000
Epoch: 30, Loss: 13.5470, Rmse_valid: 16.3895, valid_score: 37737.2, , rmse_test: 18.1020, score_test: 2288.3, Learning rate:0.00002000
[Train Summary] Restored best model from epoch 20, rmse_valid: 16.2965, valid_score: 37055.8, rmse_test: 18.0737, score_test: 2272.7
[Train Time] start: 2026-04-17 11:11:01, end: 2026-04-17 11:18:07, duration: 0:07:06, total_seconds: 426.47
[Auto Test] command: /usr/bin/python /CMAPSS-release/scipt/test_model.py --sub-dataset FD004 --smooth-rate 40 --sequence-len 30 --feature-num 14 --dataset-root /CMAPSS-release/CMAPSSData/ --max-rul 125 --batch-size 128 --model-path /CMAPSS-release/trials/model_FD004_0417_111101.pkl
model_path:/CMAPSS-release/trials/model_FD004_0417_111101.pkl
rmse_final:18.014331817626953, score:2185.009765625
