-----FD001-----
关键参数:
序列长度: 30
批大小(batch_size): 128
最大训练轮数(max_epochs): 30
随机数种子: 30
模型代号(model_code): FD001_F
学习率: 0.002
学习率调度器: step
Step步长(step_size): 10
Step衰减系数(gamma): 0.1
空间GAT: 关闭
时间注意力: 关闭
Decoder融合方式: concat
------------------------------
Epoch: 1, Loss: 26.5112, Rmse_valid: 20.4757, valid_score: 21731.1, , rmse_test: 22.5173, score_test: 2426.6, Learning rate:0.00200000
Epoch: 2, Loss: 17.9910, Rmse_valid: 16.1377, valid_score: 6498.4, , rmse_test: 16.8584, score_test: 582.3, Learning rate:0.00200000
Epoch: 3, Loss: 15.2397, Rmse_valid: 13.2897, valid_score: 4900.0, , rmse_test: 15.2007, score_test: 394.9, Learning rate:0.00200000
Epoch: 4, Loss: 13.2542, Rmse_valid: 12.8908, valid_score: 4409.1, , rmse_test: 15.0298, score_test: 422.8, Learning rate:0.00200000
Epoch: 5, Loss: 12.3687, Rmse_valid: 14.2332, valid_score: 5227.7, , rmse_test: 15.2546, score_test: 317.3, Learning rate:0.00200000
Epoch: 6, Loss: 12.0853, Rmse_valid: 13.6815, valid_score: 4439.0, , rmse_test: 14.2129, score_test: 309.9, Learning rate:0.00200000
Epoch: 7, Loss: 11.6535, Rmse_valid: 15.4791, valid_score: 15018.9, , rmse_test: 17.5314, score_test: 867.7, Learning rate:0.00200000
Epoch: 8, Loss: 11.3757, Rmse_valid: 13.4435, valid_score: 8247.8, , rmse_test: 14.5292, score_test: 401.7, Learning rate:0.00200000
Epoch: 9, Loss: 11.2696, Rmse_valid: 12.7406, valid_score: 5454.9, , rmse_test: 14.4209, score_test: 351.9, Learning rate:0.00200000
Epoch: 10, Loss: 10.9367, Rmse_valid: 11.9773, valid_score: 4519.9, , rmse_test: 14.5795, score_test: 346.3, Learning rate:0.00200000
Epoch: 11, Loss: 10.0731, Rmse_valid: 12.4307, valid_score: 5390.8, , rmse_test: 14.3993, score_test: 411.6, Learning rate:0.00020000
Epoch: 12, Loss: 9.9911, Rmse_valid: 11.9584, valid_score: 5416.7, , rmse_test: 14.1969, score_test: 390.7, Learning rate:0.00020000
Epoch: 13, Loss: 9.9674, Rmse_valid: 11.8682, valid_score: 6054.0, , rmse_test: 14.5432, score_test: 456.1, Learning rate:0.00020000
Epoch: 14, Loss: 9.9062, Rmse_valid: 11.8804, valid_score: 6205.5, , rmse_test: 14.5026, score_test: 451.0, Learning rate:0.00020000
Epoch: 15, Loss: 9.8825, Rmse_valid: 12.1428, valid_score: 5087.7, , rmse_test: 14.2431, score_test: 381.2, Learning rate:0.00020000
Epoch: 16, Loss: 9.8280, Rmse_valid: 11.6519, valid_score: 5582.5, , rmse_test: 14.2927, score_test: 406.9, Learning rate:0.00020000
Epoch: 17, Loss: 9.8066, Rmse_valid: 11.9447, valid_score: 5776.5, , rmse_test: 14.1398, score_test: 392.3, Learning rate:0.00020000
Epoch: 18, Loss: 9.7586, Rmse_valid: 11.9119, valid_score: 5172.0, , rmse_test: 14.1195, score_test: 354.5, Learning rate:0.00020000
Epoch: 19, Loss: 9.7096, Rmse_valid: 12.5282, valid_score: 5661.4, , rmse_test: 14.0886, score_test: 387.2, Learning rate:0.00020000
Epoch: 20, Loss: 9.6846, Rmse_valid: 11.8119, valid_score: 5238.0, , rmse_test: 14.2414, score_test: 376.8, Learning rate:0.00020000
Epoch: 21, Loss: 9.6299, Rmse_valid: 12.2654, valid_score: 5557.7, , rmse_test: 14.2292, score_test: 394.8, Learning rate:0.00002000
Epoch: 22, Loss: 9.6085, Rmse_valid: 12.2913, valid_score: 5587.8, , rmse_test: 14.2077, score_test: 391.7, Learning rate:0.00002000
Epoch: 23, Loss: 9.6052, Rmse_valid: 12.4397, valid_score: 5628.8, , rmse_test: 14.2523, score_test: 400.3, Learning rate:0.00002000
Epoch: 24, Loss: 9.6189, Rmse_valid: 12.3886, valid_score: 5628.4, , rmse_test: 14.2428, score_test: 398.7, Learning rate:0.00002000
Epoch: 25, Loss: 9.6033, Rmse_valid: 12.5507, valid_score: 5630.0, , rmse_test: 14.2450, score_test: 399.8, Learning rate:0.00002000
Epoch: 26, Loss: 9.6015, Rmse_valid: 12.3847, valid_score: 5621.7, , rmse_test: 14.2533, score_test: 398.6, Learning rate:0.00002000
Epoch: 27, Loss: 9.5938, Rmse_valid: 12.0393, valid_score: 5632.0, , rmse_test: 14.2772, score_test: 404.0, Learning rate:0.00002000
Epoch: 28, Loss: 9.5915, Rmse_valid: 12.6311, valid_score: 5738.7, , rmse_test: 14.3408, score_test: 418.2, Learning rate:0.00002000
Epoch: 29, Loss: 9.5928, Rmse_valid: 12.1372, valid_score: 5685.4, , rmse_test: 14.2812, score_test: 406.9, Learning rate:0.00002000
Epoch: 30, Loss: 9.5842, Rmse_valid: 11.7128, valid_score: 5632.3, , rmse_test: 14.2534, score_test: 401.6, Learning rate:0.00002000
[Train Summary] Restored best model from epoch 16, rmse_valid: 11.6519, valid_score: 5582.5, rmse_test: 14.2927, score_test: 406.9
[Train Time] start: 2026-04-17 14:29:43, end: 2026-04-17 14:30:53, duration: 0:01:10, total_seconds: 70.45
[Auto Test] command: /usr/bin/python /CMAPSS-release/scipt/test_model.py --sub-dataset FD001 --smooth-rate 40 --sequence-len 30 --feature-num 14 --dataset-root /CMAPSS-release/CMAPSSData/ --max-rul 125 --batch-size 128 --model-path /CMAPSS-release/trials/model_FD001_0417_142943.pkl
model_path:/CMAPSS-release/trials/model_FD001_0417_142943.pkl
rmse_final:14.233410835266113, score:397.2663269042969
