-----FD001-----
关键参数:
序列长度: 30
批大小(batch_size): 128
最大训练轮数(max_epochs): 30
随机数种子: 62
模型代号(model_code): FD001_F
学习率: 0.002
学习率调度器: step
Step步长(step_size): 10
Step衰减系数(gamma): 0.1
空间GAT: 关闭
时间注意力: 关闭
Decoder融合方式: concat
------------------------------
Epoch: 1, Loss: 32.9281, Rmse_valid: 20.5299, valid_score: 13016.3, , rmse_test: 22.0370, score_test: 4980.6, Learning rate:0.00200000
Epoch: 2, Loss: 17.6169, Rmse_valid: 15.3259, valid_score: 9456.3, , rmse_test: 16.4919, score_test: 539.1, Learning rate:0.00200000
Epoch: 3, Loss: 14.2422, Rmse_valid: 12.8852, valid_score: 6089.9, , rmse_test: 13.8055, score_test: 277.1, Learning rate:0.00200000
Epoch: 4, Loss: 13.1881, Rmse_valid: 14.0400, valid_score: 8400.0, , rmse_test: 14.3726, score_test: 364.2, Learning rate:0.00200000
Epoch: 5, Loss: 12.3643, Rmse_valid: 13.2314, valid_score: 6263.7, , rmse_test: 13.3393, score_test: 240.7, Learning rate:0.00200000
Epoch: 6, Loss: 11.7530, Rmse_valid: 14.2780, valid_score: 11751.5, , rmse_test: 15.2225, score_test: 452.6, Learning rate:0.00200000
Epoch: 7, Loss: 11.4850, Rmse_valid: 14.1984, valid_score: 14810.6, , rmse_test: 16.6556, score_test: 643.5, Learning rate:0.00200000
Epoch: 8, Loss: 11.2228, Rmse_valid: 13.5241, valid_score: 11434.2, , rmse_test: 15.0203, score_test: 458.5, Learning rate:0.00200000
Epoch: 9, Loss: 11.0969, Rmse_valid: 14.9979, valid_score: 13236.8, , rmse_test: 16.7420, score_test: 577.7, Learning rate:0.00200000
Epoch: 10, Loss: 10.7579, Rmse_valid: 12.6533, valid_score: 6456.6, , rmse_test: 13.0683, score_test: 267.5, Learning rate:0.00200000
Epoch: 11, Loss: 9.7699, Rmse_valid: 12.0094, valid_score: 7363.0, , rmse_test: 13.0821, score_test: 275.0, Learning rate:0.00020000
Epoch: 12, Loss: 9.7092, Rmse_valid: 12.2830, valid_score: 7090.0, , rmse_test: 12.9182, score_test: 263.6, Learning rate:0.00020000
Epoch: 13, Loss: 9.6389, Rmse_valid: 12.3442, valid_score: 7896.1, , rmse_test: 13.1633, score_test: 295.3, Learning rate:0.00020000
Epoch: 14, Loss: 9.6083, Rmse_valid: 12.2402, valid_score: 9201.8, , rmse_test: 13.4711, score_test: 324.1, Learning rate:0.00020000
Epoch: 15, Loss: 9.5585, Rmse_valid: 12.1510, valid_score: 8712.3, , rmse_test: 13.4425, score_test: 324.0, Learning rate:0.00020000
Epoch: 16, Loss: 9.5188, Rmse_valid: 12.1109, valid_score: 7197.1, , rmse_test: 13.0206, score_test: 275.7, Learning rate:0.00020000
Epoch: 17, Loss: 9.4912, Rmse_valid: 12.1089, valid_score: 6779.8, , rmse_test: 13.0032, score_test: 257.5, Learning rate:0.00020000
Epoch: 18, Loss: 9.4325, Rmse_valid: 12.5829, valid_score: 8575.9, , rmse_test: 13.4708, score_test: 311.6, Learning rate:0.00020000
Epoch: 19, Loss: 9.4145, Rmse_valid: 12.5150, valid_score: 7592.6, , rmse_test: 13.1081, score_test: 279.4, Learning rate:0.00020000
Epoch: 20, Loss: 9.3737, Rmse_valid: 12.7911, valid_score: 7016.3, , rmse_test: 13.0508, score_test: 271.9, Learning rate:0.00020000
Epoch: 21, Loss: 9.3232, Rmse_valid: 12.3285, valid_score: 7709.8, , rmse_test: 13.2005, score_test: 288.2, Learning rate:0.00002000
Epoch: 22, Loss: 9.3022, Rmse_valid: 12.5422, valid_score: 7607.5, , rmse_test: 13.1750, score_test: 283.8, Learning rate:0.00002000
Epoch: 23, Loss: 9.3110, Rmse_valid: 12.2162, valid_score: 7668.0, , rmse_test: 13.1775, score_test: 282.9, Learning rate:0.00002000
Epoch: 24, Loss: 9.2991, Rmse_valid: 12.3160, valid_score: 7617.7, , rmse_test: 13.1732, score_test: 283.4, Learning rate:0.00002000
Epoch: 25, Loss: 9.2996, Rmse_valid: 12.2107, valid_score: 7874.1, , rmse_test: 13.2514, score_test: 290.9, Learning rate:0.00002000
Epoch: 26, Loss: 9.3028, Rmse_valid: 12.7907, valid_score: 7601.7, , rmse_test: 13.1805, score_test: 283.1, Learning rate:0.00002000
Epoch: 27, Loss: 9.2983, Rmse_valid: 12.0469, valid_score: 7676.6, , rmse_test: 13.2051, score_test: 286.8, Learning rate:0.00002000
Epoch: 28, Loss: 9.2869, Rmse_valid: 12.4956, valid_score: 7957.1, , rmse_test: 13.2795, score_test: 291.6, Learning rate:0.00002000
Epoch: 29, Loss: 9.2925, Rmse_valid: 12.3611, valid_score: 7757.1, , rmse_test: 13.2263, score_test: 286.7, Learning rate:0.00002000
Epoch: 30, Loss: 9.2847, Rmse_valid: 12.0188, valid_score: 7642.0, , rmse_test: 13.1942, score_test: 282.8, Learning rate:0.00002000
[Train Summary] Restored best model from epoch 11, rmse_valid: 12.0094, valid_score: 7363.0, rmse_test: 13.0821, score_test: 275.0
[Train Time] start: 2026-04-17 14:34:19, end: 2026-04-17 14:35:29, duration: 0:01:11, total_seconds: 70.57
[Auto Test] command: /usr/bin/python /CMAPSS-release/scipt/test_model.py --sub-dataset FD001 --smooth-rate 40 --sequence-len 30 --feature-num 14 --dataset-root /CMAPSS-release/CMAPSSData/ --max-rul 125 --batch-size 128 --model-path /CMAPSS-release/trials/model_FD001_0417_143419.pkl
model_path:/CMAPSS-release/trials/model_FD001_0417_143419.pkl
rmse_final:13.036870956420898, score:266.6882629394531
