-----FD004-----
关键参数:
序列长度: 30
批大小(batch_size): 128
最大训练轮数(max_epochs): 30
随机数种子: 17
模型代号(model_code): FD004_GAT_embed_dim16_topk3
学习率: 0.002
学习率调度器: step
Step步长(step_size): 10
Step衰减系数(gamma): 0.1
空间GAT: 开启
时间注意力: 关闭
Decoder融合方式: concat
图构建模式(graph_mode): dynamic_knn
GAT层数(num_layers): 2
GAT邻居数(topk): 3
GAT嵌入维度: 16
GAT隐藏层维度: 16
------------------------------
Epoch: 1, Loss: 27.5181, Rmse_valid: 21.8834, valid_score: 104061.2, , rmse_test: 25.1813, score_test: 11844.6, Learning rate:0.00200000
Epoch: 2, Loss: 21.7139, Rmse_valid: 21.0252, valid_score: 78754.2, , rmse_test: 22.7063, score_test: 4281.1, Learning rate:0.00200000
Epoch: 3, Loss: 20.0408, Rmse_valid: 18.5418, valid_score: 51256.5, , rmse_test: 20.5712, score_test: 3442.8, Learning rate:0.00200000
Epoch: 4, Loss: 18.9263, Rmse_valid: 20.2538, valid_score: 92236.0, , rmse_test: 21.3031, score_test: 5147.9, Learning rate:0.00200000
Epoch: 5, Loss: 18.1914, Rmse_valid: 18.8834, valid_score: 49564.2, , rmse_test: 20.0206, score_test: 3920.5, Learning rate:0.00200000
Epoch: 6, Loss: 17.6596, Rmse_valid: 18.3009, valid_score: 37830.9, , rmse_test: 17.8282, score_test: 1498.2, Learning rate:0.00200000
Epoch: 7, Loss: 17.0817, Rmse_valid: 18.6733, valid_score: 55159.6, , rmse_test: 18.8837, score_test: 2333.8, Learning rate:0.00200000
Epoch: 8, Loss: 16.7443, Rmse_valid: 16.8111, valid_score: 40237.3, , rmse_test: 18.9588, score_test: 2643.7, Learning rate:0.00200000
Epoch: 9, Loss: 16.4195, Rmse_valid: 17.1778, valid_score: 32408.8, , rmse_test: 18.0764, score_test: 1618.9, Learning rate:0.00200000
Epoch: 10, Loss: 16.2004, Rmse_valid: 17.2970, valid_score: 42127.2, , rmse_test: 17.5895, score_test: 1846.7, Learning rate:0.00200000
Epoch: 11, Loss: 14.5101, Rmse_valid: 16.8211, valid_score: 45485.6, , rmse_test: 17.3266, score_test: 1836.6, Learning rate:0.00020000
Epoch: 12, Loss: 14.3419, Rmse_valid: 17.0758, valid_score: 52481.1, , rmse_test: 17.4668, score_test: 2102.7, Learning rate:0.00020000
Epoch: 13, Loss: 14.2414, Rmse_valid: 16.7410, valid_score: 45136.4, , rmse_test: 17.2154, score_test: 1802.7, Learning rate:0.00020000
Epoch: 14, Loss: 14.1668, Rmse_valid: 17.0447, valid_score: 51403.5, , rmse_test: 17.0653, score_test: 1687.1, Learning rate:0.00020000
Epoch: 15, Loss: 14.1208, Rmse_valid: 16.9800, valid_score: 54929.8, , rmse_test: 17.3091, score_test: 1984.5, Learning rate:0.00020000
Epoch: 16, Loss: 14.0578, Rmse_valid: 17.0091, valid_score: 53870.7, , rmse_test: 17.2977, score_test: 2052.1, Learning rate:0.00020000
Epoch: 17, Loss: 14.0077, Rmse_valid: 16.9748, valid_score: 50687.6, , rmse_test: 17.2706, score_test: 1876.8, Learning rate:0.00020000
Epoch: 18, Loss: 13.9688, Rmse_valid: 16.9439, valid_score: 47679.2, , rmse_test: 17.1981, score_test: 1732.6, Learning rate:0.00020000
Epoch: 19, Loss: 13.9123, Rmse_valid: 16.6015, valid_score: 42148.2, , rmse_test: 17.2455, score_test: 1720.9, Learning rate:0.00020000
Epoch: 20, Loss: 13.8651, Rmse_valid: 16.7354, valid_score: 47153.6, , rmse_test: 17.4521, score_test: 2062.2, Learning rate:0.00020000
Epoch: 21, Loss: 13.7326, Rmse_valid: 16.7511, valid_score: 47275.6, , rmse_test: 17.3229, score_test: 1900.3, Learning rate:0.00002000
Epoch: 22, Loss: 13.7175, Rmse_valid: 16.7409, valid_score: 49631.9, , rmse_test: 17.3818, score_test: 1971.6, Learning rate:0.00002000
Epoch: 23, Loss: 13.7078, Rmse_valid: 16.7695, valid_score: 49464.8, , rmse_test: 17.2991, score_test: 1890.5, Learning rate:0.00002000
Epoch: 24, Loss: 13.7018, Rmse_valid: 16.8102, valid_score: 51979.0, , rmse_test: 17.4069, score_test: 2045.3, Learning rate:0.00002000
Epoch: 25, Loss: 13.6972, Rmse_valid: 16.8338, valid_score: 50242.8, , rmse_test: 17.4098, score_test: 1991.3, Learning rate:0.00002000
Epoch: 26, Loss: 13.6933, Rmse_valid: 16.8384, valid_score: 48443.6, , rmse_test: 17.3345, score_test: 1932.4, Learning rate:0.00002000
Epoch: 27, Loss: 13.6874, Rmse_valid: 16.7623, valid_score: 50393.6, , rmse_test: 17.3699, score_test: 1979.7, Learning rate:0.00002000
Epoch: 28, Loss: 13.6815, Rmse_valid: 16.8645, valid_score: 49147.2, , rmse_test: 17.3670, score_test: 1960.6, Learning rate:0.00002000
Epoch: 29, Loss: 13.6758, Rmse_valid: 16.9983, valid_score: 50292.2, , rmse_test: 17.3848, score_test: 1983.8, Learning rate:0.00002000
Epoch: 30, Loss: 13.6693, Rmse_valid: 16.7877, valid_score: 49617.7, , rmse_test: 17.4201, score_test: 1986.4, Learning rate:0.00002000
[Train Summary] Restored best model from epoch 19, rmse_valid: 16.6015, valid_score: 42148.2, rmse_test: 17.2455, score_test: 1720.9
[Train Time] start: 2026-04-17 02:28:04, end: 2026-04-17 02:35:20, duration: 0:07:16, total_seconds: 436.18
[Auto Test] command: /usr/bin/python /CMAPSS-release/scipt/test_model.py --sub-dataset FD004 --smooth-rate 40 --sequence-len 30 --feature-num 14 --dataset-root /CMAPSS-release/CMAPSSData/ --max-rul 125 --batch-size 128 --model-path /CMAPSS-release/trials/model_FD004_0417_022804.pkl
model_path:/CMAPSS-release/trials/model_FD004_0417_022804.pkl
rmse_final:17.17110252380371, score:1652.0474853515625
