-----FD002-----
关键参数:
序列长度: 30
批大小(batch_size): 128
最大训练轮数(max_epochs): 30
随机数种子: 51
模型代号(model_code): FD002_F
学习率: 0.002
学习率调度器: step
Step步长(step_size): 10
Step衰减系数(gamma): 0.1
空间GAT: 关闭
时间注意力: 关闭
Decoder融合方式: concat
------------------------------
Epoch: 1, Loss: 25.4351, Rmse_valid: 22.9232, valid_score: 131503.9, , rmse_test: 22.0679, score_test: 8023.4, Learning rate:0.00200000
Epoch: 2, Loss: 20.7953, Rmse_valid: 21.2727, valid_score: 68726.6, , rmse_test: 18.6862, score_test: 2144.6, Learning rate:0.00200000
Epoch: 3, Loss: 17.9857, Rmse_valid: 18.8714, valid_score: 69495.2, , rmse_test: 16.0413, score_test: 1625.9, Learning rate:0.00200000
Epoch: 4, Loss: 17.0714, Rmse_valid: 17.7327, valid_score: 35973.0, , rmse_test: 15.0165, score_test: 1002.4, Learning rate:0.00200000
Epoch: 5, Loss: 16.5241, Rmse_valid: 17.1963, valid_score: 46556.6, , rmse_test: 14.1906, score_test: 1108.2, Learning rate:0.00200000
Epoch: 6, Loss: 16.1232, Rmse_valid: 17.3521, valid_score: 38574.9, , rmse_test: 14.9795, score_test: 1138.0, Learning rate:0.00200000
Epoch: 7, Loss: 15.9099, Rmse_valid: 17.5518, valid_score: 28531.5, , rmse_test: 14.0754, score_test: 721.5, Learning rate:0.00200000
Epoch: 8, Loss: 15.5808, Rmse_valid: 16.2796, valid_score: 36350.0, , rmse_test: 13.7941, score_test: 1119.2, Learning rate:0.00200000
Epoch: 9, Loss: 15.4589, Rmse_valid: 16.8297, valid_score: 39777.1, , rmse_test: 13.8159, score_test: 987.4, Learning rate:0.00200000
Epoch: 10, Loss: 15.1223, Rmse_valid: 16.1792, valid_score: 23455.4, , rmse_test: 13.3295, score_test: 778.8, Learning rate:0.00200000
Epoch: 11, Loss: 13.7881, Rmse_valid: 15.9798, valid_score: 25583.9, , rmse_test: 13.3161, score_test: 865.8, Learning rate:0.00020000
Epoch: 12, Loss: 13.6833, Rmse_valid: 15.7001, valid_score: 26528.3, , rmse_test: 13.1750, score_test: 893.4, Learning rate:0.00020000
Epoch: 13, Loss: 13.6346, Rmse_valid: 15.6878, valid_score: 28315.8, , rmse_test: 13.0848, score_test: 903.4, Learning rate:0.00020000
Epoch: 14, Loss: 13.5847, Rmse_valid: 15.5396, valid_score: 26029.7, , rmse_test: 13.0902, score_test: 888.3, Learning rate:0.00020000
Epoch: 15, Loss: 13.5531, Rmse_valid: 15.5175, valid_score: 26450.2, , rmse_test: 13.1668, score_test: 906.7, Learning rate:0.00020000
Epoch: 16, Loss: 13.5243, Rmse_valid: 15.5435, valid_score: 27589.4, , rmse_test: 13.1991, score_test: 942.8, Learning rate:0.00020000
Epoch: 17, Loss: 13.4940, Rmse_valid: 15.3436, valid_score: 25538.8, , rmse_test: 13.0703, score_test: 902.7, Learning rate:0.00020000
Epoch: 18, Loss: 13.4622, Rmse_valid: 15.1931, valid_score: 23101.9, , rmse_test: 13.1189, score_test: 884.0, Learning rate:0.00020000
Epoch: 19, Loss: 13.4352, Rmse_valid: 15.3654, valid_score: 23241.5, , rmse_test: 13.1724, score_test: 876.0, Learning rate:0.00020000
Epoch: 20, Loss: 13.4106, Rmse_valid: 15.2145, valid_score: 25935.9, , rmse_test: 13.4580, score_test: 1044.2, Learning rate:0.00020000
Epoch: 21, Loss: 13.3243, Rmse_valid: 15.2474, valid_score: 24088.1, , rmse_test: 13.1046, score_test: 916.2, Learning rate:0.00002000
Epoch: 22, Loss: 13.3138, Rmse_valid: 15.1901, valid_score: 24387.3, , rmse_test: 13.1349, score_test: 933.8, Learning rate:0.00002000
Epoch: 23, Loss: 13.3118, Rmse_valid: 15.2126, valid_score: 24512.5, , rmse_test: 13.0774, score_test: 923.1, Learning rate:0.00002000
Epoch: 24, Loss: 13.3078, Rmse_valid: 15.1764, valid_score: 24337.9, , rmse_test: 13.1294, score_test: 945.7, Learning rate:0.00002000
Epoch: 25, Loss: 13.3042, Rmse_valid: 15.1962, valid_score: 23621.4, , rmse_test: 13.1175, score_test: 917.4, Learning rate:0.00002000
Epoch: 26, Loss: 13.3027, Rmse_valid: 15.2477, valid_score: 24123.6, , rmse_test: 13.0986, score_test: 935.6, Learning rate:0.00002000
Epoch: 27, Loss: 13.2991, Rmse_valid: 15.1771, valid_score: 23925.8, , rmse_test: 13.1031, score_test: 924.4, Learning rate:0.00002000
Epoch: 28, Loss: 13.2959, Rmse_valid: 15.1776, valid_score: 24545.7, , rmse_test: 13.0898, score_test: 943.5, Learning rate:0.00002000
Epoch: 29, Loss: 13.2934, Rmse_valid: 15.2334, valid_score: 24338.1, , rmse_test: 13.1671, score_test: 954.1, Learning rate:0.00002000
Epoch: 30, Loss: 13.2918, Rmse_valid: 15.1605, valid_score: 24131.2, , rmse_test: 13.1439, score_test: 952.0, Learning rate:0.00002000
[Train Summary] Restored best model from epoch 30, rmse_valid: 15.1605, valid_score: 24131.2, rmse_test: 13.1439, score_test: 952.0
[Train Time] start: 2026-04-17 19:42:43, end: 2026-04-17 19:45:46, duration: 0:03:03, total_seconds: 183.05
[Auto Test] command: /usr/bin/python /CMAPSS-release/scipt/test_model.py --sub-dataset FD002 --smooth-rate 40 --sequence-len 30 --feature-num 14 --dataset-root /CMAPSS-release/CMAPSSData/ --max-rul 125 --batch-size 128 --model-path /CMAPSS-release/trials/model_FD002_0417_194243.pkl
model_path:/CMAPSS-release/trials/model_FD002_0417_194243.pkl
rmse_final:13.075959205627441, score:911.0003662109375
