-----FD004-----
关键参数:
序列长度: 30
批大小(batch_size): 128
最大训练轮数(max_epochs): 30
随机数种子: 62
模型代号(model_code): FD004_GAT_3L
学习率: 0.002
学习率调度器: step
Step步长(step_size): 10
Step衰减系数(gamma): 0.1
空间GAT: 开启
时间注意力: 关闭
Decoder融合方式: concat
图构建模式(graph_mode): dynamic_knn
GAT层数(num_layers): 3
GAT邻居数(topk): 5
GAT嵌入维度: 16
GAT隐藏层维度: 16
------------------------------
Epoch: 1, Loss: 29.4139, Rmse_valid: 21.2284, valid_score: 63430.8, , rmse_test: 24.4916, score_test: 7252.9, Learning rate:0.00200000
Epoch: 2, Loss: 21.7179, Rmse_valid: 22.7041, valid_score: 153657.3, , rmse_test: 24.3225, score_test: 9137.1, Learning rate:0.00200000
Epoch: 3, Loss: 20.0235, Rmse_valid: 18.7372, valid_score: 47133.4, , rmse_test: 19.3245, score_test: 2304.3, Learning rate:0.00200000
Epoch: 4, Loss: 18.8450, Rmse_valid: 18.2932, valid_score: 41095.9, , rmse_test: 19.8072, score_test: 3373.1, Learning rate:0.00200000
Epoch: 5, Loss: 18.2611, Rmse_valid: 17.6708, valid_score: 50139.2, , rmse_test: 18.8976, score_test: 3226.2, Learning rate:0.00200000
Epoch: 6, Loss: 17.7882, Rmse_valid: 18.7727, valid_score: 66555.1, , rmse_test: 19.2150, score_test: 2853.6, Learning rate:0.00200000
Epoch: 7, Loss: 17.1253, Rmse_valid: 19.8091, valid_score: 99568.9, , rmse_test: 21.0401, score_test: 5109.6, Learning rate:0.00200000
Epoch: 8, Loss: 16.8337, Rmse_valid: 17.0782, valid_score: 35463.0, , rmse_test: 19.5753, score_test: 1999.0, Learning rate:0.00200000
Epoch: 9, Loss: 16.4553, Rmse_valid: 19.2737, valid_score: 76985.6, , rmse_test: 19.4050, score_test: 4615.7, Learning rate:0.00200000
Epoch: 10, Loss: 16.1758, Rmse_valid: 17.9479, valid_score: 61984.6, , rmse_test: 18.4809, score_test: 3919.5, Learning rate:0.00200000
Epoch: 11, Loss: 14.3078, Rmse_valid: 17.3384, valid_score: 56235.3, , rmse_test: 17.2311, score_test: 1618.2, Learning rate:0.00020000
Epoch: 12, Loss: 14.0924, Rmse_valid: 17.0417, valid_score: 51387.7, , rmse_test: 17.7444, score_test: 2002.3, Learning rate:0.00020000
Epoch: 13, Loss: 14.0100, Rmse_valid: 17.0795, valid_score: 61680.2, , rmse_test: 17.3034, score_test: 1797.8, Learning rate:0.00020000
Epoch: 14, Loss: 13.9387, Rmse_valid: 17.4931, valid_score: 60294.9, , rmse_test: 16.9712, score_test: 1540.0, Learning rate:0.00020000
Epoch: 15, Loss: 13.8757, Rmse_valid: 17.5187, valid_score: 72070.2, , rmse_test: 17.1570, score_test: 1772.0, Learning rate:0.00020000
Epoch: 16, Loss: 13.8140, Rmse_valid: 17.8200, valid_score: 79373.9, , rmse_test: 17.4111, score_test: 2280.8, Learning rate:0.00020000
Epoch: 17, Loss: 13.7702, Rmse_valid: 17.5815, valid_score: 73239.9, , rmse_test: 17.3358, score_test: 1767.0, Learning rate:0.00020000
Epoch: 18, Loss: 13.7197, Rmse_valid: 17.3712, valid_score: 69768.2, , rmse_test: 17.0914, score_test: 1679.4, Learning rate:0.00020000
Epoch: 19, Loss: 13.6810, Rmse_valid: 17.1362, valid_score: 57679.3, , rmse_test: 17.3292, score_test: 1819.2, Learning rate:0.00020000
Epoch: 20, Loss: 13.6544, Rmse_valid: 17.1880, valid_score: 59517.8, , rmse_test: 17.0781, score_test: 1483.7, Learning rate:0.00020000
Epoch: 21, Loss: 13.5080, Rmse_valid: 17.3583, valid_score: 67509.9, , rmse_test: 17.0646, score_test: 1697.6, Learning rate:0.00002000
Epoch: 22, Loss: 13.4940, Rmse_valid: 17.1985, valid_score: 65659.2, , rmse_test: 17.0831, score_test: 1636.7, Learning rate:0.00002000
Epoch: 23, Loss: 13.4838, Rmse_valid: 17.1794, valid_score: 65596.6, , rmse_test: 17.1611, score_test: 1665.4, Learning rate:0.00002000
Epoch: 24, Loss: 13.4828, Rmse_valid: 17.2137, valid_score: 64992.4, , rmse_test: 16.9762, score_test: 1588.6, Learning rate:0.00002000
Epoch: 25, Loss: 13.4768, Rmse_valid: 17.2950, valid_score: 67477.1, , rmse_test: 17.1003, score_test: 1706.8, Learning rate:0.00002000
Epoch: 26, Loss: 13.4719, Rmse_valid: 17.2772, valid_score: 68910.6, , rmse_test: 17.1886, score_test: 1740.9, Learning rate:0.00002000
Epoch: 27, Loss: 13.4675, Rmse_valid: 17.2762, valid_score: 66285.3, , rmse_test: 17.1098, score_test: 1682.3, Learning rate:0.00002000
Epoch: 28, Loss: 13.4616, Rmse_valid: 17.1106, valid_score: 66026.4, , rmse_test: 17.1134, score_test: 1679.7, Learning rate:0.00002000
Epoch: 29, Loss: 13.4587, Rmse_valid: 17.3145, valid_score: 63771.7, , rmse_test: 17.1047, score_test: 1679.2, Learning rate:0.00002000
Epoch: 30, Loss: 13.4535, Rmse_valid: 17.2101, valid_score: 68549.9, , rmse_test: 17.0995, score_test: 1696.8, Learning rate:0.00002000
[Train Summary] Restored best model from epoch 12, rmse_valid: 17.0417, valid_score: 51387.7, rmse_test: 17.7444, score_test: 2002.3
[Train Time] start: 2026-04-16 17:58:11, end: 2026-04-16 18:05:52, duration: 0:07:40, total_seconds: 460.46
[Auto Test] command: /usr/bin/python /CMAPSS-release/scipt/test_model.py --sub-dataset FD004 --smooth-rate 40 --sequence-len 30 --feature-num 14 --dataset-root /CMAPSS-release/CMAPSSData/ --max-rul 125 --batch-size 128 --model-path /CMAPSS-release/trials/model_FD004_0416_175811.pkl
model_path:/CMAPSS-release/trials/model_FD004_0416_175811.pkl
rmse_final:17.725278854370117, score:1957.30810546875
