-----FD004-----
关键参数:
序列长度: 30
批大小(batch_size): 128
最大训练轮数(max_epochs): 30
随机数种子: 80
模型代号(model_code): FD004_E
学习率: 0.002
学习率调度器: step
Step步长(step_size): 10
Step衰减系数(gamma): 0.1
空间GAT: 关闭
时间注意力: 关闭
Decoder融合方式: gate
------------------------------
Epoch: 1, Loss: 28.6978, Rmse_valid: 22.6674, valid_score: 105058.0, , rmse_test: 27.0467, score_test: 18104.2, Learning rate:0.00200000
Epoch: 2, Loss: 23.0528, Rmse_valid: 21.0986, valid_score: 66532.5, , rmse_test: 24.8915, score_test: 9705.6, Learning rate:0.00200000
Epoch: 3, Loss: 22.0317, Rmse_valid: 20.2231, valid_score: 59812.7, , rmse_test: 23.2154, score_test: 5347.7, Learning rate:0.00200000
Epoch: 4, Loss: 21.0451, Rmse_valid: 20.7445, valid_score: 106964.5, , rmse_test: 23.8832, score_test: 8986.0, Learning rate:0.00200000
Epoch: 5, Loss: 20.0103, Rmse_valid: 18.6667, valid_score: 55148.4, , rmse_test: 21.5703, score_test: 4932.1, Learning rate:0.00200000
Epoch: 6, Loss: 19.2699, Rmse_valid: 17.7330, valid_score: 32614.1, , rmse_test: 20.4894, score_test: 3155.4, Learning rate:0.00200000
Epoch: 7, Loss: 18.7496, Rmse_valid: 20.4143, valid_score: 105826.4, , rmse_test: 21.9834, score_test: 8087.4, Learning rate:0.00200000
Epoch: 8, Loss: 18.3688, Rmse_valid: 17.8457, valid_score: 56308.2, , rmse_test: 18.5918, score_test: 2187.1, Learning rate:0.00200000
Epoch: 9, Loss: 18.0474, Rmse_valid: 17.3701, valid_score: 59948.0, , rmse_test: 19.9824, score_test: 4234.0, Learning rate:0.00200000
Epoch: 10, Loss: 17.8013, Rmse_valid: 18.3382, valid_score: 57148.5, , rmse_test: 17.9741, score_test: 2065.9, Learning rate:0.00200000
Epoch: 11, Loss: 16.3324, Rmse_valid: 17.0214, valid_score: 54933.4, , rmse_test: 18.0517, score_test: 2976.0, Learning rate:0.00020000
Epoch: 12, Loss: 16.0997, Rmse_valid: 16.7874, valid_score: 55442.1, , rmse_test: 17.9090, score_test: 2920.0, Learning rate:0.00020000
Epoch: 13, Loss: 15.9674, Rmse_valid: 17.1754, valid_score: 63508.6, , rmse_test: 18.0380, score_test: 3136.5, Learning rate:0.00020000
Epoch: 14, Loss: 15.8714, Rmse_valid: 16.8653, valid_score: 54790.3, , rmse_test: 17.6741, score_test: 2587.0, Learning rate:0.00020000
Epoch: 15, Loss: 15.7858, Rmse_valid: 16.7694, valid_score: 46239.6, , rmse_test: 17.5521, score_test: 2216.5, Learning rate:0.00020000
Epoch: 16, Loss: 15.7160, Rmse_valid: 16.5784, valid_score: 53464.8, , rmse_test: 17.6066, score_test: 2370.1, Learning rate:0.00020000
Epoch: 17, Loss: 15.6367, Rmse_valid: 17.0105, valid_score: 64493.1, , rmse_test: 17.9224, score_test: 2859.8, Learning rate:0.00020000
Epoch: 18, Loss: 15.5798, Rmse_valid: 17.0150, valid_score: 63830.2, , rmse_test: 17.6715, score_test: 2598.7, Learning rate:0.00020000
Epoch: 19, Loss: 15.5205, Rmse_valid: 16.6953, valid_score: 54379.3, , rmse_test: 17.5611, score_test: 2154.4, Learning rate:0.00020000
Epoch: 20, Loss: 15.4654, Rmse_valid: 16.6031, valid_score: 54458.8, , rmse_test: 17.5756, score_test: 2343.1, Learning rate:0.00020000
Epoch: 21, Loss: 15.3402, Rmse_valid: 16.6778, valid_score: 55462.5, , rmse_test: 17.5612, score_test: 2323.3, Learning rate:0.00002000
Epoch: 22, Loss: 15.3268, Rmse_valid: 16.6073, valid_score: 56420.0, , rmse_test: 17.6276, score_test: 2362.5, Learning rate:0.00002000
Epoch: 23, Loss: 15.3205, Rmse_valid: 16.5561, valid_score: 58306.3, , rmse_test: 17.6069, score_test: 2364.2, Learning rate:0.00002000
Epoch: 24, Loss: 15.3144, Rmse_valid: 16.5579, valid_score: 57473.8, , rmse_test: 17.5939, score_test: 2307.2, Learning rate:0.00002000
Epoch: 25, Loss: 15.3086, Rmse_valid: 16.4933, valid_score: 59024.9, , rmse_test: 17.6695, score_test: 2395.1, Learning rate:0.00002000
Epoch: 26, Loss: 15.3047, Rmse_valid: 16.7631, valid_score: 59622.5, , rmse_test: 17.5489, score_test: 2312.3, Learning rate:0.00002000
Epoch: 27, Loss: 15.2985, Rmse_valid: 16.6721, valid_score: 58135.6, , rmse_test: 17.5748, score_test: 2310.5, Learning rate:0.00002000
Epoch: 28, Loss: 15.2919, Rmse_valid: 16.6755, valid_score: 59948.7, , rmse_test: 17.5505, score_test: 2332.2, Learning rate:0.00002000
Epoch: 29, Loss: 15.2837, Rmse_valid: 16.5827, valid_score: 60923.2, , rmse_test: 17.6171, score_test: 2348.8, Learning rate:0.00002000
Epoch: 30, Loss: 15.2804, Rmse_valid: 16.7519, valid_score: 59659.3, , rmse_test: 17.5810, score_test: 2286.8, Learning rate:0.00002000
[Train Summary] Restored best model from epoch 25, rmse_valid: 16.4933, valid_score: 59024.9, rmse_test: 17.6695, score_test: 2395.1
[Train Time] start: 2026-04-18 09:26:14, end: 2026-04-18 09:31:41, duration: 0:05:27, total_seconds: 327.23
[Auto Test] command: /usr/bin/python /CMAPSS-release/scipt/test_model.py --sub-dataset FD004 --smooth-rate 40 --sequence-len 30 --feature-num 14 --dataset-root /CMAPSS-release/CMAPSSData/ --max-rul 125 --batch-size 128 --model-path /CMAPSS-release/trials/model_FD004_0418_092614.pkl
model_path:/CMAPSS-release/trials/model_FD004_0418_092614.pkl
rmse_final:17.623756408691406, score:2325.199951171875
