-----FD001-----
关键参数:
序列长度: 30
批大小(batch_size): 128
最大训练轮数(max_epochs): 30
随机数种子: 33
模型代号(model_code): FD001_E
学习率: 0.002
学习率调度器: step
Step步长(step_size): 10
Step衰减系数(gamma): 0.1
空间GAT: 关闭
时间注意力: 关闭
Decoder融合方式: gate
------------------------------
Epoch: 1, Loss: 26.3852, Rmse_valid: 17.0477, valid_score: 10194.3, , rmse_test: 20.2459, score_test: 2003.2, Learning rate:0.00200000
Epoch: 2, Loss: 16.3868, Rmse_valid: 12.2592, valid_score: 4649.1, , rmse_test: 15.0137, score_test: 364.8, Learning rate:0.00200000
Epoch: 3, Loss: 13.6714, Rmse_valid: 14.1461, valid_score: 5852.0, , rmse_test: 15.3956, score_test: 463.6, Learning rate:0.00200000
Epoch: 4, Loss: 12.6190, Rmse_valid: 11.1182, valid_score: 4044.5, , rmse_test: 13.8834, score_test: 361.2, Learning rate:0.00200000
Epoch: 5, Loss: 12.2838, Rmse_valid: 11.9758, valid_score: 4900.0, , rmse_test: 14.2719, score_test: 441.1, Learning rate:0.00200000
Epoch: 6, Loss: 11.8499, Rmse_valid: 10.8166, valid_score: 3397.5, , rmse_test: 13.5501, score_test: 275.8, Learning rate:0.00200000
Epoch: 7, Loss: 11.6066, Rmse_valid: 11.4980, valid_score: 3810.5, , rmse_test: 13.2400, score_test: 293.7, Learning rate:0.00200000
Epoch: 8, Loss: 11.4392, Rmse_valid: 11.0469, valid_score: 5191.0, , rmse_test: 13.9890, score_test: 430.0, Learning rate:0.00200000
Epoch: 9, Loss: 11.1606, Rmse_valid: 10.9821, valid_score: 4247.2, , rmse_test: 13.3738, score_test: 322.3, Learning rate:0.00200000
Epoch: 10, Loss: 11.1712, Rmse_valid: 10.4881, valid_score: 3826.5, , rmse_test: 13.7173, score_test: 325.4, Learning rate:0.00200000
Epoch: 11, Loss: 10.3175, Rmse_valid: 10.6723, valid_score: 4132.6, , rmse_test: 13.3095, score_test: 317.2, Learning rate:0.00020000
Epoch: 12, Loss: 10.2261, Rmse_valid: 10.9368, valid_score: 4428.6, , rmse_test: 13.3807, score_test: 343.6, Learning rate:0.00020000
Epoch: 13, Loss: 10.1912, Rmse_valid: 10.7583, valid_score: 4361.0, , rmse_test: 13.4788, score_test: 351.8, Learning rate:0.00020000
Epoch: 14, Loss: 10.1501, Rmse_valid: 10.9157, valid_score: 4473.2, , rmse_test: 13.4940, score_test: 338.5, Learning rate:0.00020000
Epoch: 15, Loss: 10.1397, Rmse_valid: 11.2793, valid_score: 4212.9, , rmse_test: 13.2812, score_test: 316.4, Learning rate:0.00020000
Epoch: 16, Loss: 10.0943, Rmse_valid: 10.8301, valid_score: 4187.8, , rmse_test: 13.3181, score_test: 313.0, Learning rate:0.00020000
Epoch: 17, Loss: 10.0722, Rmse_valid: 10.6824, valid_score: 4202.4, , rmse_test: 13.2927, score_test: 316.4, Learning rate:0.00020000
Epoch: 18, Loss: 10.0560, Rmse_valid: 10.8565, valid_score: 4549.9, , rmse_test: 13.4026, score_test: 339.9, Learning rate:0.00020000
Epoch: 19, Loss: 10.0228, Rmse_valid: 10.6734, valid_score: 4455.3, , rmse_test: 13.2984, score_test: 321.4, Learning rate:0.00020000
Epoch: 20, Loss: 9.9988, Rmse_valid: 11.1705, valid_score: 5192.6, , rmse_test: 13.7070, score_test: 383.3, Learning rate:0.00020000
Epoch: 21, Loss: 9.9789, Rmse_valid: 10.6725, valid_score: 4521.0, , rmse_test: 13.3450, score_test: 330.8, Learning rate:0.00002000
Epoch: 22, Loss: 9.9499, Rmse_valid: 11.3331, valid_score: 4470.4, , rmse_test: 13.3277, score_test: 326.2, Learning rate:0.00002000
Epoch: 23, Loss: 9.9459, Rmse_valid: 10.7930, valid_score: 4499.7, , rmse_test: 13.3488, score_test: 330.2, Learning rate:0.00002000
Epoch: 24, Loss: 9.9493, Rmse_valid: 10.6055, valid_score: 4454.4, , rmse_test: 13.3276, score_test: 327.0, Learning rate:0.00002000
Epoch: 25, Loss: 9.9476, Rmse_valid: 11.7578, valid_score: 4476.9, , rmse_test: 13.3487, score_test: 327.5, Learning rate:0.00002000
Epoch: 26, Loss: 9.9450, Rmse_valid: 10.8087, valid_score: 4428.4, , rmse_test: 13.3158, score_test: 323.5, Learning rate:0.00002000
Epoch: 27, Loss: 9.9362, Rmse_valid: 10.9481, valid_score: 4483.3, , rmse_test: 13.3412, score_test: 329.1, Learning rate:0.00002000
Epoch: 28, Loss: 9.9338, Rmse_valid: 10.6663, valid_score: 4464.3, , rmse_test: 13.3325, score_test: 327.1, Learning rate:0.00002000
Epoch: 29, Loss: 9.9335, Rmse_valid: 11.2417, valid_score: 4457.7, , rmse_test: 13.3219, score_test: 324.5, Learning rate:0.00002000
Epoch: 30, Loss: 9.9411, Rmse_valid: 11.2943, valid_score: 4431.8, , rmse_test: 13.3134, score_test: 323.0, Learning rate:0.00002000
[Train Summary] Restored best model from epoch 10, rmse_valid: 10.4881, valid_score: 3826.5, rmse_test: 13.7173, score_test: 325.4
[Train Time] start: 2026-04-17 14:12:17, end: 2026-04-17 14:13:37, duration: 0:01:19, total_seconds: 79.21
[Auto Test] command: /usr/bin/python /CMAPSS-release/scipt/test_model.py --sub-dataset FD001 --smooth-rate 40 --sequence-len 30 --feature-num 14 --dataset-root /CMAPSS-release/CMAPSSData/ --max-rul 125 --batch-size 128 --model-path /CMAPSS-release/trials/model_FD001_0417_141217.pkl
model_path:/CMAPSS-release/trials/model_FD001_0417_141217.pkl
rmse_final:13.598896980285645, score:312.86297607421875
