-----FD004-----
关键参数:
序列长度: 30
批大小(batch_size): 128
最大训练轮数(max_epochs): 30
随机数种子: 80
模型代号(model_code): FD004_GAT_2L_hidden_dim10
学习率: 0.002
学习率调度器: step
Step步长(step_size): 10
Step衰减系数(gamma): 0.1
空间GAT: 开启
时间注意力: 关闭
Decoder融合方式: concat
图构建模式(graph_mode): dynamic_knn
GAT层数(num_layers): 2
GAT邻居数(topk): 5
GAT嵌入维度: 16
GAT隐藏层维度: 10
------------------------------
Epoch: 1, Loss: 25.9328, Rmse_valid: 21.2720, valid_score: 61412.0, , rmse_test: 25.1420, score_test: 8582.9, Learning rate:0.00200000
Epoch: 2, Loss: 21.8185, Rmse_valid: 19.0158, valid_score: 41878.5, , rmse_test: 20.9000, score_test: 3370.7, Learning rate:0.00200000
Epoch: 3, Loss: 20.0917, Rmse_valid: 19.5697, valid_score: 60001.3, , rmse_test: 19.9628, score_test: 3691.7, Learning rate:0.00200000
Epoch: 4, Loss: 19.0962, Rmse_valid: 23.0459, valid_score: 171034.8, , rmse_test: 21.5459, score_test: 4851.4, Learning rate:0.00200000
Epoch: 5, Loss: 18.3640, Rmse_valid: 19.2543, valid_score: 36930.6, , rmse_test: 19.7111, score_test: 2082.3, Learning rate:0.00200000
Epoch: 6, Loss: 17.7338, Rmse_valid: 18.3388, valid_score: 59972.4, , rmse_test: 18.3728, score_test: 3143.5, Learning rate:0.00200000
Epoch: 7, Loss: 17.2829, Rmse_valid: 17.5165, valid_score: 57829.7, , rmse_test: 18.0835, score_test: 2758.1, Learning rate:0.00200000
Epoch: 8, Loss: 16.8921, Rmse_valid: 21.1282, valid_score: 171621.8, , rmse_test: 19.9535, score_test: 3605.2, Learning rate:0.00200000
Epoch: 9, Loss: 16.5728, Rmse_valid: 16.5230, valid_score: 40328.9, , rmse_test: 18.4822, score_test: 2167.6, Learning rate:0.00200000
Epoch: 10, Loss: 16.2587, Rmse_valid: 17.3755, valid_score: 43251.3, , rmse_test: 18.2783, score_test: 2350.8, Learning rate:0.00200000
Epoch: 11, Loss: 14.6629, Rmse_valid: 16.7213, valid_score: 44520.8, , rmse_test: 17.0520, score_test: 1842.1, Learning rate:0.00020000
Epoch: 12, Loss: 14.5219, Rmse_valid: 16.6905, valid_score: 48201.1, , rmse_test: 16.9144, score_test: 1816.3, Learning rate:0.00020000
Epoch: 13, Loss: 14.4442, Rmse_valid: 16.5974, valid_score: 48071.4, , rmse_test: 17.3099, score_test: 1967.7, Learning rate:0.00020000
Epoch: 14, Loss: 14.3770, Rmse_valid: 16.5458, valid_score: 46072.4, , rmse_test: 17.3797, score_test: 2059.4, Learning rate:0.00020000
Epoch: 15, Loss: 14.3255, Rmse_valid: 17.1512, valid_score: 53433.5, , rmse_test: 17.0986, score_test: 1700.0, Learning rate:0.00020000
Epoch: 16, Loss: 14.2735, Rmse_valid: 16.5663, valid_score: 42239.4, , rmse_test: 17.1768, score_test: 1822.7, Learning rate:0.00020000
Epoch: 17, Loss: 14.2352, Rmse_valid: 16.5837, valid_score: 43778.3, , rmse_test: 16.9283, score_test: 1716.0, Learning rate:0.00020000
Epoch: 18, Loss: 14.1861, Rmse_valid: 16.7473, valid_score: 51469.5, , rmse_test: 17.2861, score_test: 1971.5, Learning rate:0.00020000
Epoch: 19, Loss: 14.1549, Rmse_valid: 16.5919, valid_score: 45868.8, , rmse_test: 17.2926, score_test: 1790.4, Learning rate:0.00020000
Epoch: 20, Loss: 14.1055, Rmse_valid: 16.7153, valid_score: 47961.1, , rmse_test: 17.2942, score_test: 1725.1, Learning rate:0.00020000
Epoch: 21, Loss: 13.9787, Rmse_valid: 16.5729, valid_score: 47778.3, , rmse_test: 17.1787, score_test: 1848.1, Learning rate:0.00002000
Epoch: 22, Loss: 13.9679, Rmse_valid: 16.7515, valid_score: 49975.0, , rmse_test: 17.1990, score_test: 1877.5, Learning rate:0.00002000
Epoch: 23, Loss: 13.9602, Rmse_valid: 16.7109, valid_score: 49307.8, , rmse_test: 17.2122, score_test: 1858.0, Learning rate:0.00002000
Epoch: 24, Loss: 13.9557, Rmse_valid: 16.7098, valid_score: 48723.2, , rmse_test: 17.1882, score_test: 1850.0, Learning rate:0.00002000
Epoch: 25, Loss: 13.9492, Rmse_valid: 16.6444, valid_score: 48329.3, , rmse_test: 17.2628, score_test: 1910.1, Learning rate:0.00002000
Epoch: 26, Loss: 13.9466, Rmse_valid: 16.7351, valid_score: 48709.2, , rmse_test: 17.1802, score_test: 1841.4, Learning rate:0.00002000
Epoch: 27, Loss: 13.9439, Rmse_valid: 16.8156, valid_score: 48118.0, , rmse_test: 17.1932, score_test: 1850.0, Learning rate:0.00002000
Epoch: 28, Loss: 13.9353, Rmse_valid: 16.9040, valid_score: 49571.2, , rmse_test: 17.1882, score_test: 1850.1, Learning rate:0.00002000
Epoch: 29, Loss: 13.9323, Rmse_valid: 16.9190, valid_score: 48363.8, , rmse_test: 17.1707, score_test: 1822.3, Learning rate:0.00002000
Epoch: 30, Loss: 13.9250, Rmse_valid: 16.6705, valid_score: 49627.3, , rmse_test: 17.2254, score_test: 1861.5, Learning rate:0.00002000
[Train Summary] Restored best model from epoch 9, rmse_valid: 16.5230, valid_score: 40328.9, rmse_test: 18.4822, score_test: 2167.6
[Train Time] start: 2026-04-16 21:56:23, end: 2026-04-16 22:03:35, duration: 0:07:12, total_seconds: 431.54
[Auto Test] command: /usr/bin/python /CMAPSS-release/scipt/test_model.py --sub-dataset FD004 --smooth-rate 40 --sequence-len 30 --feature-num 14 --dataset-root /CMAPSS-release/CMAPSSData/ --max-rul 125 --batch-size 128 --model-path /CMAPSS-release/trials/model_FD004_0416_215623.pkl
model_path:/CMAPSS-release/trials/model_FD004_0416_215623.pkl
rmse_final:18.458213806152344, score:2105.01220703125
