-----FD004-----
关键参数:
序列长度: 30
批大小(batch_size): 128
最大训练轮数(max_epochs): 30
随机数种子: 17
模型代号(model_code): FD004_GAT_2L_hidden_dim10
学习率: 0.002
学习率调度器: step
Step步长(step_size): 10
Step衰减系数(gamma): 0.1
空间GAT: 开启
时间注意力: 关闭
Decoder融合方式: concat
图构建模式(graph_mode): dynamic_knn
GAT层数(num_layers): 2
GAT邻居数(topk): 5
GAT嵌入维度: 16
GAT隐藏层维度: 10
------------------------------
Epoch: 1, Loss: 27.8041, Rmse_valid: 21.7718, valid_score: 85407.5, , rmse_test: 24.8571, score_test: 9682.4, Learning rate:0.00200000
Epoch: 2, Loss: 21.6617, Rmse_valid: 22.1538, valid_score: 126345.8, , rmse_test: 24.3542, score_test: 7905.2, Learning rate:0.00200000
Epoch: 3, Loss: 20.0670, Rmse_valid: 20.8774, valid_score: 66838.1, , rmse_test: 21.6493, score_test: 3100.8, Learning rate:0.00200000
Epoch: 4, Loss: 19.2476, Rmse_valid: 18.9763, valid_score: 60921.7, , rmse_test: 20.4807, score_test: 3665.4, Learning rate:0.00200000
Epoch: 5, Loss: 18.3643, Rmse_valid: 21.2846, valid_score: 93193.7, , rmse_test: 19.3724, score_test: 2630.3, Learning rate:0.00200000
Epoch: 6, Loss: 17.8906, Rmse_valid: 18.2397, valid_score: 62961.7, , rmse_test: 19.5859, score_test: 3065.8, Learning rate:0.00200000
Epoch: 7, Loss: 17.4625, Rmse_valid: 17.3296, valid_score: 35390.3, , rmse_test: 17.8460, score_test: 2074.8, Learning rate:0.00200000
Epoch: 8, Loss: 17.1031, Rmse_valid: 17.6955, valid_score: 60257.6, , rmse_test: 18.1270, score_test: 2140.1, Learning rate:0.00200000
Epoch: 9, Loss: 16.7415, Rmse_valid: 18.5318, valid_score: 39806.5, , rmse_test: 20.0877, score_test: 1951.2, Learning rate:0.00200000
Epoch: 10, Loss: 16.5092, Rmse_valid: 17.2364, valid_score: 45988.0, , rmse_test: 17.9401, score_test: 2369.2, Learning rate:0.00200000
Epoch: 11, Loss: 14.7616, Rmse_valid: 16.5774, valid_score: 35928.0, , rmse_test: 17.2218, score_test: 1796.7, Learning rate:0.00020000
Epoch: 12, Loss: 14.5978, Rmse_valid: 16.4229, valid_score: 38698.2, , rmse_test: 17.2186, score_test: 1762.9, Learning rate:0.00020000
Epoch: 13, Loss: 14.4946, Rmse_valid: 16.3536, valid_score: 36821.5, , rmse_test: 17.3441, score_test: 1820.1, Learning rate:0.00020000
Epoch: 14, Loss: 14.4175, Rmse_valid: 16.9137, valid_score: 37632.4, , rmse_test: 16.9208, score_test: 1596.8, Learning rate:0.00020000
Epoch: 15, Loss: 14.3644, Rmse_valid: 16.8226, valid_score: 42123.0, , rmse_test: 17.5857, score_test: 1967.3, Learning rate:0.00020000
Epoch: 16, Loss: 14.2907, Rmse_valid: 16.8393, valid_score: 38471.2, , rmse_test: 17.3859, score_test: 1771.6, Learning rate:0.00020000
Epoch: 17, Loss: 14.2424, Rmse_valid: 16.6577, valid_score: 37024.6, , rmse_test: 16.9996, score_test: 1594.1, Learning rate:0.00020000
Epoch: 18, Loss: 14.1917, Rmse_valid: 16.7803, valid_score: 38876.9, , rmse_test: 17.2210, score_test: 1729.4, Learning rate:0.00020000
Epoch: 19, Loss: 14.1431, Rmse_valid: 16.9616, valid_score: 42364.8, , rmse_test: 17.1835, score_test: 1756.7, Learning rate:0.00020000
Epoch: 20, Loss: 14.0915, Rmse_valid: 16.9702, valid_score: 41854.1, , rmse_test: 17.2090, score_test: 1852.4, Learning rate:0.00020000
Epoch: 21, Loss: 13.9599, Rmse_valid: 16.8741, valid_score: 38862.9, , rmse_test: 17.2768, score_test: 1772.1, Learning rate:0.00002000
Epoch: 22, Loss: 13.9427, Rmse_valid: 16.7120, valid_score: 38577.3, , rmse_test: 17.2126, score_test: 1699.2, Learning rate:0.00002000
Epoch: 23, Loss: 13.9386, Rmse_valid: 16.8515, valid_score: 38736.1, , rmse_test: 17.1639, score_test: 1691.2, Learning rate:0.00002000
Epoch: 24, Loss: 13.9300, Rmse_valid: 16.7927, valid_score: 39143.6, , rmse_test: 17.1782, score_test: 1679.2, Learning rate:0.00002000
Epoch: 25, Loss: 13.9260, Rmse_valid: 16.7884, valid_score: 40540.0, , rmse_test: 17.2919, score_test: 1791.8, Learning rate:0.00002000
Epoch: 26, Loss: 13.9193, Rmse_valid: 16.7748, valid_score: 38432.0, , rmse_test: 17.1750, score_test: 1662.4, Learning rate:0.00002000
Epoch: 27, Loss: 13.9145, Rmse_valid: 16.6769, valid_score: 39421.3, , rmse_test: 17.2082, score_test: 1733.2, Learning rate:0.00002000
Epoch: 28, Loss: 13.9098, Rmse_valid: 16.9657, valid_score: 39484.5, , rmse_test: 17.1644, score_test: 1700.3, Learning rate:0.00002000
Epoch: 29, Loss: 13.9029, Rmse_valid: 16.7704, valid_score: 39855.2, , rmse_test: 17.2273, score_test: 1706.7, Learning rate:0.00002000
Epoch: 30, Loss: 13.8978, Rmse_valid: 16.7471, valid_score: 40945.2, , rmse_test: 17.1783, score_test: 1742.8, Learning rate:0.00002000
[Train Summary] Restored best model from epoch 13, rmse_valid: 16.3536, valid_score: 36821.5, rmse_test: 17.3441, score_test: 1820.1
[Train Time] start: 2026-04-16 21:13:05, end: 2026-04-16 21:19:52, duration: 0:06:47, total_seconds: 407.45
[Auto Test] command: /usr/bin/python /CMAPSS-release/scipt/test_model.py --sub-dataset FD004 --smooth-rate 40 --sequence-len 30 --feature-num 14 --dataset-root /CMAPSS-release/CMAPSSData/ --max-rul 125 --batch-size 128 --model-path /CMAPSS-release/trials/model_FD004_0416_211305.pkl
model_path:/CMAPSS-release/trials/model_FD004_0416_211305.pkl
rmse_final:17.301057815551758, score:1764.98193359375
