-----FD003-----
关键参数:
序列长度: 30
批大小(batch_size): 128
最大训练轮数(max_epochs): 30
随机数种子: 80
模型代号(model_code): FD003_E
学习率: 0.002
学习率调度器: step
Step步长(step_size): 10
Step衰减系数(gamma): 0.1
空间GAT: 关闭
时间注意力: 关闭
Decoder融合方式: gate
------------------------------
Epoch: 1, Loss: 31.3471, Rmse_valid: 19.1472, valid_score: 23793.9, , rmse_test: 24.9405, score_test: 5121.0, Learning rate:0.00200000
Epoch: 2, Loss: 19.8773, Rmse_valid: 18.5773, valid_score: 21461.1, , rmse_test: 25.0341, score_test: 4936.5, Learning rate:0.00200000
Epoch: 3, Loss: 16.8814, Rmse_valid: 15.3391, valid_score: 13095.8, , rmse_test: 18.2149, score_test: 1253.5, Learning rate:0.00200000
Epoch: 4, Loss: 14.4731, Rmse_valid: 12.6913, valid_score: 11140.1, , rmse_test: 19.2368, score_test: 1839.5, Learning rate:0.00200000
Epoch: 5, Loss: 13.2206, Rmse_valid: 11.7093, valid_score: 7289.5, , rmse_test: 17.6084, score_test: 1253.6, Learning rate:0.00200000
Epoch: 6, Loss: 12.3206, Rmse_valid: 12.9725, valid_score: 6669.2, , rmse_test: 14.8249, score_test: 743.0, Learning rate:0.00200000
Epoch: 7, Loss: 12.0006, Rmse_valid: 11.8429, valid_score: 5478.4, , rmse_test: 14.4007, score_test: 776.3, Learning rate:0.00200000
Epoch: 8, Loss: 11.5885, Rmse_valid: 14.9449, valid_score: 6663.2, , rmse_test: 14.2594, score_test: 421.6, Learning rate:0.00200000
Epoch: 9, Loss: 11.4247, Rmse_valid: 11.1437, valid_score: 4727.0, , rmse_test: 14.2061, score_test: 679.9, Learning rate:0.00200000
Epoch: 10, Loss: 11.1971, Rmse_valid: 10.0435, valid_score: 5637.4, , rmse_test: 14.8439, score_test: 707.7, Learning rate:0.00200000
Epoch: 11, Loss: 10.0751, Rmse_valid: 9.7870, valid_score: 4338.6, , rmse_test: 14.3609, score_test: 730.4, Learning rate:0.00020000
Epoch: 12, Loss: 9.9955, Rmse_valid: 9.7495, valid_score: 4592.0, , rmse_test: 14.5545, score_test: 746.1, Learning rate:0.00020000
Epoch: 13, Loss: 9.9418, Rmse_valid: 10.0516, valid_score: 4364.7, , rmse_test: 14.0624, score_test: 586.2, Learning rate:0.00020000
Epoch: 14, Loss: 9.9123, Rmse_valid: 9.5601, valid_score: 4235.7, , rmse_test: 14.1602, score_test: 625.5, Learning rate:0.00020000
Epoch: 15, Loss: 9.8605, Rmse_valid: 9.5819, valid_score: 3882.2, , rmse_test: 14.1240, score_test: 600.9, Learning rate:0.00020000
Epoch: 16, Loss: 9.8305, Rmse_valid: 9.4598, valid_score: 4057.5, , rmse_test: 13.9710, score_test: 587.9, Learning rate:0.00020000
Epoch: 17, Loss: 9.7977, Rmse_valid: 9.6978, valid_score: 3969.7, , rmse_test: 13.7926, score_test: 585.6, Learning rate:0.00020000
Epoch: 18, Loss: 9.7693, Rmse_valid: 9.4584, valid_score: 4296.9, , rmse_test: 14.1996, score_test: 637.3, Learning rate:0.00020000
Epoch: 19, Loss: 9.7333, Rmse_valid: 9.3443, valid_score: 3917.7, , rmse_test: 13.8973, score_test: 568.8, Learning rate:0.00020000
Epoch: 20, Loss: 9.7027, Rmse_valid: 9.4336, valid_score: 4163.7, , rmse_test: 14.0797, score_test: 636.9, Learning rate:0.00020000
Epoch: 21, Loss: 9.6344, Rmse_valid: 9.3670, valid_score: 4043.3, , rmse_test: 14.0248, score_test: 604.1, Learning rate:0.00002000
Epoch: 22, Loss: 9.6223, Rmse_valid: 9.3234, valid_score: 4068.2, , rmse_test: 14.1075, score_test: 609.8, Learning rate:0.00002000
Epoch: 23, Loss: 9.6193, Rmse_valid: 9.3451, valid_score: 4070.5, , rmse_test: 14.0559, score_test: 603.2, Learning rate:0.00002000
Epoch: 24, Loss: 9.6170, Rmse_valid: 9.3292, valid_score: 4036.9, , rmse_test: 14.0881, score_test: 606.0, Learning rate:0.00002000
Epoch: 25, Loss: 9.6130, Rmse_valid: 9.3899, valid_score: 4040.3, , rmse_test: 14.0088, score_test: 585.6, Learning rate:0.00002000
Epoch: 26, Loss: 9.6109, Rmse_valid: 9.2650, valid_score: 3977.9, , rmse_test: 14.0261, score_test: 592.0, Learning rate:0.00002000
Epoch: 27, Loss: 9.6085, Rmse_valid: 9.3606, valid_score: 3985.4, , rmse_test: 13.9768, score_test: 581.2, Learning rate:0.00002000
Epoch: 28, Loss: 9.6051, Rmse_valid: 9.2638, valid_score: 4032.4, , rmse_test: 14.0610, score_test: 598.0, Learning rate:0.00002000
Epoch: 29, Loss: 9.6017, Rmse_valid: 9.3778, valid_score: 4029.3, , rmse_test: 13.9835, score_test: 584.0, Learning rate:0.00002000
Epoch: 30, Loss: 9.5985, Rmse_valid: 9.2919, valid_score: 4026.5, , rmse_test: 14.0059, score_test: 594.8, Learning rate:0.00002000
[Train Summary] Restored best model from epoch 28, rmse_valid: 9.2638, valid_score: 4032.4, rmse_test: 14.0610, score_test: 598.0
[Train Time] start: 2026-04-18 02:22:27, end: 2026-04-18 02:24:37, duration: 0:02:10, total_seconds: 130.40
[Auto Test] command: /usr/bin/python /CMAPSS-release/scipt/test_model.py --sub-dataset FD003 --smooth-rate 40 --sequence-len 30 --feature-num 14 --dataset-root /CMAPSS-release/CMAPSSData/ --max-rul 125 --batch-size 128 --model-path /CMAPSS-release/trials/model_FD003_0418_022227.pkl
model_path:/CMAPSS-release/trials/model_FD003_0418_022227.pkl
rmse_final:13.899640083312988, score:563.5538330078125
