-----FD004-----
关键参数:
序列长度: 30
批大小(batch_size): 128
最大训练轮数(max_epochs): 30
随机数种子: 27
模型代号(model_code): FD004_GAT_embed_dim64_topk7
学习率: 0.002
学习率调度器: step
Step步长(step_size): 10
Step衰减系数(gamma): 0.1
空间GAT: 开启
时间注意力: 关闭
Decoder融合方式: concat
图构建模式(graph_mode): dynamic_knn
GAT层数(num_layers): 2
GAT邻居数(topk): 7
GAT嵌入维度: 64
GAT隐藏层维度: 16
------------------------------
Epoch: 1, Loss: 26.4782, Rmse_valid: 20.9101, valid_score: 59573.1, , rmse_test: 23.5016, score_test: 5550.8, Learning rate:0.00200000
Epoch: 2, Loss: 21.4559, Rmse_valid: 20.1335, valid_score: 57755.8, , rmse_test: 22.8775, score_test: 4283.1, Learning rate:0.00200000
Epoch: 3, Loss: 20.0416, Rmse_valid: 21.4110, valid_score: 115220.4, , rmse_test: 21.4497, score_test: 4727.7, Learning rate:0.00200000
Epoch: 4, Loss: 19.0467, Rmse_valid: 19.6397, valid_score: 92884.9, , rmse_test: 20.7702, score_test: 5414.8, Learning rate:0.00200000
Epoch: 5, Loss: 18.2846, Rmse_valid: 18.9366, valid_score: 54197.8, , rmse_test: 21.1185, score_test: 4671.4, Learning rate:0.00200000
Epoch: 6, Loss: 17.8014, Rmse_valid: 18.7287, valid_score: 64773.0, , rmse_test: 19.4274, score_test: 3560.4, Learning rate:0.00200000
Epoch: 7, Loss: 17.1493, Rmse_valid: 18.9219, valid_score: 76587.5, , rmse_test: 19.3908, score_test: 4299.9, Learning rate:0.00200000
Epoch: 8, Loss: 16.9293, Rmse_valid: 20.1251, valid_score: 115153.5, , rmse_test: 20.2731, score_test: 3699.0, Learning rate:0.00200000
Epoch: 9, Loss: 16.4833, Rmse_valid: 18.4003, valid_score: 50146.9, , rmse_test: 19.0979, score_test: 1912.4, Learning rate:0.00200000
Epoch: 10, Loss: 16.2320, Rmse_valid: 18.4550, valid_score: 51090.3, , rmse_test: 18.8644, score_test: 3093.6, Learning rate:0.00200000
Epoch: 11, Loss: 14.4856, Rmse_valid: 17.9975, valid_score: 60076.2, , rmse_test: 18.6996, score_test: 2667.1, Learning rate:0.00020000
Epoch: 12, Loss: 14.2496, Rmse_valid: 17.8023, valid_score: 50895.6, , rmse_test: 18.3118, score_test: 2088.3, Learning rate:0.00020000
Epoch: 13, Loss: 14.1365, Rmse_valid: 18.0339, valid_score: 56937.5, , rmse_test: 18.1118, score_test: 2041.7, Learning rate:0.00020000
Epoch: 14, Loss: 14.0568, Rmse_valid: 17.9922, valid_score: 57450.1, , rmse_test: 18.6249, score_test: 2315.9, Learning rate:0.00020000
Epoch: 15, Loss: 13.9853, Rmse_valid: 17.8732, valid_score: 55585.2, , rmse_test: 18.3771, score_test: 2151.2, Learning rate:0.00020000
Epoch: 16, Loss: 13.9188, Rmse_valid: 17.6477, valid_score: 52491.9, , rmse_test: 18.1753, score_test: 2052.9, Learning rate:0.00020000
Epoch: 17, Loss: 13.8654, Rmse_valid: 17.7300, valid_score: 50931.4, , rmse_test: 18.1107, score_test: 2047.1, Learning rate:0.00020000
Epoch: 18, Loss: 13.8019, Rmse_valid: 17.4428, valid_score: 44506.6, , rmse_test: 18.5237, score_test: 2248.4, Learning rate:0.00020000
Epoch: 19, Loss: 13.7444, Rmse_valid: 17.7956, valid_score: 49983.3, , rmse_test: 18.2970, score_test: 2098.8, Learning rate:0.00020000
Epoch: 20, Loss: 13.6940, Rmse_valid: 17.5585, valid_score: 49078.3, , rmse_test: 18.4490, score_test: 2166.2, Learning rate:0.00020000
Epoch: 21, Loss: 13.5446, Rmse_valid: 17.5602, valid_score: 51083.6, , rmse_test: 18.3511, score_test: 2179.0, Learning rate:0.00002000
Epoch: 22, Loss: 13.5256, Rmse_valid: 17.5588, valid_score: 50889.6, , rmse_test: 18.3225, score_test: 2167.0, Learning rate:0.00002000
Epoch: 23, Loss: 13.5132, Rmse_valid: 17.7107, valid_score: 51702.3, , rmse_test: 18.4199, score_test: 2180.2, Learning rate:0.00002000
Epoch: 24, Loss: 13.5129, Rmse_valid: 17.8158, valid_score: 51361.9, , rmse_test: 18.3860, score_test: 2180.3, Learning rate:0.00002000
Epoch: 25, Loss: 13.5033, Rmse_valid: 17.7243, valid_score: 51124.2, , rmse_test: 18.3641, score_test: 2169.0, Learning rate:0.00002000
Epoch: 26, Loss: 13.4974, Rmse_valid: 17.7414, valid_score: 52061.4, , rmse_test: 18.4134, score_test: 2246.1, Learning rate:0.00002000
Epoch: 27, Loss: 13.4933, Rmse_valid: 17.6740, valid_score: 50647.9, , rmse_test: 18.3818, score_test: 2199.3, Learning rate:0.00002000
Epoch: 28, Loss: 13.4865, Rmse_valid: 17.6765, valid_score: 49138.1, , rmse_test: 18.3830, score_test: 2132.3, Learning rate:0.00002000
Epoch: 29, Loss: 13.4796, Rmse_valid: 17.5626, valid_score: 51218.1, , rmse_test: 18.4240, score_test: 2194.7, Learning rate:0.00002000
Epoch: 30, Loss: 13.4776, Rmse_valid: 17.7572, valid_score: 51108.1, , rmse_test: 18.3760, score_test: 2189.2, Learning rate:0.00002000
[Train Summary] Restored best model from epoch 18, rmse_valid: 17.4428, valid_score: 44506.6, rmse_test: 18.5237, score_test: 2248.4
[Train Time] start: 2026-04-17 07:34:58, end: 2026-04-17 07:42:44, duration: 0:07:46, total_seconds: 466.25
[Auto Test] command: /usr/bin/python /CMAPSS-release/scipt/test_model.py --sub-dataset FD004 --smooth-rate 40 --sequence-len 30 --feature-num 14 --dataset-root /CMAPSS-release/CMAPSSData/ --max-rul 125 --batch-size 128 --model-path /CMAPSS-release/trials/model_FD004_0417_073458.pkl
model_path:/CMAPSS-release/trials/model_FD004_0417_073458.pkl
rmse_final:18.4620361328125, score:2169.688232421875
