-----FD004-----
关键参数:
序列长度: 30
批大小(batch_size): 128
最大训练轮数(max_epochs): 30
随机数种子: 30
模型代号(model_code): FD004_B
学习率: 0.002
学习率调度器: step
Step步长(step_size): 10
Step衰减系数(gamma): 0.1
空间GAT: 开启
时间注意力: 关闭
Decoder融合方式: concat
图构建模式(graph_mode): dynamic_knn
GAT层数(num_layers): 2
GAT邻居数(topk): 7
GAT嵌入维度: 8
GAT隐藏层维度: 16
------------------------------
Epoch: 1, Loss: 27.7875, Rmse_valid: 22.4873, valid_score: 88514.8, , rmse_test: 25.7294, score_test: 10166.0, Learning rate:0.00200000
Epoch: 2, Loss: 21.6999, Rmse_valid: 21.9251, valid_score: 87613.0, , rmse_test: 20.9822, score_test: 3591.3, Learning rate:0.00200000
Epoch: 3, Loss: 20.2091, Rmse_valid: 19.2941, valid_score: 47345.9, , rmse_test: 20.7477, score_test: 4012.4, Learning rate:0.00200000
Epoch: 4, Loss: 19.1828, Rmse_valid: 18.6539, valid_score: 59828.5, , rmse_test: 19.4925, score_test: 3799.8, Learning rate:0.00200000
Epoch: 5, Loss: 18.6054, Rmse_valid: 17.6431, valid_score: 50497.6, , rmse_test: 19.4747, score_test: 3837.8, Learning rate:0.00200000
Epoch: 6, Loss: 18.1580, Rmse_valid: 18.7816, valid_score: 62626.4, , rmse_test: 19.8065, score_test: 2079.5, Learning rate:0.00200000
Epoch: 7, Loss: 17.7336, Rmse_valid: 17.4848, valid_score: 57314.7, , rmse_test: 19.9257, score_test: 3178.4, Learning rate:0.00200000
Epoch: 8, Loss: 17.3173, Rmse_valid: 17.0746, valid_score: 55068.6, , rmse_test: 18.0492, score_test: 2091.7, Learning rate:0.00200000
Epoch: 9, Loss: 16.9875, Rmse_valid: 17.1383, valid_score: 72829.4, , rmse_test: 18.7869, score_test: 3218.3, Learning rate:0.00200000
Epoch: 10, Loss: 16.8141, Rmse_valid: 16.8689, valid_score: 59823.1, , rmse_test: 18.7254, score_test: 2105.5, Learning rate:0.00200000
Epoch: 11, Loss: 14.9714, Rmse_valid: 16.4623, valid_score: 78283.0, , rmse_test: 17.4791, score_test: 1769.7, Learning rate:0.00020000
Epoch: 12, Loss: 14.8256, Rmse_valid: 16.3497, valid_score: 85440.2, , rmse_test: 17.8962, score_test: 1991.2, Learning rate:0.00020000
Epoch: 13, Loss: 14.7417, Rmse_valid: 16.6208, valid_score: 98814.8, , rmse_test: 17.3509, score_test: 1881.3, Learning rate:0.00020000
Epoch: 14, Loss: 14.6761, Rmse_valid: 16.2208, valid_score: 90089.2, , rmse_test: 17.3481, score_test: 1821.6, Learning rate:0.00020000
Epoch: 15, Loss: 14.6099, Rmse_valid: 16.8446, valid_score: 123920.7, , rmse_test: 17.5942, score_test: 1966.0, Learning rate:0.00020000
Epoch: 16, Loss: 14.5549, Rmse_valid: 16.4978, valid_score: 104987.4, , rmse_test: 17.3671, score_test: 1808.5, Learning rate:0.00020000
Epoch: 17, Loss: 14.5029, Rmse_valid: 16.6985, valid_score: 132467.5, , rmse_test: 17.4418, score_test: 1825.6, Learning rate:0.00020000
Epoch: 18, Loss: 14.4592, Rmse_valid: 16.5022, valid_score: 111843.7, , rmse_test: 17.5679, score_test: 1883.1, Learning rate:0.00020000
Epoch: 19, Loss: 14.4031, Rmse_valid: 16.5073, valid_score: 129767.1, , rmse_test: 17.9107, score_test: 1998.6, Learning rate:0.00020000
Epoch: 20, Loss: 14.3677, Rmse_valid: 16.9202, valid_score: 141853.9, , rmse_test: 17.5274, score_test: 2095.3, Learning rate:0.00020000
Epoch: 21, Loss: 14.2317, Rmse_valid: 16.4587, valid_score: 130213.5, , rmse_test: 17.5933, score_test: 1979.9, Learning rate:0.00002000
Epoch: 22, Loss: 14.2112, Rmse_valid: 16.6966, valid_score: 130759.6, , rmse_test: 17.5938, score_test: 1971.2, Learning rate:0.00002000
Epoch: 23, Loss: 14.2076, Rmse_valid: 16.5587, valid_score: 132128.3, , rmse_test: 17.5308, score_test: 1968.4, Learning rate:0.00002000
Epoch: 24, Loss: 14.1985, Rmse_valid: 16.5803, valid_score: 132168.5, , rmse_test: 17.5478, score_test: 1961.4, Learning rate:0.00002000
Epoch: 25, Loss: 14.1965, Rmse_valid: 16.5911, valid_score: 134987.8, , rmse_test: 17.5357, score_test: 1997.7, Learning rate:0.00002000
Epoch: 26, Loss: 14.1905, Rmse_valid: 16.5468, valid_score: 138732.0, , rmse_test: 17.5944, score_test: 2038.3, Learning rate:0.00002000
Epoch: 27, Loss: 14.1866, Rmse_valid: 16.5221, valid_score: 134984.8, , rmse_test: 17.5507, score_test: 2031.0, Learning rate:0.00002000
Epoch: 28, Loss: 14.1799, Rmse_valid: 16.8953, valid_score: 139004.8, , rmse_test: 17.6205, score_test: 2056.8, Learning rate:0.00002000
Epoch: 29, Loss: 14.1761, Rmse_valid: 16.5649, valid_score: 135127.0, , rmse_test: 17.6542, score_test: 2026.8, Learning rate:0.00002000
Epoch: 30, Loss: 14.1724, Rmse_valid: 16.5066, valid_score: 132644.8, , rmse_test: 17.5526, score_test: 1983.4, Learning rate:0.00002000
[Train Summary] Restored best model from epoch 14, rmse_valid: 16.2208, valid_score: 90089.2, rmse_test: 17.3481, score_test: 1821.6
[Train Time] start: 2026-04-18 04:48:17, end: 2026-04-18 04:55:41, duration: 0:07:24, total_seconds: 443.90
[Auto Test] command: /usr/bin/python /CMAPSS-release/scipt/test_model.py --sub-dataset FD004 --smooth-rate 40 --sequence-len 30 --feature-num 14 --dataset-root /CMAPSS-release/CMAPSSData/ --max-rul 125 --batch-size 128 --model-path /CMAPSS-release/trials/model_FD004_0418_044817.pkl
model_path:/CMAPSS-release/trials/model_FD004_0418_044817.pkl
rmse_final:17.32853889465332, score:1778.212890625
