-----FD001-----
关键参数:
序列长度: 30
批大小(batch_size): 128
最大训练轮数(max_epochs): 30
随机数种子: 80
模型代号(model_code): FD001_F
学习率: 0.002
学习率调度器: step
Step步长(step_size): 10
Step衰减系数(gamma): 0.1
空间GAT: 关闭
时间注意力: 关闭
Decoder融合方式: concat
------------------------------
Epoch: 1, Loss: 31.0500, Rmse_valid: 20.2774, valid_score: 9793.1, , rmse_test: 15.9909, score_test: 408.6, Learning rate:0.00200000
Epoch: 2, Loss: 15.3773, Rmse_valid: 14.3515, valid_score: 7032.8, , rmse_test: 15.1299, score_test: 512.9, Learning rate:0.00200000
Epoch: 3, Loss: 13.5380, Rmse_valid: 12.3049, valid_score: 4244.9, , rmse_test: 13.3595, score_test: 277.4, Learning rate:0.00200000
Epoch: 4, Loss: 12.6598, Rmse_valid: 13.8235, valid_score: 5026.2, , rmse_test: 13.8832, score_test: 331.7, Learning rate:0.00200000
Epoch: 5, Loss: 12.1561, Rmse_valid: 12.1965, valid_score: 5618.8, , rmse_test: 14.1657, score_test: 355.4, Learning rate:0.00200000
Epoch: 6, Loss: 11.8034, Rmse_valid: 12.4138, valid_score: 4485.1, , rmse_test: 13.4941, score_test: 303.3, Learning rate:0.00200000
Epoch: 7, Loss: 11.5832, Rmse_valid: 11.5195, valid_score: 5196.4, , rmse_test: 13.9614, score_test: 408.9, Learning rate:0.00200000
Epoch: 8, Loss: 11.2319, Rmse_valid: 14.0178, valid_score: 10071.6, , rmse_test: 16.2101, score_test: 742.3, Learning rate:0.00200000
Epoch: 9, Loss: 11.0916, Rmse_valid: 10.6267, valid_score: 4259.2, , rmse_test: 13.0036, score_test: 297.2, Learning rate:0.00200000
Epoch: 10, Loss: 10.9970, Rmse_valid: 11.3716, valid_score: 4157.8, , rmse_test: 13.1273, score_test: 311.3, Learning rate:0.00200000
Epoch: 11, Loss: 10.0297, Rmse_valid: 10.9327, valid_score: 4203.6, , rmse_test: 12.8777, score_test: 285.9, Learning rate:0.00020000
Epoch: 12, Loss: 9.9489, Rmse_valid: 11.3579, valid_score: 4156.2, , rmse_test: 12.9157, score_test: 291.6, Learning rate:0.00020000
Epoch: 13, Loss: 9.9105, Rmse_valid: 10.7429, valid_score: 4332.2, , rmse_test: 12.9229, score_test: 290.1, Learning rate:0.00020000
Epoch: 14, Loss: 9.8748, Rmse_valid: 10.6420, valid_score: 4545.3, , rmse_test: 13.1794, score_test: 324.0, Learning rate:0.00020000
Epoch: 15, Loss: 9.8471, Rmse_valid: 11.6875, valid_score: 4344.2, , rmse_test: 12.9140, score_test: 272.9, Learning rate:0.00020000
Epoch: 16, Loss: 9.8272, Rmse_valid: 11.1499, valid_score: 4613.2, , rmse_test: 13.1898, score_test: 324.0, Learning rate:0.00020000
Epoch: 17, Loss: 9.7880, Rmse_valid: 10.9737, valid_score: 5084.0, , rmse_test: 13.4230, score_test: 339.7, Learning rate:0.00020000
Epoch: 18, Loss: 9.7715, Rmse_valid: 11.3008, valid_score: 4547.0, , rmse_test: 13.2141, score_test: 323.7, Learning rate:0.00020000
Epoch: 19, Loss: 9.7144, Rmse_valid: 11.0086, valid_score: 4974.5, , rmse_test: 13.3069, score_test: 328.6, Learning rate:0.00020000
Epoch: 20, Loss: 9.7220, Rmse_valid: 11.3893, valid_score: 4166.7, , rmse_test: 12.9600, score_test: 265.3, Learning rate:0.00020000
Epoch: 21, Loss: 9.6682, Rmse_valid: 11.2328, valid_score: 4652.1, , rmse_test: 13.1418, score_test: 308.4, Learning rate:0.00002000
Epoch: 22, Loss: 9.6518, Rmse_valid: 10.9303, valid_score: 4701.3, , rmse_test: 13.1741, score_test: 313.7, Learning rate:0.00002000
Epoch: 23, Loss: 9.6501, Rmse_valid: 11.2077, valid_score: 4586.4, , rmse_test: 13.0981, score_test: 301.1, Learning rate:0.00002000
Epoch: 24, Loss: 9.6479, Rmse_valid: 10.8875, valid_score: 4662.0, , rmse_test: 13.1425, score_test: 309.6, Learning rate:0.00002000
Epoch: 25, Loss: 9.6345, Rmse_valid: 11.0865, valid_score: 4662.6, , rmse_test: 13.1525, score_test: 310.0, Learning rate:0.00002000
Epoch: 26, Loss: 9.6432, Rmse_valid: 10.7574, valid_score: 4577.7, , rmse_test: 13.0876, score_test: 300.1, Learning rate:0.00002000
Epoch: 27, Loss: 9.6375, Rmse_valid: 11.2159, valid_score: 4644.1, , rmse_test: 13.1258, score_test: 306.3, Learning rate:0.00002000
Epoch: 28, Loss: 9.6326, Rmse_valid: 11.0080, valid_score: 4506.0, , rmse_test: 13.0612, score_test: 294.7, Learning rate:0.00002000
Epoch: 29, Loss: 9.6304, Rmse_valid: 10.8657, valid_score: 4700.4, , rmse_test: 13.1633, score_test: 312.0, Learning rate:0.00002000
Epoch: 30, Loss: 9.6281, Rmse_valid: 11.0861, valid_score: 4646.1, , rmse_test: 13.1313, score_test: 308.0, Learning rate:0.00002000
[Train Summary] Restored best model from epoch 9, rmse_valid: 10.6267, valid_score: 4259.2, rmse_test: 13.0036, score_test: 297.2
[Train Time] start: 2026-04-17 14:35:52, end: 2026-04-17 14:37:02, duration: 0:01:10, total_seconds: 70.43
[Auto Test] command: /usr/bin/python /CMAPSS-release/scipt/test_model.py --sub-dataset FD001 --smooth-rate 40 --sequence-len 30 --feature-num 14 --dataset-root /CMAPSS-release/CMAPSSData/ --max-rul 125 --batch-size 128 --model-path /CMAPSS-release/trials/model_FD001_0417_143552.pkl
model_path:/CMAPSS-release/trials/model_FD001_0417_143552.pkl
rmse_final:12.892633438110352, score:286.4553527832031
