-----FD002-----
关键参数:
序列长度: 30
批大小(batch_size): 128
最大训练轮数(max_epochs): 30
随机数种子: 80
模型代号(model_code): FD002_F
学习率: 0.002
学习率调度器: step
Step步长(step_size): 10
Step衰减系数(gamma): 0.1
空间GAT: 关闭
时间注意力: 关闭
Decoder融合方式: concat
------------------------------
Epoch: 1, Loss: 28.7259, Rmse_valid: 23.3766, valid_score: 184135.6, , rmse_test: 22.7394, score_test: 9550.7, Learning rate:0.00200000
Epoch: 2, Loss: 22.2135, Rmse_valid: 22.3317, valid_score: 118564.9, , rmse_test: 19.2246, score_test: 2561.2, Learning rate:0.00200000
Epoch: 3, Loss: 19.6773, Rmse_valid: 21.0476, valid_score: 61910.1, , rmse_test: 18.2083, score_test: 1636.3, Learning rate:0.00200000
Epoch: 4, Loss: 18.3046, Rmse_valid: 20.6402, valid_score: 99873.1, , rmse_test: 18.2523, score_test: 2289.8, Learning rate:0.00200000
Epoch: 5, Loss: 17.5100, Rmse_valid: 18.1121, valid_score: 55155.8, , rmse_test: 16.3447, score_test: 1477.2, Learning rate:0.00200000
Epoch: 6, Loss: 16.8722, Rmse_valid: 20.0475, valid_score: 43389.6, , rmse_test: 19.1794, score_test: 1496.3, Learning rate:0.00200000
Epoch: 7, Loss: 16.3250, Rmse_valid: 17.5030, valid_score: 43347.5, , rmse_test: 15.7930, score_test: 1364.4, Learning rate:0.00200000
Epoch: 8, Loss: 15.9908, Rmse_valid: 17.2486, valid_score: 34027.4, , rmse_test: 15.0197, score_test: 1034.2, Learning rate:0.00200000
Epoch: 9, Loss: 15.6996, Rmse_valid: 17.0999, valid_score: 37276.2, , rmse_test: 14.5852, score_test: 1090.5, Learning rate:0.00200000
Epoch: 10, Loss: 15.3858, Rmse_valid: 16.8751, valid_score: 25089.8, , rmse_test: 14.4426, score_test: 847.6, Learning rate:0.00200000
Epoch: 11, Loss: 14.0088, Rmse_valid: 16.1956, valid_score: 35970.6, , rmse_test: 14.0857, score_test: 984.6, Learning rate:0.00020000
Epoch: 12, Loss: 13.8659, Rmse_valid: 15.8386, valid_score: 29825.8, , rmse_test: 13.8986, score_test: 1003.1, Learning rate:0.00020000
Epoch: 13, Loss: 13.7847, Rmse_valid: 15.8203, valid_score: 29405.8, , rmse_test: 13.7363, score_test: 968.0, Learning rate:0.00020000
Epoch: 14, Loss: 13.7177, Rmse_valid: 15.7906, valid_score: 28198.8, , rmse_test: 13.9092, score_test: 894.6, Learning rate:0.00020000
Epoch: 15, Loss: 13.6576, Rmse_valid: 15.8165, valid_score: 29409.5, , rmse_test: 13.8276, score_test: 1033.2, Learning rate:0.00020000
Epoch: 16, Loss: 13.6106, Rmse_valid: 15.8810, valid_score: 29046.8, , rmse_test: 13.9944, score_test: 965.5, Learning rate:0.00020000
Epoch: 17, Loss: 13.5622, Rmse_valid: 15.5835, valid_score: 28047.9, , rmse_test: 13.8151, score_test: 965.5, Learning rate:0.00020000
Epoch: 18, Loss: 13.5296, Rmse_valid: 15.5356, valid_score: 26472.4, , rmse_test: 13.7424, score_test: 934.7, Learning rate:0.00020000
Epoch: 19, Loss: 13.4970, Rmse_valid: 15.5224, valid_score: 28652.1, , rmse_test: 13.6533, score_test: 1067.1, Learning rate:0.00020000
Epoch: 20, Loss: 13.4506, Rmse_valid: 15.4604, valid_score: 29015.2, , rmse_test: 13.8947, score_test: 992.5, Learning rate:0.00020000
Epoch: 21, Loss: 13.3600, Rmse_valid: 15.4024, valid_score: 28766.1, , rmse_test: 13.8374, score_test: 1023.5, Learning rate:0.00002000
Epoch: 22, Loss: 13.3429, Rmse_valid: 15.4715, valid_score: 26784.9, , rmse_test: 13.7444, score_test: 978.1, Learning rate:0.00002000
Epoch: 23, Loss: 13.3397, Rmse_valid: 15.3840, valid_score: 28700.7, , rmse_test: 13.8906, score_test: 1050.5, Learning rate:0.00002000
Epoch: 24, Loss: 13.3373, Rmse_valid: 15.5334, valid_score: 28811.7, , rmse_test: 13.7926, score_test: 1022.4, Learning rate:0.00002000
Epoch: 25, Loss: 13.3308, Rmse_valid: 15.3697, valid_score: 28370.9, , rmse_test: 13.8542, score_test: 1040.6, Learning rate:0.00002000
Epoch: 26, Loss: 13.3285, Rmse_valid: 15.5281, valid_score: 28912.8, , rmse_test: 13.7925, score_test: 1027.0, Learning rate:0.00002000
Epoch: 27, Loss: 13.3242, Rmse_valid: 15.5736, valid_score: 28770.9, , rmse_test: 13.7675, score_test: 1002.2, Learning rate:0.00002000
Epoch: 28, Loss: 13.3209, Rmse_valid: 15.5761, valid_score: 29439.1, , rmse_test: 13.7986, score_test: 1035.0, Learning rate:0.00002000
Epoch: 29, Loss: 13.3174, Rmse_valid: 15.3496, valid_score: 28250.5, , rmse_test: 13.7741, score_test: 1017.4, Learning rate:0.00002000
Epoch: 30, Loss: 13.3126, Rmse_valid: 15.5232, valid_score: 28315.7, , rmse_test: 13.7439, score_test: 992.3, Learning rate:0.00002000
[Train Summary] Restored best model from epoch 29, rmse_valid: 15.3496, valid_score: 28250.5, rmse_test: 13.7741, score_test: 1017.4
[Train Time] start: 2026-04-17 19:50:17, end: 2026-04-17 19:53:26, duration: 0:03:09, total_seconds: 189.18
[Auto Test] command: /usr/bin/python /CMAPSS-release/scipt/test_model.py --sub-dataset FD002 --smooth-rate 40 --sequence-len 30 --feature-num 14 --dataset-root /CMAPSS-release/CMAPSSData/ --max-rul 125 --batch-size 128 --model-path /CMAPSS-release/trials/model_FD002_0417_195017.pkl
model_path:/CMAPSS-release/trials/model_FD002_0417_195017.pkl
rmse_final:13.716094970703125, score:974.5009765625
