-----FD003-----
关键参数:
序列长度: 30
批大小(batch_size): 128
最大训练轮数(max_epochs): 30
随机数种子: 62
模型代号(model_code): FD003_D
学习率: 0.002
学习率调度器: step
Step步长(step_size): 10
Step衰减系数(gamma): 0.1
空间GAT: 开启
时间注意力: 关闭
Decoder融合方式: gate
图构建模式(graph_mode): static_full
GAT层数(num_layers): 2
GAT邻居数(topk): 7
GAT嵌入维度: 8
GAT隐藏层维度: 16
------------------------------
Epoch: 1, Loss: 31.4226, Rmse_valid: 20.7543, valid_score: 26569.8, , rmse_test: 24.9624, score_test: 5741.1, Learning rate:0.00200000
Epoch: 2, Loss: 19.7037, Rmse_valid: 17.9642, valid_score: 17085.0, , rmse_test: 20.9748, score_test: 1730.3, Learning rate:0.00200000
Epoch: 3, Loss: 16.9268, Rmse_valid: 13.5022, valid_score: 10371.2, , rmse_test: 18.2872, score_test: 1461.5, Learning rate:0.00200000
Epoch: 4, Loss: 14.5334, Rmse_valid: 12.8247, valid_score: 10548.8, , rmse_test: 18.2976, score_test: 1360.7, Learning rate:0.00200000
Epoch: 5, Loss: 13.0507, Rmse_valid: 12.9084, valid_score: 13605.1, , rmse_test: 22.1343, score_test: 2634.8, Learning rate:0.00200000
Epoch: 6, Loss: 12.5567, Rmse_valid: 11.7556, valid_score: 8498.3, , rmse_test: 16.1498, score_test: 1170.8, Learning rate:0.00200000
Epoch: 7, Loss: 11.8064, Rmse_valid: 12.7833, valid_score: 7020.1, , rmse_test: 15.5826, score_test: 1041.2, Learning rate:0.00200000
Epoch: 8, Loss: 11.5600, Rmse_valid: 12.8143, valid_score: 16428.1, , rmse_test: 20.0549, score_test: 3606.4, Learning rate:0.00200000
Epoch: 9, Loss: 10.9511, Rmse_valid: 12.8136, valid_score: 16768.0, , rmse_test: 20.2195, score_test: 3316.7, Learning rate:0.00200000
Epoch: 10, Loss: 10.5684, Rmse_valid: 10.3822, valid_score: 6519.8, , rmse_test: 15.6629, score_test: 1340.2, Learning rate:0.00200000
Epoch: 11, Loss: 9.1872, Rmse_valid: 9.6820, valid_score: 5968.1, , rmse_test: 15.4449, score_test: 1167.6, Learning rate:0.00020000
Epoch: 12, Loss: 9.0644, Rmse_valid: 10.0436, valid_score: 5938.6, , rmse_test: 15.2298, score_test: 1003.4, Learning rate:0.00020000
Epoch: 13, Loss: 9.0003, Rmse_valid: 9.9749, valid_score: 5894.5, , rmse_test: 15.2943, score_test: 1123.4, Learning rate:0.00020000
Epoch: 14, Loss: 8.9270, Rmse_valid: 9.5418, valid_score: 5659.4, , rmse_test: 15.2264, score_test: 1177.4, Learning rate:0.00020000
Epoch: 15, Loss: 8.8606, Rmse_valid: 10.0106, valid_score: 6192.9, , rmse_test: 15.3899, score_test: 1117.2, Learning rate:0.00020000
Epoch: 16, Loss: 8.8066, Rmse_valid: 9.6653, valid_score: 5711.1, , rmse_test: 15.3730, score_test: 1164.9, Learning rate:0.00020000
Epoch: 17, Loss: 8.7533, Rmse_valid: 9.7356, valid_score: 6468.3, , rmse_test: 15.6008, score_test: 1136.2, Learning rate:0.00020000
Epoch: 18, Loss: 8.7049, Rmse_valid: 9.7143, valid_score: 5877.8, , rmse_test: 15.1983, score_test: 949.3, Learning rate:0.00020000
Epoch: 19, Loss: 8.6604, Rmse_valid: 9.7642, valid_score: 6106.8, , rmse_test: 15.5112, score_test: 1229.4, Learning rate:0.00020000
Epoch: 20, Loss: 8.6120, Rmse_valid: 9.7449, valid_score: 5703.2, , rmse_test: 15.1708, score_test: 995.3, Learning rate:0.00020000
Epoch: 21, Loss: 8.5105, Rmse_valid: 9.6697, valid_score: 5928.0, , rmse_test: 15.3452, score_test: 1111.0, Learning rate:0.00002000
Epoch: 22, Loss: 8.4987, Rmse_valid: 9.5643, valid_score: 6050.0, , rmse_test: 15.4224, score_test: 1131.6, Learning rate:0.00002000
Epoch: 23, Loss: 8.4940, Rmse_valid: 9.5927, valid_score: 6028.0, , rmse_test: 15.3795, score_test: 1108.7, Learning rate:0.00002000
Epoch: 24, Loss: 8.4876, Rmse_valid: 9.6835, valid_score: 5978.8, , rmse_test: 15.3333, score_test: 1121.8, Learning rate:0.00002000
Epoch: 25, Loss: 8.4812, Rmse_valid: 9.6480, valid_score: 6134.1, , rmse_test: 15.4246, score_test: 1125.8, Learning rate:0.00002000
Epoch: 26, Loss: 8.4766, Rmse_valid: 9.6131, valid_score: 6040.8, , rmse_test: 15.4232, score_test: 1095.9, Learning rate:0.00002000
Epoch: 27, Loss: 8.4708, Rmse_valid: 9.7330, valid_score: 6013.6, , rmse_test: 15.3464, score_test: 1068.4, Learning rate:0.00002000
Epoch: 28, Loss: 8.4651, Rmse_valid: 9.6263, valid_score: 5861.9, , rmse_test: 15.2582, score_test: 1045.5, Learning rate:0.00002000
Epoch: 29, Loss: 8.4611, Rmse_valid: 9.6269, valid_score: 6071.4, , rmse_test: 15.3676, score_test: 1115.5, Learning rate:0.00002000
Epoch: 30, Loss: 8.4566, Rmse_valid: 9.6307, valid_score: 6068.7, , rmse_test: 15.3719, score_test: 1099.7, Learning rate:0.00002000
[Train Summary] Restored best model from epoch 14, rmse_valid: 9.5418, valid_score: 5659.4, rmse_test: 15.2264, score_test: 1177.4
[Train Time] start: 2026-04-18 01:53:00, end: 2026-04-18 01:56:14, duration: 0:03:14, total_seconds: 193.63
[Auto Test] command: /usr/bin/python /CMAPSS-release/scipt/test_model.py --sub-dataset FD003 --smooth-rate 40 --sequence-len 30 --feature-num 14 --dataset-root /CMAPSS-release/CMAPSSData/ --max-rul 125 --batch-size 128 --model-path /CMAPSS-release/trials/model_FD003_0418_015300.pkl
model_path:/CMAPSS-release/trials/model_FD003_0418_015300.pkl
rmse_final:15.114232063293457, score:1121.2254638671875
