-----FD004-----
关键参数:
序列长度: 30
批大小(batch_size): 128
最大训练轮数(max_epochs): 30
随机数种子: 51
模型代号(model_code): FD004_GAT3L
学习率: 0.002
学习率调度器: step
Step步长(step_size): 10
Step衰减系数(gamma): 0.1
空间GAT: 开启
时间注意力: 关闭
Decoder融合方式: concat
图构建模式(graph_mode): dynamic_knn
GAT层数(num_layers): 3
GAT邻居数(topk): 5
GAT嵌入维度: 16
GAT隐藏层维度: 8
------------------------------
Epoch: 1, Loss: 28.0746, Rmse_valid: 20.5070, valid_score: 65662.5, , rmse_test: 24.1239, score_test: 7003.7, Learning rate:0.00200000
Epoch: 2, Loss: 21.3283, Rmse_valid: 19.2633, valid_score: 64327.7, , rmse_test: 20.6122, score_test: 3881.4, Learning rate:0.00200000
Epoch: 3, Loss: 19.8640, Rmse_valid: 19.8145, valid_score: 65766.7, , rmse_test: 20.4554, score_test: 4232.1, Learning rate:0.00200000
Epoch: 4, Loss: 19.1211, Rmse_valid: 20.0008, valid_score: 114423.3, , rmse_test: 23.0221, score_test: 7608.0, Learning rate:0.00200000
Epoch: 5, Loss: 18.4563, Rmse_valid: 19.3605, valid_score: 81344.4, , rmse_test: 19.2483, score_test: 2712.1, Learning rate:0.00200000
Epoch: 6, Loss: 17.9820, Rmse_valid: 18.2323, valid_score: 35094.7, , rmse_test: 20.4012, score_test: 3158.0, Learning rate:0.00200000
Epoch: 7, Loss: 17.4948, Rmse_valid: 17.8730, valid_score: 52563.6, , rmse_test: 18.8868, score_test: 3321.4, Learning rate:0.00200000
Epoch: 8, Loss: 17.2132, Rmse_valid: 18.2020, valid_score: 38523.8, , rmse_test: 20.0329, score_test: 2792.3, Learning rate:0.00200000
Epoch: 9, Loss: 16.7594, Rmse_valid: 19.2950, valid_score: 87097.1, , rmse_test: 19.2579, score_test: 3049.5, Learning rate:0.00200000
Epoch: 10, Loss: 16.5554, Rmse_valid: 17.6296, valid_score: 50492.1, , rmse_test: 18.5598, score_test: 2684.7, Learning rate:0.00200000
Epoch: 11, Loss: 14.7627, Rmse_valid: 16.6811, valid_score: 44127.4, , rmse_test: 17.9183, score_test: 2148.9, Learning rate:0.00020000
Epoch: 12, Loss: 14.5979, Rmse_valid: 16.6851, valid_score: 46079.1, , rmse_test: 18.0225, score_test: 2389.2, Learning rate:0.00020000
Epoch: 13, Loss: 14.5002, Rmse_valid: 16.8732, valid_score: 47278.7, , rmse_test: 17.8819, score_test: 2200.7, Learning rate:0.00020000
Epoch: 14, Loss: 14.4252, Rmse_valid: 17.0815, valid_score: 48596.2, , rmse_test: 17.6454, score_test: 2202.1, Learning rate:0.00020000
Epoch: 15, Loss: 14.3514, Rmse_valid: 16.9263, valid_score: 56405.1, , rmse_test: 18.2052, score_test: 2855.1, Learning rate:0.00020000
Epoch: 16, Loss: 14.3081, Rmse_valid: 16.6545, valid_score: 50906.0, , rmse_test: 17.9909, score_test: 2497.1, Learning rate:0.00020000
Epoch: 17, Loss: 14.2469, Rmse_valid: 17.3338, valid_score: 63400.5, , rmse_test: 18.1207, score_test: 2621.6, Learning rate:0.00020000
Epoch: 18, Loss: 14.1914, Rmse_valid: 17.1289, valid_score: 50183.0, , rmse_test: 17.4408, score_test: 1913.1, Learning rate:0.00020000
Epoch: 19, Loss: 14.1337, Rmse_valid: 16.9890, valid_score: 53999.6, , rmse_test: 17.7587, score_test: 2307.0, Learning rate:0.00020000
Epoch: 20, Loss: 14.0841, Rmse_valid: 17.1629, valid_score: 57399.3, , rmse_test: 17.4846, score_test: 2069.5, Learning rate:0.00020000
Epoch: 21, Loss: 13.9596, Rmse_valid: 16.6525, valid_score: 52326.2, , rmse_test: 17.7071, score_test: 2282.0, Learning rate:0.00002000
Epoch: 22, Loss: 13.9320, Rmse_valid: 16.8467, valid_score: 52800.6, , rmse_test: 17.5314, score_test: 2061.9, Learning rate:0.00002000
Epoch: 23, Loss: 13.9259, Rmse_valid: 16.8694, valid_score: 55354.1, , rmse_test: 17.7039, score_test: 2331.5, Learning rate:0.00002000
Epoch: 24, Loss: 13.9219, Rmse_valid: 16.6633, valid_score: 51960.4, , rmse_test: 17.7298, score_test: 2301.2, Learning rate:0.00002000
Epoch: 25, Loss: 13.9162, Rmse_valid: 16.6911, valid_score: 52331.3, , rmse_test: 17.6631, score_test: 2244.7, Learning rate:0.00002000
Epoch: 26, Loss: 13.9085, Rmse_valid: 16.8579, valid_score: 52836.7, , rmse_test: 17.7254, score_test: 2292.2, Learning rate:0.00002000
Epoch: 27, Loss: 13.9027, Rmse_valid: 16.9500, valid_score: 54682.4, , rmse_test: 17.6473, score_test: 2254.5, Learning rate:0.00002000
Epoch: 28, Loss: 13.8983, Rmse_valid: 16.7704, valid_score: 52881.6, , rmse_test: 17.6868, score_test: 2260.1, Learning rate:0.00002000
Epoch: 29, Loss: 13.8923, Rmse_valid: 16.6930, valid_score: 52995.0, , rmse_test: 17.7607, score_test: 2307.0, Learning rate:0.00002000
Epoch: 30, Loss: 13.8878, Rmse_valid: 16.8181, valid_score: 55362.1, , rmse_test: 17.6145, score_test: 2217.9, Learning rate:0.00002000
[Train Summary] Restored best model from epoch 21, rmse_valid: 16.6525, valid_score: 52326.2, rmse_test: 17.7071, score_test: 2282.0
[Train Time] start: 2026-04-16 13:27:00, end: 2026-04-16 13:35:32, duration: 0:08:32, total_seconds: 512.03
[Auto Test] command: /usr/bin/python /CMAPSS-release/scipt/test_model.py --sub-dataset FD004 --smooth-rate 40 --sequence-len 30 --feature-num 14 --dataset-root /CMAPSS-release/CMAPSSData/ --max-rul 125 --batch-size 128 --model-path /CMAPSS-release/trials/model_FD004_0416_132700.pkl
model_path:/CMAPSS-release/trials/model_FD004_0416_132700.pkl
rmse_final:17.610366821289062, score:2177.8974609375
