-----FD004-----
关键参数:
序列长度: 30
批大小(batch_size): 128
最大训练轮数(max_epochs): 30
随机数种子: 80
模型代号(model_code): FD004_GAT_2L
学习率: 0.002
学习率调度器: step
Step步长(step_size): 10
Step衰减系数(gamma): 0.1
空间GAT: 开启
时间注意力: 关闭
Decoder融合方式: concat
图构建模式(graph_mode): dynamic_knn
GAT层数(num_layers): 2
GAT邻居数(topk): 5
GAT嵌入维度: 16
GAT隐藏层维度: 16
------------------------------
Epoch: 1, Loss: 25.5214, Rmse_valid: 21.7270, valid_score: 109730.3, , rmse_test: 25.5566, score_test: 13130.2, Learning rate:0.00200000
Epoch: 2, Loss: 21.3279, Rmse_valid: 20.1673, valid_score: 70882.5, , rmse_test: 22.0843, score_test: 6838.1, Learning rate:0.00200000
Epoch: 3, Loss: 19.7707, Rmse_valid: 18.4774, valid_score: 42650.2, , rmse_test: 20.3142, score_test: 3199.8, Learning rate:0.00200000
Epoch: 4, Loss: 19.0000, Rmse_valid: 17.3972, valid_score: 38425.9, , rmse_test: 19.2193, score_test: 2738.2, Learning rate:0.00200000
Epoch: 5, Loss: 18.5022, Rmse_valid: 17.7325, valid_score: 38509.3, , rmse_test: 19.7989, score_test: 3726.6, Learning rate:0.00200000
Epoch: 6, Loss: 18.0023, Rmse_valid: 16.7885, valid_score: 33305.7, , rmse_test: 19.3672, score_test: 2786.3, Learning rate:0.00200000
Epoch: 7, Loss: 17.5021, Rmse_valid: 18.8444, valid_score: 77186.1, , rmse_test: 19.6376, score_test: 3021.1, Learning rate:0.00200000
Epoch: 8, Loss: 17.1748, Rmse_valid: 17.6522, valid_score: 58799.8, , rmse_test: 18.4626, score_test: 2482.1, Learning rate:0.00200000
Epoch: 9, Loss: 16.8219, Rmse_valid: 18.4545, valid_score: 79366.6, , rmse_test: 19.3198, score_test: 2620.9, Learning rate:0.00200000
Epoch: 10, Loss: 16.4822, Rmse_valid: 17.7651, valid_score: 31606.1, , rmse_test: 19.0760, score_test: 1882.6, Learning rate:0.00200000
Epoch: 11, Loss: 14.8628, Rmse_valid: 17.4106, valid_score: 55015.0, , rmse_test: 18.5139, score_test: 2324.3, Learning rate:0.00020000
Epoch: 12, Loss: 14.6591, Rmse_valid: 16.9299, valid_score: 49331.7, , rmse_test: 18.4640, score_test: 2188.3, Learning rate:0.00020000
Epoch: 13, Loss: 14.5638, Rmse_valid: 17.1474, valid_score: 59923.9, , rmse_test: 18.5870, score_test: 2373.1, Learning rate:0.00020000
Epoch: 14, Loss: 14.4768, Rmse_valid: 17.4999, valid_score: 60937.5, , rmse_test: 18.3779, score_test: 2222.3, Learning rate:0.00020000
Epoch: 15, Loss: 14.4110, Rmse_valid: 17.1060, valid_score: 56976.9, , rmse_test: 18.5381, score_test: 2251.7, Learning rate:0.00020000
Epoch: 16, Loss: 14.3522, Rmse_valid: 17.7495, valid_score: 67253.1, , rmse_test: 18.4395, score_test: 2397.3, Learning rate:0.00020000
Epoch: 17, Loss: 14.2918, Rmse_valid: 17.2724, valid_score: 59266.5, , rmse_test: 18.4303, score_test: 2364.6, Learning rate:0.00020000
Epoch: 18, Loss: 14.2395, Rmse_valid: 17.3058, valid_score: 64375.9, , rmse_test: 18.4787, score_test: 2283.0, Learning rate:0.00020000
Epoch: 19, Loss: 14.1776, Rmse_valid: 17.4329, valid_score: 62893.4, , rmse_test: 18.8219, score_test: 2366.3, Learning rate:0.00020000
Epoch: 20, Loss: 14.1401, Rmse_valid: 17.3442, valid_score: 52712.3, , rmse_test: 18.9334, score_test: 2137.3, Learning rate:0.00020000
Epoch: 21, Loss: 13.9993, Rmse_valid: 17.6204, valid_score: 61429.8, , rmse_test: 18.5706, score_test: 2426.6, Learning rate:0.00002000
Epoch: 22, Loss: 13.9768, Rmse_valid: 17.1952, valid_score: 60174.0, , rmse_test: 18.5798, score_test: 2344.1, Learning rate:0.00002000
Epoch: 23, Loss: 13.9675, Rmse_valid: 17.5639, valid_score: 60802.3, , rmse_test: 18.5542, score_test: 2380.1, Learning rate:0.00002000
Epoch: 24, Loss: 13.9637, Rmse_valid: 17.4428, valid_score: 61984.4, , rmse_test: 18.5813, score_test: 2406.6, Learning rate:0.00002000
Epoch: 25, Loss: 13.9541, Rmse_valid: 17.4686, valid_score: 63119.1, , rmse_test: 18.5953, score_test: 2423.9, Learning rate:0.00002000
Epoch: 26, Loss: 13.9496, Rmse_valid: 17.5404, valid_score: 64536.1, , rmse_test: 18.6420, score_test: 2409.6, Learning rate:0.00002000
Epoch: 27, Loss: 13.9447, Rmse_valid: 17.2448, valid_score: 60708.0, , rmse_test: 18.5856, score_test: 2319.5, Learning rate:0.00002000
Epoch: 28, Loss: 13.9401, Rmse_valid: 17.5144, valid_score: 63154.7, , rmse_test: 18.6261, score_test: 2384.2, Learning rate:0.00002000
Epoch: 29, Loss: 13.9336, Rmse_valid: 17.5681, valid_score: 62215.0, , rmse_test: 18.5708, score_test: 2385.8, Learning rate:0.00002000
Epoch: 30, Loss: 13.9282, Rmse_valid: 17.6286, valid_score: 61494.9, , rmse_test: 18.5609, score_test: 2319.1, Learning rate:0.00002000
[Train Summary] Restored best model from epoch 6, rmse_valid: 16.7885, valid_score: 33305.7, rmse_test: 19.3672, score_test: 2786.3
[Train Time] start: 2026-04-16 16:22:54, end: 2026-04-16 16:30:27, duration: 0:07:33, total_seconds: 453.06
[Auto Test] command: /usr/bin/python /CMAPSS-release/scipt/test_model.py --sub-dataset FD004 --smooth-rate 40 --sequence-len 30 --feature-num 14 --dataset-root /CMAPSS-release/CMAPSSData/ --max-rul 125 --batch-size 128 --model-path /CMAPSS-release/trials/model_FD004_0416_162254.pkl
model_path:/CMAPSS-release/trials/model_FD004_0416_162254.pkl
rmse_final:19.352523803710938, score:2720.3349609375
