-----FD001-----
关键参数:
序列长度: 30
批大小(batch_size): 128
最大训练轮数(max_epochs): 30
随机数种子: 2
模型代号(model_code): FD001_F
学习率: 0.002
学习率调度器: step
Step步长(step_size): 10
Step衰减系数(gamma): 0.1
空间GAT: 关闭
时间注意力: 关闭
Decoder融合方式: concat
------------------------------
Epoch: 1, Loss: 24.9350, Rmse_valid: 18.6103, valid_score: 12865.6, , rmse_test: 20.1090, score_test: 1530.7, Learning rate:0.00200000
Epoch: 2, Loss: 16.1368, Rmse_valid: 14.7750, valid_score: 8862.5, , rmse_test: 17.4717, score_test: 673.4, Learning rate:0.00200000
Epoch: 3, Loss: 13.5464, Rmse_valid: 13.6627, valid_score: 8107.1, , rmse_test: 16.8752, score_test: 659.5, Learning rate:0.00200000
Epoch: 4, Loss: 12.9038, Rmse_valid: 12.6408, valid_score: 3904.0, , rmse_test: 13.8141, score_test: 248.0, Learning rate:0.00200000
Epoch: 5, Loss: 12.4651, Rmse_valid: 11.4225, valid_score: 5109.5, , rmse_test: 14.7398, score_test: 395.4, Learning rate:0.00200000
Epoch: 6, Loss: 11.9790, Rmse_valid: 12.1357, valid_score: 3874.3, , rmse_test: 13.6759, score_test: 246.2, Learning rate:0.00200000
Epoch: 7, Loss: 11.6244, Rmse_valid: 12.8046, valid_score: 3938.1, , rmse_test: 14.2704, score_test: 246.5, Learning rate:0.00200000
Epoch: 8, Loss: 11.4941, Rmse_valid: 11.9135, valid_score: 6361.6, , rmse_test: 14.7465, score_test: 417.0, Learning rate:0.00200000
Epoch: 9, Loss: 11.3524, Rmse_valid: 12.3298, valid_score: 6656.6, , rmse_test: 15.2574, score_test: 448.3, Learning rate:0.00200000
Epoch: 10, Loss: 11.2678, Rmse_valid: 10.8055, valid_score: 4231.2, , rmse_test: 13.2626, score_test: 271.4, Learning rate:0.00200000
Epoch: 11, Loss: 10.1863, Rmse_valid: 10.4570, valid_score: 4153.2, , rmse_test: 13.2952, score_test: 261.9, Learning rate:0.00020000
Epoch: 12, Loss: 10.1460, Rmse_valid: 10.8166, valid_score: 4272.8, , rmse_test: 13.3656, score_test: 274.9, Learning rate:0.00020000
Epoch: 13, Loss: 10.1063, Rmse_valid: 10.4775, valid_score: 4370.7, , rmse_test: 13.3303, score_test: 271.0, Learning rate:0.00020000
Epoch: 14, Loss: 10.0795, Rmse_valid: 10.6816, valid_score: 4431.4, , rmse_test: 13.5217, score_test: 298.5, Learning rate:0.00020000
Epoch: 15, Loss: 10.0409, Rmse_valid: 11.3636, valid_score: 4782.2, , rmse_test: 13.7137, score_test: 311.2, Learning rate:0.00020000
Epoch: 16, Loss: 10.0150, Rmse_valid: 10.5465, valid_score: 4471.8, , rmse_test: 13.4516, score_test: 288.9, Learning rate:0.00020000
Epoch: 17, Loss: 9.9992, Rmse_valid: 10.7803, valid_score: 4862.5, , rmse_test: 13.6502, score_test: 315.0, Learning rate:0.00020000
Epoch: 18, Loss: 9.9651, Rmse_valid: 10.5861, valid_score: 4455.6, , rmse_test: 13.3640, score_test: 283.4, Learning rate:0.00020000
Epoch: 19, Loss: 9.9596, Rmse_valid: 10.8659, valid_score: 4179.6, , rmse_test: 13.2564, score_test: 267.1, Learning rate:0.00020000
Epoch: 20, Loss: 9.9267, Rmse_valid: 10.5289, valid_score: 4432.7, , rmse_test: 13.3777, score_test: 277.7, Learning rate:0.00020000
Epoch: 21, Loss: 9.8863, Rmse_valid: 10.9825, valid_score: 4424.7, , rmse_test: 13.3382, score_test: 281.8, Learning rate:0.00002000
Epoch: 22, Loss: 9.8734, Rmse_valid: 10.6465, valid_score: 4330.3, , rmse_test: 13.2836, score_test: 274.3, Learning rate:0.00002000
Epoch: 23, Loss: 9.8658, Rmse_valid: 10.9773, valid_score: 4361.6, , rmse_test: 13.3028, score_test: 276.3, Learning rate:0.00002000
Epoch: 24, Loss: 9.8547, Rmse_valid: 10.5993, valid_score: 4386.3, , rmse_test: 13.3152, score_test: 279.1, Learning rate:0.00002000
Epoch: 25, Loss: 9.8516, Rmse_valid: 10.7226, valid_score: 4546.7, , rmse_test: 13.4077, score_test: 290.3, Learning rate:0.00002000
Epoch: 26, Loss: 9.8669, Rmse_valid: 10.9426, valid_score: 4392.3, , rmse_test: 13.3074, score_test: 278.5, Learning rate:0.00002000
Epoch: 27, Loss: 9.8544, Rmse_valid: 10.7068, valid_score: 4336.4, , rmse_test: 13.2785, score_test: 273.1, Learning rate:0.00002000
Epoch: 28, Loss: 9.8514, Rmse_valid: 11.0743, valid_score: 4336.6, , rmse_test: 13.2747, score_test: 273.0, Learning rate:0.00002000
Epoch: 29, Loss: 9.8444, Rmse_valid: 10.5852, valid_score: 4390.5, , rmse_test: 13.3088, score_test: 277.9, Learning rate:0.00002000
Epoch: 30, Loss: 9.8595, Rmse_valid: 10.9977, valid_score: 4411.9, , rmse_test: 13.3318, score_test: 281.3, Learning rate:0.00002000
[Train Summary] Restored best model from epoch 11, rmse_valid: 10.4570, valid_score: 4153.2, rmse_test: 13.2952, score_test: 261.9
[Train Time] start: 2026-04-17 14:24:52, end: 2026-04-17 14:26:13, duration: 0:01:21, total_seconds: 80.91
[Auto Test] command: /usr/bin/python /CMAPSS-release/scipt/test_model.py --sub-dataset FD001 --smooth-rate 40 --sequence-len 30 --feature-num 14 --dataset-root /CMAPSS-release/CMAPSSData/ --max-rul 125 --batch-size 128 --model-path /CMAPSS-release/trials/model_FD001_0417_142452.pkl
model_path:/CMAPSS-release/trials/model_FD001_0417_142452.pkl
rmse_final:13.259714126586914, score:256.36968994140625
