-----FD004-----
关键参数:
序列长度: 30
批大小(batch_size): 128
最大训练轮数(max_epochs): 30
随机数种子: 80
模型代号(model_code): FD004_GAT_2L_hidden_dim6
学习率: 0.002
学习率调度器: step
Step步长(step_size): 10
Step衰减系数(gamma): 0.1
空间GAT: 开启
时间注意力: 关闭
Decoder融合方式: concat
图构建模式(graph_mode): dynamic_knn
GAT层数(num_layers): 2
GAT邻居数(topk): 5
GAT嵌入维度: 16
GAT隐藏层维度: 6
------------------------------
Epoch: 1, Loss: 25.7844, Rmse_valid: 21.0417, valid_score: 65276.0, , rmse_test: 23.2235, score_test: 5740.0, Learning rate:0.00200000
Epoch: 2, Loss: 21.3923, Rmse_valid: 20.4808, valid_score: 88147.4, , rmse_test: 22.0720, score_test: 5177.2, Learning rate:0.00200000
Epoch: 3, Loss: 19.6764, Rmse_valid: 17.8647, valid_score: 37456.5, , rmse_test: 18.5066, score_test: 1854.7, Learning rate:0.00200000
Epoch: 4, Loss: 18.4861, Rmse_valid: 18.2415, valid_score: 52614.5, , rmse_test: 18.6983, score_test: 3240.9, Learning rate:0.00200000
Epoch: 5, Loss: 17.7941, Rmse_valid: 19.2303, valid_score: 88306.4, , rmse_test: 19.4169, score_test: 3078.4, Learning rate:0.00200000
Epoch: 6, Loss: 17.3430, Rmse_valid: 18.4608, valid_score: 67207.1, , rmse_test: 18.0323, score_test: 2212.3, Learning rate:0.00200000
Epoch: 7, Loss: 16.9401, Rmse_valid: 18.5711, valid_score: 82735.8, , rmse_test: 18.9911, score_test: 3237.4, Learning rate:0.00200000
Epoch: 8, Loss: 16.4719, Rmse_valid: 21.1458, valid_score: 135429.2, , rmse_test: 20.4150, score_test: 4587.9, Learning rate:0.00200000
Epoch: 9, Loss: 16.3574, Rmse_valid: 17.2218, valid_score: 40833.4, , rmse_test: 17.3816, score_test: 1498.1, Learning rate:0.00200000
Epoch: 10, Loss: 15.9743, Rmse_valid: 17.3611, valid_score: 38077.9, , rmse_test: 17.3032, score_test: 1431.2, Learning rate:0.00200000
Epoch: 11, Loss: 14.2944, Rmse_valid: 17.0534, valid_score: 48434.1, , rmse_test: 17.6122, score_test: 2125.4, Learning rate:0.00020000
Epoch: 12, Loss: 14.1448, Rmse_valid: 17.2331, valid_score: 52642.9, , rmse_test: 17.0661, score_test: 1699.9, Learning rate:0.00020000
Epoch: 13, Loss: 14.0445, Rmse_valid: 17.1026, valid_score: 49327.3, , rmse_test: 17.5781, score_test: 1837.8, Learning rate:0.00020000
Epoch: 14, Loss: 13.9777, Rmse_valid: 17.1868, valid_score: 44595.4, , rmse_test: 16.9068, score_test: 1506.0, Learning rate:0.00020000
Epoch: 15, Loss: 13.9173, Rmse_valid: 17.1253, valid_score: 51263.8, , rmse_test: 17.4084, score_test: 1872.6, Learning rate:0.00020000
Epoch: 16, Loss: 13.8686, Rmse_valid: 17.3076, valid_score: 53386.6, , rmse_test: 17.2119, score_test: 1830.5, Learning rate:0.00020000
Epoch: 17, Loss: 13.8055, Rmse_valid: 17.2626, valid_score: 52236.8, , rmse_test: 17.0650, score_test: 1716.7, Learning rate:0.00020000
Epoch: 18, Loss: 13.7582, Rmse_valid: 17.1502, valid_score: 50819.9, , rmse_test: 17.1458, score_test: 1663.9, Learning rate:0.00020000
Epoch: 19, Loss: 13.7134, Rmse_valid: 17.2308, valid_score: 58243.7, , rmse_test: 17.5126, score_test: 2074.0, Learning rate:0.00020000
Epoch: 20, Loss: 13.6676, Rmse_valid: 16.4496, valid_score: 42950.1, , rmse_test: 17.5521, score_test: 1893.5, Learning rate:0.00020000
Epoch: 21, Loss: 13.5519, Rmse_valid: 17.1173, valid_score: 46823.7, , rmse_test: 17.2480, score_test: 1681.5, Learning rate:0.00002000
Epoch: 22, Loss: 13.5227, Rmse_valid: 17.0976, valid_score: 47842.9, , rmse_test: 17.3216, score_test: 1726.5, Learning rate:0.00002000
Epoch: 23, Loss: 13.5168, Rmse_valid: 16.9695, valid_score: 46748.6, , rmse_test: 17.2994, score_test: 1699.1, Learning rate:0.00002000
Epoch: 24, Loss: 13.5144, Rmse_valid: 17.1538, valid_score: 46510.4, , rmse_test: 17.2999, score_test: 1708.3, Learning rate:0.00002000
Epoch: 25, Loss: 13.5071, Rmse_valid: 16.9753, valid_score: 46837.0, , rmse_test: 17.2376, score_test: 1691.0, Learning rate:0.00002000
Epoch: 26, Loss: 13.5029, Rmse_valid: 17.0970, valid_score: 46878.8, , rmse_test: 17.3216, score_test: 1726.1, Learning rate:0.00002000
Epoch: 27, Loss: 13.4972, Rmse_valid: 16.9510, valid_score: 46483.6, , rmse_test: 17.2756, score_test: 1695.6, Learning rate:0.00002000
Epoch: 28, Loss: 13.4925, Rmse_valid: 17.0109, valid_score: 48283.0, , rmse_test: 17.2553, score_test: 1692.4, Learning rate:0.00002000
Epoch: 29, Loss: 13.4847, Rmse_valid: 17.3004, valid_score: 49902.8, , rmse_test: 17.3319, score_test: 1790.3, Learning rate:0.00002000
Epoch: 30, Loss: 13.4834, Rmse_valid: 17.0370, valid_score: 48262.7, , rmse_test: 17.3195, score_test: 1729.9, Learning rate:0.00002000
[Train Summary] Restored best model from epoch 20, rmse_valid: 16.4496, valid_score: 42950.1, rmse_test: 17.5521, score_test: 1893.5
[Train Time] start: 2026-04-16 20:39:12, end: 2026-04-16 20:47:03, duration: 0:07:51, total_seconds: 470.67
[Auto Test] command: /usr/bin/python /CMAPSS-release/scipt/test_model.py --sub-dataset FD004 --smooth-rate 40 --sequence-len 30 --feature-num 14 --dataset-root /CMAPSS-release/CMAPSSData/ --max-rul 125 --batch-size 128 --model-path /CMAPSS-release/trials/model_FD004_0416_203912.pkl
model_path:/CMAPSS-release/trials/model_FD004_0416_203912.pkl
rmse_final:17.50702667236328, score:1846.6484375
