-----FD004-----
关键参数:
序列长度: 30
批大小(batch_size): 128
最大训练轮数(max_epochs): 30
随机数种子: 2
模型代号(model_code): FD004_C
学习率: 0.002
学习率调度器: step
Step步长(step_size): 10
Step衰减系数(gamma): 0.1
空间GAT: 开启
时间注意力: 关闭
Decoder融合方式: gate
图构建模式(graph_mode): static_knn
GAT层数(num_layers): 2
GAT邻居数(topk): 7
GAT嵌入维度: 8
GAT隐藏层维度: 16
------------------------------
Epoch: 1, Loss: 25.8372, Rmse_valid: 20.9610, valid_score: 75579.2, , rmse_test: 24.3942, score_test: 8625.7, Learning rate:0.00200000
Epoch: 2, Loss: 21.0006, Rmse_valid: 20.1983, valid_score: 66251.2, , rmse_test: 21.8966, score_test: 5807.7, Learning rate:0.00200000
Epoch: 3, Loss: 19.5969, Rmse_valid: 20.0378, valid_score: 95116.0, , rmse_test: 23.2137, score_test: 8990.0, Learning rate:0.00200000
Epoch: 4, Loss: 18.9058, Rmse_valid: 19.6209, valid_score: 75032.3, , rmse_test: 20.1446, score_test: 3339.6, Learning rate:0.00200000
Epoch: 5, Loss: 18.4029, Rmse_valid: 20.7915, valid_score: 111365.6, , rmse_test: 22.0289, score_test: 6538.5, Learning rate:0.00200000
Epoch: 6, Loss: 17.8737, Rmse_valid: 19.9475, valid_score: 98368.6, , rmse_test: 20.8690, score_test: 7616.9, Learning rate:0.00200000
Epoch: 7, Loss: 17.4948, Rmse_valid: 18.9470, valid_score: 73984.7, , rmse_test: 19.2905, score_test: 2965.2, Learning rate:0.00200000
Epoch: 8, Loss: 17.1309, Rmse_valid: 17.1017, valid_score: 46156.8, , rmse_test: 18.4575, score_test: 3157.4, Learning rate:0.00200000
Epoch: 9, Loss: 16.8246, Rmse_valid: 17.8819, valid_score: 49100.0, , rmse_test: 17.9212, score_test: 2169.0, Learning rate:0.00200000
Epoch: 10, Loss: 16.5787, Rmse_valid: 17.4150, valid_score: 53068.7, , rmse_test: 18.9562, score_test: 2849.5, Learning rate:0.00200000
Epoch: 11, Loss: 14.8990, Rmse_valid: 17.3860, valid_score: 48295.4, , rmse_test: 18.0186, score_test: 2268.4, Learning rate:0.00020000
Epoch: 12, Loss: 14.6934, Rmse_valid: 17.5907, valid_score: 52092.6, , rmse_test: 18.1685, score_test: 2577.4, Learning rate:0.00020000
Epoch: 13, Loss: 14.6002, Rmse_valid: 17.2003, valid_score: 50249.6, , rmse_test: 18.0635, score_test: 2360.6, Learning rate:0.00020000
Epoch: 14, Loss: 14.5334, Rmse_valid: 17.3066, valid_score: 51671.3, , rmse_test: 18.2023, score_test: 2375.2, Learning rate:0.00020000
Epoch: 15, Loss: 14.4610, Rmse_valid: 17.6016, valid_score: 51237.7, , rmse_test: 17.7521, score_test: 1980.4, Learning rate:0.00020000
Epoch: 16, Loss: 14.4119, Rmse_valid: 17.1565, valid_score: 47092.4, , rmse_test: 18.4895, score_test: 2455.4, Learning rate:0.00020000
Epoch: 17, Loss: 14.3644, Rmse_valid: 17.2118, valid_score: 53396.4, , rmse_test: 17.8850, score_test: 2286.4, Learning rate:0.00020000
Epoch: 18, Loss: 14.3239, Rmse_valid: 17.2862, valid_score: 50420.8, , rmse_test: 17.8652, score_test: 2197.8, Learning rate:0.00020000
Epoch: 19, Loss: 14.2798, Rmse_valid: 17.3955, valid_score: 55588.7, , rmse_test: 17.9944, score_test: 2308.0, Learning rate:0.00020000
Epoch: 20, Loss: 14.2257, Rmse_valid: 17.6525, valid_score: 60620.6, , rmse_test: 17.8877, score_test: 2164.8, Learning rate:0.00020000
Epoch: 21, Loss: 14.1060, Rmse_valid: 17.3299, valid_score: 53667.6, , rmse_test: 17.9112, score_test: 2224.5, Learning rate:0.00002000
Epoch: 22, Loss: 14.0783, Rmse_valid: 17.3042, valid_score: 51771.1, , rmse_test: 17.7834, score_test: 2051.4, Learning rate:0.00002000
Epoch: 23, Loss: 14.0753, Rmse_valid: 17.2045, valid_score: 52837.6, , rmse_test: 17.8294, score_test: 2131.5, Learning rate:0.00002000
Epoch: 24, Loss: 14.0682, Rmse_valid: 17.3806, valid_score: 49279.5, , rmse_test: 17.8728, score_test: 2065.3, Learning rate:0.00002000
Epoch: 25, Loss: 14.0663, Rmse_valid: 17.2332, valid_score: 50406.4, , rmse_test: 17.8507, score_test: 2078.8, Learning rate:0.00002000
Epoch: 26, Loss: 14.0587, Rmse_valid: 17.2971, valid_score: 51968.1, , rmse_test: 17.8714, score_test: 2141.9, Learning rate:0.00002000
Epoch: 27, Loss: 14.0555, Rmse_valid: 17.1381, valid_score: 53258.9, , rmse_test: 17.8580, score_test: 2153.2, Learning rate:0.00002000
Epoch: 28, Loss: 14.0504, Rmse_valid: 17.2304, valid_score: 52746.6, , rmse_test: 17.8808, score_test: 2138.1, Learning rate:0.00002000
Epoch: 29, Loss: 14.0455, Rmse_valid: 17.4202, valid_score: 54703.8, , rmse_test: 17.8814, score_test: 2209.5, Learning rate:0.00002000
Epoch: 30, Loss: 14.0401, Rmse_valid: 17.3810, valid_score: 53532.9, , rmse_test: 17.8388, score_test: 2129.1, Learning rate:0.00002000
[Train Summary] Restored best model from epoch 8, rmse_valid: 17.1017, valid_score: 46156.8, rmse_test: 18.4575, score_test: 3157.4
[Train Time] start: 2026-04-18 05:46:33, end: 2026-04-18 05:54:45, duration: 0:08:11, total_seconds: 491.49
[Auto Test] command: /usr/bin/python /CMAPSS-release/scipt/test_model.py --sub-dataset FD004 --smooth-rate 40 --sequence-len 30 --feature-num 14 --dataset-root /CMAPSS-release/CMAPSSData/ --max-rul 125 --batch-size 128 --model-path /CMAPSS-release/trials/model_FD004_0418_054633.pkl
model_path:/CMAPSS-release/trials/model_FD004_0418_054633.pkl
rmse_final:18.354923248291016, score:2977.2734375
