-----FD004-----
关键参数:
序列长度: 30
批大小(batch_size): 128
最大训练轮数(max_epochs): 30
随机数种子: 33
模型代号(model_code): FD004_GAT_embed_dim8_topk5
学习率: 0.002
学习率调度器: step
Step步长(step_size): 10
Step衰减系数(gamma): 0.1
空间GAT: 开启
时间注意力: 关闭
Decoder融合方式: concat
图构建模式(graph_mode): dynamic_knn
GAT层数(num_layers): 2
GAT邻居数(topk): 5
GAT嵌入维度: 8
GAT隐藏层维度: 16
------------------------------
Epoch: 1, Loss: 25.0650, Rmse_valid: 20.9541, valid_score: 49662.2, , rmse_test: 23.9117, score_test: 4694.4, Learning rate:0.00200000
Epoch: 2, Loss: 21.3959, Rmse_valid: 18.8549, valid_score: 43436.2, , rmse_test: 20.9861, score_test: 3937.0, Learning rate:0.00200000
Epoch: 3, Loss: 19.7482, Rmse_valid: 18.4254, valid_score: 37256.4, , rmse_test: 19.0282, score_test: 2394.9, Learning rate:0.00200000
Epoch: 4, Loss: 18.6684, Rmse_valid: 18.4288, valid_score: 51688.5, , rmse_test: 18.8090, score_test: 2352.4, Learning rate:0.00200000
Epoch: 5, Loss: 18.0825, Rmse_valid: 18.2619, valid_score: 46307.6, , rmse_test: 19.0989, score_test: 3457.9, Learning rate:0.00200000
Epoch: 6, Loss: 17.5151, Rmse_valid: 18.4762, valid_score: 56271.0, , rmse_test: 17.9921, score_test: 1886.3, Learning rate:0.00200000
Epoch: 7, Loss: 16.9621, Rmse_valid: 19.2793, valid_score: 89240.9, , rmse_test: 22.6695, score_test: 6289.3, Learning rate:0.00200000
Epoch: 8, Loss: 16.5560, Rmse_valid: 17.5121, valid_score: 50771.4, , rmse_test: 18.1679, score_test: 2375.1, Learning rate:0.00200000
Epoch: 9, Loss: 16.3014, Rmse_valid: 17.8906, valid_score: 57703.7, , rmse_test: 19.2552, score_test: 2781.9, Learning rate:0.00200000
Epoch: 10, Loss: 15.8565, Rmse_valid: 17.1875, valid_score: 40143.1, , rmse_test: 17.4931, score_test: 1711.5, Learning rate:0.00200000
Epoch: 11, Loss: 14.1014, Rmse_valid: 17.3221, valid_score: 74289.5, , rmse_test: 17.4894, score_test: 2061.9, Learning rate:0.00020000
Epoch: 12, Loss: 13.8935, Rmse_valid: 17.2879, valid_score: 75049.1, , rmse_test: 17.2986, score_test: 1937.5, Learning rate:0.00020000
Epoch: 13, Loss: 13.8072, Rmse_valid: 17.5940, valid_score: 85173.4, , rmse_test: 17.5645, score_test: 2142.6, Learning rate:0.00020000
Epoch: 14, Loss: 13.7228, Rmse_valid: 17.2634, valid_score: 78967.0, , rmse_test: 17.3535, score_test: 1865.8, Learning rate:0.00020000
Epoch: 15, Loss: 13.6569, Rmse_valid: 17.4016, valid_score: 95626.9, , rmse_test: 17.5278, score_test: 2141.7, Learning rate:0.00020000
Epoch: 16, Loss: 13.6030, Rmse_valid: 17.7945, valid_score: 98280.2, , rmse_test: 17.7963, score_test: 2389.7, Learning rate:0.00020000
Epoch: 17, Loss: 13.5399, Rmse_valid: 17.7266, valid_score: 92616.4, , rmse_test: 17.4609, score_test: 2132.2, Learning rate:0.00020000
Epoch: 18, Loss: 13.4863, Rmse_valid: 17.7323, valid_score: 93226.9, , rmse_test: 17.3283, score_test: 1959.5, Learning rate:0.00020000
Epoch: 19, Loss: 13.4385, Rmse_valid: 18.0024, valid_score: 94095.5, , rmse_test: 17.4263, score_test: 2147.8, Learning rate:0.00020000
Epoch: 20, Loss: 13.3791, Rmse_valid: 17.9944, valid_score: 116942.3, , rmse_test: 17.7112, score_test: 2304.7, Learning rate:0.00020000
Epoch: 21, Loss: 13.2419, Rmse_valid: 17.8944, valid_score: 108035.6, , rmse_test: 17.4894, score_test: 2118.3, Learning rate:0.00002000
Epoch: 22, Loss: 13.2235, Rmse_valid: 17.7238, valid_score: 107360.1, , rmse_test: 17.5536, score_test: 2161.6, Learning rate:0.00002000
Epoch: 23, Loss: 13.2146, Rmse_valid: 17.7760, valid_score: 109556.5, , rmse_test: 17.4446, score_test: 2101.2, Learning rate:0.00002000
Epoch: 24, Loss: 13.2086, Rmse_valid: 17.6412, valid_score: 103847.6, , rmse_test: 17.3859, score_test: 2083.7, Learning rate:0.00002000
Epoch: 25, Loss: 13.2034, Rmse_valid: 17.7891, valid_score: 109448.8, , rmse_test: 17.5795, score_test: 2172.3, Learning rate:0.00002000
Epoch: 26, Loss: 13.1974, Rmse_valid: 17.7971, valid_score: 108253.2, , rmse_test: 17.5352, score_test: 2178.3, Learning rate:0.00002000
Epoch: 27, Loss: 13.1947, Rmse_valid: 17.8942, valid_score: 108721.6, , rmse_test: 17.4758, score_test: 2130.5, Learning rate:0.00002000
Epoch: 28, Loss: 13.1854, Rmse_valid: 17.8766, valid_score: 106915.9, , rmse_test: 17.4759, score_test: 2119.5, Learning rate:0.00002000
Epoch: 29, Loss: 13.1817, Rmse_valid: 17.8161, valid_score: 108762.2, , rmse_test: 17.4622, score_test: 2084.7, Learning rate:0.00002000
Epoch: 30, Loss: 13.1774, Rmse_valid: 18.0299, valid_score: 109927.5, , rmse_test: 17.5492, score_test: 2151.1, Learning rate:0.00002000
[Train Summary] Restored best model from epoch 10, rmse_valid: 17.1875, valid_score: 40143.1, rmse_test: 17.4931, score_test: 1711.5
[Train Time] start: 2026-04-17 01:28:30, end: 2026-04-17 01:36:04, duration: 0:07:34, total_seconds: 453.73
[Auto Test] command: /usr/bin/python /CMAPSS-release/scipt/test_model.py --sub-dataset FD004 --smooth-rate 40 --sequence-len 30 --feature-num 14 --dataset-root /CMAPSS-release/CMAPSSData/ --max-rul 125 --batch-size 128 --model-path /CMAPSS-release/trials/model_FD004_0417_012830.pkl
model_path:/CMAPSS-release/trials/model_FD004_0417_012830.pkl
rmse_final:17.47786521911621, score:1671.256103515625
