-----FD001-----
关键参数:
序列长度: 30
批大小(batch_size): 128
最大训练轮数(max_epochs): 30
随机数种子: 17
模型代号(model_code): FD001_D
学习率: 0.002
学习率调度器: step
Step步长(step_size): 10
Step衰减系数(gamma): 0.1
空间GAT: 开启
时间注意力: 关闭
Decoder融合方式: gate
图构建模式(graph_mode): static_full
GAT层数(num_layers): 2
GAT邻居数(topk): 7
GAT嵌入维度: 8
GAT隐藏层维度: 16
------------------------------
Epoch: 1, Loss: 26.7771, Rmse_valid: 19.2596, valid_score: 8051.6, , rmse_test: 19.1939, score_test: 560.9, Learning rate:0.00200000
Epoch: 2, Loss: 15.6773, Rmse_valid: 14.8954, valid_score: 9113.5, , rmse_test: 17.3678, score_test: 588.5, Learning rate:0.00200000
Epoch: 3, Loss: 13.2031, Rmse_valid: 11.6560, valid_score: 4873.7, , rmse_test: 14.2557, score_test: 349.0, Learning rate:0.00200000
Epoch: 4, Loss: 12.3301, Rmse_valid: 11.4801, valid_score: 3959.5, , rmse_test: 13.7686, score_test: 282.6, Learning rate:0.00200000
Epoch: 5, Loss: 11.8318, Rmse_valid: 14.1127, valid_score: 10616.7, , rmse_test: 16.0422, score_test: 611.1, Learning rate:0.00200000
Epoch: 6, Loss: 11.1849, Rmse_valid: 12.4629, valid_score: 5702.3, , rmse_test: 13.6943, score_test: 311.6, Learning rate:0.00200000
Epoch: 7, Loss: 11.0322, Rmse_valid: 12.3240, valid_score: 4231.7, , rmse_test: 13.6989, score_test: 312.1, Learning rate:0.00200000
Epoch: 8, Loss: 10.9420, Rmse_valid: 11.8728, valid_score: 4344.5, , rmse_test: 14.1219, score_test: 297.1, Learning rate:0.00200000
Epoch: 9, Loss: 10.6709, Rmse_valid: 13.1936, valid_score: 8029.3, , rmse_test: 14.1697, score_test: 416.0, Learning rate:0.00200000
Epoch: 10, Loss: 10.3941, Rmse_valid: 11.8250, valid_score: 7095.0, , rmse_test: 14.2811, score_test: 362.2, Learning rate:0.00200000
Epoch: 11, Loss: 9.2237, Rmse_valid: 11.9007, valid_score: 6478.8, , rmse_test: 13.7519, score_test: 340.2, Learning rate:0.00020000
Epoch: 12, Loss: 9.1335, Rmse_valid: 12.2031, valid_score: 7251.9, , rmse_test: 13.8507, score_test: 371.1, Learning rate:0.00020000
Epoch: 13, Loss: 9.0861, Rmse_valid: 12.6906, valid_score: 6795.0, , rmse_test: 13.8402, score_test: 337.4, Learning rate:0.00020000
Epoch: 14, Loss: 9.0299, Rmse_valid: 12.5333, valid_score: 7736.1, , rmse_test: 13.8104, score_test: 345.0, Learning rate:0.00020000
Epoch: 15, Loss: 8.9755, Rmse_valid: 12.7396, valid_score: 7687.4, , rmse_test: 13.9727, score_test: 373.7, Learning rate:0.00020000
Epoch: 16, Loss: 8.9358, Rmse_valid: 12.7183, valid_score: 8454.5, , rmse_test: 14.2964, score_test: 410.8, Learning rate:0.00020000
Epoch: 17, Loss: 8.8839, Rmse_valid: 12.2205, valid_score: 8352.4, , rmse_test: 14.0619, score_test: 374.7, Learning rate:0.00020000
Epoch: 18, Loss: 8.8311, Rmse_valid: 12.3191, valid_score: 7428.6, , rmse_test: 14.1467, score_test: 375.1, Learning rate:0.00020000
Epoch: 19, Loss: 8.8145, Rmse_valid: 13.2378, valid_score: 8314.8, , rmse_test: 14.0694, score_test: 369.0, Learning rate:0.00020000
Epoch: 20, Loss: 8.7620, Rmse_valid: 12.8423, valid_score: 8179.0, , rmse_test: 14.4148, score_test: 405.3, Learning rate:0.00020000
Epoch: 21, Loss: 8.7049, Rmse_valid: 12.6975, valid_score: 8484.8, , rmse_test: 14.1550, score_test: 378.5, Learning rate:0.00002000
Epoch: 22, Loss: 8.6604, Rmse_valid: 12.6101, valid_score: 8671.4, , rmse_test: 14.1557, score_test: 379.4, Learning rate:0.00002000
Epoch: 23, Loss: 8.6565, Rmse_valid: 12.7498, valid_score: 8425.7, , rmse_test: 14.1223, score_test: 370.1, Learning rate:0.00002000
Epoch: 24, Loss: 8.6535, Rmse_valid: 12.0373, valid_score: 8464.3, , rmse_test: 14.1538, score_test: 375.4, Learning rate:0.00002000
Epoch: 25, Loss: 8.6422, Rmse_valid: 13.1184, valid_score: 8542.7, , rmse_test: 14.1794, score_test: 380.1, Learning rate:0.00002000
Epoch: 26, Loss: 8.6313, Rmse_valid: 12.1922, valid_score: 8393.9, , rmse_test: 14.1421, score_test: 368.4, Learning rate:0.00002000
Epoch: 27, Loss: 8.6366, Rmse_valid: 12.2056, valid_score: 8667.9, , rmse_test: 14.1621, score_test: 377.7, Learning rate:0.00002000
Epoch: 28, Loss: 8.6295, Rmse_valid: 12.0812, valid_score: 8502.5, , rmse_test: 14.1539, score_test: 372.2, Learning rate:0.00002000
Epoch: 29, Loss: 8.6316, Rmse_valid: 12.6222, valid_score: 8854.3, , rmse_test: 14.2032, score_test: 386.4, Learning rate:0.00002000
Epoch: 30, Loss: 8.6154, Rmse_valid: 12.8290, valid_score: 8617.8, , rmse_test: 14.1908, score_test: 379.7, Learning rate:0.00002000
[Train Summary] Restored best model from epoch 4, rmse_valid: 11.4801, valid_score: 3959.5, rmse_test: 13.7686, score_test: 282.6
[Train Time] start: 2026-04-17 13:45:19, end: 2026-04-17 13:47:11, duration: 0:01:52, total_seconds: 111.82
[Auto Test] command: /usr/bin/python /CMAPSS-release/scipt/test_model.py --sub-dataset FD001 --smooth-rate 40 --sequence-len 30 --feature-num 14 --dataset-root /CMAPSS-release/CMAPSSData/ --max-rul 125 --batch-size 128 --model-path /CMAPSS-release/trials/model_FD001_0417_134519.pkl
model_path:/CMAPSS-release/trials/model_FD001_0417_134519.pkl
rmse_final:13.661259651184082, score:273.4139099121094
