-----FD004-----
关键参数:
序列长度: 30
批大小(batch_size): 128
最大训练轮数(max_epochs): 30
随机数种子: 27
模型代号(model_code): FD004_E
学习率: 0.002
学习率调度器: step
Step步长(step_size): 10
Step衰减系数(gamma): 0.1
空间GAT: 关闭
时间注意力: 关闭
Decoder融合方式: gate
------------------------------
Epoch: 1, Loss: 26.2683, Rmse_valid: 22.5266, valid_score: 108833.6, , rmse_test: 26.6897, score_test: 15977.3, Learning rate:0.00200000
Epoch: 2, Loss: 23.2535, Rmse_valid: 21.4248, valid_score: 64154.2, , rmse_test: 24.1796, score_test: 8131.5, Learning rate:0.00200000
Epoch: 3, Loss: 21.8083, Rmse_valid: 19.7537, valid_score: 59851.9, , rmse_test: 21.4551, score_test: 4479.7, Learning rate:0.00200000
Epoch: 4, Loss: 20.2611, Rmse_valid: 18.2095, valid_score: 46596.8, , rmse_test: 19.7125, score_test: 2761.6, Learning rate:0.00200000
Epoch: 5, Loss: 19.1499, Rmse_valid: 18.2210, valid_score: 57222.3, , rmse_test: 19.5472, score_test: 3107.2, Learning rate:0.00200000
Epoch: 6, Loss: 18.4795, Rmse_valid: 17.3640, valid_score: 36046.4, , rmse_test: 19.3775, score_test: 2622.8, Learning rate:0.00200000
Epoch: 7, Loss: 17.9921, Rmse_valid: 17.1512, valid_score: 46161.0, , rmse_test: 18.5399, score_test: 2339.9, Learning rate:0.00200000
Epoch: 8, Loss: 17.6911, Rmse_valid: 17.3399, valid_score: 38985.9, , rmse_test: 19.5383, score_test: 2617.5, Learning rate:0.00200000
Epoch: 9, Loss: 17.4122, Rmse_valid: 16.6904, valid_score: 31382.3, , rmse_test: 18.1249, score_test: 1525.2, Learning rate:0.00200000
Epoch: 10, Loss: 17.1304, Rmse_valid: 16.9075, valid_score: 41444.8, , rmse_test: 16.7958, score_test: 1512.6, Learning rate:0.00200000
Epoch: 11, Loss: 15.9119, Rmse_valid: 16.1170, valid_score: 40622.6, , rmse_test: 17.3185, score_test: 1673.5, Learning rate:0.00020000
Epoch: 12, Loss: 15.7776, Rmse_valid: 16.5828, valid_score: 46058.3, , rmse_test: 17.1288, score_test: 1811.7, Learning rate:0.00020000
Epoch: 13, Loss: 15.7080, Rmse_valid: 16.6170, valid_score: 47029.6, , rmse_test: 17.6048, score_test: 1913.7, Learning rate:0.00020000
Epoch: 14, Loss: 15.6616, Rmse_valid: 16.3144, valid_score: 42018.3, , rmse_test: 17.1501, score_test: 1712.4, Learning rate:0.00020000
Epoch: 15, Loss: 15.6104, Rmse_valid: 16.3772, valid_score: 43907.7, , rmse_test: 17.2644, score_test: 1831.0, Learning rate:0.00020000
Epoch: 16, Loss: 15.5666, Rmse_valid: 16.1259, valid_score: 37756.7, , rmse_test: 17.2730, score_test: 1687.3, Learning rate:0.00020000
Epoch: 17, Loss: 15.5252, Rmse_valid: 16.4899, valid_score: 50816.4, , rmse_test: 17.3663, score_test: 2034.0, Learning rate:0.00020000
Epoch: 18, Loss: 15.4952, Rmse_valid: 16.2478, valid_score: 41438.8, , rmse_test: 17.2203, score_test: 1781.0, Learning rate:0.00020000
Epoch: 19, Loss: 15.4562, Rmse_valid: 16.6564, valid_score: 47120.8, , rmse_test: 17.3499, score_test: 1937.5, Learning rate:0.00020000
Epoch: 20, Loss: 15.4302, Rmse_valid: 16.2918, valid_score: 43786.4, , rmse_test: 17.2381, score_test: 1784.0, Learning rate:0.00020000
Epoch: 21, Loss: 15.3229, Rmse_valid: 16.3817, valid_score: 45282.6, , rmse_test: 17.3330, score_test: 1875.9, Learning rate:0.00002000
Epoch: 22, Loss: 15.3142, Rmse_valid: 16.4079, valid_score: 46667.8, , rmse_test: 17.3277, score_test: 1896.4, Learning rate:0.00002000
Epoch: 23, Loss: 15.3100, Rmse_valid: 16.4454, valid_score: 44318.9, , rmse_test: 17.2728, score_test: 1814.0, Learning rate:0.00002000
Epoch: 24, Loss: 15.3034, Rmse_valid: 16.4196, valid_score: 45379.7, , rmse_test: 17.2416, score_test: 1845.8, Learning rate:0.00002000
Epoch: 25, Loss: 15.3027, Rmse_valid: 16.5526, valid_score: 43761.6, , rmse_test: 17.2750, score_test: 1812.1, Learning rate:0.00002000
Epoch: 26, Loss: 15.2963, Rmse_valid: 16.4983, valid_score: 46304.5, , rmse_test: 17.2948, score_test: 1890.5, Learning rate:0.00002000
Epoch: 27, Loss: 15.2963, Rmse_valid: 16.4277, valid_score: 46713.6, , rmse_test: 17.3509, score_test: 1887.3, Learning rate:0.00002000
Epoch: 28, Loss: 15.2908, Rmse_valid: 16.4782, valid_score: 44345.6, , rmse_test: 17.2678, score_test: 1845.6, Learning rate:0.00002000
Epoch: 29, Loss: 15.2896, Rmse_valid: 16.6152, valid_score: 44312.7, , rmse_test: 17.3045, score_test: 1841.0, Learning rate:0.00002000
Epoch: 30, Loss: 15.2830, Rmse_valid: 16.5414, valid_score: 44021.8, , rmse_test: 17.2202, score_test: 1798.6, Learning rate:0.00002000
[Train Summary] Restored best model from epoch 11, rmse_valid: 16.1170, valid_score: 40622.6, rmse_test: 17.3185, score_test: 1673.5
[Train Time] start: 2026-04-18 08:55:58, end: 2026-04-18 09:00:17, duration: 0:04:18, total_seconds: 258.46
[Auto Test] command: /usr/bin/python /CMAPSS-release/scipt/test_model.py --sub-dataset FD004 --smooth-rate 40 --sequence-len 30 --feature-num 14 --dataset-root /CMAPSS-release/CMAPSSData/ --max-rul 125 --batch-size 128 --model-path /CMAPSS-release/trials/model_FD004_0418_085558.pkl
model_path:/CMAPSS-release/trials/model_FD004_0418_085558.pkl
rmse_final:17.278785705566406, score:1611.792236328125
