-----FD002-----
关键参数:
序列长度: 30
批大小(batch_size): 128
最大训练轮数(max_epochs): 30
随机数种子: 17
模型代号(model_code): FD002_E
学习率: 0.002
学习率调度器: step
Step步长(step_size): 10
Step衰减系数(gamma): 0.1
空间GAT: 关闭
时间注意力: 关闭
Decoder融合方式: gate
------------------------------
Epoch: 1, Loss: 27.2953, Rmse_valid: 23.7566, valid_score: 176619.4, , rmse_test: 23.3208, score_test: 12192.8, Learning rate:0.00200000
Epoch: 2, Loss: 22.9902, Rmse_valid: 23.6347, valid_score: 217784.3, , rmse_test: 21.5339, score_test: 5185.4, Learning rate:0.00200000
Epoch: 3, Loss: 20.4950, Rmse_valid: 19.9389, valid_score: 59423.8, , rmse_test: 18.2145, score_test: 1523.1, Learning rate:0.00200000
Epoch: 4, Loss: 18.7097, Rmse_valid: 19.9497, valid_score: 56153.3, , rmse_test: 16.4823, score_test: 1436.5, Learning rate:0.00200000
Epoch: 5, Loss: 17.7495, Rmse_valid: 17.8228, valid_score: 45500.9, , rmse_test: 14.9953, score_test: 1100.7, Learning rate:0.00200000
Epoch: 6, Loss: 17.0498, Rmse_valid: 18.4723, valid_score: 67694.8, , rmse_test: 15.8632, score_test: 1613.1, Learning rate:0.00200000
Epoch: 7, Loss: 16.6391, Rmse_valid: 17.0156, valid_score: 36974.5, , rmse_test: 14.5430, score_test: 939.2, Learning rate:0.00200000
Epoch: 8, Loss: 16.4565, Rmse_valid: 18.9416, valid_score: 34881.7, , rmse_test: 16.4537, score_test: 1018.0, Learning rate:0.00200000
Epoch: 9, Loss: 15.9944, Rmse_valid: 16.5915, valid_score: 42788.6, , rmse_test: 14.0977, score_test: 944.8, Learning rate:0.00200000
Epoch: 10, Loss: 15.9984, Rmse_valid: 18.2319, valid_score: 56754.9, , rmse_test: 15.1577, score_test: 1359.9, Learning rate:0.00200000
Epoch: 11, Loss: 14.4099, Rmse_valid: 15.8248, valid_score: 34268.0, , rmse_test: 13.5073, score_test: 870.9, Learning rate:0.00020000
Epoch: 12, Loss: 14.2957, Rmse_valid: 15.8834, valid_score: 38570.0, , rmse_test: 13.9250, score_test: 950.3, Learning rate:0.00020000
Epoch: 13, Loss: 14.2408, Rmse_valid: 15.7632, valid_score: 34504.1, , rmse_test: 13.7384, score_test: 908.1, Learning rate:0.00020000
Epoch: 14, Loss: 14.1807, Rmse_valid: 15.7793, valid_score: 33380.1, , rmse_test: 13.6939, score_test: 909.9, Learning rate:0.00020000
Epoch: 15, Loss: 14.1340, Rmse_valid: 15.6558, valid_score: 34211.5, , rmse_test: 13.4154, score_test: 910.6, Learning rate:0.00020000
Epoch: 16, Loss: 14.1025, Rmse_valid: 15.4973, valid_score: 30678.2, , rmse_test: 13.5446, score_test: 855.5, Learning rate:0.00020000
Epoch: 17, Loss: 14.0579, Rmse_valid: 15.3790, valid_score: 33158.1, , rmse_test: 13.4988, score_test: 949.8, Learning rate:0.00020000
Epoch: 18, Loss: 14.0311, Rmse_valid: 15.5851, valid_score: 33831.6, , rmse_test: 14.2009, score_test: 963.6, Learning rate:0.00020000
Epoch: 19, Loss: 13.9815, Rmse_valid: 15.7124, valid_score: 30834.0, , rmse_test: 13.5221, score_test: 834.1, Learning rate:0.00020000
Epoch: 20, Loss: 13.9677, Rmse_valid: 15.3643, valid_score: 31417.5, , rmse_test: 13.5318, score_test: 876.9, Learning rate:0.00020000
Epoch: 21, Loss: 13.8605, Rmse_valid: 15.2891, valid_score: 31256.9, , rmse_test: 13.5926, score_test: 880.6, Learning rate:0.00002000
Epoch: 22, Loss: 13.8538, Rmse_valid: 15.4464, valid_score: 32033.2, , rmse_test: 13.6168, score_test: 906.0, Learning rate:0.00002000
Epoch: 23, Loss: 13.8474, Rmse_valid: 15.1301, valid_score: 31185.6, , rmse_test: 13.5647, score_test: 883.8, Learning rate:0.00002000
Epoch: 24, Loss: 13.8444, Rmse_valid: 15.5155, valid_score: 31071.1, , rmse_test: 13.6288, score_test: 888.1, Learning rate:0.00002000
Epoch: 25, Loss: 13.8426, Rmse_valid: 15.1760, valid_score: 31051.1, , rmse_test: 13.5423, score_test: 878.8, Learning rate:0.00002000
Epoch: 26, Loss: 13.8359, Rmse_valid: 15.1419, valid_score: 30970.5, , rmse_test: 13.6264, score_test: 892.6, Learning rate:0.00002000
Epoch: 27, Loss: 13.8336, Rmse_valid: 15.2542, valid_score: 31439.6, , rmse_test: 13.6192, score_test: 895.8, Learning rate:0.00002000
Epoch: 28, Loss: 13.8323, Rmse_valid: 15.2040, valid_score: 30184.0, , rmse_test: 13.5521, score_test: 861.7, Learning rate:0.00002000
Epoch: 29, Loss: 13.8276, Rmse_valid: 15.2777, valid_score: 31529.1, , rmse_test: 13.6698, score_test: 903.7, Learning rate:0.00002000
Epoch: 30, Loss: 13.8222, Rmse_valid: 15.3983, valid_score: 30904.0, , rmse_test: 13.5831, score_test: 884.6, Learning rate:0.00002000
[Train Summary] Restored best model from epoch 23, rmse_valid: 15.1301, valid_score: 31185.6, rmse_test: 13.5647, score_test: 883.8
[Train Time] start: 2026-04-17 18:46:53, end: 2026-04-17 18:50:11, duration: 0:03:18, total_seconds: 197.55
[Auto Test] command: /usr/bin/python /CMAPSS-release/scipt/test_model.py --sub-dataset FD002 --smooth-rate 40 --sequence-len 30 --feature-num 14 --dataset-root /CMAPSS-release/CMAPSSData/ --max-rul 125 --batch-size 128 --model-path /CMAPSS-release/trials/model_FD002_0417_184653.pkl
model_path:/CMAPSS-release/trials/model_FD002_0417_184653.pkl
rmse_final:13.521612167358398, score:853.6145629882812
