-----FD004-----
关键参数:
序列长度: 30
批大小(batch_size): 128
最大训练轮数(max_epochs): 30
随机数种子: 27
模型代号(model_code): FD004_GAT_embed_dim8_topk3
学习率: 0.002
学习率调度器: step
Step步长(step_size): 10
Step衰减系数(gamma): 0.1
空间GAT: 开启
时间注意力: 关闭
Decoder融合方式: concat
图构建模式(graph_mode): dynamic_knn
GAT层数(num_layers): 2
GAT邻居数(topk): 3
GAT嵌入维度: 8
GAT隐藏层维度: 16
------------------------------
Epoch: 1, Loss: 25.7367, Rmse_valid: 21.8145, valid_score: 100806.8, , rmse_test: 24.8237, score_test: 10182.1, Learning rate:0.00200000
Epoch: 2, Loss: 21.4489, Rmse_valid: 19.8750, valid_score: 49354.3, , rmse_test: 20.6435, score_test: 2601.2, Learning rate:0.00200000
Epoch: 3, Loss: 20.0979, Rmse_valid: 21.5671, valid_score: 64973.6, , rmse_test: 20.9693, score_test: 2628.3, Learning rate:0.00200000
Epoch: 4, Loss: 19.2245, Rmse_valid: 20.1851, valid_score: 73855.7, , rmse_test: 20.5678, score_test: 3998.2, Learning rate:0.00200000
Epoch: 5, Loss: 18.6727, Rmse_valid: 17.6979, valid_score: 39835.8, , rmse_test: 19.8307, score_test: 3151.0, Learning rate:0.00200000
Epoch: 6, Loss: 18.2683, Rmse_valid: 19.0933, valid_score: 70002.0, , rmse_test: 19.7391, score_test: 3940.3, Learning rate:0.00200000
Epoch: 7, Loss: 17.8501, Rmse_valid: 19.1088, valid_score: 88184.3, , rmse_test: 20.5436, score_test: 4166.3, Learning rate:0.00200000
Epoch: 8, Loss: 17.3400, Rmse_valid: 18.2294, valid_score: 51873.6, , rmse_test: 18.8873, score_test: 2918.4, Learning rate:0.00200000
Epoch: 9, Loss: 17.0701, Rmse_valid: 17.8599, valid_score: 53704.9, , rmse_test: 19.8323, score_test: 4499.8, Learning rate:0.00200000
Epoch: 10, Loss: 16.6862, Rmse_valid: 18.5290, valid_score: 49927.9, , rmse_test: 19.0819, score_test: 2560.8, Learning rate:0.00200000
Epoch: 11, Loss: 15.1553, Rmse_valid: 16.9300, valid_score: 49378.7, , rmse_test: 18.2712, score_test: 2258.8, Learning rate:0.00020000
Epoch: 12, Loss: 14.9365, Rmse_valid: 17.0870, valid_score: 51558.2, , rmse_test: 18.6966, score_test: 2568.4, Learning rate:0.00020000
Epoch: 13, Loss: 14.8190, Rmse_valid: 16.8573, valid_score: 44396.4, , rmse_test: 18.5170, score_test: 2044.3, Learning rate:0.00020000
Epoch: 14, Loss: 14.7249, Rmse_valid: 17.0383, valid_score: 48330.4, , rmse_test: 18.2560, score_test: 2035.1, Learning rate:0.00020000
Epoch: 15, Loss: 14.6423, Rmse_valid: 17.1933, valid_score: 54422.4, , rmse_test: 18.0041, score_test: 1884.8, Learning rate:0.00020000
Epoch: 16, Loss: 14.5727, Rmse_valid: 17.3065, valid_score: 54315.6, , rmse_test: 18.3334, score_test: 2110.9, Learning rate:0.00020000
Epoch: 17, Loss: 14.4990, Rmse_valid: 16.5538, valid_score: 42975.8, , rmse_test: 18.2203, score_test: 1857.2, Learning rate:0.00020000
Epoch: 18, Loss: 14.4419, Rmse_valid: 16.7007, valid_score: 44404.9, , rmse_test: 18.1508, score_test: 1930.0, Learning rate:0.00020000
Epoch: 19, Loss: 14.3771, Rmse_valid: 17.3855, valid_score: 55838.5, , rmse_test: 18.2471, score_test: 2017.2, Learning rate:0.00020000
Epoch: 20, Loss: 14.3243, Rmse_valid: 17.0309, valid_score: 51309.4, , rmse_test: 18.3495, score_test: 2009.4, Learning rate:0.00020000
Epoch: 21, Loss: 14.1826, Rmse_valid: 16.9595, valid_score: 50001.2, , rmse_test: 18.1607, score_test: 1914.0, Learning rate:0.00002000
Epoch: 22, Loss: 14.1681, Rmse_valid: 16.8596, valid_score: 46755.3, , rmse_test: 18.1853, score_test: 1895.8, Learning rate:0.00002000
Epoch: 23, Loss: 14.1615, Rmse_valid: 17.0069, valid_score: 49596.5, , rmse_test: 18.3198, score_test: 2025.6, Learning rate:0.00002000
Epoch: 24, Loss: 14.1572, Rmse_valid: 16.9963, valid_score: 49212.0, , rmse_test: 18.1424, score_test: 1957.2, Learning rate:0.00002000
Epoch: 25, Loss: 14.1502, Rmse_valid: 16.9663, valid_score: 49410.5, , rmse_test: 18.1707, score_test: 1929.1, Learning rate:0.00002000
Epoch: 26, Loss: 14.1431, Rmse_valid: 16.9478, valid_score: 50205.6, , rmse_test: 18.1687, score_test: 1952.2, Learning rate:0.00002000
Epoch: 27, Loss: 14.1374, Rmse_valid: 17.0200, valid_score: 49815.2, , rmse_test: 18.2141, score_test: 2004.2, Learning rate:0.00002000
Epoch: 28, Loss: 14.1354, Rmse_valid: 17.0811, valid_score: 48948.9, , rmse_test: 18.1539, score_test: 1933.7, Learning rate:0.00002000
Epoch: 29, Loss: 14.1275, Rmse_valid: 16.8945, valid_score: 48473.5, , rmse_test: 18.1647, score_test: 1965.5, Learning rate:0.00002000
Epoch: 30, Loss: 14.1219, Rmse_valid: 17.0279, valid_score: 47907.7, , rmse_test: 18.2769, score_test: 1989.9, Learning rate:0.00002000
[Train Summary] Restored best model from epoch 17, rmse_valid: 16.5538, valid_score: 42975.8, rmse_test: 18.2203, score_test: 1857.2
[Train Time] start: 2026-04-17 00:28:16, end: 2026-04-17 00:36:07, duration: 0:07:51, total_seconds: 470.90
[Auto Test] command: /usr/bin/python /CMAPSS-release/scipt/test_model.py --sub-dataset FD004 --smooth-rate 40 --sequence-len 30 --feature-num 14 --dataset-root /CMAPSS-release/CMAPSSData/ --max-rul 125 --batch-size 128 --model-path /CMAPSS-release/trials/model_FD004_0417_002816.pkl
model_path:/CMAPSS-release/trials/model_FD004_0417_002816.pkl
rmse_final:18.181211471557617, score:1797.1689453125
