-----FD002-----
关键参数:
序列长度: 30
批大小(batch_size): 128
最大训练轮数(max_epochs): 30
随机数种子: 97
模型代号(model_code): FD002_E
学习率: 0.002
学习率调度器: step
Step步长(step_size): 10
Step衰减系数(gamma): 0.1
空间GAT: 关闭
时间注意力: 关闭
Decoder融合方式: gate
------------------------------
Epoch: 1, Loss: 26.7942, Rmse_valid: 23.5729, valid_score: 155965.5, , rmse_test: 23.2594, score_test: 8012.8, Learning rate:0.00200000
Epoch: 2, Loss: 22.3348, Rmse_valid: 22.5151, valid_score: 130786.9, , rmse_test: 19.9245, score_test: 3867.6, Learning rate:0.00200000
Epoch: 3, Loss: 19.0432, Rmse_valid: 20.2861, valid_score: 44370.4, , rmse_test: 17.8421, score_test: 1390.7, Learning rate:0.00200000
Epoch: 4, Loss: 17.4195, Rmse_valid: 17.5676, valid_score: 36478.1, , rmse_test: 15.4643, score_test: 974.8, Learning rate:0.00200000
Epoch: 5, Loss: 16.6284, Rmse_valid: 17.0515, valid_score: 48708.9, , rmse_test: 14.9967, score_test: 1264.8, Learning rate:0.00200000
Epoch: 6, Loss: 16.1331, Rmse_valid: 17.9982, valid_score: 56415.6, , rmse_test: 15.1828, score_test: 1278.7, Learning rate:0.00200000
Epoch: 7, Loss: 15.7536, Rmse_valid: 17.3305, valid_score: 36572.9, , rmse_test: 14.3460, score_test: 909.5, Learning rate:0.00200000
Epoch: 8, Loss: 15.6022, Rmse_valid: 17.4256, valid_score: 57072.6, , rmse_test: 15.4336, score_test: 1727.2, Learning rate:0.00200000
Epoch: 9, Loss: 15.4863, Rmse_valid: 16.6224, valid_score: 34903.2, , rmse_test: 14.0318, score_test: 930.9, Learning rate:0.00200000
Epoch: 10, Loss: 15.2334, Rmse_valid: 17.1067, valid_score: 53282.2, , rmse_test: 14.7381, score_test: 1403.6, Learning rate:0.00200000
Epoch: 11, Loss: 13.8230, Rmse_valid: 15.7256, valid_score: 34460.5, , rmse_test: 13.9788, score_test: 1071.8, Learning rate:0.00020000
Epoch: 12, Loss: 13.7160, Rmse_valid: 15.5980, valid_score: 28281.1, , rmse_test: 13.7994, score_test: 1030.2, Learning rate:0.00020000
Epoch: 13, Loss: 13.6574, Rmse_valid: 15.4112, valid_score: 27833.3, , rmse_test: 13.8945, score_test: 973.8, Learning rate:0.00020000
Epoch: 14, Loss: 13.6249, Rmse_valid: 15.5112, valid_score: 30685.9, , rmse_test: 13.7983, score_test: 1015.0, Learning rate:0.00020000
Epoch: 15, Loss: 13.5853, Rmse_valid: 15.1994, valid_score: 25714.1, , rmse_test: 13.7469, score_test: 955.3, Learning rate:0.00020000
Epoch: 16, Loss: 13.5708, Rmse_valid: 15.5964, valid_score: 28665.1, , rmse_test: 14.2722, score_test: 1071.9, Learning rate:0.00020000
Epoch: 17, Loss: 13.5318, Rmse_valid: 15.3577, valid_score: 25031.0, , rmse_test: 13.7538, score_test: 910.4, Learning rate:0.00020000
Epoch: 18, Loss: 13.5141, Rmse_valid: 15.3508, valid_score: 26605.4, , rmse_test: 13.8343, score_test: 1026.8, Learning rate:0.00020000
Epoch: 19, Loss: 13.4955, Rmse_valid: 15.2705, valid_score: 26421.6, , rmse_test: 13.6476, score_test: 967.8, Learning rate:0.00020000
Epoch: 20, Loss: 13.4692, Rmse_valid: 15.3277, valid_score: 26873.6, , rmse_test: 13.8062, score_test: 1038.1, Learning rate:0.00020000
Epoch: 21, Loss: 13.3864, Rmse_valid: 15.2308, valid_score: 27070.5, , rmse_test: 13.7842, score_test: 1029.2, Learning rate:0.00002000
Epoch: 22, Loss: 13.3783, Rmse_valid: 15.3437, valid_score: 27830.6, , rmse_test: 13.8001, score_test: 1025.3, Learning rate:0.00002000
Epoch: 23, Loss: 13.3758, Rmse_valid: 15.3467, valid_score: 27698.1, , rmse_test: 13.8152, score_test: 1034.4, Learning rate:0.00002000
Epoch: 24, Loss: 13.3726, Rmse_valid: 15.2942, valid_score: 26478.4, , rmse_test: 13.7885, score_test: 1002.1, Learning rate:0.00002000
Epoch: 25, Loss: 13.3719, Rmse_valid: 15.3729, valid_score: 27053.0, , rmse_test: 13.7994, score_test: 1014.4, Learning rate:0.00002000
Epoch: 26, Loss: 13.3685, Rmse_valid: 15.1336, valid_score: 26836.4, , rmse_test: 13.7196, score_test: 984.9, Learning rate:0.00002000
Epoch: 27, Loss: 13.3666, Rmse_valid: 15.4113, valid_score: 26995.5, , rmse_test: 13.7478, score_test: 1006.7, Learning rate:0.00002000
Epoch: 28, Loss: 13.3632, Rmse_valid: 15.3662, valid_score: 26633.0, , rmse_test: 13.7965, score_test: 992.6, Learning rate:0.00002000
Epoch: 29, Loss: 13.3608, Rmse_valid: 15.3060, valid_score: 26206.8, , rmse_test: 13.7195, score_test: 978.7, Learning rate:0.00002000
Epoch: 30, Loss: 13.3597, Rmse_valid: 15.2241, valid_score: 26960.1, , rmse_test: 13.7904, score_test: 1016.4, Learning rate:0.00002000
[Train Summary] Restored best model from epoch 26, rmse_valid: 15.1336, valid_score: 26836.4, rmse_test: 13.7196, score_test: 984.9
[Train Time] start: 2026-04-17 19:19:16, end: 2026-04-17 19:22:33, duration: 0:03:18, total_seconds: 197.61
[Auto Test] command: /usr/bin/python /CMAPSS-release/scipt/test_model.py --sub-dataset FD002 --smooth-rate 40 --sequence-len 30 --feature-num 14 --dataset-root /CMAPSS-release/CMAPSSData/ --max-rul 125 --batch-size 128 --model-path /CMAPSS-release/trials/model_FD002_0417_191916.pkl
model_path:/CMAPSS-release/trials/model_FD002_0417_191916.pkl
rmse_final:13.69200611114502, score:956.3404541015625
