-----FD003-----
关键参数:
序列长度: 30
批大小(batch_size): 128
最大训练轮数(max_epochs): 30
随机数种子: 33
模型代号(model_code): FD003_B
学习率: 0.002
学习率调度器: step
Step步长(step_size): 10
Step衰减系数(gamma): 0.1
空间GAT: 开启
时间注意力: 关闭
Decoder融合方式: concat
图构建模式(graph_mode): dynamic_knn
GAT层数(num_layers): 2
GAT邻居数(topk): 7
GAT嵌入维度: 8
GAT隐藏层维度: 16
------------------------------
Epoch: 1, Loss: 22.1355, Rmse_valid: 16.8676, valid_score: 14421.1, , rmse_test: 22.4965, score_test: 2857.2, Learning rate:0.00200000
Epoch: 2, Loss: 16.5164, Rmse_valid: 12.9927, valid_score: 10156.8, , rmse_test: 17.5083, score_test: 1564.2, Learning rate:0.00200000
Epoch: 3, Loss: 13.7475, Rmse_valid: 11.1969, valid_score: 7294.3, , rmse_test: 15.8331, score_test: 1459.4, Learning rate:0.00200000
Epoch: 4, Loss: 12.4562, Rmse_valid: 11.0457, valid_score: 7900.8, , rmse_test: 15.7840, score_test: 1350.4, Learning rate:0.00200000
Epoch: 5, Loss: 11.8807, Rmse_valid: 10.1429, valid_score: 6398.3, , rmse_test: 15.6755, score_test: 1405.5, Learning rate:0.00200000
Epoch: 6, Loss: 11.4471, Rmse_valid: 10.1929, valid_score: 7887.3, , rmse_test: 15.7384, score_test: 1427.6, Learning rate:0.00200000
Epoch: 7, Loss: 11.0504, Rmse_valid: 10.4394, valid_score: 5524.3, , rmse_test: 14.5155, score_test: 1043.1, Learning rate:0.00200000
Epoch: 8, Loss: 10.7859, Rmse_valid: 10.3739, valid_score: 10144.5, , rmse_test: 16.9628, score_test: 1988.3, Learning rate:0.00200000
Epoch: 9, Loss: 10.7644, Rmse_valid: 10.5159, valid_score: 8072.6, , rmse_test: 15.3765, score_test: 1478.2, Learning rate:0.00200000
Epoch: 10, Loss: 10.3742, Rmse_valid: 10.4976, valid_score: 6772.0, , rmse_test: 15.1620, score_test: 1082.5, Learning rate:0.00200000
Epoch: 11, Loss: 9.3429, Rmse_valid: 9.8739, valid_score: 7045.3, , rmse_test: 15.0092, score_test: 1321.6, Learning rate:0.00020000
Epoch: 12, Loss: 9.2002, Rmse_valid: 9.9763, valid_score: 6872.7, , rmse_test: 14.8714, score_test: 1327.5, Learning rate:0.00020000
Epoch: 13, Loss: 9.1433, Rmse_valid: 9.9587, valid_score: 6585.8, , rmse_test: 14.6791, score_test: 1135.7, Learning rate:0.00020000
Epoch: 14, Loss: 9.0800, Rmse_valid: 10.1427, valid_score: 7669.6, , rmse_test: 15.2231, score_test: 1347.2, Learning rate:0.00020000
Epoch: 15, Loss: 9.0296, Rmse_valid: 10.2271, valid_score: 7419.6, , rmse_test: 14.9313, score_test: 1270.1, Learning rate:0.00020000
Epoch: 16, Loss: 8.9748, Rmse_valid: 9.6174, valid_score: 6953.4, , rmse_test: 14.8833, score_test: 1231.7, Learning rate:0.00020000
Epoch: 17, Loss: 8.9309, Rmse_valid: 9.8255, valid_score: 6762.5, , rmse_test: 14.8450, score_test: 1158.7, Learning rate:0.00020000
Epoch: 18, Loss: 8.8818, Rmse_valid: 9.9220, valid_score: 7073.8, , rmse_test: 14.9154, score_test: 1238.5, Learning rate:0.00020000
Epoch: 19, Loss: 8.8381, Rmse_valid: 10.0969, valid_score: 7068.6, , rmse_test: 14.9100, score_test: 1226.9, Learning rate:0.00020000
Epoch: 20, Loss: 8.8045, Rmse_valid: 9.8481, valid_score: 8194.2, , rmse_test: 15.2625, score_test: 1288.7, Learning rate:0.00020000
Epoch: 21, Loss: 8.7144, Rmse_valid: 9.9279, valid_score: 7540.2, , rmse_test: 15.0148, score_test: 1203.3, Learning rate:0.00002000
Epoch: 22, Loss: 8.6975, Rmse_valid: 9.9492, valid_score: 7384.7, , rmse_test: 14.9233, score_test: 1169.1, Learning rate:0.00002000
Epoch: 23, Loss: 8.6898, Rmse_valid: 9.9406, valid_score: 7226.2, , rmse_test: 14.8771, score_test: 1150.2, Learning rate:0.00002000
Epoch: 24, Loss: 8.6873, Rmse_valid: 9.8028, valid_score: 7375.1, , rmse_test: 14.9790, score_test: 1196.9, Learning rate:0.00002000
Epoch: 25, Loss: 8.6802, Rmse_valid: 9.8717, valid_score: 7318.4, , rmse_test: 14.9599, score_test: 1164.8, Learning rate:0.00002000
Epoch: 26, Loss: 8.6772, Rmse_valid: 9.8670, valid_score: 7381.6, , rmse_test: 14.9599, score_test: 1181.5, Learning rate:0.00002000
Epoch: 27, Loss: 8.6704, Rmse_valid: 9.8681, valid_score: 7328.4, , rmse_test: 14.9274, score_test: 1166.9, Learning rate:0.00002000
Epoch: 28, Loss: 8.6663, Rmse_valid: 9.9383, valid_score: 7418.9, , rmse_test: 14.9792, score_test: 1180.8, Learning rate:0.00002000
Epoch: 29, Loss: 8.6618, Rmse_valid: 9.9467, valid_score: 7365.0, , rmse_test: 14.9716, score_test: 1166.1, Learning rate:0.00002000
Epoch: 30, Loss: 8.6556, Rmse_valid: 9.8694, valid_score: 7576.6, , rmse_test: 15.0379, score_test: 1190.4, Learning rate:0.00002000
[Train Summary] Restored best model from epoch 16, rmse_valid: 9.6174, valid_score: 6953.4, rmse_test: 14.8833, score_test: 1231.7
[Train Time] start: 2026-04-18 00:36:33, end: 2026-04-18 00:39:32, duration: 0:02:59, total_seconds: 179.09
[Auto Test] command: /usr/bin/python /CMAPSS-release/scipt/test_model.py --sub-dataset FD003 --smooth-rate 40 --sequence-len 30 --feature-num 14 --dataset-root /CMAPSS-release/CMAPSSData/ --max-rul 125 --batch-size 128 --model-path /CMAPSS-release/trials/model_FD003_0418_003633.pkl
model_path:/CMAPSS-release/trials/model_FD003_0418_003633.pkl
rmse_final:14.76008129119873, score:1159.8203125
