-----FD001-----
关键参数:
序列长度: 30
批大小(batch_size): 128
最大训练轮数(max_epochs): 30
随机数种子: 2
模型代号(model_code): FD001_E
学习率: 0.002
学习率调度器: step
Step步长(step_size): 10
Step衰减系数(gamma): 0.1
空间GAT: 关闭
时间注意力: 关闭
Decoder融合方式: gate
------------------------------
Epoch: 1, Loss: 25.2204, Rmse_valid: 20.3938, valid_score: 17212.7, , rmse_test: 22.4853, score_test: 2047.7, Learning rate:0.00200000
Epoch: 2, Loss: 17.0240, Rmse_valid: 16.9772, valid_score: 14099.4, , rmse_test: 19.7128, score_test: 951.6, Learning rate:0.00200000
Epoch: 3, Loss: 14.0212, Rmse_valid: 14.1161, valid_score: 8649.2, , rmse_test: 16.9750, score_test: 691.6, Learning rate:0.00200000
Epoch: 4, Loss: 13.1411, Rmse_valid: 11.9876, valid_score: 3952.0, , rmse_test: 14.0826, score_test: 276.3, Learning rate:0.00200000
Epoch: 5, Loss: 12.5754, Rmse_valid: 11.9864, valid_score: 6628.6, , rmse_test: 15.4566, score_test: 501.0, Learning rate:0.00200000
Epoch: 6, Loss: 12.0195, Rmse_valid: 11.8361, valid_score: 3970.2, , rmse_test: 13.7490, score_test: 260.8, Learning rate:0.00200000
Epoch: 7, Loss: 11.5703, Rmse_valid: 11.8616, valid_score: 3937.9, , rmse_test: 13.9130, score_test: 254.6, Learning rate:0.00200000
Epoch: 8, Loss: 11.4547, Rmse_valid: 12.7235, valid_score: 8733.5, , rmse_test: 15.6107, score_test: 550.6, Learning rate:0.00200000
Epoch: 9, Loss: 11.2202, Rmse_valid: 14.3879, valid_score: 9526.5, , rmse_test: 16.9922, score_test: 614.7, Learning rate:0.00200000
Epoch: 10, Loss: 11.2063, Rmse_valid: 11.3045, valid_score: 4849.3, , rmse_test: 13.5212, score_test: 291.5, Learning rate:0.00200000
Epoch: 11, Loss: 10.1009, Rmse_valid: 10.7841, valid_score: 4792.7, , rmse_test: 13.5330, score_test: 285.1, Learning rate:0.00020000
Epoch: 12, Loss: 10.0667, Rmse_valid: 11.2981, valid_score: 5011.8, , rmse_test: 13.5806, score_test: 297.1, Learning rate:0.00020000
Epoch: 13, Loss: 10.0172, Rmse_valid: 10.8759, valid_score: 4956.1, , rmse_test: 13.5474, score_test: 288.9, Learning rate:0.00020000
Epoch: 14, Loss: 9.9889, Rmse_valid: 11.0252, valid_score: 5186.5, , rmse_test: 13.6976, score_test: 321.4, Learning rate:0.00020000
Epoch: 15, Loss: 9.9395, Rmse_valid: 11.8079, valid_score: 5465.6, , rmse_test: 13.7682, score_test: 323.4, Learning rate:0.00020000
Epoch: 16, Loss: 9.9122, Rmse_valid: 11.0057, valid_score: 5154.7, , rmse_test: 13.6359, score_test: 312.6, Learning rate:0.00020000
Epoch: 17, Loss: 9.8948, Rmse_valid: 11.2488, valid_score: 5620.8, , rmse_test: 13.7759, score_test: 332.7, Learning rate:0.00020000
Epoch: 18, Loss: 9.8589, Rmse_valid: 11.0592, valid_score: 5273.6, , rmse_test: 13.6089, score_test: 313.4, Learning rate:0.00020000
Epoch: 19, Loss: 9.8472, Rmse_valid: 11.3698, valid_score: 4825.0, , rmse_test: 13.4745, score_test: 287.7, Learning rate:0.00020000
Epoch: 20, Loss: 9.8072, Rmse_valid: 11.0785, valid_score: 5129.6, , rmse_test: 13.5474, score_test: 296.8, Learning rate:0.00020000
Epoch: 21, Loss: 9.7677, Rmse_valid: 11.5536, valid_score: 5146.2, , rmse_test: 13.5529, score_test: 304.1, Learning rate:0.00002000
Epoch: 22, Loss: 9.7493, Rmse_valid: 11.2082, valid_score: 5075.8, , rmse_test: 13.5166, score_test: 298.3, Learning rate:0.00002000
Epoch: 23, Loss: 9.7483, Rmse_valid: 11.6417, valid_score: 5119.4, , rmse_test: 13.5289, score_test: 299.9, Learning rate:0.00002000
Epoch: 24, Loss: 9.7353, Rmse_valid: 11.1447, valid_score: 5155.6, , rmse_test: 13.5488, score_test: 303.5, Learning rate:0.00002000
Epoch: 25, Loss: 9.7311, Rmse_valid: 11.2164, valid_score: 5355.9, , rmse_test: 13.6285, score_test: 315.3, Learning rate:0.00002000
Epoch: 26, Loss: 9.7442, Rmse_valid: 11.6060, valid_score: 5152.7, , rmse_test: 13.5455, score_test: 302.9, Learning rate:0.00002000
Epoch: 27, Loss: 9.7351, Rmse_valid: 11.1656, valid_score: 5083.7, , rmse_test: 13.5119, score_test: 296.8, Learning rate:0.00002000
Epoch: 28, Loss: 9.7312, Rmse_valid: 11.6483, valid_score: 5061.1, , rmse_test: 13.4985, score_test: 294.6, Learning rate:0.00002000
Epoch: 29, Loss: 9.7216, Rmse_valid: 11.0411, valid_score: 5152.1, , rmse_test: 13.5363, score_test: 301.4, Learning rate:0.00002000
Epoch: 30, Loss: 9.7322, Rmse_valid: 11.6051, valid_score: 5198.3, , rmse_test: 13.5631, score_test: 305.5, Learning rate:0.00002000
[Train Summary] Restored best model from epoch 11, rmse_valid: 10.7841, valid_score: 4792.7, rmse_test: 13.5330, score_test: 285.1
[Train Time] start: 2026-04-17 14:05:22, end: 2026-04-17 14:06:39, duration: 0:01:18, total_seconds: 77.54
[Auto Test] command: /usr/bin/python /CMAPSS-release/scipt/test_model.py --sub-dataset FD001 --smooth-rate 40 --sequence-len 30 --feature-num 14 --dataset-root /CMAPSS-release/CMAPSSData/ --max-rul 125 --batch-size 128 --model-path /CMAPSS-release/trials/model_FD001_0417_140522.pkl
model_path:/CMAPSS-release/trials/model_FD001_0417_140522.pkl
rmse_final:13.469594955444336, score:276.62115478515625
