-----FD002-----
关键参数:
序列长度: 30
批大小(batch_size): 128
最大训练轮数(max_epochs): 30
随机数种子: 2
模型代号(model_code): FD002_C
学习率: 0.002
学习率调度器: step
Step步长(step_size): 10
Step衰减系数(gamma): 0.1
空间GAT: 开启
时间注意力: 关闭
Decoder融合方式: gate
图构建模式(graph_mode): static_knn
GAT层数(num_layers): 2
GAT邻居数(topk): 7
GAT嵌入维度: 8
GAT隐藏层维度: 16
------------------------------
Epoch: 1, Loss: 26.3099, Rmse_valid: 23.1693, valid_score: 172045.5, , rmse_test: 20.4178, score_test: 4177.2, Learning rate:0.00200000
Epoch: 2, Loss: 20.0510, Rmse_valid: 20.1958, valid_score: 56797.1, , rmse_test: 17.0135, score_test: 1477.6, Learning rate:0.00200000
Epoch: 3, Loss: 18.1268, Rmse_valid: 22.0446, valid_score: 91364.8, , rmse_test: 19.5885, score_test: 2649.3, Learning rate:0.00200000
Epoch: 4, Loss: 17.2618, Rmse_valid: 21.8387, valid_score: 81176.4, , rmse_test: 19.8922, score_test: 3134.2, Learning rate:0.00200000
Epoch: 5, Loss: 16.5755, Rmse_valid: 17.6500, valid_score: 42141.9, , rmse_test: 14.0048, score_test: 947.6, Learning rate:0.00200000
Epoch: 6, Loss: 16.1321, Rmse_valid: 17.2445, valid_score: 63820.8, , rmse_test: 14.1598, score_test: 1615.7, Learning rate:0.00200000
Epoch: 7, Loss: 15.6211, Rmse_valid: 18.2870, valid_score: 43132.4, , rmse_test: 14.2240, score_test: 886.1, Learning rate:0.00200000
Epoch: 8, Loss: 15.4324, Rmse_valid: 17.6461, valid_score: 35228.1, , rmse_test: 14.2232, score_test: 841.8, Learning rate:0.00200000
Epoch: 9, Loss: 15.0208, Rmse_valid: 17.1136, valid_score: 56168.8, , rmse_test: 13.7203, score_test: 1392.4, Learning rate:0.00200000
Epoch: 10, Loss: 14.9132, Rmse_valid: 18.4711, valid_score: 47076.2, , rmse_test: 16.2303, score_test: 1336.7, Learning rate:0.00200000
Epoch: 11, Loss: 12.8171, Rmse_valid: 16.4502, valid_score: 42205.7, , rmse_test: 13.0281, score_test: 968.7, Learning rate:0.00020000
Epoch: 12, Loss: 12.6455, Rmse_valid: 16.3605, valid_score: 44630.1, , rmse_test: 13.3004, score_test: 1035.1, Learning rate:0.00020000
Epoch: 13, Loss: 12.5616, Rmse_valid: 16.0616, valid_score: 39502.0, , rmse_test: 13.4007, score_test: 1000.4, Learning rate:0.00020000
Epoch: 14, Loss: 12.5005, Rmse_valid: 16.4383, valid_score: 49631.0, , rmse_test: 13.1831, score_test: 1037.7, Learning rate:0.00020000
Epoch: 15, Loss: 12.4471, Rmse_valid: 16.2879, valid_score: 38421.0, , rmse_test: 13.2600, score_test: 991.4, Learning rate:0.00020000
Epoch: 16, Loss: 12.3848, Rmse_valid: 16.2017, valid_score: 41981.5, , rmse_test: 13.7007, score_test: 1122.8, Learning rate:0.00020000
Epoch: 17, Loss: 12.3457, Rmse_valid: 16.4136, valid_score: 38286.3, , rmse_test: 13.2846, score_test: 972.7, Learning rate:0.00020000
Epoch: 18, Loss: 12.2935, Rmse_valid: 16.3790, valid_score: 37500.4, , rmse_test: 13.5846, score_test: 991.7, Learning rate:0.00020000
Epoch: 19, Loss: 12.2537, Rmse_valid: 16.1028, valid_score: 47179.9, , rmse_test: 13.6389, score_test: 1222.6, Learning rate:0.00020000
Epoch: 20, Loss: 12.2402, Rmse_valid: 15.9070, valid_score: 44350.3, , rmse_test: 13.3888, score_test: 1171.2, Learning rate:0.00020000
Epoch: 21, Loss: 12.1009, Rmse_valid: 16.0809, valid_score: 39900.2, , rmse_test: 13.5189, score_test: 1109.5, Learning rate:0.00002000
Epoch: 22, Loss: 12.0849, Rmse_valid: 16.1531, valid_score: 39699.6, , rmse_test: 13.4980, score_test: 1097.0, Learning rate:0.00002000
Epoch: 23, Loss: 12.0765, Rmse_valid: 16.2557, valid_score: 40168.8, , rmse_test: 13.4936, score_test: 1103.7, Learning rate:0.00002000
Epoch: 24, Loss: 12.0724, Rmse_valid: 16.2238, valid_score: 40289.6, , rmse_test: 13.4956, score_test: 1107.9, Learning rate:0.00002000
Epoch: 25, Loss: 12.0683, Rmse_valid: 16.2138, valid_score: 39434.7, , rmse_test: 13.4403, score_test: 1085.6, Learning rate:0.00002000
Epoch: 26, Loss: 12.0646, Rmse_valid: 16.1843, valid_score: 40431.4, , rmse_test: 13.5391, score_test: 1125.0, Learning rate:0.00002000
Epoch: 27, Loss: 12.0585, Rmse_valid: 16.1506, valid_score: 39168.2, , rmse_test: 13.4971, score_test: 1082.3, Learning rate:0.00002000
Epoch: 28, Loss: 12.0557, Rmse_valid: 16.2231, valid_score: 39509.2, , rmse_test: 13.5686, score_test: 1124.6, Learning rate:0.00002000
Epoch: 29, Loss: 12.0507, Rmse_valid: 16.1743, valid_score: 40055.3, , rmse_test: 13.5715, score_test: 1111.3, Learning rate:0.00002000
Epoch: 30, Loss: 12.0472, Rmse_valid: 16.1867, valid_score: 40028.7, , rmse_test: 13.5141, score_test: 1123.8, Learning rate:0.00002000
[Train Summary] Restored best model from epoch 20, rmse_valid: 15.9070, valid_score: 44350.3, rmse_test: 13.3888, score_test: 1171.2
[Train Time] start: 2026-04-17 16:51:47, end: 2026-04-17 16:56:39, duration: 0:04:53, total_seconds: 292.55
[Auto Test] command: /usr/bin/python /CMAPSS-release/scipt/test_model.py --sub-dataset FD002 --smooth-rate 40 --sequence-len 30 --feature-num 14 --dataset-root /CMAPSS-release/CMAPSSData/ --max-rul 125 --batch-size 128 --model-path /CMAPSS-release/trials/model_FD002_0417_165147.pkl
model_path:/CMAPSS-release/trials/model_FD002_0417_165147.pkl
rmse_final:13.388463973999023, score:1141.3839111328125
