-----FD004-----
关键参数:
序列长度: 30
批大小(batch_size): 128
最大训练轮数(max_epochs): 30
随机数种子: 30
模型代号(model_code): FD004_GAT_embed_dim32_topk3
学习率: 0.002
学习率调度器: step
Step步长(step_size): 10
Step衰减系数(gamma): 0.1
空间GAT: 开启
时间注意力: 关闭
Decoder融合方式: concat
图构建模式(graph_mode): dynamic_knn
GAT层数(num_layers): 2
GAT邻居数(topk): 3
GAT嵌入维度: 32
GAT隐藏层维度: 16
------------------------------
Epoch: 1, Loss: 26.3530, Rmse_valid: 21.3844, valid_score: 96793.4, , rmse_test: 23.7617, score_test: 7575.9, Learning rate:0.00200000
Epoch: 2, Loss: 20.7757, Rmse_valid: 20.8809, valid_score: 104591.4, , rmse_test: 21.8850, score_test: 5243.3, Learning rate:0.00200000
Epoch: 3, Loss: 19.6773, Rmse_valid: 19.0112, valid_score: 63309.1, , rmse_test: 21.0056, score_test: 5047.6, Learning rate:0.00200000
Epoch: 4, Loss: 19.0081, Rmse_valid: 19.5205, valid_score: 64917.8, , rmse_test: 20.5727, score_test: 4125.7, Learning rate:0.00200000
Epoch: 5, Loss: 18.5209, Rmse_valid: 17.8169, valid_score: 39566.3, , rmse_test: 18.3013, score_test: 2004.0, Learning rate:0.00200000
Epoch: 6, Loss: 17.9565, Rmse_valid: 17.9507, valid_score: 60404.1, , rmse_test: 19.6541, score_test: 4108.4, Learning rate:0.00200000
Epoch: 7, Loss: 17.5127, Rmse_valid: 19.1476, valid_score: 69175.1, , rmse_test: 19.6327, score_test: 2971.0, Learning rate:0.00200000
Epoch: 8, Loss: 17.1383, Rmse_valid: 17.4485, valid_score: 48579.7, , rmse_test: 18.6353, score_test: 2848.5, Learning rate:0.00200000
Epoch: 9, Loss: 16.8729, Rmse_valid: 20.6646, valid_score: 74027.0, , rmse_test: 19.3536, score_test: 1748.4, Learning rate:0.00200000
Epoch: 10, Loss: 16.6339, Rmse_valid: 17.8361, valid_score: 53731.5, , rmse_test: 18.2877, score_test: 2786.4, Learning rate:0.00200000
Epoch: 11, Loss: 14.8922, Rmse_valid: 17.9500, valid_score: 72466.7, , rmse_test: 17.8157, score_test: 2126.9, Learning rate:0.00020000
Epoch: 12, Loss: 14.6740, Rmse_valid: 17.9916, valid_score: 78417.1, , rmse_test: 18.0745, score_test: 2198.9, Learning rate:0.00020000
Epoch: 13, Loss: 14.5788, Rmse_valid: 17.7747, valid_score: 65608.7, , rmse_test: 17.8808, score_test: 1907.8, Learning rate:0.00020000
Epoch: 14, Loss: 14.4860, Rmse_valid: 17.8934, valid_score: 75775.3, , rmse_test: 18.0343, score_test: 2218.2, Learning rate:0.00020000
Epoch: 15, Loss: 14.3967, Rmse_valid: 18.0752, valid_score: 79946.3, , rmse_test: 17.6705, score_test: 2019.7, Learning rate:0.00020000
Epoch: 16, Loss: 14.3338, Rmse_valid: 17.8571, valid_score: 74737.3, , rmse_test: 18.0088, score_test: 1881.6, Learning rate:0.00020000
Epoch: 17, Loss: 14.2678, Rmse_valid: 17.7134, valid_score: 73752.9, , rmse_test: 17.8826, score_test: 1971.6, Learning rate:0.00020000
Epoch: 18, Loss: 14.2009, Rmse_valid: 17.7474, valid_score: 70526.9, , rmse_test: 17.6227, score_test: 1929.9, Learning rate:0.00020000
Epoch: 19, Loss: 14.1555, Rmse_valid: 17.8298, valid_score: 74772.1, , rmse_test: 17.8673, score_test: 1959.1, Learning rate:0.00020000
Epoch: 20, Loss: 14.1012, Rmse_valid: 17.9618, valid_score: 85625.6, , rmse_test: 18.3463, score_test: 2326.2, Learning rate:0.00020000
Epoch: 21, Loss: 13.9521, Rmse_valid: 17.5818, valid_score: 70863.9, , rmse_test: 17.7678, score_test: 1880.6, Learning rate:0.00002000
Epoch: 22, Loss: 13.9350, Rmse_valid: 17.5670, valid_score: 70859.2, , rmse_test: 17.7997, score_test: 1884.7, Learning rate:0.00002000
Epoch: 23, Loss: 13.9246, Rmse_valid: 17.6961, valid_score: 72841.8, , rmse_test: 17.7275, score_test: 1925.9, Learning rate:0.00002000
Epoch: 24, Loss: 13.9182, Rmse_valid: 17.5843, valid_score: 75742.9, , rmse_test: 17.7679, score_test: 1949.1, Learning rate:0.00002000
Epoch: 25, Loss: 13.9114, Rmse_valid: 17.6171, valid_score: 74180.1, , rmse_test: 17.8579, score_test: 1992.8, Learning rate:0.00002000
Epoch: 26, Loss: 13.9073, Rmse_valid: 17.7282, valid_score: 73925.0, , rmse_test: 17.8106, score_test: 1901.4, Learning rate:0.00002000
Epoch: 27, Loss: 13.9015, Rmse_valid: 17.7415, valid_score: 72459.7, , rmse_test: 17.8152, score_test: 1927.5, Learning rate:0.00002000
Epoch: 28, Loss: 13.8977, Rmse_valid: 17.8871, valid_score: 76460.7, , rmse_test: 17.8167, score_test: 1976.9, Learning rate:0.00002000
Epoch: 29, Loss: 13.8913, Rmse_valid: 17.5258, valid_score: 74500.3, , rmse_test: 17.8335, score_test: 1939.6, Learning rate:0.00002000
Epoch: 30, Loss: 13.8826, Rmse_valid: 17.6527, valid_score: 76963.4, , rmse_test: 17.8191, score_test: 1984.3, Learning rate:0.00002000
[Train Summary] Restored best model from epoch 8, rmse_valid: 17.4485, valid_score: 48579.7, rmse_test: 18.6353, score_test: 2848.5
[Train Time] start: 2026-04-17 04:09:12, end: 2026-04-17 04:17:04, duration: 0:07:52, total_seconds: 472.27
[Auto Test] command: /usr/bin/python /CMAPSS-release/scipt/test_model.py --sub-dataset FD004 --smooth-rate 40 --sequence-len 30 --feature-num 14 --dataset-root /CMAPSS-release/CMAPSSData/ --max-rul 125 --batch-size 128 --model-path /CMAPSS-release/trials/model_FD004_0417_040912.pkl
model_path:/CMAPSS-release/trials/model_FD004_0417_040912.pkl
rmse_final:18.614076614379883, score:2784.39794921875
