-----FD004-----
关键参数:
序列长度: 30
批大小(batch_size): 128
最大训练轮数(max_epochs): 30
随机数种子: 88
模型代号(model_code): FD004_E
学习率: 0.002
学习率调度器: step
Step步长(step_size): 10
Step衰减系数(gamma): 0.1
空间GAT: 关闭
时间注意力: 关闭
Decoder融合方式: gate
------------------------------
Epoch: 1, Loss: 25.5603, Rmse_valid: 21.3846, valid_score: 85000.3, , rmse_test: 26.7001, score_test: 16882.7, Learning rate:0.00200000
Epoch: 2, Loss: 22.5253, Rmse_valid: 19.9599, valid_score: 75180.8, , rmse_test: 23.4170, score_test: 7126.8, Learning rate:0.00200000
Epoch: 3, Loss: 20.3874, Rmse_valid: 18.4231, valid_score: 54115.0, , rmse_test: 19.8837, score_test: 3370.7, Learning rate:0.00200000
Epoch: 4, Loss: 18.8493, Rmse_valid: 19.1278, valid_score: 60896.6, , rmse_test: 18.3161, score_test: 2200.5, Learning rate:0.00200000
Epoch: 5, Loss: 18.1673, Rmse_valid: 18.0256, valid_score: 60176.9, , rmse_test: 19.9503, score_test: 3081.1, Learning rate:0.00200000
Epoch: 6, Loss: 17.7234, Rmse_valid: 18.0596, valid_score: 78526.7, , rmse_test: 19.3647, score_test: 2875.1, Learning rate:0.00200000
Epoch: 7, Loss: 17.3925, Rmse_valid: 16.5513, valid_score: 41157.8, , rmse_test: 17.5155, score_test: 1776.8, Learning rate:0.00200000
Epoch: 8, Loss: 17.1993, Rmse_valid: 16.6744, valid_score: 42198.7, , rmse_test: 18.7297, score_test: 2872.0, Learning rate:0.00200000
Epoch: 9, Loss: 16.9860, Rmse_valid: 18.4335, valid_score: 78144.7, , rmse_test: 18.6933, score_test: 3128.6, Learning rate:0.00200000
Epoch: 10, Loss: 16.7600, Rmse_valid: 17.7519, valid_score: 61932.7, , rmse_test: 19.8172, score_test: 3242.5, Learning rate:0.00200000
Epoch: 11, Loss: 15.4692, Rmse_valid: 17.0425, valid_score: 61126.0, , rmse_test: 17.3870, score_test: 1932.9, Learning rate:0.00020000
Epoch: 12, Loss: 15.3714, Rmse_valid: 16.8265, valid_score: 56882.5, , rmse_test: 17.4400, score_test: 1821.1, Learning rate:0.00020000
Epoch: 13, Loss: 15.3141, Rmse_valid: 16.9238, valid_score: 62528.5, , rmse_test: 17.8123, score_test: 2071.8, Learning rate:0.00020000
Epoch: 14, Loss: 15.2676, Rmse_valid: 16.7581, valid_score: 57892.7, , rmse_test: 17.4249, score_test: 1859.5, Learning rate:0.00020000
Epoch: 15, Loss: 15.2251, Rmse_valid: 17.2599, valid_score: 63614.9, , rmse_test: 17.5548, score_test: 1987.2, Learning rate:0.00020000
Epoch: 16, Loss: 15.1944, Rmse_valid: 16.9580, valid_score: 64916.4, , rmse_test: 17.7317, score_test: 2203.4, Learning rate:0.00020000
Epoch: 17, Loss: 15.1643, Rmse_valid: 16.9926, valid_score: 61208.5, , rmse_test: 17.4232, score_test: 1991.5, Learning rate:0.00020000
Epoch: 18, Loss: 15.1370, Rmse_valid: 17.0736, valid_score: 59174.5, , rmse_test: 17.5384, score_test: 1951.0, Learning rate:0.00020000
Epoch: 19, Loss: 15.1102, Rmse_valid: 16.9483, valid_score: 58139.9, , rmse_test: 17.4108, score_test: 1849.1, Learning rate:0.00020000
Epoch: 20, Loss: 15.0867, Rmse_valid: 17.2325, valid_score: 66217.3, , rmse_test: 17.7287, score_test: 2186.7, Learning rate:0.00020000
Epoch: 21, Loss: 14.9875, Rmse_valid: 17.0961, valid_score: 60317.8, , rmse_test: 17.3566, score_test: 1850.3, Learning rate:0.00002000
Epoch: 22, Loss: 14.9771, Rmse_valid: 17.0029, valid_score: 60567.0, , rmse_test: 17.4501, score_test: 1886.6, Learning rate:0.00002000
Epoch: 23, Loss: 14.9722, Rmse_valid: 17.0116, valid_score: 61401.0, , rmse_test: 17.4357, score_test: 1873.8, Learning rate:0.00002000
Epoch: 24, Loss: 14.9679, Rmse_valid: 17.2226, valid_score: 62424.5, , rmse_test: 17.4308, score_test: 1891.0, Learning rate:0.00002000
Epoch: 25, Loss: 14.9674, Rmse_valid: 16.9821, valid_score: 61200.9, , rmse_test: 17.3983, score_test: 1844.5, Learning rate:0.00002000
Epoch: 26, Loss: 14.9618, Rmse_valid: 17.0271, valid_score: 62790.1, , rmse_test: 17.4729, score_test: 1896.6, Learning rate:0.00002000
Epoch: 27, Loss: 14.9591, Rmse_valid: 16.9885, valid_score: 63744.3, , rmse_test: 17.4813, score_test: 1957.9, Learning rate:0.00002000
Epoch: 28, Loss: 14.9556, Rmse_valid: 16.9935, valid_score: 61815.7, , rmse_test: 17.4038, score_test: 1906.0, Learning rate:0.00002000
Epoch: 29, Loss: 14.9555, Rmse_valid: 17.0739, valid_score: 61642.0, , rmse_test: 17.4353, score_test: 1913.9, Learning rate:0.00002000
Epoch: 30, Loss: 14.9513, Rmse_valid: 17.0827, valid_score: 62457.5, , rmse_test: 17.4389, score_test: 1936.4, Learning rate:0.00002000
[Train Summary] Restored best model from epoch 7, rmse_valid: 16.5513, valid_score: 41157.8, rmse_test: 17.5155, score_test: 1776.8
[Train Time] start: 2026-04-18 09:32:25, end: 2026-04-18 09:38:16, duration: 0:05:51, total_seconds: 351.39
[Auto Test] command: /usr/bin/python /CMAPSS-release/scipt/test_model.py --sub-dataset FD004 --smooth-rate 40 --sequence-len 30 --feature-num 14 --dataset-root /CMAPSS-release/CMAPSSData/ --max-rul 125 --batch-size 128 --model-path /CMAPSS-release/trials/model_FD004_0418_093225.pkl
model_path:/CMAPSS-release/trials/model_FD004_0418_093225.pkl
rmse_final:17.496543884277344, score:1739.044921875
