-----FD002-----
关键参数:
序列长度: 30
批大小(batch_size): 128
最大训练轮数(max_epochs): 30
随机数种子: 80
模型代号(model_code): FD002_A
学习率: 0.002
学习率调度器: step
Step步长(step_size): 10
Step衰减系数(gamma): 0.1
空间GAT: 开启
时间注意力: 关闭
Decoder融合方式: gate
图构建模式(graph_mode): dynamic_knn
GAT层数(num_layers): 2
GAT邻居数(topk): 7
GAT嵌入维度: 8
GAT隐藏层维度: 16
------------------------------
Epoch: 1, Loss: 25.1523, Rmse_valid: 22.9243, valid_score: 148864.0, , rmse_test: 20.1291, score_test: 3447.7, Learning rate:0.00200000
Epoch: 2, Loss: 19.2465, Rmse_valid: 19.0360, valid_score: 58388.4, , rmse_test: 16.5676, score_test: 1547.8, Learning rate:0.00200000
Epoch: 3, Loss: 17.4945, Rmse_valid: 18.9172, valid_score: 55881.4, , rmse_test: 15.7950, score_test: 1600.4, Learning rate:0.00200000
Epoch: 4, Loss: 16.6574, Rmse_valid: 17.0818, valid_score: 33482.7, , rmse_test: 14.8679, score_test: 1053.7, Learning rate:0.00200000
Epoch: 5, Loss: 16.1302, Rmse_valid: 17.0895, valid_score: 35944.9, , rmse_test: 14.5050, score_test: 1407.2, Learning rate:0.00200000
Epoch: 6, Loss: 15.7528, Rmse_valid: 17.0676, valid_score: 36610.5, , rmse_test: 14.4465, score_test: 1205.4, Learning rate:0.00200000
Epoch: 7, Loss: 15.3911, Rmse_valid: 17.3168, valid_score: 61003.2, , rmse_test: 14.9693, score_test: 1903.7, Learning rate:0.00200000
Epoch: 8, Loss: 15.2004, Rmse_valid: 15.7546, valid_score: 36421.2, , rmse_test: 13.9381, score_test: 1227.9, Learning rate:0.00200000
Epoch: 9, Loss: 15.0071, Rmse_valid: 16.3288, valid_score: 28507.0, , rmse_test: 13.8080, score_test: 953.3, Learning rate:0.00200000
Epoch: 10, Loss: 14.7021, Rmse_valid: 16.3473, valid_score: 35399.5, , rmse_test: 13.7495, score_test: 1104.9, Learning rate:0.00200000
Epoch: 11, Loss: 12.9674, Rmse_valid: 16.1210, valid_score: 31062.2, , rmse_test: 13.4528, score_test: 988.4, Learning rate:0.00020000
Epoch: 12, Loss: 12.8561, Rmse_valid: 15.9797, valid_score: 29976.6, , rmse_test: 13.6958, score_test: 1107.7, Learning rate:0.00020000
Epoch: 13, Loss: 12.7682, Rmse_valid: 16.1135, valid_score: 29636.3, , rmse_test: 13.4842, score_test: 984.6, Learning rate:0.00020000
Epoch: 14, Loss: 12.7001, Rmse_valid: 15.8175, valid_score: 29131.9, , rmse_test: 13.6170, score_test: 1059.5, Learning rate:0.00020000
Epoch: 15, Loss: 12.6483, Rmse_valid: 15.9284, valid_score: 30360.8, , rmse_test: 13.6347, score_test: 1099.6, Learning rate:0.00020000
Epoch: 16, Loss: 12.5996, Rmse_valid: 16.1019, valid_score: 32654.7, , rmse_test: 13.4574, score_test: 989.6, Learning rate:0.00020000
Epoch: 17, Loss: 12.5495, Rmse_valid: 16.1910, valid_score: 28477.0, , rmse_test: 13.5630, score_test: 938.3, Learning rate:0.00020000
Epoch: 18, Loss: 12.5068, Rmse_valid: 16.1425, valid_score: 34576.4, , rmse_test: 13.7456, score_test: 1142.6, Learning rate:0.00020000
Epoch: 19, Loss: 12.4604, Rmse_valid: 15.9102, valid_score: 35852.6, , rmse_test: 13.5179, score_test: 1091.4, Learning rate:0.00020000
Epoch: 20, Loss: 12.4261, Rmse_valid: 16.2037, valid_score: 29188.6, , rmse_test: 13.8233, score_test: 986.1, Learning rate:0.00020000
Epoch: 21, Loss: 12.3081, Rmse_valid: 15.9718, valid_score: 29897.1, , rmse_test: 13.6356, score_test: 1027.8, Learning rate:0.00002000
Epoch: 22, Loss: 12.2889, Rmse_valid: 15.9049, valid_score: 30335.1, , rmse_test: 13.6576, score_test: 1072.5, Learning rate:0.00002000
Epoch: 23, Loss: 12.2848, Rmse_valid: 15.7756, valid_score: 29361.5, , rmse_test: 13.6821, score_test: 1062.0, Learning rate:0.00002000
Epoch: 24, Loss: 12.2790, Rmse_valid: 15.8604, valid_score: 30169.4, , rmse_test: 13.6453, score_test: 1075.1, Learning rate:0.00002000
Epoch: 25, Loss: 12.2748, Rmse_valid: 15.8924, valid_score: 30154.8, , rmse_test: 13.6786, score_test: 1077.2, Learning rate:0.00002000
Epoch: 26, Loss: 12.2696, Rmse_valid: 15.8499, valid_score: 30216.7, , rmse_test: 13.6626, score_test: 1070.2, Learning rate:0.00002000
Epoch: 27, Loss: 12.2627, Rmse_valid: 15.7636, valid_score: 30387.8, , rmse_test: 13.6533, score_test: 1082.1, Learning rate:0.00002000
Epoch: 28, Loss: 12.2599, Rmse_valid: 15.9185, valid_score: 30469.6, , rmse_test: 13.6638, score_test: 1072.0, Learning rate:0.00002000
Epoch: 29, Loss: 12.2555, Rmse_valid: 16.0976, valid_score: 30317.0, , rmse_test: 13.7573, score_test: 1094.9, Learning rate:0.00002000
Epoch: 30, Loss: 12.2511, Rmse_valid: 15.9376, valid_score: 30715.4, , rmse_test: 13.7409, score_test: 1083.4, Learning rate:0.00002000
[Train Summary] Restored best model from epoch 8, rmse_valid: 15.7546, valid_score: 36421.2, rmse_test: 13.9381, score_test: 1227.9
[Train Time] start: 2026-04-17 15:38:31, end: 2026-04-17 15:43:38, duration: 0:05:07, total_seconds: 306.53
[Auto Test] command: /usr/bin/python /CMAPSS-release/scipt/test_model.py --sub-dataset FD002 --smooth-rate 40 --sequence-len 30 --feature-num 14 --dataset-root /CMAPSS-release/CMAPSSData/ --max-rul 125 --batch-size 128 --model-path /CMAPSS-release/trials/model_FD002_0417_153831.pkl
model_path:/CMAPSS-release/trials/model_FD002_0417_153831.pkl
rmse_final:13.900362968444824, score:1194.885009765625
