-----FD003-----
关键参数:
序列长度: 30
批大小(batch_size): 128
最大训练轮数(max_epochs): 30
随机数种子: 62
模型代号(model_code): FD003_C
学习率: 0.002
学习率调度器: step
Step步长(step_size): 10
Step衰减系数(gamma): 0.1
空间GAT: 开启
时间注意力: 关闭
Decoder融合方式: gate
图构建模式(graph_mode): static_knn
GAT层数(num_layers): 2
GAT邻居数(topk): 7
GAT嵌入维度: 8
GAT隐藏层维度: 16
------------------------------
Epoch: 1, Loss: 31.0851, Rmse_valid: 20.0595, valid_score: 24060.5, , rmse_test: 24.6277, score_test: 4891.1, Learning rate:0.00200000
Epoch: 2, Loss: 20.0213, Rmse_valid: 18.8769, valid_score: 18332.9, , rmse_test: 21.3004, score_test: 1929.4, Learning rate:0.00200000
Epoch: 3, Loss: 17.3691, Rmse_valid: 13.1658, valid_score: 9586.4, , rmse_test: 18.7667, score_test: 1398.2, Learning rate:0.00200000
Epoch: 4, Loss: 14.8855, Rmse_valid: 12.3897, valid_score: 8254.8, , rmse_test: 18.1881, score_test: 1354.0, Learning rate:0.00200000
Epoch: 5, Loss: 13.3601, Rmse_valid: 11.4092, valid_score: 8128.9, , rmse_test: 18.3684, score_test: 1601.7, Learning rate:0.00200000
Epoch: 6, Loss: 12.5651, Rmse_valid: 12.3663, valid_score: 7950.3, , rmse_test: 15.7696, score_test: 971.7, Learning rate:0.00200000
Epoch: 7, Loss: 12.0241, Rmse_valid: 12.8245, valid_score: 7201.6, , rmse_test: 15.7741, score_test: 987.2, Learning rate:0.00200000
Epoch: 8, Loss: 11.7612, Rmse_valid: 11.6013, valid_score: 12022.8, , rmse_test: 19.6780, score_test: 2532.1, Learning rate:0.00200000
Epoch: 9, Loss: 11.1636, Rmse_valid: 12.1302, valid_score: 14483.9, , rmse_test: 19.2870, score_test: 2661.4, Learning rate:0.00200000
Epoch: 10, Loss: 10.8152, Rmse_valid: 11.0624, valid_score: 9969.4, , rmse_test: 18.5594, score_test: 2317.1, Learning rate:0.00200000
Epoch: 11, Loss: 9.5482, Rmse_valid: 9.8950, valid_score: 5846.7, , rmse_test: 15.6589, score_test: 1164.4, Learning rate:0.00020000
Epoch: 12, Loss: 9.3676, Rmse_valid: 10.4256, valid_score: 5926.0, , rmse_test: 15.4612, score_test: 991.2, Learning rate:0.00020000
Epoch: 13, Loss: 9.2880, Rmse_valid: 10.2601, valid_score: 5958.5, , rmse_test: 15.5810, score_test: 1112.3, Learning rate:0.00020000
Epoch: 14, Loss: 9.2188, Rmse_valid: 9.9642, valid_score: 5805.0, , rmse_test: 15.6002, score_test: 1138.8, Learning rate:0.00020000
Epoch: 15, Loss: 9.1539, Rmse_valid: 10.3000, valid_score: 6146.9, , rmse_test: 15.6393, score_test: 1065.0, Learning rate:0.00020000
Epoch: 16, Loss: 9.0984, Rmse_valid: 9.7964, valid_score: 5787.2, , rmse_test: 15.7871, score_test: 1179.6, Learning rate:0.00020000
Epoch: 17, Loss: 9.0523, Rmse_valid: 9.9484, valid_score: 6310.1, , rmse_test: 15.7420, score_test: 1071.0, Learning rate:0.00020000
Epoch: 18, Loss: 9.0081, Rmse_valid: 9.9124, valid_score: 5750.7, , rmse_test: 15.6037, score_test: 1006.1, Learning rate:0.00020000
Epoch: 19, Loss: 8.9661, Rmse_valid: 9.9232, valid_score: 5803.7, , rmse_test: 15.6838, score_test: 1150.7, Learning rate:0.00020000
Epoch: 20, Loss: 8.9129, Rmse_valid: 9.8254, valid_score: 5419.6, , rmse_test: 15.5915, score_test: 1054.3, Learning rate:0.00020000
Epoch: 21, Loss: 8.8128, Rmse_valid: 9.7787, valid_score: 5541.4, , rmse_test: 15.6942, score_test: 1125.2, Learning rate:0.00002000
Epoch: 22, Loss: 8.8054, Rmse_valid: 9.6912, valid_score: 5638.3, , rmse_test: 15.7188, score_test: 1130.6, Learning rate:0.00002000
Epoch: 23, Loss: 8.8002, Rmse_valid: 9.6822, valid_score: 5625.2, , rmse_test: 15.7117, score_test: 1123.1, Learning rate:0.00002000
Epoch: 24, Loss: 8.7950, Rmse_valid: 9.7647, valid_score: 5545.9, , rmse_test: 15.6543, score_test: 1102.3, Learning rate:0.00002000
Epoch: 25, Loss: 8.7880, Rmse_valid: 9.7546, valid_score: 5702.7, , rmse_test: 15.7219, score_test: 1125.6, Learning rate:0.00002000
Epoch: 26, Loss: 8.7843, Rmse_valid: 9.7246, valid_score: 5623.4, , rmse_test: 15.7309, score_test: 1109.3, Learning rate:0.00002000
Epoch: 27, Loss: 8.7785, Rmse_valid: 9.8165, valid_score: 5582.7, , rmse_test: 15.7124, score_test: 1094.1, Learning rate:0.00002000
Epoch: 28, Loss: 8.7741, Rmse_valid: 9.7984, valid_score: 5471.7, , rmse_test: 15.6211, score_test: 1062.1, Learning rate:0.00002000
Epoch: 29, Loss: 8.7692, Rmse_valid: 9.8166, valid_score: 5577.3, , rmse_test: 15.6730, score_test: 1099.3, Learning rate:0.00002000
Epoch: 30, Loss: 8.7671, Rmse_valid: 9.7006, valid_score: 5582.5, , rmse_test: 15.7003, score_test: 1100.4, Learning rate:0.00002000
[Train Summary] Restored best model from epoch 23, rmse_valid: 9.6822, valid_score: 5625.2, rmse_test: 15.7117, score_test: 1123.1
[Train Time] start: 2026-04-18 01:18:10, end: 2026-04-18 01:21:29, duration: 0:03:19, total_seconds: 198.96
[Auto Test] command: /usr/bin/python /CMAPSS-release/scipt/test_model.py --sub-dataset FD003 --smooth-rate 40 --sequence-len 30 --feature-num 14 --dataset-root /CMAPSS-release/CMAPSSData/ --max-rul 125 --batch-size 128 --model-path /CMAPSS-release/trials/model_FD003_0418_011810.pkl
model_path:/CMAPSS-release/trials/model_FD003_0418_011810.pkl
rmse_final:15.572731971740723, score:1079.634521484375
