-----FD004-----
关键参数:
序列长度: 30
批大小(batch_size): 128
最大训练轮数(max_epochs): 30
随机数种子: 17
模型代号(model_code): FD004_F
学习率: 0.002
学习率调度器: step
Step步长(step_size): 10
Step衰减系数(gamma): 0.1
空间GAT: 关闭
时间注意力: 关闭
Decoder融合方式: concat
------------------------------
Epoch: 1, Loss: 27.4530, Rmse_valid: 21.5180, valid_score: 60302.0, , rmse_test: 25.3728, score_test: 7242.1, Learning rate:0.00200000
Epoch: 2, Loss: 22.9674, Rmse_valid: 19.9960, valid_score: 51852.0, , rmse_test: 24.4301, score_test: 4253.3, Learning rate:0.00200000
Epoch: 3, Loss: 21.6851, Rmse_valid: 21.0762, valid_score: 90811.5, , rmse_test: 22.1992, score_test: 4676.1, Learning rate:0.00200000
Epoch: 4, Loss: 20.4921, Rmse_valid: 20.5545, valid_score: 47228.0, , rmse_test: 20.1658, score_test: 1879.7, Learning rate:0.00200000
Epoch: 5, Loss: 19.6227, Rmse_valid: 18.8631, valid_score: 57461.5, , rmse_test: 19.0877, score_test: 2363.1, Learning rate:0.00200000
Epoch: 6, Loss: 18.9387, Rmse_valid: 20.7021, valid_score: 107645.5, , rmse_test: 21.8758, score_test: 6906.6, Learning rate:0.00200000
Epoch: 7, Loss: 18.3516, Rmse_valid: 18.0917, valid_score: 54237.8, , rmse_test: 17.8962, score_test: 2089.8, Learning rate:0.00200000
Epoch: 8, Loss: 17.9231, Rmse_valid: 17.4880, valid_score: 42227.7, , rmse_test: 17.3804, score_test: 1595.2, Learning rate:0.00200000
Epoch: 9, Loss: 17.5550, Rmse_valid: 17.5535, valid_score: 41387.7, , rmse_test: 19.5207, score_test: 2106.8, Learning rate:0.00200000
Epoch: 10, Loss: 17.2935, Rmse_valid: 18.3863, valid_score: 42598.1, , rmse_test: 20.4597, score_test: 2755.2, Learning rate:0.00200000
Epoch: 11, Loss: 16.0107, Rmse_valid: 16.9403, valid_score: 58842.6, , rmse_test: 17.9816, score_test: 2347.0, Learning rate:0.00020000
Epoch: 12, Loss: 15.8663, Rmse_valid: 16.8627, valid_score: 60264.9, , rmse_test: 18.0247, score_test: 2193.0, Learning rate:0.00020000
Epoch: 13, Loss: 15.7831, Rmse_valid: 16.8556, valid_score: 58197.3, , rmse_test: 17.6260, score_test: 2042.8, Learning rate:0.00020000
Epoch: 14, Loss: 15.7208, Rmse_valid: 17.0351, valid_score: 61477.4, , rmse_test: 17.7775, score_test: 1919.5, Learning rate:0.00020000
Epoch: 15, Loss: 15.6695, Rmse_valid: 16.8700, valid_score: 65567.1, , rmse_test: 17.6147, score_test: 2015.1, Learning rate:0.00020000
Epoch: 16, Loss: 15.6267, Rmse_valid: 17.0022, valid_score: 68514.9, , rmse_test: 17.8743, score_test: 2307.1, Learning rate:0.00020000
Epoch: 17, Loss: 15.5891, Rmse_valid: 17.1397, valid_score: 74794.2, , rmse_test: 17.9384, score_test: 2401.3, Learning rate:0.00020000
Epoch: 18, Loss: 15.5420, Rmse_valid: 17.0186, valid_score: 66878.7, , rmse_test: 17.8862, score_test: 2038.2, Learning rate:0.00020000
Epoch: 19, Loss: 15.5088, Rmse_valid: 16.8295, valid_score: 69644.9, , rmse_test: 17.8187, score_test: 2159.3, Learning rate:0.00020000
Epoch: 20, Loss: 15.4689, Rmse_valid: 16.9883, valid_score: 75429.6, , rmse_test: 17.4439, score_test: 1779.2, Learning rate:0.00020000
Epoch: 21, Loss: 15.3799, Rmse_valid: 16.8571, valid_score: 74301.1, , rmse_test: 17.6999, score_test: 2056.6, Learning rate:0.00002000
Epoch: 22, Loss: 15.3618, Rmse_valid: 16.8980, valid_score: 75574.5, , rmse_test: 17.7248, score_test: 2144.3, Learning rate:0.00002000
Epoch: 23, Loss: 15.3565, Rmse_valid: 16.9080, valid_score: 72769.5, , rmse_test: 17.5771, score_test: 1994.7, Learning rate:0.00002000
Epoch: 24, Loss: 15.3532, Rmse_valid: 16.8554, valid_score: 74985.8, , rmse_test: 17.7057, score_test: 2092.3, Learning rate:0.00002000
Epoch: 25, Loss: 15.3507, Rmse_valid: 16.8720, valid_score: 76270.5, , rmse_test: 17.7191, score_test: 2087.9, Learning rate:0.00002000
Epoch: 26, Loss: 15.3466, Rmse_valid: 16.7564, valid_score: 73010.6, , rmse_test: 17.7216, score_test: 2049.8, Learning rate:0.00002000
Epoch: 27, Loss: 15.3427, Rmse_valid: 16.7468, valid_score: 73707.0, , rmse_test: 17.6835, score_test: 2055.8, Learning rate:0.00002000
Epoch: 28, Loss: 15.3388, Rmse_valid: 16.7889, valid_score: 74958.2, , rmse_test: 17.7078, score_test: 2034.6, Learning rate:0.00002000
Epoch: 29, Loss: 15.3334, Rmse_valid: 16.9621, valid_score: 74206.7, , rmse_test: 17.7566, score_test: 2135.1, Learning rate:0.00002000
Epoch: 30, Loss: 15.3331, Rmse_valid: 16.7964, valid_score: 76633.8, , rmse_test: 17.6669, score_test: 2074.1, Learning rate:0.00002000
[Train Summary] Restored best model from epoch 27, rmse_valid: 16.7468, valid_score: 73707.0, rmse_test: 17.6835, score_test: 2055.8
[Train Time] start: 2026-04-18 09:50:53, end: 2026-04-18 09:55:24, duration: 0:04:31, total_seconds: 270.58
[Auto Test] command: /usr/bin/python /CMAPSS-release/scipt/test_model.py --sub-dataset FD004 --smooth-rate 40 --sequence-len 30 --feature-num 14 --dataset-root /CMAPSS-release/CMAPSSData/ --max-rul 125 --batch-size 128 --model-path /CMAPSS-release/trials/model_FD004_0418_095053.pkl
model_path:/CMAPSS-release/trials/model_FD004_0418_095053.pkl
rmse_final:17.645593643188477, score:1995.7578125
