-----FD004-----
关键参数:
序列长度: 30
批大小(batch_size): 128
最大训练轮数(max_epochs): 30
随机数种子: 30
模型代号(model_code): FD004_E
学习率: 0.002
学习率调度器: step
Step步长(step_size): 10
Step衰减系数(gamma): 0.1
空间GAT: 关闭
时间注意力: 关闭
Decoder融合方式: gate
------------------------------
Epoch: 1, Loss: 27.2558, Rmse_valid: 22.1368, valid_score: 73831.6, , rmse_test: 26.6574, score_test: 13077.1, Learning rate:0.00200000
Epoch: 2, Loss: 23.2072, Rmse_valid: 20.6036, valid_score: 63269.6, , rmse_test: 24.4414, score_test: 7281.0, Learning rate:0.00200000
Epoch: 3, Loss: 21.9560, Rmse_valid: 21.6102, valid_score: 123479.6, , rmse_test: 24.0217, score_test: 8816.6, Learning rate:0.00200000
Epoch: 4, Loss: 20.9516, Rmse_valid: 20.0758, valid_score: 102611.2, , rmse_test: 22.9368, score_test: 7153.5, Learning rate:0.00200000
Epoch: 5, Loss: 20.0368, Rmse_valid: 20.7561, valid_score: 95006.7, , rmse_test: 20.9370, score_test: 4269.2, Learning rate:0.00200000
Epoch: 6, Loss: 19.3032, Rmse_valid: 18.1344, valid_score: 47676.0, , rmse_test: 18.7675, score_test: 2525.1, Learning rate:0.00200000
Epoch: 7, Loss: 18.7209, Rmse_valid: 17.9822, valid_score: 54686.1, , rmse_test: 19.8743, score_test: 4240.1, Learning rate:0.00200000
Epoch: 8, Loss: 18.3847, Rmse_valid: 19.3675, valid_score: 61033.3, , rmse_test: 21.9605, score_test: 3236.6, Learning rate:0.00200000
Epoch: 9, Loss: 18.0526, Rmse_valid: 18.3512, valid_score: 61775.1, , rmse_test: 21.1188, score_test: 6005.6, Learning rate:0.00200000
Epoch: 10, Loss: 17.7270, Rmse_valid: 19.5427, valid_score: 113297.8, , rmse_test: 20.9976, score_test: 6807.5, Learning rate:0.00200000
Epoch: 11, Loss: 16.3930, Rmse_valid: 16.7327, valid_score: 55447.0, , rmse_test: 17.7188, score_test: 2129.2, Learning rate:0.00020000
Epoch: 12, Loss: 16.2317, Rmse_valid: 16.5975, valid_score: 50109.2, , rmse_test: 17.3929, score_test: 1786.3, Learning rate:0.00020000
Epoch: 13, Loss: 16.1543, Rmse_valid: 16.9795, valid_score: 71581.1, , rmse_test: 17.3841, score_test: 1907.4, Learning rate:0.00020000
Epoch: 14, Loss: 16.0918, Rmse_valid: 16.8599, valid_score: 70515.8, , rmse_test: 17.4458, score_test: 1883.8, Learning rate:0.00020000
Epoch: 15, Loss: 16.0358, Rmse_valid: 17.0086, valid_score: 66447.3, , rmse_test: 17.4599, score_test: 1954.7, Learning rate:0.00020000
Epoch: 16, Loss: 15.9734, Rmse_valid: 17.0058, valid_score: 70425.3, , rmse_test: 17.3059, score_test: 1854.9, Learning rate:0.00020000
Epoch: 17, Loss: 15.9285, Rmse_valid: 16.4554, valid_score: 62057.9, , rmse_test: 17.3722, score_test: 1701.8, Learning rate:0.00020000
Epoch: 18, Loss: 15.8892, Rmse_valid: 16.8075, valid_score: 70871.9, , rmse_test: 17.4166, score_test: 1876.2, Learning rate:0.00020000
Epoch: 19, Loss: 15.8517, Rmse_valid: 16.9631, valid_score: 76064.3, , rmse_test: 17.5899, score_test: 1920.5, Learning rate:0.00020000
Epoch: 20, Loss: 15.8107, Rmse_valid: 16.6333, valid_score: 66306.4, , rmse_test: 17.0824, score_test: 1691.4, Learning rate:0.00020000
Epoch: 21, Loss: 15.7056, Rmse_valid: 16.7024, valid_score: 73207.6, , rmse_test: 17.2841, score_test: 1821.4, Learning rate:0.00002000
Epoch: 22, Loss: 15.6970, Rmse_valid: 16.6996, valid_score: 72670.8, , rmse_test: 17.3619, score_test: 1785.8, Learning rate:0.00002000
Epoch: 23, Loss: 15.6928, Rmse_valid: 16.7089, valid_score: 72866.4, , rmse_test: 17.2239, score_test: 1725.1, Learning rate:0.00002000
Epoch: 24, Loss: 15.6847, Rmse_valid: 16.7792, valid_score: 75092.2, , rmse_test: 17.3008, score_test: 1764.4, Learning rate:0.00002000
Epoch: 25, Loss: 15.6825, Rmse_valid: 16.5851, valid_score: 73162.4, , rmse_test: 17.2219, score_test: 1667.0, Learning rate:0.00002000
Epoch: 26, Loss: 15.6777, Rmse_valid: 16.8337, valid_score: 76116.8, , rmse_test: 17.2629, score_test: 1772.9, Learning rate:0.00002000
Epoch: 27, Loss: 15.6757, Rmse_valid: 16.7272, valid_score: 75463.9, , rmse_test: 17.3210, score_test: 1746.4, Learning rate:0.00002000
Epoch: 28, Loss: 15.6687, Rmse_valid: 16.6582, valid_score: 72163.4, , rmse_test: 17.2419, score_test: 1680.9, Learning rate:0.00002000
Epoch: 29, Loss: 15.6656, Rmse_valid: 16.6234, valid_score: 72639.8, , rmse_test: 17.2661, score_test: 1701.8, Learning rate:0.00002000
Epoch: 30, Loss: 15.6619, Rmse_valid: 16.5728, valid_score: 75657.9, , rmse_test: 17.1895, score_test: 1718.9, Learning rate:0.00002000
[Train Summary] Restored best model from epoch 17, rmse_valid: 16.4554, valid_score: 62057.9, rmse_test: 17.3722, score_test: 1701.8
[Train Time] start: 2026-04-18 09:01:05, end: 2026-04-18 09:06:41, duration: 0:05:36, total_seconds: 335.54
[Auto Test] command: /usr/bin/python /CMAPSS-release/scipt/test_model.py --sub-dataset FD004 --smooth-rate 40 --sequence-len 30 --feature-num 14 --dataset-root /CMAPSS-release/CMAPSSData/ --max-rul 125 --batch-size 128 --model-path /CMAPSS-release/trials/model_FD004_0418_090105.pkl
model_path:/CMAPSS-release/trials/model_FD004_0418_090105.pkl
rmse_final:17.347841262817383, score:1646.150390625
