-----FD004-----
关键参数:
序列长度: 30
批大小(batch_size): 128
最大训练轮数(max_epochs): 30
随机数种子: 17
模型代号(model_code): FD004_GAT3L
学习率: 0.002
学习率调度器: step
Step步长(step_size): 10
Step衰减系数(gamma): 0.1
空间GAT: 开启
时间注意力: 关闭
Decoder融合方式: concat
图构建模式(graph_mode): dynamic_knn
GAT层数(num_layers): 3
GAT邻居数(topk): 5
GAT嵌入维度: 16
GAT隐藏层维度: 8
------------------------------
Epoch: 1, Loss: 27.6019, Rmse_valid: 21.5327, valid_score: 79816.4, , rmse_test: 24.5132, score_test: 9296.7, Learning rate:0.00200000
Epoch: 2, Loss: 22.0304, Rmse_valid: 20.2685, valid_score: 78208.1, , rmse_test: 21.4367, score_test: 3672.5, Learning rate:0.00200000
Epoch: 3, Loss: 20.4063, Rmse_valid: 18.9422, valid_score: 51156.5, , rmse_test: 19.5781, score_test: 3050.2, Learning rate:0.00200000
Epoch: 4, Loss: 19.3164, Rmse_valid: 18.3529, valid_score: 32452.5, , rmse_test: 19.3230, score_test: 1879.4, Learning rate:0.00200000
Epoch: 5, Loss: 18.4652, Rmse_valid: 17.3557, valid_score: 45121.5, , rmse_test: 18.2514, score_test: 2129.0, Learning rate:0.00200000
Epoch: 6, Loss: 17.8324, Rmse_valid: 17.1393, valid_score: 48381.3, , rmse_test: 19.3276, score_test: 3942.2, Learning rate:0.00200000
Epoch: 7, Loss: 17.3508, Rmse_valid: 17.1642, valid_score: 31944.4, , rmse_test: 18.5599, score_test: 1677.0, Learning rate:0.00200000
Epoch: 8, Loss: 16.9534, Rmse_valid: 17.0994, valid_score: 37580.0, , rmse_test: 18.1314, score_test: 1854.6, Learning rate:0.00200000
Epoch: 9, Loss: 16.7059, Rmse_valid: 17.2372, valid_score: 45520.0, , rmse_test: 19.1139, score_test: 2902.9, Learning rate:0.00200000
Epoch: 10, Loss: 16.3542, Rmse_valid: 16.4200, valid_score: 30030.1, , rmse_test: 18.9036, score_test: 1976.0, Learning rate:0.00200000
Epoch: 11, Loss: 14.6309, Rmse_valid: 16.8089, valid_score: 55470.9, , rmse_test: 17.9121, score_test: 2014.5, Learning rate:0.00020000
Epoch: 12, Loss: 14.4782, Rmse_valid: 16.8896, valid_score: 63706.6, , rmse_test: 18.0352, score_test: 2329.4, Learning rate:0.00020000
Epoch: 13, Loss: 14.4008, Rmse_valid: 16.7989, valid_score: 56623.8, , rmse_test: 18.0385, score_test: 2203.5, Learning rate:0.00020000
Epoch: 14, Loss: 14.3440, Rmse_valid: 17.0944, valid_score: 70712.8, , rmse_test: 17.9654, score_test: 2244.4, Learning rate:0.00020000
Epoch: 15, Loss: 14.2904, Rmse_valid: 17.3617, valid_score: 74941.8, , rmse_test: 17.9126, score_test: 2295.2, Learning rate:0.00020000
Epoch: 16, Loss: 14.2364, Rmse_valid: 16.6685, valid_score: 53909.7, , rmse_test: 18.2291, score_test: 2320.3, Learning rate:0.00020000
Epoch: 17, Loss: 14.1945, Rmse_valid: 17.0284, valid_score: 69700.0, , rmse_test: 18.0591, score_test: 2505.7, Learning rate:0.00020000
Epoch: 18, Loss: 14.1436, Rmse_valid: 17.1436, valid_score: 69002.7, , rmse_test: 18.0740, score_test: 2405.8, Learning rate:0.00020000
Epoch: 19, Loss: 14.0973, Rmse_valid: 16.9152, valid_score: 69622.3, , rmse_test: 17.9448, score_test: 2217.5, Learning rate:0.00020000
Epoch: 20, Loss: 14.0526, Rmse_valid: 17.0869, valid_score: 77623.4, , rmse_test: 17.9170, score_test: 2156.6, Learning rate:0.00020000
Epoch: 21, Loss: 13.9253, Rmse_valid: 16.9219, valid_score: 71876.7, , rmse_test: 17.7934, score_test: 2096.7, Learning rate:0.00002000
Epoch: 22, Loss: 13.9108, Rmse_valid: 16.9069, valid_score: 71534.3, , rmse_test: 17.8409, score_test: 2161.1, Learning rate:0.00002000
Epoch: 23, Loss: 13.9026, Rmse_valid: 16.6981, valid_score: 70258.8, , rmse_test: 17.8570, score_test: 2174.0, Learning rate:0.00002000
Epoch: 24, Loss: 13.9003, Rmse_valid: 16.9494, valid_score: 71666.9, , rmse_test: 17.8539, score_test: 2190.5, Learning rate:0.00002000
Epoch: 25, Loss: 13.8966, Rmse_valid: 16.7979, valid_score: 69978.6, , rmse_test: 17.8412, score_test: 2106.6, Learning rate:0.00002000
Epoch: 26, Loss: 13.8902, Rmse_valid: 16.8952, valid_score: 71268.6, , rmse_test: 17.8703, score_test: 2163.6, Learning rate:0.00002000
Epoch: 27, Loss: 13.8851, Rmse_valid: 16.8016, valid_score: 72280.7, , rmse_test: 17.7566, score_test: 2072.2, Learning rate:0.00002000
Epoch: 28, Loss: 13.8829, Rmse_valid: 16.8561, valid_score: 71065.1, , rmse_test: 17.8460, score_test: 2159.4, Learning rate:0.00002000
Epoch: 29, Loss: 13.8760, Rmse_valid: 16.8906, valid_score: 72579.7, , rmse_test: 17.8839, score_test: 2199.7, Learning rate:0.00002000
Epoch: 30, Loss: 13.8732, Rmse_valid: 16.7839, valid_score: 70229.3, , rmse_test: 17.8170, score_test: 2120.1, Learning rate:0.00002000
[Train Summary] Restored best model from epoch 10, rmse_valid: 16.4200, valid_score: 30030.1, rmse_test: 18.9036, score_test: 1976.0
[Train Time] start: 2026-04-16 12:50:44, end: 2026-04-16 12:59:22, duration: 0:08:38, total_seconds: 518.29
[Auto Test] command: /usr/bin/python /CMAPSS-release/scipt/test_model.py --sub-dataset FD004 --smooth-rate 40 --sequence-len 30 --feature-num 14 --dataset-root /CMAPSS-release/CMAPSSData/ --max-rul 125 --batch-size 128 --model-path /CMAPSS-release/trials/model_FD004_0416_125044.pkl
model_path:/CMAPSS-release/trials/model_FD004_0416_125044.pkl
rmse_final:18.93803596496582, score:1953.121337890625
