-----FD004-----
关键参数:
序列长度: 30
批大小(batch_size): 128
最大训练轮数(max_epochs): 30
随机数种子: 33
模型代号(model_code): FD004_GAT_embed_dim32_topk5
学习率: 0.002
学习率调度器: step
Step步长(step_size): 10
Step衰减系数(gamma): 0.1
空间GAT: 开启
时间注意力: 关闭
Decoder融合方式: concat
图构建模式(graph_mode): dynamic_knn
GAT层数(num_layers): 2
GAT邻居数(topk): 5
GAT嵌入维度: 32
GAT隐藏层维度: 16
------------------------------
Epoch: 1, Loss: 25.7627, Rmse_valid: 21.5133, valid_score: 66848.5, , rmse_test: 23.6016, score_test: 4583.2, Learning rate:0.00200000
Epoch: 2, Loss: 21.5809, Rmse_valid: 20.3533, valid_score: 51366.7, , rmse_test: 22.1285, score_test: 3348.4, Learning rate:0.00200000
Epoch: 3, Loss: 19.9878, Rmse_valid: 19.2528, valid_score: 62459.6, , rmse_test: 20.0944, score_test: 4193.7, Learning rate:0.00200000
Epoch: 4, Loss: 19.0749, Rmse_valid: 18.5689, valid_score: 52582.5, , rmse_test: 19.5007, score_test: 4133.2, Learning rate:0.00200000
Epoch: 5, Loss: 18.3992, Rmse_valid: 18.1585, valid_score: 52876.5, , rmse_test: 18.8107, score_test: 2477.7, Learning rate:0.00200000
Epoch: 6, Loss: 17.7728, Rmse_valid: 18.4816, valid_score: 45152.3, , rmse_test: 19.2302, score_test: 3730.0, Learning rate:0.00200000
Epoch: 7, Loss: 17.2916, Rmse_valid: 17.8069, valid_score: 33499.4, , rmse_test: 19.6695, score_test: 1939.4, Learning rate:0.00200000
Epoch: 8, Loss: 16.9195, Rmse_valid: 17.6591, valid_score: 41270.0, , rmse_test: 17.7382, score_test: 1746.0, Learning rate:0.00200000
Epoch: 9, Loss: 16.5174, Rmse_valid: 18.5856, valid_score: 61099.0, , rmse_test: 19.0308, score_test: 2471.0, Learning rate:0.00200000
Epoch: 10, Loss: 16.2438, Rmse_valid: 17.7515, valid_score: 48124.7, , rmse_test: 18.8725, score_test: 2180.0, Learning rate:0.00200000
Epoch: 11, Loss: 14.4819, Rmse_valid: 17.3507, valid_score: 50056.7, , rmse_test: 18.2303, score_test: 1946.0, Learning rate:0.00020000
Epoch: 12, Loss: 14.3169, Rmse_valid: 17.1838, valid_score: 44865.9, , rmse_test: 18.3096, score_test: 1831.4, Learning rate:0.00020000
Epoch: 13, Loss: 14.2248, Rmse_valid: 17.5236, valid_score: 52197.5, , rmse_test: 18.4582, score_test: 1999.0, Learning rate:0.00020000
Epoch: 14, Loss: 14.1481, Rmse_valid: 17.6859, valid_score: 56592.5, , rmse_test: 18.2194, score_test: 1923.3, Learning rate:0.00020000
Epoch: 15, Loss: 14.1153, Rmse_valid: 17.3652, valid_score: 55273.9, , rmse_test: 18.5795, score_test: 2098.6, Learning rate:0.00020000
Epoch: 16, Loss: 14.0565, Rmse_valid: 17.3002, valid_score: 58269.4, , rmse_test: 18.4311, score_test: 2025.1, Learning rate:0.00020000
Epoch: 17, Loss: 13.9967, Rmse_valid: 17.6657, valid_score: 59439.6, , rmse_test: 18.0757, score_test: 1796.7, Learning rate:0.00020000
Epoch: 18, Loss: 13.9544, Rmse_valid: 17.5671, valid_score: 62122.5, , rmse_test: 17.9950, score_test: 1809.7, Learning rate:0.00020000
Epoch: 19, Loss: 13.9106, Rmse_valid: 17.1647, valid_score: 50422.2, , rmse_test: 18.2721, score_test: 1767.8, Learning rate:0.00020000
Epoch: 20, Loss: 13.8730, Rmse_valid: 17.3776, valid_score: 62692.0, , rmse_test: 18.5109, score_test: 1962.7, Learning rate:0.00020000
Epoch: 21, Loss: 13.7552, Rmse_valid: 17.1812, valid_score: 56994.4, , rmse_test: 18.0145, score_test: 1789.7, Learning rate:0.00002000
Epoch: 22, Loss: 13.7276, Rmse_valid: 17.3556, valid_score: 55100.1, , rmse_test: 18.1753, score_test: 1843.5, Learning rate:0.00002000
Epoch: 23, Loss: 13.7198, Rmse_valid: 17.2563, valid_score: 58692.8, , rmse_test: 18.2476, score_test: 1923.1, Learning rate:0.00002000
Epoch: 24, Loss: 13.7145, Rmse_valid: 17.4999, valid_score: 58876.5, , rmse_test: 18.2195, score_test: 1916.4, Learning rate:0.00002000
Epoch: 25, Loss: 13.7085, Rmse_valid: 17.3016, valid_score: 56083.9, , rmse_test: 18.1685, score_test: 1864.4, Learning rate:0.00002000
Epoch: 26, Loss: 13.7044, Rmse_valid: 17.3136, valid_score: 56820.3, , rmse_test: 18.2136, score_test: 1887.5, Learning rate:0.00002000
Epoch: 27, Loss: 13.7012, Rmse_valid: 17.3742, valid_score: 58712.9, , rmse_test: 18.2289, score_test: 1904.2, Learning rate:0.00002000
Epoch: 28, Loss: 13.6945, Rmse_valid: 17.1185, valid_score: 56954.4, , rmse_test: 18.2089, score_test: 1860.6, Learning rate:0.00002000
Epoch: 29, Loss: 13.6877, Rmse_valid: 17.2883, valid_score: 58341.1, , rmse_test: 18.1646, score_test: 1892.0, Learning rate:0.00002000
Epoch: 30, Loss: 13.6834, Rmse_valid: 17.3153, valid_score: 56873.0, , rmse_test: 18.2470, score_test: 1910.3, Learning rate:0.00002000
[Train Summary] Restored best model from epoch 28, rmse_valid: 17.1185, valid_score: 56954.4, rmse_test: 18.2089, score_test: 1860.6
[Train Time] start: 2026-04-17 05:01:20, end: 2026-04-17 05:09:22, duration: 0:08:02, total_seconds: 481.60
[Auto Test] command: /usr/bin/python /CMAPSS-release/scipt/test_model.py --sub-dataset FD004 --smooth-rate 40 --sequence-len 30 --feature-num 14 --dataset-root /CMAPSS-release/CMAPSSData/ --max-rul 125 --batch-size 128 --model-path /CMAPSS-release/trials/model_FD004_0417_050120.pkl
model_path:/CMAPSS-release/trials/model_FD004_0417_050120.pkl
rmse_final:18.18642234802246, score:1805.6326904296875
