-----FD001-----
关键参数:
序列长度: 30
批大小(batch_size): 128
最大训练轮数(max_epochs): 30
随机数种子: 80
模型代号(model_code): FD001_B
学习率: 0.002
学习率调度器: step
Step步长(step_size): 10
Step衰减系数(gamma): 0.1
空间GAT: 开启
时间注意力: 关闭
Decoder融合方式: concat
图构建模式(graph_mode): dynamic_knn
GAT层数(num_layers): 2
GAT邻居数(topk): 7
GAT嵌入维度: 8
GAT隐藏层维度: 16
------------------------------
Epoch: 1, Loss: 22.7687, Rmse_valid: 22.4582, valid_score: 44064.4, , rmse_test: 25.8169, score_test: 2511.2, Learning rate:0.00200000
Epoch: 2, Loss: 14.5260, Rmse_valid: 12.5210, valid_score: 5265.5, , rmse_test: 14.3307, score_test: 375.7, Learning rate:0.00200000
Epoch: 3, Loss: 12.6358, Rmse_valid: 13.9816, valid_score: 4692.9, , rmse_test: 15.9382, score_test: 303.2, Learning rate:0.00200000
Epoch: 4, Loss: 11.6915, Rmse_valid: 12.5780, valid_score: 6501.9, , rmse_test: 14.2628, score_test: 308.4, Learning rate:0.00200000
Epoch: 5, Loss: 11.2339, Rmse_valid: 11.8431, valid_score: 5795.6, , rmse_test: 13.6150, score_test: 316.7, Learning rate:0.00200000
Epoch: 6, Loss: 10.9809, Rmse_valid: 12.6190, valid_score: 7918.0, , rmse_test: 14.3068, score_test: 410.9, Learning rate:0.00200000
Epoch: 7, Loss: 10.7114, Rmse_valid: 12.3679, valid_score: 6039.2, , rmse_test: 14.1240, score_test: 359.7, Learning rate:0.00200000
Epoch: 8, Loss: 10.4467, Rmse_valid: 13.1562, valid_score: 7102.5, , rmse_test: 14.3591, score_test: 377.0, Learning rate:0.00200000
Epoch: 9, Loss: 10.2885, Rmse_valid: 12.1418, valid_score: 6287.9, , rmse_test: 14.3437, score_test: 385.1, Learning rate:0.00200000
Epoch: 10, Loss: 9.9877, Rmse_valid: 12.7876, valid_score: 7547.4, , rmse_test: 14.6028, score_test: 379.9, Learning rate:0.00200000
Epoch: 11, Loss: 8.8700, Rmse_valid: 12.7726, valid_score: 6384.7, , rmse_test: 14.3846, score_test: 388.9, Learning rate:0.00020000
Epoch: 12, Loss: 8.7689, Rmse_valid: 12.6227, valid_score: 7351.2, , rmse_test: 14.9472, score_test: 466.5, Learning rate:0.00020000
Epoch: 13, Loss: 8.7272, Rmse_valid: 12.6781, valid_score: 6618.4, , rmse_test: 14.6298, score_test: 414.1, Learning rate:0.00020000
Epoch: 14, Loss: 8.6745, Rmse_valid: 12.2839, valid_score: 6494.8, , rmse_test: 14.5525, score_test: 394.0, Learning rate:0.00020000
Epoch: 15, Loss: 8.6227, Rmse_valid: 12.3754, valid_score: 7110.6, , rmse_test: 14.6483, score_test: 420.7, Learning rate:0.00020000
Epoch: 16, Loss: 8.5664, Rmse_valid: 13.0079, valid_score: 8019.8, , rmse_test: 14.9471, score_test: 473.1, Learning rate:0.00020000
Epoch: 17, Loss: 8.5295, Rmse_valid: 12.7123, valid_score: 6488.5, , rmse_test: 14.6321, score_test: 407.1, Learning rate:0.00020000
Epoch: 18, Loss: 8.4685, Rmse_valid: 12.3089, valid_score: 6279.8, , rmse_test: 14.7984, score_test: 416.9, Learning rate:0.00020000
Epoch: 19, Loss: 8.4432, Rmse_valid: 12.4334, valid_score: 7876.3, , rmse_test: 15.0449, score_test: 494.5, Learning rate:0.00020000
Epoch: 20, Loss: 8.3967, Rmse_valid: 12.7055, valid_score: 6676.0, , rmse_test: 14.8594, score_test: 420.1, Learning rate:0.00020000
Epoch: 21, Loss: 8.3255, Rmse_valid: 12.5250, valid_score: 7189.7, , rmse_test: 14.8542, score_test: 450.5, Learning rate:0.00002000
Epoch: 22, Loss: 8.3058, Rmse_valid: 12.3631, valid_score: 7548.5, , rmse_test: 14.9175, score_test: 468.1, Learning rate:0.00002000
Epoch: 23, Loss: 8.2992, Rmse_valid: 12.9085, valid_score: 7270.3, , rmse_test: 14.8534, score_test: 451.4, Learning rate:0.00002000
Epoch: 24, Loss: 8.2839, Rmse_valid: 12.4525, valid_score: 7461.9, , rmse_test: 14.8845, score_test: 457.9, Learning rate:0.00002000
Epoch: 25, Loss: 8.2785, Rmse_valid: 13.1083, valid_score: 7527.1, , rmse_test: 14.9242, score_test: 466.2, Learning rate:0.00002000
Epoch: 26, Loss: 8.2893, Rmse_valid: 13.0494, valid_score: 7348.1, , rmse_test: 14.8853, score_test: 458.2, Learning rate:0.00002000
Epoch: 27, Loss: 8.2894, Rmse_valid: 12.8145, valid_score: 7331.3, , rmse_test: 14.8957, score_test: 461.3, Learning rate:0.00002000
Epoch: 28, Loss: 8.2792, Rmse_valid: 12.6940, valid_score: 7524.1, , rmse_test: 14.9499, score_test: 472.3, Learning rate:0.00002000
Epoch: 29, Loss: 8.2617, Rmse_valid: 12.9715, valid_score: 7550.0, , rmse_test: 14.9353, score_test: 471.6, Learning rate:0.00002000
Epoch: 30, Loss: 8.2604, Rmse_valid: 12.5128, valid_score: 7539.0, , rmse_test: 14.9405, score_test: 470.0, Learning rate:0.00002000
[Train Summary] Restored best model from epoch 5, rmse_valid: 11.8431, valid_score: 5795.6, rmse_test: 13.6150, score_test: 316.7
[Train Time] start: 2026-04-17 13:14:21, end: 2026-04-17 13:15:52, duration: 0:01:31, total_seconds: 90.71
[Auto Test] command: /usr/bin/python /CMAPSS-release/scipt/test_model.py --sub-dataset FD001 --smooth-rate 40 --sequence-len 30 --feature-num 14 --dataset-root /CMAPSS-release/CMAPSSData/ --max-rul 125 --batch-size 128 --model-path /CMAPSS-release/trials/model_FD001_0417_131421.pkl
model_path:/CMAPSS-release/trials/model_FD001_0417_131421.pkl
rmse_final:13.546586036682129, score:308.1910705566406
