-----FD002-----
关键参数:
序列长度: 30
批大小(batch_size): 128
最大训练轮数(max_epochs): 30
随机数种子: 27
模型代号(model_code): FD002_F
学习率: 0.002
学习率调度器: step
Step步长(step_size): 10
Step衰减系数(gamma): 0.1
空间GAT: 关闭
时间注意力: 关闭
Decoder融合方式: concat
------------------------------
Epoch: 1, Loss: 25.8799, Rmse_valid: 23.1130, valid_score: 82526.6, , rmse_test: 21.9045, score_test: 3888.7, Learning rate:0.00200000
Epoch: 2, Loss: 20.4886, Rmse_valid: 19.8232, valid_score: 45797.3, , rmse_test: 17.1931, score_test: 1424.8, Learning rate:0.00200000
Epoch: 3, Loss: 18.0802, Rmse_valid: 18.6069, valid_score: 44317.7, , rmse_test: 16.1059, score_test: 1451.0, Learning rate:0.00200000
Epoch: 4, Loss: 17.2070, Rmse_valid: 19.1511, valid_score: 52380.8, , rmse_test: 16.2645, score_test: 1574.3, Learning rate:0.00200000
Epoch: 5, Loss: 16.4897, Rmse_valid: 17.5186, valid_score: 28037.7, , rmse_test: 15.2098, score_test: 924.6, Learning rate:0.00200000
Epoch: 6, Loss: 16.1747, Rmse_valid: 17.6130, valid_score: 38477.0, , rmse_test: 15.4096, score_test: 1165.2, Learning rate:0.00200000
Epoch: 7, Loss: 15.8923, Rmse_valid: 16.5320, valid_score: 27777.2, , rmse_test: 14.9391, score_test: 1036.5, Learning rate:0.00200000
Epoch: 8, Loss: 15.6193, Rmse_valid: 17.1068, valid_score: 30175.3, , rmse_test: 15.1018, score_test: 1005.8, Learning rate:0.00200000
Epoch: 9, Loss: 15.4899, Rmse_valid: 16.7976, valid_score: 42195.8, , rmse_test: 14.6409, score_test: 1300.0, Learning rate:0.00200000
Epoch: 10, Loss: 15.3349, Rmse_valid: 17.5773, valid_score: 34527.0, , rmse_test: 15.3304, score_test: 1024.3, Learning rate:0.00200000
Epoch: 11, Loss: 13.7867, Rmse_valid: 15.7005, valid_score: 27237.5, , rmse_test: 13.9739, score_test: 1042.9, Learning rate:0.00020000
Epoch: 12, Loss: 13.6742, Rmse_valid: 15.8347, valid_score: 27719.4, , rmse_test: 14.1982, score_test: 1131.9, Learning rate:0.00020000
Epoch: 13, Loss: 13.6254, Rmse_valid: 15.7367, valid_score: 28811.1, , rmse_test: 13.9879, score_test: 1147.9, Learning rate:0.00020000
Epoch: 14, Loss: 13.5836, Rmse_valid: 15.8199, valid_score: 27974.1, , rmse_test: 13.9734, score_test: 1064.0, Learning rate:0.00020000
Epoch: 15, Loss: 13.5423, Rmse_valid: 15.3779, valid_score: 26623.6, , rmse_test: 13.9839, score_test: 1151.5, Learning rate:0.00020000
Epoch: 16, Loss: 13.5070, Rmse_valid: 15.5478, valid_score: 26515.5, , rmse_test: 13.9325, score_test: 1118.9, Learning rate:0.00020000
Epoch: 17, Loss: 13.4805, Rmse_valid: 15.5902, valid_score: 24983.3, , rmse_test: 13.9689, score_test: 1024.9, Learning rate:0.00020000
Epoch: 18, Loss: 13.4463, Rmse_valid: 15.3868, valid_score: 26480.5, , rmse_test: 13.8535, score_test: 1143.5, Learning rate:0.00020000
Epoch: 19, Loss: 13.4213, Rmse_valid: 15.4478, valid_score: 23925.1, , rmse_test: 13.7262, score_test: 1031.5, Learning rate:0.00020000
Epoch: 20, Loss: 13.3967, Rmse_valid: 15.7235, valid_score: 27200.6, , rmse_test: 14.0576, score_test: 1114.1, Learning rate:0.00020000
Epoch: 21, Loss: 13.2996, Rmse_valid: 15.5756, valid_score: 25618.1, , rmse_test: 13.8831, score_test: 1081.8, Learning rate:0.00002000
Epoch: 22, Loss: 13.2877, Rmse_valid: 15.5070, valid_score: 25196.9, , rmse_test: 13.8439, score_test: 1057.3, Learning rate:0.00002000
Epoch: 23, Loss: 13.2821, Rmse_valid: 15.5492, valid_score: 25247.5, , rmse_test: 13.9199, score_test: 1076.9, Learning rate:0.00002000
Epoch: 24, Loss: 13.2832, Rmse_valid: 15.5135, valid_score: 25404.0, , rmse_test: 13.8886, score_test: 1076.4, Learning rate:0.00002000
Epoch: 25, Loss: 13.2756, Rmse_valid: 15.5610, valid_score: 24750.8, , rmse_test: 13.8248, score_test: 1049.9, Learning rate:0.00002000
Epoch: 26, Loss: 13.2758, Rmse_valid: 15.3656, valid_score: 25105.3, , rmse_test: 13.8571, score_test: 1065.6, Learning rate:0.00002000
Epoch: 27, Loss: 13.2704, Rmse_valid: 15.5048, valid_score: 25403.4, , rmse_test: 13.8393, score_test: 1076.3, Learning rate:0.00002000
Epoch: 28, Loss: 13.2687, Rmse_valid: 15.4563, valid_score: 24754.1, , rmse_test: 13.8642, score_test: 1061.3, Learning rate:0.00002000
Epoch: 29, Loss: 13.2645, Rmse_valid: 15.3459, valid_score: 25011.4, , rmse_test: 13.8597, score_test: 1082.7, Learning rate:0.00002000
Epoch: 30, Loss: 13.2605, Rmse_valid: 15.5005, valid_score: 25122.4, , rmse_test: 13.9041, score_test: 1081.9, Learning rate:0.00002000
[Train Summary] Restored best model from epoch 29, rmse_valid: 15.3459, valid_score: 25011.4, rmse_test: 13.8597, score_test: 1082.7
[Train Time] start: 2026-04-17 19:31:23, end: 2026-04-17 19:34:27, duration: 0:03:04, total_seconds: 184.07
[Auto Test] command: /usr/bin/python /CMAPSS-release/scipt/test_model.py --sub-dataset FD002 --smooth-rate 40 --sequence-len 30 --feature-num 14 --dataset-root /CMAPSS-release/CMAPSSData/ --max-rul 125 --batch-size 128 --model-path /CMAPSS-release/trials/model_FD002_0417_193123.pkl
model_path:/CMAPSS-release/trials/model_FD002_0417_193123.pkl
rmse_final:13.815664291381836, score:1046.1817626953125
