-----FD004-----
关键参数:
序列长度: 30
批大小(batch_size): 128
最大训练轮数(max_epochs): 30
随机数种子: 33
模型代号(model_code): FD004_GAT_embed_dim8_topk3
学习率: 0.002
学习率调度器: step
Step步长(step_size): 10
Step衰减系数(gamma): 0.1
空间GAT: 开启
时间注意力: 关闭
Decoder融合方式: concat
图构建模式(graph_mode): dynamic_knn
GAT层数(num_layers): 2
GAT邻居数(topk): 3
GAT嵌入维度: 8
GAT隐藏层维度: 16
------------------------------
Epoch: 1, Loss: 25.0609, Rmse_valid: 20.2362, valid_score: 42815.1, , rmse_test: 24.1685, score_test: 4826.2, Learning rate:0.00200000
Epoch: 2, Loss: 21.2969, Rmse_valid: 18.6222, valid_score: 39109.9, , rmse_test: 21.0996, score_test: 3647.8, Learning rate:0.00200000
Epoch: 3, Loss: 19.8289, Rmse_valid: 18.6059, valid_score: 37224.6, , rmse_test: 19.2479, score_test: 2194.4, Learning rate:0.00200000
Epoch: 4, Loss: 18.8119, Rmse_valid: 18.8454, valid_score: 50615.3, , rmse_test: 19.1393, score_test: 2265.1, Learning rate:0.00200000
Epoch: 5, Loss: 18.1136, Rmse_valid: 17.6979, valid_score: 38025.6, , rmse_test: 19.0154, score_test: 2681.1, Learning rate:0.00200000
Epoch: 6, Loss: 17.4562, Rmse_valid: 18.0928, valid_score: 41263.9, , rmse_test: 18.2623, score_test: 1929.7, Learning rate:0.00200000
Epoch: 7, Loss: 16.9820, Rmse_valid: 20.3621, valid_score: 113109.6, , rmse_test: 23.9745, score_test: 9706.5, Learning rate:0.00200000
Epoch: 8, Loss: 16.5904, Rmse_valid: 16.5459, valid_score: 33127.0, , rmse_test: 18.4349, score_test: 2437.4, Learning rate:0.00200000
Epoch: 9, Loss: 16.2871, Rmse_valid: 17.2971, valid_score: 40995.8, , rmse_test: 19.7572, score_test: 2901.3, Learning rate:0.00200000
Epoch: 10, Loss: 15.9773, Rmse_valid: 16.7841, valid_score: 33896.8, , rmse_test: 18.3046, score_test: 1949.9, Learning rate:0.00200000
Epoch: 11, Loss: 14.2681, Rmse_valid: 16.8092, valid_score: 44695.7, , rmse_test: 17.2023, score_test: 1855.5, Learning rate:0.00020000
Epoch: 12, Loss: 14.0620, Rmse_valid: 16.7494, valid_score: 44341.4, , rmse_test: 17.0826, score_test: 1823.0, Learning rate:0.00020000
Epoch: 13, Loss: 13.9877, Rmse_valid: 16.9521, valid_score: 47775.4, , rmse_test: 17.3306, score_test: 2038.3, Learning rate:0.00020000
Epoch: 14, Loss: 13.8998, Rmse_valid: 16.8912, valid_score: 48906.8, , rmse_test: 17.0192, score_test: 1716.9, Learning rate:0.00020000
Epoch: 15, Loss: 13.8405, Rmse_valid: 16.8920, valid_score: 51872.7, , rmse_test: 17.1912, score_test: 2055.9, Learning rate:0.00020000
Epoch: 16, Loss: 13.7876, Rmse_valid: 17.2902, valid_score: 61476.7, , rmse_test: 17.5618, score_test: 2179.2, Learning rate:0.00020000
Epoch: 17, Loss: 13.7384, Rmse_valid: 17.2132, valid_score: 54335.8, , rmse_test: 17.1517, score_test: 1878.6, Learning rate:0.00020000
Epoch: 18, Loss: 13.6793, Rmse_valid: 17.3512, valid_score: 58047.7, , rmse_test: 17.0671, score_test: 1872.6, Learning rate:0.00020000
Epoch: 19, Loss: 13.6378, Rmse_valid: 17.5140, valid_score: 57244.4, , rmse_test: 17.0258, score_test: 1896.8, Learning rate:0.00020000
Epoch: 20, Loss: 13.5838, Rmse_valid: 17.2415, valid_score: 59342.0, , rmse_test: 17.2578, score_test: 2014.9, Learning rate:0.00020000
Epoch: 21, Loss: 13.4469, Rmse_valid: 17.3718, valid_score: 57384.7, , rmse_test: 17.0764, score_test: 1886.3, Learning rate:0.00002000
Epoch: 22, Loss: 13.4312, Rmse_valid: 17.2444, valid_score: 58595.9, , rmse_test: 17.1080, score_test: 1919.5, Learning rate:0.00002000
Epoch: 23, Loss: 13.4240, Rmse_valid: 17.1999, valid_score: 58451.9, , rmse_test: 17.0061, score_test: 1847.3, Learning rate:0.00002000
Epoch: 24, Loss: 13.4178, Rmse_valid: 17.1384, valid_score: 57189.6, , rmse_test: 16.9483, score_test: 1834.7, Learning rate:0.00002000
Epoch: 25, Loss: 13.4130, Rmse_valid: 17.2121, valid_score: 59578.6, , rmse_test: 17.0846, score_test: 1918.0, Learning rate:0.00002000
Epoch: 26, Loss: 13.4061, Rmse_valid: 17.2502, valid_score: 60025.8, , rmse_test: 17.0782, score_test: 1903.4, Learning rate:0.00002000
Epoch: 27, Loss: 13.4038, Rmse_valid: 17.2263, valid_score: 59999.1, , rmse_test: 17.0595, score_test: 1910.4, Learning rate:0.00002000
Epoch: 28, Loss: 13.3967, Rmse_valid: 17.3230, valid_score: 58856.3, , rmse_test: 17.0418, score_test: 1897.7, Learning rate:0.00002000
Epoch: 29, Loss: 13.3921, Rmse_valid: 17.3385, valid_score: 59224.1, , rmse_test: 16.9777, score_test: 1835.5, Learning rate:0.00002000
Epoch: 30, Loss: 13.3895, Rmse_valid: 17.4668, valid_score: 60637.3, , rmse_test: 17.1339, score_test: 1944.0, Learning rate:0.00002000
[Train Summary] Restored best model from epoch 8, rmse_valid: 16.5459, valid_score: 33127.0, rmse_test: 18.4349, score_test: 2437.4
[Train Time] start: 2026-04-17 00:45:17, end: 2026-04-17 00:52:59, duration: 0:07:42, total_seconds: 462.13
[Auto Test] command: /usr/bin/python /CMAPSS-release/scipt/test_model.py --sub-dataset FD004 --smooth-rate 40 --sequence-len 30 --feature-num 14 --dataset-root /CMAPSS-release/CMAPSSData/ --max-rul 125 --batch-size 128 --model-path /CMAPSS-release/trials/model_FD004_0417_004517.pkl
model_path:/CMAPSS-release/trials/model_FD004_0417_004517.pkl
rmse_final:18.349979400634766, score:2340.14208984375
