-----FD004-----
关键参数:
序列长度: 30
批大小(batch_size): 128
最大训练轮数(max_epochs): 30
随机数种子: 62
模型代号(model_code): FD004_E
学习率: 0.002
学习率调度器: step
Step步长(step_size): 10
Step衰减系数(gamma): 0.1
空间GAT: 关闭
时间注意力: 关闭
Decoder融合方式: gate
------------------------------
Epoch: 1, Loss: 29.6332, Rmse_valid: 22.5917, valid_score: 82188.0, , rmse_test: 25.9165, score_test: 9559.1, Learning rate:0.00200000
Epoch: 2, Loss: 23.2869, Rmse_valid: 21.1990, valid_score: 66076.7, , rmse_test: 25.1279, score_test: 7722.2, Learning rate:0.00200000
Epoch: 3, Loss: 22.0746, Rmse_valid: 21.9798, valid_score: 133267.4, , rmse_test: 24.1897, score_test: 8909.8, Learning rate:0.00200000
Epoch: 4, Loss: 21.0976, Rmse_valid: 19.9661, valid_score: 80686.5, , rmse_test: 21.4066, score_test: 4390.6, Learning rate:0.00200000
Epoch: 5, Loss: 19.9089, Rmse_valid: 18.6125, valid_score: 51364.2, , rmse_test: 20.3734, score_test: 2792.9, Learning rate:0.00200000
Epoch: 6, Loss: 19.0869, Rmse_valid: 18.2880, valid_score: 51482.2, , rmse_test: 19.2081, score_test: 2514.2, Learning rate:0.00200000
Epoch: 7, Loss: 18.5552, Rmse_valid: 18.6502, valid_score: 57167.1, , rmse_test: 18.9885, score_test: 2226.5, Learning rate:0.00200000
Epoch: 8, Loss: 18.1953, Rmse_valid: 20.6138, valid_score: 131716.7, , rmse_test: 22.0406, score_test: 7277.8, Learning rate:0.00200000
Epoch: 9, Loss: 17.9492, Rmse_valid: 20.8502, valid_score: 131203.9, , rmse_test: 20.4633, score_test: 3825.1, Learning rate:0.00200000
Epoch: 10, Loss: 17.6789, Rmse_valid: 17.3629, valid_score: 55358.8, , rmse_test: 19.5305, score_test: 2562.2, Learning rate:0.00200000
Epoch: 11, Loss: 16.3793, Rmse_valid: 17.0246, valid_score: 66591.3, , rmse_test: 18.2102, score_test: 2431.7, Learning rate:0.00020000
Epoch: 12, Loss: 16.2420, Rmse_valid: 17.2371, valid_score: 72386.3, , rmse_test: 18.0684, score_test: 2308.2, Learning rate:0.00020000
Epoch: 13, Loss: 16.1789, Rmse_valid: 17.6255, valid_score: 85821.7, , rmse_test: 18.5882, score_test: 2864.6, Learning rate:0.00020000
Epoch: 14, Loss: 16.1193, Rmse_valid: 17.1166, valid_score: 71906.3, , rmse_test: 18.2641, score_test: 2284.2, Learning rate:0.00020000
Epoch: 15, Loss: 16.0592, Rmse_valid: 17.4481, valid_score: 77453.8, , rmse_test: 18.0334, score_test: 2359.7, Learning rate:0.00020000
Epoch: 16, Loss: 16.0130, Rmse_valid: 17.2363, valid_score: 75585.6, , rmse_test: 18.4244, score_test: 2470.3, Learning rate:0.00020000
Epoch: 17, Loss: 15.9675, Rmse_valid: 17.0768, valid_score: 79055.2, , rmse_test: 18.3714, score_test: 2407.9, Learning rate:0.00020000
Epoch: 18, Loss: 15.9317, Rmse_valid: 17.4332, valid_score: 85622.4, , rmse_test: 18.0229, score_test: 2322.6, Learning rate:0.00020000
Epoch: 19, Loss: 15.8880, Rmse_valid: 17.3444, valid_score: 93119.2, , rmse_test: 18.0149, score_test: 2354.0, Learning rate:0.00020000
Epoch: 20, Loss: 15.8488, Rmse_valid: 17.3054, valid_score: 99573.1, , rmse_test: 17.6925, score_test: 2145.6, Learning rate:0.00020000
Epoch: 21, Loss: 15.7407, Rmse_valid: 17.2281, valid_score: 95334.5, , rmse_test: 17.9417, score_test: 2277.7, Learning rate:0.00002000
Epoch: 22, Loss: 15.7286, Rmse_valid: 17.2096, valid_score: 93936.1, , rmse_test: 17.9146, score_test: 2272.4, Learning rate:0.00002000
Epoch: 23, Loss: 15.7240, Rmse_valid: 17.2835, valid_score: 93951.2, , rmse_test: 17.9384, score_test: 2282.9, Learning rate:0.00002000
Epoch: 24, Loss: 15.7200, Rmse_valid: 17.3072, valid_score: 95145.9, , rmse_test: 17.9485, score_test: 2318.4, Learning rate:0.00002000
Epoch: 25, Loss: 15.7139, Rmse_valid: 17.2606, valid_score: 96219.1, , rmse_test: 18.1059, score_test: 2460.7, Learning rate:0.00002000
Epoch: 26, Loss: 15.7103, Rmse_valid: 17.2526, valid_score: 96348.6, , rmse_test: 18.0922, score_test: 2422.0, Learning rate:0.00002000
Epoch: 27, Loss: 15.7076, Rmse_valid: 17.3069, valid_score: 95453.5, , rmse_test: 17.9692, score_test: 2270.4, Learning rate:0.00002000
Epoch: 28, Loss: 15.7024, Rmse_valid: 17.0934, valid_score: 95676.2, , rmse_test: 18.0065, score_test: 2299.2, Learning rate:0.00002000
Epoch: 29, Loss: 15.6968, Rmse_valid: 17.3173, valid_score: 97075.9, , rmse_test: 18.0800, score_test: 2368.6, Learning rate:0.00002000
Epoch: 30, Loss: 15.6932, Rmse_valid: 17.1989, valid_score: 95685.8, , rmse_test: 17.9147, score_test: 2270.3, Learning rate:0.00002000
[Train Summary] Restored best model from epoch 11, rmse_valid: 17.0246, valid_score: 66591.3, rmse_test: 18.2102, score_test: 2431.7
[Train Time] start: 2026-04-18 09:20:17, end: 2026-04-18 09:25:30, duration: 0:05:13, total_seconds: 313.16
[Auto Test] command: /usr/bin/python /CMAPSS-release/scipt/test_model.py --sub-dataset FD004 --smooth-rate 40 --sequence-len 30 --feature-num 14 --dataset-root /CMAPSS-release/CMAPSSData/ --max-rul 125 --batch-size 128 --model-path /CMAPSS-release/trials/model_FD004_0418_092017.pkl
model_path:/CMAPSS-release/trials/model_FD004_0418_092017.pkl
rmse_final:18.132686614990234, score:2368.79052734375
