-----FD004-----
关键参数:
序列长度: 30
批大小(batch_size): 128
最大训练轮数(max_epochs): 30
随机数种子: 97
模型代号(model_code): FD004_F
学习率: 0.002
学习率调度器: step
Step步长(step_size): 10
Step衰减系数(gamma): 0.1
空间GAT: 关闭
时间注意力: 关闭
Decoder融合方式: concat
------------------------------
Epoch: 1, Loss: 27.2243, Rmse_valid: 21.7900, valid_score: 71446.3, , rmse_test: 26.7387, score_test: 14332.6, Learning rate:0.00200000
Epoch: 2, Loss: 23.1423, Rmse_valid: 20.5512, valid_score: 53639.6, , rmse_test: 23.6363, score_test: 4600.8, Learning rate:0.00200000
Epoch: 3, Loss: 21.8100, Rmse_valid: 19.7855, valid_score: 67188.3, , rmse_test: 22.5851, score_test: 4915.9, Learning rate:0.00200000
Epoch: 4, Loss: 20.6823, Rmse_valid: 22.5360, valid_score: 165058.6, , rmse_test: 23.4522, score_test: 7529.7, Learning rate:0.00200000
Epoch: 5, Loss: 19.6030, Rmse_valid: 18.0085, valid_score: 48986.2, , rmse_test: 20.1788, score_test: 3814.2, Learning rate:0.00200000
Epoch: 6, Loss: 18.7008, Rmse_valid: 17.4147, valid_score: 41129.5, , rmse_test: 18.5323, score_test: 2562.3, Learning rate:0.00200000
Epoch: 7, Loss: 18.0484, Rmse_valid: 17.4106, valid_score: 49416.9, , rmse_test: 19.0681, score_test: 3813.3, Learning rate:0.00200000
Epoch: 8, Loss: 17.6363, Rmse_valid: 16.5733, valid_score: 28292.8, , rmse_test: 18.8291, score_test: 1988.3, Learning rate:0.00200000
Epoch: 9, Loss: 17.2311, Rmse_valid: 16.3775, valid_score: 31682.8, , rmse_test: 17.9163, score_test: 1785.6, Learning rate:0.00200000
Epoch: 10, Loss: 17.0686, Rmse_valid: 17.7012, valid_score: 61173.8, , rmse_test: 18.8919, score_test: 2401.0, Learning rate:0.00200000
Epoch: 11, Loss: 15.7564, Rmse_valid: 16.6683, valid_score: 44829.6, , rmse_test: 17.6899, score_test: 1919.0, Learning rate:0.00020000
Epoch: 12, Loss: 15.5754, Rmse_valid: 16.4057, valid_score: 42602.7, , rmse_test: 18.0096, score_test: 2173.7, Learning rate:0.00020000
Epoch: 13, Loss: 15.4946, Rmse_valid: 16.4711, valid_score: 48106.9, , rmse_test: 17.9033, score_test: 2060.5, Learning rate:0.00020000
Epoch: 14, Loss: 15.4294, Rmse_valid: 16.5792, valid_score: 52861.8, , rmse_test: 17.9264, score_test: 2082.1, Learning rate:0.00020000
Epoch: 15, Loss: 15.3805, Rmse_valid: 16.3952, valid_score: 45793.7, , rmse_test: 17.7295, score_test: 1851.5, Learning rate:0.00020000
Epoch: 16, Loss: 15.3288, Rmse_valid: 16.4638, valid_score: 53565.0, , rmse_test: 17.7544, score_test: 2027.1, Learning rate:0.00020000
Epoch: 17, Loss: 15.2941, Rmse_valid: 16.2968, valid_score: 48589.6, , rmse_test: 17.6056, score_test: 1897.0, Learning rate:0.00020000
Epoch: 18, Loss: 15.2610, Rmse_valid: 16.4016, valid_score: 57668.9, , rmse_test: 17.7157, score_test: 2082.8, Learning rate:0.00020000
Epoch: 19, Loss: 15.2223, Rmse_valid: 16.3614, valid_score: 51688.6, , rmse_test: 17.7230, score_test: 1974.1, Learning rate:0.00020000
Epoch: 20, Loss: 15.2012, Rmse_valid: 16.4637, valid_score: 53076.9, , rmse_test: 17.5397, score_test: 1914.8, Learning rate:0.00020000
Epoch: 21, Loss: 15.0937, Rmse_valid: 16.2775, valid_score: 53302.8, , rmse_test: 17.5962, score_test: 1904.1, Learning rate:0.00002000
Epoch: 22, Loss: 15.0829, Rmse_valid: 16.3891, valid_score: 54080.9, , rmse_test: 17.6584, score_test: 1944.2, Learning rate:0.00002000
Epoch: 23, Loss: 15.0793, Rmse_valid: 16.3693, valid_score: 55355.2, , rmse_test: 17.6496, score_test: 1969.3, Learning rate:0.00002000
Epoch: 24, Loss: 15.0772, Rmse_valid: 16.5150, valid_score: 57134.2, , rmse_test: 17.7007, score_test: 2003.4, Learning rate:0.00002000
Epoch: 25, Loss: 15.0743, Rmse_valid: 16.5514, valid_score: 55016.8, , rmse_test: 17.6205, score_test: 1909.4, Learning rate:0.00002000
Epoch: 26, Loss: 15.0709, Rmse_valid: 16.3888, valid_score: 55582.0, , rmse_test: 17.6631, score_test: 1961.4, Learning rate:0.00002000
Epoch: 27, Loss: 15.0660, Rmse_valid: 16.3521, valid_score: 56237.6, , rmse_test: 17.5975, score_test: 1912.8, Learning rate:0.00002000
Epoch: 28, Loss: 15.0604, Rmse_valid: 16.4526, valid_score: 56056.8, , rmse_test: 17.6913, score_test: 1974.1, Learning rate:0.00002000
Epoch: 29, Loss: 15.0591, Rmse_valid: 16.3846, valid_score: 55275.5, , rmse_test: 17.7081, score_test: 1939.6, Learning rate:0.00002000
Epoch: 30, Loss: 15.0569, Rmse_valid: 16.4309, valid_score: 54975.7, , rmse_test: 17.6494, score_test: 1923.8, Learning rate:0.00002000
[Train Summary] Restored best model from epoch 21, rmse_valid: 16.2775, valid_score: 53302.8, rmse_test: 17.5962, score_test: 1904.1
[Train Time] start: 2026-04-18 10:35:24, end: 2026-04-18 10:39:15, duration: 0:03:51, total_seconds: 230.90
[Auto Test] command: /usr/bin/python /CMAPSS-release/scipt/test_model.py --sub-dataset FD004 --smooth-rate 40 --sequence-len 30 --feature-num 14 --dataset-root /CMAPSS-release/CMAPSSData/ --max-rul 125 --batch-size 128 --model-path /CMAPSS-release/trials/model_FD004_0418_103524.pkl
model_path:/CMAPSS-release/trials/model_FD004_0418_103524.pkl
rmse_final:17.543838500976562, score:1836.8016357421875
