-----FD004-----
关键参数:
序列长度: 30
批大小(batch_size): 128
最大训练轮数(max_epochs): 30
随机数种子: 2
模型代号(model_code): FD004_F
学习率: 0.002
学习率调度器: step
Step步长(step_size): 10
Step衰减系数(gamma): 0.1
空间GAT: 关闭
时间注意力: 关闭
Decoder融合方式: concat
------------------------------
Epoch: 1, Loss: 26.5412, Rmse_valid: 22.3383, valid_score: 61387.4, , rmse_test: 27.0865, score_test: 12028.2, Learning rate:0.00200000
Epoch: 2, Loss: 23.3430, Rmse_valid: 21.1222, valid_score: 86720.6, , rmse_test: 25.5600, score_test: 11990.7, Learning rate:0.00200000
Epoch: 3, Loss: 22.0596, Rmse_valid: 21.1591, valid_score: 96448.5, , rmse_test: 24.1470, score_test: 8547.3, Learning rate:0.00200000
Epoch: 4, Loss: 20.9971, Rmse_valid: 19.4454, valid_score: 47320.7, , rmse_test: 21.1054, score_test: 3128.8, Learning rate:0.00200000
Epoch: 5, Loss: 19.8733, Rmse_valid: 20.3971, valid_score: 114674.7, , rmse_test: 22.2494, score_test: 7267.6, Learning rate:0.00200000
Epoch: 6, Loss: 18.9537, Rmse_valid: 17.8884, valid_score: 53629.7, , rmse_test: 18.9719, score_test: 3170.5, Learning rate:0.00200000
Epoch: 7, Loss: 18.2283, Rmse_valid: 18.2863, valid_score: 67922.6, , rmse_test: 19.0545, score_test: 3629.5, Learning rate:0.00200000
Epoch: 8, Loss: 17.7892, Rmse_valid: 18.6714, valid_score: 76092.5, , rmse_test: 18.6823, score_test: 2917.1, Learning rate:0.00200000
Epoch: 9, Loss: 17.4449, Rmse_valid: 17.3135, valid_score: 58405.6, , rmse_test: 18.6558, score_test: 3188.9, Learning rate:0.00200000
Epoch: 10, Loss: 17.2081, Rmse_valid: 16.9934, valid_score: 38816.0, , rmse_test: 18.0053, score_test: 2007.4, Learning rate:0.00200000
Epoch: 11, Loss: 15.7835, Rmse_valid: 17.0602, valid_score: 70833.9, , rmse_test: 17.6020, score_test: 2578.7, Learning rate:0.00020000
Epoch: 12, Loss: 15.6264, Rmse_valid: 16.9499, valid_score: 74282.4, , rmse_test: 17.5168, score_test: 2425.6, Learning rate:0.00020000
Epoch: 13, Loss: 15.5353, Rmse_valid: 16.8808, valid_score: 72674.3, , rmse_test: 17.3594, score_test: 2215.4, Learning rate:0.00020000
Epoch: 14, Loss: 15.4757, Rmse_valid: 16.8271, valid_score: 76506.9, , rmse_test: 17.3206, score_test: 2290.2, Learning rate:0.00020000
Epoch: 15, Loss: 15.4171, Rmse_valid: 17.0164, valid_score: 81888.0, , rmse_test: 17.4180, score_test: 2228.9, Learning rate:0.00020000
Epoch: 16, Loss: 15.3721, Rmse_valid: 16.8198, valid_score: 73430.3, , rmse_test: 17.2405, score_test: 2009.9, Learning rate:0.00020000
Epoch: 17, Loss: 15.3199, Rmse_valid: 16.5233, valid_score: 70774.8, , rmse_test: 17.3205, score_test: 2030.9, Learning rate:0.00020000
Epoch: 18, Loss: 15.2811, Rmse_valid: 16.9501, valid_score: 83364.5, , rmse_test: 17.3251, score_test: 2162.4, Learning rate:0.00020000
Epoch: 19, Loss: 15.2482, Rmse_valid: 16.8754, valid_score: 87096.8, , rmse_test: 17.5504, score_test: 2434.4, Learning rate:0.00020000
Epoch: 20, Loss: 15.2107, Rmse_valid: 16.9444, valid_score: 86494.3, , rmse_test: 17.3809, score_test: 2170.2, Learning rate:0.00020000
Epoch: 21, Loss: 15.1109, Rmse_valid: 16.9003, valid_score: 85264.1, , rmse_test: 17.2133, score_test: 2074.9, Learning rate:0.00002000
Epoch: 22, Loss: 15.0986, Rmse_valid: 16.8080, valid_score: 84352.2, , rmse_test: 17.2604, score_test: 2091.0, Learning rate:0.00002000
Epoch: 23, Loss: 15.0934, Rmse_valid: 17.0039, valid_score: 86032.9, , rmse_test: 17.2877, score_test: 2105.1, Learning rate:0.00002000
Epoch: 24, Loss: 15.0880, Rmse_valid: 16.9974, valid_score: 87183.7, , rmse_test: 17.1947, score_test: 2075.0, Learning rate:0.00002000
Epoch: 25, Loss: 15.0838, Rmse_valid: 16.8534, valid_score: 84008.1, , rmse_test: 17.2512, score_test: 2066.6, Learning rate:0.00002000
Epoch: 26, Loss: 15.0832, Rmse_valid: 16.8203, valid_score: 87222.8, , rmse_test: 17.3176, score_test: 2162.8, Learning rate:0.00002000
Epoch: 27, Loss: 15.0792, Rmse_valid: 16.6145, valid_score: 84900.5, , rmse_test: 17.2304, score_test: 2065.2, Learning rate:0.00002000
Epoch: 28, Loss: 15.0729, Rmse_valid: 16.9447, valid_score: 88190.6, , rmse_test: 17.2924, score_test: 2159.4, Learning rate:0.00002000
Epoch: 29, Loss: 15.0720, Rmse_valid: 16.7536, valid_score: 86254.2, , rmse_test: 17.2467, score_test: 2069.4, Learning rate:0.00002000
Epoch: 30, Loss: 15.0677, Rmse_valid: 16.8094, valid_score: 86510.0, , rmse_test: 17.2635, score_test: 2099.0, Learning rate:0.00002000
[Train Summary] Restored best model from epoch 17, rmse_valid: 16.5233, valid_score: 70774.8, rmse_test: 17.3205, score_test: 2030.9
[Train Time] start: 2026-04-18 09:45:21, end: 2026-04-18 09:50:10, duration: 0:04:50, total_seconds: 289.50
[Auto Test] command: /usr/bin/python /CMAPSS-release/scipt/test_model.py --sub-dataset FD004 --smooth-rate 40 --sequence-len 30 --feature-num 14 --dataset-root /CMAPSS-release/CMAPSSData/ --max-rul 125 --batch-size 128 --model-path /CMAPSS-release/trials/model_FD004_0418_094521.pkl
model_path:/CMAPSS-release/trials/model_FD004_0418_094521.pkl
rmse_final:17.234622955322266, score:1961.9913330078125
