-----FD004-----
关键参数:
序列长度: 30
批大小(batch_size): 128
最大训练轮数(max_epochs): 30
随机数种子: 30
模型代号(model_code): FD004_F
学习率: 0.002
学习率调度器: step
Step步长(step_size): 10
Step衰减系数(gamma): 0.1
空间GAT: 关闭
时间注意力: 关闭
Decoder融合方式: concat
------------------------------
Epoch: 1, Loss: 27.2667, Rmse_valid: 22.1017, valid_score: 72201.0, , rmse_test: 26.6206, score_test: 12801.3, Learning rate:0.00200000
Epoch: 2, Loss: 23.1980, Rmse_valid: 20.9256, valid_score: 74167.6, , rmse_test: 24.5913, score_test: 9984.4, Learning rate:0.00200000
Epoch: 3, Loss: 21.8088, Rmse_valid: 21.4161, valid_score: 135345.8, , rmse_test: 23.4247, score_test: 7572.7, Learning rate:0.00200000
Epoch: 4, Loss: 20.6523, Rmse_valid: 21.7476, valid_score: 169047.5, , rmse_test: 25.5358, score_test: 12715.4, Learning rate:0.00200000
Epoch: 5, Loss: 19.6682, Rmse_valid: 20.5717, valid_score: 96674.7, , rmse_test: 20.9083, score_test: 4247.5, Learning rate:0.00200000
Epoch: 6, Loss: 19.0253, Rmse_valid: 17.8261, valid_score: 47050.8, , rmse_test: 18.5611, score_test: 2286.7, Learning rate:0.00200000
Epoch: 7, Loss: 18.4842, Rmse_valid: 18.0200, valid_score: 61178.1, , rmse_test: 19.8020, score_test: 3554.3, Learning rate:0.00200000
Epoch: 8, Loss: 18.1574, Rmse_valid: 18.3602, valid_score: 54853.0, , rmse_test: 21.0025, score_test: 3002.5, Learning rate:0.00200000
Epoch: 9, Loss: 17.8594, Rmse_valid: 17.4719, valid_score: 50715.6, , rmse_test: 19.7822, score_test: 4259.3, Learning rate:0.00200000
Epoch: 10, Loss: 17.5022, Rmse_valid: 19.2866, valid_score: 111877.9, , rmse_test: 21.1460, score_test: 6815.0, Learning rate:0.00200000
Epoch: 11, Loss: 16.1985, Rmse_valid: 16.5594, valid_score: 52199.3, , rmse_test: 17.9173, score_test: 1995.6, Learning rate:0.00020000
Epoch: 12, Loss: 16.0269, Rmse_valid: 16.4277, valid_score: 48451.2, , rmse_test: 17.7840, score_test: 1754.5, Learning rate:0.00020000
Epoch: 13, Loss: 15.9486, Rmse_valid: 16.8923, valid_score: 65735.2, , rmse_test: 17.7679, score_test: 1853.8, Learning rate:0.00020000
Epoch: 14, Loss: 15.8804, Rmse_valid: 16.6537, valid_score: 64987.2, , rmse_test: 17.8526, score_test: 1820.0, Learning rate:0.00020000
Epoch: 15, Loss: 15.8262, Rmse_valid: 16.9135, valid_score: 63384.6, , rmse_test: 17.8947, score_test: 1929.8, Learning rate:0.00020000
Epoch: 16, Loss: 15.7690, Rmse_valid: 16.8065, valid_score: 63009.0, , rmse_test: 17.6665, score_test: 1815.4, Learning rate:0.00020000
Epoch: 17, Loss: 15.7229, Rmse_valid: 16.3203, valid_score: 60971.3, , rmse_test: 17.8437, score_test: 1732.5, Learning rate:0.00020000
Epoch: 18, Loss: 15.6758, Rmse_valid: 16.5115, valid_score: 62123.3, , rmse_test: 17.6755, score_test: 1732.4, Learning rate:0.00020000
Epoch: 19, Loss: 15.6401, Rmse_valid: 16.7109, valid_score: 65342.1, , rmse_test: 17.9246, score_test: 1845.8, Learning rate:0.00020000
Epoch: 20, Loss: 15.6001, Rmse_valid: 16.3788, valid_score: 56629.5, , rmse_test: 17.4449, score_test: 1627.9, Learning rate:0.00020000
Epoch: 21, Loss: 15.4920, Rmse_valid: 16.3637, valid_score: 63395.4, , rmse_test: 17.6715, score_test: 1754.7, Learning rate:0.00002000
Epoch: 22, Loss: 15.4822, Rmse_valid: 16.4386, valid_score: 63455.8, , rmse_test: 17.7310, score_test: 1729.4, Learning rate:0.00002000
Epoch: 23, Loss: 15.4777, Rmse_valid: 16.3766, valid_score: 61592.1, , rmse_test: 17.5902, score_test: 1665.4, Learning rate:0.00002000
Epoch: 24, Loss: 15.4704, Rmse_valid: 16.5071, valid_score: 64421.7, , rmse_test: 17.6618, score_test: 1725.3, Learning rate:0.00002000
Epoch: 25, Loss: 15.4668, Rmse_valid: 16.2684, valid_score: 61737.4, , rmse_test: 17.6169, score_test: 1639.5, Learning rate:0.00002000
Epoch: 26, Loss: 15.4613, Rmse_valid: 16.5469, valid_score: 64262.8, , rmse_test: 17.6441, score_test: 1727.4, Learning rate:0.00002000
Epoch: 27, Loss: 15.4589, Rmse_valid: 16.4305, valid_score: 63699.1, , rmse_test: 17.6739, score_test: 1697.8, Learning rate:0.00002000
Epoch: 28, Loss: 15.4522, Rmse_valid: 16.4244, valid_score: 61099.7, , rmse_test: 17.6465, score_test: 1647.2, Learning rate:0.00002000
Epoch: 29, Loss: 15.4497, Rmse_valid: 16.3210, valid_score: 61695.4, , rmse_test: 17.6488, score_test: 1673.1, Learning rate:0.00002000
Epoch: 30, Loss: 15.4449, Rmse_valid: 16.2635, valid_score: 63354.2, , rmse_test: 17.5948, score_test: 1694.4, Learning rate:0.00002000
[Train Summary] Restored best model from epoch 30, rmse_valid: 16.2635, valid_score: 63354.2, rmse_test: 17.5948, score_test: 1694.4
[Train Time] start: 2026-04-18 10:02:04, end: 2026-04-18 10:07:16, duration: 0:05:12, total_seconds: 312.45
[Auto Test] command: /usr/bin/python /CMAPSS-release/scipt/test_model.py --sub-dataset FD004 --smooth-rate 40 --sequence-len 30 --feature-num 14 --dataset-root /CMAPSS-release/CMAPSSData/ --max-rul 125 --batch-size 128 --model-path /CMAPSS-release/trials/model_FD004_0418_100204.pkl
model_path:/CMAPSS-release/trials/model_FD004_0418_100204.pkl
rmse_final:17.527973175048828, score:1637.9290771484375
