-----FD003-----
关键参数:
序列长度: 30
批大小(batch_size): 128
最大训练轮数(max_epochs): 30
随机数种子: 88
模型代号(model_code): FD003_A
学习率: 0.002
学习率调度器: step
Step步长(step_size): 10
Step衰减系数(gamma): 0.1
空间GAT: 开启
时间注意力: 关闭
Decoder融合方式: gate
图构建模式(graph_mode): dynamic_knn
GAT层数(num_layers): 2
GAT邻居数(topk): 7
GAT嵌入维度: 8
GAT隐藏层维度: 16
------------------------------
Epoch: 1, Loss: 27.5648, Rmse_valid: 18.1626, valid_score: 21879.8, , rmse_test: 25.4679, score_test: 5320.9, Learning rate:0.00200000
Epoch: 2, Loss: 18.6379, Rmse_valid: 17.8649, valid_score: 13804.8, , rmse_test: 18.9077, score_test: 1373.4, Learning rate:0.00200000
Epoch: 3, Loss: 15.3442, Rmse_valid: 12.9252, valid_score: 9818.2, , rmse_test: 18.3467, score_test: 1842.2, Learning rate:0.00200000
Epoch: 4, Loss: 13.5985, Rmse_valid: 11.8379, valid_score: 8105.8, , rmse_test: 17.8079, score_test: 1274.8, Learning rate:0.00200000
Epoch: 5, Loss: 12.4174, Rmse_valid: 11.3027, valid_score: 5902.9, , rmse_test: 16.0119, score_test: 1012.0, Learning rate:0.00200000
Epoch: 6, Loss: 11.7580, Rmse_valid: 10.7474, valid_score: 6635.4, , rmse_test: 16.6627, score_test: 1350.7, Learning rate:0.00200000
Epoch: 7, Loss: 11.3027, Rmse_valid: 10.5163, valid_score: 6370.4, , rmse_test: 16.2270, score_test: 1542.6, Learning rate:0.00200000
Epoch: 8, Loss: 10.8251, Rmse_valid: 10.3657, valid_score: 6578.4, , rmse_test: 16.6359, score_test: 1539.2, Learning rate:0.00200000
Epoch: 9, Loss: 10.6440, Rmse_valid: 10.6230, valid_score: 7343.3, , rmse_test: 17.4857, score_test: 1449.2, Learning rate:0.00200000
Epoch: 10, Loss: 10.2333, Rmse_valid: 10.1419, valid_score: 4141.5, , rmse_test: 14.5377, score_test: 700.4, Learning rate:0.00200000
Epoch: 11, Loss: 9.0304, Rmse_valid: 9.3920, valid_score: 4572.7, , rmse_test: 14.6800, score_test: 811.1, Learning rate:0.00020000
Epoch: 12, Loss: 8.9424, Rmse_valid: 9.2772, valid_score: 4456.2, , rmse_test: 14.7212, score_test: 795.2, Learning rate:0.00020000
Epoch: 13, Loss: 8.8857, Rmse_valid: 9.1633, valid_score: 4721.9, , rmse_test: 14.8397, score_test: 797.4, Learning rate:0.00020000
Epoch: 14, Loss: 8.8284, Rmse_valid: 9.2883, valid_score: 4508.4, , rmse_test: 14.5605, score_test: 706.6, Learning rate:0.00020000
Epoch: 15, Loss: 8.7706, Rmse_valid: 9.3432, valid_score: 4682.6, , rmse_test: 14.5932, score_test: 682.3, Learning rate:0.00020000
Epoch: 16, Loss: 8.7233, Rmse_valid: 9.4991, valid_score: 4532.4, , rmse_test: 14.4156, score_test: 697.6, Learning rate:0.00020000
Epoch: 17, Loss: 8.6762, Rmse_valid: 9.0761, valid_score: 4364.7, , rmse_test: 14.5831, score_test: 695.0, Learning rate:0.00020000
Epoch: 18, Loss: 8.6420, Rmse_valid: 9.0823, valid_score: 4318.8, , rmse_test: 14.4903, score_test: 698.2, Learning rate:0.00020000
Epoch: 19, Loss: 8.5948, Rmse_valid: 9.1561, valid_score: 4762.4, , rmse_test: 14.7266, score_test: 733.6, Learning rate:0.00020000
Epoch: 20, Loss: 8.5470, Rmse_valid: 9.0432, valid_score: 4438.7, , rmse_test: 14.4384, score_test: 630.7, Learning rate:0.00020000
Epoch: 21, Loss: 8.4663, Rmse_valid: 8.9458, valid_score: 4326.7, , rmse_test: 14.4336, score_test: 675.3, Learning rate:0.00002000
Epoch: 22, Loss: 8.4535, Rmse_valid: 9.0809, valid_score: 4369.4, , rmse_test: 14.4709, score_test: 690.2, Learning rate:0.00002000
Epoch: 23, Loss: 8.4469, Rmse_valid: 8.9781, valid_score: 4263.1, , rmse_test: 14.3576, score_test: 660.4, Learning rate:0.00002000
Epoch: 24, Loss: 8.4450, Rmse_valid: 9.0232, valid_score: 4346.9, , rmse_test: 14.4004, score_test: 657.8, Learning rate:0.00002000
Epoch: 25, Loss: 8.4399, Rmse_valid: 9.0565, valid_score: 4356.1, , rmse_test: 14.4063, score_test: 672.7, Learning rate:0.00002000
Epoch: 26, Loss: 8.4353, Rmse_valid: 9.0234, valid_score: 4333.6, , rmse_test: 14.4039, score_test: 673.1, Learning rate:0.00002000
Epoch: 27, Loss: 8.4308, Rmse_valid: 9.0106, valid_score: 4374.4, , rmse_test: 14.4369, score_test: 679.4, Learning rate:0.00002000
Epoch: 28, Loss: 8.4258, Rmse_valid: 9.0352, valid_score: 4342.2, , rmse_test: 14.4371, score_test: 693.7, Learning rate:0.00002000
Epoch: 29, Loss: 8.4219, Rmse_valid: 9.0365, valid_score: 4371.8, , rmse_test: 14.3932, score_test: 655.5, Learning rate:0.00002000
Epoch: 30, Loss: 8.4176, Rmse_valid: 8.9825, valid_score: 4311.6, , rmse_test: 14.3890, score_test: 664.3, Learning rate:0.00002000
[Train Summary] Restored best model from epoch 21, rmse_valid: 8.9458, valid_score: 4326.7, rmse_test: 14.4336, score_test: 675.3
[Train Time] start: 2026-04-18 00:15:10, end: 2026-04-18 00:18:06, duration: 0:02:57, total_seconds: 176.51
[Auto Test] command: /usr/bin/python /CMAPSS-release/scipt/test_model.py --sub-dataset FD003 --smooth-rate 40 --sequence-len 30 --feature-num 14 --dataset-root /CMAPSS-release/CMAPSSData/ --max-rul 125 --batch-size 128 --model-path /CMAPSS-release/trials/model_FD003_0418_001510.pkl
model_path:/CMAPSS-release/trials/model_FD003_0418_001510.pkl
rmse_final:14.283206939697266, score:637.283203125
