-----FD004-----
关键参数:
序列长度: 30
批大小(batch_size): 128
最大训练轮数(max_epochs): 30
随机数种子: 51
模型代号(model_code): FD004_GAT_2L_hidden_dim6
学习率: 0.002
学习率调度器: step
Step步长(step_size): 10
Step衰减系数(gamma): 0.1
空间GAT: 开启
时间注意力: 关闭
Decoder融合方式: concat
图构建模式(graph_mode): dynamic_knn
GAT层数(num_layers): 2
GAT邻居数(topk): 5
GAT嵌入维度: 16
GAT隐藏层维度: 6
------------------------------
Epoch: 1, Loss: 28.4686, Rmse_valid: 21.9651, valid_score: 109099.5, , rmse_test: 27.0793, score_test: 15651.1, Learning rate:0.00200000
Epoch: 2, Loss: 22.1772, Rmse_valid: 22.3112, valid_score: 148015.0, , rmse_test: 24.1045, score_test: 11010.7, Learning rate:0.00200000
Epoch: 3, Loss: 20.6524, Rmse_valid: 19.5841, valid_score: 77363.7, , rmse_test: 23.8196, score_test: 8153.2, Learning rate:0.00200000
Epoch: 4, Loss: 19.8482, Rmse_valid: 18.5824, valid_score: 46945.4, , rmse_test: 20.5603, score_test: 3224.9, Learning rate:0.00200000
Epoch: 5, Loss: 19.0940, Rmse_valid: 19.7799, valid_score: 84251.5, , rmse_test: 19.9637, score_test: 3703.2, Learning rate:0.00200000
Epoch: 6, Loss: 18.5158, Rmse_valid: 18.7577, valid_score: 58175.6, , rmse_test: 19.6823, score_test: 3541.4, Learning rate:0.00200000
Epoch: 7, Loss: 17.8928, Rmse_valid: 17.9209, valid_score: 46253.9, , rmse_test: 18.5312, score_test: 2142.6, Learning rate:0.00200000
Epoch: 8, Loss: 17.3471, Rmse_valid: 18.1627, valid_score: 57137.6, , rmse_test: 19.5594, score_test: 3234.9, Learning rate:0.00200000
Epoch: 9, Loss: 16.9487, Rmse_valid: 16.9776, valid_score: 33862.0, , rmse_test: 18.1688, score_test: 1627.2, Learning rate:0.00200000
Epoch: 10, Loss: 16.6154, Rmse_valid: 17.6248, valid_score: 32591.1, , rmse_test: 20.7740, score_test: 2309.2, Learning rate:0.00200000
Epoch: 11, Loss: 14.8921, Rmse_valid: 16.9363, valid_score: 41310.1, , rmse_test: 18.1365, score_test: 2255.6, Learning rate:0.00020000
Epoch: 12, Loss: 14.6925, Rmse_valid: 16.7549, valid_score: 40839.2, , rmse_test: 18.3425, score_test: 2168.3, Learning rate:0.00020000
Epoch: 13, Loss: 14.5819, Rmse_valid: 16.8595, valid_score: 41823.8, , rmse_test: 17.9724, score_test: 1915.7, Learning rate:0.00020000
Epoch: 14, Loss: 14.5046, Rmse_valid: 16.9691, valid_score: 42480.4, , rmse_test: 17.9717, score_test: 2029.9, Learning rate:0.00020000
Epoch: 15, Loss: 14.4506, Rmse_valid: 17.2912, valid_score: 48099.4, , rmse_test: 18.0873, score_test: 2083.7, Learning rate:0.00020000
Epoch: 16, Loss: 14.3780, Rmse_valid: 16.6684, valid_score: 38523.2, , rmse_test: 18.4387, score_test: 2067.6, Learning rate:0.00020000
Epoch: 17, Loss: 14.3271, Rmse_valid: 16.8802, valid_score: 47084.2, , rmse_test: 18.0926, score_test: 1939.9, Learning rate:0.00020000
Epoch: 18, Loss: 14.2630, Rmse_valid: 17.5647, valid_score: 51570.1, , rmse_test: 17.9870, score_test: 2155.6, Learning rate:0.00020000
Epoch: 19, Loss: 14.2151, Rmse_valid: 17.4602, valid_score: 48313.6, , rmse_test: 17.9371, score_test: 1900.9, Learning rate:0.00020000
Epoch: 20, Loss: 14.1560, Rmse_valid: 17.4792, valid_score: 54119.3, , rmse_test: 18.2612, score_test: 2358.1, Learning rate:0.00020000
Epoch: 21, Loss: 14.0077, Rmse_valid: 17.1441, valid_score: 49131.2, , rmse_test: 18.0449, score_test: 2073.6, Learning rate:0.00002000
Epoch: 22, Loss: 13.9946, Rmse_valid: 17.0843, valid_score: 50304.3, , rmse_test: 18.1179, score_test: 2206.6, Learning rate:0.00002000
Epoch: 23, Loss: 13.9867, Rmse_valid: 17.2632, valid_score: 52286.7, , rmse_test: 18.1037, score_test: 2214.0, Learning rate:0.00002000
Epoch: 24, Loss: 13.9816, Rmse_valid: 17.2763, valid_score: 50599.5, , rmse_test: 18.1492, score_test: 2223.2, Learning rate:0.00002000
Epoch: 25, Loss: 13.9727, Rmse_valid: 17.3147, valid_score: 50625.0, , rmse_test: 18.1576, score_test: 2242.5, Learning rate:0.00002000
Epoch: 26, Loss: 13.9676, Rmse_valid: 17.1657, valid_score: 50155.5, , rmse_test: 18.0754, score_test: 2169.0, Learning rate:0.00002000
Epoch: 27, Loss: 13.9626, Rmse_valid: 17.2071, valid_score: 49985.1, , rmse_test: 18.0877, score_test: 2151.3, Learning rate:0.00002000
Epoch: 28, Loss: 13.9559, Rmse_valid: 17.2612, valid_score: 50451.9, , rmse_test: 18.1232, score_test: 2191.9, Learning rate:0.00002000
Epoch: 29, Loss: 13.9487, Rmse_valid: 17.0941, valid_score: 49259.8, , rmse_test: 18.1754, score_test: 2174.4, Learning rate:0.00002000
Epoch: 30, Loss: 13.9444, Rmse_valid: 17.1814, valid_score: 50430.2, , rmse_test: 18.0986, score_test: 2166.3, Learning rate:0.00002000
[Train Summary] Restored best model from epoch 16, rmse_valid: 16.6684, valid_score: 38523.2, rmse_test: 18.4387, score_test: 2067.6
[Train Time] start: 2026-04-16 20:22:53, end: 2026-04-16 20:30:41, duration: 0:07:48, total_seconds: 468.21
[Auto Test] command: /usr/bin/python /CMAPSS-release/scipt/test_model.py --sub-dataset FD004 --smooth-rate 40 --sequence-len 30 --feature-num 14 --dataset-root /CMAPSS-release/CMAPSSData/ --max-rul 125 --batch-size 128 --model-path /CMAPSS-release/trials/model_FD004_0416_202253.pkl
model_path:/CMAPSS-release/trials/model_FD004_0416_202253.pkl
rmse_final:18.415895462036133, score:1997.55908203125
