-----FD004-----
关键参数:
序列长度: 30
批大小(batch_size): 128
最大训练轮数(max_epochs): 30
随机数种子: 27
模型代号(model_code): FD004_GAT_2L_hidden_dim10
学习率: 0.002
学习率调度器: step
Step步长(step_size): 10
Step衰减系数(gamma): 0.1
空间GAT: 开启
时间注意力: 关闭
Decoder融合方式: concat
图构建模式(graph_mode): dynamic_knn
GAT层数(num_layers): 2
GAT邻居数(topk): 5
GAT嵌入维度: 16
GAT隐藏层维度: 10
------------------------------
Epoch: 1, Loss: 25.5322, Rmse_valid: 21.9660, valid_score: 113127.5, , rmse_test: 26.3484, score_test: 13828.5, Learning rate:0.00200000
Epoch: 2, Loss: 21.2297, Rmse_valid: 20.2099, valid_score: 52469.4, , rmse_test: 20.7924, score_test: 2711.3, Learning rate:0.00200000
Epoch: 3, Loss: 19.9148, Rmse_valid: 18.7896, valid_score: 70550.9, , rmse_test: 19.9897, score_test: 3917.5, Learning rate:0.00200000
Epoch: 4, Loss: 19.0137, Rmse_valid: 19.7443, valid_score: 106540.7, , rmse_test: 20.3319, score_test: 4631.0, Learning rate:0.00200000
Epoch: 5, Loss: 18.5028, Rmse_valid: 17.9293, valid_score: 60374.8, , rmse_test: 19.8304, score_test: 3331.2, Learning rate:0.00200000
Epoch: 6, Loss: 17.8661, Rmse_valid: 17.8688, valid_score: 41706.5, , rmse_test: 18.6630, score_test: 1962.7, Learning rate:0.00200000
Epoch: 7, Loss: 17.4053, Rmse_valid: 17.5126, valid_score: 47812.2, , rmse_test: 18.5918, score_test: 2637.8, Learning rate:0.00200000
Epoch: 8, Loss: 17.0603, Rmse_valid: 18.0832, valid_score: 75022.4, , rmse_test: 19.2623, score_test: 2576.0, Learning rate:0.00200000
Epoch: 9, Loss: 16.6413, Rmse_valid: 19.7831, valid_score: 113975.7, , rmse_test: 20.7867, score_test: 4044.3, Learning rate:0.00200000
Epoch: 10, Loss: 16.4299, Rmse_valid: 17.9685, valid_score: 49109.4, , rmse_test: 18.0455, score_test: 1666.0, Learning rate:0.00200000
Epoch: 11, Loss: 14.6827, Rmse_valid: 16.9908, valid_score: 56097.5, , rmse_test: 18.2498, score_test: 2037.4, Learning rate:0.00020000
Epoch: 12, Loss: 14.4758, Rmse_valid: 17.3988, valid_score: 68634.5, , rmse_test: 18.4248, score_test: 2239.3, Learning rate:0.00020000
Epoch: 13, Loss: 14.3707, Rmse_valid: 17.1250, valid_score: 70330.3, , rmse_test: 18.3908, score_test: 2278.1, Learning rate:0.00020000
Epoch: 14, Loss: 14.2739, Rmse_valid: 17.0704, valid_score: 73490.6, , rmse_test: 18.4231, score_test: 2003.8, Learning rate:0.00020000
Epoch: 15, Loss: 14.1959, Rmse_valid: 17.1695, valid_score: 83148.5, , rmse_test: 18.3688, score_test: 2074.3, Learning rate:0.00020000
Epoch: 16, Loss: 14.1285, Rmse_valid: 17.2472, valid_score: 76057.6, , rmse_test: 18.3681, score_test: 2099.7, Learning rate:0.00020000
Epoch: 17, Loss: 14.0691, Rmse_valid: 17.6071, valid_score: 80244.5, , rmse_test: 18.3862, score_test: 2086.9, Learning rate:0.00020000
Epoch: 18, Loss: 14.0014, Rmse_valid: 17.0408, valid_score: 75697.3, , rmse_test: 18.4438, score_test: 2051.2, Learning rate:0.00020000
Epoch: 19, Loss: 13.9402, Rmse_valid: 17.2367, valid_score: 77385.2, , rmse_test: 18.4287, score_test: 2049.6, Learning rate:0.00020000
Epoch: 20, Loss: 13.8868, Rmse_valid: 17.1111, valid_score: 74337.0, , rmse_test: 18.1853, score_test: 2062.3, Learning rate:0.00020000
Epoch: 21, Loss: 13.7227, Rmse_valid: 17.1384, valid_score: 76757.7, , rmse_test: 18.2260, score_test: 2030.0, Learning rate:0.00002000
Epoch: 22, Loss: 13.7029, Rmse_valid: 17.2538, valid_score: 77361.7, , rmse_test: 18.2861, score_test: 2063.8, Learning rate:0.00002000
Epoch: 23, Loss: 13.6958, Rmse_valid: 17.3502, valid_score: 77855.3, , rmse_test: 18.2818, score_test: 2060.5, Learning rate:0.00002000
Epoch: 24, Loss: 13.6879, Rmse_valid: 17.4091, valid_score: 79357.2, , rmse_test: 18.3067, score_test: 2100.8, Learning rate:0.00002000
Epoch: 25, Loss: 13.6808, Rmse_valid: 17.2933, valid_score: 80068.5, , rmse_test: 18.3165, score_test: 2086.4, Learning rate:0.00002000
Epoch: 26, Loss: 13.6754, Rmse_valid: 17.2302, valid_score: 80519.5, , rmse_test: 18.3487, score_test: 2121.8, Learning rate:0.00002000
Epoch: 27, Loss: 13.6699, Rmse_valid: 17.3414, valid_score: 79833.6, , rmse_test: 18.3210, score_test: 2082.1, Learning rate:0.00002000
Epoch: 28, Loss: 13.6595, Rmse_valid: 17.2452, valid_score: 80288.6, , rmse_test: 18.3803, score_test: 2137.4, Learning rate:0.00002000
Epoch: 29, Loss: 13.6531, Rmse_valid: 17.3341, valid_score: 82011.7, , rmse_test: 18.3257, score_test: 2090.6, Learning rate:0.00002000
Epoch: 30, Loss: 13.6480, Rmse_valid: 17.1916, valid_score: 77375.2, , rmse_test: 18.3357, score_test: 2055.5, Learning rate:0.00002000
[Train Summary] Restored best model from epoch 11, rmse_valid: 16.9908, valid_score: 56097.5, rmse_test: 18.2498, score_test: 2037.4
[Train Time] start: 2026-04-16 21:20:43, end: 2026-04-16 21:25:57, duration: 0:05:15, total_seconds: 314.70
[Auto Test] command: /usr/bin/python /CMAPSS-release/scipt/test_model.py --sub-dataset FD004 --smooth-rate 40 --sequence-len 30 --feature-num 14 --dataset-root /CMAPSS-release/CMAPSSData/ --max-rul 125 --batch-size 128 --model-path /CMAPSS-release/trials/model_FD004_0416_212043.pkl
model_path:/CMAPSS-release/trials/model_FD004_0416_212043.pkl
rmse_final:18.213895797729492, score:1984.4326171875
