-----FD001-----
关键参数:
序列长度: 30
批大小(batch_size): 128
最大训练轮数(max_epochs): 30
随机数种子: 30
模型代号(model_code): FD001_B
学习率: 0.002
学习率调度器: step
Step步长(step_size): 10
Step衰减系数(gamma): 0.1
空间GAT: 开启
时间注意力: 关闭
Decoder融合方式: concat
图构建模式(graph_mode): dynamic_knn
GAT层数(num_layers): 2
GAT邻居数(topk): 7
GAT嵌入维度: 8
GAT隐藏层维度: 16
------------------------------
Epoch: 1, Loss: 28.9033, Rmse_valid: 17.9388, valid_score: 9387.0, , rmse_test: 18.9223, score_test: 1973.1, Learning rate:0.00200000
Epoch: 2, Loss: 16.7695, Rmse_valid: 15.4575, valid_score: 12187.9, , rmse_test: 18.1468, score_test: 670.3, Learning rate:0.00200000
Epoch: 3, Loss: 14.1383, Rmse_valid: 14.5650, valid_score: 4686.1, , rmse_test: 14.5866, score_test: 279.2, Learning rate:0.00200000
Epoch: 4, Loss: 12.8815, Rmse_valid: 12.0879, valid_score: 4723.6, , rmse_test: 14.0807, score_test: 300.1, Learning rate:0.00200000
Epoch: 5, Loss: 12.2214, Rmse_valid: 12.5248, valid_score: 6152.7, , rmse_test: 15.2873, score_test: 423.7, Learning rate:0.00200000
Epoch: 6, Loss: 11.7185, Rmse_valid: 11.4765, valid_score: 4810.0, , rmse_test: 13.5608, score_test: 310.4, Learning rate:0.00200000
Epoch: 7, Loss: 11.3879, Rmse_valid: 12.6592, valid_score: 6112.9, , rmse_test: 14.8604, score_test: 373.6, Learning rate:0.00200000
Epoch: 8, Loss: 11.1341, Rmse_valid: 11.7865, valid_score: 5300.2, , rmse_test: 14.1938, score_test: 327.2, Learning rate:0.00200000
Epoch: 9, Loss: 11.0027, Rmse_valid: 12.0290, valid_score: 3991.5, , rmse_test: 13.7149, score_test: 257.5, Learning rate:0.00200000
Epoch: 10, Loss: 11.0995, Rmse_valid: 11.7082, valid_score: 5012.5, , rmse_test: 14.3110, score_test: 306.4, Learning rate:0.00200000
Epoch: 11, Loss: 9.5002, Rmse_valid: 11.2268, valid_score: 4863.8, , rmse_test: 13.8425, score_test: 289.4, Learning rate:0.00020000
Epoch: 12, Loss: 9.3774, Rmse_valid: 11.1418, valid_score: 5581.2, , rmse_test: 14.0769, score_test: 323.8, Learning rate:0.00020000
Epoch: 13, Loss: 9.3015, Rmse_valid: 11.6921, valid_score: 5277.6, , rmse_test: 13.8638, score_test: 290.9, Learning rate:0.00020000
Epoch: 14, Loss: 9.2361, Rmse_valid: 11.2994, valid_score: 6062.1, , rmse_test: 14.2186, score_test: 348.8, Learning rate:0.00020000
Epoch: 15, Loss: 9.1921, Rmse_valid: 11.3737, valid_score: 6048.5, , rmse_test: 14.1563, score_test: 327.4, Learning rate:0.00020000
Epoch: 16, Loss: 9.1158, Rmse_valid: 12.0935, valid_score: 6253.1, , rmse_test: 14.1451, score_test: 336.2, Learning rate:0.00020000
Epoch: 17, Loss: 9.0531, Rmse_valid: 11.7103, valid_score: 6172.2, , rmse_test: 14.0531, score_test: 330.2, Learning rate:0.00020000
Epoch: 18, Loss: 9.0243, Rmse_valid: 11.6263, valid_score: 7031.1, , rmse_test: 14.2292, score_test: 362.6, Learning rate:0.00020000
Epoch: 19, Loss: 8.9802, Rmse_valid: 12.4850, valid_score: 6758.8, , rmse_test: 14.2739, score_test: 347.2, Learning rate:0.00020000
Epoch: 20, Loss: 8.9424, Rmse_valid: 11.4349, valid_score: 6210.5, , rmse_test: 14.1487, score_test: 346.5, Learning rate:0.00020000
Epoch: 21, Loss: 8.8709, Rmse_valid: 11.5272, valid_score: 5865.5, , rmse_test: 14.0232, score_test: 319.6, Learning rate:0.00002000
Epoch: 22, Loss: 8.8492, Rmse_valid: 11.9915, valid_score: 6041.8, , rmse_test: 14.0725, score_test: 325.1, Learning rate:0.00002000
Epoch: 23, Loss: 8.8477, Rmse_valid: 11.6418, valid_score: 5777.3, , rmse_test: 14.0017, score_test: 312.4, Learning rate:0.00002000
Epoch: 24, Loss: 8.8393, Rmse_valid: 11.6641, valid_score: 5978.4, , rmse_test: 14.0502, score_test: 319.8, Learning rate:0.00002000
Epoch: 25, Loss: 8.8411, Rmse_valid: 11.4203, valid_score: 6166.0, , rmse_test: 14.0926, score_test: 327.4, Learning rate:0.00002000
Epoch: 26, Loss: 8.8390, Rmse_valid: 11.3503, valid_score: 6142.8, , rmse_test: 14.0664, score_test: 325.1, Learning rate:0.00002000
Epoch: 27, Loss: 8.8254, Rmse_valid: 11.6057, valid_score: 6136.4, , rmse_test: 14.1003, score_test: 327.7, Learning rate:0.00002000
Epoch: 28, Loss: 8.8224, Rmse_valid: 11.6518, valid_score: 6002.0, , rmse_test: 14.0403, score_test: 318.5, Learning rate:0.00002000
Epoch: 29, Loss: 8.8214, Rmse_valid: 11.8804, valid_score: 6043.7, , rmse_test: 14.0626, score_test: 321.1, Learning rate:0.00002000
Epoch: 30, Loss: 8.8210, Rmse_valid: 11.6772, valid_score: 5980.4, , rmse_test: 14.0517, score_test: 318.0, Learning rate:0.00002000
[Train Summary] Restored best model from epoch 12, rmse_valid: 11.1418, valid_score: 5581.2, rmse_test: 14.0769, score_test: 323.8
[Train Time] start: 2026-04-17 13:05:36, end: 2026-04-17 13:07:29, duration: 0:01:53, total_seconds: 112.65
[Auto Test] command: /usr/bin/python /CMAPSS-release/scipt/test_model.py --sub-dataset FD001 --smooth-rate 40 --sequence-len 30 --feature-num 14 --dataset-root /CMAPSS-release/CMAPSSData/ --max-rul 125 --batch-size 128 --model-path /CMAPSS-release/trials/model_FD001_0417_130536.pkl
model_path:/CMAPSS-release/trials/model_FD001_0417_130536.pkl
rmse_final:13.992855072021484, score:314.3138732910156
