-----FD001-----
关键参数:
序列长度: 30
批大小(batch_size): 128
最大训练轮数(max_epochs): 30
随机数种子: 62
模型代号(model_code): FD001_E
学习率: 0.002
学习率调度器: step
Step步长(step_size): 10
Step衰减系数(gamma): 0.1
空间GAT: 关闭
时间注意力: 关闭
Decoder融合方式: gate
------------------------------
Epoch: 1, Loss: 32.1114, Rmse_valid: 19.2123, valid_score: 10866.7, , rmse_test: 19.1948, score_test: 850.9, Learning rate:0.00200000
Epoch: 2, Loss: 15.7232, Rmse_valid: 14.5078, valid_score: 8783.0, , rmse_test: 15.9669, score_test: 502.3, Learning rate:0.00200000
Epoch: 3, Loss: 13.3685, Rmse_valid: 12.7788, valid_score: 5057.8, , rmse_test: 14.1235, score_test: 271.9, Learning rate:0.00200000
Epoch: 4, Loss: 12.8724, Rmse_valid: 13.0571, valid_score: 7157.6, , rmse_test: 14.4605, score_test: 380.0, Learning rate:0.00200000
Epoch: 5, Loss: 12.3394, Rmse_valid: 14.0378, valid_score: 5342.0, , rmse_test: 14.2796, score_test: 271.5, Learning rate:0.00200000
Epoch: 6, Loss: 11.8332, Rmse_valid: 12.6879, valid_score: 6187.6, , rmse_test: 13.7919, score_test: 316.3, Learning rate:0.00200000
Epoch: 7, Loss: 11.5721, Rmse_valid: 14.0916, valid_score: 12097.5, , rmse_test: 17.1845, score_test: 797.4, Learning rate:0.00200000
Epoch: 8, Loss: 11.4322, Rmse_valid: 14.8759, valid_score: 14440.7, , rmse_test: 17.4630, score_test: 755.9, Learning rate:0.00200000
Epoch: 9, Loss: 11.2829, Rmse_valid: 15.0766, valid_score: 12201.9, , rmse_test: 17.3875, score_test: 714.9, Learning rate:0.00200000
Epoch: 10, Loss: 10.9545, Rmse_valid: 13.0755, valid_score: 5640.9, , rmse_test: 13.3448, score_test: 267.1, Learning rate:0.00200000
Epoch: 11, Loss: 10.0556, Rmse_valid: 12.3531, valid_score: 5919.3, , rmse_test: 13.3630, score_test: 287.2, Learning rate:0.00020000
Epoch: 12, Loss: 9.9927, Rmse_valid: 12.4866, valid_score: 6080.1, , rmse_test: 13.3491, score_test: 290.4, Learning rate:0.00020000
Epoch: 13, Loss: 9.9506, Rmse_valid: 12.5627, valid_score: 6849.9, , rmse_test: 13.5391, score_test: 318.1, Learning rate:0.00020000
Epoch: 14, Loss: 9.9251, Rmse_valid: 12.2725, valid_score: 7341.6, , rmse_test: 13.7130, score_test: 336.0, Learning rate:0.00020000
Epoch: 15, Loss: 9.8842, Rmse_valid: 12.1597, valid_score: 7225.9, , rmse_test: 13.7333, score_test: 344.3, Learning rate:0.00020000
Epoch: 16, Loss: 9.8619, Rmse_valid: 12.4546, valid_score: 5787.0, , rmse_test: 13.2483, score_test: 276.1, Learning rate:0.00020000
Epoch: 17, Loss: 9.8350, Rmse_valid: 12.2071, valid_score: 5659.7, , rmse_test: 13.2594, score_test: 268.3, Learning rate:0.00020000
Epoch: 18, Loss: 9.7847, Rmse_valid: 12.6426, valid_score: 6706.3, , rmse_test: 13.5252, score_test: 309.4, Learning rate:0.00020000
Epoch: 19, Loss: 9.7701, Rmse_valid: 12.4898, valid_score: 6312.6, , rmse_test: 13.3603, score_test: 295.6, Learning rate:0.00020000
Epoch: 20, Loss: 9.7477, Rmse_valid: 12.7298, valid_score: 5861.8, , rmse_test: 13.2764, score_test: 280.8, Learning rate:0.00020000
Epoch: 21, Loss: 9.6929, Rmse_valid: 12.2493, valid_score: 6304.8, , rmse_test: 13.3900, score_test: 297.2, Learning rate:0.00002000
Epoch: 22, Loss: 9.6734, Rmse_valid: 12.8685, valid_score: 6256.7, , rmse_test: 13.3731, score_test: 294.7, Learning rate:0.00002000
Epoch: 23, Loss: 9.6851, Rmse_valid: 12.2460, valid_score: 6247.7, , rmse_test: 13.3571, score_test: 291.6, Learning rate:0.00002000
Epoch: 24, Loss: 9.6720, Rmse_valid: 12.2752, valid_score: 6242.5, , rmse_test: 13.3614, score_test: 293.1, Learning rate:0.00002000
Epoch: 25, Loss: 9.6730, Rmse_valid: 12.4378, valid_score: 6476.0, , rmse_test: 13.4445, score_test: 303.6, Learning rate:0.00002000
Epoch: 26, Loss: 9.6723, Rmse_valid: 12.7299, valid_score: 6155.8, , rmse_test: 13.3360, score_test: 288.2, Learning rate:0.00002000
Epoch: 27, Loss: 9.6820, Rmse_valid: 12.1312, valid_score: 6305.7, , rmse_test: 13.3772, score_test: 295.4, Learning rate:0.00002000
Epoch: 28, Loss: 9.6662, Rmse_valid: 12.3996, valid_score: 6471.5, , rmse_test: 13.4486, score_test: 302.5, Learning rate:0.00002000
Epoch: 29, Loss: 9.6743, Rmse_valid: 12.2987, valid_score: 6280.5, , rmse_test: 13.3832, score_test: 295.0, Learning rate:0.00002000
Epoch: 30, Loss: 9.6670, Rmse_valid: 12.1462, valid_score: 6327.0, , rmse_test: 13.3893, score_test: 296.1, Learning rate:0.00002000
[Train Summary] Restored best model from epoch 27, rmse_valid: 12.1312, valid_score: 6305.7, rmse_test: 13.3772, score_test: 295.4
[Train Time] start: 2026-04-17 14:16:37, end: 2026-04-17 14:17:57, duration: 0:01:20, total_seconds: 80.13
[Auto Test] command: /usr/bin/python /CMAPSS-release/scipt/test_model.py --sub-dataset FD001 --smooth-rate 40 --sequence-len 30 --feature-num 14 --dataset-root /CMAPSS-release/CMAPSSData/ --max-rul 125 --batch-size 128 --model-path /CMAPSS-release/trials/model_FD001_0417_141637.pkl
model_path:/CMAPSS-release/trials/model_FD001_0417_141637.pkl
rmse_final:13.331541061401367, score:287.7624206542969
