-----FD004-----
关键参数:
序列长度: 30
批大小(batch_size): 128
最大训练轮数(max_epochs): 30
随机数种子: 97
模型代号(model_code): FD004_GAT2L
学习率: 0.002
学习率调度器: step
Step步长(step_size): 10
Step衰减系数(gamma): 0.1
空间GAT: 开启
时间注意力: 关闭
Decoder融合方式: concat
图构建模式(graph_mode): dynamic_knn
GAT层数(num_layers): 2
GAT邻居数(topk): 5
GAT嵌入维度: 16
GAT隐藏层维度: 8
------------------------------
Epoch: 1, Loss: 26.6045, Rmse_valid: 21.8407, valid_score: 91530.7, , rmse_test: 26.2424, score_test: 13931.3, Learning rate:0.00200000
Epoch: 2, Loss: 21.9914, Rmse_valid: 20.3008, valid_score: 64747.4, , rmse_test: 22.0272, score_test: 5085.1, Learning rate:0.00200000
Epoch: 3, Loss: 19.9576, Rmse_valid: 18.9898, valid_score: 59296.6, , rmse_test: 20.7727, score_test: 4381.9, Learning rate:0.00200000
Epoch: 4, Loss: 19.1140, Rmse_valid: 19.0959, valid_score: 51049.4, , rmse_test: 19.9856, score_test: 3534.2, Learning rate:0.00200000
Epoch: 5, Loss: 18.3914, Rmse_valid: 19.6898, valid_score: 81968.4, , rmse_test: 21.4718, score_test: 5292.0, Learning rate:0.00200000
Epoch: 6, Loss: 17.7189, Rmse_valid: 19.5137, valid_score: 80330.0, , rmse_test: 20.2637, score_test: 3652.9, Learning rate:0.00200000
Epoch: 7, Loss: 17.2431, Rmse_valid: 17.6396, valid_score: 37400.8, , rmse_test: 20.8647, score_test: 3690.4, Learning rate:0.00200000
Epoch: 8, Loss: 16.8215, Rmse_valid: 18.3423, valid_score: 40419.8, , rmse_test: 19.8597, score_test: 3654.5, Learning rate:0.00200000
Epoch: 9, Loss: 16.4110, Rmse_valid: 19.0979, valid_score: 68912.3, , rmse_test: 19.0717, score_test: 2017.5, Learning rate:0.00200000
Epoch: 10, Loss: 16.0538, Rmse_valid: 19.8594, valid_score: 131224.8, , rmse_test: 19.3951, score_test: 3490.5, Learning rate:0.00200000
Epoch: 11, Loss: 14.2871, Rmse_valid: 17.7102, valid_score: 56075.6, , rmse_test: 18.8181, score_test: 2683.3, Learning rate:0.00020000
Epoch: 12, Loss: 14.0832, Rmse_valid: 17.4687, valid_score: 52533.8, , rmse_test: 18.4225, score_test: 2038.9, Learning rate:0.00020000
Epoch: 13, Loss: 13.9931, Rmse_valid: 17.4354, valid_score: 52800.1, , rmse_test: 18.7653, score_test: 2680.8, Learning rate:0.00020000
Epoch: 14, Loss: 13.9162, Rmse_valid: 16.8957, valid_score: 42781.1, , rmse_test: 18.5661, score_test: 2010.5, Learning rate:0.00020000
Epoch: 15, Loss: 13.8372, Rmse_valid: 17.3252, valid_score: 54832.9, , rmse_test: 18.8929, score_test: 2520.4, Learning rate:0.00020000
Epoch: 16, Loss: 13.7970, Rmse_valid: 17.0211, valid_score: 46421.3, , rmse_test: 18.7768, score_test: 2358.7, Learning rate:0.00020000
Epoch: 17, Loss: 13.7265, Rmse_valid: 17.6426, valid_score: 54531.5, , rmse_test: 18.5168, score_test: 2144.8, Learning rate:0.00020000
Epoch: 18, Loss: 13.6737, Rmse_valid: 17.7258, valid_score: 67163.5, , rmse_test: 18.6130, score_test: 2323.4, Learning rate:0.00020000
Epoch: 19, Loss: 13.6178, Rmse_valid: 17.2987, valid_score: 53272.0, , rmse_test: 18.5964, score_test: 2350.3, Learning rate:0.00020000
Epoch: 20, Loss: 13.5807, Rmse_valid: 17.2820, valid_score: 51058.5, , rmse_test: 18.4963, score_test: 2117.8, Learning rate:0.00020000
Epoch: 21, Loss: 13.4248, Rmse_valid: 17.5011, valid_score: 55679.4, , rmse_test: 18.5938, score_test: 2233.0, Learning rate:0.00002000
Epoch: 22, Loss: 13.4036, Rmse_valid: 17.4471, valid_score: 57951.0, , rmse_test: 18.6646, score_test: 2324.9, Learning rate:0.00002000
Epoch: 23, Loss: 13.3954, Rmse_valid: 17.5265, valid_score: 57568.0, , rmse_test: 18.7206, score_test: 2276.6, Learning rate:0.00002000
Epoch: 24, Loss: 13.3917, Rmse_valid: 17.6472, valid_score: 57086.0, , rmse_test: 18.7103, score_test: 2316.6, Learning rate:0.00002000
Epoch: 25, Loss: 13.3841, Rmse_valid: 17.3489, valid_score: 53367.2, , rmse_test: 18.7849, score_test: 2257.3, Learning rate:0.00002000
Epoch: 26, Loss: 13.3796, Rmse_valid: 17.4110, valid_score: 57479.1, , rmse_test: 18.6385, score_test: 2244.2, Learning rate:0.00002000
Epoch: 27, Loss: 13.3732, Rmse_valid: 17.5314, valid_score: 56382.4, , rmse_test: 18.6349, score_test: 2208.9, Learning rate:0.00002000
Epoch: 28, Loss: 13.3674, Rmse_valid: 17.3860, valid_score: 54980.2, , rmse_test: 18.7399, score_test: 2314.7, Learning rate:0.00002000
Epoch: 29, Loss: 13.3630, Rmse_valid: 17.4874, valid_score: 56945.7, , rmse_test: 18.6589, score_test: 2241.1, Learning rate:0.00002000
Epoch: 30, Loss: 13.3563, Rmse_valid: 17.4063, valid_score: 54509.9, , rmse_test: 18.7023, score_test: 2209.3, Learning rate:0.00002000
[Train Summary] Restored best model from epoch 14, rmse_valid: 16.8957, valid_score: 42781.1, rmse_test: 18.5661, score_test: 2010.5
[Train Time] start: 2026-04-16 12:33:07, end: 2026-04-16 12:40:47, duration: 0:07:40, total_seconds: 459.77
[Auto Test] command: /usr/bin/python /CMAPSS-release/scipt/test_model.py --sub-dataset FD004 --smooth-rate 40 --sequence-len 30 --feature-num 14 --dataset-root /CMAPSS-release/CMAPSSData/ --max-rul 125 --batch-size 128 --model-path /CMAPSS-release/trials/model_FD004_0416_123307.pkl
model_path:/CMAPSS-release/trials/model_FD004_0416_123307.pkl
rmse_final:18.56527328491211, score:1984.558349609375
