-----FD004-----
关键参数:
序列长度: 30
批大小(batch_size): 128
最大训练轮数(max_epochs): 30
随机数种子: 62
模型代号(model_code): FD004_GAT_2L_hidden_dim12
学习率: 0.002
学习率调度器: step
Step步长(step_size): 10
Step衰减系数(gamma): 0.1
空间GAT: 开启
时间注意力: 关闭
Decoder融合方式: concat
图构建模式(graph_mode): dynamic_knn
GAT层数(num_layers): 2
GAT邻居数(topk): 5
GAT嵌入维度: 16
GAT隐藏层维度: 12
------------------------------
Epoch: 1, Loss: 28.7174, Rmse_valid: 22.0409, valid_score: 102169.7, , rmse_test: 24.8874, score_test: 11548.0, Learning rate:0.00200000
Epoch: 2, Loss: 21.6555, Rmse_valid: 19.0933, valid_score: 48832.1, , rmse_test: 21.5705, score_test: 3426.4, Learning rate:0.00200000
Epoch: 3, Loss: 19.9149, Rmse_valid: 19.3461, valid_score: 71326.8, , rmse_test: 19.1647, score_test: 2860.4, Learning rate:0.00200000
Epoch: 4, Loss: 18.9572, Rmse_valid: 20.0392, valid_score: 86217.8, , rmse_test: 19.8129, score_test: 3088.9, Learning rate:0.00200000
Epoch: 5, Loss: 18.2560, Rmse_valid: 17.1078, valid_score: 40059.5, , rmse_test: 17.9541, score_test: 2718.1, Learning rate:0.00200000
Epoch: 6, Loss: 17.8470, Rmse_valid: 16.9879, valid_score: 47986.8, , rmse_test: 18.1009, score_test: 2331.7, Learning rate:0.00200000
Epoch: 7, Loss: 17.4715, Rmse_valid: 17.4299, valid_score: 56599.2, , rmse_test: 18.2029, score_test: 3341.8, Learning rate:0.00200000
Epoch: 8, Loss: 17.0901, Rmse_valid: 19.3104, valid_score: 74515.2, , rmse_test: 19.9378, score_test: 4388.4, Learning rate:0.00200000
Epoch: 9, Loss: 16.8574, Rmse_valid: 17.3341, valid_score: 62463.8, , rmse_test: 17.7794, score_test: 2034.4, Learning rate:0.00200000
Epoch: 10, Loss: 16.6635, Rmse_valid: 16.8930, valid_score: 50737.7, , rmse_test: 18.1145, score_test: 3238.0, Learning rate:0.00200000
Epoch: 11, Loss: 14.9473, Rmse_valid: 16.3519, valid_score: 58396.3, , rmse_test: 17.5646, score_test: 2409.3, Learning rate:0.00020000
Epoch: 12, Loss: 14.7736, Rmse_valid: 16.2110, valid_score: 63703.7, , rmse_test: 17.8297, score_test: 2872.0, Learning rate:0.00020000
Epoch: 13, Loss: 14.6802, Rmse_valid: 16.4298, valid_score: 74905.0, , rmse_test: 17.5800, score_test: 2612.9, Learning rate:0.00020000
Epoch: 14, Loss: 14.6149, Rmse_valid: 16.5946, valid_score: 75988.3, , rmse_test: 17.6082, score_test: 2523.2, Learning rate:0.00020000
Epoch: 15, Loss: 14.5543, Rmse_valid: 16.4083, valid_score: 74760.7, , rmse_test: 17.7477, score_test: 2848.7, Learning rate:0.00020000
Epoch: 16, Loss: 14.5057, Rmse_valid: 16.5012, valid_score: 76262.3, , rmse_test: 17.8640, score_test: 3037.9, Learning rate:0.00020000
Epoch: 17, Loss: 14.4603, Rmse_valid: 16.7309, valid_score: 81890.1, , rmse_test: 17.6063, score_test: 2570.2, Learning rate:0.00020000
Epoch: 18, Loss: 14.4201, Rmse_valid: 16.7067, valid_score: 77964.0, , rmse_test: 17.7171, score_test: 2590.4, Learning rate:0.00020000
Epoch: 19, Loss: 14.3670, Rmse_valid: 16.5631, valid_score: 79170.0, , rmse_test: 17.6832, score_test: 2705.9, Learning rate:0.00020000
Epoch: 20, Loss: 14.3275, Rmse_valid: 16.4569, valid_score: 76548.7, , rmse_test: 17.7012, score_test: 2397.9, Learning rate:0.00020000
Epoch: 21, Loss: 14.1991, Rmse_valid: 16.4123, valid_score: 83179.3, , rmse_test: 17.6996, score_test: 2634.7, Learning rate:0.00002000
Epoch: 22, Loss: 14.1802, Rmse_valid: 16.6585, valid_score: 82858.2, , rmse_test: 17.7504, score_test: 2669.6, Learning rate:0.00002000
Epoch: 23, Loss: 14.1754, Rmse_valid: 16.9714, valid_score: 88034.1, , rmse_test: 17.6642, score_test: 2580.3, Learning rate:0.00002000
Epoch: 24, Loss: 14.1732, Rmse_valid: 16.5632, valid_score: 83649.6, , rmse_test: 17.6670, score_test: 2535.8, Learning rate:0.00002000
Epoch: 25, Loss: 14.1658, Rmse_valid: 16.5839, valid_score: 83184.9, , rmse_test: 17.6120, score_test: 2475.4, Learning rate:0.00002000
Epoch: 26, Loss: 14.1631, Rmse_valid: 16.6720, valid_score: 82993.8, , rmse_test: 17.6764, score_test: 2498.7, Learning rate:0.00002000
Epoch: 27, Loss: 14.1586, Rmse_valid: 16.8650, valid_score: 85526.5, , rmse_test: 17.5898, score_test: 2470.2, Learning rate:0.00002000
Epoch: 28, Loss: 14.1547, Rmse_valid: 16.6334, valid_score: 84884.0, , rmse_test: 17.6790, score_test: 2592.1, Learning rate:0.00002000
Epoch: 29, Loss: 14.1500, Rmse_valid: 16.7133, valid_score: 85633.0, , rmse_test: 17.6110, score_test: 2418.3, Learning rate:0.00002000
Epoch: 30, Loss: 14.1450, Rmse_valid: 16.4717, valid_score: 83814.0, , rmse_test: 17.6142, score_test: 2456.6, Learning rate:0.00002000
[Train Summary] Restored best model from epoch 12, rmse_valid: 16.2110, valid_score: 63703.7, rmse_test: 17.8297, score_test: 2872.0
[Train Time] start: 2026-04-16 23:08:57, end: 2026-04-16 23:16:45, duration: 0:07:48, total_seconds: 467.95
[Auto Test] command: /usr/bin/python /CMAPSS-release/scipt/test_model.py --sub-dataset FD004 --smooth-rate 40 --sequence-len 30 --feature-num 14 --dataset-root /CMAPSS-release/CMAPSSData/ --max-rul 125 --batch-size 128 --model-path /CMAPSS-release/trials/model_FD004_0416_230857.pkl
model_path:/CMAPSS-release/trials/model_FD004_0416_230857.pkl
rmse_final:17.83017921447754, score:2819.99658203125
