-----FD004-----
关键参数:
序列长度: 30
批大小(batch_size): 128
最大训练轮数(max_epochs): 30
随机数种子: 88
模型代号(model_code): FD004_GAT1L
学习率: 0.002
学习率调度器: step
Step步长(step_size): 10
Step衰减系数(gamma): 0.1
空间GAT: 开启
时间注意力: 关闭
Decoder融合方式: concat
图构建模式(graph_mode): dynamic_knn
GAT层数(num_layers): 1
GAT邻居数(topk): 5
GAT嵌入维度: 16
GAT隐藏层维度: 8
------------------------------
Epoch: 1, Loss: 27.8613, Rmse_valid: 22.8895, valid_score: 128365.8, , rmse_test: 25.5261, score_test: 15325.1, Learning rate:0.00200000
Epoch: 2, Loss: 22.5099, Rmse_valid: 20.1912, valid_score: 47528.6, , rmse_test: 21.3217, score_test: 2891.8, Learning rate:0.00200000
Epoch: 3, Loss: 20.6898, Rmse_valid: 19.9237, valid_score: 63438.5, , rmse_test: 22.5552, score_test: 4655.1, Learning rate:0.00200000
Epoch: 4, Loss: 19.6740, Rmse_valid: 19.9713, valid_score: 67882.5, , rmse_test: 20.5931, score_test: 4729.8, Learning rate:0.00200000
Epoch: 5, Loss: 18.8484, Rmse_valid: 18.4776, valid_score: 42598.6, , rmse_test: 20.1916, score_test: 3139.6, Learning rate:0.00200000
Epoch: 6, Loss: 18.1948, Rmse_valid: 23.4690, valid_score: 177612.9, , rmse_test: 22.9677, score_test: 7010.3, Learning rate:0.00200000
Epoch: 7, Loss: 17.7232, Rmse_valid: 18.5687, valid_score: 58666.4, , rmse_test: 20.3886, score_test: 4863.3, Learning rate:0.00200000
Epoch: 8, Loss: 17.2574, Rmse_valid: 19.0946, valid_score: 80171.9, , rmse_test: 19.9357, score_test: 5495.3, Learning rate:0.00200000
Epoch: 9, Loss: 16.8415, Rmse_valid: 17.8385, valid_score: 57953.8, , rmse_test: 19.7137, score_test: 4366.0, Learning rate:0.00200000
Epoch: 10, Loss: 16.5419, Rmse_valid: 18.5586, valid_score: 66397.5, , rmse_test: 18.9635, score_test: 2630.4, Learning rate:0.00200000
Epoch: 11, Loss: 14.9544, Rmse_valid: 17.0652, valid_score: 43388.6, , rmse_test: 17.9691, score_test: 2150.7, Learning rate:0.00020000
Epoch: 12, Loss: 14.7823, Rmse_valid: 17.1017, valid_score: 41685.9, , rmse_test: 18.0075, score_test: 2033.1, Learning rate:0.00020000
Epoch: 13, Loss: 14.6828, Rmse_valid: 17.6267, valid_score: 52175.2, , rmse_test: 18.2307, score_test: 2289.6, Learning rate:0.00020000
Epoch: 14, Loss: 14.6095, Rmse_valid: 17.1179, valid_score: 45788.9, , rmse_test: 18.0398, score_test: 2187.0, Learning rate:0.00020000
Epoch: 15, Loss: 14.5296, Rmse_valid: 17.5644, valid_score: 47859.0, , rmse_test: 17.7985, score_test: 1961.9, Learning rate:0.00020000
Epoch: 16, Loss: 14.4595, Rmse_valid: 17.3636, valid_score: 44653.4, , rmse_test: 18.0922, score_test: 2120.9, Learning rate:0.00020000
Epoch: 17, Loss: 14.4037, Rmse_valid: 17.1284, valid_score: 39131.8, , rmse_test: 18.1791, score_test: 1869.1, Learning rate:0.00020000
Epoch: 18, Loss: 14.3521, Rmse_valid: 17.0814, valid_score: 40471.1, , rmse_test: 17.8885, score_test: 1901.0, Learning rate:0.00020000
Epoch: 19, Loss: 14.2868, Rmse_valid: 17.2269, valid_score: 36869.3, , rmse_test: 17.7977, score_test: 1736.8, Learning rate:0.00020000
Epoch: 20, Loss: 14.2243, Rmse_valid: 17.5132, valid_score: 44637.5, , rmse_test: 17.7859, score_test: 1868.4, Learning rate:0.00020000
Epoch: 21, Loss: 14.0921, Rmse_valid: 17.3752, valid_score: 44398.8, , rmse_test: 17.8482, score_test: 1957.5, Learning rate:0.00002000
Epoch: 22, Loss: 14.0791, Rmse_valid: 17.3520, valid_score: 45359.0, , rmse_test: 17.9231, score_test: 1997.7, Learning rate:0.00002000
Epoch: 23, Loss: 14.0732, Rmse_valid: 17.2430, valid_score: 44767.5, , rmse_test: 18.0219, score_test: 2014.4, Learning rate:0.00002000
Epoch: 24, Loss: 14.0671, Rmse_valid: 17.2453, valid_score: 44486.3, , rmse_test: 17.8631, score_test: 1945.6, Learning rate:0.00002000
Epoch: 25, Loss: 14.0614, Rmse_valid: 17.3113, valid_score: 45075.7, , rmse_test: 17.9625, score_test: 1983.5, Learning rate:0.00002000
Epoch: 26, Loss: 14.0576, Rmse_valid: 17.3378, valid_score: 45410.9, , rmse_test: 17.9085, score_test: 1961.0, Learning rate:0.00002000
Epoch: 27, Loss: 14.0514, Rmse_valid: 17.2741, valid_score: 45936.2, , rmse_test: 17.9054, score_test: 1986.3, Learning rate:0.00002000
Epoch: 28, Loss: 14.0457, Rmse_valid: 17.1941, valid_score: 44092.3, , rmse_test: 17.8315, score_test: 1914.8, Learning rate:0.00002000
Epoch: 29, Loss: 14.0348, Rmse_valid: 17.2673, valid_score: 46877.8, , rmse_test: 17.9344, score_test: 2009.6, Learning rate:0.00002000
Epoch: 30, Loss: 14.0338, Rmse_valid: 17.1868, valid_score: 45505.3, , rmse_test: 17.9908, score_test: 2012.3, Learning rate:0.00002000
[Train Summary] Restored best model from epoch 11, rmse_valid: 17.0652, valid_score: 43388.6, rmse_test: 17.9691, score_test: 2150.7
[Train Time] start: 2026-04-16 11:11:15, end: 2026-04-16 11:16:15, duration: 0:04:59, total_seconds: 299.33
[Auto Test] command: /usr/bin/python /CMAPSS-release/scipt/test_model.py --sub-dataset FD004 --smooth-rate 40 --sequence-len 30 --feature-num 14 --dataset-root /CMAPSS-release/CMAPSSData/ --max-rul 125 --batch-size 128 --model-path /CMAPSS-release/trials/model_FD004_0416_111115.pkl
model_path:/CMAPSS-release/trials/model_FD004_0416_111115.pkl
rmse_final:17.90048599243164, score:2074.14501953125
