-----FD004-----
关键参数:
序列长度: 30
批大小(batch_size): 128
最大训练轮数(max_epochs): 30
随机数种子: 17
模型代号(model_code): FD004_GAT_2L
学习率: 0.002
学习率调度器: step
Step步长(step_size): 10
Step衰减系数(gamma): 0.1
空间GAT: 开启
时间注意力: 关闭
Decoder融合方式: concat
图构建模式(graph_mode): dynamic_knn
GAT层数(num_layers): 2
GAT邻居数(topk): 5
GAT嵌入维度: 16
GAT隐藏层维度: 16
------------------------------
Epoch: 1, Loss: 27.6322, Rmse_valid: 21.9697, valid_score: 112635.4, , rmse_test: 25.7898, score_test: 13401.0, Learning rate:0.00200000
Epoch: 2, Loss: 22.0082, Rmse_valid: 20.7365, valid_score: 81244.8, , rmse_test: 22.1021, score_test: 4311.9, Learning rate:0.00200000
Epoch: 3, Loss: 20.1667, Rmse_valid: 19.2281, valid_score: 61019.5, , rmse_test: 21.1927, score_test: 4751.4, Learning rate:0.00200000
Epoch: 4, Loss: 19.1368, Rmse_valid: 20.5567, valid_score: 101603.9, , rmse_test: 21.2959, score_test: 6470.0, Learning rate:0.00200000
Epoch: 5, Loss: 18.5311, Rmse_valid: 18.7100, valid_score: 43831.1, , rmse_test: 19.8588, score_test: 3437.7, Learning rate:0.00200000
Epoch: 6, Loss: 18.0152, Rmse_valid: 18.6850, valid_score: 33394.2, , rmse_test: 19.1007, score_test: 1948.0, Learning rate:0.00200000
Epoch: 7, Loss: 17.4931, Rmse_valid: 20.4447, valid_score: 71771.1, , rmse_test: 20.2005, score_test: 3593.1, Learning rate:0.00200000
Epoch: 8, Loss: 17.1598, Rmse_valid: 17.6408, valid_score: 41561.7, , rmse_test: 19.3120, score_test: 3852.5, Learning rate:0.00200000
Epoch: 9, Loss: 16.7606, Rmse_valid: 18.5873, valid_score: 44241.6, , rmse_test: 18.7840, score_test: 1986.5, Learning rate:0.00200000
Epoch: 10, Loss: 16.5191, Rmse_valid: 17.6625, valid_score: 41088.6, , rmse_test: 18.0548, score_test: 1958.6, Learning rate:0.00200000
Epoch: 11, Loss: 14.7968, Rmse_valid: 17.2580, valid_score: 47779.9, , rmse_test: 18.3568, score_test: 2286.6, Learning rate:0.00020000
Epoch: 12, Loss: 14.6398, Rmse_valid: 17.2294, valid_score: 50222.5, , rmse_test: 18.6491, score_test: 2803.2, Learning rate:0.00020000
Epoch: 13, Loss: 14.5489, Rmse_valid: 16.9545, valid_score: 46038.4, , rmse_test: 18.3061, score_test: 2282.9, Learning rate:0.00020000
Epoch: 14, Loss: 14.4658, Rmse_valid: 17.1490, valid_score: 51264.9, , rmse_test: 18.3419, score_test: 2234.2, Learning rate:0.00020000
Epoch: 15, Loss: 14.4181, Rmse_valid: 17.1300, valid_score: 60159.5, , rmse_test: 18.4345, score_test: 2501.0, Learning rate:0.00020000
Epoch: 16, Loss: 14.3574, Rmse_valid: 17.0342, valid_score: 56479.5, , rmse_test: 18.1710, score_test: 2354.4, Learning rate:0.00020000
Epoch: 17, Loss: 14.3056, Rmse_valid: 17.1638, valid_score: 55334.7, , rmse_test: 18.2226, score_test: 2204.8, Learning rate:0.00020000
Epoch: 18, Loss: 14.2663, Rmse_valid: 17.2556, valid_score: 59082.1, , rmse_test: 18.3407, score_test: 2265.1, Learning rate:0.00020000
Epoch: 19, Loss: 14.1985, Rmse_valid: 16.9757, valid_score: 46156.5, , rmse_test: 18.0810, score_test: 2027.8, Learning rate:0.00020000
Epoch: 20, Loss: 14.1675, Rmse_valid: 16.8768, valid_score: 54626.1, , rmse_test: 18.1412, score_test: 2300.6, Learning rate:0.00020000
Epoch: 21, Loss: 14.0294, Rmse_valid: 16.9862, valid_score: 57096.8, , rmse_test: 18.1704, score_test: 2251.4, Learning rate:0.00002000
Epoch: 22, Loss: 14.0143, Rmse_valid: 17.0954, valid_score: 59003.2, , rmse_test: 18.2458, score_test: 2314.5, Learning rate:0.00002000
Epoch: 23, Loss: 14.0059, Rmse_valid: 17.0647, valid_score: 58411.1, , rmse_test: 18.1833, score_test: 2199.6, Learning rate:0.00002000
Epoch: 24, Loss: 13.9994, Rmse_valid: 17.1608, valid_score: 63084.2, , rmse_test: 18.2842, score_test: 2383.2, Learning rate:0.00002000
Epoch: 25, Loss: 13.9949, Rmse_valid: 17.2413, valid_score: 59878.7, , rmse_test: 18.2573, score_test: 2274.8, Learning rate:0.00002000
Epoch: 26, Loss: 13.9926, Rmse_valid: 17.1968, valid_score: 58341.6, , rmse_test: 18.2098, score_test: 2253.1, Learning rate:0.00002000
Epoch: 27, Loss: 13.9871, Rmse_valid: 17.0488, valid_score: 59660.0, , rmse_test: 18.2087, score_test: 2272.1, Learning rate:0.00002000
Epoch: 28, Loss: 13.9812, Rmse_valid: 17.1960, valid_score: 57982.3, , rmse_test: 18.2186, score_test: 2264.9, Learning rate:0.00002000
Epoch: 29, Loss: 13.9746, Rmse_valid: 17.2791, valid_score: 59799.1, , rmse_test: 18.2353, score_test: 2310.7, Learning rate:0.00002000
Epoch: 30, Loss: 13.9718, Rmse_valid: 17.1699, valid_score: 60284.3, , rmse_test: 18.2345, score_test: 2267.5, Learning rate:0.00002000
[Train Summary] Restored best model from epoch 20, rmse_valid: 16.8768, valid_score: 54626.1, rmse_test: 18.1412, score_test: 2300.6
[Train Time] start: 2026-04-16 15:31:57, end: 2026-04-16 15:39:49, duration: 0:07:52, total_seconds: 471.90
[Auto Test] command: /usr/bin/python /CMAPSS-release/scipt/test_model.py --sub-dataset FD004 --smooth-rate 40 --sequence-len 30 --feature-num 14 --dataset-root /CMAPSS-release/CMAPSSData/ --max-rul 125 --batch-size 128 --model-path /CMAPSS-release/trials/model_FD004_0416_153157.pkl
model_path:/CMAPSS-release/trials/model_FD004_0416_153157.pkl
rmse_final:18.027978897094727, score:2193.737060546875
