-----FD004-----
关键参数:
序列长度: 30
批大小(batch_size): 128
最大训练轮数(max_epochs): 30
随机数种子: 27
模型代号(model_code): FD004_A
学习率: 0.002
学习率调度器: step
Step步长(step_size): 10
Step衰减系数(gamma): 0.1
空间GAT: 开启
时间注意力: 关闭
Decoder融合方式: gate
图构建模式(graph_mode): dynamic_knn
GAT层数(num_layers): 2
GAT邻居数(topk): 7
GAT嵌入维度: 8
GAT隐藏层维度: 16
------------------------------
Epoch: 1, Loss: 25.7352, Rmse_valid: 21.9751, valid_score: 109834.0, , rmse_test: 25.3418, score_test: 12041.3, Learning rate:0.00200000
Epoch: 2, Loss: 21.6096, Rmse_valid: 20.0632, valid_score: 55348.0, , rmse_test: 21.3410, score_test: 2872.4, Learning rate:0.00200000
Epoch: 3, Loss: 20.2055, Rmse_valid: 20.8668, valid_score: 50926.4, , rmse_test: 21.8087, score_test: 2901.1, Learning rate:0.00200000
Epoch: 4, Loss: 19.3299, Rmse_valid: 21.4115, valid_score: 88007.7, , rmse_test: 22.0310, score_test: 4306.6, Learning rate:0.00200000
Epoch: 5, Loss: 18.7895, Rmse_valid: 18.6186, valid_score: 58451.4, , rmse_test: 21.1117, score_test: 4746.4, Learning rate:0.00200000
Epoch: 6, Loss: 18.3307, Rmse_valid: 19.9769, valid_score: 79975.0, , rmse_test: 20.6997, score_test: 4779.7, Learning rate:0.00200000
Epoch: 7, Loss: 17.8669, Rmse_valid: 19.5977, valid_score: 101478.7, , rmse_test: 20.9783, score_test: 4341.1, Learning rate:0.00200000
Epoch: 8, Loss: 17.3244, Rmse_valid: 19.4148, valid_score: 75738.7, , rmse_test: 19.7837, score_test: 4556.0, Learning rate:0.00200000
Epoch: 9, Loss: 16.9811, Rmse_valid: 18.3804, valid_score: 55241.8, , rmse_test: 19.7585, score_test: 4070.4, Learning rate:0.00200000
Epoch: 10, Loss: 16.5832, Rmse_valid: 18.1567, valid_score: 46023.7, , rmse_test: 19.1394, score_test: 2851.0, Learning rate:0.00200000
Epoch: 11, Loss: 14.9077, Rmse_valid: 17.6750, valid_score: 52528.9, , rmse_test: 18.9112, score_test: 3133.2, Learning rate:0.00020000
Epoch: 12, Loss: 14.7203, Rmse_valid: 17.5639, valid_score: 52456.7, , rmse_test: 19.2246, score_test: 3557.6, Learning rate:0.00020000
Epoch: 13, Loss: 14.6149, Rmse_valid: 17.6685, valid_score: 46926.6, , rmse_test: 19.2415, score_test: 3017.3, Learning rate:0.00020000
Epoch: 14, Loss: 14.5213, Rmse_valid: 17.8919, valid_score: 54210.8, , rmse_test: 19.1852, score_test: 3179.7, Learning rate:0.00020000
Epoch: 15, Loss: 14.4295, Rmse_valid: 17.7326, valid_score: 60107.2, , rmse_test: 18.9396, score_test: 2846.5, Learning rate:0.00020000
Epoch: 16, Loss: 14.3660, Rmse_valid: 18.0051, valid_score: 58333.2, , rmse_test: 19.1578, score_test: 3358.2, Learning rate:0.00020000
Epoch: 17, Loss: 14.2869, Rmse_valid: 17.4767, valid_score: 49925.9, , rmse_test: 19.1364, score_test: 2879.1, Learning rate:0.00020000
Epoch: 18, Loss: 14.2301, Rmse_valid: 17.5841, valid_score: 49991.3, , rmse_test: 19.0429, score_test: 2832.9, Learning rate:0.00020000
Epoch: 19, Loss: 14.1589, Rmse_valid: 18.0614, valid_score: 63977.9, , rmse_test: 19.0867, score_test: 3137.8, Learning rate:0.00020000
Epoch: 20, Loss: 14.1059, Rmse_valid: 17.7128, valid_score: 55938.5, , rmse_test: 19.0662, score_test: 2831.2, Learning rate:0.00020000
Epoch: 21, Loss: 13.9521, Rmse_valid: 17.8531, valid_score: 57444.5, , rmse_test: 19.0313, score_test: 2816.7, Learning rate:0.00002000
Epoch: 22, Loss: 13.9351, Rmse_valid: 17.5928, valid_score: 54198.7, , rmse_test: 19.0780, score_test: 2798.2, Learning rate:0.00002000
Epoch: 23, Loss: 13.9298, Rmse_valid: 17.7477, valid_score: 57976.1, , rmse_test: 19.1974, score_test: 3061.4, Learning rate:0.00002000
Epoch: 24, Loss: 13.9233, Rmse_valid: 17.7702, valid_score: 58298.2, , rmse_test: 19.1477, score_test: 3018.9, Learning rate:0.00002000
Epoch: 25, Loss: 13.9149, Rmse_valid: 17.6835, valid_score: 57431.2, , rmse_test: 19.0782, score_test: 2876.8, Learning rate:0.00002000
Epoch: 26, Loss: 13.9100, Rmse_valid: 17.6518, valid_score: 58061.3, , rmse_test: 19.0666, score_test: 2884.8, Learning rate:0.00002000
Epoch: 27, Loss: 13.9029, Rmse_valid: 17.8327, valid_score: 59702.2, , rmse_test: 19.1454, score_test: 3026.8, Learning rate:0.00002000
Epoch: 28, Loss: 13.8979, Rmse_valid: 17.9243, valid_score: 58295.3, , rmse_test: 19.1106, score_test: 2894.0, Learning rate:0.00002000
Epoch: 29, Loss: 13.8924, Rmse_valid: 17.7625, valid_score: 57261.7, , rmse_test: 19.1182, score_test: 2946.6, Learning rate:0.00002000
Epoch: 30, Loss: 13.8830, Rmse_valid: 17.8512, valid_score: 55535.5, , rmse_test: 19.1769, score_test: 2995.4, Learning rate:0.00002000
[Train Summary] Restored best model from epoch 17, rmse_valid: 17.4767, valid_score: 49925.9, rmse_test: 19.1364, score_test: 2879.1
[Train Time] start: 2026-04-18 03:10:53, end: 2026-04-18 03:19:10, duration: 0:08:17, total_seconds: 496.68
[Auto Test] command: /usr/bin/python /CMAPSS-release/scipt/test_model.py --sub-dataset FD004 --smooth-rate 40 --sequence-len 30 --feature-num 14 --dataset-root /CMAPSS-release/CMAPSSData/ --max-rul 125 --batch-size 128 --model-path /CMAPSS-release/trials/model_FD004_0418_031053.pkl
model_path:/CMAPSS-release/trials/model_FD004_0418_031053.pkl
rmse_final:19.10592269897461, score:2816.710693359375
