-----FD002-----
关键参数:
序列长度: 30
批大小(batch_size): 128
最大训练轮数(max_epochs): 30
随机数种子: 17
模型代号(model_code): FD002_B
学习率: 0.002
学习率调度器: step
Step步长(step_size): 10
Step衰减系数(gamma): 0.1
空间GAT: 开启
时间注意力: 关闭
Decoder融合方式: concat
图构建模式(graph_mode): dynamic_knn
GAT层数(num_layers): 2
GAT邻居数(topk): 7
GAT嵌入维度: 8
GAT隐藏层维度: 16
------------------------------
Epoch: 1, Loss: 27.8732, Rmse_valid: 23.1151, valid_score: 107303.6, , rmse_test: 21.5636, score_test: 5712.1, Learning rate:0.00200000
Epoch: 2, Loss: 20.4626, Rmse_valid: 20.3564, valid_score: 102545.2, , rmse_test: 17.4407, score_test: 2117.8, Learning rate:0.00200000
Epoch: 3, Loss: 18.3910, Rmse_valid: 18.8564, valid_score: 66409.3, , rmse_test: 16.3779, score_test: 1482.1, Learning rate:0.00200000
Epoch: 4, Loss: 17.3593, Rmse_valid: 19.1118, valid_score: 77713.0, , rmse_test: 15.4763, score_test: 1567.3, Learning rate:0.00200000
Epoch: 5, Loss: 16.7283, Rmse_valid: 17.8776, valid_score: 46728.0, , rmse_test: 14.9928, score_test: 1050.3, Learning rate:0.00200000
Epoch: 6, Loss: 16.3659, Rmse_valid: 16.7222, valid_score: 37192.0, , rmse_test: 14.1715, score_test: 1006.4, Learning rate:0.00200000
Epoch: 7, Loss: 15.9773, Rmse_valid: 20.3490, valid_score: 70631.7, , rmse_test: 18.2896, score_test: 2239.4, Learning rate:0.00200000
Epoch: 8, Loss: 15.6484, Rmse_valid: 17.1503, valid_score: 39991.8, , rmse_test: 14.0349, score_test: 955.8, Learning rate:0.00200000
Epoch: 9, Loss: 15.3974, Rmse_valid: 17.8915, valid_score: 43717.9, , rmse_test: 14.5783, score_test: 1049.5, Learning rate:0.00200000
Epoch: 10, Loss: 15.2940, Rmse_valid: 21.1440, valid_score: 46497.6, , rmse_test: 18.3262, score_test: 1758.3, Learning rate:0.00200000
Epoch: 11, Loss: 13.3229, Rmse_valid: 16.9272, valid_score: 47237.4, , rmse_test: 13.6173, score_test: 1049.4, Learning rate:0.00020000
Epoch: 12, Loss: 13.1238, Rmse_valid: 16.9528, valid_score: 46130.5, , rmse_test: 13.6797, score_test: 1125.1, Learning rate:0.00020000
Epoch: 13, Loss: 13.0609, Rmse_valid: 16.9077, valid_score: 46054.6, , rmse_test: 13.7622, score_test: 1105.8, Learning rate:0.00020000
Epoch: 14, Loss: 12.9915, Rmse_valid: 16.8970, valid_score: 42419.7, , rmse_test: 13.5751, score_test: 1137.8, Learning rate:0.00020000
Epoch: 15, Loss: 12.9395, Rmse_valid: 16.7596, valid_score: 42621.2, , rmse_test: 13.5703, score_test: 1095.2, Learning rate:0.00020000
Epoch: 16, Loss: 12.8931, Rmse_valid: 16.9090, valid_score: 44358.2, , rmse_test: 13.9137, score_test: 1148.5, Learning rate:0.00020000
Epoch: 17, Loss: 12.8584, Rmse_valid: 17.0294, valid_score: 40147.7, , rmse_test: 13.8999, score_test: 1130.5, Learning rate:0.00020000
Epoch: 18, Loss: 12.8207, Rmse_valid: 16.7894, valid_score: 43863.9, , rmse_test: 13.5380, score_test: 1118.8, Learning rate:0.00020000
Epoch: 19, Loss: 12.7769, Rmse_valid: 17.0536, valid_score: 42927.0, , rmse_test: 13.7352, score_test: 1099.9, Learning rate:0.00020000
Epoch: 20, Loss: 12.7278, Rmse_valid: 16.7230, valid_score: 44622.2, , rmse_test: 13.4582, score_test: 1092.1, Learning rate:0.00020000
Epoch: 21, Loss: 12.6152, Rmse_valid: 16.7297, valid_score: 45544.2, , rmse_test: 13.6075, score_test: 1184.9, Learning rate:0.00002000
Epoch: 22, Loss: 12.6026, Rmse_valid: 16.7057, valid_score: 45764.4, , rmse_test: 13.5839, score_test: 1149.6, Learning rate:0.00002000
Epoch: 23, Loss: 12.5940, Rmse_valid: 16.5441, valid_score: 44528.9, , rmse_test: 13.5991, score_test: 1169.4, Learning rate:0.00002000
Epoch: 24, Loss: 12.5906, Rmse_valid: 16.6777, valid_score: 44527.8, , rmse_test: 13.6309, score_test: 1167.5, Learning rate:0.00002000
Epoch: 25, Loss: 12.5813, Rmse_valid: 16.6244, valid_score: 44157.3, , rmse_test: 13.5873, score_test: 1170.7, Learning rate:0.00002000
Epoch: 26, Loss: 12.5783, Rmse_valid: 16.6569, valid_score: 44396.5, , rmse_test: 13.6242, score_test: 1156.5, Learning rate:0.00002000
Epoch: 27, Loss: 12.5738, Rmse_valid: 16.8097, valid_score: 42554.5, , rmse_test: 13.5880, score_test: 1137.0, Learning rate:0.00002000
Epoch: 28, Loss: 12.5722, Rmse_valid: 16.7069, valid_score: 46093.3, , rmse_test: 13.6134, score_test: 1181.0, Learning rate:0.00002000
Epoch: 29, Loss: 12.5691, Rmse_valid: 16.7747, valid_score: 45013.6, , rmse_test: 13.5662, score_test: 1158.1, Learning rate:0.00002000
Epoch: 30, Loss: 12.5643, Rmse_valid: 16.7879, valid_score: 43958.1, , rmse_test: 13.5760, score_test: 1159.3, Learning rate:0.00002000
[Train Summary] Restored best model from epoch 23, rmse_valid: 16.5441, valid_score: 44528.9, rmse_test: 13.5991, score_test: 1169.4
[Train Time] start: 2026-04-17 16:01:58, end: 2026-04-17 16:06:40, duration: 0:04:42, total_seconds: 282.02
[Auto Test] command: /usr/bin/python /CMAPSS-release/scipt/test_model.py --sub-dataset FD002 --smooth-rate 40 --sequence-len 30 --feature-num 14 --dataset-root /CMAPSS-release/CMAPSSData/ --max-rul 125 --batch-size 128 --model-path /CMAPSS-release/trials/model_FD002_0417_160158.pkl
model_path:/CMAPSS-release/trials/model_FD002_0417_160158.pkl
rmse_final:13.575756072998047, score:1127.950927734375
