-----FD001-----
关键参数:
序列长度: 30
批大小(batch_size): 128
最大训练轮数(max_epochs): 30
随机数种子: 33
模型代号(model_code): FD001_F
学习率: 0.002
学习率调度器: step
Step步长(step_size): 10
Step衰减系数(gamma): 0.1
空间GAT: 关闭
时间注意力: 关闭
Decoder融合方式: concat
------------------------------
Epoch: 1, Loss: 24.6781, Rmse_valid: 15.9394, valid_score: 9690.2, , rmse_test: 18.2544, score_test: 717.1, Learning rate:0.00200000
Epoch: 2, Loss: 14.7312, Rmse_valid: 12.2486, valid_score: 5076.2, , rmse_test: 15.1502, score_test: 377.4, Learning rate:0.00200000
Epoch: 3, Loss: 13.2051, Rmse_valid: 14.6033, valid_score: 7061.2, , rmse_test: 15.6437, score_test: 490.2, Learning rate:0.00200000
Epoch: 4, Loss: 12.3368, Rmse_valid: 11.4105, valid_score: 4971.7, , rmse_test: 14.2852, score_test: 395.1, Learning rate:0.00200000
Epoch: 5, Loss: 12.0053, Rmse_valid: 12.1644, valid_score: 6310.9, , rmse_test: 14.3878, score_test: 440.7, Learning rate:0.00200000
Epoch: 6, Loss: 11.6268, Rmse_valid: 11.4548, valid_score: 4178.1, , rmse_test: 13.8044, score_test: 272.1, Learning rate:0.00200000
Epoch: 7, Loss: 11.3542, Rmse_valid: 12.2449, valid_score: 5274.6, , rmse_test: 13.8308, score_test: 338.8, Learning rate:0.00200000
Epoch: 8, Loss: 11.1588, Rmse_valid: 11.7985, valid_score: 7778.4, , rmse_test: 14.9486, score_test: 480.9, Learning rate:0.00200000
Epoch: 9, Loss: 10.8542, Rmse_valid: 11.6051, valid_score: 6327.6, , rmse_test: 14.2108, score_test: 371.1, Learning rate:0.00200000
Epoch: 10, Loss: 10.8140, Rmse_valid: 11.1265, valid_score: 4932.4, , rmse_test: 14.4140, score_test: 362.8, Learning rate:0.00200000
Epoch: 11, Loss: 9.9346, Rmse_valid: 11.2309, valid_score: 5611.4, , rmse_test: 14.0382, score_test: 338.9, Learning rate:0.00020000
Epoch: 12, Loss: 9.8385, Rmse_valid: 11.4339, valid_score: 5995.3, , rmse_test: 14.1278, score_test: 367.1, Learning rate:0.00020000
Epoch: 13, Loss: 9.7989, Rmse_valid: 11.1769, valid_score: 5733.0, , rmse_test: 14.1663, score_test: 374.3, Learning rate:0.00020000
Epoch: 14, Loss: 9.7562, Rmse_valid: 11.4677, valid_score: 6210.1, , rmse_test: 14.2542, score_test: 372.3, Learning rate:0.00020000
Epoch: 15, Loss: 9.7474, Rmse_valid: 11.9455, valid_score: 5651.7, , rmse_test: 14.0652, score_test: 341.0, Learning rate:0.00020000
Epoch: 16, Loss: 9.6946, Rmse_valid: 11.2718, valid_score: 5621.7, , rmse_test: 14.1188, score_test: 344.8, Learning rate:0.00020000
Epoch: 17, Loss: 9.6609, Rmse_valid: 11.2370, valid_score: 5731.8, , rmse_test: 14.1294, score_test: 351.1, Learning rate:0.00020000
Epoch: 18, Loss: 9.6441, Rmse_valid: 11.4448, valid_score: 6115.2, , rmse_test: 14.2635, score_test: 379.1, Learning rate:0.00020000
Epoch: 19, Loss: 9.6022, Rmse_valid: 11.3785, valid_score: 6177.6, , rmse_test: 14.1932, score_test: 359.4, Learning rate:0.00020000
Epoch: 20, Loss: 9.5675, Rmse_valid: 11.8483, valid_score: 6901.5, , rmse_test: 14.4917, score_test: 416.4, Learning rate:0.00020000
Epoch: 21, Loss: 9.5378, Rmse_valid: 11.3813, valid_score: 6063.6, , rmse_test: 14.2067, score_test: 365.1, Learning rate:0.00002000
Epoch: 22, Loss: 9.5090, Rmse_valid: 11.8309, valid_score: 6006.7, , rmse_test: 14.2026, score_test: 362.0, Learning rate:0.00002000
Epoch: 23, Loss: 9.5032, Rmse_valid: 11.4366, valid_score: 6047.2, , rmse_test: 14.2304, score_test: 366.6, Learning rate:0.00002000
Epoch: 24, Loss: 9.5050, Rmse_valid: 11.0880, valid_score: 5976.5, , rmse_test: 14.2047, score_test: 362.2, Learning rate:0.00002000
Epoch: 25, Loss: 9.4977, Rmse_valid: 12.4615, valid_score: 6015.2, , rmse_test: 14.2344, score_test: 365.4, Learning rate:0.00002000
Epoch: 26, Loss: 9.4978, Rmse_valid: 11.3731, valid_score: 5976.6, , rmse_test: 14.2140, score_test: 361.1, Learning rate:0.00002000
Epoch: 27, Loss: 9.4872, Rmse_valid: 11.6025, valid_score: 6052.2, , rmse_test: 14.2420, score_test: 368.0, Learning rate:0.00002000
Epoch: 28, Loss: 9.4882, Rmse_valid: 11.3098, valid_score: 6037.8, , rmse_test: 14.2380, score_test: 367.2, Learning rate:0.00002000
Epoch: 29, Loss: 9.4873, Rmse_valid: 11.9218, valid_score: 6010.2, , rmse_test: 14.2250, score_test: 363.7, Learning rate:0.00002000
Epoch: 30, Loss: 9.4915, Rmse_valid: 11.6916, valid_score: 5981.3, , rmse_test: 14.2119, score_test: 361.0, Learning rate:0.00002000
[Train Summary] Restored best model from epoch 24, rmse_valid: 11.0880, valid_score: 5976.5, rmse_test: 14.2047, score_test: 362.2
[Train Time] start: 2026-04-17 14:31:15, end: 2026-04-17 14:32:26, duration: 0:01:10, total_seconds: 70.44
[Auto Test] command: /usr/bin/python /CMAPSS-release/scipt/test_model.py --sub-dataset FD001 --smooth-rate 40 --sequence-len 30 --feature-num 14 --dataset-root /CMAPSS-release/CMAPSSData/ --max-rul 125 --batch-size 128 --model-path /CMAPSS-release/trials/model_FD001_0417_143115.pkl
model_path:/CMAPSS-release/trials/model_FD001_0417_143115.pkl
rmse_final:14.145317077636719, score:351.0251159667969
