-----FD002-----
关键参数:
序列长度: 30
批大小(batch_size): 128
最大训练轮数(max_epochs): 30
随机数种子: 33
模型代号(model_code): FD002_F
学习率: 0.002
学习率调度器: step
Step步长(step_size): 10
Step衰减系数(gamma): 0.1
空间GAT: 关闭
时间注意力: 关闭
Decoder融合方式: concat
------------------------------
Epoch: 1, Loss: 26.9887, Rmse_valid: 23.2731, valid_score: 190036.0, , rmse_test: 22.2993, score_test: 11933.8, Learning rate:0.00200000
Epoch: 2, Loss: 20.6818, Rmse_valid: 21.2668, valid_score: 93172.1, , rmse_test: 19.4663, score_test: 2664.5, Learning rate:0.00200000
Epoch: 3, Loss: 18.2895, Rmse_valid: 19.3772, valid_score: 49662.5, , rmse_test: 16.3706, score_test: 1082.6, Learning rate:0.00200000
Epoch: 4, Loss: 17.2532, Rmse_valid: 17.9206, valid_score: 46023.2, , rmse_test: 15.0800, score_test: 985.2, Learning rate:0.00200000
Epoch: 5, Loss: 16.7037, Rmse_valid: 18.9835, valid_score: 94382.8, , rmse_test: 16.1439, score_test: 1624.3, Learning rate:0.00200000
Epoch: 6, Loss: 16.2638, Rmse_valid: 17.5738, valid_score: 43191.8, , rmse_test: 14.5007, score_test: 851.5, Learning rate:0.00200000
Epoch: 7, Loss: 15.8575, Rmse_valid: 16.8665, valid_score: 34299.0, , rmse_test: 13.7507, score_test: 813.3, Learning rate:0.00200000
Epoch: 8, Loss: 15.7703, Rmse_valid: 18.2500, valid_score: 65237.1, , rmse_test: 16.4424, score_test: 1711.0, Learning rate:0.00200000
Epoch: 9, Loss: 15.3122, Rmse_valid: 16.8855, valid_score: 45992.9, , rmse_test: 14.0308, score_test: 879.0, Learning rate:0.00200000
Epoch: 10, Loss: 15.1589, Rmse_valid: 17.9993, valid_score: 52730.7, , rmse_test: 15.8752, score_test: 2128.4, Learning rate:0.00200000
Epoch: 11, Loss: 13.7762, Rmse_valid: 15.9899, valid_score: 40510.0, , rmse_test: 13.3136, score_test: 829.8, Learning rate:0.00020000
Epoch: 12, Loss: 13.6502, Rmse_valid: 15.9772, valid_score: 36499.2, , rmse_test: 13.3858, score_test: 838.8, Learning rate:0.00020000
Epoch: 13, Loss: 13.5978, Rmse_valid: 15.9683, valid_score: 34344.5, , rmse_test: 13.4209, score_test: 819.0, Learning rate:0.00020000
Epoch: 14, Loss: 13.5438, Rmse_valid: 16.1063, valid_score: 34210.3, , rmse_test: 13.6251, score_test: 845.6, Learning rate:0.00020000
Epoch: 15, Loss: 13.4997, Rmse_valid: 15.7512, valid_score: 30455.4, , rmse_test: 13.4256, score_test: 890.3, Learning rate:0.00020000
Epoch: 16, Loss: 13.4578, Rmse_valid: 15.7203, valid_score: 32336.7, , rmse_test: 13.4017, score_test: 874.5, Learning rate:0.00020000
Epoch: 17, Loss: 13.4301, Rmse_valid: 15.5331, valid_score: 34144.3, , rmse_test: 13.4256, score_test: 926.5, Learning rate:0.00020000
Epoch: 18, Loss: 13.3973, Rmse_valid: 15.8779, valid_score: 30044.2, , rmse_test: 13.5145, score_test: 872.5, Learning rate:0.00020000
Epoch: 19, Loss: 13.3510, Rmse_valid: 15.5776, valid_score: 31187.8, , rmse_test: 13.3206, score_test: 896.8, Learning rate:0.00020000
Epoch: 20, Loss: 13.3313, Rmse_valid: 15.2847, valid_score: 30807.7, , rmse_test: 13.2162, score_test: 874.6, Learning rate:0.00020000
Epoch: 21, Loss: 13.2339, Rmse_valid: 15.3701, valid_score: 30979.4, , rmse_test: 13.2690, score_test: 872.4, Learning rate:0.00002000
Epoch: 22, Loss: 13.2239, Rmse_valid: 15.4449, valid_score: 31489.3, , rmse_test: 13.3312, score_test: 892.6, Learning rate:0.00002000
Epoch: 23, Loss: 13.2204, Rmse_valid: 15.3536, valid_score: 31214.1, , rmse_test: 13.2667, score_test: 883.0, Learning rate:0.00002000
Epoch: 24, Loss: 13.2169, Rmse_valid: 15.5230, valid_score: 29438.3, , rmse_test: 13.3232, score_test: 884.5, Learning rate:0.00002000
Epoch: 25, Loss: 13.2142, Rmse_valid: 15.4171, valid_score: 31057.9, , rmse_test: 13.2932, score_test: 883.2, Learning rate:0.00002000
Epoch: 26, Loss: 13.2098, Rmse_valid: 15.4340, valid_score: 30375.2, , rmse_test: 13.2978, score_test: 897.8, Learning rate:0.00002000
Epoch: 27, Loss: 13.2072, Rmse_valid: 15.2244, valid_score: 30944.3, , rmse_test: 13.2661, score_test: 902.7, Learning rate:0.00002000
Epoch: 28, Loss: 13.2009, Rmse_valid: 15.3724, valid_score: 29878.6, , rmse_test: 13.2599, score_test: 884.7, Learning rate:0.00002000
Epoch: 29, Loss: 13.1966, Rmse_valid: 15.3796, valid_score: 31068.9, , rmse_test: 13.2830, score_test: 885.0, Learning rate:0.00002000
Epoch: 30, Loss: 13.1960, Rmse_valid: 15.3927, valid_score: 30804.4, , rmse_test: 13.2905, score_test: 887.9, Learning rate:0.00002000
[Train Summary] Restored best model from epoch 27, rmse_valid: 15.2244, valid_score: 30944.3, rmse_test: 13.2661, score_test: 902.7
[Train Time] start: 2026-04-17 19:38:56, end: 2026-04-17 19:41:59, duration: 0:03:03, total_seconds: 182.67
[Auto Test] command: /usr/bin/python /CMAPSS-release/scipt/test_model.py --sub-dataset FD002 --smooth-rate 40 --sequence-len 30 --feature-num 14 --dataset-root /CMAPSS-release/CMAPSSData/ --max-rul 125 --batch-size 128 --model-path /CMAPSS-release/trials/model_FD002_0417_193856.pkl
model_path:/CMAPSS-release/trials/model_FD002_0417_193856.pkl
rmse_final:13.242175102233887, score:872.4439086914062
