-----FD001-----
关键参数:
序列长度: 30
批大小(batch_size): 128
最大训练轮数(max_epochs): 30
随机数种子: 33
模型代号(model_code): FD001_D
学习率: 0.002
学习率调度器: step
Step步长(step_size): 10
Step衰减系数(gamma): 0.1
空间GAT: 开启
时间注意力: 关闭
Decoder融合方式: gate
图构建模式(graph_mode): static_full
GAT层数(num_layers): 2
GAT邻居数(topk): 7
GAT嵌入维度: 8
GAT隐藏层维度: 16
------------------------------
Epoch: 1, Loss: 23.3035, Rmse_valid: 20.4081, valid_score: 22268.7, , rmse_test: 24.3740, score_test: 7786.7, Learning rate:0.00200000
Epoch: 2, Loss: 16.3281, Rmse_valid: 13.1484, valid_score: 5413.4, , rmse_test: 15.8311, score_test: 375.2, Learning rate:0.00200000
Epoch: 3, Loss: 13.1636, Rmse_valid: 11.7512, valid_score: 5081.4, , rmse_test: 14.7258, score_test: 336.6, Learning rate:0.00200000
Epoch: 4, Loss: 12.2579, Rmse_valid: 12.9972, valid_score: 5460.3, , rmse_test: 13.8565, score_test: 301.5, Learning rate:0.00200000
Epoch: 5, Loss: 11.6282, Rmse_valid: 12.1854, valid_score: 5178.2, , rmse_test: 15.5755, score_test: 409.6, Learning rate:0.00200000
Epoch: 6, Loss: 11.3989, Rmse_valid: 12.1001, valid_score: 5245.8, , rmse_test: 14.4681, score_test: 353.8, Learning rate:0.00200000
Epoch: 7, Loss: 10.8806, Rmse_valid: 11.4438, valid_score: 4176.4, , rmse_test: 14.3599, score_test: 306.3, Learning rate:0.00200000
Epoch: 8, Loss: 10.6215, Rmse_valid: 13.9254, valid_score: 4324.1, , rmse_test: 15.7646, score_test: 319.5, Learning rate:0.00200000
Epoch: 9, Loss: 10.6275, Rmse_valid: 12.7335, valid_score: 8038.4, , rmse_test: 15.9690, score_test: 481.2, Learning rate:0.00200000
Epoch: 10, Loss: 10.2646, Rmse_valid: 11.9177, valid_score: 4604.9, , rmse_test: 14.6128, score_test: 340.2, Learning rate:0.00200000
Epoch: 11, Loss: 9.1938, Rmse_valid: 11.1136, valid_score: 4658.3, , rmse_test: 14.4055, score_test: 353.3, Learning rate:0.00020000
Epoch: 12, Loss: 9.0985, Rmse_valid: 11.4619, valid_score: 4984.0, , rmse_test: 14.5085, score_test: 363.7, Learning rate:0.00020000
Epoch: 13, Loss: 9.0441, Rmse_valid: 11.4539, valid_score: 5594.0, , rmse_test: 14.6000, score_test: 377.9, Learning rate:0.00020000
Epoch: 14, Loss: 8.9935, Rmse_valid: 11.9585, valid_score: 5630.1, , rmse_test: 14.5041, score_test: 369.1, Learning rate:0.00020000
Epoch: 15, Loss: 8.9520, Rmse_valid: 11.7531, valid_score: 5294.9, , rmse_test: 14.6823, score_test: 375.0, Learning rate:0.00020000
Epoch: 16, Loss: 8.9216, Rmse_valid: 11.1916, valid_score: 4570.8, , rmse_test: 14.4587, score_test: 340.9, Learning rate:0.00020000
Epoch: 17, Loss: 8.8637, Rmse_valid: 11.6593, valid_score: 5115.5, , rmse_test: 14.5055, score_test: 362.0, Learning rate:0.00020000
Epoch: 18, Loss: 8.8244, Rmse_valid: 11.5556, valid_score: 5096.2, , rmse_test: 14.5437, score_test: 365.6, Learning rate:0.00020000
Epoch: 19, Loss: 8.7909, Rmse_valid: 11.5985, valid_score: 4553.1, , rmse_test: 14.4728, score_test: 348.1, Learning rate:0.00020000
Epoch: 20, Loss: 8.7541, Rmse_valid: 11.5828, valid_score: 5476.7, , rmse_test: 14.7097, score_test: 381.1, Learning rate:0.00020000
Epoch: 21, Loss: 8.6696, Rmse_valid: 11.7570, valid_score: 5212.4, , rmse_test: 14.5849, score_test: 365.5, Learning rate:0.00002000
Epoch: 22, Loss: 8.6591, Rmse_valid: 11.7302, valid_score: 5109.8, , rmse_test: 14.5818, score_test: 363.9, Learning rate:0.00002000
Epoch: 23, Loss: 8.6649, Rmse_valid: 11.6307, valid_score: 5083.0, , rmse_test: 14.5491, score_test: 361.4, Learning rate:0.00002000
Epoch: 24, Loss: 8.6631, Rmse_valid: 12.0017, valid_score: 5145.1, , rmse_test: 14.5785, score_test: 364.3, Learning rate:0.00002000
Epoch: 25, Loss: 8.6513, Rmse_valid: 11.1371, valid_score: 5139.0, , rmse_test: 14.5470, score_test: 361.0, Learning rate:0.00002000
Epoch: 26, Loss: 8.6463, Rmse_valid: 11.4991, valid_score: 5159.7, , rmse_test: 14.5786, score_test: 364.4, Learning rate:0.00002000
Epoch: 27, Loss: 8.6384, Rmse_valid: 11.8522, valid_score: 5194.6, , rmse_test: 14.6514, score_test: 371.9, Learning rate:0.00002000
Epoch: 28, Loss: 8.6376, Rmse_valid: 11.4780, valid_score: 5033.1, , rmse_test: 14.5938, score_test: 362.7, Learning rate:0.00002000
Epoch: 29, Loss: 8.6334, Rmse_valid: 11.7597, valid_score: 5095.2, , rmse_test: 14.6019, score_test: 364.4, Learning rate:0.00002000
Epoch: 30, Loss: 8.6304, Rmse_valid: 11.7881, valid_score: 5179.1, , rmse_test: 14.6177, score_test: 366.9, Learning rate:0.00002000
[Train Summary] Restored best model from epoch 11, rmse_valid: 11.1136, valid_score: 4658.3, rmse_test: 14.4055, score_test: 353.3
[Train Time] start: 2026-04-17 13:52:01, end: 2026-04-17 13:53:58, duration: 0:01:57, total_seconds: 116.67
[Auto Test] command: /usr/bin/python /CMAPSS-release/scipt/test_model.py --sub-dataset FD001 --smooth-rate 40 --sequence-len 30 --feature-num 14 --dataset-root /CMAPSS-release/CMAPSSData/ --max-rul 125 --batch-size 128 --model-path /CMAPSS-release/trials/model_FD001_0417_135201.pkl
model_path:/CMAPSS-release/trials/model_FD001_0417_135201.pkl
rmse_final:14.318170547485352, score:342.2431640625
