-----FD003-----
关键参数:
序列长度: 30
批大小(batch_size): 128
最大训练轮数(max_epochs): 30
随机数种子: 62
模型代号(model_code): FD003_B
学习率: 0.002
学习率调度器: step
Step步长(step_size): 10
Step衰减系数(gamma): 0.1
空间GAT: 开启
时间注意力: 关闭
Decoder融合方式: concat
图构建模式(graph_mode): dynamic_knn
GAT层数(num_layers): 2
GAT邻居数(topk): 7
GAT嵌入维度: 8
GAT隐藏层维度: 16
------------------------------
Epoch: 1, Loss: 30.7124, Rmse_valid: 19.4124, valid_score: 17305.9, , rmse_test: 23.9087, score_test: 4865.2, Learning rate:0.00200000
Epoch: 2, Loss: 17.4559, Rmse_valid: 13.2902, valid_score: 8252.5, , rmse_test: 17.7485, score_test: 1396.4, Learning rate:0.00200000
Epoch: 3, Loss: 14.5803, Rmse_valid: 14.0858, valid_score: 7092.7, , rmse_test: 16.7462, score_test: 935.7, Learning rate:0.00200000
Epoch: 4, Loss: 13.5006, Rmse_valid: 11.6126, valid_score: 6297.5, , rmse_test: 16.6295, score_test: 1295.0, Learning rate:0.00200000
Epoch: 5, Loss: 12.6044, Rmse_valid: 10.5971, valid_score: 6578.0, , rmse_test: 17.4015, score_test: 1626.0, Learning rate:0.00200000
Epoch: 6, Loss: 11.9402, Rmse_valid: 10.8076, valid_score: 6950.9, , rmse_test: 15.8868, score_test: 1235.4, Learning rate:0.00200000
Epoch: 7, Loss: 11.6147, Rmse_valid: 12.8813, valid_score: 5732.2, , rmse_test: 15.4411, score_test: 949.1, Learning rate:0.00200000
Epoch: 8, Loss: 11.4288, Rmse_valid: 10.8238, valid_score: 9639.6, , rmse_test: 18.5522, score_test: 2496.9, Learning rate:0.00200000
Epoch: 9, Loss: 10.8615, Rmse_valid: 11.3500, valid_score: 11864.6, , rmse_test: 18.6323, score_test: 2627.3, Learning rate:0.00200000
Epoch: 10, Loss: 10.5803, Rmse_valid: 9.2827, valid_score: 5930.6, , rmse_test: 16.1429, score_test: 1554.7, Learning rate:0.00200000
Epoch: 11, Loss: 9.2833, Rmse_valid: 9.2053, valid_score: 4574.7, , rmse_test: 15.1103, score_test: 1387.2, Learning rate:0.00020000
Epoch: 12, Loss: 9.1790, Rmse_valid: 9.5338, valid_score: 4655.2, , rmse_test: 14.9967, score_test: 1232.6, Learning rate:0.00020000
Epoch: 13, Loss: 9.1197, Rmse_valid: 9.4218, valid_score: 4570.5, , rmse_test: 15.0261, score_test: 1394.5, Learning rate:0.00020000
Epoch: 14, Loss: 9.0607, Rmse_valid: 9.1365, valid_score: 4466.0, , rmse_test: 14.9805, score_test: 1408.0, Learning rate:0.00020000
Epoch: 15, Loss: 8.9914, Rmse_valid: 9.2044, valid_score: 4524.0, , rmse_test: 15.0467, score_test: 1347.0, Learning rate:0.00020000
Epoch: 16, Loss: 8.9399, Rmse_valid: 8.9588, valid_score: 4556.1, , rmse_test: 15.0997, score_test: 1397.7, Learning rate:0.00020000
Epoch: 17, Loss: 8.9010, Rmse_valid: 9.0698, valid_score: 5042.4, , rmse_test: 15.1824, score_test: 1346.7, Learning rate:0.00020000
Epoch: 18, Loss: 8.8553, Rmse_valid: 9.0773, valid_score: 4787.4, , rmse_test: 14.9871, score_test: 1252.7, Learning rate:0.00020000
Epoch: 19, Loss: 8.8080, Rmse_valid: 8.9944, valid_score: 4520.9, , rmse_test: 15.0719, score_test: 1442.7, Learning rate:0.00020000
Epoch: 20, Loss: 8.7668, Rmse_valid: 9.0367, valid_score: 4422.3, , rmse_test: 14.8693, score_test: 1227.8, Learning rate:0.00020000
Epoch: 21, Loss: 8.6724, Rmse_valid: 8.9550, valid_score: 4536.1, , rmse_test: 14.9726, score_test: 1326.9, Learning rate:0.00002000
Epoch: 22, Loss: 8.6604, Rmse_valid: 8.9011, valid_score: 4588.2, , rmse_test: 15.0077, score_test: 1355.8, Learning rate:0.00002000
Epoch: 23, Loss: 8.6556, Rmse_valid: 8.8678, valid_score: 4553.1, , rmse_test: 14.9765, score_test: 1326.4, Learning rate:0.00002000
Epoch: 24, Loss: 8.6492, Rmse_valid: 8.9005, valid_score: 4525.2, , rmse_test: 14.9690, score_test: 1325.1, Learning rate:0.00002000
Epoch: 25, Loss: 8.6434, Rmse_valid: 8.9158, valid_score: 4647.5, , rmse_test: 15.0257, score_test: 1342.1, Learning rate:0.00002000
Epoch: 26, Loss: 8.6391, Rmse_valid: 8.9013, valid_score: 4587.1, , rmse_test: 15.0116, score_test: 1317.6, Learning rate:0.00002000
Epoch: 27, Loss: 8.6339, Rmse_valid: 8.9996, valid_score: 4556.5, , rmse_test: 14.9643, score_test: 1301.0, Learning rate:0.00002000
Epoch: 28, Loss: 8.6288, Rmse_valid: 8.9393, valid_score: 4452.7, , rmse_test: 14.8904, score_test: 1262.8, Learning rate:0.00002000
Epoch: 29, Loss: 8.6233, Rmse_valid: 8.9440, valid_score: 4504.4, , rmse_test: 14.9511, score_test: 1315.4, Learning rate:0.00002000
Epoch: 30, Loss: 8.6209, Rmse_valid: 8.9204, valid_score: 4534.4, , rmse_test: 14.9506, score_test: 1314.1, Learning rate:0.00002000
[Train Summary] Restored best model from epoch 23, rmse_valid: 8.8678, valid_score: 4553.1, rmse_test: 14.9765, score_test: 1326.4
[Train Time] start: 2026-04-18 00:43:16, end: 2026-04-18 00:46:05, duration: 0:02:50, total_seconds: 169.51
[Auto Test] command: /usr/bin/python /CMAPSS-release/scipt/test_model.py --sub-dataset FD003 --smooth-rate 40 --sequence-len 30 --feature-num 14 --dataset-root /CMAPSS-release/CMAPSSData/ --max-rul 125 --batch-size 128 --model-path /CMAPSS-release/trials/model_FD003_0418_004316.pkl
model_path:/CMAPSS-release/trials/model_FD003_0418_004316.pkl
rmse_final:14.8842191696167, score:1222.0052490234375
