-----FD003-----
关键参数:
序列长度: 30
批大小(batch_size): 128
最大训练轮数(max_epochs): 30
随机数种子: 80
模型代号(model_code): FD003_B
学习率: 0.002
学习率调度器: step
Step步长(step_size): 10
Step衰减系数(gamma): 0.1
空间GAT: 开启
时间注意力: 关闭
Decoder融合方式: concat
图构建模式(graph_mode): dynamic_knn
GAT层数(num_layers): 2
GAT邻居数(topk): 7
GAT嵌入维度: 8
GAT隐藏层维度: 16
------------------------------
Epoch: 1, Loss: 23.0569, Rmse_valid: 18.3758, valid_score: 23596.4, , rmse_test: 24.2934, score_test: 4000.0, Learning rate:0.00200000
Epoch: 2, Loss: 17.3297, Rmse_valid: 14.5394, valid_score: 9148.9, , rmse_test: 18.3206, score_test: 1162.4, Learning rate:0.00200000
Epoch: 3, Loss: 13.7499, Rmse_valid: 11.6449, valid_score: 8060.2, , rmse_test: 18.8222, score_test: 1900.8, Learning rate:0.00200000
Epoch: 4, Loss: 12.3883, Rmse_valid: 10.4295, valid_score: 6385.8, , rmse_test: 15.6959, score_test: 1262.4, Learning rate:0.00200000
Epoch: 5, Loss: 11.6373, Rmse_valid: 12.1837, valid_score: 5750.6, , rmse_test: 15.7160, score_test: 958.7, Learning rate:0.00200000
Epoch: 6, Loss: 11.2250, Rmse_valid: 9.8839, valid_score: 5861.0, , rmse_test: 15.5385, score_test: 1363.6, Learning rate:0.00200000
Epoch: 7, Loss: 10.9327, Rmse_valid: 10.5907, valid_score: 4867.9, , rmse_test: 14.6996, score_test: 875.6, Learning rate:0.00200000
Epoch: 8, Loss: 10.4569, Rmse_valid: 10.3702, valid_score: 4552.6, , rmse_test: 14.2838, score_test: 1065.5, Learning rate:0.00200000
Epoch: 9, Loss: 10.4432, Rmse_valid: 9.7407, valid_score: 5794.9, , rmse_test: 15.1040, score_test: 1407.6, Learning rate:0.00200000
Epoch: 10, Loss: 10.0163, Rmse_valid: 10.8015, valid_score: 4855.2, , rmse_test: 13.9899, score_test: 951.6, Learning rate:0.00200000
Epoch: 11, Loss: 8.8765, Rmse_valid: 9.2649, valid_score: 4815.7, , rmse_test: 14.2491, score_test: 1110.0, Learning rate:0.00020000
Epoch: 12, Loss: 8.7958, Rmse_valid: 9.3163, valid_score: 4403.2, , rmse_test: 14.0098, score_test: 1026.9, Learning rate:0.00020000
Epoch: 13, Loss: 8.7342, Rmse_valid: 8.9245, valid_score: 4324.9, , rmse_test: 14.1863, score_test: 1132.9, Learning rate:0.00020000
Epoch: 14, Loss: 8.6943, Rmse_valid: 9.1840, valid_score: 4700.5, , rmse_test: 14.1696, score_test: 1208.2, Learning rate:0.00020000
Epoch: 15, Loss: 8.6461, Rmse_valid: 8.9285, valid_score: 4219.8, , rmse_test: 14.0370, score_test: 1122.3, Learning rate:0.00020000
Epoch: 16, Loss: 8.6088, Rmse_valid: 9.0693, valid_score: 4806.1, , rmse_test: 14.2246, score_test: 1210.9, Learning rate:0.00020000
Epoch: 17, Loss: 8.5708, Rmse_valid: 9.2849, valid_score: 5167.0, , rmse_test: 14.2783, score_test: 1111.1, Learning rate:0.00020000
Epoch: 18, Loss: 8.5236, Rmse_valid: 8.9302, valid_score: 4349.3, , rmse_test: 13.9942, score_test: 1150.4, Learning rate:0.00020000
Epoch: 19, Loss: 8.4912, Rmse_valid: 9.1068, valid_score: 4512.1, , rmse_test: 14.1189, score_test: 1114.1, Learning rate:0.00020000
Epoch: 20, Loss: 8.4544, Rmse_valid: 8.9262, valid_score: 4443.9, , rmse_test: 13.9125, score_test: 1061.6, Learning rate:0.00020000
Epoch: 21, Loss: 8.3645, Rmse_valid: 9.0230, valid_score: 4653.6, , rmse_test: 14.0448, score_test: 1185.7, Learning rate:0.00002000
Epoch: 22, Loss: 8.3551, Rmse_valid: 8.9138, valid_score: 4611.4, , rmse_test: 14.0302, score_test: 1162.6, Learning rate:0.00002000
Epoch: 23, Loss: 8.3480, Rmse_valid: 8.9624, valid_score: 4567.2, , rmse_test: 14.0033, score_test: 1144.8, Learning rate:0.00002000
Epoch: 24, Loss: 8.3445, Rmse_valid: 8.9449, valid_score: 4541.7, , rmse_test: 14.0048, score_test: 1162.7, Learning rate:0.00002000
Epoch: 25, Loss: 8.3401, Rmse_valid: 8.9765, valid_score: 4614.3, , rmse_test: 14.0598, score_test: 1163.3, Learning rate:0.00002000
Epoch: 26, Loss: 8.3336, Rmse_valid: 9.0042, valid_score: 4718.9, , rmse_test: 14.0879, score_test: 1175.0, Learning rate:0.00002000
Epoch: 27, Loss: 8.3318, Rmse_valid: 8.9794, valid_score: 4678.6, , rmse_test: 14.0858, score_test: 1175.1, Learning rate:0.00002000
Epoch: 28, Loss: 8.3273, Rmse_valid: 9.0265, valid_score: 4582.4, , rmse_test: 14.0149, score_test: 1167.0, Learning rate:0.00002000
Epoch: 29, Loss: 8.3216, Rmse_valid: 9.0014, valid_score: 4662.9, , rmse_test: 14.0352, score_test: 1173.2, Learning rate:0.00002000
Epoch: 30, Loss: 8.3187, Rmse_valid: 8.9891, valid_score: 4658.9, , rmse_test: 14.0496, score_test: 1164.3, Learning rate:0.00002000
[Train Summary] Restored best model from epoch 22, rmse_valid: 8.9138, valid_score: 4611.4, rmse_test: 14.0302, score_test: 1162.6
[Train Time] start: 2026-04-18 00:46:23, end: 2026-04-18 00:49:30, duration: 0:03:07, total_seconds: 186.69
[Auto Test] command: /usr/bin/python /CMAPSS-release/scipt/test_model.py --sub-dataset FD003 --smooth-rate 40 --sequence-len 30 --feature-num 14 --dataset-root /CMAPSS-release/CMAPSSData/ --max-rul 125 --batch-size 128 --model-path /CMAPSS-release/trials/model_FD003_0418_004623.pkl
model_path:/CMAPSS-release/trials/model_FD003_0418_004623.pkl
rmse_final:13.890284538269043, score:1113.153076171875
