-----FD004-----
关键参数:
序列长度: 30
批大小(batch_size): 128
最大训练轮数(max_epochs): 30
随机数种子: 62
模型代号(model_code): FD004_GAT2L
学习率: 0.002
学习率调度器: step
Step步长(step_size): 10
Step衰减系数(gamma): 0.1
空间GAT: 开启
时间注意力: 关闭
Decoder融合方式: concat
图构建模式(graph_mode): dynamic_knn
GAT层数(num_layers): 2
GAT邻居数(topk): 5
GAT嵌入维度: 16
GAT隐藏层维度: 8
------------------------------
Epoch: 1, Loss: 28.8724, Rmse_valid: 22.3860, valid_score: 75304.0, , rmse_test: 22.8417, score_test: 5007.0, Learning rate:0.00200000
Epoch: 2, Loss: 21.3416, Rmse_valid: 18.9729, valid_score: 54143.8, , rmse_test: 20.8978, score_test: 4098.0, Learning rate:0.00200000
Epoch: 3, Loss: 19.7115, Rmse_valid: 17.1037, valid_score: 31935.8, , rmse_test: 19.4688, score_test: 2653.6, Learning rate:0.00200000
Epoch: 4, Loss: 18.6115, Rmse_valid: 18.2396, valid_score: 28917.3, , rmse_test: 19.4387, score_test: 1678.0, Learning rate:0.00200000
Epoch: 5, Loss: 17.9585, Rmse_valid: 17.4369, valid_score: 42873.4, , rmse_test: 17.9645, score_test: 2071.3, Learning rate:0.00200000
Epoch: 6, Loss: 17.3697, Rmse_valid: 17.4200, valid_score: 42865.5, , rmse_test: 19.2395, score_test: 3797.9, Learning rate:0.00200000
Epoch: 7, Loss: 17.0391, Rmse_valid: 17.5989, valid_score: 54982.8, , rmse_test: 19.7004, score_test: 2633.2, Learning rate:0.00200000
Epoch: 8, Loss: 16.6906, Rmse_valid: 16.6652, valid_score: 37100.0, , rmse_test: 18.1190, score_test: 2628.2, Learning rate:0.00200000
Epoch: 9, Loss: 16.3342, Rmse_valid: 17.2384, valid_score: 34417.6, , rmse_test: 18.7798, score_test: 1869.1, Learning rate:0.00200000
Epoch: 10, Loss: 16.0726, Rmse_valid: 16.1743, valid_score: 28493.1, , rmse_test: 19.2410, score_test: 2340.6, Learning rate:0.00200000
Epoch: 11, Loss: 14.2072, Rmse_valid: 15.8302, valid_score: 38819.5, , rmse_test: 18.2179, score_test: 2240.1, Learning rate:0.00020000
Epoch: 12, Loss: 14.0510, Rmse_valid: 16.0279, valid_score: 39345.4, , rmse_test: 18.2272, score_test: 2145.0, Learning rate:0.00020000
Epoch: 13, Loss: 13.9488, Rmse_valid: 15.8071, valid_score: 39983.7, , rmse_test: 18.6784, score_test: 2490.0, Learning rate:0.00020000
Epoch: 14, Loss: 13.8947, Rmse_valid: 15.9801, valid_score: 42351.2, , rmse_test: 18.4846, score_test: 2401.6, Learning rate:0.00020000
Epoch: 15, Loss: 13.8095, Rmse_valid: 16.3302, valid_score: 47407.7, , rmse_test: 18.6151, score_test: 2406.3, Learning rate:0.00020000
Epoch: 16, Loss: 13.7443, Rmse_valid: 16.1687, valid_score: 42504.2, , rmse_test: 18.3799, score_test: 2358.3, Learning rate:0.00020000
Epoch: 17, Loss: 13.6742, Rmse_valid: 16.1330, valid_score: 43251.7, , rmse_test: 18.7696, score_test: 2542.3, Learning rate:0.00020000
Epoch: 18, Loss: 13.6071, Rmse_valid: 16.3459, valid_score: 42087.6, , rmse_test: 19.0281, score_test: 2440.5, Learning rate:0.00020000
Epoch: 19, Loss: 13.5498, Rmse_valid: 16.0696, valid_score: 40660.7, , rmse_test: 19.1436, score_test: 2592.1, Learning rate:0.00020000
Epoch: 20, Loss: 13.5042, Rmse_valid: 16.2335, valid_score: 43966.8, , rmse_test: 18.8604, score_test: 2552.5, Learning rate:0.00020000
Epoch: 21, Loss: 13.3403, Rmse_valid: 16.3417, valid_score: 44987.7, , rmse_test: 18.7315, score_test: 2437.3, Learning rate:0.00002000
Epoch: 22, Loss: 13.3237, Rmse_valid: 16.3566, valid_score: 45996.4, , rmse_test: 18.6185, score_test: 2443.3, Learning rate:0.00002000
Epoch: 23, Loss: 13.3169, Rmse_valid: 16.0952, valid_score: 43799.8, , rmse_test: 18.7285, score_test: 2409.0, Learning rate:0.00002000
Epoch: 24, Loss: 13.3081, Rmse_valid: 16.4891, valid_score: 45286.6, , rmse_test: 18.7228, score_test: 2460.9, Learning rate:0.00002000
Epoch: 25, Loss: 13.3015, Rmse_valid: 16.4289, valid_score: 45772.4, , rmse_test: 18.6671, score_test: 2434.7, Learning rate:0.00002000
Epoch: 26, Loss: 13.2963, Rmse_valid: 16.1690, valid_score: 44752.8, , rmse_test: 18.5937, score_test: 2401.6, Learning rate:0.00002000
Epoch: 27, Loss: 13.2903, Rmse_valid: 16.5142, valid_score: 45064.5, , rmse_test: 18.7621, score_test: 2440.6, Learning rate:0.00002000
Epoch: 28, Loss: 13.2842, Rmse_valid: 16.3137, valid_score: 45416.3, , rmse_test: 18.7684, score_test: 2437.2, Learning rate:0.00002000
Epoch: 29, Loss: 13.2754, Rmse_valid: 16.3596, valid_score: 44735.8, , rmse_test: 18.8048, score_test: 2421.8, Learning rate:0.00002000
Epoch: 30, Loss: 13.2710, Rmse_valid: 16.1865, valid_score: 44420.3, , rmse_test: 18.7449, score_test: 2463.0, Learning rate:0.00002000
[Train Summary] Restored best model from epoch 13, rmse_valid: 15.8071, valid_score: 39983.7, rmse_test: 18.6784, score_test: 2490.0
[Train Time] start: 2026-04-16 12:08:08, end: 2026-04-16 12:15:43, duration: 0:07:34, total_seconds: 454.23
[Auto Test] command: /usr/bin/python /CMAPSS-release/scipt/test_model.py --sub-dataset FD004 --smooth-rate 40 --sequence-len 30 --feature-num 14 --dataset-root /CMAPSS-release/CMAPSSData/ --max-rul 125 --batch-size 128 --model-path /CMAPSS-release/trials/model_FD004_0416_120808.pkl
model_path:/CMAPSS-release/trials/model_FD004_0416_120808.pkl
rmse_final:18.559843063354492, score:2369.497314453125
