-----FD004-----
关键参数:
序列长度: 30
批大小(batch_size): 128
最大训练轮数(max_epochs): 30
随机数种子: 30
模型代号(model_code): FD004_GAT_embed_dim8_topk5
学习率: 0.002
学习率调度器: step
Step步长(step_size): 10
Step衰减系数(gamma): 0.1
空间GAT: 开启
时间注意力: 关闭
Decoder融合方式: concat
图构建模式(graph_mode): dynamic_knn
GAT层数(num_layers): 2
GAT邻居数(topk): 5
GAT嵌入维度: 8
GAT隐藏层维度: 16
------------------------------
Epoch: 1, Loss: 27.8271, Rmse_valid: 23.1443, valid_score: 102339.8, , rmse_test: 26.4769, score_test: 12126.3, Learning rate:0.00200000
Epoch: 2, Loss: 21.8161, Rmse_valid: 22.2525, valid_score: 94735.7, , rmse_test: 21.2815, score_test: 3555.7, Learning rate:0.00200000
Epoch: 3, Loss: 20.2664, Rmse_valid: 19.0085, valid_score: 47043.0, , rmse_test: 20.5068, score_test: 4104.6, Learning rate:0.00200000
Epoch: 4, Loss: 19.1768, Rmse_valid: 18.7791, valid_score: 59090.0, , rmse_test: 19.5476, score_test: 3575.9, Learning rate:0.00200000
Epoch: 5, Loss: 18.5760, Rmse_valid: 17.5438, valid_score: 48347.6, , rmse_test: 19.1466, score_test: 3357.4, Learning rate:0.00200000
Epoch: 6, Loss: 18.1551, Rmse_valid: 19.1825, valid_score: 59806.9, , rmse_test: 19.9269, score_test: 2011.4, Learning rate:0.00200000
Epoch: 7, Loss: 17.6623, Rmse_valid: 18.6124, valid_score: 73546.3, , rmse_test: 20.7288, score_test: 4044.0, Learning rate:0.00200000
Epoch: 8, Loss: 17.2929, Rmse_valid: 18.1082, valid_score: 63398.3, , rmse_test: 17.9841, score_test: 2052.5, Learning rate:0.00200000
Epoch: 9, Loss: 17.0392, Rmse_valid: 17.1530, valid_score: 59886.1, , rmse_test: 18.3312, score_test: 3088.5, Learning rate:0.00200000
Epoch: 10, Loss: 16.8235, Rmse_valid: 16.9640, valid_score: 52468.6, , rmse_test: 18.3922, score_test: 2158.0, Learning rate:0.00200000
Epoch: 11, Loss: 15.0281, Rmse_valid: 16.7986, valid_score: 65967.5, , rmse_test: 17.6071, score_test: 2140.4, Learning rate:0.00020000
Epoch: 12, Loss: 14.8860, Rmse_valid: 16.6832, valid_score: 66692.5, , rmse_test: 17.9117, score_test: 2352.3, Learning rate:0.00020000
Epoch: 13, Loss: 14.8019, Rmse_valid: 16.8873, valid_score: 78942.0, , rmse_test: 17.4777, score_test: 2158.6, Learning rate:0.00020000
Epoch: 14, Loss: 14.7379, Rmse_valid: 16.4450, valid_score: 69804.5, , rmse_test: 17.4847, score_test: 2201.0, Learning rate:0.00020000
Epoch: 15, Loss: 14.6715, Rmse_valid: 17.0693, valid_score: 94227.7, , rmse_test: 17.6888, score_test: 2414.4, Learning rate:0.00020000
Epoch: 16, Loss: 14.6245, Rmse_valid: 16.7289, valid_score: 82668.3, , rmse_test: 17.4404, score_test: 2137.8, Learning rate:0.00020000
Epoch: 17, Loss: 14.5737, Rmse_valid: 16.9313, valid_score: 96717.9, , rmse_test: 17.5347, score_test: 2098.4, Learning rate:0.00020000
Epoch: 18, Loss: 14.5317, Rmse_valid: 16.7128, valid_score: 88489.4, , rmse_test: 17.6012, score_test: 2356.8, Learning rate:0.00020000
Epoch: 19, Loss: 14.4793, Rmse_valid: 16.7125, valid_score: 103249.2, , rmse_test: 17.8909, score_test: 2513.9, Learning rate:0.00020000
Epoch: 20, Loss: 14.4394, Rmse_valid: 17.1695, valid_score: 110494.2, , rmse_test: 17.6883, score_test: 2512.5, Learning rate:0.00020000
Epoch: 21, Loss: 14.3052, Rmse_valid: 16.7352, valid_score: 100754.0, , rmse_test: 17.6977, score_test: 2531.9, Learning rate:0.00002000
Epoch: 22, Loss: 14.2831, Rmse_valid: 16.9924, valid_score: 102393.4, , rmse_test: 17.6999, score_test: 2529.1, Learning rate:0.00002000
Epoch: 23, Loss: 14.2798, Rmse_valid: 16.8608, valid_score: 104513.6, , rmse_test: 17.6284, score_test: 2455.5, Learning rate:0.00002000
Epoch: 24, Loss: 14.2724, Rmse_valid: 16.9211, valid_score: 103869.6, , rmse_test: 17.6550, score_test: 2487.6, Learning rate:0.00002000
Epoch: 25, Loss: 14.2681, Rmse_valid: 16.9002, valid_score: 107371.7, , rmse_test: 17.6570, score_test: 2478.0, Learning rate:0.00002000
Epoch: 26, Loss: 14.2639, Rmse_valid: 16.8202, valid_score: 110466.6, , rmse_test: 17.7715, score_test: 2641.8, Learning rate:0.00002000
Epoch: 27, Loss: 14.2604, Rmse_valid: 16.8154, valid_score: 108568.6, , rmse_test: 17.7088, score_test: 2592.7, Learning rate:0.00002000
Epoch: 28, Loss: 14.2533, Rmse_valid: 17.1945, valid_score: 112118.3, , rmse_test: 17.7684, score_test: 2630.2, Learning rate:0.00002000
Epoch: 29, Loss: 14.2485, Rmse_valid: 16.8440, valid_score: 107302.4, , rmse_test: 17.7521, score_test: 2568.0, Learning rate:0.00002000
Epoch: 30, Loss: 14.2450, Rmse_valid: 16.7861, valid_score: 107017.2, , rmse_test: 17.6789, score_test: 2491.3, Learning rate:0.00002000
[Train Summary] Restored best model from epoch 14, rmse_valid: 16.4450, valid_score: 69804.5, rmse_test: 17.4847, score_test: 2201.0
[Train Time] start: 2026-04-17 01:19:43, end: 2026-04-17 01:27:50, duration: 0:08:07, total_seconds: 486.87
[Auto Test] command: /usr/bin/python /CMAPSS-release/scipt/test_model.py --sub-dataset FD004 --smooth-rate 40 --sequence-len 30 --feature-num 14 --dataset-root /CMAPSS-release/CMAPSSData/ --max-rul 125 --batch-size 128 --model-path /CMAPSS-release/trials/model_FD004_0417_011943.pkl
model_path:/CMAPSS-release/trials/model_FD004_0417_011943.pkl
rmse_final:17.418821334838867, score:2130.565673828125
