-----FD004-----
关键参数:
序列长度: 30
批大小(batch_size): 128
最大训练轮数(max_epochs): 30
随机数种子: 17
模型代号(model_code): FD004_GAT_2L_hidden_dim4
学习率: 0.002
学习率调度器: step
Step步长(step_size): 10
Step衰减系数(gamma): 0.1
空间GAT: 开启
时间注意力: 关闭
Decoder融合方式: concat
图构建模式(graph_mode): dynamic_knn
GAT层数(num_layers): 2
GAT邻居数(topk): 5
GAT嵌入维度: 16
GAT隐藏层维度: 4
------------------------------
Epoch: 1, Loss: 27.6607, Rmse_valid: 21.6595, valid_score: 90219.6, , rmse_test: 26.0839, score_test: 14834.3, Learning rate:0.00200000
Epoch: 2, Loss: 21.9837, Rmse_valid: 19.0341, valid_score: 46319.0, , rmse_test: 20.7678, score_test: 3054.9, Learning rate:0.00200000
Epoch: 3, Loss: 20.2735, Rmse_valid: 19.4214, valid_score: 54613.9, , rmse_test: 20.9794, score_test: 3951.8, Learning rate:0.00200000
Epoch: 4, Loss: 19.2834, Rmse_valid: 20.5707, valid_score: 102757.7, , rmse_test: 22.2076, score_test: 7324.7, Learning rate:0.00200000
Epoch: 5, Loss: 18.6414, Rmse_valid: 18.1073, valid_score: 48857.3, , rmse_test: 20.0460, score_test: 4822.6, Learning rate:0.00200000
Epoch: 6, Loss: 17.9992, Rmse_valid: 18.7458, valid_score: 33296.4, , rmse_test: 18.9531, score_test: 1748.7, Learning rate:0.00200000
Epoch: 7, Loss: 17.5513, Rmse_valid: 16.9697, valid_score: 33392.9, , rmse_test: 17.8668, score_test: 1605.8, Learning rate:0.00200000
Epoch: 8, Loss: 17.0266, Rmse_valid: 16.7068, valid_score: 33133.8, , rmse_test: 17.8730, score_test: 2017.4, Learning rate:0.00200000
Epoch: 9, Loss: 16.7311, Rmse_valid: 18.7023, valid_score: 62284.7, , rmse_test: 18.6363, score_test: 2381.9, Learning rate:0.00200000
Epoch: 10, Loss: 16.4134, Rmse_valid: 17.7322, valid_score: 42351.0, , rmse_test: 17.4875, score_test: 1852.6, Learning rate:0.00200000
Epoch: 11, Loss: 14.6857, Rmse_valid: 16.6903, valid_score: 39641.3, , rmse_test: 17.4741, score_test: 1887.1, Learning rate:0.00020000
Epoch: 12, Loss: 14.5514, Rmse_valid: 16.5460, valid_score: 39207.9, , rmse_test: 17.6159, score_test: 2040.6, Learning rate:0.00020000
Epoch: 13, Loss: 14.4651, Rmse_valid: 16.5482, valid_score: 40513.4, , rmse_test: 17.5114, score_test: 1889.8, Learning rate:0.00020000
Epoch: 14, Loss: 14.3965, Rmse_valid: 16.9048, valid_score: 38405.0, , rmse_test: 17.3135, score_test: 1646.7, Learning rate:0.00020000
Epoch: 15, Loss: 14.3286, Rmse_valid: 16.5569, valid_score: 38709.6, , rmse_test: 17.5535, score_test: 1831.8, Learning rate:0.00020000
Epoch: 16, Loss: 14.2692, Rmse_valid: 16.7616, valid_score: 44468.8, , rmse_test: 17.9194, score_test: 2153.4, Learning rate:0.00020000
Epoch: 17, Loss: 14.2248, Rmse_valid: 17.0099, valid_score: 44365.1, , rmse_test: 17.5914, score_test: 2146.2, Learning rate:0.00020000
Epoch: 18, Loss: 14.1699, Rmse_valid: 16.8966, valid_score: 43343.6, , rmse_test: 17.5719, score_test: 1959.7, Learning rate:0.00020000
Epoch: 19, Loss: 14.1137, Rmse_valid: 16.7311, valid_score: 41831.5, , rmse_test: 17.4244, score_test: 1837.7, Learning rate:0.00020000
Epoch: 20, Loss: 14.0788, Rmse_valid: 17.0305, valid_score: 48224.2, , rmse_test: 17.8490, score_test: 2204.5, Learning rate:0.00020000
Epoch: 21, Loss: 13.9343, Rmse_valid: 16.7774, valid_score: 44020.6, , rmse_test: 17.5793, score_test: 2069.7, Learning rate:0.00002000
Epoch: 22, Loss: 13.9189, Rmse_valid: 16.7497, valid_score: 43404.2, , rmse_test: 17.5139, score_test: 2032.2, Learning rate:0.00002000
Epoch: 23, Loss: 13.9107, Rmse_valid: 16.9459, valid_score: 45368.6, , rmse_test: 17.5116, score_test: 2037.4, Learning rate:0.00002000
Epoch: 24, Loss: 13.9072, Rmse_valid: 16.8689, valid_score: 44238.6, , rmse_test: 17.5321, score_test: 2009.3, Learning rate:0.00002000
Epoch: 25, Loss: 13.8978, Rmse_valid: 16.7815, valid_score: 44172.0, , rmse_test: 17.5355, score_test: 2012.2, Learning rate:0.00002000
Epoch: 26, Loss: 13.8957, Rmse_valid: 16.7363, valid_score: 44369.3, , rmse_test: 17.5219, score_test: 2034.4, Learning rate:0.00002000
Epoch: 27, Loss: 13.8898, Rmse_valid: 16.8649, valid_score: 43014.5, , rmse_test: 17.4481, score_test: 1957.0, Learning rate:0.00002000
Epoch: 28, Loss: 13.8846, Rmse_valid: 16.7197, valid_score: 44259.8, , rmse_test: 17.5048, score_test: 2014.5, Learning rate:0.00002000
Epoch: 29, Loss: 13.8799, Rmse_valid: 16.8852, valid_score: 44433.5, , rmse_test: 17.5056, score_test: 2030.6, Learning rate:0.00002000
Epoch: 30, Loss: 13.8744, Rmse_valid: 16.7332, valid_score: 44312.9, , rmse_test: 17.4840, score_test: 1977.0, Learning rate:0.00002000
[Train Summary] Restored best model from epoch 12, rmse_valid: 16.5460, valid_score: 39207.9, rmse_test: 17.6159, score_test: 2040.6
[Train Time] start: 2026-04-17 10:30:15, end: 2026-04-17 10:38:03, duration: 0:07:49, total_seconds: 468.84
[Auto Test] command: /usr/bin/python /CMAPSS-release/scipt/test_model.py --sub-dataset FD004 --smooth-rate 40 --sequence-len 30 --feature-num 14 --dataset-root /CMAPSS-release/CMAPSSData/ --max-rul 125 --batch-size 128 --model-path /CMAPSS-release/trials/model_FD004_0417_103015.pkl
model_path:/CMAPSS-release/trials/model_FD004_0417_103015.pkl
rmse_final:17.56244659423828, score:1962.7177734375
