-----FD002-----
关键参数:
序列长度: 30
批大小(batch_size): 128
最大训练轮数(max_epochs): 30
随机数种子: 17
模型代号(model_code): FD002_A
学习率: 0.002
学习率调度器: step
Step步长(step_size): 10
Step衰减系数(gamma): 0.1
空间GAT: 开启
时间注意力: 关闭
Decoder融合方式: gate
图构建模式(graph_mode): dynamic_knn
GAT层数(num_layers): 2
GAT邻居数(topk): 7
GAT嵌入维度: 8
GAT隐藏层维度: 16
------------------------------
Epoch: 1, Loss: 27.8717, Rmse_valid: 22.2594, valid_score: 97966.7, , rmse_test: 20.4235, score_test: 3194.8, Learning rate:0.00200000
Epoch: 2, Loss: 20.4595, Rmse_valid: 20.8861, valid_score: 116859.7, , rmse_test: 17.7581, score_test: 2495.5, Learning rate:0.00200000
Epoch: 3, Loss: 18.4892, Rmse_valid: 18.3379, valid_score: 59400.7, , rmse_test: 15.9447, score_test: 1274.8, Learning rate:0.00200000
Epoch: 4, Loss: 17.3300, Rmse_valid: 17.9935, valid_score: 57577.2, , rmse_test: 14.6633, score_test: 1188.6, Learning rate:0.00200000
Epoch: 5, Loss: 16.6396, Rmse_valid: 17.1437, valid_score: 44389.7, , rmse_test: 14.6427, score_test: 1061.1, Learning rate:0.00200000
Epoch: 6, Loss: 16.1222, Rmse_valid: 16.4369, valid_score: 38146.7, , rmse_test: 14.0881, score_test: 1069.5, Learning rate:0.00200000
Epoch: 7, Loss: 15.7473, Rmse_valid: 20.1718, valid_score: 68702.7, , rmse_test: 18.3502, score_test: 2454.0, Learning rate:0.00200000
Epoch: 8, Loss: 15.4760, Rmse_valid: 17.7759, valid_score: 42362.7, , rmse_test: 15.0540, score_test: 1042.7, Learning rate:0.00200000
Epoch: 9, Loss: 15.1710, Rmse_valid: 17.4157, valid_score: 40863.3, , rmse_test: 14.1734, score_test: 956.2, Learning rate:0.00200000
Epoch: 10, Loss: 14.9615, Rmse_valid: 19.1611, valid_score: 32751.5, , rmse_test: 16.1437, score_test: 1059.3, Learning rate:0.00200000
Epoch: 11, Loss: 13.0761, Rmse_valid: 16.6274, valid_score: 52772.1, , rmse_test: 13.6831, score_test: 956.6, Learning rate:0.00020000
Epoch: 12, Loss: 12.9198, Rmse_valid: 16.5965, valid_score: 53102.9, , rmse_test: 13.8361, score_test: 1053.2, Learning rate:0.00020000
Epoch: 13, Loss: 12.8571, Rmse_valid: 16.4367, valid_score: 48436.6, , rmse_test: 13.9393, score_test: 1019.4, Learning rate:0.00020000
Epoch: 14, Loss: 12.7955, Rmse_valid: 16.3204, valid_score: 45146.1, , rmse_test: 13.7688, score_test: 1093.3, Learning rate:0.00020000
Epoch: 15, Loss: 12.7257, Rmse_valid: 16.4474, valid_score: 45018.7, , rmse_test: 13.7606, score_test: 1040.0, Learning rate:0.00020000
Epoch: 16, Loss: 12.6800, Rmse_valid: 16.6800, valid_score: 50322.2, , rmse_test: 14.0227, score_test: 1084.7, Learning rate:0.00020000
Epoch: 17, Loss: 12.6434, Rmse_valid: 16.5238, valid_score: 45337.6, , rmse_test: 13.9264, score_test: 1048.2, Learning rate:0.00020000
Epoch: 18, Loss: 12.6043, Rmse_valid: 16.4600, valid_score: 46083.9, , rmse_test: 13.8329, score_test: 1053.8, Learning rate:0.00020000
Epoch: 19, Loss: 12.5524, Rmse_valid: 16.8370, valid_score: 46046.2, , rmse_test: 14.3046, score_test: 1175.6, Learning rate:0.00020000
Epoch: 20, Loss: 12.5102, Rmse_valid: 16.1725, valid_score: 44195.8, , rmse_test: 13.6370, score_test: 1055.1, Learning rate:0.00020000
Epoch: 21, Loss: 12.3867, Rmse_valid: 16.3305, valid_score: 47331.8, , rmse_test: 13.8862, score_test: 1149.1, Learning rate:0.00002000
Epoch: 22, Loss: 12.3718, Rmse_valid: 16.3974, valid_score: 48003.9, , rmse_test: 13.8422, score_test: 1112.5, Learning rate:0.00002000
Epoch: 23, Loss: 12.3648, Rmse_valid: 16.2483, valid_score: 47485.4, , rmse_test: 13.8535, score_test: 1131.7, Learning rate:0.00002000
Epoch: 24, Loss: 12.3586, Rmse_valid: 16.3971, valid_score: 47333.6, , rmse_test: 13.8820, score_test: 1126.9, Learning rate:0.00002000
Epoch: 25, Loss: 12.3527, Rmse_valid: 16.3182, valid_score: 47175.8, , rmse_test: 13.8749, score_test: 1140.8, Learning rate:0.00002000
Epoch: 26, Loss: 12.3462, Rmse_valid: 16.3512, valid_score: 46696.2, , rmse_test: 13.9223, score_test: 1122.9, Learning rate:0.00002000
Epoch: 27, Loss: 12.3419, Rmse_valid: 16.5229, valid_score: 45257.8, , rmse_test: 13.9095, score_test: 1109.4, Learning rate:0.00002000
Epoch: 28, Loss: 12.3383, Rmse_valid: 16.3796, valid_score: 48117.4, , rmse_test: 13.8872, score_test: 1145.5, Learning rate:0.00002000
Epoch: 29, Loss: 12.3345, Rmse_valid: 16.4448, valid_score: 46616.6, , rmse_test: 13.9188, score_test: 1137.8, Learning rate:0.00002000
Epoch: 30, Loss: 12.3293, Rmse_valid: 16.4287, valid_score: 45667.6, , rmse_test: 13.8755, score_test: 1119.0, Learning rate:0.00002000
[Train Summary] Restored best model from epoch 20, rmse_valid: 16.1725, valid_score: 44195.8, rmse_test: 13.6370, score_test: 1055.1
[Train Time] start: 2026-04-17 15:03:27, end: 2026-04-17 15:08:27, duration: 0:05:00, total_seconds: 299.80
[Auto Test] command: /usr/bin/python /CMAPSS-release/scipt/test_model.py --sub-dataset FD002 --smooth-rate 40 --sequence-len 30 --feature-num 14 --dataset-root /CMAPSS-release/CMAPSSData/ --max-rul 125 --batch-size 128 --model-path /CMAPSS-release/trials/model_FD002_0417_150327.pkl
model_path:/CMAPSS-release/trials/model_FD002_0417_150327.pkl
rmse_final:13.608282089233398, score:1022.82080078125
