-----FD004-----
关键参数:
序列长度: 30
批大小(batch_size): 128
最大训练轮数(max_epochs): 30
随机数种子: 27
模型代号(model_code): FD004_GAT1L
学习率: 0.002
学习率调度器: step
Step步长(step_size): 10
Step衰减系数(gamma): 0.1
空间GAT: 开启
时间注意力: 关闭
Decoder融合方式: concat
图构建模式(graph_mode): dynamic_knn
GAT层数(num_layers): 1
GAT邻居数(topk): 5
GAT嵌入维度: 16
GAT隐藏层维度: 16
------------------------------
Epoch: 1, Loss: 27.2271, Rmse_valid: 22.9466, valid_score: 118885.4, , rmse_test: 26.8407, score_test: 19957.2, Learning rate:0.00200000
Epoch: 2, Loss: 23.0282, Rmse_valid: 20.9087, valid_score: 87781.1, , rmse_test: 23.8254, score_test: 7442.3, Learning rate:0.00200000
Epoch: 3, Loss: 21.4120, Rmse_valid: 20.1489, valid_score: 57776.7, , rmse_test: 22.2667, score_test: 3320.0, Learning rate:0.00200000
