-----FD004-----
关键参数:
序列长度: 30
批大小(batch_size): 128
最大训练轮数(max_epochs): 30
随机数种子: 27
模型代号(model_code): FD004_F
学习率: 0.002
学习率调度器: step
Step步长(step_size): 10
Step衰减系数(gamma): 0.1
空间GAT: 关闭
时间注意力: 关闭
Decoder融合方式: concat
------------------------------
Epoch: 1, Loss: 26.1343, Rmse_valid: 22.4034, valid_score: 104269.0, , rmse_test: 26.2122, score_test: 13645.6, Learning rate:0.00200000
Epoch: 2, Loss: 22.5233, Rmse_valid: 21.5860, valid_score: 67323.3, , rmse_test: 22.4415, score_test: 4641.8, Learning rate:0.00200000
Epoch: 3, Loss: 20.8187, Rmse_valid: 21.0548, valid_score: 81858.7, , rmse_test: 20.3053, score_test: 3316.1, Learning rate:0.00200000
Epoch: 4, Loss: 19.5175, Rmse_valid: 18.8917, valid_score: 68197.5, , rmse_test: 19.9870, score_test: 3700.3, Learning rate:0.00200000
Epoch: 5, Loss: 18.7107, Rmse_valid: 18.5441, valid_score: 65334.9, , rmse_test: 19.4535, score_test: 3090.4, Learning rate:0.00200000
Epoch: 6, Loss: 18.1820, Rmse_valid: 17.7074, valid_score: 40372.5, , rmse_test: 18.9961, score_test: 2414.1, Learning rate:0.00200000
Epoch: 7, Loss: 17.7766, Rmse_valid: 17.4374, valid_score: 50927.8, , rmse_test: 18.1032, score_test: 2002.8, Learning rate:0.00200000
Epoch: 8, Loss: 17.4928, Rmse_valid: 18.1745, valid_score: 48450.9, , rmse_test: 19.9322, score_test: 2764.8, Learning rate:0.00200000
Epoch: 9, Loss: 17.2225, Rmse_valid: 18.4453, valid_score: 41943.3, , rmse_test: 19.7165, score_test: 1972.9, Learning rate:0.00200000
Epoch: 10, Loss: 17.0359, Rmse_valid: 17.2816, valid_score: 47227.5, , rmse_test: 17.9732, score_test: 1620.2, Learning rate:0.00200000
Epoch: 11, Loss: 15.7498, Rmse_valid: 16.6869, valid_score: 51781.3, , rmse_test: 17.7113, score_test: 1783.6, Learning rate:0.00020000
Epoch: 12, Loss: 15.5945, Rmse_valid: 16.9644, valid_score: 57542.8, , rmse_test: 17.4605, score_test: 1863.2, Learning rate:0.00020000
Epoch: 13, Loss: 15.5171, Rmse_valid: 17.0596, valid_score: 57269.6, , rmse_test: 17.8159, score_test: 1860.1, Learning rate:0.00020000
Epoch: 14, Loss: 15.4677, Rmse_valid: 16.8122, valid_score: 55499.4, , rmse_test: 17.4736, score_test: 1759.0, Learning rate:0.00020000
Epoch: 15, Loss: 15.4089, Rmse_valid: 16.9071, valid_score: 59631.3, , rmse_test: 17.5803, score_test: 1880.9, Learning rate:0.00020000
Epoch: 16, Loss: 15.3683, Rmse_valid: 16.8361, valid_score: 56404.6, , rmse_test: 17.5774, score_test: 1762.1, Learning rate:0.00020000
Epoch: 17, Loss: 15.3259, Rmse_valid: 16.9274, valid_score: 68249.6, , rmse_test: 17.5830, score_test: 2001.6, Learning rate:0.00020000
Epoch: 18, Loss: 15.2947, Rmse_valid: 16.9414, valid_score: 60861.2, , rmse_test: 17.4206, score_test: 1803.9, Learning rate:0.00020000
Epoch: 19, Loss: 15.2517, Rmse_valid: 17.0564, valid_score: 65172.1, , rmse_test: 17.6429, score_test: 2012.6, Learning rate:0.00020000
Epoch: 20, Loss: 15.2332, Rmse_valid: 16.8986, valid_score: 64911.7, , rmse_test: 17.6136, score_test: 1968.7, Learning rate:0.00020000
Epoch: 21, Loss: 15.1154, Rmse_valid: 16.9031, valid_score: 64829.3, , rmse_test: 17.5468, score_test: 1915.0, Learning rate:0.00002000
Epoch: 22, Loss: 15.1043, Rmse_valid: 16.9683, valid_score: 67602.9, , rmse_test: 17.5775, score_test: 1944.3, Learning rate:0.00002000
Epoch: 23, Loss: 15.1014, Rmse_valid: 17.0293, valid_score: 65086.1, , rmse_test: 17.5267, score_test: 1862.2, Learning rate:0.00002000
Epoch: 24, Loss: 15.0936, Rmse_valid: 16.9820, valid_score: 67076.9, , rmse_test: 17.5170, score_test: 1915.6, Learning rate:0.00002000
Epoch: 25, Loss: 15.0926, Rmse_valid: 17.1573, valid_score: 64633.4, , rmse_test: 17.5342, score_test: 1881.4, Learning rate:0.00002000
Epoch: 26, Loss: 15.0866, Rmse_valid: 17.0644, valid_score: 67795.3, , rmse_test: 17.5369, score_test: 1919.3, Learning rate:0.00002000
Epoch: 27, Loss: 15.0860, Rmse_valid: 16.9868, valid_score: 67664.1, , rmse_test: 17.6440, score_test: 1961.9, Learning rate:0.00002000
Epoch: 28, Loss: 15.0804, Rmse_valid: 17.0407, valid_score: 66140.2, , rmse_test: 17.5826, score_test: 1945.0, Learning rate:0.00002000
Epoch: 29, Loss: 15.0779, Rmse_valid: 17.2781, valid_score: 66592.1, , rmse_test: 17.5892, score_test: 1916.5, Learning rate:0.00002000
Epoch: 30, Loss: 15.0723, Rmse_valid: 17.1028, valid_score: 65839.1, , rmse_test: 17.5075, score_test: 1861.5, Learning rate:0.00002000
[Train Summary] Restored best model from epoch 11, rmse_valid: 16.6869, valid_score: 51781.3, rmse_test: 17.7113, score_test: 1783.6
[Train Time] start: 2026-04-18 09:56:08, end: 2026-04-18 10:01:18, duration: 0:05:11, total_seconds: 310.63
[Auto Test] command: /usr/bin/python /CMAPSS-release/scipt/test_model.py --sub-dataset FD004 --smooth-rate 40 --sequence-len 30 --feature-num 14 --dataset-root /CMAPSS-release/CMAPSSData/ --max-rul 125 --batch-size 128 --model-path /CMAPSS-release/trials/model_FD004_0418_095608.pkl
model_path:/CMAPSS-release/trials/model_FD004_0418_095608.pkl
rmse_final:17.660781860351562, score:1727.304931640625
