-----FD004-----
关键参数:
序列长度: 30
批大小(batch_size): 128
最大训练轮数(max_epochs): 30
随机数种子: 33
模型代号(model_code): FD004_GAT_embed_dim16_topk3
学习率: 0.002
学习率调度器: step
Step步长(step_size): 10
Step衰减系数(gamma): 0.1
空间GAT: 开启
时间注意力: 关闭
Decoder融合方式: concat
图构建模式(graph_mode): dynamic_knn
GAT层数(num_layers): 2
GAT邻居数(topk): 3
GAT嵌入维度: 16
GAT隐藏层维度: 16
------------------------------
Epoch: 1, Loss: 25.7049, Rmse_valid: 22.5714, valid_score: 103051.8, , rmse_test: 25.8613, score_test: 13388.8, Learning rate:0.00200000
Epoch: 2, Loss: 21.4887, Rmse_valid: 20.2214, valid_score: 70208.6, , rmse_test: 22.0454, score_test: 4384.0, Learning rate:0.00200000
Epoch: 3, Loss: 19.7613, Rmse_valid: 19.4391, valid_score: 65345.8, , rmse_test: 21.0897, score_test: 5232.6, Learning rate:0.00200000
Epoch: 4, Loss: 18.9645, Rmse_valid: 18.7616, valid_score: 54619.9, , rmse_test: 20.4376, score_test: 3719.4, Learning rate:0.00200000
Epoch: 5, Loss: 18.2879, Rmse_valid: 18.6784, valid_score: 43440.7, , rmse_test: 19.7112, score_test: 2734.5, Learning rate:0.00200000
Epoch: 6, Loss: 17.7191, Rmse_valid: 20.1442, valid_score: 116727.2, , rmse_test: 20.0577, score_test: 3681.1, Learning rate:0.00200000
Epoch: 7, Loss: 17.2157, Rmse_valid: 19.7371, valid_score: 101167.8, , rmse_test: 19.5446, score_test: 3242.4, Learning rate:0.00200000
Epoch: 8, Loss: 16.8005, Rmse_valid: 17.9506, valid_score: 61931.1, , rmse_test: 19.4046, score_test: 3370.3, Learning rate:0.00200000
Epoch: 9, Loss: 16.3970, Rmse_valid: 17.9409, valid_score: 60235.6, , rmse_test: 19.6438, score_test: 4190.7, Learning rate:0.00200000
Epoch: 10, Loss: 15.9957, Rmse_valid: 19.3436, valid_score: 65611.0, , rmse_test: 19.3073, score_test: 4286.8, Learning rate:0.00200000
Epoch: 11, Loss: 14.2207, Rmse_valid: 17.6639, valid_score: 67165.1, , rmse_test: 18.5656, score_test: 3327.6, Learning rate:0.00020000
Epoch: 12, Loss: 14.0027, Rmse_valid: 18.1153, valid_score: 85642.2, , rmse_test: 18.7517, score_test: 3213.8, Learning rate:0.00020000
Epoch: 13, Loss: 13.9134, Rmse_valid: 17.8624, valid_score: 72333.4, , rmse_test: 18.7244, score_test: 3462.3, Learning rate:0.00020000
Epoch: 14, Loss: 13.8243, Rmse_valid: 18.4215, valid_score: 86171.2, , rmse_test: 18.5360, score_test: 3371.8, Learning rate:0.00020000
Epoch: 15, Loss: 13.7712, Rmse_valid: 18.3029, valid_score: 79692.5, , rmse_test: 18.6160, score_test: 3476.7, Learning rate:0.00020000
Epoch: 16, Loss: 13.7102, Rmse_valid: 18.1071, valid_score: 78571.2, , rmse_test: 18.6233, score_test: 3079.0, Learning rate:0.00020000
Epoch: 17, Loss: 13.6580, Rmse_valid: 18.2838, valid_score: 86459.3, , rmse_test: 18.5881, score_test: 3192.9, Learning rate:0.00020000
Epoch: 18, Loss: 13.6136, Rmse_valid: 18.0632, valid_score: 87780.2, , rmse_test: 18.6121, score_test: 2577.3, Learning rate:0.00020000
Epoch: 19, Loss: 13.5551, Rmse_valid: 18.2572, valid_score: 100669.2, , rmse_test: 18.5801, score_test: 2877.1, Learning rate:0.00020000
Epoch: 20, Loss: 13.5002, Rmse_valid: 18.2469, valid_score: 100878.7, , rmse_test: 18.8727, score_test: 3763.1, Learning rate:0.00020000
Epoch: 21, Loss: 13.3638, Rmse_valid: 18.0165, valid_score: 94593.3, , rmse_test: 18.6418, score_test: 3075.5, Learning rate:0.00002000
Epoch: 22, Loss: 13.3469, Rmse_valid: 18.1545, valid_score: 96232.9, , rmse_test: 18.5530, score_test: 2929.8, Learning rate:0.00002000
Epoch: 23, Loss: 13.3398, Rmse_valid: 18.2774, valid_score: 98126.5, , rmse_test: 18.6317, score_test: 3292.9, Learning rate:0.00002000
Epoch: 24, Loss: 13.3311, Rmse_valid: 18.1200, valid_score: 94339.1, , rmse_test: 18.6443, score_test: 3227.9, Learning rate:0.00002000
Epoch: 25, Loss: 13.3262, Rmse_valid: 18.0975, valid_score: 96059.3, , rmse_test: 18.6037, score_test: 3098.5, Learning rate:0.00002000
Epoch: 26, Loss: 13.3212, Rmse_valid: 18.2061, valid_score: 96705.6, , rmse_test: 18.6497, score_test: 3259.6, Learning rate:0.00002000
Epoch: 27, Loss: 13.3152, Rmse_valid: 18.1714, valid_score: 98889.5, , rmse_test: 18.6198, score_test: 3180.3, Learning rate:0.00002000
Epoch: 28, Loss: 13.3112, Rmse_valid: 18.2819, valid_score: 99999.0, , rmse_test: 18.6276, score_test: 3278.3, Learning rate:0.00002000
Epoch: 29, Loss: 13.3026, Rmse_valid: 18.2557, valid_score: 99337.1, , rmse_test: 18.5871, score_test: 3110.7, Learning rate:0.00002000
Epoch: 30, Loss: 13.2980, Rmse_valid: 18.2624, valid_score: 97906.6, , rmse_test: 18.6761, score_test: 3386.3, Learning rate:0.00002000
[Train Summary] Restored best model from epoch 11, rmse_valid: 17.6639, valid_score: 67165.1, rmse_test: 18.5656, score_test: 3327.6
[Train Time] start: 2026-04-17 02:52:27, end: 2026-04-17 02:59:59, duration: 0:07:32, total_seconds: 451.66
[Auto Test] command: /usr/bin/python /CMAPSS-release/scipt/test_model.py --sub-dataset FD004 --smooth-rate 40 --sequence-len 30 --feature-num 14 --dataset-root /CMAPSS-release/CMAPSSData/ --max-rul 125 --batch-size 128 --model-path /CMAPSS-release/trials/model_FD004_0417_025227.pkl
model_path:/CMAPSS-release/trials/model_FD004_0417_025227.pkl
rmse_final:18.509368896484375, score:3210.458984375
