-----FD002-----
关键参数:
序列长度: 30
批大小(batch_size): 128
最大训练轮数(max_epochs): 30
随机数种子: 33
模型代号(model_code): FD002_D
学习率: 0.002
学习率调度器: step
Step步长(step_size): 10
Step衰减系数(gamma): 0.1
空间GAT: 开启
时间注意力: 关闭
Decoder融合方式: gate
图构建模式(graph_mode): static_full
GAT层数(num_layers): 2
GAT邻居数(topk): 7
GAT嵌入维度: 8
GAT隐藏层维度: 16
------------------------------
Epoch: 1, Loss: 25.0701, Rmse_valid: 22.8005, valid_score: 144252.3, , rmse_test: 20.1661, score_test: 4242.8, Learning rate:0.00200000
Epoch: 2, Loss: 19.4319, Rmse_valid: 19.0732, valid_score: 49671.2, , rmse_test: 17.2687, score_test: 1611.4, Learning rate:0.00200000
Epoch: 3, Loss: 17.8164, Rmse_valid: 19.5494, valid_score: 78618.8, , rmse_test: 16.4371, score_test: 2029.6, Learning rate:0.00200000
Epoch: 4, Loss: 17.0153, Rmse_valid: 17.6729, valid_score: 60708.4, , rmse_test: 14.7175, score_test: 1406.7, Learning rate:0.00200000
Epoch: 5, Loss: 16.5553, Rmse_valid: 17.8595, valid_score: 38292.8, , rmse_test: 14.5069, score_test: 855.6, Learning rate:0.00200000
Epoch: 6, Loss: 16.0257, Rmse_valid: 18.4821, valid_score: 64178.2, , rmse_test: 17.7684, score_test: 2356.8, Learning rate:0.00200000
Epoch: 7, Loss: 15.6973, Rmse_valid: 18.1562, valid_score: 60646.3, , rmse_test: 14.9345, score_test: 1430.1, Learning rate:0.00200000
Epoch: 8, Loss: 15.4185, Rmse_valid: 17.1614, valid_score: 44559.6, , rmse_test: 14.0728, score_test: 1013.0, Learning rate:0.00200000
Epoch: 9, Loss: 15.1620, Rmse_valid: 17.7008, valid_score: 34209.0, , rmse_test: 14.7192, score_test: 936.0, Learning rate:0.00200000
Epoch: 10, Loss: 15.1592, Rmse_valid: 16.5855, valid_score: 34704.1, , rmse_test: 13.8722, score_test: 981.8, Learning rate:0.00200000
Epoch: 11, Loss: 13.1624, Rmse_valid: 16.6995, valid_score: 47174.4, , rmse_test: 13.8787, score_test: 1162.7, Learning rate:0.00020000
Epoch: 12, Loss: 12.9908, Rmse_valid: 16.5800, valid_score: 43157.2, , rmse_test: 13.5365, score_test: 1015.5, Learning rate:0.00020000
Epoch: 13, Loss: 12.9046, Rmse_valid: 16.5637, valid_score: 41120.8, , rmse_test: 13.8309, score_test: 1079.4, Learning rate:0.00020000
Epoch: 14, Loss: 12.8225, Rmse_valid: 16.2381, valid_score: 38209.3, , rmse_test: 13.7581, score_test: 1017.6, Learning rate:0.00020000
Epoch: 15, Loss: 12.7772, Rmse_valid: 16.6753, valid_score: 39940.7, , rmse_test: 13.5492, score_test: 959.9, Learning rate:0.00020000
Epoch: 16, Loss: 12.7087, Rmse_valid: 16.5387, valid_score: 40225.0, , rmse_test: 13.9397, score_test: 1103.1, Learning rate:0.00020000
Epoch: 17, Loss: 12.6650, Rmse_valid: 16.4872, valid_score: 40733.0, , rmse_test: 13.6039, score_test: 995.3, Learning rate:0.00020000
Epoch: 18, Loss: 12.6144, Rmse_valid: 16.4221, valid_score: 36027.0, , rmse_test: 13.5298, score_test: 976.2, Learning rate:0.00020000
Epoch: 19, Loss: 12.5644, Rmse_valid: 16.4306, valid_score: 34532.8, , rmse_test: 13.4846, score_test: 1009.2, Learning rate:0.00020000
Epoch: 20, Loss: 12.5154, Rmse_valid: 16.7245, valid_score: 42238.7, , rmse_test: 13.6449, score_test: 988.5, Learning rate:0.00020000
Epoch: 21, Loss: 12.3829, Rmse_valid: 16.5194, valid_score: 38765.0, , rmse_test: 13.5784, score_test: 1024.9, Learning rate:0.00002000
Epoch: 22, Loss: 12.3697, Rmse_valid: 16.2938, valid_score: 38169.9, , rmse_test: 13.6320, score_test: 1033.6, Learning rate:0.00002000
Epoch: 23, Loss: 12.3647, Rmse_valid: 16.3841, valid_score: 38844.0, , rmse_test: 13.5650, score_test: 1022.1, Learning rate:0.00002000
Epoch: 24, Loss: 12.3565, Rmse_valid: 16.5834, valid_score: 38116.1, , rmse_test: 13.7077, score_test: 1039.0, Learning rate:0.00002000
Epoch: 25, Loss: 12.3503, Rmse_valid: 16.4911, valid_score: 38348.9, , rmse_test: 13.6598, score_test: 1023.3, Learning rate:0.00002000
Epoch: 26, Loss: 12.3466, Rmse_valid: 16.2855, valid_score: 38154.4, , rmse_test: 13.5856, score_test: 1027.7, Learning rate:0.00002000
Epoch: 27, Loss: 12.3415, Rmse_valid: 16.4033, valid_score: 39130.7, , rmse_test: 13.6132, score_test: 1044.1, Learning rate:0.00002000
Epoch: 28, Loss: 12.3351, Rmse_valid: 16.3713, valid_score: 37262.2, , rmse_test: 13.5267, score_test: 996.4, Learning rate:0.00002000
Epoch: 29, Loss: 12.3317, Rmse_valid: 16.2862, valid_score: 39802.1, , rmse_test: 13.5969, score_test: 1039.2, Learning rate:0.00002000
Epoch: 30, Loss: 12.3251, Rmse_valid: 16.4605, valid_score: 38656.7, , rmse_test: 13.5476, score_test: 1023.0, Learning rate:0.00002000
[Train Summary] Restored best model from epoch 14, rmse_valid: 16.2381, valid_score: 38209.3, rmse_test: 13.7581, score_test: 1017.6
[Train Time] start: 2026-04-17 18:09:26, end: 2026-04-17 18:14:15, duration: 0:04:49, total_seconds: 289.01
[Auto Test] command: /usr/bin/python /CMAPSS-release/scipt/test_model.py --sub-dataset FD002 --smooth-rate 40 --sequence-len 30 --feature-num 14 --dataset-root /CMAPSS-release/CMAPSSData/ --max-rul 125 --batch-size 128 --model-path /CMAPSS-release/trials/model_FD002_0417_180926.pkl
model_path:/CMAPSS-release/trials/model_FD002_0417_180926.pkl
rmse_final:13.7581148147583, score:995.5978393554688
