第1轮, 训练损失: 41.8254, 验证集RMSE: 41.6076, 验证集S分数: 1063000.0, 测试集RMSE: 42.9533, 测试集S分数: 69663.7, 学习率: 0.00100000
第2轮, 训练损失: 39.7228, 验证集RMSE: 40.6566, 验证集S分数: 1716877.6, 测试集RMSE: 43.0573, 测试集S分数: 141499.0, 学习率: 0.00100000
第3轮, 训练损失: 38.7060, 验证集RMSE: 40.3199, 验证集S分数: 1079041.0, 测试集RMSE: 41.4737, 测试集S分数: 103152.2, 学习率: 0.00100000
第4轮, 训练损失: 38.1368, 验证集RMSE: 39.1437, 验证集S分数: 998554.2, 测试集RMSE: 41.3347, 测试集S分数: 98835.5, 学习率: 0.00100000
第5轮, 训练损失: 37.5814, 验证集RMSE: 37.6345, 验证集S分数: 1012039.8, 测试集RMSE: 40.1848, 测试集S分数: 71980.0, 学习率: 0.00100000
第6轮, 训练损失: 37.0662, 验证集RMSE: 37.6687, 验证集S分数: 896081.2, 测试集RMSE: 39.2629, 测试集S分数: 72975.9, 学习率: 0.00100000
第7轮, 训练损失: 36.7354, 验证集RMSE: 37.8666, 验证集S分数: 829708.4, 测试集RMSE: 39.0203, 测试集S分数: 72357.5, 学习率: 0.00100000
第8轮, 训练损失: 36.4730, 验证集RMSE: 37.6109, 验证集S分数: 741711.5, 测试集RMSE: 38.7350, 测试集S分数: 60186.8, 学习率: 0.00100000
第9轮, 训练损失: 36.1651, 验证集RMSE: 37.4710, 验证集S分数: 1670811.2, 测试集RMSE: 41.2747, 测试集S分数: 164328.1, 学习率: 0.00100000
第10轮, 训练损失: 35.9482, 验证集RMSE: 37.3087, 验证集S分数: 681329.4, 测试集RMSE: 38.0441, 测试集S分数: 53338.1, 学习率: 0.00100000
第11轮, 训练损失: 34.9740, 验证集RMSE: 36.6095, 验证集S分数: 1216119.6, 测试集RMSE: 39.5051, 测试集S分数: 121407.3, 学习率: 0.00010000
第12轮, 训练损失: 34.8981, 验证集RMSE: 36.7483, 验证集S分数: 1396720.0, 测试集RMSE: 39.7318, 测试集S分数: 138602.5, 学习率: 0.00010000
第13轮, 训练损失: 34.8600, 验证集RMSE: 36.6616, 验证集S分数: 1068187.9, 测试集RMSE: 39.0039, 测试集S分数: 109181.3, 学习率: 0.00010000
第14轮, 训练损失: 34.8203, 验证集RMSE: 36.1914, 验证集S分数: 1176983.6, 测试集RMSE: 39.1493, 测试集S分数: 117259.1, 学习率: 0.00010000
第15轮, 训练损失: 34.7700, 验证集RMSE: 36.3385, 验证集S分数: 1146162.6, 测试集RMSE: 38.8960, 测试集S分数: 111070.4, 学习率: 0.00010000
第16轮, 训练损失: 34.7404, 验证集RMSE: 36.2221, 验证集S分数: 1476511.8, 测试集RMSE: 39.6843, 测试集S分数: 146942.3, 学习率: 0.00010000
第17轮, 训练损失: 34.7559, 验证集RMSE: 36.3505, 验证集S分数: 1288091.0, 测试集RMSE: 39.1050, 测试集S分数: 127855.9, 学习率: 0.00010000
第18轮, 训练损失: 34.7196, 验证集RMSE: 36.4600, 验证集S分数: 1227180.6, 测试集RMSE: 39.1017, 测试集S分数: 127219.9, 学习率: 0.00010000
第19轮, 训练损失: 34.6980, 验证集RMSE: 36.5174, 验证集S分数: 1573335.2, 测试集RMSE: 39.8673, 测试集S分数: 166999.4, 学习率: 0.00010000
第20轮, 训练损失: 34.6621, 验证集RMSE: 37.0523, 验证集S分数: 1471918.1, 测试集RMSE: 39.6961, 测试集S分数: 160580.2, 学习率: 0.00010000
第21轮, 训练损失: 34.6003, 验证集RMSE: 36.7316, 验证集S分数: 1328046.2, 测试集RMSE: 39.1205, 测试集S分数: 132180.3, 学习率: 0.00001000
第22轮, 训练损失: 34.5623, 验证集RMSE: 36.3747, 验证集S分数: 1254644.6, 测试集RMSE: 38.9239, 测试集S分数: 123601.5, 学习率: 0.00001000
第23轮, 训练损失: 34.5488, 验证集RMSE: 36.3401, 验证集S分数: 1261795.0, 测试集RMSE: 38.9274, 测试集S分数: 124541.5, 学习率: 0.00001000
第24轮, 训练损失: 34.5832, 验证集RMSE: 36.4436, 验证集S分数: 1229663.8, 测试集RMSE: 38.8365, 测试集S分数: 120233.9, 学习率: 0.00001000
第25轮, 训练损失: 34.5489, 验证集RMSE: 36.1733, 验证集S分数: 1164554.8, 测试集RMSE: 38.7470, 测试集S分数: 115814.8, 学习率: 0.00001000
第26轮, 训练损失: 34.5589, 验证集RMSE: 36.1053, 验证集S分数: 1322002.1, 测试集RMSE: 39.0869, 测试集S分数: 133148.9, 学习率: 0.00001000
第27轮, 训练损失: 34.5405, 验证集RMSE: 36.1495, 验证集S分数: 1303054.9, 测试集RMSE: 39.0254, 测试集S分数: 130516.4, 学习率: 0.00001000
第28轮, 训练损失: 34.5371, 验证集RMSE: 36.3809, 验证集S分数: 1264579.8, 测试集RMSE: 38.8569, 测试集S分数: 123026.4, 学习率: 0.00001000
第29轮, 训练损失: 34.5411, 验证集RMSE: 36.3335, 验证集S分数: 1323850.6, 测试集RMSE: 39.0634, 测试集S分数: 133179.2, 学习率: 0.00001000
第30轮, 训练损失: 34.5638, 验证集RMSE: 36.1773, 验证集S分数: 1283474.0, 测试集RMSE: 38.9201, 测试集S分数: 126046.0, 学习率: 0.00001000
[训练总结] 已恢复第26轮的最佳模型, 验证集RMSE: 36.1053, 验证集S分数: 1322002.1, 测试集RMSE: 39.0869, 测试集S分数: 133148.9
[训练耗时] 开始: 2026-04-19 20:22:54, 结束: 2026-04-19 20:26:50, 时长: 0:03:56, 总秒数: 236.18
[自动测试] 已完成，结果已追加到日志。
模型路径:/CMAPSS-release/logs_GAT_LSTM/FD004_FD004_path_lrscan_step_0p001_20260419_202232/seed2/model_FD004_0419_202254_seed2.pkl
最终RMSE:38.959861755371094, 评分:125937.390625
