第1轮, 训练损失: 43.1416, 验证集RMSE: 42.1694, 验证集S分数: 917867.6, 测试集RMSE: 43.0994, 测试集S分数: 52576.2, 学习率: 0.00200000
第2轮, 训练损失: 41.7329, 验证集RMSE: 41.3421, 验证集S分数: 1837704.8, 测试集RMSE: 44.3244, 测试集S分数: 107751.3, 学习率: 0.00200000
第3轮, 训练损失: 41.6483, 验证集RMSE: 41.4363, 验证集S分数: 1520817.4, 测试集RMSE: 43.8789, 测试集S分数: 88935.8, 学习率: 0.00200000
第4轮, 训练损失: 41.5260, 验证集RMSE: 41.4564, 验证集S分数: 2257447.0, 测试集RMSE: 44.9264, 测试集S分数: 136986.8, 学习率: 0.00200000
第5轮, 训练损失: 41.4701, 验证集RMSE: 41.2639, 验证集S分数: 1656089.2, 测试集RMSE: 44.0684, 测试集S分数: 101011.0, 学习率: 0.00200000
第6轮, 训练损失: 41.3616, 验证集RMSE: 41.3924, 验证集S分数: 1873091.8, 测试集RMSE: 44.4107, 测试集S分数: 118238.3, 学习率: 0.00200000
第7轮, 训练损失: 41.2793, 验证集RMSE: 41.1419, 验证集S分数: 1770559.8, 测试集RMSE: 44.1768, 测试集S分数: 113296.2, 学习率: 0.00200000
第8轮, 训练损失: 41.3627, 验证集RMSE: 41.0422, 验证集S分数: 1237488.4, 测试集RMSE: 43.4456, 测试集S分数: 79008.4, 学习率: 0.00200000
第9轮, 训练损失: 41.1843, 验证集RMSE: 41.0345, 验证集S分数: 1726971.5, 测试集RMSE: 44.1584, 测试集S分数: 111776.2, 学习率: 0.00200000
第10轮, 训练损失: 41.1338, 验证集RMSE: 40.9671, 验证集S分数: 2013291.1, 测试集RMSE: 44.5378, 测试集S分数: 132828.1, 学习率: 0.00200000
第11轮, 训练损失: 40.9054, 验证集RMSE: 41.1300, 验证集S分数: 1727946.6, 测试集RMSE: 44.1040, 测试集S分数: 114765.6, 学习率: 0.00020000
第12轮, 训练损失: 40.8867, 验证集RMSE: 41.1621, 验证集S分数: 1791586.2, 测试集RMSE: 44.2174, 测试集S分数: 119337.8, 学习率: 0.00020000
第13轮, 训练损失: 40.8379, 验证集RMSE: 41.0455, 验证集S分数: 1693038.5, 测试集RMSE: 44.0237, 测试集S分数: 113466.7, 学习率: 0.00020000
第14轮, 训练损失: 40.8386, 验证集RMSE: 41.0453, 验证集S分数: 1794821.1, 测试集RMSE: 44.2436, 测试集S分数: 118699.9, 学习率: 0.00020000
第15轮, 训练损失: 40.8092, 验证集RMSE: 41.0992, 验证集S分数: 1968206.6, 测试集RMSE: 44.4671, 测试集S分数: 131592.5, 学习率: 0.00020000
第16轮, 训练损失: 40.7866, 验证集RMSE: 41.0636, 验证集S分数: 1970296.1, 测试集RMSE: 44.4496, 测试集S分数: 132180.0, 学习率: 0.00020000
第17轮, 训练损失: 40.7949, 验证集RMSE: 40.8006, 验证集S分数: 2032582.0, 测试集RMSE: 44.3955, 测试集S分数: 136426.6, 学习率: 0.00020000
第18轮, 训练损失: 40.7929, 验证集RMSE: 40.8991, 验证集S分数: 1931103.1, 测试集RMSE: 44.3618, 测试集S分数: 130521.3, 学习率: 0.00020000
第19轮, 训练损失: 40.7788, 验证集RMSE: 41.0187, 验证集S分数: 1872837.0, 测试集RMSE: 44.2660, 测试集S分数: 126863.2, 学习率: 0.00020000
第20轮, 训练损失: 40.7736, 验证集RMSE: 41.2734, 验证集S分数: 2107502.5, 测试集RMSE: 44.6660, 测试集S分数: 139828.5, 学习率: 0.00020000
第21轮, 训练损失: 40.7457, 验证集RMSE: 40.9286, 验证集S分数: 1920029.0, 测试集RMSE: 44.3666, 测试集S分数: 129320.1, 学习率: 0.00002000
第22轮, 训练损失: 40.7470, 验证集RMSE: 40.9378, 验证集S分数: 1951123.5, 测试集RMSE: 44.3905, 测试集S分数: 132261.5, 学习率: 0.00002000
第23轮, 训练损失: 40.7346, 验证集RMSE: 41.1760, 验证集S分数: 1991624.6, 测试集RMSE: 44.4654, 测试集S分数: 133987.0, 学习率: 0.00002000
第24轮, 训练损失: 40.7443, 验证集RMSE: 41.0180, 验证集S分数: 1882817.0, 测试集RMSE: 44.2947, 测试集S分数: 127324.1, 学习率: 0.00002000
第25轮, 训练损失: 40.7451, 验证集RMSE: 41.0345, 验证集S分数: 1980688.9, 测试集RMSE: 44.4397, 测试集S分数: 133738.5, 学习率: 0.00002000
第26轮, 训练损失: 40.7285, 验证集RMSE: 41.0198, 验证集S分数: 1990209.6, 测试集RMSE: 44.4602, 测试集S分数: 133756.6, 学习率: 0.00002000
第27轮, 训练损失: 40.7393, 验证集RMSE: 40.9067, 验证集S分数: 1944884.8, 测试集RMSE: 44.3936, 测试集S分数: 130746.3, 学习率: 0.00002000
第28轮, 训练损失: 40.7321, 验证集RMSE: 40.9377, 验证集S分数: 1945969.8, 测试集RMSE: 44.3852, 测试集S分数: 131513.8, 学习率: 0.00002000
第29轮, 训练损失: 40.7305, 验证集RMSE: 41.2861, 验证集S分数: 1995929.1, 测试集RMSE: 44.4607, 测试集S分数: 134510.4, 学习率: 0.00002000
第30轮, 训练损失: 40.7334, 验证集RMSE: 41.0170, 验证集S分数: 1948248.1, 测试集RMSE: 44.3801, 测试集S分数: 131990.6, 学习率: 0.00002000
[训练总结] 已恢复第17轮的最佳模型, 验证集RMSE: 40.8006, 验证集S分数: 2032582.0, 测试集RMSE: 44.3955, 测试集S分数: 136426.6
[训练耗时] 开始: 2026-04-19 18:03:54, 结束: 2026-04-19 18:11:05, 时长: 0:07:11, 总秒数: 431.48
[自动测试] 已完成，结果已追加到日志。
模型路径:/CMAPSS-release/logs_GAT_LSTM/FD004_FD004_dim128_lr002_20260419_174912/seed2/model_FD004_0419_180354_seed2.pkl
最终RMSE:44.279991149902344, 评分:130198.4375
