-----FD001-----
关键参数:
序列长度: 30
批大小(batch_size): 128
最大训练轮数(max_epochs): 30
随机数种子: 80
模型代号(model_code): A_g_dropout0.3
模型结构(model_structure): encoderdecoder
消融预设(ablation_preset): A - KNN graph + GAT-LSTM with encoder and decoder (AOF off)
学习率: 0.002
学习率调度器: step
Step步长(step_size): 10
Step衰减系数(gamma): 0.1
空间GAT: 开启
是否使用解码器LSTM: 是
是否使用AOF: 否
Decoder注意力隐层维度: 28
图构建模式(graph_mode): dynamic_knn
GAT层数(num_layers): 2
GAT邻居数(topk): 7
GAT嵌入维度: 8
GAT隐藏层维度: 8
------------------------------
Epoch: 1, Loss: 24.8092, Rmse_valid: 21.4176, valid_score: 14790.3, , rmse_test: 21.8569, score_test: 8180.1, Learning rate:0.00200000
Epoch: 2, Loss: 20.6705, Rmse_valid: 21.1962, valid_score: 12316.0, , rmse_test: 21.6826, score_test: 5115.4, Learning rate:0.00200000
Epoch: 3, Loss: 18.7752, Rmse_valid: 17.1353, valid_score: 6555.9, , rmse_test: 18.0044, score_test: 694.0, Learning rate:0.00200000
Epoch: 4, Loss: 15.4793, Rmse_valid: 18.7273, valid_score: 23947.9, , rmse_test: 23.3620, score_test: 2501.4, Learning rate:0.00200000
Epoch: 5, Loss: 13.4796, Rmse_valid: 13.1121, valid_score: 4144.7, , rmse_test: 13.9441, score_test: 264.1, Learning rate:0.00200000
Epoch: 6, Loss: 12.4242, Rmse_valid: 12.6311, valid_score: 7076.1, , rmse_test: 15.3710, score_test: 528.7, Learning rate:0.00200000
Epoch: 7, Loss: 12.0673, Rmse_valid: 10.9082, valid_score: 4931.2, , rmse_test: 14.1051, score_test: 395.9, Learning rate:0.00200000
Epoch: 8, Loss: 11.6975, Rmse_valid: 11.2308, valid_score: 4770.9, , rmse_test: 14.4404, score_test: 375.2, Learning rate:0.00200000
Epoch: 9, Loss: 11.5986, Rmse_valid: 11.8323, valid_score: 3287.7, , rmse_test: 14.2466, score_test: 263.9, Learning rate:0.00200000
Epoch: 10, Loss: 11.4130, Rmse_valid: 11.1151, valid_score: 5233.3, , rmse_test: 14.4711, score_test: 416.9, Learning rate:0.00200000
Epoch: 11, Loss: 10.3510, Rmse_valid: 10.3378, valid_score: 3676.3, , rmse_test: 13.3242, score_test: 325.0, Learning rate:0.00020000
Epoch: 12, Loss: 10.2458, Rmse_valid: 10.2330, valid_score: 3637.1, , rmse_test: 13.2365, score_test: 298.7, Learning rate:0.00020000
Epoch: 13, Loss: 10.1868, Rmse_valid: 10.4366, valid_score: 3844.7, , rmse_test: 13.3635, score_test: 331.7, Learning rate:0.00020000
Epoch: 14, Loss: 10.1313, Rmse_valid: 10.1622, valid_score: 3544.4, , rmse_test: 13.1266, score_test: 275.6, Learning rate:0.00020000
Epoch: 15, Loss: 10.0985, Rmse_valid: 10.6880, valid_score: 3769.7, , rmse_test: 13.2010, score_test: 300.3, Learning rate:0.00020000
Epoch: 16, Loss: 10.0436, Rmse_valid: 10.0985, valid_score: 3952.2, , rmse_test: 13.3166, score_test: 330.3, Learning rate:0.00020000
Epoch: 17, Loss: 10.0216, Rmse_valid: 10.1595, valid_score: 4278.3, , rmse_test: 13.4942, score_test: 337.7, Learning rate:0.00020000
Epoch: 18, Loss: 9.9909, Rmse_valid: 10.7493, valid_score: 4573.8, , rmse_test: 13.6021, score_test: 375.1, Learning rate:0.00020000
Epoch: 19, Loss: 9.9620, Rmse_valid: 10.6179, valid_score: 4041.7, , rmse_test: 13.2640, score_test: 309.3, Learning rate:0.00020000
Epoch: 20, Loss: 9.9384, Rmse_valid: 10.4130, valid_score: 3984.0, , rmse_test: 13.2267, score_test: 322.7, Learning rate:0.00020000
Epoch: 21, Loss: 9.8625, Rmse_valid: 10.5815, valid_score: 3906.8, , rmse_test: 13.2147, score_test: 312.2, Learning rate:0.00002000
Epoch: 22, Loss: 9.8599, Rmse_valid: 10.4180, valid_score: 4004.4, , rmse_test: 13.3081, score_test: 325.7, Learning rate:0.00002000
Epoch: 23, Loss: 9.8434, Rmse_valid: 10.3143, valid_score: 3926.4, , rmse_test: 13.2526, score_test: 315.6, Learning rate:0.00002000
Epoch: 24, Loss: 9.8457, Rmse_valid: 10.0696, valid_score: 4005.4, , rmse_test: 13.3041, score_test: 327.2, Learning rate:0.00002000
Epoch: 25, Loss: 9.8394, Rmse_valid: 10.1946, valid_score: 3930.9, , rmse_test: 13.2529, score_test: 314.3, Learning rate:0.00002000
Epoch: 26, Loss: 9.8304, Rmse_valid: 10.2984, valid_score: 3975.8, , rmse_test: 13.2612, score_test: 315.9, Learning rate:0.00002000
Epoch: 27, Loss: 9.8403, Rmse_valid: 10.0683, valid_score: 4083.3, , rmse_test: 13.3309, score_test: 323.1, Learning rate:0.00002000
Epoch: 28, Loss: 9.8343, Rmse_valid: 10.5153, valid_score: 4067.1, , rmse_test: 13.2949, score_test: 316.6, Learning rate:0.00002000
Epoch: 29, Loss: 9.8249, Rmse_valid: 10.3801, valid_score: 3966.4, , rmse_test: 13.2565, score_test: 313.8, Learning rate:0.00002000
Epoch: 30, Loss: 9.8217, Rmse_valid: 10.0879, valid_score: 4011.8, , rmse_test: 13.2875, score_test: 322.9, Learning rate:0.00002000
[Train Summary] Restored best model from epoch 27, rmse_valid: 10.0683, valid_score: 4083.3, rmse_test: 13.3309, score_test: 323.1
[Train Time] start: 2026-04-24 18:08:43, end: 2026-04-24 18:15:53, duration: 0:07:10, total_seconds: 429.76
[Auto Test] command: /usr/bin/python /CMAPSS-release/scipt/test_model.py --sub-dataset FD001 --smooth-rate 30 --sequence-len 30 --feature-num 14 --dataset-root /CMAPSS-release/CMAPSSData/ --max-rul 125 --batch-size 128 --model-path /CMAPSS-release/logs/FD001_A_g_dropout0.3/seed80/model_FD001_0424_180843_seed80.pkl --no-cuda
model_path:/CMAPSS-release/logs/FD001_A_g_dropout0.3/seed80/model_FD001_0424_180843_seed80.pkl
rmse_final:13.232157707214355, score:313.45111083984375
