-----FD002-----
关键参数:
序列长度: 30
批大小(batch_size): 128
最大训练轮数(max_epochs): 30
随机数种子: 2
模型代号(model_code): mamba_ED3kgat
模型结构(model_structure): MambaED3KGATRegressor
学习率: 0.002
学习率调度器: step
Step步长(step_size): 10
Step衰减系数(gamma): 0.1
编码器: Mamba + LSTM + GAT
Mamba层数: 2
encoder_hidden_size: 8
mamba_d_state: 16
decoder_attention_size: 28
------------------------------
Epoch: 1, Loss: 33.4788, Rmse_valid: 25.4876, valid_score: 172694.3, , rmse_test: 24.9363, score_test: 13151.1, Learning rate:0.00200000
Epoch: 2, Loss: 25.9849, Rmse_valid: 24.5631, valid_score: 117638.4, , rmse_test: 23.3844, score_test: 5952.9, Learning rate:0.00200000
Epoch: 3, Loss: 23.8207, Rmse_valid: 25.8469, valid_score: 281617.3, , rmse_test: 23.1092, score_test: 15383.6, Learning rate:0.00200000
Epoch: 4, Loss: 22.1430, Rmse_valid: 23.0350, valid_score: 103802.4, , rmse_test: 21.0310, score_test: 4133.7, Learning rate:0.00200000
Epoch: 5, Loss: 20.7245, Rmse_valid: 21.7791, valid_score: 115939.0, , rmse_test: 19.2663, score_test: 3456.9, Learning rate:0.00200000
Epoch: 6, Loss: 19.7325, Rmse_valid: 22.1365, valid_score: 110583.7, , rmse_test: 18.6528, score_test: 2238.4, Learning rate:0.00200000
Epoch: 7, Loss: 18.8939, Rmse_valid: 20.9858, valid_score: 87885.3, , rmse_test: 18.3535, score_test: 2227.2, Learning rate:0.00200000
Epoch: 8, Loss: 18.2619, Rmse_valid: 21.6456, valid_score: 77935.1, , rmse_test: 19.7459, score_test: 3186.4, Learning rate:0.00200000
Epoch: 9, Loss: 17.7041, Rmse_valid: 21.0871, valid_score: 62766.3, , rmse_test: 18.7779, score_test: 1879.7, Learning rate:0.00200000
Epoch: 10, Loss: 17.1894, Rmse_valid: 20.4054, valid_score: 67756.6, , rmse_test: 18.4253, score_test: 2212.5, Learning rate:0.00200000
Epoch: 11, Loss: 15.5005, Rmse_valid: 20.2938, valid_score: 70002.5, , rmse_test: 17.4242, score_test: 2041.8, Learning rate:0.00020000
Epoch: 12, Loss: 15.2570, Rmse_valid: 20.2648, valid_score: 59667.8, , rmse_test: 17.5414, score_test: 1917.7, Learning rate:0.00020000
Epoch: 13, Loss: 15.1367, Rmse_valid: 20.1905, valid_score: 76565.7, , rmse_test: 17.6401, score_test: 2349.7, Learning rate:0.00020000
Epoch: 14, Loss: 15.0868, Rmse_valid: 20.0852, valid_score: 66155.4, , rmse_test: 17.3525, score_test: 2144.7, Learning rate:0.00020000
Epoch: 15, Loss: 14.9153, Rmse_valid: 19.7844, valid_score: 71145.8, , rmse_test: 17.6572, score_test: 2334.9, Learning rate:0.00020000
Epoch: 16, Loss: 14.8403, Rmse_valid: 20.0404, valid_score: 61597.6, , rmse_test: 17.4313, score_test: 1987.2, Learning rate:0.00020000
Epoch: 17, Loss: 14.7542, Rmse_valid: 19.7368, valid_score: 68149.1, , rmse_test: 17.4818, score_test: 2377.1, Learning rate:0.00020000
Epoch: 18, Loss: 14.7571, Rmse_valid: 19.7933, valid_score: 67097.4, , rmse_test: 17.6719, score_test: 2362.7, Learning rate:0.00020000
Epoch: 19, Loss: 14.6624, Rmse_valid: 19.7363, valid_score: 58665.6, , rmse_test: 17.3703, score_test: 2179.2, Learning rate:0.00020000
Epoch: 20, Loss: 14.5411, Rmse_valid: 19.6707, valid_score: 60982.2, , rmse_test: 17.3568, score_test: 2299.7, Learning rate:0.00020000
Epoch: 21, Loss: 14.4620, Rmse_valid: 19.6902, valid_score: 61093.7, , rmse_test: 17.3925, score_test: 2256.3, Learning rate:0.00002000
Epoch: 22, Loss: 14.4237, Rmse_valid: 19.5936, valid_score: 61604.7, , rmse_test: 17.3997, score_test: 2270.6, Learning rate:0.00002000
Epoch: 23, Loss: 14.3241, Rmse_valid: 19.6323, valid_score: 60891.3, , rmse_test: 17.4118, score_test: 2281.6, Learning rate:0.00002000
Epoch: 24, Loss: 14.3866, Rmse_valid: 19.6923, valid_score: 61630.0, , rmse_test: 17.4408, score_test: 2289.5, Learning rate:0.00002000
Epoch: 25, Loss: 14.3516, Rmse_valid: 19.6283, valid_score: 61815.9, , rmse_test: 17.4130, score_test: 2269.0, Learning rate:0.00002000
Epoch: 26, Loss: 14.3171, Rmse_valid: 19.7195, valid_score: 60142.0, , rmse_test: 17.4225, score_test: 2245.2, Learning rate:0.00002000
Epoch: 27, Loss: 14.3361, Rmse_valid: 19.5662, valid_score: 60503.2, , rmse_test: 17.4166, score_test: 2273.1, Learning rate:0.00002000
Epoch: 28, Loss: 14.3968, Rmse_valid: 19.7517, valid_score: 62830.5, , rmse_test: 17.3959, score_test: 2329.0, Learning rate:0.00002000
Epoch: 29, Loss: 14.4201, Rmse_valid: 19.4546, valid_score: 60119.7, , rmse_test: 17.4094, score_test: 2287.9, Learning rate:0.00002000
Epoch: 30, Loss: 14.3692, Rmse_valid: 19.6275, valid_score: 58461.4, , rmse_test: 17.4136, score_test: 2245.8, Learning rate:0.00002000
[Train Summary] Restored best model from epoch 29, rmse_valid: 19.4546, valid_score: 60119.7, rmse_test: 17.4094, score_test: 2287.9
[Train Time] start: 2026-07-02 12:51:14, end: 2026-07-02 13:01:01, duration: 0:09:47, total_seconds: 586.56
[Auto Test] command: /usr/local/miniconda3/envs/HV/bin/python /Mamba_Rul/scipt/test_model.py --sub-dataset FD002 --smooth-rate 40 --sequence-len 30 --feature-num 14 --dataset-root /Mamba_Rul/CMAPSSData/ --max-rul 125 --batch-size 128 --model-path /Mamba_Rul/logs/FD002_mamba_ED3kgat/seed2/model_FD002_0702_125114_seed2.pkl
model_path:/Mamba_Rul/logs/FD002_mamba_ED3kgat/seed2/best_model_FD002_0702_125114_seed2.pkl
rmse_final:18.43657684326172, score:4180.8896484375
