-----FD002-----
关键参数:
序列长度: 40
批大小(batch_size): 128
最大训练轮数(max_epochs): 30
随机数种子: 27
模型代号(model_code): GAT_EDmamba+40
模型结构(model_structure): mamba_mamba
学习率: 0.002
学习率调度器: step
Step步长(step_size): 10
Step衰减系数(gamma): 0.1
use_gat: True
gat_hidden_dim: 8
编码器: 2层Mamba
解码器: 2层Mamba
encoder_hidden_size: 16
mamba_num_layers: 2
mamba_d_state: 16
------------------------------
Epoch: 1, Loss: 28.0041, Rmse_valid: 22.6986, valid_score: 125676.8, , rmse_test: 22.1561, score_test: 6027.4, Learning rate:0.00200000
Epoch: 2, Loss: 21.2787, Rmse_valid: 23.7581, valid_score: 97673.8, , rmse_test: 20.4900, score_test: 3125.1, Learning rate:0.00200000
Epoch: 3, Loss: 18.9574, Rmse_valid: 19.3027, valid_score: 34839.6, , rmse_test: 16.8461, score_test: 1129.1, Learning rate:0.00200000
Epoch: 4, Loss: 17.4975, Rmse_valid: 18.4629, valid_score: 44066.1, , rmse_test: 15.2055, score_test: 1282.6, Learning rate:0.00200000
Epoch: 5, Loss: 16.5009, Rmse_valid: 17.8129, valid_score: 33457.4, , rmse_test: 15.8242, score_test: 1348.6, Learning rate:0.00200000
Epoch: 6, Loss: 15.7302, Rmse_valid: 25.6113, valid_score: 307221.9, , rmse_test: 23.9084, score_test: 26859.5, Learning rate:0.00200000
Epoch: 7, Loss: 15.3193, Rmse_valid: 16.8794, valid_score: 26404.3, , rmse_test: 15.3705, score_test: 1103.9, Learning rate:0.00200000
Epoch: 8, Loss: 14.5902, Rmse_valid: 19.5523, valid_score: 74925.5, , rmse_test: 16.4668, score_test: 1985.5, Learning rate:0.00200000
Epoch: 9, Loss: 14.4372, Rmse_valid: 17.3434, valid_score: 36022.0, , rmse_test: 14.2203, score_test: 1201.8, Learning rate:0.00200000
Epoch: 10, Loss: 13.8346, Rmse_valid: 17.9856, valid_score: 42961.5, , rmse_test: 15.1308, score_test: 1561.4, Learning rate:0.00200000
Epoch: 11, Loss: 11.4926, Rmse_valid: 16.8744, valid_score: 40341.7, , rmse_test: 13.6985, score_test: 1235.9, Learning rate:0.00020000
Epoch: 12, Loss: 11.2462, Rmse_valid: 17.3079, valid_score: 41404.2, , rmse_test: 14.1959, score_test: 1374.3, Learning rate:0.00020000
Epoch: 13, Loss: 11.0969, Rmse_valid: 17.0449, valid_score: 42105.7, , rmse_test: 14.2254, score_test: 1476.5, Learning rate:0.00020000
Epoch: 14, Loss: 10.9647, Rmse_valid: 17.2531, valid_score: 43902.2, , rmse_test: 14.1644, score_test: 1395.5, Learning rate:0.00020000
Epoch: 15, Loss: 10.8672, Rmse_valid: 16.8732, valid_score: 49708.4, , rmse_test: 14.6732, score_test: 1834.0, Learning rate:0.00020000
Epoch: 16, Loss: 10.7776, Rmse_valid: 17.6538, valid_score: 46856.2, , rmse_test: 14.8411, score_test: 1665.4, Learning rate:0.00020000
Epoch: 17, Loss: 10.6654, Rmse_valid: 17.4983, valid_score: 59024.5, , rmse_test: 14.6417, score_test: 1765.8, Learning rate:0.00020000
Epoch: 18, Loss: 10.5633, Rmse_valid: 17.1934, valid_score: 56223.6, , rmse_test: 14.7114, score_test: 1738.5, Learning rate:0.00020000
Epoch: 19, Loss: 10.4628, Rmse_valid: 17.3168, valid_score: 47921.6, , rmse_test: 14.9128, score_test: 1754.0, Learning rate:0.00020000
Epoch: 20, Loss: 10.3623, Rmse_valid: 17.6944, valid_score: 53940.2, , rmse_test: 15.1211, score_test: 1856.7, Learning rate:0.00020000
Epoch: 21, Loss: 10.1694, Rmse_valid: 17.4707, valid_score: 54875.4, , rmse_test: 15.1629, score_test: 1893.2, Learning rate:0.00002000
Epoch: 22, Loss: 10.1059, Rmse_valid: 17.6387, valid_score: 57048.5, , rmse_test: 15.1400, score_test: 1903.4, Learning rate:0.00002000
Epoch: 23, Loss: 10.0956, Rmse_valid: 17.2732, valid_score: 57694.9, , rmse_test: 15.0678, score_test: 1905.6, Learning rate:0.00002000
Epoch: 24, Loss: 10.0936, Rmse_valid: 17.6325, valid_score: 58487.7, , rmse_test: 15.0615, score_test: 1869.5, Learning rate:0.00002000
Epoch: 25, Loss: 10.0886, Rmse_valid: 17.5860, valid_score: 56471.6, , rmse_test: 15.1072, score_test: 1865.0, Learning rate:0.00002000
Epoch: 26, Loss: 10.0829, Rmse_valid: 17.3408, valid_score: 59505.2, , rmse_test: 15.1489, score_test: 1952.7, Learning rate:0.00002000
Epoch: 27, Loss: 10.0758, Rmse_valid: 17.3853, valid_score: 57319.4, , rmse_test: 15.0965, score_test: 1900.5, Learning rate:0.00002000
Epoch: 28, Loss: 10.0635, Rmse_valid: 17.5686, valid_score: 56162.3, , rmse_test: 15.1120, score_test: 1880.0, Learning rate:0.00002000
Epoch: 29, Loss: 10.0575, Rmse_valid: 17.4244, valid_score: 57220.0, , rmse_test: 15.1811, score_test: 1926.8, Learning rate:0.00002000
Epoch: 30, Loss: 10.0309, Rmse_valid: 17.6545, valid_score: 57600.3, , rmse_test: 15.1926, score_test: 1899.7, Learning rate:0.00002000
[Train Summary] Restored best model from epoch 15, rmse_valid: 16.8732, valid_score: 49708.4, rmse_test: 14.6732, score_test: 1834.0
[Train Time] start: 2026-07-22 13:13:48, end: 2026-07-22 13:23:04, duration: 0:09:16, total_seconds: 556.18
[Auto Test] command: /usr/local/miniconda3/envs/HV/bin/python /Mamba_Rul/test_GAT_EDmamba/test_model.py --sub-dataset FD002 --smooth-rate 40 --sequence-len 40 --feature-num 14 --dataset-root /Mamba_Rul/CMAPSSData/ --max-rul 125 --batch-size 128 --model-path /Mamba_Rul/logs/FD002_GAT_EDmamba+40/seed27/model_FD002_0722_131348_seed27.pkl
model_path:/Mamba_Rul/logs/FD002_GAT_EDmamba+40/seed27/model_FD002_0722_131348_seed27.pkl
rmse_final:14.59941291809082, score:1773.29833984375
