-----FD002-----
关键参数:
序列长度: 30
批大小(batch_size): 128
最大训练轮数(max_epochs): 30
随机数种子: 2
模型代号(model_code): FD002_B
模型结构(model_structure): encoderdecoder
消融预设(ablation_preset): B - Path graph + GAT + EncoderDecoder-LSTM without AOF
学习率: 0.002
学习率调度器: step
Step步长(step_size): 10
Step衰减系数(gamma): 0.1
空间GAT: 开启
是否使用解码器LSTM: 是
是否使用AOF: 否
Decoder注意力隐层维度: 28
图构建模式(graph_mode): path
GAT层数(num_layers): 2
GAT邻居数(topk): 7
GAT嵌入维度: 8
GAT隐藏层维度: 8
------------------------------
Epoch: 1, Loss: 25.6209, Rmse_valid: 23.4232, valid_score: 127242.3, , rmse_test: 21.7774, score_test: 5061.6, Learning rate:0.00200000
Epoch: 2, Loss: 19.6254, Rmse_valid: 23.6385, valid_score: 71359.7, , rmse_test: 22.4864, score_test: 4200.3, Learning rate:0.00200000
Epoch: 3, Loss: 17.8072, Rmse_valid: 17.6632, valid_score: 46851.1, , rmse_test: 15.5778, score_test: 1288.4, Learning rate:0.00200000
Epoch: 4, Loss: 16.9709, Rmse_valid: 17.3618, valid_score: 31135.5, , rmse_test: 15.2418, score_test: 1060.9, Learning rate:0.00200000
Epoch: 5, Loss: 16.5964, Rmse_valid: 16.2147, valid_score: 33670.2, , rmse_test: 14.1500, score_test: 1039.1, Learning rate:0.00200000
Epoch: 6, Loss: 16.1744, Rmse_valid: 15.9777, valid_score: 36431.0, , rmse_test: 13.8218, score_test: 1087.6, Learning rate:0.00200000
Epoch: 7, Loss: 15.8979, Rmse_valid: 16.7967, valid_score: 51991.9, , rmse_test: 14.4319, score_test: 1309.7, Learning rate:0.00200000
Epoch: 8, Loss: 15.7442, Rmse_valid: 16.4583, valid_score: 30521.9, , rmse_test: 14.0441, score_test: 898.6, Learning rate:0.00200000
Epoch: 9, Loss: 15.5479, Rmse_valid: 16.1834, valid_score: 44159.0, , rmse_test: 14.0474, score_test: 1195.7, Learning rate:0.00200000
Epoch: 10, Loss: 15.3640, Rmse_valid: 15.0559, valid_score: 21143.5, , rmse_test: 13.0542, score_test: 819.6, Learning rate:0.00200000
Epoch: 11, Loss: 13.5710, Rmse_valid: 15.4129, valid_score: 29405.4, , rmse_test: 13.4438, score_test: 985.7, Learning rate:0.00020000
Epoch: 12, Loss: 13.4342, Rmse_valid: 15.0751, valid_score: 26421.8, , rmse_test: 13.5470, score_test: 960.1, Learning rate:0.00020000
Epoch: 13, Loss: 13.3558, Rmse_valid: 14.9124, valid_score: 28428.3, , rmse_test: 13.1443, score_test: 964.4, Learning rate:0.00020000
Epoch: 14, Loss: 13.3081, Rmse_valid: 14.6067, valid_score: 23581.0, , rmse_test: 13.1660, score_test: 932.0, Learning rate:0.00020000
Epoch: 15, Loss: 13.2565, Rmse_valid: 14.9145, valid_score: 26542.8, , rmse_test: 13.4075, score_test: 983.3, Learning rate:0.00020000
Epoch: 16, Loss: 13.2094, Rmse_valid: 14.9268, valid_score: 29229.3, , rmse_test: 13.2437, score_test: 955.3, Learning rate:0.00020000
Epoch: 17, Loss: 13.1820, Rmse_valid: 15.1316, valid_score: 30969.6, , rmse_test: 13.2515, score_test: 970.9, Learning rate:0.00020000
Epoch: 18, Loss: 13.1378, Rmse_valid: 14.9327, valid_score: 28635.5, , rmse_test: 13.2608, score_test: 930.9, Learning rate:0.00020000
Epoch: 19, Loss: 13.1039, Rmse_valid: 14.7073, valid_score: 25362.2, , rmse_test: 13.0575, score_test: 904.5, Learning rate:0.00020000
Epoch: 20, Loss: 13.0692, Rmse_valid: 15.5043, valid_score: 25648.2, , rmse_test: 13.8266, score_test: 969.9, Learning rate:0.00020000
Epoch: 21, Loss: 12.9700, Rmse_valid: 14.9013, valid_score: 27967.1, , rmse_test: 13.1763, score_test: 952.0, Learning rate:0.00002000
Epoch: 22, Loss: 12.9456, Rmse_valid: 14.9035, valid_score: 28318.0, , rmse_test: 13.1922, score_test: 953.8, Learning rate:0.00002000
Epoch: 23, Loss: 12.9412, Rmse_valid: 14.8625, valid_score: 28579.7, , rmse_test: 13.2327, score_test: 985.8, Learning rate:0.00002000
Epoch: 24, Loss: 12.9360, Rmse_valid: 14.8607, valid_score: 27947.3, , rmse_test: 13.2376, score_test: 969.6, Learning rate:0.00002000
Epoch: 25, Loss: 12.9314, Rmse_valid: 14.9589, valid_score: 27523.7, , rmse_test: 13.1394, score_test: 947.1, Learning rate:0.00002000
Epoch: 26, Loss: 12.9291, Rmse_valid: 14.9061, valid_score: 27892.5, , rmse_test: 13.1967, score_test: 968.5, Learning rate:0.00002000
Epoch: 27, Loss: 12.9242, Rmse_valid: 14.9810, valid_score: 28249.5, , rmse_test: 13.2006, score_test: 969.5, Learning rate:0.00002000
Epoch: 28, Loss: 12.9212, Rmse_valid: 14.9747, valid_score: 27052.1, , rmse_test: 13.1932, score_test: 949.7, Learning rate:0.00002000
Epoch: 29, Loss: 12.9182, Rmse_valid: 14.7891, valid_score: 29049.3, , rmse_test: 13.1596, score_test: 964.6, Learning rate:0.00002000
Epoch: 30, Loss: 12.9129, Rmse_valid: 14.8897, valid_score: 29011.4, , rmse_test: 13.2017, score_test: 974.5, Learning rate:0.00002000
[Train Summary] Restored best model from epoch 14, rmse_valid: 14.6067, valid_score: 23581.0, rmse_test: 13.1660, score_test: 932.0
[Train Time] start: 2026-04-20 03:32:41, end: 2026-04-20 03:38:04, duration: 0:05:23, total_seconds: 323.43
[Auto Test] command: /usr/bin/python /CMAPSS-release/scipt/test_model.py --sub-dataset FD002 --smooth-rate 40 --sequence-len 30 --feature-num 14 --dataset-root /CMAPSS-release/CMAPSSData/ --max-rul 125 --batch-size 128 --model-path /CMAPSS-release/logs/FD002_FD002_B/seed2/model_FD002_0420_033241_seed2.pkl
model_path:/CMAPSS-release/logs/FD002_FD002_B/seed2/model_FD002_0420_033241_seed2.pkl
rmse_final:13.135174751281738, score:900.173828125
