-----FD002-----
关键参数:
序列长度: 30
批大小(batch_size): 128
最大训练轮数(max_epochs): 30
随机数种子: 17
模型代号(model_code): FD002_B_BC_20260422_054641
模型结构(model_structure): encoderdecoder
消融预设(ablation_preset): B - Full-connected graph + GAT-LSTM with encoder and decoder (AOF off)
学习率: 0.002
学习率调度器: step
Step步长(step_size): 10
Step衰减系数(gamma): 0.1
空间GAT: 开启
是否使用解码器LSTM: 是
是否使用AOF: 否
Decoder注意力隐层维度: 28
图构建模式(graph_mode): dynamic_knn
GAT层数(num_layers): 2
GAT邻居数(topk): 14
GAT嵌入维度: 8
GAT隐藏层维度: 8
------------------------------
Epoch: 1, Loss: 24.6154, Rmse_valid: 26.6634, valid_score: 140461.2, , rmse_test: 25.6487, score_test: 13735.0, Learning rate:0.00200000
Epoch: 2, Loss: 19.2795, Rmse_valid: 18.5989, valid_score: 42846.4, , rmse_test: 16.5376, score_test: 1395.5, Learning rate:0.00200000
Epoch: 3, Loss: 17.8462, Rmse_valid: 17.1404, valid_score: 30350.1, , rmse_test: 14.9954, score_test: 996.3, Learning rate:0.00200000
Epoch: 4, Loss: 17.1438, Rmse_valid: 17.2787, valid_score: 38313.7, , rmse_test: 14.5251, score_test: 1116.2, Learning rate:0.00200000
Epoch: 5, Loss: 16.7483, Rmse_valid: 17.1613, valid_score: 38513.9, , rmse_test: 14.7251, score_test: 1243.2, Learning rate:0.00200000
Epoch: 6, Loss: 16.3386, Rmse_valid: 17.8281, valid_score: 63291.0, , rmse_test: 15.5715, score_test: 1771.3, Learning rate:0.00200000
Epoch: 7, Loss: 16.0036, Rmse_valid: 16.3294, valid_score: 32462.3, , rmse_test: 14.4847, score_test: 1186.6, Learning rate:0.00200000
Epoch: 8, Loss: 15.7184, Rmse_valid: 16.4384, valid_score: 32106.8, , rmse_test: 14.6158, score_test: 1099.1, Learning rate:0.00200000
Epoch: 9, Loss: 15.7436, Rmse_valid: 16.3201, valid_score: 39772.6, , rmse_test: 14.1473, score_test: 1218.1, Learning rate:0.00200000
Epoch: 10, Loss: 15.3678, Rmse_valid: 18.2500, valid_score: 40672.1, , rmse_test: 16.5383, score_test: 1608.7, Learning rate:0.00200000
Epoch: 11, Loss: 13.5137, Rmse_valid: 15.1243, valid_score: 27604.0, , rmse_test: 13.4849, score_test: 1059.7, Learning rate:0.00020000
Epoch: 12, Loss: 13.3823, Rmse_valid: 15.3163, valid_score: 29274.6, , rmse_test: 13.6733, score_test: 1092.8, Learning rate:0.00020000
Epoch: 13, Loss: 13.3102, Rmse_valid: 15.0323, valid_score: 27810.6, , rmse_test: 13.4670, score_test: 1143.4, Learning rate:0.00020000
Epoch: 14, Loss: 13.2741, Rmse_valid: 14.9081, valid_score: 28863.3, , rmse_test: 13.4754, score_test: 1148.7, Learning rate:0.00020000
Epoch: 15, Loss: 13.2408, Rmse_valid: 15.0792, valid_score: 27871.2, , rmse_test: 13.5088, score_test: 1142.6, Learning rate:0.00020000
Epoch: 16, Loss: 13.2102, Rmse_valid: 14.9612, valid_score: 29244.3, , rmse_test: 13.6466, score_test: 1199.9, Learning rate:0.00020000
Epoch: 17, Loss: 13.1622, Rmse_valid: 14.9202, valid_score: 26695.2, , rmse_test: 13.5360, score_test: 1135.1, Learning rate:0.00020000
Epoch: 18, Loss: 13.1487, Rmse_valid: 14.9620, valid_score: 29110.4, , rmse_test: 13.7062, score_test: 1273.1, Learning rate:0.00020000
Epoch: 19, Loss: 13.1090, Rmse_valid: 14.9787, valid_score: 27230.1, , rmse_test: 13.5876, score_test: 1145.6, Learning rate:0.00020000
Epoch: 20, Loss: 13.0844, Rmse_valid: 14.7406, valid_score: 24788.6, , rmse_test: 13.3850, score_test: 1119.0, Learning rate:0.00020000
Epoch: 21, Loss: 12.9762, Rmse_valid: 14.7772, valid_score: 27536.2, , rmse_test: 13.5960, score_test: 1186.3, Learning rate:0.00002000
Epoch: 22, Loss: 12.9659, Rmse_valid: 14.8189, valid_score: 27650.0, , rmse_test: 13.5841, score_test: 1174.5, Learning rate:0.00002000
Epoch: 23, Loss: 12.9582, Rmse_valid: 14.8876, valid_score: 27298.5, , rmse_test: 13.5756, score_test: 1156.5, Learning rate:0.00002000
Epoch: 24, Loss: 12.9550, Rmse_valid: 14.6868, valid_score: 28222.7, , rmse_test: 13.6084, score_test: 1175.9, Learning rate:0.00002000
Epoch: 25, Loss: 12.9527, Rmse_valid: 14.9130, valid_score: 27978.4, , rmse_test: 13.6713, score_test: 1194.6, Learning rate:0.00002000
Epoch: 26, Loss: 12.9510, Rmse_valid: 14.7039, valid_score: 28365.3, , rmse_test: 13.6424, score_test: 1189.6, Learning rate:0.00002000
Epoch: 27, Loss: 12.9451, Rmse_valid: 14.7802, valid_score: 28185.6, , rmse_test: 13.6464, score_test: 1189.9, Learning rate:0.00002000
Epoch: 28, Loss: 12.9424, Rmse_valid: 14.8870, valid_score: 28141.7, , rmse_test: 13.6270, score_test: 1183.0, Learning rate:0.00002000
Epoch: 29, Loss: 12.9379, Rmse_valid: 14.8072, valid_score: 27611.5, , rmse_test: 13.5631, score_test: 1154.7, Learning rate:0.00002000
Epoch: 30, Loss: 12.9331, Rmse_valid: 14.7673, valid_score: 27658.8, , rmse_test: 13.6054, score_test: 1188.0, Learning rate:0.00002000
[Train Summary] Restored best model from epoch 24, rmse_valid: 14.6868, valid_score: 28222.7, rmse_test: 13.6084, score_test: 1175.9
[Train Time] start: 2026-04-22 06:32:27, end: 2026-04-22 06:37:24, duration: 0:04:57, total_seconds: 296.85
[Auto Test] command: /usr/bin/python /CMAPSS-release/scipt/test_model.py --sub-dataset FD002 --smooth-rate 40 --sequence-len 30 --feature-num 14 --dataset-root /CMAPSS-release/CMAPSSData/ --max-rul 125 --batch-size 128 --model-path /CMAPSS-release/logs/FD002_FD002_B_BC_20260422_054641/seed17/model_FD002_0422_063227_seed17.pkl
model_path:/CMAPSS-release/logs/FD002_FD002_B_BC_20260422_054641/seed17/model_FD002_0422_063227_seed17.pkl
rmse_final:13.535595893859863, score:1127.6490478515625
