-----FD002-----
关键参数:
序列长度: 30
批大小(batch_size): 128
最大训练轮数(max_epochs): 30
随机数种子: 17
模型代号(model_code): FD002_D
模型结构(model_structure): encoderdecoder
消融预设(ablation_preset): D - KNN graph + GAT + EncoderDecoder-LSTM with AOF
学习率: 0.002
学习率调度器: step
Step步长(step_size): 10
Step衰减系数(gamma): 0.1
空间GAT: 开启
是否使用解码器LSTM: 是
是否使用AOF: 是
Decoder注意力隐层维度: 28
Decoder融合方式: concat
图构建模式(graph_mode): dynamic_knn
GAT层数(num_layers): 2
GAT邻居数(topk): 7
GAT嵌入维度: 8
GAT隐藏层维度: 8
------------------------------
Epoch: 1, Loss: 27.6249, Rmse_valid: 22.5140, valid_score: 105570.7, , rmse_test: 21.5875, score_test: 4461.4, Learning rate:0.00200000
Epoch: 2, Loss: 20.3980, Rmse_valid: 19.3822, valid_score: 67588.6, , rmse_test: 17.6018, score_test: 1568.7, Learning rate:0.00200000
Epoch: 3, Loss: 18.0032, Rmse_valid: 18.9964, valid_score: 64327.0, , rmse_test: 16.6490, score_test: 1523.8, Learning rate:0.00200000
Epoch: 4, Loss: 16.9968, Rmse_valid: 18.6824, valid_score: 48706.6, , rmse_test: 15.5902, score_test: 993.6, Learning rate:0.00200000
Epoch: 5, Loss: 16.4361, Rmse_valid: 18.1082, valid_score: 45152.3, , rmse_test: 16.0176, score_test: 1450.9, Learning rate:0.00200000
Epoch: 6, Loss: 15.8381, Rmse_valid: 17.8668, valid_score: 49047.4, , rmse_test: 15.4277, score_test: 1328.8, Learning rate:0.00200000
Epoch: 7, Loss: 15.5387, Rmse_valid: 19.5042, valid_score: 53807.5, , rmse_test: 15.9592, score_test: 1308.2, Learning rate:0.00200000
Epoch: 8, Loss: 15.2586, Rmse_valid: 16.9674, valid_score: 35864.1, , rmse_test: 14.2319, score_test: 984.3, Learning rate:0.00200000
Epoch: 9, Loss: 15.0042, Rmse_valid: 17.0394, valid_score: 37923.0, , rmse_test: 14.5142, score_test: 951.3, Learning rate:0.00200000
Epoch: 10, Loss: 14.8295, Rmse_valid: 17.2357, valid_score: 34109.2, , rmse_test: 14.4789, score_test: 1061.8, Learning rate:0.00200000
Epoch: 11, Loss: 12.8690, Rmse_valid: 16.5285, valid_score: 42473.6, , rmse_test: 14.2161, score_test: 1086.1, Learning rate:0.00020000
Epoch: 12, Loss: 12.6789, Rmse_valid: 16.6656, valid_score: 43000.8, , rmse_test: 14.3117, score_test: 1112.3, Learning rate:0.00020000
Epoch: 13, Loss: 12.5957, Rmse_valid: 16.4362, valid_score: 50610.3, , rmse_test: 14.3941, score_test: 1206.1, Learning rate:0.00020000
Epoch: 14, Loss: 12.5441, Rmse_valid: 16.4087, valid_score: 46476.1, , rmse_test: 14.4297, score_test: 1263.3, Learning rate:0.00020000
Epoch: 15, Loss: 12.4906, Rmse_valid: 16.5011, valid_score: 46261.0, , rmse_test: 14.5396, score_test: 1203.7, Learning rate:0.00020000
Epoch: 16, Loss: 12.4295, Rmse_valid: 16.3675, valid_score: 41650.8, , rmse_test: 14.3935, score_test: 1163.4, Learning rate:0.00020000
Epoch: 17, Loss: 12.3810, Rmse_valid: 16.4812, valid_score: 44389.0, , rmse_test: 14.4653, score_test: 1220.1, Learning rate:0.00020000
Epoch: 18, Loss: 12.3416, Rmse_valid: 16.3960, valid_score: 46926.3, , rmse_test: 14.4876, score_test: 1302.8, Learning rate:0.00020000
Epoch: 19, Loss: 12.2836, Rmse_valid: 16.4127, valid_score: 41682.2, , rmse_test: 14.8023, score_test: 1393.1, Learning rate:0.00020000
Epoch: 20, Loss: 12.2566, Rmse_valid: 16.3381, valid_score: 38991.2, , rmse_test: 14.6625, score_test: 1309.5, Learning rate:0.00020000
Epoch: 21, Loss: 12.1280, Rmse_valid: 16.3846, valid_score: 42226.1, , rmse_test: 14.5715, score_test: 1293.7, Learning rate:0.00002000
Epoch: 22, Loss: 12.1107, Rmse_valid: 16.3398, valid_score: 41205.5, , rmse_test: 14.5008, score_test: 1266.2, Learning rate:0.00002000
Epoch: 23, Loss: 12.1061, Rmse_valid: 16.5231, valid_score: 40108.7, , rmse_test: 14.4117, score_test: 1229.6, Learning rate:0.00002000
Epoch: 24, Loss: 12.0978, Rmse_valid: 16.2813, valid_score: 43919.4, , rmse_test: 14.4897, score_test: 1273.3, Learning rate:0.00002000
Epoch: 25, Loss: 12.0969, Rmse_valid: 16.4404, valid_score: 41246.0, , rmse_test: 14.4839, score_test: 1250.5, Learning rate:0.00002000
Epoch: 26, Loss: 12.0918, Rmse_valid: 16.4760, valid_score: 40935.9, , rmse_test: 14.4647, score_test: 1243.2, Learning rate:0.00002000
Epoch: 27, Loss: 12.0854, Rmse_valid: 16.3491, valid_score: 41887.0, , rmse_test: 14.4686, score_test: 1269.0, Learning rate:0.00002000
Epoch: 28, Loss: 12.0794, Rmse_valid: 16.4259, valid_score: 41428.4, , rmse_test: 14.4610, score_test: 1240.8, Learning rate:0.00002000
Epoch: 29, Loss: 12.0761, Rmse_valid: 16.4215, valid_score: 41062.9, , rmse_test: 14.4838, score_test: 1249.8, Learning rate:0.00002000
Epoch: 30, Loss: 12.0721, Rmse_valid: 16.3833, valid_score: 40506.9, , rmse_test: 14.4603, score_test: 1238.2, Learning rate:0.00002000
[Train Summary] Restored best model from epoch 24, rmse_valid: 16.2813, valid_score: 43919.4, rmse_test: 14.4897, score_test: 1273.3
[Train Time] start: 2026-04-20 05:47:21, end: 2026-04-20 05:53:34, duration: 0:06:13, total_seconds: 373.04
[Auto Test] command: /usr/bin/python /CMAPSS-release/scipt/test_model.py --sub-dataset FD002 --smooth-rate 40 --sequence-len 30 --feature-num 14 --dataset-root /CMAPSS-release/CMAPSSData/ --max-rul 125 --batch-size 128 --model-path /CMAPSS-release/logs/FD002_FD002_D/seed17/model_FD002_0420_054721_seed17.pkl
model_path:/CMAPSS-release/logs/FD002_FD002_D/seed17/model_FD002_0420_054721_seed17.pkl
rmse_final:14.458434104919434, score:1243.13525390625
