-----FD001-----
关键参数:
序列长度: 30
批大小(batch_size): 128
最大训练轮数(max_epochs): 30
随机数种子: 17
模型代号(model_code): FD001_C_BC_20260422_054641
模型结构(model_structure): encoderdecoder
消融预设(ablation_preset): C - KNN graph + GAT-LSTM with encoder only (no decoder, no AOF)
学习率: 0.002
学习率调度器: step
Step步长(step_size): 10
Step衰减系数(gamma): 0.1
空间GAT: 开启
是否使用解码器LSTM: 否
是否使用AOF: 否
图构建模式(graph_mode): dynamic_knn
GAT层数(num_layers): 2
GAT邻居数(topk): 7
GAT嵌入维度: 8
GAT隐藏层维度: 8
------------------------------
Epoch: 1, Loss: 26.2924, Rmse_valid: 21.7377, valid_score: 20354.8, , rmse_test: 24.9071, score_test: 25000.7, Learning rate:0.00200000
Epoch: 2, Loss: 21.6711, Rmse_valid: 21.3956, valid_score: 17957.2, , rmse_test: 23.3462, score_test: 18544.3, Learning rate:0.00200000
Epoch: 3, Loss: 21.3042, Rmse_valid: 21.3619, valid_score: 17617.5, , rmse_test: 23.4144, score_test: 15422.1, Learning rate:0.00200000
Epoch: 4, Loss: 20.9170, Rmse_valid: 21.6311, valid_score: 21955.4, , rmse_test: 25.6825, score_test: 20160.9, Learning rate:0.00200000
Epoch: 5, Loss: 20.6087, Rmse_valid: 22.7484, valid_score: 48760.1, , rmse_test: 27.9967, score_test: 73649.8, Learning rate:0.00200000
Epoch: 6, Loss: 20.2353, Rmse_valid: 20.6712, valid_score: 14766.3, , rmse_test: 23.3452, score_test: 15971.1, Learning rate:0.00200000
Epoch: 7, Loss: 19.5316, Rmse_valid: 21.3725, valid_score: 11588.7, , rmse_test: 22.3198, score_test: 6807.6, Learning rate:0.00200000
Epoch: 8, Loss: 18.8916, Rmse_valid: 20.2354, valid_score: 12154.7, , rmse_test: 20.8942, score_test: 5938.8, Learning rate:0.00200000
Epoch: 9, Loss: 17.7367, Rmse_valid: 17.8447, valid_score: 11432.0, , rmse_test: 20.5098, score_test: 1190.0, Learning rate:0.00200000
Epoch: 10, Loss: 16.2537, Rmse_valid: 16.9383, valid_score: 11356.4, , rmse_test: 20.4945, score_test: 1255.4, Learning rate:0.00200000
Epoch: 11, Loss: 14.4554, Rmse_valid: 15.8776, valid_score: 10929.5, , rmse_test: 19.4273, score_test: 956.2, Learning rate:0.00020000
Epoch: 12, Loss: 14.0601, Rmse_valid: 16.3653, valid_score: 10531.3, , rmse_test: 19.0205, score_test: 897.5, Learning rate:0.00020000
Epoch: 13, Loss: 13.7330, Rmse_valid: 17.0656, valid_score: 10977.6, , rmse_test: 18.5608, score_test: 794.0, Learning rate:0.00020000
Epoch: 14, Loss: 13.4315, Rmse_valid: 15.7815, valid_score: 10827.2, , rmse_test: 18.3533, score_test: 731.0, Learning rate:0.00020000
Epoch: 15, Loss: 13.1745, Rmse_valid: 16.9568, valid_score: 13848.3, , rmse_test: 18.3783, score_test: 809.0, Learning rate:0.00020000
Epoch: 16, Loss: 12.9590, Rmse_valid: 16.6196, valid_score: 12824.9, , rmse_test: 17.7368, score_test: 670.5, Learning rate:0.00020000
Epoch: 17, Loss: 12.7502, Rmse_valid: 15.9663, valid_score: 9777.3, , rmse_test: 18.1888, score_test: 641.2, Learning rate:0.00020000
Epoch: 18, Loss: 12.5615, Rmse_valid: 16.5294, valid_score: 12137.1, , rmse_test: 18.0413, score_test: 726.8, Learning rate:0.00020000
Epoch: 19, Loss: 12.3789, Rmse_valid: 16.0881, valid_score: 11097.7, , rmse_test: 17.7445, score_test: 618.8, Learning rate:0.00020000
Epoch: 20, Loss: 12.2467, Rmse_valid: 16.2549, valid_score: 10192.5, , rmse_test: 17.3520, score_test: 533.9, Learning rate:0.00020000
Epoch: 21, Loss: 12.0288, Rmse_valid: 15.5174, valid_score: 11328.5, , rmse_test: 17.4550, score_test: 592.3, Learning rate:0.00002000
Epoch: 22, Loss: 11.9961, Rmse_valid: 15.8842, valid_score: 11746.4, , rmse_test: 17.4609, score_test: 602.3, Learning rate:0.00002000
Epoch: 23, Loss: 11.9758, Rmse_valid: 16.5227, valid_score: 11517.7, , rmse_test: 17.4863, score_test: 593.9, Learning rate:0.00002000
Epoch: 24, Loss: 11.9648, Rmse_valid: 16.4625, valid_score: 11715.3, , rmse_test: 17.4594, score_test: 591.9, Learning rate:0.00002000
Epoch: 25, Loss: 11.9478, Rmse_valid: 15.8165, valid_score: 11077.9, , rmse_test: 17.5092, score_test: 577.2, Learning rate:0.00002000
Epoch: 26, Loss: 11.9188, Rmse_valid: 15.6094, valid_score: 11609.8, , rmse_test: 17.5186, score_test: 599.5, Learning rate:0.00002000
Epoch: 27, Loss: 11.9048, Rmse_valid: 16.0554, valid_score: 11172.0, , rmse_test: 17.4513, score_test: 573.5, Learning rate:0.00002000
Epoch: 28, Loss: 11.8757, Rmse_valid: 15.9232, valid_score: 11669.4, , rmse_test: 17.4108, score_test: 583.7, Learning rate:0.00002000
Epoch: 29, Loss: 11.8608, Rmse_valid: 15.6749, valid_score: 12294.6, , rmse_test: 17.4966, score_test: 606.3, Learning rate:0.00002000
Epoch: 30, Loss: 11.8386, Rmse_valid: 15.6411, valid_score: 11387.1, , rmse_test: 17.4557, score_test: 574.5, Learning rate:0.00002000
[Train Summary] Restored best model from epoch 21, rmse_valid: 15.5174, valid_score: 11328.5, rmse_test: 17.4550, score_test: 592.3
[Train Time] start: 2026-04-22 06:10:35, end: 2026-04-22 06:11:38, duration: 0:01:03, total_seconds: 63.09
[Auto Test] command: /usr/bin/python /CMAPSS-release/scipt/test_model.py --sub-dataset FD001 --smooth-rate 40 --sequence-len 30 --feature-num 14 --dataset-root /CMAPSS-release/CMAPSSData/ --max-rul 125 --batch-size 128 --model-path /CMAPSS-release/logs/FD001_FD001_C_BC_20260422_054641/seed17/model_FD001_0422_061035_seed17.pkl
model_path:/CMAPSS-release/logs/FD001_FD001_C_BC_20260422_054641/seed17/model_FD001_0422_061035_seed17.pkl
rmse_final:17.426130294799805, score:581.94677734375
