-----FD002-----
关键参数:
序列长度: 30
批大小(batch_size): 128
最大训练轮数(max_epochs): 30
随机数种子: 97
模型代号(model_code): FD002_C
模型结构(model_structure): encoderdecoder
消融预设(ablation_preset): C - Path graph + GAT + Encoder-only LSTM (no decoder, no AOF)
学习率: 0.002
学习率调度器: step
Step步长(step_size): 10
Step衰减系数(gamma): 0.1
空间GAT: 开启
是否使用解码器LSTM: 否
是否使用AOF: 否
图构建模式(graph_mode): path
GAT层数(num_layers): 2
GAT邻居数(topk): 7
GAT嵌入维度: 8
GAT隐藏层维度: 8
------------------------------
Epoch: 1, Loss: 27.8526, Rmse_valid: 26.1019, valid_score: 360523.1, , rmse_test: 25.5960, score_test: 28386.7, Learning rate:0.00200000
Epoch: 2, Loss: 23.1155, Rmse_valid: 21.4398, valid_score: 75147.6, , rmse_test: 20.3294, score_test: 2534.5, Learning rate:0.00200000
Epoch: 3, Loss: 20.5334, Rmse_valid: 20.4822, valid_score: 72179.2, , rmse_test: 18.0209, score_test: 1734.3, Learning rate:0.00200000
Epoch: 4, Loss: 18.9809, Rmse_valid: 20.3064, valid_score: 65154.4, , rmse_test: 18.2678, score_test: 1806.8, Learning rate:0.00200000
Epoch: 5, Loss: 18.1750, Rmse_valid: 18.2363, valid_score: 40999.6, , rmse_test: 15.4689, score_test: 1014.4, Learning rate:0.00200000
Epoch: 6, Loss: 17.2882, Rmse_valid: 20.2888, valid_score: 60967.2, , rmse_test: 17.1191, score_test: 1706.9, Learning rate:0.00200000
Epoch: 7, Loss: 16.9836, Rmse_valid: 18.7893, valid_score: 54858.6, , rmse_test: 15.4581, score_test: 1104.2, Learning rate:0.00200000
Epoch: 8, Loss: 16.5189, Rmse_valid: 18.6912, valid_score: 78829.9, , rmse_test: 15.6207, score_test: 1624.7, Learning rate:0.00200000
Epoch: 9, Loss: 16.2393, Rmse_valid: 17.3101, valid_score: 28310.6, , rmse_test: 14.3193, score_test: 724.4, Learning rate:0.00200000
Epoch: 10, Loss: 16.0200, Rmse_valid: 20.4943, valid_score: 59749.5, , rmse_test: 16.7936, score_test: 1537.0, Learning rate:0.00200000
Epoch: 11, Loss: 13.9555, Rmse_valid: 17.1119, valid_score: 51911.0, , rmse_test: 13.0742, score_test: 802.9, Learning rate:0.00020000
Epoch: 12, Loss: 13.7860, Rmse_valid: 17.1183, valid_score: 43081.9, , rmse_test: 12.7295, score_test: 695.4, Learning rate:0.00020000
Epoch: 13, Loss: 13.7043, Rmse_valid: 17.1588, valid_score: 56263.0, , rmse_test: 13.0743, score_test: 833.6, Learning rate:0.00020000
Epoch: 14, Loss: 13.6251, Rmse_valid: 16.7221, valid_score: 39175.8, , rmse_test: 12.6540, score_test: 726.3, Learning rate:0.00020000
Epoch: 15, Loss: 13.5514, Rmse_valid: 17.1582, valid_score: 41019.8, , rmse_test: 12.8039, score_test: 709.7, Learning rate:0.00020000
Epoch: 16, Loss: 13.5053, Rmse_valid: 16.8222, valid_score: 41997.5, , rmse_test: 12.8238, score_test: 812.3, Learning rate:0.00020000
Epoch: 17, Loss: 13.4775, Rmse_valid: 16.7563, valid_score: 37216.2, , rmse_test: 12.4465, score_test: 697.1, Learning rate:0.00020000
Epoch: 18, Loss: 13.4121, Rmse_valid: 16.9264, valid_score: 39196.4, , rmse_test: 12.5969, score_test: 743.0, Learning rate:0.00020000
Epoch: 19, Loss: 13.3932, Rmse_valid: 16.7935, valid_score: 38544.2, , rmse_test: 12.6197, score_test: 762.4, Learning rate:0.00020000
Epoch: 20, Loss: 13.3418, Rmse_valid: 16.6364, valid_score: 38104.5, , rmse_test: 12.5759, score_test: 813.5, Learning rate:0.00020000
Epoch: 21, Loss: 13.1967, Rmse_valid: 16.6566, valid_score: 39003.9, , rmse_test: 12.4817, score_test: 765.6, Learning rate:0.00002000
Epoch: 22, Loss: 13.1851, Rmse_valid: 16.7966, valid_score: 38885.3, , rmse_test: 12.4257, score_test: 744.2, Learning rate:0.00002000
Epoch: 23, Loss: 13.1815, Rmse_valid: 16.7356, valid_score: 39525.4, , rmse_test: 12.5081, score_test: 755.5, Learning rate:0.00002000
Epoch: 24, Loss: 13.1755, Rmse_valid: 16.6817, valid_score: 38758.7, , rmse_test: 12.4154, score_test: 743.2, Learning rate:0.00002000
Epoch: 25, Loss: 13.1702, Rmse_valid: 16.5214, valid_score: 39345.9, , rmse_test: 12.5017, score_test: 765.3, Learning rate:0.00002000
Epoch: 26, Loss: 13.1651, Rmse_valid: 16.8593, valid_score: 40072.8, , rmse_test: 12.5247, score_test: 768.7, Learning rate:0.00002000
Epoch: 27, Loss: 13.1618, Rmse_valid: 16.5398, valid_score: 38867.6, , rmse_test: 12.4605, score_test: 770.1, Learning rate:0.00002000
Epoch: 28, Loss: 13.1551, Rmse_valid: 16.8031, valid_score: 39089.4, , rmse_test: 12.5179, score_test: 778.4, Learning rate:0.00002000
Epoch: 29, Loss: 13.1503, Rmse_valid: 16.6417, valid_score: 40543.7, , rmse_test: 12.6111, score_test: 794.0, Learning rate:0.00002000
Epoch: 30, Loss: 13.1491, Rmse_valid: 16.7250, valid_score: 39024.3, , rmse_test: 12.4556, score_test: 756.1, Learning rate:0.00002000
[Train Summary] Restored best model from epoch 25, rmse_valid: 16.5214, valid_score: 39345.9, rmse_test: 12.5017, score_test: 765.3
[Train Time] start: 2026-04-20 05:34:55, end: 2026-04-20 05:39:25, duration: 0:04:30, total_seconds: 269.81
[Auto Test] command: /usr/bin/python /CMAPSS-release/scipt/test_model.py --sub-dataset FD002 --smooth-rate 40 --sequence-len 30 --feature-num 14 --dataset-root /CMAPSS-release/CMAPSSData/ --max-rul 125 --batch-size 128 --model-path /CMAPSS-release/logs/FD002_FD002_C/seed97/model_FD002_0420_053455_seed97.pkl
model_path:/CMAPSS-release/logs/FD002_FD002_C/seed97/model_FD002_0420_053455_seed97.pkl
rmse_final:12.479790687561035, score:743.8377075195312
