-----FD002-----
关键参数:
序列长度: 30
批大小(batch_size): 128
最大训练轮数(max_epochs): 30
随机数种子: 17
模型代号(model_code): MB
模型结构(model_structure): lstm_mamba_attention
学习率: 0.002
学习率调度器: step
Step步长(step_size): 10
Step衰减系数(gamma): 0.1
编码器: LSTM
编码器后处理: 2层Mamba block
encoder_hidden_size: 8
mamba_num_layers: 2
mamba_d_state: 16
decoder_attention_size: 28
------------------------------
Epoch: 1, Loss: 26.9795, Rmse_valid: 23.3213, valid_score: 174730.5, , rmse_test: 23.2655, score_test: 13423.0, Learning rate:0.00200000
Epoch: 2, Loss: 22.0781, Rmse_valid: 22.7330, valid_score: 86739.2, , rmse_test: 21.3216, score_test: 3937.5, Learning rate:0.00200000
Epoch: 3, Loss: 19.0257, Rmse_valid: 18.9860, valid_score: 61695.5, , rmse_test: 16.3187, score_test: 1386.2, Learning rate:0.00200000
Epoch: 4, Loss: 18.1016, Rmse_valid: 18.6218, valid_score: 38613.2, , rmse_test: 16.3209, score_test: 1049.5, Learning rate:0.00200000
Epoch: 5, Loss: 17.4623, Rmse_valid: 21.9323, valid_score: 148920.3, , rmse_test: 19.1872, score_test: 4227.7, Learning rate:0.00200000
Epoch: 6, Loss: 17.0867, Rmse_valid: 18.0483, valid_score: 46480.0, , rmse_test: 14.9574, score_test: 1130.9, Learning rate:0.00200000
Epoch: 7, Loss: 16.5845, Rmse_valid: 17.4483, valid_score: 42212.7, , rmse_test: 14.5019, score_test: 1036.8, Learning rate:0.00200000
Epoch: 8, Loss: 16.3579, Rmse_valid: 17.3749, valid_score: 52068.6, , rmse_test: 14.2304, score_test: 1202.0, Learning rate:0.00200000
Epoch: 9, Loss: 16.1530, Rmse_valid: 16.7561, valid_score: 49120.1, , rmse_test: 13.9520, score_test: 1123.0, Learning rate:0.00200000
Epoch: 10, Loss: 15.9881, Rmse_valid: 17.0041, valid_score: 29128.3, , rmse_test: 14.5085, score_test: 849.4, Learning rate:0.00200000
Epoch: 11, Loss: 14.5004, Rmse_valid: 16.5702, valid_score: 42347.5, , rmse_test: 13.7274, score_test: 985.6, Learning rate:0.00020000
Epoch: 12, Loss: 14.3637, Rmse_valid: 16.6011, valid_score: 34744.5, , rmse_test: 13.4930, score_test: 847.6, Learning rate:0.00020000
Epoch: 13, Loss: 14.2969, Rmse_valid: 16.5083, valid_score: 38458.6, , rmse_test: 13.4553, score_test: 895.4, Learning rate:0.00020000
Epoch: 14, Loss: 14.2617, Rmse_valid: 16.4397, valid_score: 39030.5, , rmse_test: 13.4765, score_test: 955.3, Learning rate:0.00020000
Epoch: 15, Loss: 14.2254, Rmse_valid: 16.4750, valid_score: 42545.6, , rmse_test: 13.5551, score_test: 957.9, Learning rate:0.00020000
Epoch: 16, Loss: 14.1832, Rmse_valid: 16.7876, valid_score: 34041.3, , rmse_test: 13.5624, score_test: 818.9, Learning rate:0.00020000
Epoch: 17, Loss: 14.1345, Rmse_valid: 16.2482, valid_score: 39564.9, , rmse_test: 13.6217, score_test: 991.8, Learning rate:0.00020000
Epoch: 18, Loss: 14.1211, Rmse_valid: 16.4507, valid_score: 37265.2, , rmse_test: 13.3729, score_test: 899.2, Learning rate:0.00020000
Epoch: 19, Loss: 14.0732, Rmse_valid: 16.3865, valid_score: 43516.3, , rmse_test: 13.5478, score_test: 1065.0, Learning rate:0.00020000
Epoch: 20, Loss: 14.0785, Rmse_valid: 16.2637, valid_score: 37397.1, , rmse_test: 13.3164, score_test: 894.4, Learning rate:0.00020000
Epoch: 21, Loss: 13.9860, Rmse_valid: 16.3689, valid_score: 39103.4, , rmse_test: 13.3484, score_test: 926.7, Learning rate:0.00002000
Epoch: 22, Loss: 13.9634, Rmse_valid: 16.2178, valid_score: 38915.4, , rmse_test: 13.3783, score_test: 935.3, Learning rate:0.00002000
Epoch: 23, Loss: 13.9364, Rmse_valid: 16.5701, valid_score: 39441.3, , rmse_test: 13.3561, score_test: 932.5, Learning rate:0.00002000
Epoch: 24, Loss: 13.9493, Rmse_valid: 16.4669, valid_score: 38813.8, , rmse_test: 13.4044, score_test: 928.4, Learning rate:0.00002000
Epoch: 25, Loss: 13.9343, Rmse_valid: 16.5517, valid_score: 38752.5, , rmse_test: 13.3714, score_test: 914.9, Learning rate:0.00002000
Epoch: 26, Loss: 13.9403, Rmse_valid: 16.3974, valid_score: 38793.0, , rmse_test: 13.3932, score_test: 921.7, Learning rate:0.00002000
Epoch: 27, Loss: 13.9427, Rmse_valid: 16.2447, valid_score: 39739.8, , rmse_test: 13.3442, score_test: 952.9, Learning rate:0.00002000
Epoch: 28, Loss: 13.9447, Rmse_valid: 16.2546, valid_score: 39015.6, , rmse_test: 13.3488, score_test: 922.4, Learning rate:0.00002000
Epoch: 29, Loss: 13.9427, Rmse_valid: 16.3886, valid_score: 39888.3, , rmse_test: 13.3900, score_test: 941.4, Learning rate:0.00002000
Epoch: 30, Loss: 13.9216, Rmse_valid: 16.4923, valid_score: 39525.5, , rmse_test: 13.4285, score_test: 941.4, Learning rate:0.00002000
[Train Summary] Restored best model from epoch 22, rmse_valid: 16.2178, valid_score: 38915.4, rmse_test: 13.3783, score_test: 935.3
[Train Time] start: 2026-07-02 06:23:45, end: 2026-07-02 06:27:44, duration: 0:04:00, total_seconds: 239.80
[Auto Test] command: /usr/local/miniconda3/envs/HV/bin/python /Mamba_Rul/scipt/test_model.py --sub-dataset FD002 --smooth-rate 40 --sequence-len 30 --feature-num 14 --dataset-root /Mamba_Rul/CMAPSSData/ --max-rul 125 --batch-size 128 --model-path /Mamba_Rul/logs/FD002_MB/seed17/model_FD002_0702_062345_seed17.pkl
model_path:/Mamba_Rul/logs/FD002_MB/seed17/model_FD002_0702_062345_seed17.pkl
rmse_final:13.331531524658203, score:907.039306640625
