-----FD001-----
关键参数:
序列长度: 30
批大小(batch_size): 128
最大训练轮数(max_epochs): 30
随机数种子: 33
模型代号(model_code): A_weight_decay_0.0001
模型结构(model_structure): encoderdecoder
消融预设(ablation_preset): A - KNN graph + GAT-LSTM with encoder and decoder (AEF on)
学习率: 0.002
学习率调度器: step
Step步长(step_size): 10
Step衰减系数(gamma): 0.1
空间GAT: 开启
是否使用解码器LSTM: 是
是否使用AEF: 是
Decoder注意力隐层维度: 28
图构建模式(graph_mode): dynamic_knn
GAT层数(num_layers): 2
GAT邻居数(topk): 7
GAT嵌入维度: 8
GAT隐藏层维度: 8
------------------------------
Epoch: 1, Loss: 23.6646, Rmse_valid: 21.1385, valid_score: 15259.3, , rmse_test: 22.5019, score_test: 9175.6, Learning rate:0.00200000
Epoch: 2, Loss: 19.1766, Rmse_valid: 17.4035, valid_score: 10682.9, , rmse_test: 17.6367, score_test: 614.0, Learning rate:0.00200000
Epoch: 3, Loss: 15.8371, Rmse_valid: 15.9732, valid_score: 11697.6, , rmse_test: 19.0602, score_test: 764.3, Learning rate:0.00200000
Epoch: 4, Loss: 14.5418, Rmse_valid: 12.9742, valid_score: 4717.0, , rmse_test: 14.2879, score_test: 329.3, Learning rate:0.00200000
Epoch: 5, Loss: 13.6269, Rmse_valid: 12.1621, valid_score: 3986.8, , rmse_test: 14.4544, score_test: 289.2, Learning rate:0.00200000
Epoch: 6, Loss: 13.0871, Rmse_valid: 12.1920, valid_score: 4844.5, , rmse_test: 14.8544, score_test: 331.4, Learning rate:0.00200000
Epoch: 7, Loss: 12.7143, Rmse_valid: 12.7149, valid_score: 5532.7, , rmse_test: 14.9710, score_test: 462.1, Learning rate:0.00200000
Epoch: 8, Loss: 12.4705, Rmse_valid: 13.0576, valid_score: 3770.1, , rmse_test: 13.8829, score_test: 253.4, Learning rate:0.00200000
Epoch: 9, Loss: 12.3464, Rmse_valid: 11.3618, valid_score: 3864.8, , rmse_test: 14.0200, score_test: 352.9, Learning rate:0.00200000
Epoch: 10, Loss: 11.8946, Rmse_valid: 12.7325, valid_score: 5937.3, , rmse_test: 16.8427, score_test: 694.2, Learning rate:0.00200000
Epoch: 11, Loss: 10.7237, Rmse_valid: 10.6365, valid_score: 4400.6, , rmse_test: 14.6974, score_test: 458.2, Learning rate:0.00020000
Epoch: 12, Loss: 10.5384, Rmse_valid: 10.5123, valid_score: 3669.9, , rmse_test: 14.0204, score_test: 370.1, Learning rate:0.00020000
Epoch: 13, Loss: 10.4753, Rmse_valid: 10.9731, valid_score: 3547.0, , rmse_test: 14.0271, score_test: 348.5, Learning rate:0.00020000
Epoch: 14, Loss: 10.4226, Rmse_valid: 10.5380, valid_score: 3567.3, , rmse_test: 13.7854, score_test: 333.4, Learning rate:0.00020000
Epoch: 15, Loss: 10.3621, Rmse_valid: 11.0268, valid_score: 3717.0, , rmse_test: 13.8260, score_test: 300.6, Learning rate:0.00020000
Epoch: 16, Loss: 10.3106, Rmse_valid: 10.1725, valid_score: 4055.5, , rmse_test: 14.2481, score_test: 401.2, Learning rate:0.00020000
Epoch: 17, Loss: 10.2754, Rmse_valid: 10.5062, valid_score: 3542.6, , rmse_test: 13.8907, score_test: 338.4, Learning rate:0.00020000
Epoch: 18, Loss: 10.2413, Rmse_valid: 10.5210, valid_score: 4279.6, , rmse_test: 14.1267, score_test: 382.3, Learning rate:0.00020000
Epoch: 19, Loss: 10.2133, Rmse_valid: 10.7501, valid_score: 3586.0, , rmse_test: 13.9465, score_test: 316.1, Learning rate:0.00020000
Epoch: 20, Loss: 10.1691, Rmse_valid: 10.2275, valid_score: 3719.5, , rmse_test: 13.9769, score_test: 345.7, Learning rate:0.00020000
Epoch: 21, Loss: 10.0743, Rmse_valid: 10.3037, valid_score: 3875.3, , rmse_test: 13.9879, score_test: 350.1, Learning rate:0.00002000
Epoch: 22, Loss: 10.0654, Rmse_valid: 10.1570, valid_score: 3891.3, , rmse_test: 14.0243, score_test: 353.9, Learning rate:0.00002000
Epoch: 23, Loss: 10.0581, Rmse_valid: 10.7828, valid_score: 3909.4, , rmse_test: 14.0638, score_test: 362.7, Learning rate:0.00002000
Epoch: 24, Loss: 10.0576, Rmse_valid: 10.2435, valid_score: 3827.4, , rmse_test: 14.0079, score_test: 350.5, Learning rate:0.00002000
Epoch: 25, Loss: 10.0565, Rmse_valid: 9.9282, valid_score: 3982.0, , rmse_test: 14.1021, score_test: 368.7, Learning rate:0.00002000
Epoch: 26, Loss: 10.0501, Rmse_valid: 10.6224, valid_score: 3856.9, , rmse_test: 14.0262, score_test: 352.0, Learning rate:0.00002000
Epoch: 27, Loss: 10.0546, Rmse_valid: 10.4479, valid_score: 3885.1, , rmse_test: 14.0294, score_test: 353.8, Learning rate:0.00002000
Epoch: 28, Loss: 10.0442, Rmse_valid: 9.9983, valid_score: 3970.5, , rmse_test: 14.1047, score_test: 368.1, Learning rate:0.00002000
Epoch: 29, Loss: 10.0422, Rmse_valid: 10.2879, valid_score: 3982.3, , rmse_test: 14.0646, score_test: 358.1, Learning rate:0.00002000
Epoch: 30, Loss: 10.0331, Rmse_valid: 10.4801, valid_score: 4061.2, , rmse_test: 14.1407, score_test: 373.0, Learning rate:0.00002000
[Train Summary] Restored best model from epoch 25, rmse_valid: 9.9282, valid_score: 3982.0, rmse_test: 14.1021, score_test: 368.7
[Train Time] start: 2026-04-27 18:05:42, end: 2026-04-27 18:07:15, duration: 0:01:33, total_seconds: 92.85
[Auto Test] command: /usr/bin/python /CMAPSS-release/scipt/test_model.py --sub-dataset FD001 --smooth-rate 30 --sequence-len 30 --feature-num 14 --dataset-root /CMAPSS-release/CMAPSSData/ --max-rul 125 --batch-size 128 --model-path /CMAPSS-release/logs/FD001_A_weight_decay_0.0001/seed33/model_FD001_0427_180542_seed33.pkl
model_path:/CMAPSS-release/logs/FD001_A_weight_decay_0.0001/seed33/model_FD001_0427_180542_seed33.pkl
rmse_final:13.994284629821777, score:356.24609375
