-----FD002-----
关键参数:
序列长度: 50
批大小(batch_size): 128
最大训练轮数(max_epochs): 30
随机数种子: 2
模型代号(model_code): GAT_EDmamba+50
模型结构(model_structure): mamba_mamba
学习率: 0.002
学习率调度器: step
Step步长(step_size): 10
Step衰减系数(gamma): 0.1
use_gat: True
gat_hidden_dim: 8
编码器: 2层Mamba
解码器: 2层Mamba
encoder_hidden_size: 16
mamba_num_layers: 2
mamba_d_state: 16
------------------------------
Epoch: 1, Loss: 30.9165, Rmse_valid: 26.4131, valid_score: 207807.9, , rmse_test: 25.3616, score_test: 10984.4, Learning rate:0.00200000
Epoch: 2, Loss: 23.5951, Rmse_valid: 22.6773, valid_score: 36191.0, , rmse_test: 19.8002, score_test: 1516.4, Learning rate:0.00200000
Epoch: 3, Loss: 19.6717, Rmse_valid: 24.1432, valid_score: 79307.0, , rmse_test: 21.9141, score_test: 4051.4, Learning rate:0.00200000
Epoch: 4, Loss: 18.1458, Rmse_valid: 19.9118, valid_score: 28687.7, , rmse_test: 17.7795, score_test: 1106.1, Learning rate:0.00200000
Epoch: 5, Loss: 17.0906, Rmse_valid: 18.4575, valid_score: 58028.1, , rmse_test: 16.2438, score_test: 1679.8, Learning rate:0.00200000
Epoch: 6, Loss: 16.2647, Rmse_valid: 20.3394, valid_score: 59607.9, , rmse_test: 17.0839, score_test: 1738.9, Learning rate:0.00200000
Epoch: 7, Loss: 15.6176, Rmse_valid: 26.2959, valid_score: 76761.9, , rmse_test: 24.1702, score_test: 4849.8, Learning rate:0.00200000
Epoch: 8, Loss: 15.0733, Rmse_valid: 18.6884, valid_score: 31593.0, , rmse_test: 16.5135, score_test: 1106.2, Learning rate:0.00200000
Epoch: 9, Loss: 14.5916, Rmse_valid: 19.9346, valid_score: 58305.9, , rmse_test: 19.3922, score_test: 4905.6, Learning rate:0.00200000
Epoch: 10, Loss: 13.9154, Rmse_valid: 16.7057, valid_score: 31986.8, , rmse_test: 14.4140, score_test: 1365.4, Learning rate:0.00200000
Epoch: 11, Loss: 11.5018, Rmse_valid: 16.7602, valid_score: 57315.8, , rmse_test: 14.7686, score_test: 1266.0, Learning rate:0.00020000
Epoch: 12, Loss: 11.2115, Rmse_valid: 16.8245, valid_score: 65856.0, , rmse_test: 15.1438, score_test: 1606.5, Learning rate:0.00020000
Epoch: 13, Loss: 11.0518, Rmse_valid: 16.6396, valid_score: 56321.3, , rmse_test: 15.3569, score_test: 1540.1, Learning rate:0.00020000
Epoch: 14, Loss: 10.9129, Rmse_valid: 16.7176, valid_score: 55427.5, , rmse_test: 15.3181, score_test: 1585.6, Learning rate:0.00020000
Epoch: 15, Loss: 10.7407, Rmse_valid: 16.8048, valid_score: 53860.7, , rmse_test: 14.8866, score_test: 1502.5, Learning rate:0.00020000
Epoch: 16, Loss: 10.6396, Rmse_valid: 16.7392, valid_score: 66224.6, , rmse_test: 16.8019, score_test: 2984.6, Learning rate:0.00020000
Epoch: 17, Loss: 10.5056, Rmse_valid: 16.5844, valid_score: 45510.2, , rmse_test: 15.3708, score_test: 1652.4, Learning rate:0.00020000
Epoch: 18, Loss: 10.3899, Rmse_valid: 16.7205, valid_score: 49678.5, , rmse_test: 15.4932, score_test: 2228.0, Learning rate:0.00020000
Epoch: 19, Loss: 10.2519, Rmse_valid: 16.7648, valid_score: 34858.2, , rmse_test: 15.0219, score_test: 1559.8, Learning rate:0.00020000
Epoch: 20, Loss: 10.1255, Rmse_valid: 16.7008, valid_score: 47797.5, , rmse_test: 15.2901, score_test: 1949.6, Learning rate:0.00020000
Epoch: 21, Loss: 9.9135, Rmse_valid: 16.6190, valid_score: 47957.3, , rmse_test: 15.4394, score_test: 1933.5, Learning rate:0.00002000
Epoch: 22, Loss: 9.8791, Rmse_valid: 16.7595, valid_score: 49184.6, , rmse_test: 15.3719, score_test: 1988.4, Learning rate:0.00002000
Epoch: 23, Loss: 9.8421, Rmse_valid: 16.6072, valid_score: 44377.7, , rmse_test: 15.3384, score_test: 1913.3, Learning rate:0.00002000
Epoch: 24, Loss: 9.8368, Rmse_valid: 16.3336, valid_score: 41959.5, , rmse_test: 15.3350, score_test: 1873.5, Learning rate:0.00002000
Epoch: 25, Loss: 9.8379, Rmse_valid: 16.6409, valid_score: 44647.9, , rmse_test: 15.4621, score_test: 2024.8, Learning rate:0.00002000
Epoch: 26, Loss: 9.8105, Rmse_valid: 16.3023, valid_score: 45525.4, , rmse_test: 15.5790, score_test: 2094.2, Learning rate:0.00002000
Epoch: 27, Loss: 9.7592, Rmse_valid: 16.4868, valid_score: 45256.2, , rmse_test: 15.5682, score_test: 2004.3, Learning rate:0.00002000
Epoch: 28, Loss: 9.7740, Rmse_valid: 16.5610, valid_score: 46124.1, , rmse_test: 15.5490, score_test: 2069.6, Learning rate:0.00002000
Epoch: 29, Loss: 9.7765, Rmse_valid: 16.7610, valid_score: 46839.4, , rmse_test: 15.5211, score_test: 2032.7, Learning rate:0.00002000
Epoch: 30, Loss: 9.7616, Rmse_valid: 16.9528, valid_score: 45495.6, , rmse_test: 15.5980, score_test: 2042.1, Learning rate:0.00002000
[Train Summary] Restored best model from epoch 26, rmse_valid: 16.3023, valid_score: 45525.4, rmse_test: 15.5790, score_test: 2094.2
[Train Time] start: 2026-07-22 14:36:39, end: 2026-07-22 14:45:32, duration: 0:08:53, total_seconds: 533.49
[Auto Test] command: /usr/local/miniconda3/envs/HV/bin/python /Mamba_Rul/test_GAT_EDmamba/test_model.py --sub-dataset FD002 --smooth-rate 40 --sequence-len 50 --feature-num 14 --dataset-root /Mamba_Rul/CMAPSSData/ --max-rul 125 --batch-size 128 --model-path /Mamba_Rul/logs/FD002_GAT_EDmamba+50/seed2/model_FD002_0722_143639_seed2.pkl
model_path:/Mamba_Rul/logs/FD002_GAT_EDmamba+50/seed2/model_FD002_0722_143639_seed2.pkl
rmse_final:15.520318984985352, score:1990.865234375
