-----FD003-----
关键参数:
序列长度: 30
批大小(batch_size): 128
最大训练轮数(max_epochs): 30
随机数种子: 88
模型代号(model_code): FD003_E
模型结构(model_structure): original
消融预设(ablation_preset): E - Only original GAT-LSTM
学习率: 0.002
学习率调度器: step
Step步长(step_size): 10
Step衰减系数(gamma): 0.1
空间GAT: 由模型内部默认启用
图构建模式(graph_mode): path
GAT层数(num_layers): 2
GAT邻居数(topk): 7
GAT嵌入维度: 8
GAT隐藏层维度: 8
------------------------------
Epoch: 1, Loss: 40.1816, Rmse_valid: 36.9809, valid_score: 383298.8, , rmse_test: 31.4400, score_test: 19083.0, Learning rate:0.00200000
Epoch: 2, Loss: 31.9410, Rmse_valid: 25.2582, valid_score: 61174.2, , rmse_test: 26.8844, score_test: 2705.2, Learning rate:0.00200000
Epoch: 3, Loss: 28.3045, Rmse_valid: 22.7159, valid_score: 71805.1, , rmse_test: 27.1008, score_test: 5699.9, Learning rate:0.00200000
Epoch: 4, Loss: 25.6563, Rmse_valid: 22.5723, valid_score: 31299.2, , rmse_test: 23.8449, score_test: 3404.5, Learning rate:0.00200000
Epoch: 5, Loss: 20.4520, Rmse_valid: 17.3925, valid_score: 28404.4, , rmse_test: 20.4396, score_test: 2922.2, Learning rate:0.00200000
Epoch: 6, Loss: 18.5548, Rmse_valid: 17.5816, valid_score: 36964.1, , rmse_test: 20.4286, score_test: 3095.8, Learning rate:0.00200000
Epoch: 7, Loss: 17.7570, Rmse_valid: 17.6034, valid_score: 20935.5, , rmse_test: 18.9706, score_test: 1583.8, Learning rate:0.00200000
Epoch: 8, Loss: 16.7341, Rmse_valid: 21.8768, valid_score: 25301.3, , rmse_test: 18.3237, score_test: 916.0, Learning rate:0.00200000
Epoch: 9, Loss: 16.0712, Rmse_valid: 16.0938, valid_score: 20714.0, , rmse_test: 18.4864, score_test: 1234.3, Learning rate:0.00200000
Epoch: 10, Loss: 15.7930, Rmse_valid: 16.1949, valid_score: 18994.0, , rmse_test: 17.3204, score_test: 771.3, Learning rate:0.00200000
Epoch: 11, Loss: 14.5091, Rmse_valid: 15.8361, valid_score: 19964.6, , rmse_test: 17.7126, score_test: 938.6, Learning rate:0.00020000
Epoch: 12, Loss: 14.4508, Rmse_valid: 15.8986, valid_score: 18415.0, , rmse_test: 17.6036, score_test: 920.2, Learning rate:0.00020000
Epoch: 13, Loss: 14.3947, Rmse_valid: 15.8710, valid_score: 19015.3, , rmse_test: 17.6558, score_test: 946.6, Learning rate:0.00020000
Epoch: 14, Loss: 14.3551, Rmse_valid: 16.0281, valid_score: 19285.9, , rmse_test: 17.4801, score_test: 898.6, Learning rate:0.00020000
Epoch: 15, Loss: 14.3140, Rmse_valid: 15.7834, valid_score: 18999.3, , rmse_test: 17.5287, score_test: 932.1, Learning rate:0.00020000
Epoch: 16, Loss: 14.2671, Rmse_valid: 16.7056, valid_score: 17360.8, , rmse_test: 16.7600, score_test: 770.9, Learning rate:0.00020000
Epoch: 17, Loss: 14.2246, Rmse_valid: 15.7767, valid_score: 18484.9, , rmse_test: 17.2917, score_test: 846.4, Learning rate:0.00020000
Epoch: 18, Loss: 14.1816, Rmse_valid: 15.7827, valid_score: 17872.9, , rmse_test: 17.1504, score_test: 826.1, Learning rate:0.00020000
Epoch: 19, Loss: 14.1535, Rmse_valid: 15.4466, valid_score: 18219.4, , rmse_test: 17.2642, score_test: 794.8, Learning rate:0.00020000
Epoch: 20, Loss: 14.1269, Rmse_valid: 15.6015, valid_score: 17145.5, , rmse_test: 17.0445, score_test: 769.5, Learning rate:0.00020000
Epoch: 21, Loss: 14.0498, Rmse_valid: 15.7386, valid_score: 18777.8, , rmse_test: 17.1590, score_test: 836.4, Learning rate:0.00002000
Epoch: 22, Loss: 14.0384, Rmse_valid: 15.5544, valid_score: 18708.9, , rmse_test: 17.1227, score_test: 812.6, Learning rate:0.00002000
Epoch: 23, Loss: 14.0386, Rmse_valid: 15.6321, valid_score: 19014.9, , rmse_test: 17.1935, score_test: 831.3, Learning rate:0.00002000
Epoch: 24, Loss: 14.0326, Rmse_valid: 15.6597, valid_score: 18546.8, , rmse_test: 17.0938, score_test: 818.1, Learning rate:0.00002000
Epoch: 25, Loss: 14.0287, Rmse_valid: 15.7960, valid_score: 18244.9, , rmse_test: 16.9723, score_test: 792.0, Learning rate:0.00002000
Epoch: 26, Loss: 14.0242, Rmse_valid: 15.5763, valid_score: 18476.5, , rmse_test: 17.0371, score_test: 796.2, Learning rate:0.00002000
Epoch: 27, Loss: 14.0206, Rmse_valid: 15.7455, valid_score: 18259.2, , rmse_test: 16.9907, score_test: 797.6, Learning rate:0.00002000
Epoch: 28, Loss: 14.0165, Rmse_valid: 15.4598, valid_score: 19004.3, , rmse_test: 17.1920, score_test: 838.5, Learning rate:0.00002000
Epoch: 29, Loss: 14.0120, Rmse_valid: 15.6730, valid_score: 18603.1, , rmse_test: 17.0663, score_test: 808.6, Learning rate:0.00002000
Epoch: 30, Loss: 14.0099, Rmse_valid: 15.5032, valid_score: 19007.5, , rmse_test: 17.1962, score_test: 833.8, Learning rate:0.00002000
[Train Summary] Restored best model from epoch 19, rmse_valid: 15.4466, valid_score: 18219.4, rmse_test: 17.2642, score_test: 794.8
[Train Time] start: 2026-04-20 10:00:53, end: 2026-04-20 10:02:26, duration: 0:01:33, total_seconds: 93.08
[Auto Test] command: /usr/bin/python /CMAPSS-release/scipt/test_model.py --sub-dataset FD003 --smooth-rate 40 --sequence-len 30 --feature-num 14 --dataset-root /CMAPSS-release/CMAPSSData/ --max-rul 125 --batch-size 128 --model-path /CMAPSS-release/logs/FD003_FD003_E/seed88/model_FD003_0420_100053_seed88.pkl
model_path:/CMAPSS-release/logs/FD003_FD003_E/seed88/model_FD003_0420_100053_seed88.pkl
rmse_final:17.076005935668945, score:755.76708984375
