-----FD002-----
关键参数:
序列长度: 30
批大小(batch_size): 128
最大训练轮数(max_epochs): 30
随机数种子: 97
模型代号(model_code): A_AEF_0FF
模型结构(model_structure): encoderdecoder
消融预设(ablation_preset): A_AEF_0FF - KNN graph + GAT-LSTM with encoder and decoder (AEF off)
学习率: 0.002
学习率调度器: step
Step步长(step_size): 10
Step衰减系数(gamma): 0.1
空间GAT: 开启
是否使用解码器LSTM: 是
是否使用AEF: 否
Decoder注意力隐层维度: 28
图构建模式(graph_mode): dynamic_knn
GAT层数(num_layers): 2
GAT邻居数(topk): 7
GAT嵌入维度: 8
GAT隐藏层维度: 8
------------------------------
Epoch: 1, Loss: 28.1941, Rmse_valid: 24.0896, valid_score: 246375.1, , rmse_test: 22.9023, score_test: 13925.5, Learning rate:0.00200000
Epoch: 2, Loss: 22.9512, Rmse_valid: 22.8938, valid_score: 97245.2, , rmse_test: 21.9648, score_test: 4099.3, Learning rate:0.00200000
Epoch: 3, Loss: 21.8687, Rmse_valid: 20.1783, valid_score: 70283.2, , rmse_test: 18.4001, score_test: 2233.4, Learning rate:0.00200000
Epoch: 4, Loss: 21.5981, Rmse_valid: 21.0434, valid_score: 117992.7, , rmse_test: 19.8332, score_test: 3206.8, Learning rate:0.00200000
Epoch: 5, Loss: 20.1593, Rmse_valid: 28.0863, valid_score: 470595.5, , rmse_test: 25.4264, score_test: 17234.0, Learning rate:0.00200000
Epoch: 6, Loss: 19.4426, Rmse_valid: 19.1436, valid_score: 53940.6, , rmse_test: 17.1880, score_test: 1769.0, Learning rate:0.00200000
Epoch: 7, Loss: 18.1482, Rmse_valid: 24.2882, valid_score: 121068.6, , rmse_test: 21.6554, score_test: 5400.3, Learning rate:0.00200000
Epoch: 8, Loss: 17.6370, Rmse_valid: 18.6530, valid_score: 59034.1, , rmse_test: 15.7722, score_test: 1110.9, Learning rate:0.00200000
Epoch: 9, Loss: 16.7918, Rmse_valid: 18.8071, valid_score: 31055.6, , rmse_test: 16.6953, score_test: 1033.9, Learning rate:0.00200000
Epoch: 10, Loss: 16.6879, Rmse_valid: 17.3646, valid_score: 38061.8, , rmse_test: 15.1575, score_test: 928.3, Learning rate:0.00200000
Epoch: 11, Loss: 14.5905, Rmse_valid: 17.0319, valid_score: 58471.0, , rmse_test: 14.2093, score_test: 1028.7, Learning rate:0.00020000
Epoch: 12, Loss: 14.3398, Rmse_valid: 17.3226, valid_score: 60770.1, , rmse_test: 14.1871, score_test: 1032.3, Learning rate:0.00020000
Epoch: 13, Loss: 14.1861, Rmse_valid: 17.1196, valid_score: 51166.5, , rmse_test: 13.9849, score_test: 938.0, Learning rate:0.00020000
Epoch: 14, Loss: 14.0822, Rmse_valid: 16.7682, valid_score: 52301.9, , rmse_test: 14.0161, score_test: 994.0, Learning rate:0.00020000
Epoch: 15, Loss: 13.9915, Rmse_valid: 16.7963, valid_score: 50554.6, , rmse_test: 13.8715, score_test: 934.1, Learning rate:0.00020000
Epoch: 16, Loss: 13.9357, Rmse_valid: 16.9718, valid_score: 56201.8, , rmse_test: 13.8478, score_test: 969.6, Learning rate:0.00020000
Epoch: 17, Loss: 13.8773, Rmse_valid: 17.1844, valid_score: 64210.9, , rmse_test: 13.9725, score_test: 1027.6, Learning rate:0.00020000
Epoch: 18, Loss: 13.8354, Rmse_valid: 16.6784, valid_score: 53325.5, , rmse_test: 13.7756, score_test: 927.1, Learning rate:0.00020000
Epoch: 19, Loss: 13.7724, Rmse_valid: 16.5903, valid_score: 58031.2, , rmse_test: 13.9545, score_test: 1085.3, Learning rate:0.00020000
Epoch: 20, Loss: 13.7046, Rmse_valid: 16.4902, valid_score: 46776.3, , rmse_test: 13.7828, score_test: 911.0, Learning rate:0.00020000
Epoch: 21, Loss: 13.5731, Rmse_valid: 16.8832, valid_score: 55739.9, , rmse_test: 13.7735, score_test: 928.8, Learning rate:0.00002000
Epoch: 22, Loss: 13.5547, Rmse_valid: 16.8785, valid_score: 56010.6, , rmse_test: 13.7679, score_test: 939.7, Learning rate:0.00002000
Epoch: 23, Loss: 13.5492, Rmse_valid: 16.8588, valid_score: 57496.8, , rmse_test: 13.7792, score_test: 960.9, Learning rate:0.00002000
Epoch: 24, Loss: 13.5413, Rmse_valid: 16.8100, valid_score: 55726.8, , rmse_test: 13.8140, score_test: 943.6, Learning rate:0.00002000
Epoch: 25, Loss: 13.5365, Rmse_valid: 16.7505, valid_score: 56436.1, , rmse_test: 13.8152, score_test: 956.3, Learning rate:0.00002000
Epoch: 26, Loss: 13.5323, Rmse_valid: 16.7084, valid_score: 58124.3, , rmse_test: 13.8673, score_test: 998.7, Learning rate:0.00002000
Epoch: 27, Loss: 13.5228, Rmse_valid: 16.8051, valid_score: 56717.4, , rmse_test: 13.8295, score_test: 958.1, Learning rate:0.00002000
Epoch: 28, Loss: 13.5179, Rmse_valid: 16.7778, valid_score: 56360.6, , rmse_test: 13.7942, score_test: 958.0, Learning rate:0.00002000
Epoch: 29, Loss: 13.5126, Rmse_valid: 16.9923, valid_score: 57439.9, , rmse_test: 13.8110, score_test: 973.3, Learning rate:0.00002000
Epoch: 30, Loss: 13.5075, Rmse_valid: 16.6794, valid_score: 57015.1, , rmse_test: 13.8059, score_test: 967.8, Learning rate:0.00002000
[Train Summary] Restored best model from epoch 20, rmse_valid: 16.4902, valid_score: 46776.3, rmse_test: 13.7828, score_test: 911.0
[Train Time] start: 2026-04-25 13:48:43, end: 2026-04-25 13:52:24, duration: 0:03:41, total_seconds: 221.07
[Auto Test] command: /usr/bin/python /CMAPSS-release/scipt/test_model.py --sub-dataset FD002 --smooth-rate 40 --sequence-len 30 --feature-num 14 --dataset-root /CMAPSS-release/CMAPSSData/ --max-rul 125 --batch-size 128 --model-path /CMAPSS-release/logs/FD002_A_AEF_0FF/seed97/model_FD002_0425_134843_seed97.pkl
model_path:/CMAPSS-release/logs/FD002_A_AEF_0FF/seed97/model_FD002_0425_134843_seed97.pkl
rmse_final:13.74309253692627, score:879.498046875
