-----FD003-----
关键参数:
序列长度: 30
批大小(batch_size): 128
最大训练轮数(max_epochs): 30
随机数种子: 17
模型代号(model_code): FD003_E
模型结构(model_structure): original
消融预设(ablation_preset): E - Only original GAT-LSTM
学习率: 0.002
学习率调度器: step
Step步长(step_size): 10
Step衰减系数(gamma): 0.1
空间GAT: 由模型内部默认启用
图构建模式(graph_mode): path
GAT层数(num_layers): 2
GAT邻居数(topk): 7
GAT嵌入维度: 8
GAT隐藏层维度: 8
------------------------------
Epoch: 1, Loss: 31.2400, Rmse_valid: 14.9096, valid_score: 23228.6, , rmse_test: 17.9085, score_test: 3471.8, Learning rate:0.00200000
Epoch: 2, Loss: 18.8429, Rmse_valid: 12.7718, valid_score: 24190.6, , rmse_test: 19.3250, score_test: 5760.0, Learning rate:0.00200000
Epoch: 3, Loss: 17.4962, Rmse_valid: 12.9387, valid_score: 35846.0, , rmse_test: 20.6450, score_test: 9939.2, Learning rate:0.00200000
Epoch: 4, Loss: 16.7812, Rmse_valid: 13.3137, valid_score: 17193.5, , rmse_test: 17.2915, score_test: 3810.0, Learning rate:0.00200000
Epoch: 5, Loss: 16.5677, Rmse_valid: 12.4288, valid_score: 23416.1, , rmse_test: 18.1814, score_test: 5184.4, Learning rate:0.00200000
Epoch: 6, Loss: 16.1702, Rmse_valid: 12.6745, valid_score: 18030.4, , rmse_test: 16.8150, score_test: 2952.1, Learning rate:0.00200000
Epoch: 7, Loss: 15.9049, Rmse_valid: 14.1018, valid_score: 15141.8, , rmse_test: 15.4899, score_test: 1426.3, Learning rate:0.00200000
Epoch: 8, Loss: 15.6378, Rmse_valid: 19.0415, valid_score: 24905.4, , rmse_test: 19.2369, score_test: 3661.3, Learning rate:0.00200000
Epoch: 9, Loss: 14.9392, Rmse_valid: 12.8794, valid_score: 22673.6, , rmse_test: 15.7155, score_test: 1101.0, Learning rate:0.00200000
Epoch: 10, Loss: 14.7145, Rmse_valid: 12.3431, valid_score: 27140.6, , rmse_test: 17.7360, score_test: 2038.6, Learning rate:0.00200000
Epoch: 11, Loss: 13.2969, Rmse_valid: 12.7255, valid_score: 20398.8, , rmse_test: 15.4037, score_test: 993.4, Learning rate:0.00020000
Epoch: 12, Loss: 13.2204, Rmse_valid: 12.3971, valid_score: 23256.2, , rmse_test: 15.9356, score_test: 1124.1, Learning rate:0.00020000
Epoch: 13, Loss: 13.1731, Rmse_valid: 12.4880, valid_score: 23413.1, , rmse_test: 15.8797, score_test: 1165.0, Learning rate:0.00020000
Epoch: 14, Loss: 13.1242, Rmse_valid: 12.6125, valid_score: 20937.0, , rmse_test: 15.2925, score_test: 885.7, Learning rate:0.00020000
Epoch: 15, Loss: 13.0748, Rmse_valid: 12.4686, valid_score: 22525.9, , rmse_test: 15.8914, score_test: 1121.8, Learning rate:0.00020000
Epoch: 16, Loss: 13.0049, Rmse_valid: 12.4319, valid_score: 21574.2, , rmse_test: 15.5353, score_test: 994.1, Learning rate:0.00020000
Epoch: 17, Loss: 12.9815, Rmse_valid: 12.9255, valid_score: 19791.4, , rmse_test: 15.5419, score_test: 1039.2, Learning rate:0.00020000
Epoch: 18, Loss: 12.9368, Rmse_valid: 12.5667, valid_score: 21236.0, , rmse_test: 15.3809, score_test: 935.6, Learning rate:0.00020000
Epoch: 19, Loss: 12.9272, Rmse_valid: 12.6581, valid_score: 21631.3, , rmse_test: 15.6330, score_test: 965.4, Learning rate:0.00020000
Epoch: 20, Loss: 12.8862, Rmse_valid: 12.3246, valid_score: 23106.6, , rmse_test: 15.7650, score_test: 1116.3, Learning rate:0.00020000
Epoch: 21, Loss: 12.8471, Rmse_valid: 12.6781, valid_score: 20214.6, , rmse_test: 15.4117, score_test: 937.5, Learning rate:0.00002000
Epoch: 22, Loss: 12.8374, Rmse_valid: 12.4155, valid_score: 20567.4, , rmse_test: 15.4198, score_test: 922.9, Learning rate:0.00002000
Epoch: 23, Loss: 12.8325, Rmse_valid: 12.5931, valid_score: 20665.8, , rmse_test: 15.4158, score_test: 917.0, Learning rate:0.00002000
Epoch: 24, Loss: 12.8331, Rmse_valid: 12.6289, valid_score: 20716.6, , rmse_test: 15.4854, score_test: 953.9, Learning rate:0.00002000
Epoch: 25, Loss: 12.8289, Rmse_valid: 12.6601, valid_score: 20026.1, , rmse_test: 15.3044, score_test: 892.8, Learning rate:0.00002000
Epoch: 26, Loss: 12.8266, Rmse_valid: 12.6944, valid_score: 20510.6, , rmse_test: 15.4276, score_test: 920.4, Learning rate:0.00002000
Epoch: 27, Loss: 12.8226, Rmse_valid: 12.5470, valid_score: 20515.6, , rmse_test: 15.3691, score_test: 897.0, Learning rate:0.00002000
Epoch: 28, Loss: 12.8196, Rmse_valid: 12.6276, valid_score: 20683.8, , rmse_test: 15.3562, score_test: 890.4, Learning rate:0.00002000
Epoch: 29, Loss: 12.8192, Rmse_valid: 12.5604, valid_score: 20567.8, , rmse_test: 15.3571, score_test: 886.5, Learning rate:0.00002000
Epoch: 30, Loss: 12.8132, Rmse_valid: 12.7343, valid_score: 20031.9, , rmse_test: 15.3154, score_test: 869.8, Learning rate:0.00002000
[Train Summary] Restored best model from epoch 20, rmse_valid: 12.3246, valid_score: 23106.6, rmse_test: 15.7650, score_test: 1116.3
[Train Time] start: 2026-04-20 09:47:18, end: 2026-04-20 09:48:59, duration: 0:01:42, total_seconds: 101.64
[Auto Test] command: /usr/bin/python /CMAPSS-release/scipt/test_model.py --sub-dataset FD003 --smooth-rate 40 --sequence-len 30 --feature-num 14 --dataset-root /CMAPSS-release/CMAPSSData/ --max-rul 125 --batch-size 128 --model-path /CMAPSS-release/logs/FD003_FD003_E/seed17/model_FD003_0420_094718_seed17.pkl
model_path:/CMAPSS-release/logs/FD003_FD003_E/seed17/model_FD003_0420_094718_seed17.pkl
rmse_final:15.596794128417969, score:1087.5465087890625
