-----FD001-----
关键参数:
序列长度: 30
批大小(batch_size): 128
最大训练轮数(max_epochs): 30
随机数种子: 17
模型代号(model_code): MB
模型结构(model_structure): lstm_mamba_attention
学习率: 0.002
学习率调度器: step
Step步长(step_size): 10
Step衰减系数(gamma): 0.1
编码器: LSTM
编码器后处理: 2层Mamba block
encoder_hidden_size: 8
mamba_num_layers: 2
mamba_d_state: 16
decoder_attention_size: 28
------------------------------
Epoch: 1, Loss: 25.7579, Rmse_valid: 16.9761, valid_score: 7540.9, , rmse_test: 16.8203, score_test: 470.4, Learning rate:0.00200000
Epoch: 2, Loss: 16.2545, Rmse_valid: 13.8552, valid_score: 5622.8, , rmse_test: 15.4853, score_test: 446.6, Learning rate:0.00200000
Epoch: 3, Loss: 14.5863, Rmse_valid: 12.6652, valid_score: 4665.6, , rmse_test: 15.1708, score_test: 432.8, Learning rate:0.00200000
Epoch: 4, Loss: 13.8354, Rmse_valid: 15.2133, valid_score: 10529.8, , rmse_test: 19.1802, score_test: 1047.0, Learning rate:0.00200000
Epoch: 5, Loss: 13.4511, Rmse_valid: 12.3256, valid_score: 5484.9, , rmse_test: 15.4762, score_test: 389.3, Learning rate:0.00200000
Epoch: 6, Loss: 13.0381, Rmse_valid: 11.0157, valid_score: 3357.1, , rmse_test: 13.9042, score_test: 295.4, Learning rate:0.00200000
Epoch: 7, Loss: 12.6271, Rmse_valid: 12.7576, valid_score: 6476.8, , rmse_test: 15.6175, score_test: 470.0, Learning rate:0.00200000
Epoch: 8, Loss: 12.2778, Rmse_valid: 12.4552, valid_score: 3605.2, , rmse_test: 15.2694, score_test: 323.8, Learning rate:0.00200000
Epoch: 9, Loss: 12.2554, Rmse_valid: 11.0783, valid_score: 2971.7, , rmse_test: 13.9482, score_test: 256.9, Learning rate:0.00200000
Epoch: 10, Loss: 11.9022, Rmse_valid: 10.2133, valid_score: 2959.6, , rmse_test: 13.5319, score_test: 260.9, Learning rate:0.00200000
Epoch: 11, Loss: 10.9101, Rmse_valid: 10.1134, valid_score: 3490.0, , rmse_test: 13.6309, score_test: 317.8, Learning rate:0.00020000
Epoch: 12, Loss: 10.8579, Rmse_valid: 10.3038, valid_score: 3456.7, , rmse_test: 13.6925, score_test: 332.9, Learning rate:0.00020000
Epoch: 13, Loss: 10.8062, Rmse_valid: 10.3142, valid_score: 3376.7, , rmse_test: 13.6035, score_test: 320.3, Learning rate:0.00020000
Epoch: 14, Loss: 10.7727, Rmse_valid: 10.4174, valid_score: 3290.8, , rmse_test: 13.6231, score_test: 316.8, Learning rate:0.00020000
Epoch: 15, Loss: 10.6936, Rmse_valid: 9.9691, valid_score: 3463.7, , rmse_test: 13.6455, score_test: 336.1, Learning rate:0.00020000
Epoch: 16, Loss: 10.6738, Rmse_valid: 10.4935, valid_score: 3865.0, , rmse_test: 13.8823, score_test: 361.3, Learning rate:0.00020000
Epoch: 17, Loss: 10.6298, Rmse_valid: 10.7350, valid_score: 3346.8, , rmse_test: 13.4177, score_test: 290.6, Learning rate:0.00020000
Epoch: 18, Loss: 10.6241, Rmse_valid: 10.9017, valid_score: 3910.0, , rmse_test: 13.7676, score_test: 348.2, Learning rate:0.00020000
Epoch: 19, Loss: 10.5604, Rmse_valid: 10.1619, valid_score: 3811.7, , rmse_test: 13.8093, score_test: 365.7, Learning rate:0.00020000
Epoch: 20, Loss: 10.5352, Rmse_valid: 10.7555, valid_score: 3330.9, , rmse_test: 13.4081, score_test: 310.3, Learning rate:0.00020000
Epoch: 21, Loss: 10.4670, Rmse_valid: 10.2037, valid_score: 3588.7, , rmse_test: 13.5532, score_test: 330.6, Learning rate:0.00002000
Epoch: 22, Loss: 10.4853, Rmse_valid: 10.4807, valid_score: 3531.6, , rmse_test: 13.5249, score_test: 327.5, Learning rate:0.00002000
Epoch: 23, Loss: 10.4673, Rmse_valid: 10.0635, valid_score: 3504.9, , rmse_test: 13.4861, score_test: 321.2, Learning rate:0.00002000
Epoch: 24, Loss: 10.4716, Rmse_valid: 10.6674, valid_score: 3490.9, , rmse_test: 13.5095, score_test: 325.9, Learning rate:0.00002000
Epoch: 25, Loss: 10.4562, Rmse_valid: 10.3469, valid_score: 3554.3, , rmse_test: 13.5139, score_test: 323.5, Learning rate:0.00002000
Epoch: 26, Loss: 10.4390, Rmse_valid: 10.6460, valid_score: 3482.9, , rmse_test: 13.4756, score_test: 322.1, Learning rate:0.00002000
Epoch: 27, Loss: 10.4539, Rmse_valid: 10.1682, valid_score: 3537.8, , rmse_test: 13.5267, score_test: 330.8, Learning rate:0.00002000
Epoch: 28, Loss: 10.4607, Rmse_valid: 10.3061, valid_score: 3621.8, , rmse_test: 13.5513, score_test: 332.6, Learning rate:0.00002000
Epoch: 29, Loss: 10.4619, Rmse_valid: 10.3630, valid_score: 3501.5, , rmse_test: 13.4969, score_test: 326.4, Learning rate:0.00002000
Epoch: 30, Loss: 10.4603, Rmse_valid: 10.5969, valid_score: 3553.4, , rmse_test: 13.5011, score_test: 328.0, Learning rate:0.00002000
[Train Summary] Restored best model from epoch 15, rmse_valid: 9.9691, valid_score: 3463.7, rmse_test: 13.6455, score_test: 336.1
[Train Time] start: 2026-07-02 06:07:11, end: 2026-07-02 06:08:46, duration: 0:01:35, total_seconds: 94.92
[Auto Test] command: /usr/local/miniconda3/envs/HV/bin/python /Mamba_Rul/scipt/test_model.py --sub-dataset FD001 --smooth-rate 30 --sequence-len 30 --feature-num 14 --dataset-root /Mamba_Rul/CMAPSSData/ --max-rul 125 --batch-size 128 --model-path /Mamba_Rul/logs/FD001_MB/seed17/model_FD001_0702_060711_seed17.pkl
model_path:/Mamba_Rul/logs/FD001_MB/seed17/model_FD001_0702_060711_seed17.pkl
rmse_final:13.549169540405273, score:322.9976501464844
