-----FD004-----
关键参数:
序列长度: 30
批大小(batch_size): 128
最大训练轮数(max_epochs): 30
随机数种子: 33
模型代号(model_code): A_AEF_0FF
模型结构(model_structure): encoderdecoder
消融预设(ablation_preset): A_AEF_0FF - KNN graph + GAT-LSTM with encoder and decoder (AEF off)
学习率: 0.002
学习率调度器: step
Step步长(step_size): 10
Step衰减系数(gamma): 0.1
空间GAT: 开启
是否使用解码器LSTM: 是
是否使用AEF: 否
Decoder注意力隐层维度: 28
图构建模式(graph_mode): dynamic_knn
GAT层数(num_layers): 2
GAT邻居数(topk): 7
GAT嵌入维度: 8
GAT隐藏层维度: 8
------------------------------
Epoch: 1, Loss: 25.8196, Rmse_valid: 21.4492, valid_score: 73892.5, , rmse_test: 25.4449, score_test: 8928.8, Learning rate:0.00200000
Epoch: 2, Loss: 22.8013, Rmse_valid: 20.3844, valid_score: 59382.6, , rmse_test: 24.1445, score_test: 6404.9, Learning rate:0.00200000
Epoch: 3, Loss: 21.5244, Rmse_valid: 19.7413, valid_score: 57049.7, , rmse_test: 21.8143, score_test: 4142.4, Learning rate:0.00200000
Epoch: 4, Loss: 20.5046, Rmse_valid: 19.6641, valid_score: 62916.1, , rmse_test: 22.2027, score_test: 4193.5, Learning rate:0.00200000
Epoch: 5, Loss: 19.7482, Rmse_valid: 21.2171, valid_score: 171532.0, , rmse_test: 22.2785, score_test: 6430.6, Learning rate:0.00200000
Epoch: 6, Loss: 19.2168, Rmse_valid: 18.4101, valid_score: 77953.8, , rmse_test: 20.2326, score_test: 4962.3, Learning rate:0.00200000
Epoch: 7, Loss: 18.7373, Rmse_valid: 18.0868, valid_score: 94703.7, , rmse_test: 19.9986, score_test: 5397.2, Learning rate:0.00200000
Epoch: 8, Loss: 18.3744, Rmse_valid: 19.0897, valid_score: 131027.0, , rmse_test: 20.2249, score_test: 6215.2, Learning rate:0.00200000
Epoch: 9, Loss: 18.0555, Rmse_valid: 17.8614, valid_score: 103113.9, , rmse_test: 17.9673, score_test: 2129.3, Learning rate:0.00200000
Epoch: 10, Loss: 17.7617, Rmse_valid: 16.8822, valid_score: 67065.7, , rmse_test: 18.5115, score_test: 2265.8, Learning rate:0.00200000
Epoch: 11, Loss: 16.0575, Rmse_valid: 17.1650, valid_score: 160961.7, , rmse_test: 18.0050, score_test: 2755.8, Learning rate:0.00020000
Epoch: 12, Loss: 15.8392, Rmse_valid: 17.0186, valid_score: 159597.5, , rmse_test: 17.6013, score_test: 2507.2, Learning rate:0.00020000
Epoch: 13, Loss: 15.7021, Rmse_valid: 16.6321, valid_score: 163230.6, , rmse_test: 17.6275, score_test: 2080.8, Learning rate:0.00020000
Epoch: 14, Loss: 15.6088, Rmse_valid: 16.7536, valid_score: 145314.5, , rmse_test: 17.1960, score_test: 1813.9, Learning rate:0.00020000
Epoch: 15, Loss: 15.5222, Rmse_valid: 16.6001, valid_score: 144258.8, , rmse_test: 17.5894, score_test: 2483.5, Learning rate:0.00020000
Epoch: 16, Loss: 15.4424, Rmse_valid: 16.7680, valid_score: 145264.2, , rmse_test: 17.6056, score_test: 2211.3, Learning rate:0.00020000
Epoch: 17, Loss: 15.3756, Rmse_valid: 16.6197, valid_score: 140036.3, , rmse_test: 17.3307, score_test: 1881.3, Learning rate:0.00020000
Epoch: 18, Loss: 15.2947, Rmse_valid: 16.6417, valid_score: 147450.6, , rmse_test: 18.1137, score_test: 2715.3, Learning rate:0.00020000
Epoch: 19, Loss: 15.2343, Rmse_valid: 16.2171, valid_score: 128884.4, , rmse_test: 17.5628, score_test: 1923.6, Learning rate:0.00020000
Epoch: 20, Loss: 15.1865, Rmse_valid: 16.3893, valid_score: 123442.8, , rmse_test: 17.2715, score_test: 1763.2, Learning rate:0.00020000
Epoch: 21, Loss: 15.0179, Rmse_valid: 16.4900, valid_score: 135541.5, , rmse_test: 17.5207, score_test: 2024.7, Learning rate:0.00002000
Epoch: 22, Loss: 14.9980, Rmse_valid: 16.2804, valid_score: 136744.7, , rmse_test: 17.5411, score_test: 2006.1, Learning rate:0.00002000
Epoch: 23, Loss: 14.9893, Rmse_valid: 16.4341, valid_score: 134480.5, , rmse_test: 17.5074, score_test: 1910.0, Learning rate:0.00002000
Epoch: 24, Loss: 14.9821, Rmse_valid: 16.3428, valid_score: 136292.7, , rmse_test: 17.4411, score_test: 1947.3, Learning rate:0.00002000
Epoch: 25, Loss: 14.9727, Rmse_valid: 16.3404, valid_score: 132279.0, , rmse_test: 17.4729, score_test: 1905.9, Learning rate:0.00002000
Epoch: 26, Loss: 14.9655, Rmse_valid: 16.3631, valid_score: 133914.7, , rmse_test: 17.5675, score_test: 1965.2, Learning rate:0.00002000
Epoch: 27, Loss: 14.9603, Rmse_valid: 16.3754, valid_score: 131904.0, , rmse_test: 17.4171, score_test: 1876.7, Learning rate:0.00002000
Epoch: 28, Loss: 14.9537, Rmse_valid: 16.4658, valid_score: 138097.8, , rmse_test: 17.5044, score_test: 1994.9, Learning rate:0.00002000
Epoch: 29, Loss: 14.9428, Rmse_valid: 16.4487, valid_score: 138680.5, , rmse_test: 17.5516, score_test: 2136.2, Learning rate:0.00002000
Epoch: 30, Loss: 14.9401, Rmse_valid: 16.2668, valid_score: 131868.2, , rmse_test: 17.4575, score_test: 1986.7, Learning rate:0.00002000
[Train Summary] Restored best model from epoch 19, rmse_valid: 16.2171, valid_score: 128884.4, rmse_test: 17.5628, score_test: 1923.6
[Train Time] start: 2026-04-25 14:28:47, end: 2026-04-25 14:32:52, duration: 0:04:05, total_seconds: 244.82
[Auto Test] command: /usr/bin/python /CMAPSS-release/scipt/test_model.py --sub-dataset FD004 --smooth-rate 40 --sequence-len 30 --feature-num 14 --dataset-root /CMAPSS-release/CMAPSSData/ --max-rul 125 --batch-size 128 --model-path /CMAPSS-release/logs/FD004_A_AEF_0FF/seed33/model_FD004_0425_142847_seed33.pkl
model_path:/CMAPSS-release/logs/FD004_A_AEF_0FF/seed33/model_FD004_0425_142847_seed33.pkl
rmse_final:17.546710968017578, score:1876.2115478515625
