-----FD004-----
模型: GAT_LSTM_AEFAOF_model(AEF与AOF均开启)
序列长度: 30
特征维度: 14
批大小: 128
最大训练轮数: 30
随机种子: 2
学习率: 0.0015
学习率调度器: step
Step步长(step_size): 10
Step衰减系数(gamma): 0.1
是否启用AEF: 是
是否启用AOF: 是
GAT隐藏层维度: [64, 64, 64]
LSTM隐藏层维度: [64, 64]
GAT Dropout系数: 0.1
GAT LeakyReLU系数(alpha): 0.1
图构建模式: dynamic_topk
节点嵌入维度(embed_dim): 8
Topk邻居数: 7
AOF注意力隐藏维度: 4
AEF注意力隐藏维度: 28
AEF/AOF融合方式: concat
是否启用指数平滑: True
平滑系数(smooth_rate): 40
------------------------------
第1轮, 训练损失: 44.2488, 验证集RMSE: 42.1748, 验证集S分数: 3592544.8, 测试集RMSE: 46.5555, 测试集S分数: 222954.7, 学习率: 0.00150000
第2轮, 训练损失: 41.3078, 验证集RMSE: 42.0561, 验证集S分数: 1671899.2, 测试集RMSE: 43.5696, 测试集S分数: 106874.3, 学习率: 0.00150000
第3轮, 训练损失: 40.7313, 验证集RMSE: 41.4246, 验证集S分数: 1218309.8, 测试集RMSE: 41.5887, 测试集S分数: 75108.1, 学习率: 0.00150000
第4轮, 训练损失: 40.2712, 验证集RMSE: 41.4218, 验证集S分数: 2785401.2, 测试集RMSE: 45.0250, 测试集S分数: 190110.1, 学习率: 0.00150000
第5轮, 训练损失: 40.0203, 验证集RMSE: 41.2843, 验证集S分数: 956695.9, 测试集RMSE: 40.5168, 测试集S分数: 63012.4, 学习率: 0.00150000
第6轮, 训练损失: 39.6001, 验证集RMSE: 40.3194, 验证集S分数: 2697847.5, 测试集RMSE: 45.0683, 测试集S分数: 216372.1, 学习率: 0.00150000
第7轮, 训练损失: 38.7340, 验证集RMSE: 38.7247, 验证集S分数: 2347355.8, 测试集RMSE: 43.5703, 测试集S分数: 207863.4, 学习率: 0.00150000
第8轮, 训练损失: 38.1963, 验证集RMSE: 38.5358, 验证集S分数: 1743536.8, 测试集RMSE: 42.2621, 测试集S分数: 144602.0, 学习率: 0.00150000
第9轮, 训练损失: 37.8111, 验证集RMSE: 38.0287, 验证集S分数: 1344893.0, 测试集RMSE: 41.7840, 测试集S分数: 123902.7, 学习率: 0.00150000
