-----FD004-----
关键参数:
序列长度: 30
批大小(batch_size): 128
最大训练轮数(max_epochs): 30
随机数种子: 88
模型代号(model_code): FD004_C
模型结构(model_structure): encoderdecoder
消融预设(ablation_preset): C - Path graph + GAT + Encoder-only LSTM (no decoder, no AOF)
学习率: 0.002
学习率调度器: step
Step步长(step_size): 10
Step衰减系数(gamma): 0.1
空间GAT: 开启
是否使用解码器LSTM: 否
是否使用AOF: 否
图构建模式(graph_mode): path
GAT层数(num_layers): 2
GAT邻居数(topk): 7
GAT嵌入维度: 8
GAT隐藏层维度: 8
------------------------------
Epoch: 1, Loss: 26.7432, Rmse_valid: 23.0210, valid_score: 131525.6, , rmse_test: 26.1057, score_test: 18022.7, Learning rate:0.00200000
Epoch: 2, Loss: 23.1921, Rmse_valid: 21.7167, valid_score: 78995.8, , rmse_test: 24.6272, score_test: 10672.5, Learning rate:0.00200000
Epoch: 3, Loss: 22.3707, Rmse_valid: 22.5735, valid_score: 111430.6, , rmse_test: 25.6680, score_test: 14958.9, Learning rate:0.00200000
Epoch: 4, Loss: 21.6003, Rmse_valid: 21.2226, valid_score: 89551.0, , rmse_test: 23.5104, score_test: 7002.1, Learning rate:0.00200000
Epoch: 5, Loss: 20.3906, Rmse_valid: 19.0307, valid_score: 64808.7, , rmse_test: 20.6883, score_test: 4632.5, Learning rate:0.00200000
Epoch: 6, Loss: 19.4362, Rmse_valid: 20.1168, valid_score: 88768.8, , rmse_test: 22.4732, score_test: 3489.8, Learning rate:0.00200000
Epoch: 7, Loss: 18.8219, Rmse_valid: 17.9205, valid_score: 34073.9, , rmse_test: 19.0686, score_test: 1985.2, Learning rate:0.00200000
Epoch: 8, Loss: 18.3416, Rmse_valid: 16.8050, valid_score: 38024.9, , rmse_test: 18.7854, score_test: 2636.8, Learning rate:0.00200000
Epoch: 9, Loss: 17.9624, Rmse_valid: 17.3632, valid_score: 52379.5, , rmse_test: 18.4670, score_test: 1928.3, Learning rate:0.00200000
Epoch: 10, Loss: 17.4917, Rmse_valid: 21.2609, valid_score: 110840.1, , rmse_test: 20.8716, score_test: 4766.6, Learning rate:0.00200000
Epoch: 11, Loss: 15.8746, Rmse_valid: 17.0682, valid_score: 51862.3, , rmse_test: 18.6163, score_test: 2748.1, Learning rate:0.00020000
Epoch: 12, Loss: 15.6262, Rmse_valid: 17.0008, valid_score: 58584.7, , rmse_test: 18.6671, score_test: 2654.6, Learning rate:0.00020000
Epoch: 13, Loss: 15.4980, Rmse_valid: 16.9666, valid_score: 60517.0, , rmse_test: 18.6320, score_test: 2418.5, Learning rate:0.00020000
Epoch: 14, Loss: 15.4167, Rmse_valid: 16.9646, valid_score: 52604.9, , rmse_test: 18.1679, score_test: 2196.1, Learning rate:0.00020000
Epoch: 15, Loss: 15.3318, Rmse_valid: 16.8139, valid_score: 54706.7, , rmse_test: 18.1766, score_test: 2113.1, Learning rate:0.00020000
Epoch: 16, Loss: 15.2726, Rmse_valid: 16.7693, valid_score: 51162.5, , rmse_test: 18.1451, score_test: 2002.2, Learning rate:0.00020000
Epoch: 17, Loss: 15.2095, Rmse_valid: 16.7844, valid_score: 54137.6, , rmse_test: 18.1103, score_test: 2216.4, Learning rate:0.00020000
Epoch: 18, Loss: 15.1430, Rmse_valid: 16.6078, valid_score: 54562.5, , rmse_test: 18.0935, score_test: 1956.0, Learning rate:0.00020000
Epoch: 19, Loss: 15.0830, Rmse_valid: 16.5197, valid_score: 45976.4, , rmse_test: 18.1000, score_test: 1936.3, Learning rate:0.00020000
Epoch: 20, Loss: 15.0556, Rmse_valid: 16.8191, valid_score: 52220.0, , rmse_test: 18.5416, score_test: 2210.2, Learning rate:0.00020000
Epoch: 21, Loss: 14.9022, Rmse_valid: 16.8358, valid_score: 51112.1, , rmse_test: 18.0551, score_test: 2094.0, Learning rate:0.00002000
Epoch: 22, Loss: 14.8759, Rmse_valid: 17.0845, valid_score: 53153.5, , rmse_test: 18.0578, score_test: 2062.7, Learning rate:0.00002000
Epoch: 23, Loss: 14.8723, Rmse_valid: 16.8667, valid_score: 53833.2, , rmse_test: 18.0368, score_test: 2010.1, Learning rate:0.00002000
Epoch: 24, Loss: 14.8629, Rmse_valid: 16.7451, valid_score: 53601.6, , rmse_test: 18.0684, score_test: 2067.5, Learning rate:0.00002000
Epoch: 25, Loss: 14.8574, Rmse_valid: 16.7141, valid_score: 54330.9, , rmse_test: 17.9611, score_test: 2024.8, Learning rate:0.00002000
Epoch: 26, Loss: 14.8510, Rmse_valid: 16.8548, valid_score: 54982.5, , rmse_test: 18.0054, score_test: 2020.9, Learning rate:0.00002000
Epoch: 27, Loss: 14.8469, Rmse_valid: 16.7164, valid_score: 52436.8, , rmse_test: 18.0832, score_test: 2064.7, Learning rate:0.00002000
Epoch: 28, Loss: 14.8414, Rmse_valid: 16.7605, valid_score: 52358.3, , rmse_test: 18.0043, score_test: 2023.9, Learning rate:0.00002000
Epoch: 29, Loss: 14.8360, Rmse_valid: 16.7175, valid_score: 52339.2, , rmse_test: 18.1313, score_test: 2146.9, Learning rate:0.00002000
Epoch: 30, Loss: 14.8341, Rmse_valid: 16.6898, valid_score: 52452.9, , rmse_test: 18.0427, score_test: 2034.8, Learning rate:0.00002000
[Train Summary] Restored best model from epoch 19, rmse_valid: 16.5197, valid_score: 45976.4, rmse_test: 18.1000, score_test: 1936.3
[Train Time] start: 2026-04-20 13:00:41, end: 2026-04-20 13:05:52, duration: 0:05:12, total_seconds: 311.85
[Auto Test] command: /usr/bin/python /CMAPSS-release/scipt/test_model.py --sub-dataset FD004 --smooth-rate 40 --sequence-len 30 --feature-num 14 --dataset-root /CMAPSS-release/CMAPSSData/ --max-rul 125 --batch-size 128 --model-path /CMAPSS-release/logs/FD004_FD004_C/seed88/model_FD004_0420_130041_seed88.pkl
model_path:/CMAPSS-release/logs/FD004_FD004_C/seed88/model_FD004_0420_130041_seed88.pkl
rmse_final:18.08169174194336, score:1892.60302734375
