-----FD001-----
关键参数:
序列长度: 30
批大小(batch_size): 128
最大训练轮数(max_epochs): 30
随机数种子: 17
模型代号(model_code): FD001_B_BC_20260422_054641
模型结构(model_structure): encoderdecoder
消融预设(ablation_preset): B - Full-connected graph + GAT-LSTM with encoder and decoder (AOF off)
学习率: 0.002
学习率调度器: step
Step步长(step_size): 10
Step衰减系数(gamma): 0.1
空间GAT: 开启
是否使用解码器LSTM: 是
是否使用AOF: 否
Decoder注意力隐层维度: 28
图构建模式(graph_mode): dynamic_knn
GAT层数(num_layers): 2
GAT邻居数(topk): 14
GAT嵌入维度: 8
GAT隐藏层维度: 8
------------------------------
Epoch: 1, Loss: 23.0717, Rmse_valid: 22.4960, valid_score: 46748.5, , rmse_test: 28.8223, score_test: 49797.7, Learning rate:0.00200000
Epoch: 2, Loss: 20.9500, Rmse_valid: 19.4333, valid_score: 12317.4, , rmse_test: 22.0726, score_test: 14957.8, Learning rate:0.00200000
Epoch: 3, Loss: 16.1761, Rmse_valid: 15.2241, valid_score: 10763.7, , rmse_test: 18.3872, score_test: 704.5, Learning rate:0.00200000
Epoch: 4, Loss: 12.9677, Rmse_valid: 12.3368, valid_score: 4174.9, , rmse_test: 14.4079, score_test: 349.3, Learning rate:0.00200000
Epoch: 5, Loss: 12.0004, Rmse_valid: 12.5191, valid_score: 3582.0, , rmse_test: 15.4669, score_test: 313.9, Learning rate:0.00200000
Epoch: 6, Loss: 11.7263, Rmse_valid: 11.8675, valid_score: 5835.9, , rmse_test: 15.1965, score_test: 468.5, Learning rate:0.00200000
Epoch: 7, Loss: 11.3462, Rmse_valid: 11.0704, valid_score: 3808.3, , rmse_test: 14.2442, score_test: 313.7, Learning rate:0.00200000
Epoch: 8, Loss: 10.9806, Rmse_valid: 11.7767, valid_score: 4302.2, , rmse_test: 14.4103, score_test: 304.8, Learning rate:0.00200000
Epoch: 9, Loss: 10.7699, Rmse_valid: 12.4559, valid_score: 7252.3, , rmse_test: 15.6068, score_test: 545.5, Learning rate:0.00200000
Epoch: 10, Loss: 10.4884, Rmse_valid: 11.2712, valid_score: 4979.4, , rmse_test: 14.7453, score_test: 379.2, Learning rate:0.00200000
Epoch: 11, Loss: 9.5072, Rmse_valid: 11.3276, valid_score: 5172.6, , rmse_test: 14.5302, score_test: 360.7, Learning rate:0.00020000
Epoch: 12, Loss: 9.4352, Rmse_valid: 11.0871, valid_score: 4914.3, , rmse_test: 14.6566, score_test: 377.6, Learning rate:0.00020000
Epoch: 13, Loss: 9.3708, Rmse_valid: 11.0506, valid_score: 4937.6, , rmse_test: 14.5587, score_test: 361.6, Learning rate:0.00020000
Epoch: 14, Loss: 9.3146, Rmse_valid: 11.3791, valid_score: 4660.2, , rmse_test: 14.5532, score_test: 338.6, Learning rate:0.00020000
Epoch: 15, Loss: 9.2567, Rmse_valid: 11.3016, valid_score: 4654.2, , rmse_test: 14.6306, score_test: 355.4, Learning rate:0.00020000
Epoch: 16, Loss: 9.2042, Rmse_valid: 11.3741, valid_score: 5004.2, , rmse_test: 14.5786, score_test: 360.1, Learning rate:0.00020000
Epoch: 17, Loss: 9.1629, Rmse_valid: 11.2203, valid_score: 4873.4, , rmse_test: 14.6231, score_test: 355.4, Learning rate:0.00020000
Epoch: 18, Loss: 9.0967, Rmse_valid: 11.3147, valid_score: 5526.9, , rmse_test: 14.6865, score_test: 393.4, Learning rate:0.00020000
Epoch: 19, Loss: 9.0541, Rmse_valid: 11.1791, valid_score: 5342.8, , rmse_test: 14.7747, score_test: 390.5, Learning rate:0.00020000
Epoch: 20, Loss: 8.9992, Rmse_valid: 11.0021, valid_score: 4826.9, , rmse_test: 14.6366, score_test: 354.4, Learning rate:0.00020000
Epoch: 21, Loss: 8.9238, Rmse_valid: 11.3174, valid_score: 5180.7, , rmse_test: 14.7026, score_test: 374.2, Learning rate:0.00002000
Epoch: 22, Loss: 8.9139, Rmse_valid: 11.3109, valid_score: 5225.5, , rmse_test: 14.7215, score_test: 378.4, Learning rate:0.00002000
Epoch: 23, Loss: 8.9113, Rmse_valid: 11.0798, valid_score: 5171.2, , rmse_test: 14.7000, score_test: 372.4, Learning rate:0.00002000
Epoch: 24, Loss: 8.8993, Rmse_valid: 11.1918, valid_score: 5192.8, , rmse_test: 14.6800, score_test: 371.4, Learning rate:0.00002000
Epoch: 25, Loss: 8.8983, Rmse_valid: 11.7035, valid_score: 5227.1, , rmse_test: 14.7263, score_test: 377.3, Learning rate:0.00002000
Epoch: 26, Loss: 8.8919, Rmse_valid: 11.2685, valid_score: 5324.3, , rmse_test: 14.7466, score_test: 383.5, Learning rate:0.00002000
Epoch: 27, Loss: 8.8852, Rmse_valid: 11.9710, valid_score: 5064.1, , rmse_test: 14.6974, score_test: 368.5, Learning rate:0.00002000
Epoch: 28, Loss: 8.8909, Rmse_valid: 11.7087, valid_score: 5341.4, , rmse_test: 14.7644, score_test: 383.6, Learning rate:0.00002000
Epoch: 29, Loss: 8.8833, Rmse_valid: 11.5677, valid_score: 5183.3, , rmse_test: 14.7185, score_test: 373.6, Learning rate:0.00002000
Epoch: 30, Loss: 8.8744, Rmse_valid: 10.9698, valid_score: 5187.2, , rmse_test: 14.7072, score_test: 371.1, Learning rate:0.00002000
[Train Summary] Restored best model from epoch 30, rmse_valid: 10.9698, valid_score: 5187.2, rmse_test: 14.7072, score_test: 371.1
[Train Time] start: 2026-04-22 05:49:22, end: 2026-04-22 05:51:15, duration: 0:01:53, total_seconds: 112.91
[Auto Test] command: /usr/bin/python /CMAPSS-release/scipt/test_model.py --sub-dataset FD001 --smooth-rate 40 --sequence-len 30 --feature-num 14 --dataset-root /CMAPSS-release/CMAPSSData/ --max-rul 125 --batch-size 128 --model-path /CMAPSS-release/logs/FD001_FD001_B_BC_20260422_054641/seed17/model_FD001_0422_054922_seed17.pkl
model_path:/CMAPSS-release/logs/FD001_FD001_B_BC_20260422_054641/seed17/model_FD001_0422_054922_seed17.pkl
rmse_final:14.654691696166992, score:361.27496337890625
