-----FD002-----
关键参数:
序列长度: 30
批大小(batch_size): 128
最大训练轮数(max_epochs): 30
随机数种子: 97
模型代号(model_code): FD002_A
模型结构(model_structure): encoderdecoder
消融预设(ablation_preset): A - Path graph + GAT + EncoderDecoder-LSTM with AOF
学习率: 0.002
学习率调度器: step
Step步长(step_size): 10
Step衰减系数(gamma): 0.1
空间GAT: 开启
是否使用解码器LSTM: 是
是否使用AOF: 是
Decoder注意力隐层维度: 28
Decoder融合方式: concat
图构建模式(graph_mode): path
GAT层数(num_layers): 2
GAT邻居数(topk): 7
GAT嵌入维度: 8
GAT隐藏层维度: 8
------------------------------
Epoch: 1, Loss: 26.4163, Rmse_valid: 22.9228, valid_score: 82819.7, , rmse_test: 20.2097, score_test: 3225.8, Learning rate:0.00200000
Epoch: 2, Loss: 20.6295, Rmse_valid: 20.7715, valid_score: 95881.6, , rmse_test: 17.1535, score_test: 2264.7, Learning rate:0.00200000
Epoch: 3, Loss: 18.4028, Rmse_valid: 19.5256, valid_score: 41910.8, , rmse_test: 16.0188, score_test: 1137.9, Learning rate:0.00200000
Epoch: 4, Loss: 17.2446, Rmse_valid: 18.9416, valid_score: 72015.1, , rmse_test: 15.9926, score_test: 1705.5, Learning rate:0.00200000
Epoch: 5, Loss: 16.6247, Rmse_valid: 21.0671, valid_score: 114911.6, , rmse_test: 18.3423, score_test: 2921.4, Learning rate:0.00200000
Epoch: 6, Loss: 16.2041, Rmse_valid: 22.6955, valid_score: 146375.6, , rmse_test: 20.3951, score_test: 3977.0, Learning rate:0.00200000
Epoch: 7, Loss: 15.8279, Rmse_valid: 17.6416, valid_score: 70530.5, , rmse_test: 14.9178, score_test: 1455.6, Learning rate:0.00200000
Epoch: 8, Loss: 15.4928, Rmse_valid: 21.0553, valid_score: 98547.8, , rmse_test: 18.7127, score_test: 2762.4, Learning rate:0.00200000
Epoch: 9, Loss: 15.0768, Rmse_valid: 19.0086, valid_score: 59397.4, , rmse_test: 16.0540, score_test: 1414.2, Learning rate:0.00200000
Epoch: 10, Loss: 14.7458, Rmse_valid: 19.2348, valid_score: 62494.5, , rmse_test: 14.8522, score_test: 1100.6, Learning rate:0.00200000
Epoch: 11, Loss: 12.8483, Rmse_valid: 17.4457, valid_score: 49155.2, , rmse_test: 13.5620, score_test: 874.6, Learning rate:0.00020000
Epoch: 12, Loss: 12.6958, Rmse_valid: 16.9842, valid_score: 44731.5, , rmse_test: 13.3830, score_test: 870.4, Learning rate:0.00020000
Epoch: 13, Loss: 12.6107, Rmse_valid: 17.4453, valid_score: 42817.5, , rmse_test: 13.5180, score_test: 902.8, Learning rate:0.00020000
Epoch: 14, Loss: 12.5418, Rmse_valid: 17.1944, valid_score: 51089.4, , rmse_test: 13.5645, score_test: 867.9, Learning rate:0.00020000
Epoch: 15, Loss: 12.4693, Rmse_valid: 16.8336, valid_score: 44311.0, , rmse_test: 13.3484, score_test: 942.7, Learning rate:0.00020000
Epoch: 16, Loss: 12.4167, Rmse_valid: 17.0615, valid_score: 47373.3, , rmse_test: 13.4786, score_test: 939.5, Learning rate:0.00020000
Epoch: 17, Loss: 12.3686, Rmse_valid: 17.0078, valid_score: 43269.3, , rmse_test: 13.6572, score_test: 992.6, Learning rate:0.00020000
Epoch: 18, Loss: 12.3131, Rmse_valid: 17.1954, valid_score: 44559.8, , rmse_test: 13.5501, score_test: 948.5, Learning rate:0.00020000
Epoch: 19, Loss: 12.2681, Rmse_valid: 17.5162, valid_score: 51334.5, , rmse_test: 13.4723, score_test: 890.5, Learning rate:0.00020000
Epoch: 20, Loss: 12.2278, Rmse_valid: 17.5921, valid_score: 41370.3, , rmse_test: 13.4773, score_test: 914.8, Learning rate:0.00020000
Epoch: 21, Loss: 12.0914, Rmse_valid: 17.3110, valid_score: 44549.4, , rmse_test: 13.4710, score_test: 943.0, Learning rate:0.00002000
Epoch: 22, Loss: 12.0763, Rmse_valid: 17.2626, valid_score: 43375.1, , rmse_test: 13.4853, score_test: 950.7, Learning rate:0.00002000
Epoch: 23, Loss: 12.0722, Rmse_valid: 17.1601, valid_score: 43427.6, , rmse_test: 13.4481, score_test: 933.9, Learning rate:0.00002000
Epoch: 24, Loss: 12.0668, Rmse_valid: 17.3113, valid_score: 41423.0, , rmse_test: 13.4324, score_test: 910.2, Learning rate:0.00002000
Epoch: 25, Loss: 12.0583, Rmse_valid: 17.1991, valid_score: 42970.2, , rmse_test: 13.4637, score_test: 934.1, Learning rate:0.00002000
Epoch: 26, Loss: 12.0543, Rmse_valid: 17.1185, valid_score: 41977.2, , rmse_test: 13.4613, score_test: 933.1, Learning rate:0.00002000
Epoch: 27, Loss: 12.0472, Rmse_valid: 17.1180, valid_score: 43982.3, , rmse_test: 13.4782, score_test: 938.8, Learning rate:0.00002000
Epoch: 28, Loss: 12.0441, Rmse_valid: 17.1534, valid_score: 41666.4, , rmse_test: 13.4837, score_test: 939.6, Learning rate:0.00002000
Epoch: 29, Loss: 12.0381, Rmse_valid: 17.0593, valid_score: 41989.2, , rmse_test: 13.4489, score_test: 932.9, Learning rate:0.00002000
Epoch: 30, Loss: 12.0319, Rmse_valid: 17.2382, valid_score: 42703.6, , rmse_test: 13.4695, score_test: 933.0, Learning rate:0.00002000
[Train Summary] Restored best model from epoch 15, rmse_valid: 16.8336, valid_score: 44311.0, rmse_test: 13.3484, score_test: 942.7
[Train Time] start: 2026-04-20 03:25:23, end: 2026-04-20 03:31:45, duration: 0:06:22, total_seconds: 381.50
[Auto Test] command: /usr/bin/python /CMAPSS-release/scipt/test_model.py --sub-dataset FD002 --smooth-rate 40 --sequence-len 30 --feature-num 14 --dataset-root /CMAPSS-release/CMAPSSData/ --max-rul 125 --batch-size 128 --model-path /CMAPSS-release/logs/FD002_FD002_A/seed97/model_FD002_0420_032523_seed97.pkl
model_path:/CMAPSS-release/logs/FD002_FD002_A/seed97/model_FD002_0420_032523_seed97.pkl
rmse_final:13.31457805633545, score:911.3282470703125
