-----FD004-----
关键参数:
序列长度: 30
批大小(batch_size): 128
最大训练轮数(max_epochs): 30
随机数种子: 33
模型代号(model_code): FD004_B_BC_20260422_054641
模型结构(model_structure): encoderdecoder
消融预设(ablation_preset): B - Full-connected graph + GAT-LSTM with encoder and decoder (AOF off)
学习率: 0.002
学习率调度器: step
Step步长(step_size): 10
Step衰减系数(gamma): 0.1
空间GAT: 开启
是否使用解码器LSTM: 是
是否使用AOF: 否
Decoder注意力隐层维度: 28
图构建模式(graph_mode): dynamic_knn
GAT层数(num_layers): 2
GAT邻居数(topk): 14
GAT嵌入维度: 8
GAT隐藏层维度: 8
------------------------------
Epoch: 1, Loss: 25.9337, Rmse_valid: 20.9403, valid_score: 69358.8, , rmse_test: 24.3060, score_test: 7636.9, Learning rate:0.00200000
Epoch: 2, Loss: 21.6721, Rmse_valid: 20.9235, valid_score: 109395.7, , rmse_test: 24.8162, score_test: 9946.1, Learning rate:0.00200000
Epoch: 3, Loss: 19.9342, Rmse_valid: 18.1766, valid_score: 49200.5, , rmse_test: 19.6815, score_test: 3942.8, Learning rate:0.00200000
Epoch: 4, Loss: 18.9734, Rmse_valid: 19.2198, valid_score: 72253.0, , rmse_test: 20.4119, score_test: 3062.2, Learning rate:0.00200000
Epoch: 5, Loss: 18.0943, Rmse_valid: 19.4030, valid_score: 82586.8, , rmse_test: 20.2658, score_test: 3078.1, Learning rate:0.00200000
Epoch: 6, Loss: 17.4435, Rmse_valid: 23.2292, valid_score: 458667.3, , rmse_test: 22.8922, score_test: 10455.9, Learning rate:0.00200000
Epoch: 7, Loss: 16.9883, Rmse_valid: 17.1530, valid_score: 101088.3, , rmse_test: 18.0252, score_test: 2814.3, Learning rate:0.00200000
Epoch: 8, Loss: 16.7481, Rmse_valid: 17.1314, valid_score: 118791.8, , rmse_test: 17.9155, score_test: 2351.2, Learning rate:0.00200000
Epoch: 9, Loss: 16.5235, Rmse_valid: 17.1038, valid_score: 89400.1, , rmse_test: 17.6843, score_test: 2095.9, Learning rate:0.00200000
Epoch: 10, Loss: 16.1437, Rmse_valid: 16.1258, valid_score: 61570.2, , rmse_test: 18.1677, score_test: 1709.5, Learning rate:0.00200000
Epoch: 11, Loss: 14.4313, Rmse_valid: 16.6726, valid_score: 130277.5, , rmse_test: 17.5328, score_test: 1977.7, Learning rate:0.00020000
Epoch: 12, Loss: 14.2846, Rmse_valid: 16.4993, valid_score: 137239.7, , rmse_test: 17.3381, score_test: 2006.8, Learning rate:0.00020000
Epoch: 13, Loss: 14.2110, Rmse_valid: 16.5724, valid_score: 154927.7, , rmse_test: 17.3498, score_test: 1921.5, Learning rate:0.00020000
Epoch: 14, Loss: 14.1682, Rmse_valid: 16.6590, valid_score: 152218.0, , rmse_test: 17.0574, score_test: 1836.5, Learning rate:0.00020000
Epoch: 15, Loss: 14.1336, Rmse_valid: 16.6793, valid_score: 160397.1, , rmse_test: 17.3342, score_test: 2033.8, Learning rate:0.00020000
Epoch: 16, Loss: 14.0917, Rmse_valid: 16.7166, valid_score: 140464.7, , rmse_test: 17.3417, score_test: 1894.9, Learning rate:0.00020000
Epoch: 17, Loss: 14.0617, Rmse_valid: 16.7347, valid_score: 141052.9, , rmse_test: 16.9330, score_test: 1630.6, Learning rate:0.00020000
Epoch: 18, Loss: 14.0332, Rmse_valid: 16.7857, valid_score: 157518.1, , rmse_test: 17.6286, score_test: 2130.0, Learning rate:0.00020000
Epoch: 19, Loss: 14.0135, Rmse_valid: 16.2968, valid_score: 145860.7, , rmse_test: 17.1243, score_test: 1795.3, Learning rate:0.00020000
Epoch: 20, Loss: 13.9852, Rmse_valid: 16.8172, valid_score: 150038.8, , rmse_test: 16.8374, score_test: 1691.1, Learning rate:0.00020000
Epoch: 21, Loss: 13.8598, Rmse_valid: 16.8369, valid_score: 152561.2, , rmse_test: 17.2257, score_test: 1909.0, Learning rate:0.00002000
Epoch: 22, Loss: 13.8424, Rmse_valid: 16.6775, valid_score: 151228.3, , rmse_test: 17.1974, score_test: 1866.2, Learning rate:0.00002000
Epoch: 23, Loss: 13.8406, Rmse_valid: 16.8027, valid_score: 152085.2, , rmse_test: 17.1397, score_test: 1831.9, Learning rate:0.00002000
Epoch: 24, Loss: 13.8363, Rmse_valid: 16.6581, valid_score: 157082.6, , rmse_test: 17.0739, score_test: 1846.5, Learning rate:0.00002000
Epoch: 25, Loss: 13.8332, Rmse_valid: 16.7125, valid_score: 152462.5, , rmse_test: 17.1688, score_test: 1863.1, Learning rate:0.00002000
Epoch: 26, Loss: 13.8297, Rmse_valid: 16.8006, valid_score: 153374.6, , rmse_test: 17.1310, score_test: 1847.9, Learning rate:0.00002000
Epoch: 27, Loss: 13.8272, Rmse_valid: 16.8126, valid_score: 152169.3, , rmse_test: 17.0434, score_test: 1797.2, Learning rate:0.00002000
Epoch: 28, Loss: 13.8250, Rmse_valid: 16.8466, valid_score: 155744.5, , rmse_test: 17.1523, score_test: 1870.4, Learning rate:0.00002000
Epoch: 29, Loss: 13.8210, Rmse_valid: 16.7395, valid_score: 158894.5, , rmse_test: 17.1828, score_test: 1949.1, Learning rate:0.00002000
Epoch: 30, Loss: 13.8178, Rmse_valid: 16.6568, valid_score: 155134.8, , rmse_test: 17.0548, score_test: 1838.7, Learning rate:0.00002000
[Train Summary] Restored best model from epoch 10, rmse_valid: 16.1258, valid_score: 61570.2, rmse_test: 18.1677, score_test: 1709.5
[Train Time] start: 2026-04-22 11:19:38, end: 2026-04-22 11:24:38, duration: 0:05:00, total_seconds: 299.77
[Auto Test] command: /usr/bin/python /CMAPSS-release/scipt/test_model.py --sub-dataset FD004 --smooth-rate 40 --sequence-len 30 --feature-num 14 --dataset-root /CMAPSS-release/CMAPSSData/ --max-rul 125 --batch-size 128 --model-path /CMAPSS-release/logs/FD004_FD004_B_BC_20260422_054641/seed33/model_FD004_0422_111938_seed33.pkl
model_path:/CMAPSS-release/logs/FD004_FD004_B_BC_20260422_054641/seed33/model_FD004_0422_111938_seed33.pkl
rmse_final:18.224075317382812, score:1685.87939453125
