-----FD004-----
关键参数:
序列长度: 30
批大小(batch_size): 128
最大训练轮数(max_epochs): 30
随机数种子: 88
模型代号(model_code): FD004_D
模型结构(model_structure): encoderdecoder
消融预设(ablation_preset): D - KNN graph + GAT + EncoderDecoder-LSTM with AOF
学习率: 0.002
学习率调度器: step
Step步长(step_size): 10
Step衰减系数(gamma): 0.1
空间GAT: 开启
是否使用解码器LSTM: 是
是否使用AOF: 是
Decoder注意力隐层维度: 28
Decoder融合方式: concat
图构建模式(graph_mode): dynamic_knn
GAT层数(num_layers): 2
GAT邻居数(topk): 7
GAT嵌入维度: 8
GAT隐藏层维度: 8
------------------------------
Epoch: 1, Loss: 26.9040, Rmse_valid: 21.0074, valid_score: 51140.6, , rmse_test: 25.3330, score_test: 6830.4, Learning rate:0.00200000
Epoch: 2, Loss: 21.8163, Rmse_valid: 25.2927, valid_score: 289795.6, , rmse_test: 30.7987, score_test: 147367.7, Learning rate:0.00200000
Epoch: 3, Loss: 20.0666, Rmse_valid: 18.7011, valid_score: 47382.6, , rmse_test: 21.4250, score_test: 4156.3, Learning rate:0.00200000
Epoch: 4, Loss: 19.1606, Rmse_valid: 18.6145, valid_score: 35472.8, , rmse_test: 19.8907, score_test: 2391.1, Learning rate:0.00200000
Epoch: 5, Loss: 18.5165, Rmse_valid: 18.0158, valid_score: 38630.9, , rmse_test: 18.7410, score_test: 2241.1, Learning rate:0.00200000
Epoch: 6, Loss: 18.0096, Rmse_valid: 18.9120, valid_score: 62968.4, , rmse_test: 22.0444, score_test: 5227.2, Learning rate:0.00200000
Epoch: 7, Loss: 17.6511, Rmse_valid: 19.7504, valid_score: 96925.5, , rmse_test: 19.0641, score_test: 2914.9, Learning rate:0.00200000
Epoch: 8, Loss: 17.1316, Rmse_valid: 18.3036, valid_score: 44113.3, , rmse_test: 18.2515, score_test: 1744.3, Learning rate:0.00200000
Epoch: 9, Loss: 16.8386, Rmse_valid: 19.7928, valid_score: 94942.1, , rmse_test: 20.1881, score_test: 4498.1, Learning rate:0.00200000
Epoch: 10, Loss: 16.5335, Rmse_valid: 18.5412, valid_score: 61766.3, , rmse_test: 19.4655, score_test: 4302.1, Learning rate:0.00200000
Epoch: 11, Loss: 14.8189, Rmse_valid: 17.4672, valid_score: 50888.5, , rmse_test: 18.1202, score_test: 2497.5, Learning rate:0.00020000
Epoch: 12, Loss: 14.6553, Rmse_valid: 17.2196, valid_score: 42983.1, , rmse_test: 17.7215, score_test: 1885.0, Learning rate:0.00020000
Epoch: 13, Loss: 14.5623, Rmse_valid: 17.3343, valid_score: 50026.0, , rmse_test: 17.8525, score_test: 2132.0, Learning rate:0.00020000
Epoch: 14, Loss: 14.4822, Rmse_valid: 17.3064, valid_score: 45349.8, , rmse_test: 17.5613, score_test: 1816.3, Learning rate:0.00020000
Epoch: 15, Loss: 14.4119, Rmse_valid: 17.4326, valid_score: 49580.1, , rmse_test: 17.5970, score_test: 1848.0, Learning rate:0.00020000
Epoch: 16, Loss: 14.3630, Rmse_valid: 17.3254, valid_score: 46503.0, , rmse_test: 17.6545, score_test: 1860.7, Learning rate:0.00020000
Epoch: 17, Loss: 14.2920, Rmse_valid: 17.2566, valid_score: 45912.7, , rmse_test: 17.9180, score_test: 1980.3, Learning rate:0.00020000
Epoch: 18, Loss: 14.2448, Rmse_valid: 17.1213, valid_score: 42970.4, , rmse_test: 18.1687, score_test: 2010.5, Learning rate:0.00020000
Epoch: 19, Loss: 14.1896, Rmse_valid: 17.1994, valid_score: 40153.2, , rmse_test: 17.9807, score_test: 1854.0, Learning rate:0.00020000
Epoch: 20, Loss: 14.1306, Rmse_valid: 16.8726, valid_score: 40846.6, , rmse_test: 17.7622, score_test: 1820.7, Learning rate:0.00020000
Epoch: 21, Loss: 13.9897, Rmse_valid: 16.9750, valid_score: 42996.5, , rmse_test: 17.6564, score_test: 1871.3, Learning rate:0.00002000
Epoch: 22, Loss: 13.9739, Rmse_valid: 17.0459, valid_score: 45004.6, , rmse_test: 17.6668, score_test: 1907.5, Learning rate:0.00002000
Epoch: 23, Loss: 13.9663, Rmse_valid: 16.9927, valid_score: 44168.9, , rmse_test: 17.6368, score_test: 1883.1, Learning rate:0.00002000
Epoch: 24, Loss: 13.9597, Rmse_valid: 17.0959, valid_score: 44732.5, , rmse_test: 17.6293, score_test: 1866.7, Learning rate:0.00002000
Epoch: 25, Loss: 13.9534, Rmse_valid: 17.0468, valid_score: 45777.9, , rmse_test: 17.6157, score_test: 1869.2, Learning rate:0.00002000
Epoch: 26, Loss: 13.9470, Rmse_valid: 17.2545, valid_score: 46865.4, , rmse_test: 17.6643, score_test: 1929.7, Learning rate:0.00002000
Epoch: 27, Loss: 13.9418, Rmse_valid: 17.0185, valid_score: 43586.0, , rmse_test: 17.6609, score_test: 1876.5, Learning rate:0.00002000
Epoch: 28, Loss: 13.9330, Rmse_valid: 17.2009, valid_score: 45176.1, , rmse_test: 17.6565, score_test: 1877.5, Learning rate:0.00002000
Epoch: 29, Loss: 13.9298, Rmse_valid: 17.0578, valid_score: 43285.0, , rmse_test: 17.6824, score_test: 1879.8, Learning rate:0.00002000
Epoch: 30, Loss: 13.9214, Rmse_valid: 17.0374, valid_score: 44483.3, , rmse_test: 17.7301, score_test: 1897.1, Learning rate:0.00002000
[Train Summary] Restored best model from epoch 20, rmse_valid: 16.8726, valid_score: 40846.6, rmse_test: 17.7622, score_test: 1820.7
[Train Time] start: 2026-04-20 13:58:08, end: 2026-04-20 14:02:51, duration: 0:04:43, total_seconds: 282.53
[Auto Test] command: /usr/bin/python /CMAPSS-release/scipt/test_model.py --sub-dataset FD004 --smooth-rate 40 --sequence-len 30 --feature-num 14 --dataset-root /CMAPSS-release/CMAPSSData/ --max-rul 125 --batch-size 128 --model-path /CMAPSS-release/logs/FD004_FD004_D/seed88/model_FD004_0420_135808_seed88.pkl
model_path:/CMAPSS-release/logs/FD004_FD004_D/seed88/model_FD004_0420_135808_seed88.pkl
rmse_final:17.717655181884766, score:1760.6416015625
