-----FD001-----
关键参数:
序列长度: 30
批大小(batch_size): 128
最大训练轮数(max_epochs): 30
随机数种子: 2
模型代号(model_code): 1
模型结构(model_structure): sgformer_mamba_regressor
学习率: 0.002
学习率调度器: step
Step步长(step_size): 10
Step衰减系数(gamma): 0.1
空间模块: SGFormer(传感器维度全注意力)
d_model: 64
spatial_num_layers: 2
spatial_num_heads: 4
spatial_dropout: 0.1
时间模块: Mamba-style selective SSM (no encoder-decoder)
temporal_num_layers: 2
temporal_d_state: 16
temporal_dropout: 0.1
sensor_pooling: mean
------------------------------
Epoch: 1, Loss: 30.3877, Rmse_valid: 22.6277, valid_score: 26360.2, , rmse_test: 24.2843, score_test: 21991.5, Learning rate:0.00200000
Epoch: 2, Loss: 21.8021, Rmse_valid: 17.9720, valid_score: 12515.2, , rmse_test: 20.5377, score_test: 2966.2, Learning rate:0.00200000
Epoch: 3, Loss: 17.7300, Rmse_valid: 19.8854, valid_score: 25904.3, , rmse_test: 23.4990, score_test: 3567.5, Learning rate:0.00200000
Epoch: 4, Loss: 16.4035, Rmse_valid: 14.3818, valid_score: 5599.8, , rmse_test: 14.5310, score_test: 393.6, Learning rate:0.00200000
Epoch: 5, Loss: 15.5054, Rmse_valid: 15.5778, valid_score: 8576.3, , rmse_test: 14.1437, score_test: 341.1, Learning rate:0.00200000
Epoch: 6, Loss: 15.1622, Rmse_valid: 15.8795, valid_score: 7426.1, , rmse_test: 14.7641, score_test: 352.6, Learning rate:0.00200000
Epoch: 7, Loss: 15.2023, Rmse_valid: 18.0794, valid_score: 16665.8, , rmse_test: 20.1601, score_test: 1143.5, Learning rate:0.00200000
Epoch: 8, Loss: 14.1248, Rmse_valid: 14.7248, valid_score: 8488.1, , rmse_test: 16.1634, score_test: 694.4, Learning rate:0.00200000
Epoch: 9, Loss: 13.9576, Rmse_valid: 14.8465, valid_score: 12067.1, , rmse_test: 16.2477, score_test: 690.7, Learning rate:0.00200000
Epoch: 10, Loss: 13.6763, Rmse_valid: 15.7243, valid_score: 7922.0, , rmse_test: 16.9996, score_test: 418.4, Learning rate:0.00200000
Epoch: 11, Loss: 12.4785, Rmse_valid: 12.7686, valid_score: 5642.2, , rmse_test: 12.9717, score_test: 314.4, Learning rate:0.00020000
Epoch: 12, Loss: 12.0449, Rmse_valid: 13.0861, valid_score: 5816.5, , rmse_test: 12.9235, score_test: 310.7, Learning rate:0.00020000
Epoch: 13, Loss: 11.9457, Rmse_valid: 12.1858, valid_score: 5067.3, , rmse_test: 12.7945, score_test: 315.8, Learning rate:0.00020000
Epoch: 14, Loss: 11.8577, Rmse_valid: 12.8816, valid_score: 5964.6, , rmse_test: 12.9980, score_test: 313.4, Learning rate:0.00020000
Epoch: 15, Loss: 11.8048, Rmse_valid: 12.9261, valid_score: 6147.3, , rmse_test: 13.0127, score_test: 320.6, Learning rate:0.00020000
Epoch: 16, Loss: 11.7175, Rmse_valid: 12.8213, valid_score: 6267.1, , rmse_test: 13.1679, score_test: 312.0, Learning rate:0.00020000
Epoch: 17, Loss: 11.6570, Rmse_valid: 12.9584, valid_score: 5724.0, , rmse_test: 12.8799, score_test: 306.3, Learning rate:0.00020000
Epoch: 18, Loss: 11.6210, Rmse_valid: 13.1647, valid_score: 5649.8, , rmse_test: 12.8926, score_test: 314.4, Learning rate:0.00020000
Epoch: 19, Loss: 11.5452, Rmse_valid: 13.1665, valid_score: 6604.1, , rmse_test: 13.2304, score_test: 335.4, Learning rate:0.00020000
Epoch: 20, Loss: 11.5342, Rmse_valid: 12.8637, valid_score: 6645.3, , rmse_test: 13.0670, score_test: 338.5, Learning rate:0.00020000
Epoch: 21, Loss: 11.4185, Rmse_valid: 13.4521, valid_score: 6360.9, , rmse_test: 13.1333, score_test: 332.3, Learning rate:0.00002000
Epoch: 22, Loss: 11.3339, Rmse_valid: 13.2535, valid_score: 6465.1, , rmse_test: 13.1483, score_test: 333.1, Learning rate:0.00002000
Epoch: 23, Loss: 11.4103, Rmse_valid: 12.9921, valid_score: 6573.8, , rmse_test: 13.1933, score_test: 335.6, Learning rate:0.00002000
Epoch: 24, Loss: 11.3550, Rmse_valid: 12.9816, valid_score: 6448.3, , rmse_test: 13.1893, score_test: 332.3, Learning rate:0.00002000
Epoch: 25, Loss: 11.3684, Rmse_valid: 12.8869, valid_score: 6559.6, , rmse_test: 13.1927, score_test: 334.1, Learning rate:0.00002000
Epoch: 26, Loss: 11.3532, Rmse_valid: 13.2312, valid_score: 6454.0, , rmse_test: 13.2002, score_test: 337.3, Learning rate:0.00002000
Epoch: 27, Loss: 11.3714, Rmse_valid: 13.2578, valid_score: 6728.4, , rmse_test: 13.2804, score_test: 343.3, Learning rate:0.00002000
Epoch: 28, Loss: 11.3607, Rmse_valid: 13.0818, valid_score: 6672.5, , rmse_test: 13.3078, score_test: 339.1, Learning rate:0.00002000
Epoch: 29, Loss: 11.3795, Rmse_valid: 13.4614, valid_score: 6613.2, , rmse_test: 13.2506, score_test: 336.7, Learning rate:0.00002000
Epoch: 30, Loss: 11.3598, Rmse_valid: 13.0474, valid_score: 6629.0, , rmse_test: 13.2246, score_test: 336.0, Learning rate:0.00002000
[Train Summary] Restored best model from epoch 13, rmse_valid: 12.1858, valid_score: 5067.3, rmse_test: 12.7945, score_test: 315.8
[Train Time] start: 2026-05-19 04:58:37, end: 2026-05-19 05:01:30, duration: 0:02:53, total_seconds: 172.85
[Auto Test] command: /usr/local/miniconda3/bin/python /SGFormer_mamba/scipt/test_model.py --sub-dataset FD001 --smooth-rate 40 --sequence-len 30 --feature-num 14 --dataset-root /SGFormer_mamba/CMAPSSData/ --max-rul 125 --batch-size 128 --model-path /SGFormer_mamba/logs/FD001_1/seed2/model_FD001_0519_045837_seed2.pkl
model_path:/SGFormer_mamba/logs/FD001_1/seed2/model_FD001_0519_045837_seed2.pkl
rmse_final:12.665701866149902, score:304.3804931640625
