-----FD003-----
关键参数:
序列长度: 30
批大小(batch_size): 128
最大训练轮数(max_epochs): 30
随机数种子: 33
模型代号(model_code): FD003_B_BC_20260422_054641
模型结构(model_structure): encoderdecoder
消融预设(ablation_preset): B - Full-connected graph + GAT-LSTM with encoder and decoder (AOF off)
学习率: 0.002
学习率调度器: step
Step步长(step_size): 10
Step衰减系数(gamma): 0.1
空间GAT: 开启
是否使用解码器LSTM: 是
是否使用AOF: 否
Decoder注意力隐层维度: 28
图构建模式(graph_mode): dynamic_knn
GAT层数(num_layers): 2
GAT邻居数(topk): 14
GAT嵌入维度: 8
GAT隐藏层维度: 8
------------------------------
Epoch: 1, Loss: 23.1504, Rmse_valid: 20.1286, valid_score: 26823.9, , rmse_test: 23.5813, score_test: 3424.9, Learning rate:0.00200000
Epoch: 2, Loss: 18.1707, Rmse_valid: 15.4849, valid_score: 10668.0, , rmse_test: 18.2581, score_test: 1059.4, Learning rate:0.00200000
Epoch: 3, Loss: 14.7452, Rmse_valid: 13.4304, valid_score: 9526.5, , rmse_test: 16.8388, score_test: 1651.8, Learning rate:0.00200000
Epoch: 4, Loss: 13.0819, Rmse_valid: 11.9985, valid_score: 7882.2, , rmse_test: 16.0913, score_test: 1651.2, Learning rate:0.00200000
Epoch: 5, Loss: 12.3949, Rmse_valid: 11.7683, valid_score: 6826.6, , rmse_test: 15.6024, score_test: 1237.8, Learning rate:0.00200000
Epoch: 6, Loss: 11.7774, Rmse_valid: 12.3470, valid_score: 5966.3, , rmse_test: 15.2611, score_test: 1164.4, Learning rate:0.00200000
Epoch: 7, Loss: 11.3098, Rmse_valid: 10.3246, valid_score: 5899.3, , rmse_test: 15.8779, score_test: 1721.3, Learning rate:0.00200000
Epoch: 8, Loss: 11.1193, Rmse_valid: 12.5479, valid_score: 6492.8, , rmse_test: 15.2868, score_test: 1211.4, Learning rate:0.00200000
Epoch: 9, Loss: 10.6202, Rmse_valid: 12.3987, valid_score: 7246.1, , rmse_test: 15.4267, score_test: 1247.4, Learning rate:0.00200000
Epoch: 10, Loss: 10.6786, Rmse_valid: 12.1631, valid_score: 5952.8, , rmse_test: 15.3707, score_test: 1284.1, Learning rate:0.00200000
Epoch: 11, Loss: 9.4207, Rmse_valid: 9.6588, valid_score: 5658.3, , rmse_test: 15.0743, score_test: 1401.2, Learning rate:0.00020000
Epoch: 12, Loss: 9.2763, Rmse_valid: 9.5969, valid_score: 5351.9, , rmse_test: 15.0487, score_test: 1392.8, Learning rate:0.00020000
Epoch: 13, Loss: 9.2025, Rmse_valid: 9.4068, valid_score: 5186.9, , rmse_test: 14.9022, score_test: 1299.9, Learning rate:0.00020000
Epoch: 14, Loss: 9.1346, Rmse_valid: 9.3083, valid_score: 5331.3, , rmse_test: 15.1405, score_test: 1490.6, Learning rate:0.00020000
Epoch: 15, Loss: 9.0687, Rmse_valid: 9.3784, valid_score: 5477.6, , rmse_test: 15.1353, score_test: 1498.5, Learning rate:0.00020000
Epoch: 16, Loss: 9.0089, Rmse_valid: 9.4126, valid_score: 5030.2, , rmse_test: 14.9250, score_test: 1397.5, Learning rate:0.00020000
Epoch: 17, Loss: 8.9384, Rmse_valid: 9.4222, valid_score: 5346.8, , rmse_test: 15.1157, score_test: 1418.4, Learning rate:0.00020000
Epoch: 18, Loss: 8.8987, Rmse_valid: 9.2473, valid_score: 5378.4, , rmse_test: 15.1578, score_test: 1434.9, Learning rate:0.00020000
Epoch: 19, Loss: 8.8377, Rmse_valid: 9.1309, valid_score: 5312.3, , rmse_test: 15.2116, score_test: 1442.5, Learning rate:0.00020000
Epoch: 20, Loss: 8.7985, Rmse_valid: 9.4598, valid_score: 5207.7, , rmse_test: 15.0833, score_test: 1557.9, Learning rate:0.00020000
Epoch: 21, Loss: 8.6954, Rmse_valid: 9.1572, valid_score: 5115.2, , rmse_test: 15.1497, score_test: 1507.9, Learning rate:0.00002000
Epoch: 22, Loss: 8.6821, Rmse_valid: 9.1225, valid_score: 5127.0, , rmse_test: 15.1858, score_test: 1489.4, Learning rate:0.00002000
Epoch: 23, Loss: 8.6757, Rmse_valid: 9.1238, valid_score: 5053.7, , rmse_test: 15.1125, score_test: 1495.8, Learning rate:0.00002000
Epoch: 24, Loss: 8.6696, Rmse_valid: 9.0757, valid_score: 5076.9, , rmse_test: 15.1718, score_test: 1502.5, Learning rate:0.00002000
Epoch: 25, Loss: 8.6641, Rmse_valid: 9.1868, valid_score: 5003.9, , rmse_test: 15.1154, score_test: 1484.5, Learning rate:0.00002000
Epoch: 26, Loss: 8.6576, Rmse_valid: 9.1873, valid_score: 5038.0, , rmse_test: 15.1273, score_test: 1491.2, Learning rate:0.00002000
Epoch: 27, Loss: 8.6541, Rmse_valid: 9.0975, valid_score: 5087.8, , rmse_test: 15.1856, score_test: 1505.3, Learning rate:0.00002000
Epoch: 28, Loss: 8.6485, Rmse_valid: 9.1398, valid_score: 5058.8, , rmse_test: 15.1363, score_test: 1493.3, Learning rate:0.00002000
Epoch: 29, Loss: 8.6409, Rmse_valid: 9.1776, valid_score: 5006.8, , rmse_test: 15.1331, score_test: 1497.5, Learning rate:0.00002000
Epoch: 30, Loss: 8.6359, Rmse_valid: 9.1492, valid_score: 5020.2, , rmse_test: 15.1815, score_test: 1504.0, Learning rate:0.00002000
[Train Summary] Restored best model from epoch 24, rmse_valid: 9.0757, valid_score: 5076.9, rmse_test: 15.1718, score_test: 1502.5
[Train Time] start: 2026-04-22 08:23:40, end: 2026-04-22 08:25:58, duration: 0:02:18, total_seconds: 137.65
[Auto Test] command: /usr/bin/python /CMAPSS-release/scipt/test_model.py --sub-dataset FD003 --smooth-rate 40 --sequence-len 30 --feature-num 14 --dataset-root /CMAPSS-release/CMAPSSData/ --max-rul 125 --batch-size 128 --model-path /CMAPSS-release/logs/FD003_FD003_B_BC_20260422_054641/seed33/model_FD003_0422_082340_seed33.pkl
model_path:/CMAPSS-release/logs/FD003_FD003_B_BC_20260422_054641/seed33/model_FD003_0422_082340_seed33.pkl
rmse_final:15.05124568939209, score:1422.86962890625
