-----FD003-----
关键参数:
序列长度: 30
批大小(batch_size): 128
最大训练轮数(max_epochs): 30
随机数种子: 88
模型代号(model_code): FD003_C_BC_20260422_054641
模型结构(model_structure): encoderdecoder
消融预设(ablation_preset): C - KNN graph + GAT-LSTM with encoder only (no decoder, no AOF)
学习率: 0.002
学习率调度器: step
Step步长(step_size): 10
Step衰减系数(gamma): 0.1
空间GAT: 开启
是否使用解码器LSTM: 否
是否使用AOF: 否
图构建模式(graph_mode): dynamic_knn
GAT层数(num_layers): 2
GAT邻居数(topk): 7
GAT嵌入维度: 8
GAT隐藏层维度: 8
------------------------------
Epoch: 1, Loss: 25.0381, Rmse_valid: 19.0789, valid_score: 31138.4, , rmse_test: 25.5719, score_test: 5283.6, Learning rate:0.00200000
Epoch: 2, Loss: 19.7633, Rmse_valid: 20.2717, valid_score: 24932.1, , rmse_test: 23.3371, score_test: 3213.9, Learning rate:0.00200000
Epoch: 3, Loss: 18.6550, Rmse_valid: 15.7555, valid_score: 17460.4, , rmse_test: 23.5458, score_test: 4042.9, Learning rate:0.00200000
Epoch: 4, Loss: 17.4626, Rmse_valid: 16.0371, valid_score: 17431.2, , rmse_test: 22.3726, score_test: 3281.0, Learning rate:0.00200000
Epoch: 5, Loss: 16.5235, Rmse_valid: 15.4911, valid_score: 13347.3, , rmse_test: 20.2568, score_test: 2035.8, Learning rate:0.00200000
Epoch: 6, Loss: 15.7950, Rmse_valid: 16.1027, valid_score: 10796.1, , rmse_test: 19.8482, score_test: 1272.5, Learning rate:0.00200000
Epoch: 7, Loss: 14.8257, Rmse_valid: 14.0937, valid_score: 12096.6, , rmse_test: 21.0478, score_test: 2243.7, Learning rate:0.00200000
Epoch: 8, Loss: 14.1435, Rmse_valid: 16.3258, valid_score: 11926.1, , rmse_test: 19.8199, score_test: 1388.4, Learning rate:0.00200000
Epoch: 9, Loss: 13.6796, Rmse_valid: 20.0334, valid_score: 13834.9, , rmse_test: 20.1089, score_test: 855.7, Learning rate:0.00200000
Epoch: 10, Loss: 12.9657, Rmse_valid: 12.6700, valid_score: 6816.7, , rmse_test: 18.4841, score_test: 1400.4, Learning rate:0.00200000
Epoch: 11, Loss: 11.5699, Rmse_valid: 12.5895, valid_score: 7045.2, , rmse_test: 18.3663, score_test: 1495.0, Learning rate:0.00020000
Epoch: 12, Loss: 11.4031, Rmse_valid: 12.3888, valid_score: 7171.9, , rmse_test: 18.7367, score_test: 1540.5, Learning rate:0.00020000
Epoch: 13, Loss: 11.2469, Rmse_valid: 12.2573, valid_score: 6842.1, , rmse_test: 18.8579, score_test: 1639.8, Learning rate:0.00020000
Epoch: 14, Loss: 11.1175, Rmse_valid: 12.3499, valid_score: 6584.3, , rmse_test: 18.7263, score_test: 1589.9, Learning rate:0.00020000
Epoch: 15, Loss: 10.9954, Rmse_valid: 11.9909, valid_score: 6520.2, , rmse_test: 18.7700, score_test: 1648.3, Learning rate:0.00020000
Epoch: 16, Loss: 10.8895, Rmse_valid: 11.9882, valid_score: 6156.0, , rmse_test: 18.6342, score_test: 1507.5, Learning rate:0.00020000
Epoch: 17, Loss: 10.7864, Rmse_valid: 11.9089, valid_score: 6138.1, , rmse_test: 18.6823, score_test: 1616.4, Learning rate:0.00020000
Epoch: 18, Loss: 10.6976, Rmse_valid: 11.9421, valid_score: 6367.2, , rmse_test: 18.6936, score_test: 1694.7, Learning rate:0.00020000
Epoch: 19, Loss: 10.6085, Rmse_valid: 11.6500, valid_score: 5925.4, , rmse_test: 18.5175, score_test: 1650.5, Learning rate:0.00020000
Epoch: 20, Loss: 10.5128, Rmse_valid: 11.5709, valid_score: 6004.9, , rmse_test: 18.8159, score_test: 1895.0, Learning rate:0.00020000
Epoch: 21, Loss: 10.3896, Rmse_valid: 11.5301, valid_score: 5903.0, , rmse_test: 18.7651, score_test: 1828.5, Learning rate:0.00002000
Epoch: 22, Loss: 10.3745, Rmse_valid: 11.6431, valid_score: 5968.2, , rmse_test: 18.8117, score_test: 1864.9, Learning rate:0.00002000
Epoch: 23, Loss: 10.3638, Rmse_valid: 11.4589, valid_score: 5993.6, , rmse_test: 18.8625, score_test: 1935.4, Learning rate:0.00002000
Epoch: 24, Loss: 10.3528, Rmse_valid: 11.5507, valid_score: 5950.9, , rmse_test: 18.8927, score_test: 1960.0, Learning rate:0.00002000
Epoch: 25, Loss: 10.3446, Rmse_valid: 11.4351, valid_score: 5955.4, , rmse_test: 18.8931, score_test: 1951.8, Learning rate:0.00002000
Epoch: 26, Loss: 10.3355, Rmse_valid: 11.4097, valid_score: 5915.3, , rmse_test: 18.8482, score_test: 1924.5, Learning rate:0.00002000
Epoch: 27, Loss: 10.3258, Rmse_valid: 11.5681, valid_score: 5925.0, , rmse_test: 18.8383, score_test: 1937.7, Learning rate:0.00002000
Epoch: 28, Loss: 10.3169, Rmse_valid: 11.4395, valid_score: 5943.9, , rmse_test: 18.8647, score_test: 1945.9, Learning rate:0.00002000
Epoch: 29, Loss: 10.3061, Rmse_valid: 11.4065, valid_score: 6022.8, , rmse_test: 18.9328, score_test: 2012.4, Learning rate:0.00002000
Epoch: 30, Loss: 10.2981, Rmse_valid: 11.5444, valid_score: 5850.3, , rmse_test: 18.8137, score_test: 1910.2, Learning rate:0.00002000
[Train Summary] Restored best model from epoch 29, rmse_valid: 11.4065, valid_score: 6022.8, rmse_test: 18.9328, score_test: 2012.4
[Train Time] start: 2026-04-22 12:10:47, end: 2026-04-22 12:12:22, duration: 0:01:35, total_seconds: 94.55
[Auto Test] command: /usr/bin/python /CMAPSS-release/scipt/test_model.py --sub-dataset FD003 --smooth-rate 40 --sequence-len 30 --feature-num 14 --dataset-root /CMAPSS-release/CMAPSSData/ --max-rul 125 --batch-size 128 --model-path /CMAPSS-release/logs/FD003_FD003_C_BC_20260422_054641/seed88/model_FD003_0422_121047_seed88.pkl
model_path:/CMAPSS-release/logs/FD003_FD003_C_BC_20260422_054641/seed88/model_FD003_0422_121047_seed88.pkl
rmse_final:18.84170913696289, score:1946.716552734375
