-----FD001-----
关键参数:
序列长度: 30
批大小(batch_size): 128
最大训练轮数(max_epochs): 30
随机数种子: 62
模型代号(model_code): A_g_dropout0.3
模型结构(model_structure): encoderdecoder
消融预设(ablation_preset): A - KNN graph + GAT-LSTM with encoder and decoder (AOF off)
学习率: 0.002
学习率调度器: step
Step步长(step_size): 10
Step衰减系数(gamma): 0.1
空间GAT: 开启
是否使用解码器LSTM: 是
是否使用AOF: 否
Decoder注意力隐层维度: 28
图构建模式(graph_mode): dynamic_knn
GAT层数(num_layers): 2
GAT邻居数(topk): 7
GAT嵌入维度: 8
GAT隐藏层维度: 8
------------------------------
Epoch: 1, Loss: 27.9716, Rmse_valid: 20.2595, valid_score: 16586.8, , rmse_test: 23.7484, score_test: 13848.4, Learning rate:0.00200000
Epoch: 2, Loss: 20.7680, Rmse_valid: 19.9418, valid_score: 24972.8, , rmse_test: 26.0697, score_test: 21918.6, Learning rate:0.00200000
Epoch: 3, Loss: 19.6997, Rmse_valid: 17.8592, valid_score: 8105.0, , rmse_test: 20.2338, score_test: 3110.9, Learning rate:0.00200000
Epoch: 4, Loss: 17.4734, Rmse_valid: 16.2509, valid_score: 5877.3, , rmse_test: 15.8489, score_test: 432.5, Learning rate:0.00200000
Epoch: 5, Loss: 15.2554, Rmse_valid: 12.5565, valid_score: 5604.5, , rmse_test: 15.6616, score_test: 493.2, Learning rate:0.00200000
Epoch: 6, Loss: 13.6267, Rmse_valid: 11.9217, valid_score: 3997.1, , rmse_test: 14.3324, score_test: 365.0, Learning rate:0.00200000
Epoch: 7, Loss: 12.8048, Rmse_valid: 13.1346, valid_score: 3818.3, , rmse_test: 14.7392, score_test: 278.3, Learning rate:0.00200000
Epoch: 8, Loss: 12.6471, Rmse_valid: 12.2144, valid_score: 4281.4, , rmse_test: 14.0944, score_test: 413.5, Learning rate:0.00200000
Epoch: 9, Loss: 12.2173, Rmse_valid: 11.3796, valid_score: 3140.0, , rmse_test: 13.3304, score_test: 276.2, Learning rate:0.00200000
Epoch: 10, Loss: 11.9688, Rmse_valid: 11.4162, valid_score: 5682.2, , rmse_test: 14.3996, score_test: 392.5, Learning rate:0.00200000
Epoch: 11, Loss: 10.6364, Rmse_valid: 9.9179, valid_score: 3507.9, , rmse_test: 13.4667, score_test: 337.5, Learning rate:0.00020000
Epoch: 12, Loss: 10.5209, Rmse_valid: 10.5767, valid_score: 4071.0, , rmse_test: 13.8306, score_test: 383.9, Learning rate:0.00020000
Epoch: 13, Loss: 10.4397, Rmse_valid: 9.9462, valid_score: 4043.2, , rmse_test: 13.7655, score_test: 384.0, Learning rate:0.00020000
Epoch: 14, Loss: 10.3622, Rmse_valid: 10.0713, valid_score: 3761.4, , rmse_test: 13.5285, score_test: 369.5, Learning rate:0.00020000
Epoch: 15, Loss: 10.3182, Rmse_valid: 11.0147, valid_score: 4035.5, , rmse_test: 13.6173, score_test: 353.2, Learning rate:0.00020000
Epoch: 16, Loss: 10.2562, Rmse_valid: 10.1742, valid_score: 3798.3, , rmse_test: 13.4542, score_test: 340.7, Learning rate:0.00020000
Epoch: 17, Loss: 10.2018, Rmse_valid: 10.2542, valid_score: 4051.6, , rmse_test: 13.5582, score_test: 360.3, Learning rate:0.00020000
Epoch: 18, Loss: 10.1652, Rmse_valid: 10.1357, valid_score: 3922.2, , rmse_test: 13.4182, score_test: 352.0, Learning rate:0.00020000
Epoch: 19, Loss: 10.1248, Rmse_valid: 10.5045, valid_score: 4253.4, , rmse_test: 13.4499, score_test: 344.4, Learning rate:0.00020000
Epoch: 20, Loss: 10.0846, Rmse_valid: 10.8351, valid_score: 4631.3, , rmse_test: 13.6474, score_test: 381.2, Learning rate:0.00020000
Epoch: 21, Loss: 9.9883, Rmse_valid: 10.5626, valid_score: 4267.0, , rmse_test: 13.3889, score_test: 337.9, Learning rate:0.00002000
Epoch: 22, Loss: 9.9648, Rmse_valid: 10.5927, valid_score: 4309.6, , rmse_test: 13.3822, score_test: 331.5, Learning rate:0.00002000
Epoch: 23, Loss: 9.9621, Rmse_valid: 10.3153, valid_score: 4163.7, , rmse_test: 13.3290, score_test: 328.8, Learning rate:0.00002000
Epoch: 24, Loss: 9.9571, Rmse_valid: 10.5537, valid_score: 4355.3, , rmse_test: 13.4232, score_test: 343.6, Learning rate:0.00002000
Epoch: 25, Loss: 9.9459, Rmse_valid: 11.0840, valid_score: 4433.1, , rmse_test: 13.4597, score_test: 347.0, Learning rate:0.00002000
Epoch: 26, Loss: 9.9586, Rmse_valid: 10.3180, valid_score: 4156.6, , rmse_test: 13.2914, score_test: 317.7, Learning rate:0.00002000
Epoch: 27, Loss: 9.9394, Rmse_valid: 11.1436, valid_score: 4258.9, , rmse_test: 13.3547, score_test: 331.0, Learning rate:0.00002000
Epoch: 28, Loss: 9.9389, Rmse_valid: 10.7516, valid_score: 4299.8, , rmse_test: 13.3473, score_test: 324.7, Learning rate:0.00002000
Epoch: 29, Loss: 9.9311, Rmse_valid: 11.0245, valid_score: 4273.0, , rmse_test: 13.3579, score_test: 333.4, Learning rate:0.00002000
Epoch: 30, Loss: 9.9120, Rmse_valid: 10.4757, valid_score: 4308.2, , rmse_test: 13.3727, score_test: 336.2, Learning rate:0.00002000
[Train Summary] Restored best model from epoch 11, rmse_valid: 9.9179, valid_score: 3507.9, rmse_test: 13.4667, score_test: 337.5
[Train Time] start: 2026-04-24 18:01:24, end: 2026-04-24 18:08:32, duration: 0:07:08, total_seconds: 427.95
[Auto Test] command: /usr/bin/python /CMAPSS-release/scipt/test_model.py --sub-dataset FD001 --smooth-rate 30 --sequence-len 30 --feature-num 14 --dataset-root /CMAPSS-release/CMAPSSData/ --max-rul 125 --batch-size 128 --model-path /CMAPSS-release/logs/FD001_A_g_dropout0.3/seed62/model_FD001_0424_180124_seed62.pkl --no-cuda
model_path:/CMAPSS-release/logs/FD001_A_g_dropout0.3/seed62/model_FD001_0424_180124_seed62.pkl
rmse_final:13.366375923156738, score:322.75823974609375
