-----FD002-----
模型: GAT_LSTM_AEFAOF_model(AEF与AOF均开启)
序列长度: 30
特征维度: 14
批大小: 128
最大训练轮数: 30
随机种子: 33
学习率: 0.002
学习率调度器: step
Step步长(step_size): 10
Step衰减系数(gamma): 0.1
是否启用AEF: 是
是否启用AOF: 是
GAT隐藏层维度: [8, 8, 8]
LSTM隐藏层维度: [8, 8]
GAT Dropout系数: 0.1
GAT LeakyReLU系数(alpha): 0.1
图构建模式: path
节点嵌入维度(embed_dim): 8
Topk邻居数: 7
AOF注意力隐藏维度: 4
AEF注意力隐藏维度: 28
AEF/AOF融合方式: concat
是否启用指数平滑: True
平滑系数(smooth_rate): 40
------------------------------
第1轮, 训练损失: 42.7459, 验证集RMSE: 41.5209, 验证集S分数: 659887.6, 测试集RMSE: 42.6843, 测试集S分数: 46651.3, 学习率: 0.00200000
第2轮, 训练损失: 41.3532, 验证集RMSE: 41.8805, 验证集S分数: 474183.7, 测试集RMSE: 42.3056, 测试集S分数: 33312.4, 学习率: 0.00200000
第3轮, 训练损失: 40.6631, 验证集RMSE: 41.1348, 验证集S分数: 462877.8, 测试集RMSE: 41.0520, 测试集S分数: 35944.2, 学习率: 0.00200000
第4轮, 训练损失: 40.0775, 验证集RMSE: 39.9838, 验证集S分数: 552510.3, 测试集RMSE: 40.7156, 测试集S分数: 45890.4, 学习率: 0.00200000
第5轮, 训练损失: 39.6919, 验证集RMSE: 39.8702, 验证集S分数: 650883.5, 测试集RMSE: 40.7558, 测试集S分数: 57759.2, 学习率: 0.00200000
第6轮, 训练损失: 39.4529, 验证集RMSE: 39.9201, 验证集S分数: 1046989.8, 测试集RMSE: 41.4612, 测试集S分数: 91925.0, 学习率: 0.00200000
第7轮, 训练损失: 39.2423, 验证集RMSE: 39.6716, 验证集S分数: 677541.9, 测试集RMSE: 40.7668, 测试集S分数: 60915.3, 学习率: 0.00200000
第8轮, 训练损失: 39.1652, 验证集RMSE: 40.2827, 验证集S分数: 359983.2, 测试集RMSE: 40.8070, 测试集S分数: 30967.2, 学习率: 0.00200000
第9轮, 训练损失: 39.0206, 验证集RMSE: 39.7812, 验证集S分数: 937679.1, 测试集RMSE: 40.8673, 测试集S分数: 77206.0, 学习率: 0.00200000
第10轮, 训练损失: 38.9543, 验证集RMSE: 39.4280, 验证集S分数: 966663.9, 测试集RMSE: 40.8738, 测试集S分数: 83383.4, 学习率: 0.00200000
第11轮, 训练损失: 38.5608, 验证集RMSE: 39.2890, 验证集S分数: 666324.1, 测试集RMSE: 40.1462, 测试集S分数: 59572.5, 学习率: 0.00020000
第12轮, 训练损失: 38.5114, 验证集RMSE: 39.5274, 验证集S分数: 685693.4, 测试集RMSE: 40.1357, 测试集S分数: 59238.8, 学习率: 0.00020000
第13轮, 训练损失: 38.4967, 验证集RMSE: 39.3333, 验证集S分数: 615912.9, 测试集RMSE: 39.9936, 测试集S分数: 54728.4, 学习率: 0.00020000
第14轮, 训练损失: 38.4619, 验证集RMSE: 39.5862, 验证集S分数: 635336.8, 测试集RMSE: 40.0834, 测试集S分数: 54511.1, 学习率: 0.00020000
第15轮, 训练损失: 38.4639, 验证集RMSE: 39.3867, 验证集S分数: 711387.0, 测试集RMSE: 40.1280, 测试集S分数: 61448.5, 学习率: 0.00020000
第16轮, 训练损失: 38.4036, 验证集RMSE: 39.0622, 验证集S分数: 745611.1, 测试集RMSE: 40.0480, 测试集S分数: 67368.0, 学习率: 0.00020000
第17轮, 训练损失: 38.3707, 验证集RMSE: 39.0862, 验证集S分数: 763130.3, 测试集RMSE: 40.0621, 测试集S分数: 69066.3, 学习率: 0.00020000
第18轮, 训练损失: 38.4134, 验证集RMSE: 39.1230, 验证集S分数: 660339.7, 测试集RMSE: 40.0724, 测试集S分数: 59379.3, 学习率: 0.00020000
第19轮, 训练损失: 38.3439, 验证集RMSE: 38.9728, 验证集S分数: 610219.3, 测试集RMSE: 40.0080, 测试集S分数: 54956.4, 学习率: 0.00020000
第20轮, 训练损失: 38.3437, 验证集RMSE: 38.9927, 验证集S分数: 692473.1, 测试集RMSE: 40.0458, 测试集S分数: 62460.2, 学习率: 0.00020000
第21轮, 训练损失: 38.2811, 验证集RMSE: 38.8936, 验证集S分数: 681149.3, 测试集RMSE: 40.0432, 测试集S分数: 61252.9, 学习率: 0.00002000
第22轮, 训练损失: 38.3135, 验证集RMSE: 39.3741, 验证集S分数: 684956.1, 测试集RMSE: 40.0226, 测试集S分数: 61095.5, 学习率: 0.00002000
第23轮, 训练损失: 38.2917, 验证集RMSE: 39.3219, 验证集S分数: 695416.1, 测试集RMSE: 39.9982, 测试集S分数: 61750.1, 学习率: 0.00002000
第24轮, 训练损失: 38.2990, 验证集RMSE: 39.2039, 验证集S分数: 679125.0, 测试集RMSE: 39.9929, 测试集S分数: 60667.8, 学习率: 0.00002000
第25轮, 训练损失: 38.3042, 验证集RMSE: 39.4199, 验证集S分数: 705929.0, 测试集RMSE: 40.0054, 测试集S分数: 62737.2, 学习率: 0.00002000
第26轮, 训练损失: 38.3009, 验证集RMSE: 39.1306, 验证集S分数: 719036.1, 测试集RMSE: 40.0143, 测试集S分数: 64102.4, 学习率: 0.00002000
第27轮, 训练损失: 38.3281, 验证集RMSE: 39.1598, 验证集S分数: 682299.2, 测试集RMSE: 40.0088, 测试集S分数: 60795.6, 学习率: 0.00002000
第28轮, 训练损失: 38.3051, 验证集RMSE: 39.3646, 验证集S分数: 704591.4, 测试集RMSE: 40.0490, 测试集S分数: 62318.4, 学习率: 0.00002000
第29轮, 训练损失: 38.2850, 验证集RMSE: 39.3192, 验证集S分数: 706688.6, 测试集RMSE: 40.0165, 测试集S分数: 62405.9, 学习率: 0.00002000
第30轮, 训练损失: 38.2806, 验证集RMSE: 39.2057, 验证集S分数: 710920.3, 测试集RMSE: 40.0036, 测试集S分数: 63536.8, 学习率: 0.00002000
[训练总结] 已恢复第21轮的最佳模型, 验证集RMSE: 38.8936, 验证集S分数: 681149.3, 测试集RMSE: 40.0432, 测试集S分数: 61252.9
[训练耗时] 开始: 2026-04-19 16:42:37, 结束: 2026-04-19 16:47:26, 时长: 0:04:50, 总秒数: 289.54
[自动测试] 命令: /usr/bin/python /CMAPSS-release/scipt/test_model.py --sub-dataset FD002 --smooth-rate 40 --sequence-len 30 --feature-num 14 --dataset-root /CMAPSS-release/CMAPSSData/ --max-rul 125 --batch-size 128 --model-path /CMAPSS-release/logs_GAT_LSTM/B/seed33/model_FD002_0419_164237_seed33.pkl
模型路径:/CMAPSS-release/logs_GAT_LSTM/B/seed33/model_FD002_0419_164237_seed33.pkl
最终RMSE:39.98320007324219, 评分:58179.453125
