-----FD003-----
关键参数:
序列长度: 30
批大小(batch_size): 128
最大训练轮数(max_epochs): 30
随机数种子: 27
模型代号(model_code): FD003_E
模型结构(model_structure): original
消融预设(ablation_preset): E - Only original GAT-LSTM
学习率: 0.002
学习率调度器: step
Step步长(step_size): 10
Step衰减系数(gamma): 0.1
空间GAT: 由模型内部默认启用
图构建模式(graph_mode): path
GAT层数(num_layers): 2
GAT邻居数(topk): 7
GAT嵌入维度: 8
GAT隐藏层维度: 8
------------------------------
Epoch: 1, Loss: 35.9624, Rmse_valid: 18.2420, valid_score: 78284.8, , rmse_test: 25.0249, score_test: 8357.5, Learning rate:0.00200000
Epoch: 2, Loss: 20.0216, Rmse_valid: 14.6820, valid_score: 36283.8, , rmse_test: 20.3918, score_test: 7338.3, Learning rate:0.00200000
Epoch: 3, Loss: 17.8209, Rmse_valid: 14.5249, valid_score: 20780.3, , rmse_test: 17.3093, score_test: 3766.6, Learning rate:0.00200000
Epoch: 4, Loss: 17.0770, Rmse_valid: 16.4613, valid_score: 21125.7, , rmse_test: 17.0023, score_test: 3197.8, Learning rate:0.00200000
Epoch: 5, Loss: 16.2258, Rmse_valid: 13.5165, valid_score: 16744.6, , rmse_test: 16.0576, score_test: 2457.2, Learning rate:0.00200000
Epoch: 6, Loss: 15.7189, Rmse_valid: 12.9089, valid_score: 19838.1, , rmse_test: 16.3451, score_test: 2329.8, Learning rate:0.00200000
Epoch: 7, Loss: 15.3516, Rmse_valid: 14.9511, valid_score: 18550.4, , rmse_test: 15.5473, score_test: 1477.9, Learning rate:0.00200000
Epoch: 8, Loss: 14.8120, Rmse_valid: 13.6155, valid_score: 18678.6, , rmse_test: 15.4385, score_test: 1251.9, Learning rate:0.00200000
Epoch: 9, Loss: 14.6168, Rmse_valid: 12.6887, valid_score: 30040.5, , rmse_test: 17.3975, score_test: 1728.1, Learning rate:0.00200000
Epoch: 10, Loss: 14.1619, Rmse_valid: 13.4116, valid_score: 18564.9, , rmse_test: 16.0914, score_test: 1196.4, Learning rate:0.00200000
Epoch: 11, Loss: 12.8500, Rmse_valid: 12.9929, valid_score: 18289.0, , rmse_test: 14.8212, score_test: 849.9, Learning rate:0.00020000
Epoch: 12, Loss: 12.7897, Rmse_valid: 12.4353, valid_score: 21250.9, , rmse_test: 15.4006, score_test: 956.5, Learning rate:0.00020000
Epoch: 13, Loss: 12.7553, Rmse_valid: 12.6954, valid_score: 19364.7, , rmse_test: 15.1312, score_test: 902.6, Learning rate:0.00020000
Epoch: 14, Loss: 12.7088, Rmse_valid: 12.4687, valid_score: 20899.2, , rmse_test: 15.1249, score_test: 743.6, Learning rate:0.00020000
Epoch: 15, Loss: 12.6757, Rmse_valid: 12.4148, valid_score: 20187.8, , rmse_test: 15.1439, score_test: 734.2, Learning rate:0.00020000
Epoch: 16, Loss: 12.6231, Rmse_valid: 12.8748, valid_score: 18389.1, , rmse_test: 14.6101, score_test: 604.6, Learning rate:0.00020000
Epoch: 17, Loss: 12.6116, Rmse_valid: 12.6597, valid_score: 19755.8, , rmse_test: 15.0731, score_test: 705.9, Learning rate:0.00020000
Epoch: 18, Loss: 12.5727, Rmse_valid: 12.7341, valid_score: 18739.0, , rmse_test: 14.4583, score_test: 540.2, Learning rate:0.00020000
Epoch: 19, Loss: 12.5387, Rmse_valid: 12.8520, valid_score: 18331.6, , rmse_test: 14.9076, score_test: 663.8, Learning rate:0.00020000
Epoch: 20, Loss: 12.5426, Rmse_valid: 12.5969, valid_score: 19677.5, , rmse_test: 14.9828, score_test: 647.3, Learning rate:0.00020000
Epoch: 21, Loss: 12.4622, Rmse_valid: 12.5798, valid_score: 18627.2, , rmse_test: 14.7405, score_test: 591.0, Learning rate:0.00002000
Epoch: 22, Loss: 12.4593, Rmse_valid: 12.5318, valid_score: 19251.6, , rmse_test: 14.8511, score_test: 612.2, Learning rate:0.00002000
Epoch: 23, Loss: 12.4558, Rmse_valid: 12.5470, valid_score: 18861.1, , rmse_test: 14.7731, score_test: 604.6, Learning rate:0.00002000
Epoch: 24, Loss: 12.4525, Rmse_valid: 12.5656, valid_score: 18949.5, , rmse_test: 14.7854, score_test: 605.8, Learning rate:0.00002000
Epoch: 25, Loss: 12.4509, Rmse_valid: 12.4704, valid_score: 18868.8, , rmse_test: 14.7305, score_test: 591.0, Learning rate:0.00002000
Epoch: 26, Loss: 12.4475, Rmse_valid: 12.5694, valid_score: 18675.4, , rmse_test: 14.7047, score_test: 586.1, Learning rate:0.00002000
Epoch: 27, Loss: 12.4455, Rmse_valid: 12.6739, valid_score: 18714.3, , rmse_test: 14.7288, score_test: 590.5, Learning rate:0.00002000
Epoch: 28, Loss: 12.4409, Rmse_valid: 12.7516, valid_score: 18708.5, , rmse_test: 14.7160, score_test: 587.1, Learning rate:0.00002000
Epoch: 29, Loss: 12.4383, Rmse_valid: 12.7511, valid_score: 18518.3, , rmse_test: 14.6670, score_test: 577.0, Learning rate:0.00002000
Epoch: 30, Loss: 12.4353, Rmse_valid: 12.5850, valid_score: 18910.9, , rmse_test: 14.6893, score_test: 574.8, Learning rate:0.00002000
[Train Summary] Restored best model from epoch 15, rmse_valid: 12.4148, valid_score: 20187.8, rmse_test: 15.1439, score_test: 734.2
[Train Time] start: 2026-04-20 09:49:21, end: 2026-04-20 09:50:52, duration: 0:01:31, total_seconds: 91.11
[Auto Test] command: /usr/bin/python /CMAPSS-release/scipt/test_model.py --sub-dataset FD003 --smooth-rate 40 --sequence-len 30 --feature-num 14 --dataset-root /CMAPSS-release/CMAPSSData/ --max-rul 125 --batch-size 128 --model-path /CMAPSS-release/logs/FD003_FD003_E/seed27/model_FD003_0420_094921_seed27.pkl
model_path:/CMAPSS-release/logs/FD003_FD003_E/seed27/model_FD003_0420_094921_seed27.pkl
rmse_final:14.987661361694336, score:707.7030029296875
