-----FD001-----
关键参数:
序列长度: 30
批大小(batch_size): 128
最大训练轮数(max_epochs): 30
随机数种子: 30
模型代号(model_code): FD001_A
模型结构(model_structure): encoderdecoder
消融预设(ablation_preset): A - Path graph + GAT + EncoderDecoder-LSTM with AOF
学习率: 0.002
学习率调度器: step
Step步长(step_size): 10
Step衰减系数(gamma): 0.1
空间GAT: 开启
是否使用解码器LSTM: 是
是否使用AOF: 是
Decoder注意力隐层维度: 28
Decoder融合方式: concat
图构建模式(graph_mode): path
GAT层数(num_layers): 2
GAT邻居数(topk): 7
GAT嵌入维度: 8
GAT隐藏层维度: 8
------------------------------
Epoch: 1, Loss: 27.7903, Rmse_valid: 17.1311, valid_score: 8416.5, , rmse_test: 18.6092, score_test: 1708.6, Learning rate:0.00200000
Epoch: 2, Loss: 16.3017, Rmse_valid: 14.9029, valid_score: 4959.9, , rmse_test: 15.3489, score_test: 374.4, Learning rate:0.00200000
Epoch: 3, Loss: 13.8689, Rmse_valid: 13.2129, valid_score: 5570.4, , rmse_test: 15.6109, score_test: 497.0, Learning rate:0.00200000
Epoch: 4, Loss: 12.6481, Rmse_valid: 11.9297, valid_score: 5448.4, , rmse_test: 15.2408, score_test: 438.0, Learning rate:0.00200000
Epoch: 5, Loss: 11.9079, Rmse_valid: 14.8746, valid_score: 9378.3, , rmse_test: 18.1144, score_test: 797.1, Learning rate:0.00200000
Epoch: 6, Loss: 11.5915, Rmse_valid: 11.4800, valid_score: 4240.9, , rmse_test: 14.1864, score_test: 340.5, Learning rate:0.00200000
Epoch: 7, Loss: 11.2023, Rmse_valid: 16.4205, valid_score: 6018.7, , rmse_test: 17.0876, score_test: 386.4, Learning rate:0.00200000
Epoch: 8, Loss: 11.0144, Rmse_valid: 11.8128, valid_score: 4190.5, , rmse_test: 14.4321, score_test: 333.6, Learning rate:0.00200000
Epoch: 9, Loss: 10.6413, Rmse_valid: 12.0547, valid_score: 4212.1, , rmse_test: 14.2954, score_test: 326.7, Learning rate:0.00200000
Epoch: 10, Loss: 10.4731, Rmse_valid: 12.2544, valid_score: 4856.9, , rmse_test: 15.0860, score_test: 422.6, Learning rate:0.00200000
Epoch: 11, Loss: 9.1960, Rmse_valid: 11.9452, valid_score: 4318.3, , rmse_test: 14.6925, score_test: 350.5, Learning rate:0.00020000
Epoch: 12, Loss: 9.0498, Rmse_valid: 12.4516, valid_score: 4373.6, , rmse_test: 14.8027, score_test: 358.3, Learning rate:0.00020000
Epoch: 13, Loss: 8.9870, Rmse_valid: 11.4002, valid_score: 4489.9, , rmse_test: 14.8219, score_test: 380.0, Learning rate:0.00020000
Epoch: 14, Loss: 8.9183, Rmse_valid: 12.0559, valid_score: 4683.3, , rmse_test: 14.7728, score_test: 363.4, Learning rate:0.00020000
Epoch: 15, Loss: 8.8782, Rmse_valid: 12.0634, valid_score: 4686.7, , rmse_test: 14.6834, score_test: 358.3, Learning rate:0.00020000
Epoch: 16, Loss: 8.8256, Rmse_valid: 11.9468, valid_score: 4635.2, , rmse_test: 14.8088, score_test: 357.3, Learning rate:0.00020000
Epoch: 17, Loss: 8.7710, Rmse_valid: 12.0387, valid_score: 5277.3, , rmse_test: 15.2418, score_test: 420.3, Learning rate:0.00020000
Epoch: 18, Loss: 8.7248, Rmse_valid: 12.0612, valid_score: 5317.2, , rmse_test: 15.4075, score_test: 468.8, Learning rate:0.00020000
Epoch: 19, Loss: 8.7130, Rmse_valid: 12.0183, valid_score: 4758.4, , rmse_test: 14.9680, score_test: 360.0, Learning rate:0.00020000
Epoch: 20, Loss: 8.6561, Rmse_valid: 12.0730, valid_score: 5246.0, , rmse_test: 15.0467, score_test: 402.2, Learning rate:0.00020000
Epoch: 21, Loss: 8.5757, Rmse_valid: 12.7449, valid_score: 5057.7, , rmse_test: 15.0619, score_test: 396.8, Learning rate:0.00002000
Epoch: 22, Loss: 8.5683, Rmse_valid: 11.9248, valid_score: 5097.1, , rmse_test: 15.0562, score_test: 397.4, Learning rate:0.00002000
Epoch: 23, Loss: 8.5525, Rmse_valid: 11.8907, valid_score: 5023.1, , rmse_test: 15.0768, score_test: 394.6, Learning rate:0.00002000
Epoch: 24, Loss: 8.5465, Rmse_valid: 12.3530, valid_score: 5021.3, , rmse_test: 15.0584, score_test: 391.2, Learning rate:0.00002000
Epoch: 25, Loss: 8.5380, Rmse_valid: 11.9581, valid_score: 5075.0, , rmse_test: 15.0906, score_test: 395.9, Learning rate:0.00002000
Epoch: 26, Loss: 8.5321, Rmse_valid: 12.2088, valid_score: 5130.2, , rmse_test: 15.0852, score_test: 398.6, Learning rate:0.00002000
Epoch: 27, Loss: 8.5342, Rmse_valid: 12.4051, valid_score: 5053.1, , rmse_test: 15.1005, score_test: 396.8, Learning rate:0.00002000
Epoch: 28, Loss: 8.5337, Rmse_valid: 11.7457, valid_score: 5175.7, , rmse_test: 15.1179, score_test: 403.9, Learning rate:0.00002000
Epoch: 29, Loss: 8.5233, Rmse_valid: 12.4790, valid_score: 5119.2, , rmse_test: 15.1040, score_test: 400.3, Learning rate:0.00002000
Epoch: 30, Loss: 8.5195, Rmse_valid: 12.1549, valid_score: 5035.7, , rmse_test: 15.1271, score_test: 395.8, Learning rate:0.00002000
[Train Summary] Restored best model from epoch 13, rmse_valid: 11.4002, valid_score: 4489.9, rmse_test: 14.8219, score_test: 380.0
[Train Time] start: 2026-04-20 00:25:22, end: 2026-04-20 00:27:09, duration: 0:01:47, total_seconds: 106.95
[Auto Test] command: /usr/bin/python /CMAPSS-release/scipt/test_model.py --sub-dataset FD001 --smooth-rate 40 --sequence-len 30 --feature-num 14 --dataset-root /CMAPSS-release/CMAPSSData/ --max-rul 125 --batch-size 128 --model-path /CMAPSS-release/logs/FD001_FD001_A/seed30/model_FD001_0420_002522_seed30.pkl
model_path:/CMAPSS-release/logs/FD001_FD001_A/seed30/model_FD001_0420_002522_seed30.pkl
rmse_final:14.729562759399414, score:369.5175476074219
