-----FD001-----
关键参数:
序列长度: 60
批大小(batch_size): 128
最大训练轮数(max_epochs): 30
随机数种子: 62
模型代号(model_code): GAT_EDmamba+60
模型结构(model_structure): mamba_mamba
学习率: 0.002
学习率调度器: step
Step步长(step_size): 10
Step衰减系数(gamma): 0.1
use_gat: True
gat_hidden_dim: 8
编码器: 2层Mamba
解码器: 2层Mamba
encoder_hidden_size: 16
mamba_num_layers: 2
mamba_d_state: 16
------------------------------
Epoch: 1, Loss: 23.9872, Rmse_valid: 16.7089, valid_score: 5689.2, , rmse_test: 17.3831, score_test: 406.1, Learning rate:0.00200000
Epoch: 2, Loss: 15.8646, Rmse_valid: 13.5665, valid_score: 3666.7, , rmse_test: 15.9134, score_test: 328.2, Learning rate:0.00200000
Epoch: 3, Loss: 13.4019, Rmse_valid: 15.6809, valid_score: 6741.0, , rmse_test: 18.9194, score_test: 1031.3, Learning rate:0.00200000
Epoch: 4, Loss: 12.7013, Rmse_valid: 11.5500, valid_score: 3414.4, , rmse_test: 15.7041, score_test: 548.2, Learning rate:0.00200000
Epoch: 5, Loss: 12.0414, Rmse_valid: 18.4950, valid_score: 9665.6, , rmse_test: 18.8940, score_test: 992.8, Learning rate:0.00200000
Epoch: 6, Loss: 11.6791, Rmse_valid: 13.7553, valid_score: 10360.5, , rmse_test: 17.5437, score_test: 737.2, Learning rate:0.00200000
Epoch: 7, Loss: 11.2747, Rmse_valid: 13.5287, valid_score: 6335.5, , rmse_test: 15.6454, score_test: 415.0, Learning rate:0.00200000
Epoch: 8, Loss: 10.7750, Rmse_valid: 13.4275, valid_score: 9496.9, , rmse_test: 16.7075, score_test: 699.2, Learning rate:0.00200000
Epoch: 9, Loss: 10.2890, Rmse_valid: 13.5802, valid_score: 7420.0, , rmse_test: 15.8494, score_test: 506.2, Learning rate:0.00200000
Epoch: 10, Loss: 10.2103, Rmse_valid: 15.8067, valid_score: 6797.2, , rmse_test: 15.5075, score_test: 354.2, Learning rate:0.00200000
Epoch: 11, Loss: 8.6140, Rmse_valid: 12.1487, valid_score: 7684.4, , rmse_test: 15.3182, score_test: 480.4, Learning rate:0.00020000
Epoch: 12, Loss: 8.1791, Rmse_valid: 12.3882, valid_score: 8622.2, , rmse_test: 15.4543, score_test: 477.1, Learning rate:0.00020000
Epoch: 13, Loss: 8.0422, Rmse_valid: 12.2664, valid_score: 8421.3, , rmse_test: 15.2656, score_test: 450.8, Learning rate:0.00020000
Epoch: 14, Loss: 7.9388, Rmse_valid: 12.2854, valid_score: 10237.7, , rmse_test: 15.5403, score_test: 494.2, Learning rate:0.00020000
Epoch: 15, Loss: 7.7925, Rmse_valid: 12.4470, valid_score: 9135.1, , rmse_test: 15.3120, score_test: 485.9, Learning rate:0.00020000
Epoch: 16, Loss: 7.7152, Rmse_valid: 12.3840, valid_score: 6943.0, , rmse_test: 15.5431, score_test: 434.2, Learning rate:0.00020000
Epoch: 17, Loss: 7.5108, Rmse_valid: 12.4869, valid_score: 8534.3, , rmse_test: 15.3013, score_test: 438.8, Learning rate:0.00020000
Epoch: 18, Loss: 7.4101, Rmse_valid: 12.9767, valid_score: 11904.7, , rmse_test: 15.3378, score_test: 453.8, Learning rate:0.00020000
Epoch: 19, Loss: 7.3600, Rmse_valid: 12.5492, valid_score: 8999.9, , rmse_test: 15.3897, score_test: 479.5, Learning rate:0.00020000
Epoch: 20, Loss: 7.2830, Rmse_valid: 13.1350, valid_score: 9059.2, , rmse_test: 15.9646, score_test: 468.7, Learning rate:0.00020000
Epoch: 21, Loss: 7.1577, Rmse_valid: 13.0828, valid_score: 10538.2, , rmse_test: 15.6765, score_test: 480.6, Learning rate:0.00002000
Epoch: 22, Loss: 7.0884, Rmse_valid: 12.9365, valid_score: 10529.9, , rmse_test: 15.6227, score_test: 483.8, Learning rate:0.00002000
Epoch: 23, Loss: 7.0634, Rmse_valid: 13.0318, valid_score: 11002.5, , rmse_test: 15.6740, score_test: 495.6, Learning rate:0.00002000
Epoch: 24, Loss: 7.0643, Rmse_valid: 12.9878, valid_score: 11182.3, , rmse_test: 15.6259, score_test: 491.2, Learning rate:0.00002000
Epoch: 25, Loss: 7.0521, Rmse_valid: 12.9238, valid_score: 11177.2, , rmse_test: 15.6579, score_test: 495.5, Learning rate:0.00002000
Epoch: 26, Loss: 7.0465, Rmse_valid: 12.9437, valid_score: 10786.8, , rmse_test: 15.6871, score_test: 502.7, Learning rate:0.00002000
Epoch: 27, Loss: 7.0920, Rmse_valid: 12.8888, valid_score: 10514.2, , rmse_test: 15.5661, score_test: 479.4, Learning rate:0.00002000
Epoch: 28, Loss: 6.9915, Rmse_valid: 12.9137, valid_score: 10806.8, , rmse_test: 15.6375, score_test: 497.3, Learning rate:0.00002000
Epoch: 29, Loss: 6.9974, Rmse_valid: 13.0021, valid_score: 10957.9, , rmse_test: 15.6059, score_test: 489.3, Learning rate:0.00002000
Epoch: 30, Loss: 7.0239, Rmse_valid: 12.9231, valid_score: 11391.2, , rmse_test: 15.6324, score_test: 497.3, Learning rate:0.00002000
[Train Summary] Restored best model from epoch 4, rmse_valid: 11.5500, valid_score: 3414.4, rmse_test: 15.7041, score_test: 548.2
[Train Time] start: 2026-07-22 10:52:37, end: 2026-07-22 10:55:47, duration: 0:03:10, total_seconds: 189.73
[Auto Test] command: /usr/local/miniconda3/envs/HV/bin/python /Mamba_Rul/test_GAT_EDmamba/test_model.py --sub-dataset FD001 --smooth-rate 30 --sequence-len 60 --feature-num 14 --dataset-root /Mamba_Rul/CMAPSSData/ --max-rul 125 --batch-size 128 --model-path /Mamba_Rul/logs/FD001_GAT_EDmamba+60/seed62/model_FD001_0722_105237_seed62.pkl
model_path:/Mamba_Rul/logs/FD001_GAT_EDmamba+60/seed62/model_FD001_0722_105237_seed62.pkl
rmse_final:15.68661880493164, score:531.5623779296875
