-----FD001-----
关键参数:
序列长度: 30
批大小(batch_size): 128
最大训练轮数(max_epochs): 30
随机数种子: 2
模型代号(model_code): FD001_B_BC_20260422_054641
模型结构(model_structure): encoderdecoder
消融预设(ablation_preset): B - Full-connected graph + GAT-LSTM with encoder and decoder (AOF off)
学习率: 0.002
学习率调度器: step
Step步长(step_size): 10
Step衰减系数(gamma): 0.1
空间GAT: 开启
是否使用解码器LSTM: 是
是否使用AOF: 否
Decoder注意力隐层维度: 28
图构建模式(graph_mode): dynamic_knn
GAT层数(num_layers): 2
GAT邻居数(topk): 14
GAT嵌入维度: 8
GAT隐藏层维度: 8
------------------------------
Epoch: 1, Loss: 23.9136, Rmse_valid: 20.7081, valid_score: 36148.4, , rmse_test: 25.3977, score_test: 4979.1, Learning rate:0.00200000
Epoch: 2, Loss: 17.9027, Rmse_valid: 14.2169, valid_score: 6928.4, , rmse_test: 15.3011, score_test: 322.9, Learning rate:0.00200000
Epoch: 3, Loss: 13.7869, Rmse_valid: 11.7976, valid_score: 4692.2, , rmse_test: 14.1487, score_test: 331.4, Learning rate:0.00200000
Epoch: 4, Loss: 12.6361, Rmse_valid: 12.0090, valid_score: 4926.7, , rmse_test: 14.6321, score_test: 407.8, Learning rate:0.00200000
Epoch: 5, Loss: 12.1103, Rmse_valid: 11.7119, valid_score: 5252.9, , rmse_test: 15.1612, score_test: 460.4, Learning rate:0.00200000
Epoch: 6, Loss: 11.7539, Rmse_valid: 12.5092, valid_score: 5660.3, , rmse_test: 15.4605, score_test: 487.6, Learning rate:0.00200000
Epoch: 7, Loss: 11.5284, Rmse_valid: 11.4007, valid_score: 3942.6, , rmse_test: 14.3447, score_test: 309.6, Learning rate:0.00200000
Epoch: 8, Loss: 11.2327, Rmse_valid: 12.2564, valid_score: 6832.3, , rmse_test: 15.1608, score_test: 438.4, Learning rate:0.00200000
Epoch: 9, Loss: 10.8483, Rmse_valid: 11.7122, valid_score: 3299.4, , rmse_test: 15.0269, score_test: 326.8, Learning rate:0.00200000
Epoch: 10, Loss: 10.9510, Rmse_valid: 11.2249, valid_score: 3181.6, , rmse_test: 14.8594, score_test: 327.4, Learning rate:0.00200000
Epoch: 11, Loss: 10.1119, Rmse_valid: 11.3488, valid_score: 4517.1, , rmse_test: 14.9500, score_test: 406.7, Learning rate:0.00020000
Epoch: 12, Loss: 9.8547, Rmse_valid: 11.7968, valid_score: 4451.7, , rmse_test: 14.9922, score_test: 386.9, Learning rate:0.00020000
Epoch: 13, Loss: 9.7350, Rmse_valid: 11.4141, valid_score: 4103.2, , rmse_test: 14.9581, score_test: 372.5, Learning rate:0.00020000
Epoch: 14, Loss: 9.6760, Rmse_valid: 11.2184, valid_score: 4528.9, , rmse_test: 14.8713, score_test: 383.0, Learning rate:0.00020000
Epoch: 15, Loss: 9.5900, Rmse_valid: 11.3817, valid_score: 4781.2, , rmse_test: 14.9442, score_test: 402.6, Learning rate:0.00020000
Epoch: 16, Loss: 9.5320, Rmse_valid: 11.7901, valid_score: 5114.0, , rmse_test: 15.0652, score_test: 421.6, Learning rate:0.00020000
Epoch: 17, Loss: 9.4941, Rmse_valid: 11.4784, valid_score: 4779.0, , rmse_test: 14.8991, score_test: 394.6, Learning rate:0.00020000
Epoch: 18, Loss: 9.4418, Rmse_valid: 11.6171, valid_score: 5313.4, , rmse_test: 14.9922, score_test: 421.1, Learning rate:0.00020000
Epoch: 19, Loss: 9.3772, Rmse_valid: 11.4757, valid_score: 4494.6, , rmse_test: 14.9681, score_test: 405.4, Learning rate:0.00020000
Epoch: 20, Loss: 9.3304, Rmse_valid: 11.4883, valid_score: 4865.3, , rmse_test: 14.8380, score_test: 395.1, Learning rate:0.00020000
Epoch: 21, Loss: 9.2498, Rmse_valid: 11.4283, valid_score: 4511.7, , rmse_test: 14.8885, score_test: 394.8, Learning rate:0.00002000
Epoch: 22, Loss: 9.2400, Rmse_valid: 11.5435, valid_score: 4603.6, , rmse_test: 14.8865, score_test: 395.4, Learning rate:0.00002000
Epoch: 23, Loss: 9.2199, Rmse_valid: 11.2668, valid_score: 4553.5, , rmse_test: 14.9287, score_test: 399.0, Learning rate:0.00002000
Epoch: 24, Loss: 9.2165, Rmse_valid: 11.3054, valid_score: 4546.6, , rmse_test: 14.9386, score_test: 401.0, Learning rate:0.00002000
Epoch: 25, Loss: 9.2149, Rmse_valid: 11.8786, valid_score: 4762.5, , rmse_test: 14.9777, score_test: 409.9, Learning rate:0.00002000
Epoch: 26, Loss: 9.2117, Rmse_valid: 11.5029, valid_score: 4634.1, , rmse_test: 14.9399, score_test: 403.1, Learning rate:0.00002000
Epoch: 27, Loss: 9.2109, Rmse_valid: 11.5560, valid_score: 4558.7, , rmse_test: 14.9390, score_test: 399.0, Learning rate:0.00002000
Epoch: 28, Loss: 9.1966, Rmse_valid: 11.1235, valid_score: 4579.1, , rmse_test: 14.9430, score_test: 399.4, Learning rate:0.00002000
Epoch: 29, Loss: 9.1861, Rmse_valid: 11.5934, valid_score: 4691.1, , rmse_test: 14.9630, score_test: 407.3, Learning rate:0.00002000
Epoch: 30, Loss: 9.1892, Rmse_valid: 11.5684, valid_score: 4696.1, , rmse_test: 14.9526, score_test: 405.4, Learning rate:0.00002000
[Train Summary] Restored best model from epoch 28, rmse_valid: 11.1235, valid_score: 4579.1, rmse_test: 14.9430, score_test: 399.4
[Train Time] start: 2026-04-22 05:46:46, end: 2026-04-22 05:49:05, duration: 0:02:18, total_seconds: 138.29
[Auto Test] command: /usr/bin/python /CMAPSS-release/scipt/test_model.py --sub-dataset FD001 --smooth-rate 40 --sequence-len 30 --feature-num 14 --dataset-root /CMAPSS-release/CMAPSSData/ --max-rul 125 --batch-size 128 --model-path /CMAPSS-release/logs/FD001_FD001_B_BC_20260422_054641/seed2/model_FD001_0422_054646_seed2.pkl
model_path:/CMAPSS-release/logs/FD001_FD001_B_BC_20260422_054641/seed2/model_FD001_0422_054646_seed2.pkl
rmse_final:14.816882133483887, score:382.5392150878906
