-----FD001-----
关键参数:
序列长度: 30
批大小(batch_size): 128
最大训练轮数(max_epochs): 30
随机数种子: 62
模型代号(model_code): A_g_dropout0.1_1
模型结构(model_structure): encoderdecoder
消融预设(ablation_preset): A - KNN graph + GAT-LSTM with encoder and decoder (AOF off)
学习率: 0.002
学习率调度器: step
Step步长(step_size): 10
Step衰减系数(gamma): 0.1
空间GAT: 开启
是否使用解码器LSTM: 是
是否使用AOF: 否
Decoder注意力隐层维度: 28
图构建模式(graph_mode): dynamic_knn
GAT层数(num_layers): 2
GAT邻居数(topk): 7
GAT嵌入维度: 8
GAT隐藏层维度: 8
------------------------------
Epoch: 1, Loss: 27.9871, Rmse_valid: 20.4950, valid_score: 15088.0, , rmse_test: 23.4335, score_test: 9435.0, Learning rate:0.00200000
Epoch: 2, Loss: 20.2757, Rmse_valid: 19.3154, valid_score: 12002.5, , rmse_test: 21.4969, score_test: 5998.4, Learning rate:0.00200000
Epoch: 3, Loss: 18.5354, Rmse_valid: 19.8206, valid_score: 8574.6, , rmse_test: 18.9884, score_test: 598.6, Learning rate:0.00200000
Epoch: 4, Loss: 16.7887, Rmse_valid: 19.4908, valid_score: 8678.5, , rmse_test: 19.0772, score_test: 508.9, Learning rate:0.00200000
Epoch: 5, Loss: 14.6416, Rmse_valid: 19.2617, valid_score: 8473.8, , rmse_test: 18.0903, score_test: 411.7, Learning rate:0.00200000
Epoch: 6, Loss: 13.3476, Rmse_valid: 11.9185, valid_score: 3771.4, , rmse_test: 13.9610, score_test: 312.4, Learning rate:0.00200000
Epoch: 7, Loss: 12.8252, Rmse_valid: 11.3897, valid_score: 3290.5, , rmse_test: 14.6703, score_test: 326.7, Learning rate:0.00200000
Epoch: 8, Loss: 12.6198, Rmse_valid: 14.0746, valid_score: 8685.2, , rmse_test: 16.8872, score_test: 688.0, Learning rate:0.00200000
Epoch: 9, Loss: 12.2338, Rmse_valid: 15.7869, valid_score: 11360.6, , rmse_test: 18.3044, score_test: 779.4, Learning rate:0.00200000
Epoch: 10, Loss: 11.9761, Rmse_valid: 17.2361, valid_score: 6114.0, , rmse_test: 17.6510, score_test: 419.4, Learning rate:0.00200000
Epoch: 11, Loss: 10.9126, Rmse_valid: 10.1988, valid_score: 3510.9, , rmse_test: 13.6751, score_test: 349.8, Learning rate:0.00020000
Epoch: 12, Loss: 10.5544, Rmse_valid: 10.3242, valid_score: 3738.3, , rmse_test: 13.8122, score_test: 382.5, Learning rate:0.00020000
Epoch: 13, Loss: 10.4828, Rmse_valid: 10.4773, valid_score: 4176.8, , rmse_test: 13.9203, score_test: 396.7, Learning rate:0.00020000
Epoch: 14, Loss: 10.4287, Rmse_valid: 10.6362, valid_score: 3677.5, , rmse_test: 13.5793, score_test: 349.7, Learning rate:0.00020000
Epoch: 15, Loss: 10.3560, Rmse_valid: 10.6856, valid_score: 3884.2, , rmse_test: 13.6973, score_test: 361.3, Learning rate:0.00020000
Epoch: 16, Loss: 10.3055, Rmse_valid: 10.6491, valid_score: 3466.9, , rmse_test: 13.4852, score_test: 333.1, Learning rate:0.00020000
Epoch: 17, Loss: 10.2636, Rmse_valid: 10.8120, valid_score: 3982.1, , rmse_test: 13.5654, score_test: 345.6, Learning rate:0.00020000
Epoch: 18, Loss: 10.2208, Rmse_valid: 10.4473, valid_score: 4368.9, , rmse_test: 13.7024, score_test: 374.2, Learning rate:0.00020000
Epoch: 19, Loss: 10.1697, Rmse_valid: 10.4101, valid_score: 4000.5, , rmse_test: 13.5700, score_test: 350.4, Learning rate:0.00020000
Epoch: 20, Loss: 10.1596, Rmse_valid: 10.7929, valid_score: 4806.0, , rmse_test: 13.9338, score_test: 378.0, Learning rate:0.00020000
Epoch: 21, Loss: 10.0750, Rmse_valid: 10.3923, valid_score: 4094.4, , rmse_test: 13.5660, score_test: 340.8, Learning rate:0.00002000
Epoch: 22, Loss: 10.0630, Rmse_valid: 10.7315, valid_score: 4310.2, , rmse_test: 13.6558, score_test: 358.2, Learning rate:0.00002000
Epoch: 23, Loss: 10.0670, Rmse_valid: 10.6291, valid_score: 4373.1, , rmse_test: 13.6789, score_test: 361.2, Learning rate:0.00002000
Epoch: 24, Loss: 10.0466, Rmse_valid: 10.3624, valid_score: 4323.8, , rmse_test: 13.6482, score_test: 354.4, Learning rate:0.00002000
Epoch: 25, Loss: 10.0404, Rmse_valid: 10.4702, valid_score: 4439.2, , rmse_test: 13.7044, score_test: 365.8, Learning rate:0.00002000
Epoch: 26, Loss: 10.0438, Rmse_valid: 10.4411, valid_score: 4333.0, , rmse_test: 13.6532, score_test: 358.7, Learning rate:0.00002000
Epoch: 27, Loss: 10.0356, Rmse_valid: 10.4439, valid_score: 4396.5, , rmse_test: 13.6803, score_test: 361.9, Learning rate:0.00002000
Epoch: 28, Loss: 10.0326, Rmse_valid: 10.6626, valid_score: 4456.8, , rmse_test: 13.6914, score_test: 361.1, Learning rate:0.00002000
Epoch: 29, Loss: 10.0366, Rmse_valid: 10.3937, valid_score: 4348.6, , rmse_test: 13.6336, score_test: 351.9, Learning rate:0.00002000
Epoch: 30, Loss: 10.0205, Rmse_valid: 10.7760, valid_score: 4280.8, , rmse_test: 13.6255, score_test: 355.3, Learning rate:0.00002000
[Train Summary] Restored best model from epoch 11, rmse_valid: 10.1988, valid_score: 3510.9, rmse_test: 13.6751, score_test: 349.8
[Train Time] start: 2026-04-25 10:38:21, end: 2026-04-25 10:39:59, duration: 0:01:37, total_seconds: 97.38
[Auto Test] command: /usr/bin/python /CMAPSS-release/scipt/test_model.py --sub-dataset FD001 --smooth-rate 30 --sequence-len 30 --feature-num 14 --dataset-root /CMAPSS-release/CMAPSSData/ --max-rul 125 --batch-size 128 --model-path /CMAPSS-release/logs/FD001_A_g_dropout0.1_1/seed62/model_FD001_0425_103821_seed62.pkl
model_path:/CMAPSS-release/logs/FD001_A_g_dropout0.1_1/seed62/model_FD001_0425_103821_seed62.pkl
rmse_final:13.63194751739502, score:341.7355041503906
