-----FD004-----
关键参数:
序列长度: 30
批大小(batch_size): 128
最大训练轮数(max_epochs): 30
随机数种子: 33
模型代号(model_code): FD004_C
模型结构(model_structure): encoderdecoder
消融预设(ablation_preset): C - Path graph + GAT + Encoder-only LSTM (no decoder, no AOF)
学习率: 0.002
学习率调度器: step
Step步长(step_size): 10
Step衰减系数(gamma): 0.1
空间GAT: 开启
是否使用解码器LSTM: 否
是否使用AOF: 否
图构建模式(graph_mode): path
GAT层数(num_layers): 2
GAT邻居数(topk): 7
GAT嵌入维度: 8
GAT隐藏层维度: 8
------------------------------
Epoch: 1, Loss: 27.1513, Rmse_valid: 22.1327, valid_score: 87901.3, , rmse_test: 25.6391, score_test: 12798.9, Learning rate:0.00200000
Epoch: 2, Loss: 23.1185, Rmse_valid: 21.1693, valid_score: 72483.8, , rmse_test: 24.1109, score_test: 8623.4, Learning rate:0.00200000
Epoch: 3, Loss: 21.7963, Rmse_valid: 20.4425, valid_score: 80849.3, , rmse_test: 22.1972, score_test: 5130.2, Learning rate:0.00200000
Epoch: 4, Loss: 20.4294, Rmse_valid: 19.9640, valid_score: 75099.8, , rmse_test: 22.7058, score_test: 5858.4, Learning rate:0.00200000
Epoch: 5, Loss: 19.6278, Rmse_valid: 21.0670, valid_score: 124884.8, , rmse_test: 21.8809, score_test: 5077.7, Learning rate:0.00200000
Epoch: 6, Loss: 18.9511, Rmse_valid: 17.8773, valid_score: 30564.2, , rmse_test: 18.9561, score_test: 2108.7, Learning rate:0.00200000
Epoch: 7, Loss: 18.3612, Rmse_valid: 20.9730, valid_score: 120361.0, , rmse_test: 21.5391, score_test: 7670.4, Learning rate:0.00200000
Epoch: 8, Loss: 18.0305, Rmse_valid: 17.1348, valid_score: 38181.0, , rmse_test: 18.8137, score_test: 3404.5, Learning rate:0.00200000
Epoch: 9, Loss: 17.6782, Rmse_valid: 17.4694, valid_score: 43583.3, , rmse_test: 18.7404, score_test: 2155.0, Learning rate:0.00200000
Epoch: 10, Loss: 17.3976, Rmse_valid: 17.6751, valid_score: 47815.3, , rmse_test: 18.9234, score_test: 2819.4, Learning rate:0.00200000
Epoch: 11, Loss: 15.6722, Rmse_valid: 16.9897, valid_score: 48200.8, , rmse_test: 18.3949, score_test: 2521.1, Learning rate:0.00020000
Epoch: 12, Loss: 15.4274, Rmse_valid: 17.0848, valid_score: 63134.4, , rmse_test: 18.4329, score_test: 2347.6, Learning rate:0.00020000
Epoch: 13, Loss: 15.2925, Rmse_valid: 17.6255, valid_score: 70665.0, , rmse_test: 18.9185, score_test: 2635.0, Learning rate:0.00020000
Epoch: 14, Loss: 15.2022, Rmse_valid: 17.1935, valid_score: 82812.6, , rmse_test: 18.3679, score_test: 2786.0, Learning rate:0.00020000
Epoch: 15, Loss: 15.1163, Rmse_valid: 17.5779, valid_score: 89308.6, , rmse_test: 18.5223, score_test: 2801.1, Learning rate:0.00020000
Epoch: 16, Loss: 15.0372, Rmse_valid: 17.5229, valid_score: 107959.2, , rmse_test: 18.5500, score_test: 3063.9, Learning rate:0.00020000
Epoch: 17, Loss: 14.9756, Rmse_valid: 17.5131, valid_score: 115468.4, , rmse_test: 18.6599, score_test: 2850.2, Learning rate:0.00020000
Epoch: 18, Loss: 14.9166, Rmse_valid: 17.9132, valid_score: 127344.3, , rmse_test: 18.6820, score_test: 2657.1, Learning rate:0.00020000
Epoch: 19, Loss: 14.8694, Rmse_valid: 17.7636, valid_score: 125077.3, , rmse_test: 18.1641, score_test: 2071.3, Learning rate:0.00020000
Epoch: 20, Loss: 14.8140, Rmse_valid: 18.3094, valid_score: 146611.2, , rmse_test: 18.5687, score_test: 2520.6, Learning rate:0.00020000
Epoch: 21, Loss: 14.6478, Rmse_valid: 17.8070, valid_score: 149860.4, , rmse_test: 18.2996, score_test: 2407.0, Learning rate:0.00002000
Epoch: 22, Loss: 14.6298, Rmse_valid: 17.9761, valid_score: 151809.6, , rmse_test: 18.2711, score_test: 2443.8, Learning rate:0.00002000
Epoch: 23, Loss: 14.6213, Rmse_valid: 17.8431, valid_score: 149679.0, , rmse_test: 18.2346, score_test: 2313.8, Learning rate:0.00002000
Epoch: 24, Loss: 14.6135, Rmse_valid: 17.6527, valid_score: 149099.7, , rmse_test: 18.2354, score_test: 2372.7, Learning rate:0.00002000
Epoch: 25, Loss: 14.6067, Rmse_valid: 17.6927, valid_score: 158554.4, , rmse_test: 18.3554, score_test: 2609.3, Learning rate:0.00002000
Epoch: 26, Loss: 14.6045, Rmse_valid: 17.7037, valid_score: 155230.9, , rmse_test: 18.2289, score_test: 2384.9, Learning rate:0.00002000
Epoch: 27, Loss: 14.5960, Rmse_valid: 17.8980, valid_score: 159931.6, , rmse_test: 18.3384, score_test: 2437.8, Learning rate:0.00002000
Epoch: 28, Loss: 14.5864, Rmse_valid: 17.8680, valid_score: 161937.4, , rmse_test: 18.2833, score_test: 2523.1, Learning rate:0.00002000
Epoch: 29, Loss: 14.5817, Rmse_valid: 17.8113, valid_score: 159530.9, , rmse_test: 18.3197, score_test: 2385.4, Learning rate:0.00002000
Epoch: 30, Loss: 14.5780, Rmse_valid: 17.9600, valid_score: 161844.2, , rmse_test: 18.3308, score_test: 2503.1, Learning rate:0.00002000
[Train Summary] Restored best model from epoch 11, rmse_valid: 16.9897, valid_score: 48200.8, rmse_test: 18.3949, score_test: 2521.1
[Train Time] start: 2026-04-20 12:36:10, end: 2026-04-20 12:41:32, duration: 0:05:22, total_seconds: 322.16
[Auto Test] command: /usr/bin/python /CMAPSS-release/scipt/test_model.py --sub-dataset FD004 --smooth-rate 40 --sequence-len 30 --feature-num 14 --dataset-root /CMAPSS-release/CMAPSSData/ --max-rul 125 --batch-size 128 --model-path /CMAPSS-release/logs/FD004_FD004_C/seed33/model_FD004_0420_123610_seed33.pkl
model_path:/CMAPSS-release/logs/FD004_FD004_C/seed33/model_FD004_0420_123610_seed33.pkl
rmse_final:18.38247299194336, score:2452.296875
