-----FD001-----
关键参数:
序列长度: 30
批大小(batch_size): 128
最大训练轮数(max_epochs): 30
随机数种子: 27
模型代号(model_code): A_AEF_0FF
模型结构(model_structure): encoderdecoder
消融预设(ablation_preset): A_AEF_0FF - KNN graph + GAT-LSTM with encoder and decoder (AEF off)
学习率: 0.002
学习率调度器: step
Step步长(step_size): 10
Step衰减系数(gamma): 0.1
空间GAT: 开启
是否使用解码器LSTM: 是
是否使用AEF: 否
Decoder注意力隐层维度: 28
图构建模式(graph_mode): dynamic_knn
GAT层数(num_layers): 2
GAT邻居数(topk): 7
GAT嵌入维度: 8
GAT隐藏层维度: 8
------------------------------
Epoch: 1, Loss: 24.0662, Rmse_valid: 22.3506, valid_score: 19017.9, , rmse_test: 23.1969, score_test: 14309.3, Learning rate:0.00200000
Epoch: 2, Loss: 20.3653, Rmse_valid: 19.3804, valid_score: 13817.2, , rmse_test: 21.3345, score_test: 2683.5, Learning rate:0.00200000
Epoch: 3, Loss: 18.5476, Rmse_valid: 19.0446, valid_score: 23055.7, , rmse_test: 20.6518, score_test: 1192.6, Learning rate:0.00200000
Epoch: 4, Loss: 16.3642, Rmse_valid: 17.9465, valid_score: 12991.3, , rmse_test: 17.9118, score_test: 558.6, Learning rate:0.00200000
Epoch: 5, Loss: 14.7682, Rmse_valid: 18.0187, valid_score: 18365.7, , rmse_test: 21.2679, score_test: 1746.6, Learning rate:0.00200000
Epoch: 6, Loss: 14.2174, Rmse_valid: 13.7390, valid_score: 6286.0, , rmse_test: 15.5268, score_test: 439.3, Learning rate:0.00200000
Epoch: 7, Loss: 13.5170, Rmse_valid: 18.3350, valid_score: 23429.8, , rmse_test: 22.8080, score_test: 2142.5, Learning rate:0.00200000
Epoch: 8, Loss: 13.2482, Rmse_valid: 13.9777, valid_score: 7472.0, , rmse_test: 16.0558, score_test: 558.5, Learning rate:0.00200000
Epoch: 9, Loss: 12.8446, Rmse_valid: 13.9400, valid_score: 7153.4, , rmse_test: 16.0929, score_test: 520.5, Learning rate:0.00200000
Epoch: 10, Loss: 12.5560, Rmse_valid: 14.7495, valid_score: 6533.2, , rmse_test: 16.7986, score_test: 479.1, Learning rate:0.00200000
Epoch: 11, Loss: 10.8501, Rmse_valid: 11.7692, valid_score: 4141.9, , rmse_test: 14.1963, score_test: 359.1, Learning rate:0.00020000
Epoch: 12, Loss: 10.5159, Rmse_valid: 11.7306, valid_score: 4152.1, , rmse_test: 14.2437, score_test: 390.7, Learning rate:0.00020000
Epoch: 13, Loss: 10.4044, Rmse_valid: 11.2180, valid_score: 3688.2, , rmse_test: 13.9326, score_test: 321.7, Learning rate:0.00020000
Epoch: 14, Loss: 10.2841, Rmse_valid: 11.5705, valid_score: 4041.9, , rmse_test: 14.1152, score_test: 367.2, Learning rate:0.00020000
Epoch: 15, Loss: 10.1931, Rmse_valid: 11.9237, valid_score: 4712.3, , rmse_test: 14.5528, score_test: 472.3, Learning rate:0.00020000
Epoch: 16, Loss: 10.1250, Rmse_valid: 11.7111, valid_score: 3616.9, , rmse_test: 13.5956, score_test: 298.1, Learning rate:0.00020000
Epoch: 17, Loss: 10.0782, Rmse_valid: 11.5615, valid_score: 3954.0, , rmse_test: 14.0309, score_test: 361.6, Learning rate:0.00020000
Epoch: 18, Loss: 10.0005, Rmse_valid: 11.2088, valid_score: 3727.5, , rmse_test: 13.9051, score_test: 360.0, Learning rate:0.00020000
Epoch: 19, Loss: 9.9671, Rmse_valid: 11.5139, valid_score: 3478.4, , rmse_test: 13.6906, score_test: 291.8, Learning rate:0.00020000
Epoch: 20, Loss: 9.9123, Rmse_valid: 11.7849, valid_score: 4094.9, , rmse_test: 14.0516, score_test: 396.1, Learning rate:0.00020000
Epoch: 21, Loss: 9.7744, Rmse_valid: 11.4493, valid_score: 4052.9, , rmse_test: 14.0160, score_test: 387.0, Learning rate:0.00002000
Epoch: 22, Loss: 9.7646, Rmse_valid: 11.4279, valid_score: 3984.2, , rmse_test: 13.9843, score_test: 384.5, Learning rate:0.00002000
Epoch: 23, Loss: 9.7569, Rmse_valid: 11.4879, valid_score: 4025.2, , rmse_test: 14.0220, score_test: 388.6, Learning rate:0.00002000
Epoch: 24, Loss: 9.7509, Rmse_valid: 11.5706, valid_score: 4015.4, , rmse_test: 13.9958, score_test: 381.3, Learning rate:0.00002000
Epoch: 25, Loss: 9.7480, Rmse_valid: 11.3373, valid_score: 3909.3, , rmse_test: 13.9425, score_test: 373.4, Learning rate:0.00002000
Epoch: 26, Loss: 9.7438, Rmse_valid: 11.5396, valid_score: 3968.4, , rmse_test: 13.9779, score_test: 381.8, Learning rate:0.00002000
Epoch: 27, Loss: 9.7321, Rmse_valid: 11.4784, valid_score: 3873.6, , rmse_test: 13.8994, score_test: 369.6, Learning rate:0.00002000
Epoch: 28, Loss: 9.7337, Rmse_valid: 11.3391, valid_score: 3926.4, , rmse_test: 13.9531, score_test: 378.7, Learning rate:0.00002000
Epoch: 29, Loss: 9.7309, Rmse_valid: 11.6664, valid_score: 3980.8, , rmse_test: 13.9867, score_test: 387.2, Learning rate:0.00002000
Epoch: 30, Loss: 9.7176, Rmse_valid: 11.2279, valid_score: 4172.0, , rmse_test: 14.1224, score_test: 406.9, Learning rate:0.00002000
[Train Summary] Restored best model from epoch 18, rmse_valid: 11.2088, valid_score: 3727.5, rmse_test: 13.9051, score_test: 360.0
[Train Time] start: 2026-04-25 12:58:11, end: 2026-04-25 12:59:20, duration: 0:01:09, total_seconds: 69.19
[Auto Test] command: /usr/bin/python /CMAPSS-release/scipt/test_model.py --sub-dataset FD001 --smooth-rate 30 --sequence-len 30 --feature-num 14 --dataset-root /CMAPSS-release/CMAPSSData/ --max-rul 125 --batch-size 128 --model-path /CMAPSS-release/logs/FD001_A_AEF_0FF/seed27/model_FD001_0425_125811_seed27.pkl
model_path:/CMAPSS-release/logs/FD001_A_AEF_0FF/seed27/model_FD001_0425_125811_seed27.pkl
rmse_final:13.775703430175781, score:342.8551940917969
