-----FD002-----
关键参数:
序列长度: 30
批大小(batch_size): 128
最大训练轮数(max_epochs): 30
随机数种子: 27
模型代号(model_code): A_AEF_0FF
模型结构(model_structure): encoderdecoder
消融预设(ablation_preset): A_AEF_0FF - KNN graph + GAT-LSTM with encoder and decoder (AEF off)
学习率: 0.002
学习率调度器: step
Step步长(step_size): 10
Step衰减系数(gamma): 0.1
空间GAT: 开启
是否使用解码器LSTM: 是
是否使用AEF: 否
Decoder注意力隐层维度: 28
图构建模式(graph_mode): dynamic_knn
GAT层数(num_layers): 2
GAT邻居数(topk): 7
GAT嵌入维度: 8
GAT隐藏层维度: 8
------------------------------
Epoch: 1, Loss: 26.1233, Rmse_valid: 24.1202, valid_score: 276121.5, , rmse_test: 23.2229, score_test: 22523.0, Learning rate:0.00200000
Epoch: 2, Loss: 23.1131, Rmse_valid: 23.1040, valid_score: 203736.2, , rmse_test: 22.2945, score_test: 12662.8, Learning rate:0.00200000
Epoch: 3, Loss: 22.2698, Rmse_valid: 20.8839, valid_score: 70471.7, , rmse_test: 19.2903, score_test: 2596.9, Learning rate:0.00200000
Epoch: 4, Loss: 19.3922, Rmse_valid: 19.5907, valid_score: 63913.1, , rmse_test: 18.7244, score_test: 1943.2, Learning rate:0.00200000
Epoch: 5, Loss: 17.5841, Rmse_valid: 21.9376, valid_score: 127286.4, , rmse_test: 19.1059, score_test: 3890.3, Learning rate:0.00200000
Epoch: 6, Loss: 16.9439, Rmse_valid: 16.4171, valid_score: 46141.2, , rmse_test: 14.8139, score_test: 1166.9, Learning rate:0.00200000
Epoch: 7, Loss: 16.5185, Rmse_valid: 16.6584, valid_score: 27584.0, , rmse_test: 15.3832, score_test: 1090.2, Learning rate:0.00200000
Epoch: 8, Loss: 16.1445, Rmse_valid: 17.1395, valid_score: 26284.4, , rmse_test: 16.0772, score_test: 1023.2, Learning rate:0.00200000
Epoch: 9, Loss: 15.8445, Rmse_valid: 16.0231, valid_score: 29845.6, , rmse_test: 14.4962, score_test: 1056.7, Learning rate:0.00200000
Epoch: 10, Loss: 15.6682, Rmse_valid: 19.5350, valid_score: 35897.6, , rmse_test: 16.2807, score_test: 1140.0, Learning rate:0.00200000
Epoch: 11, Loss: 13.9111, Rmse_valid: 16.6429, valid_score: 42279.3, , rmse_test: 14.5602, score_test: 1239.9, Learning rate:0.00020000
Epoch: 12, Loss: 13.7256, Rmse_valid: 15.5838, valid_score: 34673.6, , rmse_test: 13.8866, score_test: 1176.7, Learning rate:0.00020000
Epoch: 13, Loss: 13.6230, Rmse_valid: 15.7520, valid_score: 38059.7, , rmse_test: 13.9553, score_test: 1209.9, Learning rate:0.00020000
Epoch: 14, Loss: 13.5576, Rmse_valid: 15.7891, valid_score: 45357.2, , rmse_test: 14.0995, score_test: 1384.0, Learning rate:0.00020000
Epoch: 15, Loss: 13.4886, Rmse_valid: 16.1727, valid_score: 35261.7, , rmse_test: 14.1025, score_test: 1203.4, Learning rate:0.00020000
Epoch: 16, Loss: 13.4379, Rmse_valid: 15.3928, valid_score: 32240.3, , rmse_test: 13.7422, score_test: 1224.0, Learning rate:0.00020000
Epoch: 17, Loss: 13.3956, Rmse_valid: 15.5570, valid_score: 32523.6, , rmse_test: 13.7474, score_test: 1210.4, Learning rate:0.00020000
Epoch: 18, Loss: 13.3554, Rmse_valid: 15.3827, valid_score: 30936.3, , rmse_test: 13.6120, score_test: 1142.5, Learning rate:0.00020000
Epoch: 19, Loss: 13.3193, Rmse_valid: 15.4748, valid_score: 36880.5, , rmse_test: 13.6683, score_test: 1198.4, Learning rate:0.00020000
Epoch: 20, Loss: 13.2840, Rmse_valid: 15.7284, valid_score: 33871.8, , rmse_test: 13.8592, score_test: 1278.3, Learning rate:0.00020000
Epoch: 21, Loss: 13.1528, Rmse_valid: 15.4081, valid_score: 36099.6, , rmse_test: 13.7118, score_test: 1186.7, Learning rate:0.00002000
Epoch: 22, Loss: 13.1440, Rmse_valid: 15.4740, valid_score: 34553.6, , rmse_test: 13.6884, score_test: 1171.7, Learning rate:0.00002000
Epoch: 23, Loss: 13.1367, Rmse_valid: 15.4878, valid_score: 34407.6, , rmse_test: 13.6947, score_test: 1166.6, Learning rate:0.00002000
Epoch: 24, Loss: 13.1335, Rmse_valid: 15.5885, valid_score: 35260.6, , rmse_test: 13.6823, score_test: 1183.6, Learning rate:0.00002000
Epoch: 25, Loss: 13.1258, Rmse_valid: 15.5668, valid_score: 34107.9, , rmse_test: 13.6813, score_test: 1154.9, Learning rate:0.00002000
Epoch: 26, Loss: 13.1235, Rmse_valid: 15.7198, valid_score: 34742.1, , rmse_test: 13.6893, score_test: 1183.7, Learning rate:0.00002000
Epoch: 27, Loss: 13.1193, Rmse_valid: 15.4571, valid_score: 35154.1, , rmse_test: 13.6531, score_test: 1175.8, Learning rate:0.00002000
Epoch: 28, Loss: 13.1168, Rmse_valid: 15.3389, valid_score: 33936.2, , rmse_test: 13.6605, score_test: 1172.7, Learning rate:0.00002000
Epoch: 29, Loss: 13.1137, Rmse_valid: 15.5315, valid_score: 34793.5, , rmse_test: 13.7165, score_test: 1184.5, Learning rate:0.00002000
Epoch: 30, Loss: 13.1094, Rmse_valid: 15.4496, valid_score: 35908.6, , rmse_test: 13.7176, score_test: 1182.4, Learning rate:0.00002000
[Train Summary] Restored best model from epoch 28, rmse_valid: 15.3389, valid_score: 33936.2, rmse_test: 13.6605, score_test: 1172.7
[Train Time] start: 2026-04-25 13:18:43, end: 2026-04-25 13:22:34, duration: 0:03:51, total_seconds: 230.53
[Auto Test] command: /usr/bin/python /CMAPSS-release/scipt/test_model.py --sub-dataset FD002 --smooth-rate 40 --sequence-len 30 --feature-num 14 --dataset-root /CMAPSS-release/CMAPSSData/ --max-rul 125 --batch-size 128 --model-path /CMAPSS-release/logs/FD002_A_AEF_0FF/seed27/model_FD002_0425_131843_seed27.pkl
model_path:/CMAPSS-release/logs/FD002_A_AEF_0FF/seed27/model_FD002_0425_131843_seed27.pkl
rmse_final:13.59706974029541, score:1126.0467529296875
