-----FD001-----
关键参数:
序列长度: 30
批大小(batch_size): 128
最大训练轮数(max_epochs): 30
随机数种子: 17
模型代号(model_code): A_g_dropout0.1
模型结构(model_structure): encoderdecoder
消融预设(ablation_preset): A - KNN graph + GAT-LSTM with encoder and decoder (AOF off)
学习率: 0.002
学习率调度器: step
Step步长(step_size): 10
Step衰减系数(gamma): 0.1
空间GAT: 开启
是否使用解码器LSTM: 是
是否使用AOF: 否
Decoder注意力隐层维度: 28
图构建模式(graph_mode): dynamic_knn
GAT层数(num_layers): 2
GAT邻居数(topk): 7
GAT嵌入维度: 8
GAT隐藏层维度: 8
------------------------------
Epoch: 1, Loss: 22.4356, Rmse_valid: 21.5787, valid_score: 38933.5, , rmse_test: 28.3495, score_test: 44546.7, Learning rate:0.00200000
Epoch: 2, Loss: 20.2893, Rmse_valid: 19.2930, valid_score: 17886.9, , rmse_test: 23.5160, score_test: 16343.3, Learning rate:0.00200000
Epoch: 3, Loss: 16.9560, Rmse_valid: 14.2533, valid_score: 4423.3, , rmse_test: 15.2850, score_test: 340.4, Learning rate:0.00200000
Epoch: 4, Loss: 13.2504, Rmse_valid: 11.5619, valid_score: 3577.2, , rmse_test: 14.4518, score_test: 352.2, Learning rate:0.00200000
Epoch: 5, Loss: 12.1176, Rmse_valid: 11.0120, valid_score: 4485.0, , rmse_test: 14.9593, score_test: 460.6, Learning rate:0.00200000
Epoch: 6, Loss: 11.6145, Rmse_valid: 11.6818, valid_score: 6016.9, , rmse_test: 16.2180, score_test: 648.9, Learning rate:0.00200000
Epoch: 7, Loss: 11.3255, Rmse_valid: 10.9242, valid_score: 4904.2, , rmse_test: 14.4002, score_test: 388.8, Learning rate:0.00200000
Epoch: 8, Loss: 11.0239, Rmse_valid: 10.1189, valid_score: 3254.0, , rmse_test: 13.5957, score_test: 335.6, Learning rate:0.00200000
Epoch: 9, Loss: 10.7051, Rmse_valid: 10.7212, valid_score: 4519.4, , rmse_test: 14.4512, score_test: 411.3, Learning rate:0.00200000
Epoch: 10, Loss: 10.6052, Rmse_valid: 10.0334, valid_score: 3975.3, , rmse_test: 14.4947, score_test: 414.2, Learning rate:0.00200000
Epoch: 11, Loss: 9.7021, Rmse_valid: 9.7958, valid_score: 3235.1, , rmse_test: 13.5943, score_test: 324.3, Learning rate:0.00020000
Epoch: 12, Loss: 9.5882, Rmse_valid: 9.8169, valid_score: 3436.3, , rmse_test: 13.6216, score_test: 316.1, Learning rate:0.00020000
Epoch: 13, Loss: 9.5547, Rmse_valid: 9.9585, valid_score: 3208.9, , rmse_test: 13.6842, score_test: 321.2, Learning rate:0.00020000
Epoch: 14, Loss: 9.5074, Rmse_valid: 10.0032, valid_score: 3178.4, , rmse_test: 13.5074, score_test: 297.2, Learning rate:0.00020000
Epoch: 15, Loss: 9.4582, Rmse_valid: 10.1701, valid_score: 3448.3, , rmse_test: 13.7966, score_test: 347.0, Learning rate:0.00020000
Epoch: 16, Loss: 9.4107, Rmse_valid: 9.9860, valid_score: 3509.5, , rmse_test: 13.7285, score_test: 337.2, Learning rate:0.00020000
Epoch: 17, Loss: 9.3827, Rmse_valid: 9.7631, valid_score: 2963.5, , rmse_test: 13.5826, score_test: 288.2, Learning rate:0.00020000
Epoch: 18, Loss: 9.3471, Rmse_valid: 9.8104, valid_score: 3581.1, , rmse_test: 14.0025, score_test: 372.4, Learning rate:0.00020000
Epoch: 19, Loss: 9.2991, Rmse_valid: 9.5817, valid_score: 3630.0, , rmse_test: 14.0060, score_test: 369.2, Learning rate:0.00020000
Epoch: 20, Loss: 9.2885, Rmse_valid: 9.9016, valid_score: 3121.7, , rmse_test: 13.5827, score_test: 303.8, Learning rate:0.00020000
Epoch: 21, Loss: 9.2453, Rmse_valid: 10.3773, valid_score: 3483.6, , rmse_test: 13.7130, score_test: 331.8, Learning rate:0.00002000
Epoch: 22, Loss: 9.2156, Rmse_valid: 10.0059, valid_score: 3589.2, , rmse_test: 13.7628, score_test: 338.5, Learning rate:0.00002000
Epoch: 23, Loss: 9.1933, Rmse_valid: 10.2030, valid_score: 3541.1, , rmse_test: 13.7481, score_test: 337.5, Learning rate:0.00002000
Epoch: 24, Loss: 9.1984, Rmse_valid: 9.6865, valid_score: 3567.7, , rmse_test: 13.7802, score_test: 340.1, Learning rate:0.00002000
Epoch: 25, Loss: 9.2012, Rmse_valid: 9.8835, valid_score: 3574.9, , rmse_test: 13.7712, score_test: 339.4, Learning rate:0.00002000
Epoch: 26, Loss: 9.1997, Rmse_valid: 9.8239, valid_score: 3510.4, , rmse_test: 13.7059, score_test: 329.5, Learning rate:0.00002000
Epoch: 27, Loss: 9.1970, Rmse_valid: 9.9012, valid_score: 3531.5, , rmse_test: 13.7226, score_test: 331.9, Learning rate:0.00002000
Epoch: 28, Loss: 9.2029, Rmse_valid: 9.6927, valid_score: 3592.0, , rmse_test: 13.7840, score_test: 341.5, Learning rate:0.00002000
Epoch: 29, Loss: 9.1997, Rmse_valid: 10.1860, valid_score: 3572.4, , rmse_test: 13.7748, score_test: 339.8, Learning rate:0.00002000
Epoch: 30, Loss: 9.1861, Rmse_valid: 9.8003, valid_score: 3546.1, , rmse_test: 13.7281, score_test: 333.1, Learning rate:0.00002000
[Train Summary] Restored best model from epoch 19, rmse_valid: 9.5817, valid_score: 3630.0, rmse_test: 14.0060, score_test: 369.2
[Train Time] start: 2026-04-24 13:57:16, end: 2026-04-24 14:04:57, duration: 0:07:41, total_seconds: 460.69
[Auto Test] command: /usr/bin/python /CMAPSS-release/scipt/test_model.py --sub-dataset FD001 --smooth-rate 30 --sequence-len 30 --feature-num 14 --dataset-root /CMAPSS-release/CMAPSSData/ --max-rul 125 --batch-size 128 --model-path /CMAPSS-release/logs/FD001_A_g_dropout0.1/seed17/model_FD001_0424_135716_seed17.pkl --no-cuda
model_path:/CMAPSS-release/logs/FD001_A_g_dropout0.1/seed17/model_FD001_0424_135716_seed17.pkl
rmse_final:13.839797019958496, score:352.54205322265625
