-----FD001-----
关键参数:
序列长度: 30
批大小(batch_size): 128
最大训练轮数(max_epochs): 30
随机数种子: 2
模型代号(model_code): A
模型结构(model_structure): sgformer_mamba_regressor
学习率: 0.002
学习率调度器: step
Step步长(step_size): 10
Step衰减系数(gamma): 0.1
空间模块: SGFormer(传感器维度全注意力)
d_model: 64
spatial_num_layers: 2
spatial_num_heads: 4
spatial_dropout: 0.1
时间模块: Mamba-style selective SSM (no encoder-decoder)
temporal_num_layers: 2
temporal_d_state: 16
temporal_dropout: 0.1
sensor_pooling: mean
------------------------------
Epoch: 1, Loss: 30.3945, Rmse_valid: 22.6924, valid_score: 25353.2, , rmse_test: 24.1468, score_test: 19989.8, Learning rate:0.00200000
Epoch: 2, Loss: 20.9063, Rmse_valid: 16.6771, valid_score: 7568.7, , rmse_test: 16.5745, score_test: 522.6, Learning rate:0.00200000
Epoch: 3, Loss: 17.1895, Rmse_valid: 19.8259, valid_score: 33403.8, , rmse_test: 22.5130, score_test: 4000.7, Learning rate:0.00200000
Epoch: 4, Loss: 16.1447, Rmse_valid: 15.9185, valid_score: 6540.7, , rmse_test: 15.0040, score_test: 385.6, Learning rate:0.00200000
Epoch: 5, Loss: 15.4708, Rmse_valid: 16.6170, valid_score: 7701.2, , rmse_test: 14.6129, score_test: 385.1, Learning rate:0.00200000
Epoch: 6, Loss: 15.2407, Rmse_valid: 15.3272, valid_score: 6665.7, , rmse_test: 15.4236, score_test: 375.1, Learning rate:0.00200000
Epoch: 7, Loss: 14.4187, Rmse_valid: 21.4288, valid_score: 30489.3, , rmse_test: 23.9181, score_test: 3229.1, Learning rate:0.00200000
Epoch: 8, Loss: 14.4655, Rmse_valid: 14.3006, valid_score: 9222.5, , rmse_test: 14.7765, score_test: 426.0, Learning rate:0.00200000
Epoch: 9, Loss: 14.0639, Rmse_valid: 15.9501, valid_score: 14668.8, , rmse_test: 15.5158, score_test: 584.7, Learning rate:0.00200000
Epoch: 10, Loss: 13.7954, Rmse_valid: 15.7031, valid_score: 10313.7, , rmse_test: 17.2554, score_test: 427.7, Learning rate:0.00200000
Epoch: 11, Loss: 12.5068, Rmse_valid: 12.8096, valid_score: 6545.0, , rmse_test: 12.8434, score_test: 362.3, Learning rate:0.00020000
Epoch: 12, Loss: 12.1393, Rmse_valid: 13.3682, valid_score: 6564.2, , rmse_test: 12.9452, score_test: 364.1, Learning rate:0.00020000
Epoch: 13, Loss: 12.0218, Rmse_valid: 12.3882, valid_score: 5677.2, , rmse_test: 12.8919, score_test: 367.3, Learning rate:0.00020000
Epoch: 14, Loss: 11.9308, Rmse_valid: 13.1254, valid_score: 6729.9, , rmse_test: 13.3311, score_test: 411.2, Learning rate:0.00020000
Epoch: 15, Loss: 11.8792, Rmse_valid: 13.2335, valid_score: 7070.5, , rmse_test: 13.2809, score_test: 360.4, Learning rate:0.00020000
Epoch: 16, Loss: 11.8152, Rmse_valid: 12.8136, valid_score: 6770.3, , rmse_test: 13.5687, score_test: 417.9, Learning rate:0.00020000
Epoch: 17, Loss: 11.6678, Rmse_valid: 13.1609, valid_score: 6785.1, , rmse_test: 13.4316, score_test: 416.2, Learning rate:0.00020000
Epoch: 18, Loss: 11.7046, Rmse_valid: 13.0250, valid_score: 6166.1, , rmse_test: 13.3482, score_test: 365.7, Learning rate:0.00020000
Epoch: 19, Loss: 11.6061, Rmse_valid: 13.5285, valid_score: 7580.8, , rmse_test: 13.8920, score_test: 456.0, Learning rate:0.00020000
Epoch: 20, Loss: 11.5974, Rmse_valid: 13.4411, valid_score: 7897.1, , rmse_test: 13.7629, score_test: 460.6, Learning rate:0.00020000
Epoch: 21, Loss: 11.4688, Rmse_valid: 13.5776, valid_score: 7068.7, , rmse_test: 13.7662, score_test: 467.8, Learning rate:0.00002000
Epoch: 22, Loss: 11.3971, Rmse_valid: 13.4785, valid_score: 7141.5, , rmse_test: 13.7969, score_test: 479.0, Learning rate:0.00002000
Epoch: 23, Loss: 11.4524, Rmse_valid: 13.1356, valid_score: 7330.9, , rmse_test: 13.8678, score_test: 479.3, Learning rate:0.00002000
Epoch: 24, Loss: 11.4131, Rmse_valid: 13.2902, valid_score: 7022.4, , rmse_test: 13.8596, score_test: 470.3, Learning rate:0.00002000
Epoch: 25, Loss: 11.3825, Rmse_valid: 13.0097, valid_score: 7169.4, , rmse_test: 13.9170, score_test: 486.3, Learning rate:0.00002000
Epoch: 26, Loss: 11.4385, Rmse_valid: 13.1866, valid_score: 6996.2, , rmse_test: 13.8599, score_test: 472.8, Learning rate:0.00002000
Epoch: 27, Loss: 11.4043, Rmse_valid: 13.4230, valid_score: 7354.0, , rmse_test: 13.9523, score_test: 485.5, Learning rate:0.00002000
Epoch: 28, Loss: 11.4432, Rmse_valid: 13.1588, valid_score: 7288.5, , rmse_test: 13.9983, score_test: 493.0, Learning rate:0.00002000
Epoch: 29, Loss: 11.4231, Rmse_valid: 13.6053, valid_score: 7050.1, , rmse_test: 13.9410, score_test: 492.6, Learning rate:0.00002000
Epoch: 30, Loss: 11.4003, Rmse_valid: 13.3973, valid_score: 7224.2, , rmse_test: 13.9960, score_test: 484.6, Learning rate:0.00002000
[Train Summary] Restored best model from epoch 13, rmse_valid: 12.3882, valid_score: 5677.2, rmse_test: 12.8919, score_test: 367.3
[Train Time] start: 2026-05-19 07:58:33, end: 2026-05-19 08:01:28, duration: 0:02:54, total_seconds: 174.26
[Auto Test] command: /usr/local/miniconda3/bin/python /SGFormer_mamba/scipt/test_model.py --sub-dataset FD001 --smooth-rate 40 --sequence-len 30 --feature-num 14 --dataset-root /SGFormer_mamba/CMAPSSData/ --max-rul 125 --batch-size 128 --model-path /SGFormer_mamba/logs/FD001_A/seed2/model_FD001_0519_075833_seed2.pkl
model_path:/SGFormer_mamba/logs/FD001_A/seed2/model_FD001_0519_075833_seed2.pkl
rmse_final:12.777714729309082, score:353.95428466796875
