-----FD001-----
关键参数:
序列长度: 30
批大小(batch_size): 128
最大训练轮数(max_epochs): 30
随机数种子: 17
模型代号(model_code): A_g_dropout0.1_1
模型结构(model_structure): encoderdecoder
消融预设(ablation_preset): A - KNN graph + GAT-LSTM with encoder and decoder (AOF off)
学习率: 0.002
学习率调度器: step
Step步长(step_size): 10
Step衰减系数(gamma): 0.1
空间GAT: 开启
是否使用解码器LSTM: 是
是否使用AOF: 否
Decoder注意力隐层维度: 28
图构建模式(graph_mode): dynamic_knn
GAT层数(num_layers): 2
GAT邻居数(topk): 7
GAT嵌入维度: 8
GAT隐藏层维度: 8
------------------------------
Epoch: 1, Loss: 22.4118, Rmse_valid: 21.8468, valid_score: 37539.4, , rmse_test: 28.1575, score_test: 44685.2, Learning rate:0.00200000
Epoch: 2, Loss: 20.2590, Rmse_valid: 18.8749, valid_score: 16112.1, , rmse_test: 22.9133, score_test: 12242.9, Learning rate:0.00200000
Epoch: 3, Loss: 16.7078, Rmse_valid: 17.2548, valid_score: 15145.6, , rmse_test: 21.0905, score_test: 1123.4, Learning rate:0.00200000
Epoch: 4, Loss: 13.0615, Rmse_valid: 11.9793, valid_score: 4195.9, , rmse_test: 14.7672, score_test: 520.0, Learning rate:0.00200000
Epoch: 5, Loss: 11.9210, Rmse_valid: 12.4450, valid_score: 3327.8, , rmse_test: 14.1305, score_test: 245.9, Learning rate:0.00200000
Epoch: 6, Loss: 11.4337, Rmse_valid: 10.6288, valid_score: 3909.6, , rmse_test: 14.1543, score_test: 433.1, Learning rate:0.00200000
Epoch: 7, Loss: 11.1418, Rmse_valid: 9.9990, valid_score: 2778.0, , rmse_test: 13.2922, score_test: 301.8, Learning rate:0.00200000
Epoch: 8, Loss: 10.8500, Rmse_valid: 10.8948, valid_score: 3498.5, , rmse_test: 13.8077, score_test: 328.8, Learning rate:0.00200000
Epoch: 9, Loss: 10.6371, Rmse_valid: 11.0486, valid_score: 4735.0, , rmse_test: 14.9087, score_test: 540.3, Learning rate:0.00200000
Epoch: 10, Loss: 10.5129, Rmse_valid: 9.5063, valid_score: 2909.1, , rmse_test: 13.2722, score_test: 316.6, Learning rate:0.00200000
Epoch: 11, Loss: 9.5899, Rmse_valid: 9.8637, valid_score: 3326.0, , rmse_test: 13.5143, score_test: 346.7, Learning rate:0.00020000
Epoch: 12, Loss: 9.5181, Rmse_valid: 9.5854, valid_score: 3315.9, , rmse_test: 13.8226, score_test: 391.8, Learning rate:0.00020000
Epoch: 13, Loss: 9.4598, Rmse_valid: 9.5309, valid_score: 3279.4, , rmse_test: 13.6586, score_test: 359.5, Learning rate:0.00020000
Epoch: 14, Loss: 9.4143, Rmse_valid: 9.8357, valid_score: 3036.8, , rmse_test: 13.4683, score_test: 325.6, Learning rate:0.00020000
Epoch: 15, Loss: 9.3842, Rmse_valid: 9.6917, valid_score: 2977.5, , rmse_test: 13.5078, score_test: 329.1, Learning rate:0.00020000
Epoch: 16, Loss: 9.3400, Rmse_valid: 9.6248, valid_score: 3145.8, , rmse_test: 13.5982, score_test: 349.5, Learning rate:0.00020000
Epoch: 17, Loss: 9.3155, Rmse_valid: 9.7300, valid_score: 3092.6, , rmse_test: 13.5849, score_test: 338.0, Learning rate:0.00020000
Epoch: 18, Loss: 9.2621, Rmse_valid: 9.8045, valid_score: 3368.5, , rmse_test: 13.7624, score_test: 368.3, Learning rate:0.00020000
Epoch: 19, Loss: 9.2353, Rmse_valid: 9.5397, valid_score: 3333.5, , rmse_test: 13.7800, score_test: 379.0, Learning rate:0.00020000
Epoch: 20, Loss: 9.2026, Rmse_valid: 9.4766, valid_score: 3041.2, , rmse_test: 13.6249, score_test: 335.3, Learning rate:0.00020000
Epoch: 21, Loss: 9.1318, Rmse_valid: 9.7163, valid_score: 3218.1, , rmse_test: 13.7641, score_test: 364.6, Learning rate:0.00002000
Epoch: 22, Loss: 9.1230, Rmse_valid: 9.7614, valid_score: 3247.7, , rmse_test: 13.7557, score_test: 365.8, Learning rate:0.00002000
Epoch: 23, Loss: 9.1148, Rmse_valid: 9.5161, valid_score: 3213.4, , rmse_test: 13.7312, score_test: 359.1, Learning rate:0.00002000
Epoch: 24, Loss: 9.1174, Rmse_valid: 9.4564, valid_score: 3208.8, , rmse_test: 13.7178, score_test: 357.9, Learning rate:0.00002000
Epoch: 25, Loss: 9.1210, Rmse_valid: 10.0315, valid_score: 3234.9, , rmse_test: 13.7762, score_test: 368.1, Learning rate:0.00002000
Epoch: 26, Loss: 9.1205, Rmse_valid: 9.7344, valid_score: 3315.0, , rmse_test: 13.8173, score_test: 375.1, Learning rate:0.00002000
Epoch: 27, Loss: 9.1115, Rmse_valid: 10.2620, valid_score: 3146.0, , rmse_test: 13.7250, score_test: 357.8, Learning rate:0.00002000
Epoch: 28, Loss: 9.1207, Rmse_valid: 9.8756, valid_score: 3275.6, , rmse_test: 13.8349, score_test: 376.5, Learning rate:0.00002000
Epoch: 29, Loss: 9.1153, Rmse_valid: 9.9171, valid_score: 3210.3, , rmse_test: 13.7432, score_test: 361.9, Learning rate:0.00002000
Epoch: 30, Loss: 9.1001, Rmse_valid: 9.4045, valid_score: 3217.4, , rmse_test: 13.7332, score_test: 359.3, Learning rate:0.00002000
[Train Summary] Restored best model from epoch 30, rmse_valid: 9.4045, valid_score: 3217.4, rmse_test: 13.7332, score_test: 359.3
[Train Time] start: 2026-04-25 10:29:29, end: 2026-04-25 10:30:46, duration: 0:01:17, total_seconds: 77.15
[Auto Test] command: /usr/bin/python /CMAPSS-release/scipt/test_model.py --sub-dataset FD001 --smooth-rate 30 --sequence-len 30 --feature-num 14 --dataset-root /CMAPSS-release/CMAPSSData/ --max-rul 125 --batch-size 128 --model-path /CMAPSS-release/logs/FD001_A_g_dropout0.1_1/seed17/model_FD001_0425_102929_seed17.pkl
model_path:/CMAPSS-release/logs/FD001_A_g_dropout0.1_1/seed17/model_FD001_0425_102929_seed17.pkl
rmse_final:13.623876571655273, score:344.1252136230469
