-----FD002-----
关键参数:
序列长度: 30
批大小(batch_size): 128
最大训练轮数(max_epochs): 30
随机数种子: 27
模型代号(model_code): GAT_EDmamba+30
模型结构(model_structure): mamba_mamba
学习率: 0.002
学习率调度器: step
Step步长(step_size): 10
Step衰减系数(gamma): 0.1
use_gat: True
gat_hidden_dim: 8
编码器: 2层Mamba
解码器: 2层Mamba
encoder_hidden_size: 16
mamba_num_layers: 2
mamba_d_state: 16
------------------------------
Epoch: 1, Loss: 28.7688, Rmse_valid: 24.1634, valid_score: 173114.2, , rmse_test: 22.9081, score_test: 8726.4, Learning rate:0.00200000
Epoch: 2, Loss: 22.4685, Rmse_valid: 22.4625, valid_score: 66558.7, , rmse_test: 20.2381, score_test: 2359.8, Learning rate:0.00200000
Epoch: 3, Loss: 19.6641, Rmse_valid: 19.7620, valid_score: 69439.9, , rmse_test: 15.9807, score_test: 1433.0, Learning rate:0.00200000
Epoch: 4, Loss: 17.8044, Rmse_valid: 17.8288, valid_score: 34792.9, , rmse_test: 14.8204, score_test: 974.7, Learning rate:0.00200000
Epoch: 5, Loss: 17.1007, Rmse_valid: 17.7843, valid_score: 42164.6, , rmse_test: 16.8540, score_test: 1864.5, Learning rate:0.00200000
Epoch: 6, Loss: 16.2127, Rmse_valid: 17.8503, valid_score: 49244.9, , rmse_test: 14.3614, score_test: 1057.1, Learning rate:0.00200000
Epoch: 7, Loss: 15.7939, Rmse_valid: 20.6230, valid_score: 65493.8, , rmse_test: 18.8361, score_test: 3106.7, Learning rate:0.00200000
Epoch: 8, Loss: 15.4462, Rmse_valid: 18.7865, valid_score: 64222.0, , rmse_test: 15.5150, score_test: 1296.1, Learning rate:0.00200000
Epoch: 9, Loss: 14.9505, Rmse_valid: 17.2724, valid_score: 32872.5, , rmse_test: 15.1237, score_test: 1239.4, Learning rate:0.00200000
Epoch: 10, Loss: 14.6576, Rmse_valid: 18.3158, valid_score: 58063.6, , rmse_test: 15.0684, score_test: 1451.7, Learning rate:0.00200000
Epoch: 11, Loss: 12.4547, Rmse_valid: 16.6904, valid_score: 51777.4, , rmse_test: 13.7438, score_test: 1354.8, Learning rate:0.00020000
Epoch: 12, Loss: 12.1976, Rmse_valid: 16.4895, valid_score: 50480.4, , rmse_test: 13.4834, score_test: 1261.3, Learning rate:0.00020000
Epoch: 13, Loss: 12.1115, Rmse_valid: 16.6909, valid_score: 52680.4, , rmse_test: 13.7246, score_test: 1420.3, Learning rate:0.00020000
Epoch: 14, Loss: 11.9861, Rmse_valid: 16.6407, valid_score: 53386.7, , rmse_test: 13.9481, score_test: 1449.9, Learning rate:0.00020000
Epoch: 15, Loss: 11.9029, Rmse_valid: 16.7406, valid_score: 52360.8, , rmse_test: 13.7822, score_test: 1419.3, Learning rate:0.00020000
Epoch: 16, Loss: 11.8323, Rmse_valid: 16.5582, valid_score: 55039.8, , rmse_test: 13.7894, score_test: 1431.3, Learning rate:0.00020000
Epoch: 17, Loss: 11.7186, Rmse_valid: 16.6400, valid_score: 49626.6, , rmse_test: 13.7061, score_test: 1447.3, Learning rate:0.00020000
Epoch: 18, Loss: 11.6338, Rmse_valid: 16.8922, valid_score: 51283.6, , rmse_test: 13.9147, score_test: 1484.7, Learning rate:0.00020000
Epoch: 19, Loss: 11.5939, Rmse_valid: 16.6998, valid_score: 45068.2, , rmse_test: 14.0604, score_test: 1516.9, Learning rate:0.00020000
Epoch: 20, Loss: 11.5121, Rmse_valid: 16.4621, valid_score: 53105.5, , rmse_test: 13.7800, score_test: 1444.6, Learning rate:0.00020000
Epoch: 21, Loss: 11.3071, Rmse_valid: 16.6877, valid_score: 53488.7, , rmse_test: 13.8133, score_test: 1458.3, Learning rate:0.00002000
Epoch: 22, Loss: 11.2613, Rmse_valid: 16.6442, valid_score: 54762.6, , rmse_test: 13.8490, score_test: 1502.7, Learning rate:0.00002000
Epoch: 23, Loss: 11.2714, Rmse_valid: 16.9665, valid_score: 53567.6, , rmse_test: 13.8424, score_test: 1499.3, Learning rate:0.00002000
Epoch: 24, Loss: 11.2333, Rmse_valid: 16.6918, valid_score: 56225.1, , rmse_test: 13.8277, score_test: 1488.1, Learning rate:0.00002000
Epoch: 25, Loss: 11.2527, Rmse_valid: 16.8022, valid_score: 56475.1, , rmse_test: 13.8788, score_test: 1504.3, Learning rate:0.00002000
Epoch: 26, Loss: 11.2621, Rmse_valid: 16.9192, valid_score: 56364.0, , rmse_test: 13.9002, score_test: 1521.5, Learning rate:0.00002000
Epoch: 27, Loss: 11.2565, Rmse_valid: 16.7904, valid_score: 57501.8, , rmse_test: 13.9004, score_test: 1500.4, Learning rate:0.00002000
Epoch: 28, Loss: 11.2235, Rmse_valid: 16.6046, valid_score: 56393.6, , rmse_test: 13.8352, score_test: 1469.7, Learning rate:0.00002000
Epoch: 29, Loss: 11.2219, Rmse_valid: 16.9605, valid_score: 58183.6, , rmse_test: 13.9254, score_test: 1537.7, Learning rate:0.00002000
Epoch: 30, Loss: 11.2203, Rmse_valid: 16.7358, valid_score: 57355.1, , rmse_test: 13.9316, score_test: 1539.8, Learning rate:0.00002000
[Train Summary] Restored best model from epoch 20, rmse_valid: 16.4621, valid_score: 53105.5, rmse_test: 13.7800, score_test: 1444.6
[Train Time] start: 2026-07-22 11:28:04, end: 2026-07-22 11:37:35, duration: 0:09:32, total_seconds: 571.71
[Auto Test] command: /usr/local/miniconda3/envs/HV/bin/python /Mamba_Rul/test_GAT_EDmamba/test_model.py --sub-dataset FD002 --smooth-rate 40 --sequence-len 30 --feature-num 14 --dataset-root /Mamba_Rul/CMAPSSData/ --max-rul 125 --batch-size 128 --model-path /Mamba_Rul/logs/FD002_GAT_EDmamba+30/seed27/model_FD002_0722_112804_seed27.pkl
model_path:/Mamba_Rul/logs/FD002_GAT_EDmamba+30/seed27/model_FD002_0722_112804_seed27.pkl
rmse_final:13.726507186889648, score:1386.9632568359375
