-----FD004-----
关键参数:
序列长度: 30
批大小(batch_size): 128
最大训练轮数(max_epochs): 30
随机数种子: 17
模型代号(model_code): FD004_C_BC_20260422_054641
模型结构(model_structure): encoderdecoder
消融预设(ablation_preset): C - KNN graph + GAT-LSTM with encoder only (no decoder, no AOF)
学习率: 0.002
学习率调度器: step
Step步长(step_size): 10
Step衰减系数(gamma): 0.1
空间GAT: 开启
是否使用解码器LSTM: 否
是否使用AOF: 否
图构建模式(graph_mode): dynamic_knn
GAT层数(num_layers): 2
GAT邻居数(topk): 7
GAT嵌入维度: 8
GAT隐藏层维度: 8
------------------------------
Epoch: 1, Loss: 26.3326, Rmse_valid: 22.2791, valid_score: 85745.3, , rmse_test: 26.1622, score_test: 14121.6, Learning rate:0.00200000
Epoch: 2, Loss: 22.9487, Rmse_valid: 21.0237, valid_score: 65779.1, , rmse_test: 24.9313, score_test: 9482.5, Learning rate:0.00200000
Epoch: 3, Loss: 22.4031, Rmse_valid: 21.1602, valid_score: 67116.2, , rmse_test: 24.7966, score_test: 7758.9, Learning rate:0.00200000
Epoch: 4, Loss: 22.0993, Rmse_valid: 20.7114, valid_score: 50558.6, , rmse_test: 24.2227, score_test: 6546.9, Learning rate:0.00200000
Epoch: 5, Loss: 21.6900, Rmse_valid: 21.2126, valid_score: 84993.3, , rmse_test: 24.2033, score_test: 10357.9, Learning rate:0.00200000
Epoch: 6, Loss: 21.0804, Rmse_valid: 20.8375, valid_score: 86188.7, , rmse_test: 23.8021, score_test: 8044.7, Learning rate:0.00200000
Epoch: 7, Loss: 20.1520, Rmse_valid: 19.5687, valid_score: 52094.4, , rmse_test: 20.7261, score_test: 3644.8, Learning rate:0.00200000
Epoch: 8, Loss: 19.4936, Rmse_valid: 20.1257, valid_score: 92551.6, , rmse_test: 21.4459, score_test: 4667.3, Learning rate:0.00200000
Epoch: 9, Loss: 18.9061, Rmse_valid: 19.3715, valid_score: 73010.4, , rmse_test: 20.8213, score_test: 4482.4, Learning rate:0.00200000
Epoch: 10, Loss: 18.5227, Rmse_valid: 18.0700, valid_score: 37001.9, , rmse_test: 18.9742, score_test: 2132.6, Learning rate:0.00200000
Epoch: 11, Loss: 17.1039, Rmse_valid: 17.7518, valid_score: 42515.6, , rmse_test: 19.1033, score_test: 2751.2, Learning rate:0.00020000
Epoch: 12, Loss: 16.8963, Rmse_valid: 17.8972, valid_score: 45083.9, , rmse_test: 19.2335, score_test: 3183.3, Learning rate:0.00020000
Epoch: 13, Loss: 16.7877, Rmse_valid: 18.1774, valid_score: 51516.2, , rmse_test: 19.1945, score_test: 3085.2, Learning rate:0.00020000
Epoch: 14, Loss: 16.6872, Rmse_valid: 17.9006, valid_score: 50752.9, , rmse_test: 18.9234, score_test: 2811.4, Learning rate:0.00020000
Epoch: 15, Loss: 16.5914, Rmse_valid: 17.8735, valid_score: 47246.2, , rmse_test: 19.1215, score_test: 2915.1, Learning rate:0.00020000
Epoch: 16, Loss: 16.4994, Rmse_valid: 17.6935, valid_score: 43515.7, , rmse_test: 18.9548, score_test: 2634.2, Learning rate:0.00020000
Epoch: 17, Loss: 16.4349, Rmse_valid: 17.9650, valid_score: 49214.4, , rmse_test: 18.9043, score_test: 2594.0, Learning rate:0.00020000
Epoch: 18, Loss: 16.3593, Rmse_valid: 17.7288, valid_score: 45132.6, , rmse_test: 18.9206, score_test: 2404.5, Learning rate:0.00020000
Epoch: 19, Loss: 16.2806, Rmse_valid: 17.8656, valid_score: 48085.8, , rmse_test: 19.4792, score_test: 3134.6, Learning rate:0.00020000
Epoch: 20, Loss: 16.2164, Rmse_valid: 17.5934, valid_score: 48008.7, , rmse_test: 19.0982, score_test: 2678.7, Learning rate:0.00020000
Epoch: 21, Loss: 16.0651, Rmse_valid: 17.7842, valid_score: 49211.4, , rmse_test: 18.8299, score_test: 2382.0, Learning rate:0.00002000
Epoch: 22, Loss: 16.0486, Rmse_valid: 17.7692, valid_score: 50137.8, , rmse_test: 18.9397, score_test: 2503.6, Learning rate:0.00002000
Epoch: 23, Loss: 16.0378, Rmse_valid: 17.9004, valid_score: 49285.3, , rmse_test: 18.9476, score_test: 2461.4, Learning rate:0.00002000
Epoch: 24, Loss: 16.0297, Rmse_valid: 18.0070, valid_score: 50040.4, , rmse_test: 18.9675, score_test: 2462.9, Learning rate:0.00002000
Epoch: 25, Loss: 16.0220, Rmse_valid: 17.7881, valid_score: 48896.4, , rmse_test: 18.9953, score_test: 2468.0, Learning rate:0.00002000
Epoch: 26, Loss: 16.0112, Rmse_valid: 17.8842, valid_score: 51403.6, , rmse_test: 18.9884, score_test: 2577.4, Learning rate:0.00002000
Epoch: 27, Loss: 16.0032, Rmse_valid: 18.0123, valid_score: 49933.1, , rmse_test: 18.9468, score_test: 2457.9, Learning rate:0.00002000
Epoch: 28, Loss: 15.9960, Rmse_valid: 17.8230, valid_score: 49820.1, , rmse_test: 18.9413, score_test: 2444.1, Learning rate:0.00002000
Epoch: 29, Loss: 15.9850, Rmse_valid: 17.8864, valid_score: 49092.9, , rmse_test: 19.0628, score_test: 2545.3, Learning rate:0.00002000
Epoch: 30, Loss: 15.9785, Rmse_valid: 17.9619, valid_score: 51396.8, , rmse_test: 18.9780, score_test: 2541.9, Learning rate:0.00002000
[Train Summary] Restored best model from epoch 20, rmse_valid: 17.5934, valid_score: 48008.7, rmse_test: 19.0982, score_test: 2678.7
[Train Time] start: 2026-04-22 12:20:02, end: 2026-04-22 12:24:04, duration: 0:04:01, total_seconds: 241.34
[Auto Test] command: /usr/bin/python /CMAPSS-release/scipt/test_model.py --sub-dataset FD004 --smooth-rate 40 --sequence-len 30 --feature-num 14 --dataset-root /CMAPSS-release/CMAPSSData/ --max-rul 125 --batch-size 128 --model-path /CMAPSS-release/logs/FD004_FD004_C_BC_20260422_054641/seed17/model_FD004_0422_122002_seed17.pkl
model_path:/CMAPSS-release/logs/FD004_FD004_C_BC_20260422_054641/seed17/model_FD004_0422_122002_seed17.pkl
rmse_final:18.995542526245117, score:2565.146728515625
