-----FD002-----
关键参数:
序列长度: 30
批大小(batch_size): 128
最大训练轮数(max_epochs): 30
随机数种子: 97
模型代号(model_code): FD002_F
模型结构(model_structure): encoderdecoder
消融预设(ablation_preset): F - KNN graph + GAT + EncoderDecoder-LSTM without AOF
学习率: 0.002
学习率调度器: step
Step步长(step_size): 10
Step衰减系数(gamma): 0.1
空间GAT: 开启
是否使用解码器LSTM: 是
是否使用AOF: 否
Decoder注意力隐层维度: 28
图构建模式(graph_mode): dynamic_knn
GAT层数(num_layers): 2
GAT邻居数(topk): 7
GAT嵌入维度: 8
GAT隐藏层维度: 8
------------------------------
Epoch: 1, Loss: 27.9637, Rmse_valid: 23.9986, valid_score: 219016.6, , rmse_test: 22.1203, score_test: 8680.7, Learning rate:0.00200000
Epoch: 2, Loss: 20.1810, Rmse_valid: 21.3325, valid_score: 44371.8, , rmse_test: 21.6880, score_test: 1999.0, Learning rate:0.00200000
Epoch: 3, Loss: 18.0704, Rmse_valid: 17.8458, valid_score: 42686.1, , rmse_test: 14.9018, score_test: 1017.3, Learning rate:0.00200000
Epoch: 4, Loss: 17.2326, Rmse_valid: 17.9217, valid_score: 48914.2, , rmse_test: 16.0028, score_test: 1272.3, Learning rate:0.00200000
Epoch: 5, Loss: 16.8237, Rmse_valid: 17.6551, valid_score: 28348.4, , rmse_test: 15.2098, score_test: 840.2, Learning rate:0.00200000
Epoch: 6, Loss: 16.4351, Rmse_valid: 17.6414, valid_score: 41865.0, , rmse_test: 14.8415, score_test: 958.5, Learning rate:0.00200000
Epoch: 7, Loss: 16.0524, Rmse_valid: 22.1129, valid_score: 86335.9, , rmse_test: 21.3789, score_test: 4410.2, Learning rate:0.00200000
Epoch: 8, Loss: 15.9663, Rmse_valid: 18.2726, valid_score: 56410.1, , rmse_test: 16.2072, score_test: 1417.5, Learning rate:0.00200000
Epoch: 9, Loss: 15.5617, Rmse_valid: 17.0763, valid_score: 23187.9, , rmse_test: 14.9914, score_test: 753.7, Learning rate:0.00200000
Epoch: 10, Loss: 15.5624, Rmse_valid: 17.5772, valid_score: 46462.5, , rmse_test: 15.6216, score_test: 1159.8, Learning rate:0.00200000
Epoch: 11, Loss: 13.6916, Rmse_valid: 16.0280, valid_score: 41512.8, , rmse_test: 13.6062, score_test: 864.9, Learning rate:0.00020000
Epoch: 12, Loss: 13.5629, Rmse_valid: 16.1750, valid_score: 42360.1, , rmse_test: 13.6926, score_test: 908.3, Learning rate:0.00020000
Epoch: 13, Loss: 13.4718, Rmse_valid: 16.1303, valid_score: 39308.2, , rmse_test: 13.6687, score_test: 860.6, Learning rate:0.00020000
Epoch: 14, Loss: 13.4114, Rmse_valid: 16.1800, valid_score: 42983.8, , rmse_test: 13.8352, score_test: 965.2, Learning rate:0.00020000
Epoch: 15, Loss: 13.3454, Rmse_valid: 15.9643, valid_score: 41522.1, , rmse_test: 13.7513, score_test: 966.2, Learning rate:0.00020000
Epoch: 16, Loss: 13.3004, Rmse_valid: 16.1493, valid_score: 40108.6, , rmse_test: 13.7438, score_test: 954.8, Learning rate:0.00020000
Epoch: 17, Loss: 13.2639, Rmse_valid: 16.3090, valid_score: 43181.7, , rmse_test: 13.9820, score_test: 1046.7, Learning rate:0.00020000
Epoch: 18, Loss: 13.2191, Rmse_valid: 15.9594, valid_score: 36792.5, , rmse_test: 13.7059, score_test: 957.0, Learning rate:0.00020000
Epoch: 19, Loss: 13.1768, Rmse_valid: 15.8590, valid_score: 37076.6, , rmse_test: 13.8653, score_test: 1034.8, Learning rate:0.00020000
Epoch: 20, Loss: 13.1235, Rmse_valid: 15.8243, valid_score: 34385.4, , rmse_test: 13.7576, score_test: 972.2, Learning rate:0.00020000
Epoch: 21, Loss: 13.0222, Rmse_valid: 16.1166, valid_score: 38095.9, , rmse_test: 13.7446, score_test: 959.0, Learning rate:0.00002000
Epoch: 22, Loss: 13.0122, Rmse_valid: 16.0451, valid_score: 38220.3, , rmse_test: 13.7331, score_test: 969.6, Learning rate:0.00002000
Epoch: 23, Loss: 13.0071, Rmse_valid: 16.0427, valid_score: 39165.4, , rmse_test: 13.7264, score_test: 973.3, Learning rate:0.00002000
Epoch: 24, Loss: 13.0010, Rmse_valid: 16.1030, valid_score: 39000.3, , rmse_test: 13.7346, score_test: 962.9, Learning rate:0.00002000
Epoch: 25, Loss: 12.9973, Rmse_valid: 16.0411, valid_score: 39741.3, , rmse_test: 13.7873, score_test: 993.8, Learning rate:0.00002000
Epoch: 26, Loss: 12.9930, Rmse_valid: 16.0053, valid_score: 39577.0, , rmse_test: 13.8153, score_test: 995.2, Learning rate:0.00002000
Epoch: 27, Loss: 12.9873, Rmse_valid: 15.9965, valid_score: 38750.7, , rmse_test: 13.7667, score_test: 978.9, Learning rate:0.00002000
Epoch: 28, Loss: 12.9824, Rmse_valid: 16.0954, valid_score: 40512.5, , rmse_test: 13.7492, score_test: 995.9, Learning rate:0.00002000
Epoch: 29, Loss: 12.9782, Rmse_valid: 16.2335, valid_score: 40363.0, , rmse_test: 13.7886, score_test: 1002.9, Learning rate:0.00002000
Epoch: 30, Loss: 12.9731, Rmse_valid: 15.9611, valid_score: 40301.6, , rmse_test: 13.7743, score_test: 1000.4, Learning rate:0.00002000
[Train Summary] Restored best model from epoch 20, rmse_valid: 15.8243, valid_score: 34385.4, rmse_test: 13.7576, score_test: 972.2
[Train Time] start: 2026-04-21 01:04:17, end: 2026-04-21 01:10:36, duration: 0:06:19, total_seconds: 379.21
[Auto Test] command: /usr/bin/python /CMAPSS-release/scipt/test_model.py --sub-dataset FD002 --smooth-rate 40 --sequence-len 30 --feature-num 14 --dataset-root /CMAPSS-release/CMAPSSData/ --max-rul 125 --batch-size 128 --model-path /CMAPSS-release/logs/FD002_FD002_F/seed97/model_FD002_0421_010417_seed97.pkl
model_path:/CMAPSS-release/logs/FD002_FD002_F/seed97/model_FD002_0421_010417_seed97.pkl
rmse_final:13.716798782348633, score:932.6957397460938
