-----FD004-----
关键参数:
序列长度: 30
批大小(batch_size): 128
最大训练轮数(max_epochs): 30
随机数种子: 51
模型代号(model_code): FD004_E
模型结构(model_structure): original
消融预设(ablation_preset): E - Only original GAT-LSTM
学习率: 0.002
学习率调度器: step
Step步长(step_size): 10
Step衰减系数(gamma): 0.1
空间GAT: 由模型内部默认启用
图构建模式(graph_mode): path
GAT层数(num_layers): 2
GAT邻居数(topk): 7
GAT嵌入维度: 8
GAT隐藏层维度: 8
------------------------------
Epoch: 1, Loss: 41.5843, Rmse_valid: 42.1309, valid_score: 1785570.5, , rmse_test: 44.6968, score_test: 151954.0, Learning rate:0.00200000
Epoch: 2, Loss: 40.8350, Rmse_valid: 41.4829, valid_score: 1754642.1, , rmse_test: 44.6236, score_test: 160506.4, Learning rate:0.00200000
Epoch: 3, Loss: 40.4791, Rmse_valid: 41.2120, valid_score: 1907319.5, , rmse_test: 44.5025, score_test: 182050.6, Learning rate:0.00200000
Epoch: 4, Loss: 39.9159, Rmse_valid: 41.0321, valid_score: 2465352.2, , rmse_test: 44.9462, score_test: 241998.5, Learning rate:0.00200000
Epoch: 5, Loss: 39.3832, Rmse_valid: 40.5555, valid_score: 2385018.8, , rmse_test: 43.9582, score_test: 200451.5, Learning rate:0.00200000
Epoch: 6, Loss: 38.7202, Rmse_valid: 41.2816, valid_score: 4524431.5, , rmse_test: 45.7749, score_test: 306836.5, Learning rate:0.00200000
Epoch: 7, Loss: 38.0857, Rmse_valid: 39.4142, valid_score: 2433408.2, , rmse_test: 43.0927, score_test: 177469.9, Learning rate:0.00200000
Epoch: 8, Loss: 37.7512, Rmse_valid: 38.5563, valid_score: 1278491.2, , rmse_test: 40.3272, score_test: 74051.9, Learning rate:0.00200000
Epoch: 9, Loss: 37.4826, Rmse_valid: 37.9069, valid_score: 1307488.8, , rmse_test: 39.5928, score_test: 62437.7, Learning rate:0.00200000
Epoch: 10, Loss: 37.1555, Rmse_valid: 39.6064, valid_score: 3212059.5, , rmse_test: 42.7004, score_test: 198534.1, Learning rate:0.00200000
Epoch: 11, Loss: 36.0586, Rmse_valid: 37.4366, valid_score: 2605649.0, , rmse_test: 40.1070, score_test: 111498.9, Learning rate:0.00020000
Epoch: 12, Loss: 35.9202, Rmse_valid: 37.6102, valid_score: 2846223.0, , rmse_test: 40.0091, score_test: 109027.5, Learning rate:0.00020000
Epoch: 13, Loss: 35.8172, Rmse_valid: 37.3938, valid_score: 1724971.1, , rmse_test: 39.0163, score_test: 72517.3, Learning rate:0.00020000
Epoch: 14, Loss: 35.7348, Rmse_valid: 37.4337, valid_score: 3940490.2, , rmse_test: 40.4882, score_test: 144685.8, Learning rate:0.00020000
Epoch: 15, Loss: 35.6451, Rmse_valid: 37.3681, valid_score: 3850392.0, , rmse_test: 40.0002, score_test: 127344.3, Learning rate:0.00020000
Epoch: 16, Loss: 35.5534, Rmse_valid: 37.5062, valid_score: 2799181.5, , rmse_test: 39.7972, score_test: 124293.8, Learning rate:0.00020000
Epoch: 17, Loss: 35.4500, Rmse_valid: 37.5505, valid_score: 3736528.2, , rmse_test: 39.9813, score_test: 136073.2, Learning rate:0.00020000
Epoch: 18, Loss: 35.3686, Rmse_valid: 37.3234, valid_score: 2813876.0, , rmse_test: 39.6559, score_test: 135502.2, Learning rate:0.00020000
Epoch: 19, Loss: 35.2924, Rmse_valid: 37.5688, valid_score: 2442252.0, , rmse_test: 39.1166, score_test: 102414.4, Learning rate:0.00020000
Epoch: 20, Loss: 35.2006, Rmse_valid: 37.8171, valid_score: 3030805.5, , rmse_test: 39.9504, score_test: 154130.6, Learning rate:0.00020000
Epoch: 21, Loss: 35.0810, Rmse_valid: 37.4288, valid_score: 2963290.8, , rmse_test: 39.4909, score_test: 129744.6, Learning rate:0.00002000
Epoch: 22, Loss: 35.0651, Rmse_valid: 37.2139, valid_score: 2567386.2, , rmse_test: 39.1777, score_test: 115428.1, Learning rate:0.00002000
Epoch: 23, Loss: 35.0580, Rmse_valid: 37.3111, valid_score: 3055582.0, , rmse_test: 39.5310, score_test: 131638.0, Learning rate:0.00002000
Epoch: 24, Loss: 35.0497, Rmse_valid: 37.0513, valid_score: 2577200.5, , rmse_test: 39.1234, score_test: 112802.6, Learning rate:0.00002000
Epoch: 25, Loss: 35.0372, Rmse_valid: 37.1406, valid_score: 2571021.2, , rmse_test: 39.0496, score_test: 109278.4, Learning rate:0.00002000
Epoch: 26, Loss: 35.0300, Rmse_valid: 37.1493, valid_score: 2658926.8, , rmse_test: 39.2240, score_test: 119079.0, Learning rate:0.00002000
Epoch: 27, Loss: 35.0255, Rmse_valid: 36.9161, valid_score: 2727966.0, , rmse_test: 39.2461, score_test: 119829.0, Learning rate:0.00002000
Epoch: 28, Loss: 35.0103, Rmse_valid: 37.2451, valid_score: 2965584.2, , rmse_test: 39.4704, score_test: 131685.3, Learning rate:0.00002000
Epoch: 29, Loss: 35.0074, Rmse_valid: 37.2691, valid_score: 2881870.0, , rmse_test: 39.3201, score_test: 124901.1, Learning rate:0.00002000
Epoch: 30, Loss: 34.9965, Rmse_valid: 36.9724, valid_score: 2638157.5, , rmse_test: 39.1567, score_test: 116837.5, Learning rate:0.00002000
[Train Summary] Restored best model from epoch 27, rmse_valid: 36.9161, valid_score: 2727966.0, rmse_test: 39.2461, score_test: 119829.0
[Train Time] start: 2026-04-20 14:26:48, end: 2026-04-20 14:29:30, duration: 0:02:42, total_seconds: 162.28
[Auto Test] command: /usr/bin/python /CMAPSS-release/scipt/test_model.py --sub-dataset FD004 --smooth-rate 40 --sequence-len 30 --feature-num 14 --dataset-root /CMAPSS-release/CMAPSSData/ --max-rul 125 --batch-size 128 --model-path /CMAPSS-release/logs/FD004_FD004_E/seed51/model_FD004_0420_142648_seed51.pkl
model_path:/CMAPSS-release/logs/FD004_FD004_E/seed51/model_FD004_0420_142648_seed51.pkl
rmse_final:39.10098648071289, score:115463.34375
