-----FD002-----
关键参数:
序列长度: 30
批大小(batch_size): 128
最大训练轮数(max_epochs): 30
随机数种子: 17
模型代号(model_code): FD002_B
模型结构(model_structure): encoderdecoder
消融预设(ablation_preset): B - Path graph + GAT + EncoderDecoder-LSTM without AOF
学习率: 0.002
学习率调度器: step
Step步长(step_size): 10
Step衰减系数(gamma): 0.1
空间GAT: 开启
是否使用解码器LSTM: 是
是否使用AOF: 否
Decoder注意力隐层维度: 28
图构建模式(graph_mode): path
GAT层数(num_layers): 2
GAT邻居数(topk): 7
GAT嵌入维度: 8
GAT隐藏层维度: 8
------------------------------
Epoch: 1, Loss: 24.4750, Rmse_valid: 23.8680, valid_score: 88689.5, , rmse_test: 22.6432, score_test: 6364.5, Learning rate:0.00200000
Epoch: 2, Loss: 19.3689, Rmse_valid: 18.8930, valid_score: 42726.5, , rmse_test: 16.2810, score_test: 1336.1, Learning rate:0.00200000
Epoch: 3, Loss: 17.9572, Rmse_valid: 17.4207, valid_score: 32857.3, , rmse_test: 15.1225, score_test: 1025.8, Learning rate:0.00200000
Epoch: 4, Loss: 17.2164, Rmse_valid: 17.9737, valid_score: 50298.0, , rmse_test: 15.3591, score_test: 1371.3, Learning rate:0.00200000
Epoch: 5, Loss: 16.7880, Rmse_valid: 17.3554, valid_score: 39531.3, , rmse_test: 14.6298, score_test: 1193.9, Learning rate:0.00200000
Epoch: 6, Loss: 16.3654, Rmse_valid: 17.8000, valid_score: 67235.1, , rmse_test: 15.7494, score_test: 1961.8, Learning rate:0.00200000
Epoch: 7, Loss: 16.0215, Rmse_valid: 16.3079, valid_score: 39890.8, , rmse_test: 14.1126, score_test: 1127.9, Learning rate:0.00200000
Epoch: 8, Loss: 15.8551, Rmse_valid: 16.4375, valid_score: 32393.8, , rmse_test: 14.4902, score_test: 1077.2, Learning rate:0.00200000
Epoch: 9, Loss: 15.6882, Rmse_valid: 16.3534, valid_score: 39185.3, , rmse_test: 14.1436, score_test: 1170.5, Learning rate:0.00200000
Epoch: 10, Loss: 15.3341, Rmse_valid: 23.2579, valid_score: 90039.1, , rmse_test: 21.6660, score_test: 3968.2, Learning rate:0.00200000
Epoch: 11, Loss: 13.6745, Rmse_valid: 15.0310, valid_score: 26579.9, , rmse_test: 13.8817, score_test: 1145.2, Learning rate:0.00020000
Epoch: 12, Loss: 13.4142, Rmse_valid: 15.1563, valid_score: 30052.4, , rmse_test: 14.0426, score_test: 1204.4, Learning rate:0.00020000
Epoch: 13, Loss: 13.3393, Rmse_valid: 14.8350, valid_score: 26975.8, , rmse_test: 13.8539, score_test: 1217.4, Learning rate:0.00020000
Epoch: 14, Loss: 13.2971, Rmse_valid: 14.7061, valid_score: 28807.5, , rmse_test: 13.8590, score_test: 1226.4, Learning rate:0.00020000
Epoch: 15, Loss: 13.2565, Rmse_valid: 14.8785, valid_score: 28069.0, , rmse_test: 13.8950, score_test: 1212.8, Learning rate:0.00020000
Epoch: 16, Loss: 13.2251, Rmse_valid: 14.7045, valid_score: 28123.7, , rmse_test: 14.0430, score_test: 1296.3, Learning rate:0.00020000
Epoch: 17, Loss: 13.1707, Rmse_valid: 14.7980, valid_score: 28257.4, , rmse_test: 13.9977, score_test: 1214.7, Learning rate:0.00020000
Epoch: 18, Loss: 13.1527, Rmse_valid: 14.8193, valid_score: 29776.2, , rmse_test: 14.1032, score_test: 1368.9, Learning rate:0.00020000
Epoch: 19, Loss: 13.1081, Rmse_valid: 14.6929, valid_score: 29805.5, , rmse_test: 13.9377, score_test: 1229.7, Learning rate:0.00020000
Epoch: 20, Loss: 13.0823, Rmse_valid: 14.5691, valid_score: 25218.6, , rmse_test: 13.7920, score_test: 1213.0, Learning rate:0.00020000
Epoch: 21, Loss: 12.9683, Rmse_valid: 14.5977, valid_score: 28086.1, , rmse_test: 13.9925, score_test: 1286.4, Learning rate:0.00002000
Epoch: 22, Loss: 12.9591, Rmse_valid: 14.5937, valid_score: 28277.7, , rmse_test: 13.9960, score_test: 1279.7, Learning rate:0.00002000
Epoch: 23, Loss: 12.9511, Rmse_valid: 14.6220, valid_score: 27373.2, , rmse_test: 13.9516, score_test: 1251.1, Learning rate:0.00002000
Epoch: 24, Loss: 12.9491, Rmse_valid: 14.4848, valid_score: 28359.8, , rmse_test: 13.9707, score_test: 1261.7, Learning rate:0.00002000
Epoch: 25, Loss: 12.9440, Rmse_valid: 14.6579, valid_score: 28121.2, , rmse_test: 14.0214, score_test: 1284.4, Learning rate:0.00002000
Epoch: 26, Loss: 12.9428, Rmse_valid: 14.4345, valid_score: 28420.8, , rmse_test: 14.0119, score_test: 1284.8, Learning rate:0.00002000
Epoch: 27, Loss: 12.9377, Rmse_valid: 14.5440, valid_score: 28570.8, , rmse_test: 14.0154, score_test: 1278.5, Learning rate:0.00002000
Epoch: 28, Loss: 12.9343, Rmse_valid: 14.6322, valid_score: 28320.3, , rmse_test: 13.9858, score_test: 1271.0, Learning rate:0.00002000
Epoch: 29, Loss: 12.9297, Rmse_valid: 14.5336, valid_score: 27840.8, , rmse_test: 13.9478, score_test: 1252.9, Learning rate:0.00002000
Epoch: 30, Loss: 12.9251, Rmse_valid: 14.4791, valid_score: 27912.8, , rmse_test: 13.9752, score_test: 1284.8, Learning rate:0.00002000
[Train Summary] Restored best model from epoch 26, rmse_valid: 14.4345, valid_score: 28420.8, rmse_test: 14.0119, score_test: 1284.8
[Train Time] start: 2026-04-20 03:38:52, end: 2026-04-20 03:44:37, duration: 0:05:45, total_seconds: 345.18
[Auto Test] command: /usr/bin/python /CMAPSS-release/scipt/test_model.py --sub-dataset FD002 --smooth-rate 40 --sequence-len 30 --feature-num 14 --dataset-root /CMAPSS-release/CMAPSSData/ --max-rul 125 --batch-size 128 --model-path /CMAPSS-release/logs/FD002_FD002_B/seed17/model_FD002_0420_033852_seed17.pkl
model_path:/CMAPSS-release/logs/FD002_FD002_B/seed17/model_FD002_0420_033852_seed17.pkl
rmse_final:13.946394920349121, score:1248.95068359375
