-----FD004-----
关键参数:
序列长度: 30
批大小(batch_size): 128
最大训练轮数(max_epochs): 30
随机数种子: 2
模型代号(model_code): A_AEF_0FF
模型结构(model_structure): encoderdecoder
消融预设(ablation_preset): A_AEF_0FF - KNN graph + GAT-LSTM with encoder and decoder (AEF off)
学习率: 0.002
学习率调度器: step
Step步长(step_size): 10
Step衰减系数(gamma): 0.1
空间GAT: 开启
是否使用解码器LSTM: 是
是否使用AEF: 否
Decoder注意力隐层维度: 28
图构建模式(graph_mode): dynamic_knn
GAT层数(num_layers): 2
GAT邻居数(topk): 7
GAT嵌入维度: 8
GAT隐藏层维度: 8
------------------------------
Epoch: 1, Loss: 25.2333, Rmse_valid: 21.2183, valid_score: 73035.7, , rmse_test: 25.1753, score_test: 10842.6, Learning rate:0.00200000
Epoch: 2, Loss: 22.4178, Rmse_valid: 20.4599, valid_score: 45138.2, , rmse_test: 24.0650, score_test: 6679.8, Learning rate:0.00200000
Epoch: 3, Loss: 21.7053, Rmse_valid: 20.0058, valid_score: 58038.2, , rmse_test: 23.3491, score_test: 8013.2, Learning rate:0.00200000
Epoch: 4, Loss: 21.7295, Rmse_valid: 20.2076, valid_score: 50006.6, , rmse_test: 24.3300, score_test: 6184.7, Learning rate:0.00200000
Epoch: 5, Loss: 21.3908, Rmse_valid: 19.8720, valid_score: 72442.9, , rmse_test: 23.7431, score_test: 9741.1, Learning rate:0.00200000
Epoch: 6, Loss: 20.4067, Rmse_valid: 18.5839, valid_score: 45038.7, , rmse_test: 22.5457, score_test: 5312.3, Learning rate:0.00200000
Epoch: 7, Loss: 19.9417, Rmse_valid: 18.2891, valid_score: 37703.3, , rmse_test: 20.6739, score_test: 4255.6, Learning rate:0.00200000
Epoch: 8, Loss: 19.0853, Rmse_valid: 17.7662, valid_score: 38974.9, , rmse_test: 20.3643, score_test: 2685.7, Learning rate:0.00200000
Epoch: 9, Loss: 18.8921, Rmse_valid: 19.3893, valid_score: 56211.9, , rmse_test: 20.9816, score_test: 4324.4, Learning rate:0.00200000
Epoch: 10, Loss: 19.5154, Rmse_valid: 18.8712, valid_score: 46740.3, , rmse_test: 20.6019, score_test: 3307.6, Learning rate:0.00200000
Epoch: 11, Loss: 17.9811, Rmse_valid: 18.1486, valid_score: 52779.4, , rmse_test: 19.7363, score_test: 3443.8, Learning rate:0.00020000
Epoch: 12, Loss: 17.8170, Rmse_valid: 18.4017, valid_score: 69728.3, , rmse_test: 19.5438, score_test: 3019.6, Learning rate:0.00020000
Epoch: 13, Loss: 17.6575, Rmse_valid: 18.2691, valid_score: 59283.0, , rmse_test: 19.6593, score_test: 2977.2, Learning rate:0.00020000
Epoch: 14, Loss: 17.3569, Rmse_valid: 18.1245, valid_score: 45186.4, , rmse_test: 19.1487, score_test: 2480.7, Learning rate:0.00020000
Epoch: 15, Loss: 17.3122, Rmse_valid: 17.9342, valid_score: 44996.8, , rmse_test: 18.9671, score_test: 2507.4, Learning rate:0.00020000
Epoch: 16, Loss: 16.9932, Rmse_valid: 17.8844, valid_score: 44802.8, , rmse_test: 19.0105, score_test: 2486.3, Learning rate:0.00020000
Epoch: 17, Loss: 16.8077, Rmse_valid: 17.4500, valid_score: 39426.8, , rmse_test: 18.7724, score_test: 2286.0, Learning rate:0.00020000
Epoch: 18, Loss: 16.6524, Rmse_valid: 18.1073, valid_score: 52263.7, , rmse_test: 18.7141, score_test: 2250.0, Learning rate:0.00020000
Epoch: 19, Loss: 16.5267, Rmse_valid: 17.6632, valid_score: 45382.7, , rmse_test: 18.8003, score_test: 2123.7, Learning rate:0.00020000
Epoch: 20, Loss: 16.2830, Rmse_valid: 17.2094, valid_score: 39280.8, , rmse_test: 18.4821, score_test: 2023.8, Learning rate:0.00020000
Epoch: 21, Loss: 16.0683, Rmse_valid: 17.1611, valid_score: 39394.8, , rmse_test: 18.2610, score_test: 1907.3, Learning rate:0.00002000
Epoch: 22, Loss: 16.0483, Rmse_valid: 17.1450, valid_score: 38258.3, , rmse_test: 18.2559, score_test: 1884.1, Learning rate:0.00002000
Epoch: 23, Loss: 16.0462, Rmse_valid: 17.2640, valid_score: 39081.3, , rmse_test: 18.1640, score_test: 1833.5, Learning rate:0.00002000
Epoch: 24, Loss: 16.0451, Rmse_valid: 17.1339, valid_score: 39638.4, , rmse_test: 18.2296, score_test: 1910.7, Learning rate:0.00002000
Epoch: 25, Loss: 16.0236, Rmse_valid: 17.2790, valid_score: 39330.0, , rmse_test: 18.3234, score_test: 1945.2, Learning rate:0.00002000
Epoch: 26, Loss: 16.0127, Rmse_valid: 17.0025, valid_score: 38108.9, , rmse_test: 18.2357, score_test: 1872.4, Learning rate:0.00002000
Epoch: 27, Loss: 16.0082, Rmse_valid: 17.2459, valid_score: 38950.3, , rmse_test: 18.1772, score_test: 1855.5, Learning rate:0.00002000
Epoch: 28, Loss: 15.9845, Rmse_valid: 17.3608, valid_score: 37791.5, , rmse_test: 18.1946, score_test: 1847.2, Learning rate:0.00002000
Epoch: 29, Loss: 15.9677, Rmse_valid: 17.4611, valid_score: 38860.1, , rmse_test: 18.0571, score_test: 1759.0, Learning rate:0.00002000
Epoch: 30, Loss: 15.9586, Rmse_valid: 17.2597, valid_score: 39278.6, , rmse_test: 18.0700, score_test: 1789.1, Learning rate:0.00002000
[Train Summary] Restored best model from epoch 26, rmse_valid: 17.0025, valid_score: 38108.9, rmse_test: 18.2357, score_test: 1872.4
[Train Time] start: 2026-04-25 14:10:50, end: 2026-04-25 14:14:25, duration: 0:03:35, total_seconds: 215.08
[Auto Test] command: /usr/bin/python /CMAPSS-release/scipt/test_model.py --sub-dataset FD004 --smooth-rate 40 --sequence-len 30 --feature-num 14 --dataset-root /CMAPSS-release/CMAPSSData/ --max-rul 125 --batch-size 128 --model-path /CMAPSS-release/logs/FD004_A_AEF_0FF/seed2/model_FD004_0425_141050_seed2.pkl
model_path:/CMAPSS-release/logs/FD004_A_AEF_0FF/seed2/model_FD004_0425_141050_seed2.pkl
rmse_final:18.168121337890625, score:1804.111572265625
