-----FD003-----
关键参数:
序列长度: 30
批大小(batch_size): 128
最大训练轮数(max_epochs): 30
随机数种子: 17
模型代号(model_code): FD003_A
模型结构(model_structure): encoderdecoder
消融预设(ablation_preset): A - Path graph + GAT + EncoderDecoder-LSTM with AOF
学习率: 0.002
学习率调度器: step
Step步长(step_size): 10
Step衰减系数(gamma): 0.1
空间GAT: 开启
是否使用解码器LSTM: 是
是否使用AOF: 是
Decoder注意力隐层维度: 28
Decoder融合方式: concat
图构建模式(graph_mode): path
GAT层数(num_layers): 2
GAT邻居数(topk): 7
GAT嵌入维度: 8
GAT隐藏层维度: 8
------------------------------
Epoch: 1, Loss: 26.7360, Rmse_valid: 18.0761, valid_score: 19408.3, , rmse_test: 24.0996, score_test: 5060.7, Learning rate:0.00200000
Epoch: 2, Loss: 17.2836, Rmse_valid: 14.6023, valid_score: 10865.5, , rmse_test: 21.7736, score_test: 3792.9, Learning rate:0.00200000
Epoch: 3, Loss: 14.6708, Rmse_valid: 13.2402, valid_score: 6531.4, , rmse_test: 16.2574, score_test: 919.7, Learning rate:0.00200000
Epoch: 4, Loss: 12.8715, Rmse_valid: 11.9040, valid_score: 5794.7, , rmse_test: 16.0398, score_test: 1060.8, Learning rate:0.00200000
Epoch: 5, Loss: 12.3970, Rmse_valid: 11.4745, valid_score: 8861.2, , rmse_test: 20.4359, score_test: 2602.2, Learning rate:0.00200000
Epoch: 6, Loss: 11.9377, Rmse_valid: 13.7667, valid_score: 6369.9, , rmse_test: 15.7285, score_test: 966.3, Learning rate:0.00200000
Epoch: 7, Loss: 11.4949, Rmse_valid: 10.2936, valid_score: 5672.5, , rmse_test: 15.8479, score_test: 1290.7, Learning rate:0.00200000
Epoch: 8, Loss: 11.1043, Rmse_valid: 11.2940, valid_score: 5931.5, , rmse_test: 17.4899, score_test: 1684.5, Learning rate:0.00200000
Epoch: 9, Loss: 10.9573, Rmse_valid: 9.9792, valid_score: 6824.2, , rmse_test: 16.8767, score_test: 1765.4, Learning rate:0.00200000
Epoch: 10, Loss: 10.7227, Rmse_valid: 10.9727, valid_score: 5937.7, , rmse_test: 15.6059, score_test: 1178.3, Learning rate:0.00200000
Epoch: 11, Loss: 9.3694, Rmse_valid: 9.2140, valid_score: 5014.9, , rmse_test: 15.1837, score_test: 1209.6, Learning rate:0.00020000
Epoch: 12, Loss: 9.2369, Rmse_valid: 9.2039, valid_score: 5256.3, , rmse_test: 15.1330, score_test: 1128.0, Learning rate:0.00020000
Epoch: 13, Loss: 9.1666, Rmse_valid: 9.3129, valid_score: 5890.4, , rmse_test: 15.6335, score_test: 1354.3, Learning rate:0.00020000
Epoch: 14, Loss: 9.0947, Rmse_valid: 9.4216, valid_score: 5435.1, , rmse_test: 15.1779, score_test: 1196.0, Learning rate:0.00020000
Epoch: 15, Loss: 9.0292, Rmse_valid: 9.2142, valid_score: 5341.2, , rmse_test: 15.2639, score_test: 1258.1, Learning rate:0.00020000
Epoch: 16, Loss: 8.9795, Rmse_valid: 9.2796, valid_score: 5402.2, , rmse_test: 15.0614, score_test: 1170.7, Learning rate:0.00020000
Epoch: 17, Loss: 8.9182, Rmse_valid: 9.2954, valid_score: 5200.6, , rmse_test: 15.0588, score_test: 1184.1, Learning rate:0.00020000
Epoch: 18, Loss: 8.8689, Rmse_valid: 9.3684, valid_score: 5393.1, , rmse_test: 15.1243, score_test: 1278.9, Learning rate:0.00020000
Epoch: 19, Loss: 8.8292, Rmse_valid: 9.3881, valid_score: 5393.5, , rmse_test: 14.8977, score_test: 1069.0, Learning rate:0.00020000
Epoch: 20, Loss: 8.7778, Rmse_valid: 9.1379, valid_score: 5533.3, , rmse_test: 15.1731, score_test: 1196.7, Learning rate:0.00020000
Epoch: 21, Loss: 8.6770, Rmse_valid: 9.1476, valid_score: 5408.8, , rmse_test: 15.0904, score_test: 1169.0, Learning rate:0.00002000
Epoch: 22, Loss: 8.6625, Rmse_valid: 9.1872, valid_score: 5418.5, , rmse_test: 15.0877, score_test: 1142.1, Learning rate:0.00002000
Epoch: 23, Loss: 8.6564, Rmse_valid: 9.2178, valid_score: 5470.6, , rmse_test: 15.1060, score_test: 1166.0, Learning rate:0.00002000
Epoch: 24, Loss: 8.6494, Rmse_valid: 9.2427, valid_score: 5505.4, , rmse_test: 15.1169, score_test: 1167.3, Learning rate:0.00002000
Epoch: 25, Loss: 8.6453, Rmse_valid: 9.1989, valid_score: 5408.1, , rmse_test: 15.0626, score_test: 1170.1, Learning rate:0.00002000
Epoch: 26, Loss: 8.6386, Rmse_valid: 9.0810, valid_score: 5305.1, , rmse_test: 15.0111, score_test: 1144.4, Learning rate:0.00002000
Epoch: 27, Loss: 8.6340, Rmse_valid: 9.1802, valid_score: 5372.8, , rmse_test: 15.0550, score_test: 1161.3, Learning rate:0.00002000
Epoch: 28, Loss: 8.6274, Rmse_valid: 9.0726, valid_score: 5416.1, , rmse_test: 15.0861, score_test: 1165.8, Learning rate:0.00002000
Epoch: 29, Loss: 8.6237, Rmse_valid: 9.0923, valid_score: 5496.8, , rmse_test: 15.1297, score_test: 1176.9, Learning rate:0.00002000
Epoch: 30, Loss: 8.6182, Rmse_valid: 9.1586, valid_score: 5433.3, , rmse_test: 15.0914, score_test: 1175.2, Learning rate:0.00002000
[Train Summary] Restored best model from epoch 28, rmse_valid: 9.0726, valid_score: 5416.1, rmse_test: 15.0861, score_test: 1165.8
[Train Time] start: 2026-04-20 07:40:41, end: 2026-04-20 07:43:27, duration: 0:02:46, total_seconds: 165.88
[Auto Test] command: /usr/bin/python /CMAPSS-release/scipt/test_model.py --sub-dataset FD003 --smooth-rate 40 --sequence-len 30 --feature-num 14 --dataset-root /CMAPSS-release/CMAPSSData/ --max-rul 125 --batch-size 128 --model-path /CMAPSS-release/logs/FD003_FD003_A/seed17/model_FD003_0420_074041_seed17.pkl
model_path:/CMAPSS-release/logs/FD003_FD003_A/seed17/model_FD003_0420_074041_seed17.pkl
rmse_final:14.936197280883789, score:1131.6392822265625
