-----FD001-----
关键参数:
序列长度: 30
批大小(batch_size): 128
最大训练轮数(max_epochs): 30
随机数种子: 97
模型代号(model_code): A_g_dropout0.2_1
模型结构(model_structure): encoderdecoder
消融预设(ablation_preset): A - KNN graph + GAT-LSTM with encoder and decoder (AEF on)
学习率: 0.002
学习率调度器: step
Step步长(step_size): 10
Step衰减系数(gamma): 0.1
空间GAT: 开启
是否使用解码器LSTM: 是
是否使用AEF: 是
Decoder注意力隐层维度: 28
图构建模式(graph_mode): dynamic_knn
GAT层数(num_layers): 2
GAT邻居数(topk): 7
GAT嵌入维度: 8
GAT隐藏层维度: 8
------------------------------
Epoch: 1, Loss: 28.8372, Rmse_valid: 21.0621, valid_score: 32679.4, , rmse_test: 26.0230, score_test: 27931.7, Learning rate:0.00200000
Epoch: 2, Loss: 20.0143, Rmse_valid: 17.7720, valid_score: 7866.6, , rmse_test: 18.5221, score_test: 1709.1, Learning rate:0.00200000
Epoch: 3, Loss: 17.8462, Rmse_valid: 15.3841, valid_score: 7175.6, , rmse_test: 16.5147, score_test: 481.3, Learning rate:0.00200000
Epoch: 4, Loss: 14.4431, Rmse_valid: 13.5962, valid_score: 6086.0, , rmse_test: 15.1175, score_test: 469.0, Learning rate:0.00200000
Epoch: 5, Loss: 12.9122, Rmse_valid: 13.9783, valid_score: 6780.1, , rmse_test: 16.5180, score_test: 461.0, Learning rate:0.00200000
Epoch: 6, Loss: 12.3576, Rmse_valid: 12.2173, valid_score: 3796.6, , rmse_test: 13.9547, score_test: 287.4, Learning rate:0.00200000
Epoch: 7, Loss: 11.9720, Rmse_valid: 11.6114, valid_score: 4112.2, , rmse_test: 13.2212, score_test: 276.1, Learning rate:0.00200000
Epoch: 8, Loss: 11.8473, Rmse_valid: 11.5358, valid_score: 4057.5, , rmse_test: 13.6197, score_test: 300.6, Learning rate:0.00200000
Epoch: 9, Loss: 11.6154, Rmse_valid: 12.4595, valid_score: 4675.4, , rmse_test: 15.0355, score_test: 432.7, Learning rate:0.00200000
Epoch: 10, Loss: 11.4179, Rmse_valid: 10.7367, valid_score: 4097.1, , rmse_test: 13.7224, score_test: 326.8, Learning rate:0.00200000
Epoch: 11, Loss: 10.1370, Rmse_valid: 10.6241, valid_score: 3631.2, , rmse_test: 13.6307, score_test: 315.0, Learning rate:0.00020000
Epoch: 12, Loss: 10.0075, Rmse_valid: 10.6612, valid_score: 4057.9, , rmse_test: 13.8516, score_test: 333.5, Learning rate:0.00020000
Epoch: 13, Loss: 9.9301, Rmse_valid: 11.1509, valid_score: 4370.7, , rmse_test: 13.8368, score_test: 329.4, Learning rate:0.00020000
Epoch: 14, Loss: 9.8582, Rmse_valid: 10.5267, valid_score: 4033.6, , rmse_test: 13.7814, score_test: 330.9, Learning rate:0.00020000
Epoch: 15, Loss: 9.8042, Rmse_valid: 10.5829, valid_score: 4338.1, , rmse_test: 13.8466, score_test: 339.0, Learning rate:0.00020000
Epoch: 16, Loss: 9.7309, Rmse_valid: 10.6886, valid_score: 4113.1, , rmse_test: 13.7843, score_test: 329.3, Learning rate:0.00020000
Epoch: 17, Loss: 9.6954, Rmse_valid: 10.8205, valid_score: 4019.9, , rmse_test: 13.8604, score_test: 319.3, Learning rate:0.00020000
Epoch: 18, Loss: 9.6410, Rmse_valid: 10.7959, valid_score: 4562.0, , rmse_test: 14.2187, score_test: 383.9, Learning rate:0.00020000
Epoch: 19, Loss: 9.5926, Rmse_valid: 10.5820, valid_score: 3960.4, , rmse_test: 13.7409, score_test: 321.9, Learning rate:0.00020000
Epoch: 20, Loss: 9.5273, Rmse_valid: 10.7465, valid_score: 4469.2, , rmse_test: 14.0968, score_test: 381.8, Learning rate:0.00020000
Epoch: 21, Loss: 9.4559, Rmse_valid: 10.4302, valid_score: 3999.6, , rmse_test: 13.8474, score_test: 339.5, Learning rate:0.00002000
Epoch: 22, Loss: 9.4420, Rmse_valid: 11.3224, valid_score: 4123.9, , rmse_test: 13.8907, score_test: 346.6, Learning rate:0.00002000
Epoch: 23, Loss: 9.4268, Rmse_valid: 10.6411, valid_score: 4041.8, , rmse_test: 13.8713, score_test: 342.0, Learning rate:0.00002000
Epoch: 24, Loss: 9.4248, Rmse_valid: 11.0183, valid_score: 4156.1, , rmse_test: 13.8945, score_test: 345.1, Learning rate:0.00002000
Epoch: 25, Loss: 9.4221, Rmse_valid: 10.5261, valid_score: 4069.7, , rmse_test: 13.8802, score_test: 343.4, Learning rate:0.00002000
Epoch: 26, Loss: 9.4065, Rmse_valid: 10.4327, valid_score: 4007.4, , rmse_test: 13.8668, score_test: 341.5, Learning rate:0.00002000
Epoch: 27, Loss: 9.4085, Rmse_valid: 10.5677, valid_score: 4025.2, , rmse_test: 13.8682, score_test: 339.5, Learning rate:0.00002000
Epoch: 28, Loss: 9.3986, Rmse_valid: 10.7065, valid_score: 3989.8, , rmse_test: 13.8510, score_test: 340.4, Learning rate:0.00002000
Epoch: 29, Loss: 9.3816, Rmse_valid: 10.5541, valid_score: 4075.4, , rmse_test: 13.9025, score_test: 350.0, Learning rate:0.00002000
Epoch: 30, Loss: 9.3844, Rmse_valid: 10.4188, valid_score: 4095.0, , rmse_test: 13.9010, score_test: 346.3, Learning rate:0.00002000
[Train Summary] Restored best model from epoch 30, rmse_valid: 10.4188, valid_score: 4095.0, rmse_test: 13.9010, score_test: 346.3
[Train Time] start: 2026-04-25 11:21:52, end: 2026-04-25 11:23:33, duration: 0:01:41, total_seconds: 100.95
[Auto Test] command: /usr/bin/python /CMAPSS-release/scipt/test_model.py --sub-dataset FD001 --smooth-rate 30 --sequence-len 30 --feature-num 14 --dataset-root /CMAPSS-release/CMAPSSData/ --max-rul 125 --batch-size 128 --model-path /CMAPSS-release/logs/FD001_A_g_dropout0.2_1/seed97/model_FD001_0425_112152_seed97.pkl
model_path:/CMAPSS-release/logs/FD001_A_g_dropout0.2_1/seed97/model_FD001_0425_112152_seed97.pkl
rmse_final:13.87876033782959, score:337.6503601074219
