-----FD004-----
关键参数:
序列长度: 30
批大小(batch_size): 128
最大训练轮数(max_epochs): 30
随机数种子: 80
模型代号(model_code): FD004_F
模型结构(model_structure): encoderdecoder
消融预设(ablation_preset): F - KNN graph + GAT + EncoderDecoder-LSTM without AOF
学习率: 0.002
学习率调度器: step
Step步长(step_size): 10
Step衰减系数(gamma): 0.1
空间GAT: 开启
是否使用解码器LSTM: 是
是否使用AOF: 否
Decoder注意力隐层维度: 28
图构建模式(graph_mode): dynamic_knn
GAT层数(num_layers): 2
GAT邻居数(topk): 7
GAT嵌入维度: 8
GAT隐藏层维度: 8
------------------------------
Epoch: 1, Loss: 26.0659, Rmse_valid: 23.2868, valid_score: 169919.1, , rmse_test: 27.8414, score_test: 28974.5, Learning rate:0.00200000
Epoch: 2, Loss: 21.8410, Rmse_valid: 19.5827, valid_score: 77340.8, , rmse_test: 21.1865, score_test: 3936.8, Learning rate:0.00200000
Epoch: 3, Loss: 20.1484, Rmse_valid: 18.1989, valid_score: 47214.5, , rmse_test: 18.9983, score_test: 2499.9, Learning rate:0.00200000
Epoch: 4, Loss: 19.4219, Rmse_valid: 20.1745, valid_score: 102219.3, , rmse_test: 21.7646, score_test: 5485.4, Learning rate:0.00200000
Epoch: 5, Loss: 18.7967, Rmse_valid: 17.3884, valid_score: 36474.7, , rmse_test: 18.1051, score_test: 1976.9, Learning rate:0.00200000
Epoch: 6, Loss: 18.4108, Rmse_valid: 17.1420, valid_score: 40415.7, , rmse_test: 18.0625, score_test: 2894.2, Learning rate:0.00200000
Epoch: 7, Loss: 17.9683, Rmse_valid: 16.8009, valid_score: 42273.8, , rmse_test: 18.4754, score_test: 3105.7, Learning rate:0.00200000
Epoch: 8, Loss: 17.3924, Rmse_valid: 17.6263, valid_score: 44253.2, , rmse_test: 17.7229, score_test: 1390.6, Learning rate:0.00200000
Epoch: 9, Loss: 17.0270, Rmse_valid: 17.9582, valid_score: 87217.2, , rmse_test: 19.4487, score_test: 3552.8, Learning rate:0.00200000
Epoch: 10, Loss: 16.6666, Rmse_valid: 16.5429, valid_score: 69322.8, , rmse_test: 17.2983, score_test: 1953.5, Learning rate:0.00200000
Epoch: 11, Loss: 14.9672, Rmse_valid: 16.1659, valid_score: 78347.8, , rmse_test: 17.3334, score_test: 1935.0, Learning rate:0.00020000
Epoch: 12, Loss: 14.8294, Rmse_valid: 16.5611, valid_score: 92285.9, , rmse_test: 17.3164, score_test: 1865.5, Learning rate:0.00020000
Epoch: 13, Loss: 14.7305, Rmse_valid: 16.5887, valid_score: 97320.5, , rmse_test: 17.1646, score_test: 1886.8, Learning rate:0.00020000
Epoch: 14, Loss: 14.6540, Rmse_valid: 16.2833, valid_score: 99313.4, , rmse_test: 17.3624, score_test: 1850.2, Learning rate:0.00020000
Epoch: 15, Loss: 14.5975, Rmse_valid: 16.5771, valid_score: 103842.8, , rmse_test: 17.1761, score_test: 1944.6, Learning rate:0.00020000
Epoch: 16, Loss: 14.5474, Rmse_valid: 16.3556, valid_score: 108278.0, , rmse_test: 17.1089, score_test: 1718.4, Learning rate:0.00020000
Epoch: 17, Loss: 14.5079, Rmse_valid: 16.6038, valid_score: 108338.0, , rmse_test: 17.2905, score_test: 1820.1, Learning rate:0.00020000
Epoch: 18, Loss: 14.4604, Rmse_valid: 16.4581, valid_score: 104134.9, , rmse_test: 16.9420, score_test: 1672.9, Learning rate:0.00020000
Epoch: 19, Loss: 14.4061, Rmse_valid: 16.9229, valid_score: 121185.1, , rmse_test: 17.1286, score_test: 1665.6, Learning rate:0.00020000
Epoch: 20, Loss: 14.3557, Rmse_valid: 16.4001, valid_score: 115984.0, , rmse_test: 17.0507, score_test: 1700.1, Learning rate:0.00020000
Epoch: 21, Loss: 14.2426, Rmse_valid: 16.4291, valid_score: 119261.2, , rmse_test: 17.0593, score_test: 1745.4, Learning rate:0.00002000
Epoch: 22, Loss: 14.2306, Rmse_valid: 16.5939, valid_score: 121809.5, , rmse_test: 17.0499, score_test: 1758.4, Learning rate:0.00002000
Epoch: 23, Loss: 14.2250, Rmse_valid: 16.5495, valid_score: 123471.7, , rmse_test: 17.1698, score_test: 1794.1, Learning rate:0.00002000
Epoch: 24, Loss: 14.2204, Rmse_valid: 16.5659, valid_score: 122535.0, , rmse_test: 17.1131, score_test: 1766.3, Learning rate:0.00002000
Epoch: 25, Loss: 14.2134, Rmse_valid: 16.6433, valid_score: 128515.5, , rmse_test: 17.0965, score_test: 1810.6, Learning rate:0.00002000
Epoch: 26, Loss: 14.2092, Rmse_valid: 16.5829, valid_score: 122819.1, , rmse_test: 17.0519, score_test: 1749.7, Learning rate:0.00002000
Epoch: 27, Loss: 14.2052, Rmse_valid: 16.7099, valid_score: 128548.0, , rmse_test: 17.1461, score_test: 1845.7, Learning rate:0.00002000
Epoch: 28, Loss: 14.2007, Rmse_valid: 16.5360, valid_score: 128377.2, , rmse_test: 17.1330, score_test: 1848.0, Learning rate:0.00002000
Epoch: 29, Loss: 14.1998, Rmse_valid: 16.7193, valid_score: 123608.9, , rmse_test: 17.0881, score_test: 1755.9, Learning rate:0.00002000
Epoch: 30, Loss: 14.1901, Rmse_valid: 16.6322, valid_score: 125615.1, , rmse_test: 17.0430, score_test: 1757.2, Learning rate:0.00002000
[Train Summary] Restored best model from epoch 11, rmse_valid: 16.1659, valid_score: 78347.8, rmse_test: 17.3334, score_test: 1935.0
[Train Time] start: 2026-04-21 02:38:25, end: 2026-04-21 02:45:39, duration: 0:07:14, total_seconds: 434.38
[Auto Test] command: /usr/bin/python /CMAPSS-release/scipt/test_model.py --sub-dataset FD004 --smooth-rate 40 --sequence-len 30 --feature-num 14 --dataset-root /CMAPSS-release/CMAPSSData/ --max-rul 125 --batch-size 128 --model-path /CMAPSS-release/logs/FD004_FD004_F/seed80/model_FD004_0421_023825_seed80.pkl
model_path:/CMAPSS-release/logs/FD004_FD004_F/seed80/model_FD004_0421_023825_seed80.pkl
rmse_final:17.216014862060547, score:1841.789306640625
