-----FD001-----
关键参数:
序列长度: 30
批大小(batch_size): 128
最大训练轮数(max_epochs): 30
随机数种子: 62
模型代号(model_code): A_AEF_0FF
模型结构(model_structure): encoderdecoder
消融预设(ablation_preset): A_AEF_0FF - KNN graph + GAT-LSTM with encoder and decoder (AEF off)
学习率: 0.002
学习率调度器: step
Step步长(step_size): 10
Step衰减系数(gamma): 0.1
空间GAT: 开启
是否使用解码器LSTM: 是
是否使用AEF: 否
Decoder注意力隐层维度: 28
图构建模式(graph_mode): dynamic_knn
GAT层数(num_layers): 2
GAT邻居数(topk): 7
GAT嵌入维度: 8
GAT隐藏层维度: 8
------------------------------
Epoch: 1, Loss: 27.9635, Rmse_valid: 20.5695, valid_score: 17556.6, , rmse_test: 23.8195, score_test: 11527.4, Learning rate:0.00200000
Epoch: 2, Loss: 20.5814, Rmse_valid: 19.4561, valid_score: 11812.4, , rmse_test: 22.0760, score_test: 9479.7, Learning rate:0.00200000
Epoch: 3, Loss: 18.9652, Rmse_valid: 19.9202, valid_score: 8645.9, , rmse_test: 19.5756, score_test: 1000.6, Learning rate:0.00200000
Epoch: 4, Loss: 17.4453, Rmse_valid: 20.0093, valid_score: 9312.3, , rmse_test: 18.8722, score_test: 501.4, Learning rate:0.00200000
Epoch: 5, Loss: 15.4419, Rmse_valid: 20.4467, valid_score: 9767.3, , rmse_test: 18.8629, score_test: 466.3, Learning rate:0.00200000
Epoch: 6, Loss: 14.2534, Rmse_valid: 12.7868, valid_score: 4601.7, , rmse_test: 14.1566, score_test: 318.6, Learning rate:0.00200000
Epoch: 7, Loss: 13.3912, Rmse_valid: 11.3638, valid_score: 3412.1, , rmse_test: 14.7633, score_test: 328.0, Learning rate:0.00200000
Epoch: 8, Loss: 13.4817, Rmse_valid: 15.4118, valid_score: 11251.0, , rmse_test: 17.6791, score_test: 685.7, Learning rate:0.00200000
Epoch: 9, Loss: 13.0018, Rmse_valid: 18.5588, valid_score: 19216.3, , rmse_test: 21.3994, score_test: 1196.1, Learning rate:0.00200000
Epoch: 10, Loss: 12.6123, Rmse_valid: 14.4228, valid_score: 7515.1, , rmse_test: 17.7969, score_test: 609.1, Learning rate:0.00200000
Epoch: 11, Loss: 11.2019, Rmse_valid: 10.5980, valid_score: 3410.5, , rmse_test: 14.2021, score_test: 371.7, Learning rate:0.00020000
Epoch: 12, Loss: 10.8239, Rmse_valid: 10.8737, valid_score: 3632.3, , rmse_test: 14.4592, score_test: 414.1, Learning rate:0.00020000
Epoch: 13, Loss: 10.6961, Rmse_valid: 10.6921, valid_score: 3912.7, , rmse_test: 14.5613, score_test: 454.5, Learning rate:0.00020000
Epoch: 14, Loss: 10.6284, Rmse_valid: 10.8669, valid_score: 3377.3, , rmse_test: 14.0816, score_test: 383.1, Learning rate:0.00020000
Epoch: 15, Loss: 10.5236, Rmse_valid: 10.8917, valid_score: 3517.6, , rmse_test: 14.2089, score_test: 414.1, Learning rate:0.00020000
Epoch: 16, Loss: 10.4672, Rmse_valid: 10.9339, valid_score: 3175.7, , rmse_test: 14.0079, score_test: 360.2, Learning rate:0.00020000
Epoch: 17, Loss: 10.4153, Rmse_valid: 10.9954, valid_score: 3810.7, , rmse_test: 14.2950, score_test: 411.6, Learning rate:0.00020000
Epoch: 18, Loss: 10.3637, Rmse_valid: 10.8533, valid_score: 3703.1, , rmse_test: 14.1798, score_test: 417.8, Learning rate:0.00020000
Epoch: 19, Loss: 10.3074, Rmse_valid: 10.5513, valid_score: 3347.0, , rmse_test: 14.1632, score_test: 385.1, Learning rate:0.00020000
Epoch: 20, Loss: 10.2828, Rmse_valid: 11.0090, valid_score: 4075.4, , rmse_test: 14.6153, score_test: 443.5, Learning rate:0.00020000
Epoch: 21, Loss: 10.1633, Rmse_valid: 10.3686, valid_score: 3537.3, , rmse_test: 14.2440, score_test: 395.2, Learning rate:0.00002000
Epoch: 22, Loss: 10.1545, Rmse_valid: 10.6650, valid_score: 3706.5, , rmse_test: 14.3425, score_test: 422.2, Learning rate:0.00002000
Epoch: 23, Loss: 10.1429, Rmse_valid: 10.5821, valid_score: 3755.9, , rmse_test: 14.3772, score_test: 427.4, Learning rate:0.00002000
Epoch: 24, Loss: 10.1256, Rmse_valid: 10.3541, valid_score: 3698.8, , rmse_test: 14.3497, score_test: 417.5, Learning rate:0.00002000
Epoch: 25, Loss: 10.1287, Rmse_valid: 10.5003, valid_score: 3860.6, , rmse_test: 14.4553, score_test: 438.1, Learning rate:0.00002000
Epoch: 26, Loss: 10.1255, Rmse_valid: 10.3801, valid_score: 3735.7, , rmse_test: 14.3845, score_test: 426.4, Learning rate:0.00002000
Epoch: 27, Loss: 10.1175, Rmse_valid: 10.4481, valid_score: 3787.6, , rmse_test: 14.4115, score_test: 432.9, Learning rate:0.00002000
Epoch: 28, Loss: 10.1156, Rmse_valid: 10.6025, valid_score: 3828.5, , rmse_test: 14.4133, score_test: 431.7, Learning rate:0.00002000
Epoch: 29, Loss: 10.1075, Rmse_valid: 10.6053, valid_score: 3727.8, , rmse_test: 14.3748, score_test: 419.2, Learning rate:0.00002000
Epoch: 30, Loss: 10.0982, Rmse_valid: 10.7726, valid_score: 3683.2, , rmse_test: 14.3573, score_test: 421.4, Learning rate:0.00002000
[Train Summary] Restored best model from epoch 24, rmse_valid: 10.3541, valid_score: 3698.8, rmse_test: 14.3497, score_test: 417.5
[Train Time] start: 2026-04-25 13:03:58, end: 2026-04-25 13:05:06, duration: 0:01:08, total_seconds: 68.39
[Auto Test] command: /usr/bin/python /CMAPSS-release/scipt/test_model.py --sub-dataset FD001 --smooth-rate 30 --sequence-len 30 --feature-num 14 --dataset-root /CMAPSS-release/CMAPSSData/ --max-rul 125 --batch-size 128 --model-path /CMAPSS-release/logs/FD001_A_AEF_0FF/seed62/model_FD001_0425_130358_seed62.pkl
model_path:/CMAPSS-release/logs/FD001_A_AEF_0FF/seed62/model_FD001_0425_130358_seed62.pkl
rmse_final:14.261837005615234, score:402.97882080078125
