-----FD004-----
关键参数:
序列长度: 30
批大小(batch_size): 128
最大训练轮数(max_epochs): 30
随机数种子: 27
模型代号(model_code): FD004_A
模型结构(model_structure): encoderdecoder
消融预设(ablation_preset): A - Path graph + GAT + EncoderDecoder-LSTM with AOF
学习率: 0.002
学习率调度器: step
Step步长(step_size): 10
Step衰减系数(gamma): 0.1
空间GAT: 开启
是否使用解码器LSTM: 是
是否使用AOF: 是
Decoder注意力隐层维度: 28
Decoder融合方式: concat
图构建模式(graph_mode): path
GAT层数(num_layers): 2
GAT邻居数(topk): 7
GAT嵌入维度: 8
GAT隐藏层维度: 8
------------------------------
Epoch: 1, Loss: 26.6885, Rmse_valid: 21.0442, valid_score: 72284.1, , rmse_test: 25.0250, score_test: 11756.2, Learning rate:0.00200000
Epoch: 2, Loss: 21.9933, Rmse_valid: 19.9199, valid_score: 53276.2, , rmse_test: 22.3498, score_test: 4321.7, Learning rate:0.00200000
Epoch: 3, Loss: 20.2419, Rmse_valid: 20.6504, valid_score: 83964.2, , rmse_test: 22.7732, score_test: 7083.2, Learning rate:0.00200000
Epoch: 4, Loss: 19.3579, Rmse_valid: 18.8083, valid_score: 57465.1, , rmse_test: 19.7647, score_test: 2977.8, Learning rate:0.00200000
Epoch: 5, Loss: 18.7183, Rmse_valid: 21.7581, valid_score: 256857.2, , rmse_test: 22.5035, score_test: 7384.0, Learning rate:0.00200000
Epoch: 6, Loss: 18.2196, Rmse_valid: 18.3282, valid_score: 47451.3, , rmse_test: 18.8748, score_test: 3373.1, Learning rate:0.00200000
Epoch: 7, Loss: 17.6402, Rmse_valid: 19.7914, valid_score: 75782.1, , rmse_test: 19.7104, score_test: 4020.7, Learning rate:0.00200000
Epoch: 8, Loss: 17.2474, Rmse_valid: 18.0090, valid_score: 36961.3, , rmse_test: 20.9014, score_test: 2814.6, Learning rate:0.00200000
Epoch: 9, Loss: 16.7703, Rmse_valid: 18.7716, valid_score: 51751.1, , rmse_test: 18.7807, score_test: 2611.7, Learning rate:0.00200000
Epoch: 10, Loss: 16.5651, Rmse_valid: 17.2879, valid_score: 32474.8, , rmse_test: 19.2489, score_test: 2413.4, Learning rate:0.00200000
Epoch: 11, Loss: 14.7992, Rmse_valid: 17.4822, valid_score: 42586.7, , rmse_test: 18.5888, score_test: 2385.9, Learning rate:0.00020000
Epoch: 12, Loss: 14.6174, Rmse_valid: 17.1591, valid_score: 36893.6, , rmse_test: 18.4383, score_test: 2024.4, Learning rate:0.00020000
Epoch: 13, Loss: 14.5121, Rmse_valid: 17.2307, valid_score: 41423.1, , rmse_test: 18.8589, score_test: 2567.3, Learning rate:0.00020000
Epoch: 14, Loss: 14.4143, Rmse_valid: 17.7451, valid_score: 48794.0, , rmse_test: 18.8509, score_test: 2593.8, Learning rate:0.00020000
Epoch: 15, Loss: 14.3324, Rmse_valid: 17.4322, valid_score: 41576.8, , rmse_test: 18.1970, score_test: 2103.8, Learning rate:0.00020000
Epoch: 16, Loss: 14.2625, Rmse_valid: 17.4128, valid_score: 43016.0, , rmse_test: 18.3353, score_test: 2328.4, Learning rate:0.00020000
Epoch: 17, Loss: 14.1943, Rmse_valid: 17.5387, valid_score: 45067.4, , rmse_test: 18.3822, score_test: 2301.2, Learning rate:0.00020000
Epoch: 18, Loss: 14.1401, Rmse_valid: 17.4228, valid_score: 40015.4, , rmse_test: 18.1075, score_test: 2009.5, Learning rate:0.00020000
Epoch: 19, Loss: 14.0777, Rmse_valid: 17.4716, valid_score: 39030.9, , rmse_test: 18.1145, score_test: 2042.2, Learning rate:0.00020000
Epoch: 20, Loss: 14.0101, Rmse_valid: 17.3036, valid_score: 38957.1, , rmse_test: 18.2869, score_test: 2010.7, Learning rate:0.00020000
Epoch: 21, Loss: 13.8680, Rmse_valid: 17.3741, valid_score: 40910.1, , rmse_test: 18.1088, score_test: 2023.3, Learning rate:0.00002000
Epoch: 22, Loss: 13.8507, Rmse_valid: 17.3762, valid_score: 40253.3, , rmse_test: 18.0715, score_test: 2008.1, Learning rate:0.00002000
Epoch: 23, Loss: 13.8424, Rmse_valid: 17.5562, valid_score: 41132.4, , rmse_test: 18.1701, score_test: 2053.7, Learning rate:0.00002000
Epoch: 24, Loss: 13.8341, Rmse_valid: 17.4464, valid_score: 41654.4, , rmse_test: 18.1341, score_test: 2047.0, Learning rate:0.00002000
Epoch: 25, Loss: 13.8273, Rmse_valid: 17.4970, valid_score: 41622.0, , rmse_test: 18.1187, score_test: 2044.0, Learning rate:0.00002000
Epoch: 26, Loss: 13.8243, Rmse_valid: 17.5613, valid_score: 42625.3, , rmse_test: 18.1416, score_test: 2078.1, Learning rate:0.00002000
Epoch: 27, Loss: 13.8154, Rmse_valid: 17.5195, valid_score: 43042.2, , rmse_test: 18.0823, score_test: 2062.8, Learning rate:0.00002000
Epoch: 28, Loss: 13.8110, Rmse_valid: 17.3277, valid_score: 40538.5, , rmse_test: 18.0986, score_test: 1997.5, Learning rate:0.00002000
Epoch: 29, Loss: 13.8024, Rmse_valid: 17.6127, valid_score: 42744.8, , rmse_test: 18.1383, score_test: 2083.8, Learning rate:0.00002000
Epoch: 30, Loss: 13.7972, Rmse_valid: 17.4570, valid_score: 41434.2, , rmse_test: 18.1309, score_test: 2037.5, Learning rate:0.00002000
[Train Summary] Restored best model from epoch 12, rmse_valid: 17.1591, valid_score: 36893.6, rmse_test: 18.4383, score_test: 2024.4
[Train Time] start: 2026-04-20 10:20:10, end: 2026-04-20 10:26:18, duration: 0:06:08, total_seconds: 368.27
[Auto Test] command: /usr/bin/python /CMAPSS-release/scipt/test_model.py --sub-dataset FD004 --smooth-rate 40 --sequence-len 30 --feature-num 14 --dataset-root /CMAPSS-release/CMAPSSData/ --max-rul 125 --batch-size 128 --model-path /CMAPSS-release/logs/FD004_FD004_A/seed27/model_FD004_0420_102010_seed27.pkl
model_path:/CMAPSS-release/logs/FD004_FD004_A/seed27/model_FD004_0420_102010_seed27.pkl
rmse_final:18.400890350341797, score:1970.2158203125
