-----FD001-----
关键参数:
序列长度: 30
批大小(batch_size): 128
最大训练轮数(max_epochs): 30
随机数种子: 51
模型代号(model_code): FD001_E
模型结构(model_structure): original
消融预设(ablation_preset): E - Only original GAT-LSTM
学习率: 0.002
学习率调度器: step
Step步长(step_size): 10
Step衰减系数(gamma): 0.1
空间GAT: 由模型内部默认启用
图构建模式(graph_mode): path
GAT层数(num_layers): 2
GAT邻居数(topk): 7
GAT嵌入维度: 8
GAT隐藏层维度: 8
------------------------------
Epoch: 1, Loss: 42.1336, Rmse_valid: 38.5660, valid_score: 402783.2, , rmse_test: 37.1543, score_test: 21467.3, Learning rate:0.00200000
Epoch: 2, Loss: 37.6168, Rmse_valid: 32.8340, valid_score: 211377.5, , rmse_test: 32.5264, score_test: 9626.6, Learning rate:0.00200000
Epoch: 3, Loss: 29.4852, Rmse_valid: 25.2820, valid_score: 57252.3, , rmse_test: 23.4426, score_test: 1501.3, Learning rate:0.00200000
Epoch: 4, Loss: 24.3497, Rmse_valid: 22.0772, valid_score: 30398.7, , rmse_test: 21.2451, score_test: 1240.7, Learning rate:0.00200000
Epoch: 5, Loss: 23.2835, Rmse_valid: 21.2760, valid_score: 31503.8, , rmse_test: 21.2204, score_test: 1440.4, Learning rate:0.00200000
Epoch: 6, Loss: 22.3784, Rmse_valid: 22.5554, valid_score: 26584.1, , rmse_test: 19.7513, score_test: 767.0, Learning rate:0.00200000
Epoch: 7, Loss: 21.4819, Rmse_valid: 22.2423, valid_score: 30254.6, , rmse_test: 21.9850, score_test: 1774.1, Learning rate:0.00200000
Epoch: 8, Loss: 20.8404, Rmse_valid: 20.1163, valid_score: 19502.9, , rmse_test: 20.8482, score_test: 1620.4, Learning rate:0.00200000
Epoch: 9, Loss: 20.3299, Rmse_valid: 19.0968, valid_score: 16259.9, , rmse_test: 19.7341, score_test: 1115.4, Learning rate:0.00200000
Epoch: 10, Loss: 19.6628, Rmse_valid: 18.3213, valid_score: 15644.4, , rmse_test: 18.8456, score_test: 983.3, Learning rate:0.00200000
Epoch: 11, Loss: 18.5622, Rmse_valid: 18.3633, valid_score: 14668.1, , rmse_test: 18.7976, score_test: 918.9, Learning rate:0.00020000
Epoch: 12, Loss: 18.4581, Rmse_valid: 18.6775, valid_score: 14787.1, , rmse_test: 19.0171, score_test: 985.6, Learning rate:0.00020000
Epoch: 13, Loss: 18.3551, Rmse_valid: 18.3247, valid_score: 13641.8, , rmse_test: 19.0168, score_test: 899.5, Learning rate:0.00020000
Epoch: 14, Loss: 18.2794, Rmse_valid: 18.2392, valid_score: 13958.4, , rmse_test: 18.7336, score_test: 915.7, Learning rate:0.00020000
Epoch: 15, Loss: 18.1547, Rmse_valid: 18.3876, valid_score: 13529.2, , rmse_test: 18.5183, score_test: 856.1, Learning rate:0.00020000
Epoch: 16, Loss: 18.0577, Rmse_valid: 18.5099, valid_score: 12927.2, , rmse_test: 17.9362, score_test: 683.3, Learning rate:0.00020000
Epoch: 17, Loss: 17.9440, Rmse_valid: 18.0143, valid_score: 12620.4, , rmse_test: 18.1385, score_test: 756.0, Learning rate:0.00020000
Epoch: 18, Loss: 17.8433, Rmse_valid: 18.8314, valid_score: 12192.6, , rmse_test: 17.7106, score_test: 580.1, Learning rate:0.00020000
Epoch: 19, Loss: 17.7550, Rmse_valid: 17.7736, valid_score: 12569.7, , rmse_test: 17.6708, score_test: 666.5, Learning rate:0.00020000
Epoch: 20, Loss: 17.6452, Rmse_valid: 18.3309, valid_score: 11875.2, , rmse_test: 17.7978, score_test: 685.7, Learning rate:0.00020000
Epoch: 21, Loss: 17.5386, Rmse_valid: 17.7768, valid_score: 12303.6, , rmse_test: 17.8642, score_test: 723.3, Learning rate:0.00002000
Epoch: 22, Loss: 17.5319, Rmse_valid: 17.9239, valid_score: 12376.8, , rmse_test: 17.8715, score_test: 729.2, Learning rate:0.00002000
Epoch: 23, Loss: 17.5328, Rmse_valid: 17.5566, valid_score: 12211.5, , rmse_test: 17.6767, score_test: 680.6, Learning rate:0.00002000
Epoch: 24, Loss: 17.5204, Rmse_valid: 17.7087, valid_score: 12342.2, , rmse_test: 17.7600, score_test: 702.0, Learning rate:0.00002000
Epoch: 25, Loss: 17.5226, Rmse_valid: 17.9017, valid_score: 12259.7, , rmse_test: 17.6646, score_test: 680.3, Learning rate:0.00002000
Epoch: 26, Loss: 17.5029, Rmse_valid: 17.8845, valid_score: 12323.7, , rmse_test: 17.7550, score_test: 702.0, Learning rate:0.00002000
Epoch: 27, Loss: 17.4740, Rmse_valid: 18.2342, valid_score: 12208.0, , rmse_test: 17.6966, score_test: 686.4, Learning rate:0.00002000
Epoch: 28, Loss: 17.4939, Rmse_valid: 17.7407, valid_score: 12213.7, , rmse_test: 17.6283, score_test: 670.3, Learning rate:0.00002000
Epoch: 29, Loss: 17.4750, Rmse_valid: 17.9801, valid_score: 12173.5, , rmse_test: 17.6704, score_test: 681.5, Learning rate:0.00002000
Epoch: 30, Loss: 17.4608, Rmse_valid: 17.8176, valid_score: 12157.4, , rmse_test: 17.6877, score_test: 684.9, Learning rate:0.00002000
[Train Summary] Restored best model from epoch 23, rmse_valid: 17.5566, valid_score: 12211.5, rmse_test: 17.6767, score_test: 680.6
[Train Time] start: 2026-04-20 02:07:17, end: 2026-04-20 02:08:32, duration: 0:01:15, total_seconds: 75.00
[Auto Test] command: /usr/bin/python /CMAPSS-release/scipt/test_model.py --sub-dataset FD001 --smooth-rate 40 --sequence-len 30 --feature-num 14 --dataset-root /CMAPSS-release/CMAPSSData/ --max-rul 125 --batch-size 128 --model-path /CMAPSS-release/logs/FD001_FD001_E/seed51/model_FD001_0420_020717_seed51.pkl
model_path:/CMAPSS-release/logs/FD001_FD001_E/seed51/model_FD001_0420_020717_seed51.pkl
rmse_final:17.624130249023438, score:664.5789794921875
