-----FD001-----
关键参数:
序列长度: 30
批大小(batch_size): 128
最大训练轮数(max_epochs): 30
随机数种子: 2
模型代号(model_code): SGF_MB
模型结构(model_structure): sgformer_mamba_regressor
学习率: 0.002
学习率调度器: step
Step步长(step_size): 10
Step衰减系数(gamma): 0.1
空间模块: SGFormer(传感器维度全注意力)
d_model: 64
spatial_num_layers: 2
spatial_num_heads: 4
spatial_dropout: 0.1
时间模块: Mamba-style selective SSM (no encoder-decoder)
temporal_num_layers: 2
temporal_d_state: 16
temporal_dropout: 0.1
sensor_pooling: mean
------------------------------
Epoch: 1, Loss: 24.6494, Rmse_valid: 28.3020, valid_score: 51262.3, , rmse_test: 30.7314, score_test: 8266.4, Learning rate:0.00200000
Epoch: 2, Loss: 20.6095, Rmse_valid: 19.4302, valid_score: 16839.5, , rmse_test: 18.6376, score_test: 1126.2, Learning rate:0.00200000
Epoch: 3, Loss: 16.7673, Rmse_valid: 17.3595, valid_score: 10555.9, , rmse_test: 17.0814, score_test: 754.6, Learning rate:0.00200000
Epoch: 4, Loss: 15.1588, Rmse_valid: 14.5247, valid_score: 8291.3, , rmse_test: 14.9308, score_test: 710.6, Learning rate:0.00200000
Epoch: 5, Loss: 14.5352, Rmse_valid: 18.3217, valid_score: 17128.0, , rmse_test: 18.5235, score_test: 1167.4, Learning rate:0.00200000
Epoch: 6, Loss: 14.1978, Rmse_valid: 25.9312, valid_score: 641877.8, , rmse_test: 24.5346, score_test: 85245.8, Learning rate:0.00200000
Epoch: 7, Loss: 13.7318, Rmse_valid: 15.6007, valid_score: 7330.7, , rmse_test: 17.6343, score_test: 782.0, Learning rate:0.00200000
Epoch: 8, Loss: 13.7036, Rmse_valid: 12.8783, valid_score: 6003.7, , rmse_test: 15.2288, score_test: 589.1, Learning rate:0.00200000
Epoch: 9, Loss: 13.3023, Rmse_valid: 14.5829, valid_score: 9382.2, , rmse_test: 14.5621, score_test: 498.8, Learning rate:0.00200000
Epoch: 10, Loss: 13.3194, Rmse_valid: 14.4462, valid_score: 11273.4, , rmse_test: 14.8575, score_test: 599.5, Learning rate:0.00200000
Epoch: 11, Loss: 11.9864, Rmse_valid: 12.6835, valid_score: 7013.2, , rmse_test: 14.1444, score_test: 686.4, Learning rate:0.00020000
Epoch: 12, Loss: 11.8300, Rmse_valid: 12.6847, valid_score: 6844.7, , rmse_test: 14.0916, score_test: 700.4, Learning rate:0.00020000
Epoch: 13, Loss: 11.7178, Rmse_valid: 13.9617, valid_score: 8799.7, , rmse_test: 14.3287, score_test: 692.2, Learning rate:0.00020000
Epoch: 14, Loss: 11.6857, Rmse_valid: 13.4599, valid_score: 6957.2, , rmse_test: 14.1515, score_test: 565.3, Learning rate:0.00020000
Epoch: 15, Loss: 11.6616, Rmse_valid: 12.6626, valid_score: 6970.8, , rmse_test: 13.4175, score_test: 521.0, Learning rate:0.00020000
Epoch: 16, Loss: 11.5110, Rmse_valid: 12.7441, valid_score: 8339.1, , rmse_test: 14.1915, score_test: 719.1, Learning rate:0.00020000
Epoch: 17, Loss: 11.5149, Rmse_valid: 12.5663, valid_score: 6330.7, , rmse_test: 14.1040, score_test: 516.8, Learning rate:0.00020000
Epoch: 18, Loss: 11.5072, Rmse_valid: 13.6493, valid_score: 9501.7, , rmse_test: 14.9756, score_test: 878.5, Learning rate:0.00020000
Epoch: 19, Loss: 11.5197, Rmse_valid: 12.8278, valid_score: 8928.1, , rmse_test: 15.3617, score_test: 905.0, Learning rate:0.00020000
Epoch: 20, Loss: 11.3832, Rmse_valid: 12.8318, valid_score: 7116.5, , rmse_test: 14.1919, score_test: 536.1, Learning rate:0.00020000
Epoch: 21, Loss: 11.2671, Rmse_valid: 13.1189, valid_score: 7628.1, , rmse_test: 14.7176, score_test: 662.2, Learning rate:0.00002000
Epoch: 22, Loss: 11.2076, Rmse_valid: 13.5096, valid_score: 8670.5, , rmse_test: 15.5261, score_test: 821.0, Learning rate:0.00002000
Epoch: 23, Loss: 11.2246, Rmse_valid: 12.7246, valid_score: 7235.3, , rmse_test: 14.5679, score_test: 603.7, Learning rate:0.00002000
Epoch: 24, Loss: 11.2721, Rmse_valid: 12.6965, valid_score: 7842.7, , rmse_test: 14.8819, score_test: 686.8, Learning rate:0.00002000
Epoch: 25, Loss: 11.2741, Rmse_valid: 13.2578, valid_score: 8487.2, , rmse_test: 15.3829, score_test: 847.0, Learning rate:0.00002000
Epoch: 26, Loss: 11.2772, Rmse_valid: 13.3977, valid_score: 7788.0, , rmse_test: 15.1484, score_test: 739.7, Learning rate:0.00002000
Epoch: 27, Loss: 11.2859, Rmse_valid: 13.2981, valid_score: 7697.9, , rmse_test: 15.1592, score_test: 752.5, Learning rate:0.00002000
Epoch: 28, Loss: 11.2472, Rmse_valid: 13.0389, valid_score: 8248.7, , rmse_test: 14.9126, score_test: 742.9, Learning rate:0.00002000
Epoch: 29, Loss: 11.1716, Rmse_valid: 12.9229, valid_score: 7357.0, , rmse_test: 14.3846, score_test: 603.2, Learning rate:0.00002000
Epoch: 30, Loss: 11.1988, Rmse_valid: 13.4655, valid_score: 8210.4, , rmse_test: 15.0467, score_test: 720.4, Learning rate:0.00002000
[Train Summary] Restored best model from epoch 17, rmse_valid: 12.5663, valid_score: 6330.7, rmse_test: 14.1040, score_test: 516.8
[Train Time] start: 2026-05-19 07:35:59, end: 2026-05-19 07:43:31, duration: 0:07:31, total_seconds: 451.38
[Auto Test] command: /usr/local/miniconda3/bin/python /SGFormer_mamba/scipt/test_model.py --sub-dataset FD001 --smooth-rate 30 --sequence-len 30 --feature-num 14 --dataset-root /SGFormer_mamba/CMAPSSData/ --max-rul 125 --batch-size 128 --model-path /SGFormer_mamba/logs/FD001_SGF_MB/seed2/model_FD001_0519_073559_seed2.pkl
model_path:/SGFormer_mamba/logs/FD001_SGF_MB/seed2/model_FD001_0519_073559_seed2.pkl
rmse_final:14.02462100982666, score:502.00860595703125
