-----FD002-----
关键参数:
序列长度: 30
批大小(batch_size): 128
最大训练轮数(max_epochs): 30
随机数种子: 80
模型代号(model_code): FD002_A
模型结构(model_structure): encoderdecoder
消融预设(ablation_preset): A - Path graph + GAT + EncoderDecoder-LSTM with AOF
学习率: 0.002
学习率调度器: step
Step步长(step_size): 10
Step衰减系数(gamma): 0.1
空间GAT: 开启
是否使用解码器LSTM: 是
是否使用AOF: 是
Decoder注意力隐层维度: 28
Decoder融合方式: concat
图构建模式(graph_mode): path
GAT层数(num_layers): 2
GAT邻居数(topk): 7
GAT嵌入维度: 8
GAT隐藏层维度: 8
------------------------------
Epoch: 1, Loss: 25.4494, Rmse_valid: 24.0743, valid_score: 234461.6, , rmse_test: 23.1487, score_test: 6797.7, Learning rate:0.00200000
Epoch: 2, Loss: 19.4824, Rmse_valid: 19.4488, valid_score: 44814.9, , rmse_test: 17.6955, score_test: 1399.4, Learning rate:0.00200000
Epoch: 3, Loss: 17.9488, Rmse_valid: 17.9979, valid_score: 42597.4, , rmse_test: 15.9384, score_test: 1407.5, Learning rate:0.00200000
Epoch: 4, Loss: 17.2156, Rmse_valid: 17.9295, valid_score: 51404.6, , rmse_test: 15.0880, score_test: 1121.9, Learning rate:0.00200000
Epoch: 5, Loss: 16.6525, Rmse_valid: 17.2984, valid_score: 39974.7, , rmse_test: 14.2111, score_test: 1023.5, Learning rate:0.00200000
Epoch: 6, Loss: 16.1498, Rmse_valid: 16.2254, valid_score: 26499.4, , rmse_test: 14.4234, score_test: 878.4, Learning rate:0.00200000
Epoch: 7, Loss: 15.8502, Rmse_valid: 17.1589, valid_score: 35683.1, , rmse_test: 14.8854, score_test: 1026.1, Learning rate:0.00200000
Epoch: 8, Loss: 15.4432, Rmse_valid: 18.9001, valid_score: 55690.0, , rmse_test: 17.2284, score_test: 1807.0, Learning rate:0.00200000
Epoch: 9, Loss: 15.2485, Rmse_valid: 17.6374, valid_score: 34738.4, , rmse_test: 15.5465, score_test: 1264.4, Learning rate:0.00200000
Epoch: 10, Loss: 15.0873, Rmse_valid: 16.6340, valid_score: 26621.2, , rmse_test: 13.6003, score_test: 811.9, Learning rate:0.00200000
Epoch: 11, Loss: 13.1957, Rmse_valid: 16.1056, valid_score: 32742.7, , rmse_test: 13.3095, score_test: 907.1, Learning rate:0.00020000
Epoch: 12, Loss: 13.0558, Rmse_valid: 15.9852, valid_score: 30334.5, , rmse_test: 13.3765, score_test: 928.9, Learning rate:0.00020000
Epoch: 13, Loss: 12.9687, Rmse_valid: 15.8383, valid_score: 31677.3, , rmse_test: 13.2364, score_test: 931.5, Learning rate:0.00020000
Epoch: 14, Loss: 12.9020, Rmse_valid: 15.8760, valid_score: 26548.7, , rmse_test: 13.3478, score_test: 896.2, Learning rate:0.00020000
Epoch: 15, Loss: 12.8294, Rmse_valid: 16.0256, valid_score: 33704.7, , rmse_test: 13.2761, score_test: 920.0, Learning rate:0.00020000
Epoch: 16, Loss: 12.7734, Rmse_valid: 15.7540, valid_score: 29694.8, , rmse_test: 13.2910, score_test: 933.2, Learning rate:0.00020000
Epoch: 17, Loss: 12.7257, Rmse_valid: 15.8832, valid_score: 27810.3, , rmse_test: 13.5976, score_test: 1050.4, Learning rate:0.00020000
Epoch: 18, Loss: 12.6598, Rmse_valid: 15.7817, valid_score: 31247.4, , rmse_test: 13.5521, score_test: 1096.3, Learning rate:0.00020000
Epoch: 19, Loss: 12.6205, Rmse_valid: 15.7136, valid_score: 27466.4, , rmse_test: 13.1987, score_test: 910.9, Learning rate:0.00020000
Epoch: 20, Loss: 12.5566, Rmse_valid: 16.1589, valid_score: 30445.6, , rmse_test: 13.4592, score_test: 1018.6, Learning rate:0.00020000
Epoch: 21, Loss: 12.4408, Rmse_valid: 15.8988, valid_score: 28234.2, , rmse_test: 13.2164, score_test: 941.5, Learning rate:0.00002000
Epoch: 22, Loss: 12.4246, Rmse_valid: 15.7349, valid_score: 28934.2, , rmse_test: 13.2621, score_test: 967.2, Learning rate:0.00002000
Epoch: 23, Loss: 12.4169, Rmse_valid: 15.7770, valid_score: 28838.9, , rmse_test: 13.2456, score_test: 957.2, Learning rate:0.00002000
Epoch: 24, Loss: 12.4109, Rmse_valid: 15.8258, valid_score: 28105.1, , rmse_test: 13.1856, score_test: 954.3, Learning rate:0.00002000
Epoch: 25, Loss: 12.4083, Rmse_valid: 15.8167, valid_score: 27548.0, , rmse_test: 13.1715, score_test: 934.4, Learning rate:0.00002000
Epoch: 26, Loss: 12.4003, Rmse_valid: 15.8159, valid_score: 28162.6, , rmse_test: 13.2768, score_test: 966.3, Learning rate:0.00002000
Epoch: 27, Loss: 12.3959, Rmse_valid: 15.7118, valid_score: 27191.9, , rmse_test: 13.1755, score_test: 915.1, Learning rate:0.00002000
Epoch: 28, Loss: 12.3921, Rmse_valid: 15.8769, valid_score: 28058.2, , rmse_test: 13.2046, score_test: 948.7, Learning rate:0.00002000
Epoch: 29, Loss: 12.3837, Rmse_valid: 15.8074, valid_score: 28328.1, , rmse_test: 13.1887, score_test: 952.0, Learning rate:0.00002000
Epoch: 30, Loss: 12.3794, Rmse_valid: 15.6138, valid_score: 28083.6, , rmse_test: 13.1653, score_test: 933.4, Learning rate:0.00002000
[Train Summary] Restored best model from epoch 30, rmse_valid: 15.6138, valid_score: 28083.6, rmse_test: 13.1653, score_test: 933.4
[Train Time] start: 2026-04-20 03:11:02, end: 2026-04-20 03:17:31, duration: 0:06:29, total_seconds: 388.55
[Auto Test] command: /usr/bin/python /CMAPSS-release/scipt/test_model.py --sub-dataset FD002 --smooth-rate 40 --sequence-len 30 --feature-num 14 --dataset-root /CMAPSS-release/CMAPSSData/ --max-rul 125 --batch-size 128 --model-path /CMAPSS-release/logs/FD002_FD002_A/seed80/model_FD002_0420_031102_seed80.pkl
model_path:/CMAPSS-release/logs/FD002_FD002_A/seed80/model_FD002_0420_031102_seed80.pkl
rmse_final:13.125765800476074, score:901.2494506835938
