-----FD002-----
关键参数:
序列长度: 30
批大小(batch_size): 128
最大训练轮数(max_epochs): 30
随机数种子: 80
模型代号(model_code): FD002_C_BC_20260422_054641
模型结构(model_structure): encoderdecoder
消融预设(ablation_preset): C - KNN graph + GAT-LSTM with encoder only (no decoder, no AOF)
学习率: 0.002
学习率调度器: step
Step步长(step_size): 10
Step衰减系数(gamma): 0.1
空间GAT: 开启
是否使用解码器LSTM: 否
是否使用AOF: 否
图构建模式(graph_mode): dynamic_knn
GAT层数(num_layers): 2
GAT邻居数(topk): 7
GAT嵌入维度: 8
GAT隐藏层维度: 8
------------------------------
Epoch: 1, Loss: 25.3522, Rmse_valid: 21.9667, valid_score: 109544.7, , rmse_test: 20.6958, score_test: 4691.4, Learning rate:0.00200000
Epoch: 2, Loss: 20.5833, Rmse_valid: 19.9487, valid_score: 57504.9, , rmse_test: 17.9451, score_test: 1633.9, Learning rate:0.00200000
Epoch: 3, Loss: 18.9062, Rmse_valid: 19.4646, valid_score: 49846.5, , rmse_test: 16.3629, score_test: 1202.4, Learning rate:0.00200000
Epoch: 4, Loss: 18.1794, Rmse_valid: 22.0874, valid_score: 123413.0, , rmse_test: 18.2278, score_test: 2804.4, Learning rate:0.00200000
Epoch: 5, Loss: 17.5127, Rmse_valid: 19.4585, valid_score: 47841.4, , rmse_test: 15.3788, score_test: 1054.3, Learning rate:0.00200000
Epoch: 6, Loss: 17.0193, Rmse_valid: 18.1528, valid_score: 50964.6, , rmse_test: 14.9118, score_test: 1324.6, Learning rate:0.00200000
Epoch: 7, Loss: 16.6525, Rmse_valid: 19.7063, valid_score: 49965.1, , rmse_test: 16.3010, score_test: 1476.7, Learning rate:0.00200000
Epoch: 8, Loss: 16.3134, Rmse_valid: 17.2111, valid_score: 56493.0, , rmse_test: 14.6864, score_test: 1122.2, Learning rate:0.00200000
Epoch: 9, Loss: 16.2372, Rmse_valid: 18.4382, valid_score: 66467.2, , rmse_test: 15.5499, score_test: 1580.8, Learning rate:0.00200000
Epoch: 10, Loss: 15.8187, Rmse_valid: 17.6049, valid_score: 41309.9, , rmse_test: 15.1883, score_test: 1100.9, Learning rate:0.00200000
Epoch: 11, Loss: 13.9744, Rmse_valid: 16.7232, valid_score: 46459.4, , rmse_test: 14.4370, score_test: 1060.8, Learning rate:0.00020000
Epoch: 12, Loss: 13.8001, Rmse_valid: 16.6712, valid_score: 49980.5, , rmse_test: 14.3494, score_test: 1082.5, Learning rate:0.00020000
Epoch: 13, Loss: 13.7059, Rmse_valid: 16.5567, valid_score: 45488.4, , rmse_test: 14.2379, score_test: 1008.4, Learning rate:0.00020000
Epoch: 14, Loss: 13.6203, Rmse_valid: 16.5236, valid_score: 50643.9, , rmse_test: 14.3956, score_test: 1130.5, Learning rate:0.00020000
Epoch: 15, Loss: 13.5693, Rmse_valid: 16.6075, valid_score: 44646.8, , rmse_test: 14.1687, score_test: 1052.1, Learning rate:0.00020000
Epoch: 16, Loss: 13.5141, Rmse_valid: 16.5727, valid_score: 42076.0, , rmse_test: 14.1887, score_test: 1048.9, Learning rate:0.00020000
Epoch: 17, Loss: 13.4607, Rmse_valid: 16.5823, valid_score: 46478.9, , rmse_test: 14.4480, score_test: 1145.5, Learning rate:0.00020000
Epoch: 18, Loss: 13.4254, Rmse_valid: 16.8169, valid_score: 45534.0, , rmse_test: 14.2408, score_test: 1040.8, Learning rate:0.00020000
Epoch: 19, Loss: 13.3637, Rmse_valid: 16.4692, valid_score: 44598.0, , rmse_test: 14.2123, score_test: 1132.2, Learning rate:0.00020000
Epoch: 20, Loss: 13.3385, Rmse_valid: 16.3876, valid_score: 39661.5, , rmse_test: 14.1557, score_test: 1118.6, Learning rate:0.00020000
Epoch: 21, Loss: 13.1955, Rmse_valid: 16.4719, valid_score: 41970.3, , rmse_test: 14.1340, score_test: 1070.7, Learning rate:0.00002000
Epoch: 22, Loss: 13.1714, Rmse_valid: 16.7192, valid_score: 43094.4, , rmse_test: 14.1221, score_test: 1061.0, Learning rate:0.00002000
Epoch: 23, Loss: 13.1666, Rmse_valid: 16.6644, valid_score: 44432.3, , rmse_test: 14.1756, score_test: 1089.6, Learning rate:0.00002000
Epoch: 24, Loss: 13.1621, Rmse_valid: 16.8139, valid_score: 44460.6, , rmse_test: 14.1751, score_test: 1097.8, Learning rate:0.00002000
Epoch: 25, Loss: 13.1560, Rmse_valid: 16.4215, valid_score: 43589.6, , rmse_test: 14.1452, score_test: 1078.8, Learning rate:0.00002000
Epoch: 26, Loss: 13.1481, Rmse_valid: 16.5205, valid_score: 43184.7, , rmse_test: 14.1409, score_test: 1061.1, Learning rate:0.00002000
Epoch: 27, Loss: 13.1454, Rmse_valid: 16.6674, valid_score: 41753.0, , rmse_test: 14.1355, score_test: 1053.8, Learning rate:0.00002000
Epoch: 28, Loss: 13.1375, Rmse_valid: 16.3991, valid_score: 43501.1, , rmse_test: 14.1902, score_test: 1105.7, Learning rate:0.00002000
Epoch: 29, Loss: 13.1320, Rmse_valid: 16.5697, valid_score: 44528.4, , rmse_test: 14.1947, score_test: 1102.4, Learning rate:0.00002000
Epoch: 30, Loss: 13.1268, Rmse_valid: 16.5574, valid_score: 42386.5, , rmse_test: 14.1757, score_test: 1081.0, Learning rate:0.00002000
[Train Summary] Restored best model from epoch 20, rmse_valid: 16.3876, valid_score: 39661.5, rmse_test: 14.1557, score_test: 1118.6
[Train Time] start: 2026-04-22 07:59:00, end: 2026-04-22 08:03:05, duration: 0:04:05, total_seconds: 244.83
[Auto Test] command: /usr/bin/python /CMAPSS-release/scipt/test_model.py --sub-dataset FD002 --smooth-rate 40 --sequence-len 30 --feature-num 14 --dataset-root /CMAPSS-release/CMAPSSData/ --max-rul 125 --batch-size 128 --model-path /CMAPSS-release/logs/FD002_FD002_C_BC_20260422_054641/seed80/model_FD002_0422_075900_seed80.pkl
model_path:/CMAPSS-release/logs/FD002_FD002_C_BC_20260422_054641/seed80/model_FD002_0422_075900_seed80.pkl
rmse_final:14.079887390136719, score:1067.926513671875
