-----FD004-----
关键参数:
序列长度: 30
批大小(batch_size): 128
最大训练轮数(max_epochs): 30
随机数种子: 88
模型代号(model_code): FD004_F
模型结构(model_structure): encoderdecoder
消融预设(ablation_preset): F - KNN graph + GAT + EncoderDecoder-LSTM without AOF
学习率: 0.002
学习率调度器: step
Step步长(step_size): 10
Step衰减系数(gamma): 0.1
空间GAT: 开启
是否使用解码器LSTM: 是
是否使用AOF: 否
Decoder注意力隐层维度: 28
图构建模式(graph_mode): dynamic_knn
GAT层数(num_layers): 2
GAT邻居数(topk): 7
GAT嵌入维度: 8
GAT隐藏层维度: 8
------------------------------
Epoch: 1, Loss: 26.2992, Rmse_valid: 21.8549, valid_score: 101713.0, , rmse_test: 25.4012, score_test: 16111.1, Learning rate:0.00200000
Epoch: 2, Loss: 22.0690, Rmse_valid: 19.4707, valid_score: 54539.0, , rmse_test: 21.7358, score_test: 3670.4, Learning rate:0.00200000
Epoch: 3, Loss: 20.3221, Rmse_valid: 19.4092, valid_score: 42854.5, , rmse_test: 22.1203, score_test: 2598.2, Learning rate:0.00200000
Epoch: 4, Loss: 19.3865, Rmse_valid: 18.0340, valid_score: 52270.1, , rmse_test: 19.6837, score_test: 3288.5, Learning rate:0.00200000
Epoch: 5, Loss: 18.6856, Rmse_valid: 17.4816, valid_score: 39225.9, , rmse_test: 18.9854, score_test: 2893.0, Learning rate:0.00200000
Epoch: 6, Loss: 17.9331, Rmse_valid: 19.5363, valid_score: 103434.9, , rmse_test: 19.2494, score_test: 2709.3, Learning rate:0.00200000
Epoch: 7, Loss: 17.4505, Rmse_valid: 16.1263, valid_score: 30421.8, , rmse_test: 18.6494, score_test: 3134.7, Learning rate:0.00200000
Epoch: 8, Loss: 17.0285, Rmse_valid: 17.4921, valid_score: 37120.8, , rmse_test: 18.4760, score_test: 2205.1, Learning rate:0.00200000
Epoch: 9, Loss: 16.8566, Rmse_valid: 16.5206, valid_score: 36185.5, , rmse_test: 17.6743, score_test: 1810.7, Learning rate:0.00200000
Epoch: 10, Loss: 16.7345, Rmse_valid: 17.9963, valid_score: 63380.1, , rmse_test: 19.6815, score_test: 3866.2, Learning rate:0.00200000
Epoch: 11, Loss: 14.9634, Rmse_valid: 15.7793, valid_score: 38586.1, , rmse_test: 17.5121, score_test: 2157.0, Learning rate:0.00020000
Epoch: 12, Loss: 14.7537, Rmse_valid: 15.9785, valid_score: 45940.3, , rmse_test: 17.2925, score_test: 2000.6, Learning rate:0.00020000
Epoch: 13, Loss: 14.6481, Rmse_valid: 16.3725, valid_score: 50929.5, , rmse_test: 17.5662, score_test: 2185.7, Learning rate:0.00020000
Epoch: 14, Loss: 14.5891, Rmse_valid: 15.9761, valid_score: 44462.5, , rmse_test: 17.3167, score_test: 1881.5, Learning rate:0.00020000
Epoch: 15, Loss: 14.5442, Rmse_valid: 16.2549, valid_score: 56585.0, , rmse_test: 17.4454, score_test: 1976.6, Learning rate:0.00020000
Epoch: 16, Loss: 14.4914, Rmse_valid: 15.9661, valid_score: 48885.5, , rmse_test: 17.2380, score_test: 1827.0, Learning rate:0.00020000
Epoch: 17, Loss: 14.4745, Rmse_valid: 16.1205, valid_score: 54157.9, , rmse_test: 16.9146, score_test: 1746.2, Learning rate:0.00020000
Epoch: 18, Loss: 14.4299, Rmse_valid: 16.4141, valid_score: 57691.6, , rmse_test: 17.1248, score_test: 1814.0, Learning rate:0.00020000
Epoch: 19, Loss: 14.3951, Rmse_valid: 15.8126, valid_score: 50171.9, , rmse_test: 17.1800, score_test: 1786.2, Learning rate:0.00020000
Epoch: 20, Loss: 14.3648, Rmse_valid: 15.9260, valid_score: 52569.8, , rmse_test: 17.3402, score_test: 1810.7, Learning rate:0.00020000
Epoch: 21, Loss: 14.2346, Rmse_valid: 16.0480, valid_score: 57635.6, , rmse_test: 17.2402, score_test: 1900.5, Learning rate:0.00002000
Epoch: 22, Loss: 14.2217, Rmse_valid: 16.2014, valid_score: 57082.0, , rmse_test: 17.1185, score_test: 1812.8, Learning rate:0.00002000
Epoch: 23, Loss: 14.2174, Rmse_valid: 16.0346, valid_score: 55248.8, , rmse_test: 17.1579, score_test: 1810.1, Learning rate:0.00002000
Epoch: 24, Loss: 14.2098, Rmse_valid: 16.3680, valid_score: 55910.3, , rmse_test: 17.0031, score_test: 1731.8, Learning rate:0.00002000
Epoch: 25, Loss: 14.2073, Rmse_valid: 16.2536, valid_score: 57769.3, , rmse_test: 17.1231, score_test: 1836.0, Learning rate:0.00002000
Epoch: 26, Loss: 14.2035, Rmse_valid: 16.2442, valid_score: 56546.2, , rmse_test: 17.1647, score_test: 1819.1, Learning rate:0.00002000
Epoch: 27, Loss: 14.2013, Rmse_valid: 16.0237, valid_score: 56390.1, , rmse_test: 17.1173, score_test: 1789.2, Learning rate:0.00002000
Epoch: 28, Loss: 14.1970, Rmse_valid: 16.2317, valid_score: 58630.2, , rmse_test: 17.1768, score_test: 1870.1, Learning rate:0.00002000
Epoch: 29, Loss: 14.1911, Rmse_valid: 16.0878, valid_score: 56910.3, , rmse_test: 17.1855, score_test: 1849.3, Learning rate:0.00002000
Epoch: 30, Loss: 14.1866, Rmse_valid: 16.2300, valid_score: 58054.9, , rmse_test: 17.1438, score_test: 1834.4, Learning rate:0.00002000
[Train Summary] Restored best model from epoch 11, rmse_valid: 15.7793, valid_score: 38586.1, rmse_test: 17.5121, score_test: 2157.0
[Train Time] start: 2026-04-21 02:46:19, end: 2026-04-21 02:53:37, duration: 0:07:18, total_seconds: 437.70
[Auto Test] command: /usr/bin/python /CMAPSS-release/scipt/test_model.py --sub-dataset FD004 --smooth-rate 40 --sequence-len 30 --feature-num 14 --dataset-root /CMAPSS-release/CMAPSSData/ --max-rul 125 --batch-size 128 --model-path /CMAPSS-release/logs/FD004_FD004_F/seed88/model_FD004_0421_024619_seed88.pkl
model_path:/CMAPSS-release/logs/FD004_FD004_F/seed88/model_FD004_0421_024619_seed88.pkl
rmse_final:17.401681900024414, score:2055.66357421875
