-----FD001-----
关键参数:
序列长度: 30
批大小(batch_size): 128
最大训练轮数(max_epochs): 30
随机数种子: 88
模型代号(model_code): A_g_dropout0.1
模型结构(model_structure): encoderdecoder
消融预设(ablation_preset): A - KNN graph + GAT-LSTM with encoder and decoder (AOF off)
学习率: 0.002
学习率调度器: step
Step步长(step_size): 10
Step衰减系数(gamma): 0.1
空间GAT: 开启
是否使用解码器LSTM: 是
是否使用AOF: 否
Decoder注意力隐层维度: 28
图构建模式(graph_mode): dynamic_knn
GAT层数(num_layers): 2
GAT邻居数(topk): 7
GAT嵌入维度: 8
GAT隐藏层维度: 8
------------------------------
Epoch: 1, Loss: 25.8561, Rmse_valid: 21.3188, valid_score: 14993.4, , rmse_test: 22.3766, score_test: 14107.4, Learning rate:0.00200000
Epoch: 2, Loss: 19.7066, Rmse_valid: 17.5289, valid_score: 13460.4, , rmse_test: 21.8272, score_test: 3619.3, Learning rate:0.00200000
Epoch: 3, Loss: 18.4253, Rmse_valid: 19.4471, valid_score: 12319.8, , rmse_test: 17.5250, score_test: 623.6, Learning rate:0.00200000
Epoch: 4, Loss: 16.6381, Rmse_valid: 18.4815, valid_score: 22152.9, , rmse_test: 22.3608, score_test: 1917.1, Learning rate:0.00200000
Epoch: 5, Loss: 14.1336, Rmse_valid: 15.1894, valid_score: 6427.6, , rmse_test: 15.3518, score_test: 383.5, Learning rate:0.00200000
Epoch: 6, Loss: 13.0371, Rmse_valid: 11.0716, valid_score: 3366.0, , rmse_test: 13.6435, score_test: 313.0, Learning rate:0.00200000
Epoch: 7, Loss: 12.4975, Rmse_valid: 12.1294, valid_score: 3309.6, , rmse_test: 13.4318, score_test: 245.9, Learning rate:0.00200000
Epoch: 8, Loss: 12.0712, Rmse_valid: 12.1450, valid_score: 3463.5, , rmse_test: 14.1064, score_test: 358.9, Learning rate:0.00200000
Epoch: 9, Loss: 11.7885, Rmse_valid: 13.4580, valid_score: 6522.0, , rmse_test: 16.3803, score_test: 510.1, Learning rate:0.00200000
Epoch: 10, Loss: 11.5425, Rmse_valid: 11.1208, valid_score: 3645.4, , rmse_test: 14.5312, score_test: 477.7, Learning rate:0.00200000
Epoch: 11, Loss: 10.3299, Rmse_valid: 10.0401, valid_score: 3174.5, , rmse_test: 13.4794, score_test: 353.1, Learning rate:0.00020000
Epoch: 12, Loss: 10.1781, Rmse_valid: 10.1040, valid_score: 2966.0, , rmse_test: 13.4080, score_test: 336.8, Learning rate:0.00020000
Epoch: 13, Loss: 10.1242, Rmse_valid: 10.7361, valid_score: 3500.7, , rmse_test: 13.3364, score_test: 314.8, Learning rate:0.00020000
Epoch: 14, Loss: 10.0530, Rmse_valid: 10.1603, valid_score: 2981.8, , rmse_test: 13.3563, score_test: 336.0, Learning rate:0.00020000
Epoch: 15, Loss: 9.9947, Rmse_valid: 10.0131, valid_score: 3260.2, , rmse_test: 13.2914, score_test: 328.7, Learning rate:0.00020000
Epoch: 16, Loss: 9.9381, Rmse_valid: 10.2863, valid_score: 3124.8, , rmse_test: 13.4324, score_test: 352.1, Learning rate:0.00020000
Epoch: 17, Loss: 9.9069, Rmse_valid: 11.0117, valid_score: 4327.0, , rmse_test: 14.3479, score_test: 451.5, Learning rate:0.00020000
Epoch: 18, Loss: 9.8552, Rmse_valid: 10.2358, valid_score: 3323.5, , rmse_test: 13.4601, score_test: 358.5, Learning rate:0.00020000
Epoch: 19, Loss: 9.8076, Rmse_valid: 10.2713, valid_score: 3116.5, , rmse_test: 13.1677, score_test: 324.1, Learning rate:0.00020000
Epoch: 20, Loss: 9.7785, Rmse_valid: 10.3155, valid_score: 3204.4, , rmse_test: 13.3129, score_test: 348.9, Learning rate:0.00020000
Epoch: 21, Loss: 9.7026, Rmse_valid: 10.6383, valid_score: 3385.4, , rmse_test: 13.3906, score_test: 352.2, Learning rate:0.00002000
Epoch: 22, Loss: 9.6856, Rmse_valid: 10.3628, valid_score: 3324.7, , rmse_test: 13.3068, score_test: 343.3, Learning rate:0.00002000
Epoch: 23, Loss: 9.6759, Rmse_valid: 10.1936, valid_score: 3402.0, , rmse_test: 13.3238, score_test: 343.5, Learning rate:0.00002000
Epoch: 24, Loss: 9.6734, Rmse_valid: 10.4344, valid_score: 3278.8, , rmse_test: 13.1969, score_test: 328.3, Learning rate:0.00002000
Epoch: 25, Loss: 9.6613, Rmse_valid: 10.5853, valid_score: 3367.3, , rmse_test: 13.2870, score_test: 340.7, Learning rate:0.00002000
Epoch: 26, Loss: 9.6643, Rmse_valid: 10.2761, valid_score: 3295.8, , rmse_test: 13.2562, score_test: 336.3, Learning rate:0.00002000
Epoch: 27, Loss: 9.6572, Rmse_valid: 10.2536, valid_score: 3329.7, , rmse_test: 13.3115, score_test: 343.6, Learning rate:0.00002000
Epoch: 28, Loss: 9.6461, Rmse_valid: 10.2796, valid_score: 3339.5, , rmse_test: 13.2521, score_test: 336.0, Learning rate:0.00002000
Epoch: 29, Loss: 9.6553, Rmse_valid: 10.4147, valid_score: 3403.2, , rmse_test: 13.3069, score_test: 343.2, Learning rate:0.00002000
Epoch: 30, Loss: 9.6513, Rmse_valid: 10.4912, valid_score: 3299.4, , rmse_test: 13.1876, score_test: 329.6, Learning rate:0.00002000
[Train Summary] Restored best model from epoch 15, rmse_valid: 10.0131, valid_score: 3260.2, rmse_test: 13.2914, score_test: 328.7
[Train Time] start: 2026-04-24 14:51:57, end: 2026-04-24 15:00:02, duration: 0:08:05, total_seconds: 485.30
[Auto Test] command: /usr/bin/python /CMAPSS-release/scipt/test_model.py --sub-dataset FD001 --smooth-rate 30 --sequence-len 30 --feature-num 14 --dataset-root /CMAPSS-release/CMAPSSData/ --max-rul 125 --batch-size 128 --model-path /CMAPSS-release/logs/FD001_A_g_dropout0.1/seed88/model_FD001_0424_145157_seed88.pkl --no-cuda
model_path:/CMAPSS-release/logs/FD001_A_g_dropout0.1/seed88/model_FD001_0424_145157_seed88.pkl
rmse_final:13.149524688720703, score:315.3036804199219
