-----FD001-----
关键参数1:
序列长度: 30
批大小(batch_size): 128
最大训练轮数(max_epochs): 30
随机数种子: 33
模型代号(model_code): MBdecoder
模型结构(model_structure): lstm_mamba_attention
学习率: 0.002
学习率调度器: step
Step步长(step_size): 10
Step衰减系数(gamma): 0.1
编码器: LSTM
编码器后处理: 2层Mamba block
encoder_hidden_size: 8
mamba_num_layers: 2
mamba_d_state: 16
decoder_attention_size: 28
------------------------------
Epoch: 1, Loss: 28.1218, Rmse_valid: 22.1014, valid_score: 28657.8, , rmse_test: 27.0199, score_test: 31920.8, Learning rate:0.00200000
Epoch: 2, Loss: 21.5062, Rmse_valid: 19.3224, valid_score: 21177.6, , rmse_test: 22.7749, score_test: 10981.9, Learning rate:0.00200000
Epoch: 3, Loss: 17.1821, Rmse_valid: 15.5323, valid_score: 9446.8, , rmse_test: 16.4757, score_test: 519.6, Learning rate:0.00200000
Epoch: 4, Loss: 15.0638, Rmse_valid: 15.2991, valid_score: 11020.3, , rmse_test: 16.6108, score_test: 512.5, Learning rate:0.00200000
Epoch: 5, Loss: 14.0721, Rmse_valid: 14.0538, valid_score: 7135.9, , rmse_test: 15.4756, score_test: 410.1, Learning rate:0.00200000
Epoch: 6, Loss: 13.4518, Rmse_valid: 14.1782, valid_score: 4919.0, , rmse_test: 14.9161, score_test: 304.4, Learning rate:0.00200000
Epoch: 7, Loss: 12.9869, Rmse_valid: 15.3543, valid_score: 12869.8, , rmse_test: 18.4593, score_test: 787.5, Learning rate:0.00200000
Epoch: 8, Loss: 12.6314, Rmse_valid: 12.8726, valid_score: 4708.1, , rmse_test: 14.8661, score_test: 354.4, Learning rate:0.00200000
Epoch: 9, Loss: 12.1404, Rmse_valid: 15.8243, valid_score: 11216.2, , rmse_test: 17.2419, score_test: 799.0, Learning rate:0.00200000
Epoch: 10, Loss: 12.1465, Rmse_valid: 16.1988, valid_score: 15211.1, , rmse_test: 19.5322, score_test: 1145.2, Learning rate:0.00200000
Epoch: 11, Loss: 11.0019, Rmse_valid: 12.3395, valid_score: 4726.0, , rmse_test: 14.6904, score_test: 349.8, Learning rate:0.00020000
Epoch: 12, Loss: 10.7977, Rmse_valid: 12.3032, valid_score: 5470.5, , rmse_test: 15.0493, score_test: 415.8, Learning rate:0.00020000
Epoch: 13, Loss: 10.7057, Rmse_valid: 11.9554, valid_score: 5094.7, , rmse_test: 14.8976, score_test: 389.1, Learning rate:0.00020000
Epoch: 14, Loss: 10.6797, Rmse_valid: 12.5123, valid_score: 5771.5, , rmse_test: 14.9805, score_test: 437.7, Learning rate:0.00020000
Epoch: 15, Loss: 10.6041, Rmse_valid: 12.9307, valid_score: 5517.6, , rmse_test: 14.9366, score_test: 415.2, Learning rate:0.00020000
Epoch: 16, Loss: 10.5211, Rmse_valid: 12.1812, valid_score: 5356.2, , rmse_test: 15.0543, score_test: 421.2, Learning rate:0.00020000
Epoch: 17, Loss: 10.5145, Rmse_valid: 12.0077, valid_score: 5343.3, , rmse_test: 15.1466, score_test: 454.1, Learning rate:0.00020000
Epoch: 18, Loss: 10.4921, Rmse_valid: 12.5136, valid_score: 5512.4, , rmse_test: 15.0391, score_test: 452.1, Learning rate:0.00020000
Epoch: 19, Loss: 10.4576, Rmse_valid: 12.2664, valid_score: 4886.2, , rmse_test: 14.8003, score_test: 402.3, Learning rate:0.00020000
Epoch: 20, Loss: 10.3841, Rmse_valid: 12.3304, valid_score: 5221.4, , rmse_test: 14.9962, score_test: 405.8, Learning rate:0.00020000
Epoch: 21, Loss: 10.2955, Rmse_valid: 11.8850, valid_score: 5127.6, , rmse_test: 14.9656, score_test: 419.7, Learning rate:0.00002000
Epoch: 22, Loss: 10.3228, Rmse_valid: 12.3755, valid_score: 4907.9, , rmse_test: 14.9248, score_test: 404.0, Learning rate:0.00002000
Epoch: 23, Loss: 10.3256, Rmse_valid: 12.0893, valid_score: 4975.0, , rmse_test: 14.9264, score_test: 412.9, Learning rate:0.00002000
Epoch: 24, Loss: 10.2986, Rmse_valid: 12.4085, valid_score: 4864.6, , rmse_test: 14.8702, score_test: 402.1, Learning rate:0.00002000
Epoch: 25, Loss: 10.3231, Rmse_valid: 12.1887, valid_score: 5032.8, , rmse_test: 14.9385, score_test: 410.6, Learning rate:0.00002000
Epoch: 26, Loss: 10.2836, Rmse_valid: 11.9795, valid_score: 4968.1, , rmse_test: 14.9542, score_test: 411.5, Learning rate:0.00002000
Epoch: 27, Loss: 10.3142, Rmse_valid: 12.0758, valid_score: 4871.4, , rmse_test: 14.8980, score_test: 405.1, Learning rate:0.00002000
Epoch: 28, Loss: 10.2735, Rmse_valid: 12.5974, valid_score: 5000.0, , rmse_test: 14.9332, score_test: 413.9, Learning rate:0.00002000
Epoch: 29, Loss: 10.2823, Rmse_valid: 12.1320, valid_score: 5017.7, , rmse_test: 14.9169, score_test: 410.5, Learning rate:0.00002000
Epoch: 30, Loss: 10.2870, Rmse_valid: 11.8771, valid_score: 5054.8, , rmse_test: 14.9537, score_test: 419.3, Learning rate:0.00002000
[Train Summary] Restored best model from epoch 30, rmse_valid: 11.8771, valid_score: 5054.8, rmse_test: 14.9537, score_test: 419.3
[Train Time] start: 2026-07-03 05:27:07, end: 2026-07-03 05:28:03, duration: 0:00:56, total_seconds: 55.75
[Auto Test] command: /usr/local/miniconda3/envs/HV/bin/python /Mamba_Rul/test_GAT_encoderaef_decodermamba/test_model.py --sub-dataset FD001 --smooth-rate 30 --sequence-len 30 --feature-num 14 --dataset-root /Mamba_Rul/CMAPSSData/ --max-rul 125 --batch-size 128 --model-path /Mamba_Rul/logs/FD001_MBdecoder/seed33/model_FD001_0703_052707_seed33.pkl
model_path:/Mamba_Rul/logs/FD001_MBdecoder/seed33/model_FD001_0703_052707_seed33.pkl
rmse_final:14.84520149230957, score:405.08734130859375
