-----FD003-----
关键参数:
序列长度: 30
批大小(batch_size): 128
最大训练轮数(max_epochs): 30
随机数种子: 88
模型代号(model_code): FD003_F
模型结构(model_structure): encoderdecoder
消融预设(ablation_preset): F - KNN graph + GAT + EncoderDecoder-LSTM without AOF
学习率: 0.002
学习率调度器: step
Step步长(step_size): 10
Step衰减系数(gamma): 0.1
空间GAT: 开启
是否使用解码器LSTM: 是
是否使用AOF: 否
Decoder注意力隐层维度: 28
图构建模式(graph_mode): dynamic_knn
GAT层数(num_layers): 2
GAT邻居数(topk): 7
GAT嵌入维度: 8
GAT隐藏层维度: 8
------------------------------
Epoch: 1, Loss: 25.2950, Rmse_valid: 22.5534, valid_score: 26595.9, , rmse_test: 23.2479, score_test: 3832.2, Learning rate:0.00200000
Epoch: 2, Loss: 19.7437, Rmse_valid: 15.9501, valid_score: 17198.0, , rmse_test: 23.5558, score_test: 3501.1, Learning rate:0.00200000
Epoch: 3, Loss: 17.7821, Rmse_valid: 14.1100, valid_score: 19478.4, , rmse_test: 21.2894, score_test: 3331.2, Learning rate:0.00200000
Epoch: 4, Loss: 14.6484, Rmse_valid: 13.1137, valid_score: 9078.1, , rmse_test: 16.5051, score_test: 1237.5, Learning rate:0.00200000
Epoch: 5, Loss: 13.0691, Rmse_valid: 12.3162, valid_score: 9274.5, , rmse_test: 16.5902, score_test: 1313.9, Learning rate:0.00200000
Epoch: 6, Loss: 12.4870, Rmse_valid: 12.0375, valid_score: 8154.7, , rmse_test: 15.8879, score_test: 994.4, Learning rate:0.00200000
Epoch: 7, Loss: 12.3243, Rmse_valid: 12.5967, valid_score: 7726.7, , rmse_test: 15.0955, score_test: 923.6, Learning rate:0.00200000
Epoch: 8, Loss: 11.7198, Rmse_valid: 11.0001, valid_score: 8481.8, , rmse_test: 16.1676, score_test: 1410.9, Learning rate:0.00200000
Epoch: 9, Loss: 11.6929, Rmse_valid: 11.0907, valid_score: 7148.9, , rmse_test: 15.9726, score_test: 1250.3, Learning rate:0.00200000
Epoch: 10, Loss: 11.3920, Rmse_valid: 11.5227, valid_score: 9751.3, , rmse_test: 19.0356, score_test: 1869.8, Learning rate:0.00200000
Epoch: 11, Loss: 10.3230, Rmse_valid: 10.6069, valid_score: 6952.1, , rmse_test: 15.3952, score_test: 1278.0, Learning rate:0.00020000
Epoch: 12, Loss: 10.1804, Rmse_valid: 10.5881, valid_score: 7018.1, , rmse_test: 15.3463, score_test: 1323.9, Learning rate:0.00020000
Epoch: 13, Loss: 10.1242, Rmse_valid: 10.7207, valid_score: 6692.2, , rmse_test: 15.0703, score_test: 1083.4, Learning rate:0.00020000
Epoch: 14, Loss: 10.0616, Rmse_valid: 9.9040, valid_score: 6867.8, , rmse_test: 15.5171, score_test: 1188.1, Learning rate:0.00020000
Epoch: 15, Loss: 10.0073, Rmse_valid: 10.7023, valid_score: 6471.5, , rmse_test: 14.9802, score_test: 1198.0, Learning rate:0.00020000
Epoch: 16, Loss: 9.9548, Rmse_valid: 10.2648, valid_score: 6495.1, , rmse_test: 15.1463, score_test: 1230.3, Learning rate:0.00020000
Epoch: 17, Loss: 9.8928, Rmse_valid: 10.0531, valid_score: 6378.3, , rmse_test: 15.0150, score_test: 1152.1, Learning rate:0.00020000
Epoch: 18, Loss: 9.8632, Rmse_valid: 9.7862, valid_score: 6132.3, , rmse_test: 14.9475, score_test: 1161.9, Learning rate:0.00020000
Epoch: 19, Loss: 9.8129, Rmse_valid: 9.9903, valid_score: 6325.7, , rmse_test: 14.9871, score_test: 1188.1, Learning rate:0.00020000
Epoch: 20, Loss: 9.7616, Rmse_valid: 9.8561, valid_score: 6606.6, , rmse_test: 15.1732, score_test: 1181.0, Learning rate:0.00020000
Epoch: 21, Loss: 9.6788, Rmse_valid: 9.9276, valid_score: 6226.1, , rmse_test: 14.9593, score_test: 1163.2, Learning rate:0.00002000
Epoch: 22, Loss: 9.6680, Rmse_valid: 9.8399, valid_score: 6142.3, , rmse_test: 14.9576, score_test: 1168.2, Learning rate:0.00002000
Epoch: 23, Loss: 9.6617, Rmse_valid: 9.7722, valid_score: 6206.3, , rmse_test: 15.0490, score_test: 1184.6, Learning rate:0.00002000
Epoch: 24, Loss: 9.6570, Rmse_valid: 9.8191, valid_score: 6090.3, , rmse_test: 14.9326, score_test: 1144.5, Learning rate:0.00002000
Epoch: 25, Loss: 9.6503, Rmse_valid: 9.8072, valid_score: 6064.4, , rmse_test: 14.9046, score_test: 1141.1, Learning rate:0.00002000
Epoch: 26, Loss: 9.6454, Rmse_valid: 9.7981, valid_score: 6034.4, , rmse_test: 14.8978, score_test: 1130.9, Learning rate:0.00002000
Epoch: 27, Loss: 9.6400, Rmse_valid: 9.8243, valid_score: 6000.5, , rmse_test: 14.9029, score_test: 1148.0, Learning rate:0.00002000
Epoch: 28, Loss: 9.6344, Rmse_valid: 9.7510, valid_score: 6147.7, , rmse_test: 15.0357, score_test: 1187.3, Learning rate:0.00002000
Epoch: 29, Loss: 9.6315, Rmse_valid: 9.8089, valid_score: 6049.7, , rmse_test: 14.9623, score_test: 1144.2, Learning rate:0.00002000
Epoch: 30, Loss: 9.6256, Rmse_valid: 9.8007, valid_score: 6018.6, , rmse_test: 14.9480, score_test: 1148.2, Learning rate:0.00002000
[Train Summary] Restored best model from epoch 28, rmse_valid: 9.7510, valid_score: 6147.7, rmse_test: 15.0357, score_test: 1187.3
[Train Time] start: 2026-04-21 01:36:41, end: 2026-04-21 01:39:28, duration: 0:02:47, total_seconds: 166.93
[Auto Test] command: /usr/bin/python /CMAPSS-release/scipt/test_model.py --sub-dataset FD003 --smooth-rate 40 --sequence-len 30 --feature-num 14 --dataset-root /CMAPSS-release/CMAPSSData/ --max-rul 125 --batch-size 128 --model-path /CMAPSS-release/logs/FD003_FD003_F/seed88/model_FD003_0421_013641_seed88.pkl
model_path:/CMAPSS-release/logs/FD003_FD003_F/seed88/model_FD003_0421_013641_seed88.pkl
rmse_final:14.896979331970215, score:1118.11865234375
