-----FD001-----
关键参数:
序列长度: 50
批大小(batch_size): 128
最大训练轮数(max_epochs): 30
随机数种子: 2
模型代号(model_code): GAT_EDmamba+50
模型结构(model_structure): mamba_mamba
学习率: 0.002
学习率调度器: step
Step步长(step_size): 10
Step衰减系数(gamma): 0.1
use_gat: True
gat_hidden_dim: 8
编码器: 2层Mamba
解码器: 2层Mamba
encoder_hidden_size: 16
mamba_num_layers: 2
mamba_d_state: 16
------------------------------
Epoch: 1, Loss: 27.6574, Rmse_valid: 18.1424, valid_score: 7505.1, , rmse_test: 16.8671, score_test: 650.4, Learning rate:0.00200000
Epoch: 2, Loss: 16.8065, Rmse_valid: 15.2804, valid_score: 5148.4, , rmse_test: 16.2964, score_test: 370.7, Learning rate:0.00200000
Epoch: 3, Loss: 14.5064, Rmse_valid: 14.8424, valid_score: 7462.8, , rmse_test: 15.5594, score_test: 519.0, Learning rate:0.00200000
Epoch: 4, Loss: 13.4735, Rmse_valid: 14.7774, valid_score: 6886.9, , rmse_test: 14.7911, score_test: 370.6, Learning rate:0.00200000
Epoch: 5, Loss: 12.7384, Rmse_valid: 15.5211, valid_score: 8879.3, , rmse_test: 16.2367, score_test: 464.1, Learning rate:0.00200000
Epoch: 6, Loss: 11.6451, Rmse_valid: 13.8657, valid_score: 8299.0, , rmse_test: 15.2449, score_test: 557.1, Learning rate:0.00200000
Epoch: 7, Loss: 11.1801, Rmse_valid: 18.3698, valid_score: 46060.4, , rmse_test: 16.1474, score_test: 540.7, Learning rate:0.00200000
Epoch: 8, Loss: 10.7635, Rmse_valid: 13.9253, valid_score: 5844.9, , rmse_test: 14.8131, score_test: 349.5, Learning rate:0.00200000
Epoch: 9, Loss: 10.3821, Rmse_valid: 16.0380, valid_score: 12283.5, , rmse_test: 15.9431, score_test: 539.3, Learning rate:0.00200000
Epoch: 10, Loss: 9.9870, Rmse_valid: 13.7959, valid_score: 7916.8, , rmse_test: 14.4365, score_test: 338.3, Learning rate:0.00200000
Epoch: 11, Loss: 8.1479, Rmse_valid: 12.8721, valid_score: 6826.0, , rmse_test: 13.3077, score_test: 287.8, Learning rate:0.00020000
Epoch: 12, Loss: 7.9048, Rmse_valid: 13.5140, valid_score: 8904.5, , rmse_test: 13.4485, score_test: 306.5, Learning rate:0.00020000
Epoch: 13, Loss: 7.7953, Rmse_valid: 13.5954, valid_score: 8470.3, , rmse_test: 13.5184, score_test: 299.6, Learning rate:0.00020000
Epoch: 14, Loss: 7.6551, Rmse_valid: 13.4186, valid_score: 7678.2, , rmse_test: 13.4585, score_test: 292.2, Learning rate:0.00020000
Epoch: 15, Loss: 7.5389, Rmse_valid: 14.0298, valid_score: 10646.0, , rmse_test: 14.0373, score_test: 348.3, Learning rate:0.00020000
Epoch: 16, Loss: 7.4518, Rmse_valid: 14.2120, valid_score: 11734.7, , rmse_test: 13.7590, score_test: 323.9, Learning rate:0.00020000
Epoch: 17, Loss: 7.3318, Rmse_valid: 13.9965, valid_score: 11673.9, , rmse_test: 14.0685, score_test: 365.0, Learning rate:0.00020000
Epoch: 18, Loss: 7.2867, Rmse_valid: 14.2512, valid_score: 9618.1, , rmse_test: 13.9514, score_test: 323.2, Learning rate:0.00020000
Epoch: 19, Loss: 7.1893, Rmse_valid: 13.7757, valid_score: 10005.9, , rmse_test: 14.1200, score_test: 370.1, Learning rate:0.00020000
Epoch: 20, Loss: 7.0458, Rmse_valid: 14.0066, valid_score: 8111.8, , rmse_test: 13.9175, score_test: 315.2, Learning rate:0.00020000
Epoch: 21, Loss: 6.9913, Rmse_valid: 13.7016, valid_score: 9332.5, , rmse_test: 13.9150, score_test: 332.5, Learning rate:0.00002000
Epoch: 22, Loss: 6.9025, Rmse_valid: 13.9882, valid_score: 9460.8, , rmse_test: 13.9115, score_test: 332.9, Learning rate:0.00002000
Epoch: 23, Loss: 6.8821, Rmse_valid: 14.0858, valid_score: 9750.6, , rmse_test: 14.0302, score_test: 344.2, Learning rate:0.00002000
Epoch: 24, Loss: 6.8457, Rmse_valid: 13.9493, valid_score: 9747.6, , rmse_test: 14.0060, score_test: 339.1, Learning rate:0.00002000
Epoch: 25, Loss: 6.8738, Rmse_valid: 13.9548, valid_score: 9975.5, , rmse_test: 14.0510, score_test: 343.3, Learning rate:0.00002000
Epoch: 26, Loss: 6.8699, Rmse_valid: 13.9671, valid_score: 9339.7, , rmse_test: 13.9961, score_test: 334.7, Learning rate:0.00002000
Epoch: 27, Loss: 6.8541, Rmse_valid: 14.0207, valid_score: 9928.8, , rmse_test: 14.0420, score_test: 346.6, Learning rate:0.00002000
Epoch: 28, Loss: 6.8233, Rmse_valid: 13.8751, valid_score: 9591.7, , rmse_test: 14.0551, score_test: 343.3, Learning rate:0.00002000
Epoch: 29, Loss: 6.8321, Rmse_valid: 14.0618, valid_score: 9471.7, , rmse_test: 13.9844, score_test: 336.4, Learning rate:0.00002000
Epoch: 30, Loss: 6.8507, Rmse_valid: 14.0001, valid_score: 9858.9, , rmse_test: 14.0759, score_test: 348.8, Learning rate:0.00002000
[Train Summary] Restored best model from epoch 11, rmse_valid: 12.8721, valid_score: 6826.0, rmse_test: 13.3077, score_test: 287.8
[Train Time] start: 2026-07-22 09:54:58, end: 2026-07-22 09:58:23, duration: 0:03:25, total_seconds: 204.75
[Auto Test] command: /usr/local/miniconda3/envs/HV/bin/python /Mamba_Rul/test_GAT_EDmamba/test_model.py --sub-dataset FD001 --smooth-rate 30 --sequence-len 50 --feature-num 14 --dataset-root /Mamba_Rul/CMAPSSData/ --max-rul 125 --batch-size 128 --model-path /Mamba_Rul/logs/FD001_GAT_EDmamba+50/seed2/model_FD001_0722_095458_seed2.pkl
model_path:/Mamba_Rul/logs/FD001_GAT_EDmamba+50/seed2/model_FD001_0722_095458_seed2.pkl
rmse_final:13.246886253356934, score:278.14959716796875
