-----FD001-----
关键参数:
序列长度: 30
批大小(batch_size): 128
最大训练轮数(max_epochs): 30
随机数种子: 80
模型代号(model_code): A_AEF_0FF
模型结构(model_structure): encoderdecoder
消融预设(ablation_preset): A_AEF_0FF - KNN graph + GAT-LSTM with encoder and decoder (AEF off)
学习率: 0.002
学习率调度器: step
Step步长(step_size): 10
Step衰减系数(gamma): 0.1
空间GAT: 开启
是否使用解码器LSTM: 是
是否使用AEF: 否
Decoder注意力隐层维度: 28
图构建模式(graph_mode): dynamic_knn
GAT层数(num_layers): 2
GAT邻居数(topk): 7
GAT嵌入维度: 8
GAT隐藏层维度: 8
------------------------------
Epoch: 1, Loss: 24.8300, Rmse_valid: 21.9471, valid_score: 15041.6, , rmse_test: 21.9759, score_test: 8878.8, Learning rate:0.00200000
Epoch: 2, Loss: 20.7825, Rmse_valid: 19.9184, valid_score: 16208.2, , rmse_test: 23.6279, score_test: 15641.9, Learning rate:0.00200000
Epoch: 3, Loss: 20.4205, Rmse_valid: 20.2841, valid_score: 17960.0, , rmse_test: 23.2924, score_test: 20170.4, Learning rate:0.00200000
Epoch: 4, Loss: 20.1706, Rmse_valid: 20.4010, valid_score: 21089.0, , rmse_test: 23.5995, score_test: 22730.7, Learning rate:0.00200000
Epoch: 5, Loss: 18.8876, Rmse_valid: 17.6965, valid_score: 9672.4, , rmse_test: 20.1387, score_test: 3383.1, Learning rate:0.00200000
Epoch: 6, Loss: 16.7318, Rmse_valid: 14.6430, valid_score: 7510.0, , rmse_test: 17.6179, score_test: 624.8, Learning rate:0.00200000
Epoch: 7, Loss: 14.9725, Rmse_valid: 13.5316, valid_score: 6363.3, , rmse_test: 16.5456, score_test: 469.8, Learning rate:0.00200000
Epoch: 8, Loss: 13.7658, Rmse_valid: 13.3067, valid_score: 3977.1, , rmse_test: 15.9557, score_test: 333.9, Learning rate:0.00200000
Epoch: 9, Loss: 13.2138, Rmse_valid: 12.0461, valid_score: 5251.9, , rmse_test: 15.1938, score_test: 349.7, Learning rate:0.00200000
Epoch: 10, Loss: 12.6644, Rmse_valid: 15.5934, valid_score: 4954.0, , rmse_test: 17.2056, score_test: 386.7, Learning rate:0.00200000
Epoch: 11, Loss: 11.3741, Rmse_valid: 11.1043, valid_score: 3866.3, , rmse_test: 13.5114, score_test: 292.5, Learning rate:0.00020000
Epoch: 12, Loss: 11.0230, Rmse_valid: 11.4290, valid_score: 4109.6, , rmse_test: 13.6162, score_test: 319.0, Learning rate:0.00020000
Epoch: 13, Loss: 10.9071, Rmse_valid: 10.8262, valid_score: 3792.1, , rmse_test: 13.4709, score_test: 310.7, Learning rate:0.00020000
Epoch: 14, Loss: 10.8187, Rmse_valid: 11.1687, valid_score: 4033.7, , rmse_test: 13.6494, score_test: 298.7, Learning rate:0.00020000
Epoch: 15, Loss: 10.7624, Rmse_valid: 11.6389, valid_score: 4093.5, , rmse_test: 13.5789, score_test: 336.0, Learning rate:0.00020000
Epoch: 16, Loss: 10.6936, Rmse_valid: 11.2109, valid_score: 4371.8, , rmse_test: 13.7533, score_test: 358.3, Learning rate:0.00020000
Epoch: 17, Loss: 10.6387, Rmse_valid: 11.8500, valid_score: 3825.5, , rmse_test: 13.3534, score_test: 311.8, Learning rate:0.00020000
Epoch: 18, Loss: 10.5817, Rmse_valid: 11.4925, valid_score: 4421.6, , rmse_test: 13.8881, score_test: 395.0, Learning rate:0.00020000
Epoch: 19, Loss: 10.5432, Rmse_valid: 11.3549, valid_score: 3747.9, , rmse_test: 13.5165, score_test: 350.6, Learning rate:0.00020000
Epoch: 20, Loss: 10.5049, Rmse_valid: 11.4331, valid_score: 4220.9, , rmse_test: 13.7502, score_test: 395.4, Learning rate:0.00020000
Epoch: 21, Loss: 10.4290, Rmse_valid: 11.2784, valid_score: 3839.0, , rmse_test: 13.3351, score_test: 325.8, Learning rate:0.00002000
Epoch: 22, Loss: 10.4110, Rmse_valid: 11.8270, valid_score: 3872.5, , rmse_test: 13.3390, score_test: 325.6, Learning rate:0.00002000
Epoch: 23, Loss: 10.3959, Rmse_valid: 11.0629, valid_score: 3842.4, , rmse_test: 13.3528, score_test: 325.2, Learning rate:0.00002000
Epoch: 24, Loss: 10.3948, Rmse_valid: 11.1994, valid_score: 3888.3, , rmse_test: 13.3861, score_test: 332.1, Learning rate:0.00002000
Epoch: 25, Loss: 10.4033, Rmse_valid: 11.0796, valid_score: 3850.8, , rmse_test: 13.3420, score_test: 324.5, Learning rate:0.00002000
Epoch: 26, Loss: 10.3873, Rmse_valid: 10.8809, valid_score: 3894.5, , rmse_test: 13.3930, score_test: 328.2, Learning rate:0.00002000
Epoch: 27, Loss: 10.3874, Rmse_valid: 11.3760, valid_score: 3764.6, , rmse_test: 13.3192, score_test: 316.9, Learning rate:0.00002000
Epoch: 28, Loss: 10.3875, Rmse_valid: 11.3618, valid_score: 3793.4, , rmse_test: 13.3300, score_test: 322.6, Learning rate:0.00002000
Epoch: 29, Loss: 10.3781, Rmse_valid: 11.2443, valid_score: 3958.1, , rmse_test: 13.4881, score_test: 345.9, Learning rate:0.00002000
Epoch: 30, Loss: 10.3721, Rmse_valid: 11.1363, valid_score: 3810.0, , rmse_test: 13.3191, score_test: 324.0, Learning rate:0.00002000
[Train Summary] Restored best model from epoch 13, rmse_valid: 10.8262, valid_score: 3792.1, rmse_test: 13.4709, score_test: 310.7
[Train Time] start: 2026-04-25 13:05:24, end: 2026-04-25 13:06:33, duration: 0:01:08, total_seconds: 68.48
[Auto Test] command: /usr/bin/python /CMAPSS-release/scipt/test_model.py --sub-dataset FD001 --smooth-rate 30 --sequence-len 30 --feature-num 14 --dataset-root /CMAPSS-release/CMAPSSData/ --max-rul 125 --batch-size 128 --model-path /CMAPSS-release/logs/FD001_A_AEF_0FF/seed80/model_FD001_0425_130524_seed80.pkl
model_path:/CMAPSS-release/logs/FD001_A_AEF_0FF/seed80/model_FD001_0425_130524_seed80.pkl
rmse_final:13.408952713012695, score:301.5848083496094
