-----FD001-----
关键参数:
序列长度: 30
批大小(batch_size): 128
最大训练轮数(max_epochs): 30
随机数种子: 97
模型代号(model_code): A_g_dropout0.3
模型结构(model_structure): encoderdecoder
消融预设(ablation_preset): A - KNN graph + GAT-LSTM with encoder and decoder (AOF off)
学习率: 0.002
学习率调度器: step
Step步长(step_size): 10
Step衰减系数(gamma): 0.1
空间GAT: 开启
是否使用解码器LSTM: 是
是否使用AOF: 否
Decoder注意力隐层维度: 28
图构建模式(graph_mode): dynamic_knn
GAT层数(num_layers): 2
GAT邻居数(topk): 7
GAT嵌入维度: 8
GAT隐藏层维度: 8
------------------------------
Epoch: 1, Loss: 28.8436, Rmse_valid: 21.5666, valid_score: 30210.5, , rmse_test: 25.6484, score_test: 26135.8, Learning rate:0.00200000
Epoch: 2, Loss: 20.2283, Rmse_valid: 16.6234, valid_score: 8969.5, , rmse_test: 19.8005, score_test: 2485.0, Learning rate:0.00200000
Epoch: 3, Loss: 17.8630, Rmse_valid: 15.1986, valid_score: 6041.2, , rmse_test: 15.4737, score_test: 376.1, Learning rate:0.00200000
Epoch: 4, Loss: 14.4773, Rmse_valid: 12.1336, valid_score: 4583.0, , rmse_test: 13.3347, score_test: 270.3, Learning rate:0.00200000
Epoch: 5, Loss: 12.9724, Rmse_valid: 13.7448, valid_score: 4237.0, , rmse_test: 14.9548, score_test: 279.5, Learning rate:0.00200000
Epoch: 6, Loss: 12.5028, Rmse_valid: 15.3014, valid_score: 9952.3, , rmse_test: 17.9264, score_test: 885.8, Learning rate:0.00200000
Epoch: 7, Loss: 12.0352, Rmse_valid: 13.3480, valid_score: 7755.6, , rmse_test: 15.7970, score_test: 533.8, Learning rate:0.00200000
Epoch: 8, Loss: 11.8711, Rmse_valid: 12.0213, valid_score: 3836.2, , rmse_test: 14.8990, score_test: 297.9, Learning rate:0.00200000
Epoch: 9, Loss: 11.5295, Rmse_valid: 12.1638, valid_score: 3696.3, , rmse_test: 14.5792, score_test: 287.9, Learning rate:0.00200000
Epoch: 10, Loss: 11.3927, Rmse_valid: 15.2503, valid_score: 10683.7, , rmse_test: 17.7624, score_test: 660.4, Learning rate:0.00200000
Epoch: 11, Loss: 10.2756, Rmse_valid: 10.7433, valid_score: 4310.1, , rmse_test: 13.5409, score_test: 313.9, Learning rate:0.00020000
Epoch: 12, Loss: 9.9921, Rmse_valid: 10.8774, valid_score: 4283.4, , rmse_test: 13.5225, score_test: 302.9, Learning rate:0.00020000
Epoch: 13, Loss: 9.9349, Rmse_valid: 10.9835, valid_score: 4684.1, , rmse_test: 13.6997, score_test: 319.3, Learning rate:0.00020000
Epoch: 14, Loss: 9.8680, Rmse_valid: 11.5561, valid_score: 4218.9, , rmse_test: 13.7099, score_test: 333.0, Learning rate:0.00020000
Epoch: 15, Loss: 9.8210, Rmse_valid: 11.1848, valid_score: 4710.4, , rmse_test: 14.0046, score_test: 355.5, Learning rate:0.00020000
Epoch: 16, Loss: 9.7603, Rmse_valid: 11.1626, valid_score: 4239.7, , rmse_test: 13.6059, score_test: 311.4, Learning rate:0.00020000
Epoch: 17, Loss: 9.7337, Rmse_valid: 11.1600, valid_score: 3533.1, , rmse_test: 13.5792, score_test: 294.1, Learning rate:0.00020000
Epoch: 18, Loss: 9.6990, Rmse_valid: 10.8243, valid_score: 3803.9, , rmse_test: 13.5599, score_test: 304.9, Learning rate:0.00020000
Epoch: 19, Loss: 9.6410, Rmse_valid: 10.6229, valid_score: 3859.7, , rmse_test: 13.5268, score_test: 304.0, Learning rate:0.00020000
Epoch: 20, Loss: 9.6328, Rmse_valid: 10.8126, valid_score: 3968.1, , rmse_test: 13.5816, score_test: 308.3, Learning rate:0.00020000
Epoch: 21, Loss: 9.5280, Rmse_valid: 10.9424, valid_score: 3933.5, , rmse_test: 13.6585, score_test: 315.4, Learning rate:0.00002000
Epoch: 22, Loss: 9.5258, Rmse_valid: 10.6565, valid_score: 4067.0, , rmse_test: 13.7261, score_test: 325.3, Learning rate:0.00002000
Epoch: 23, Loss: 9.5267, Rmse_valid: 10.8736, valid_score: 4049.0, , rmse_test: 13.7017, score_test: 321.9, Learning rate:0.00002000
Epoch: 24, Loss: 9.5133, Rmse_valid: 10.7749, valid_score: 4051.7, , rmse_test: 13.7175, score_test: 323.9, Learning rate:0.00002000
Epoch: 25, Loss: 9.5191, Rmse_valid: 10.6642, valid_score: 4120.6, , rmse_test: 13.7564, score_test: 329.7, Learning rate:0.00002000
Epoch: 26, Loss: 9.5072, Rmse_valid: 11.1338, valid_score: 4139.5, , rmse_test: 13.7736, score_test: 331.8, Learning rate:0.00002000
Epoch: 27, Loss: 9.4990, Rmse_valid: 10.7287, valid_score: 3875.1, , rmse_test: 13.6865, score_test: 318.6, Learning rate:0.00002000
Epoch: 28, Loss: 9.4924, Rmse_valid: 10.5780, valid_score: 3987.2, , rmse_test: 13.7188, score_test: 322.9, Learning rate:0.00002000
Epoch: 29, Loss: 9.4972, Rmse_valid: 10.8088, valid_score: 3961.4, , rmse_test: 13.7326, score_test: 323.3, Learning rate:0.00002000
Epoch: 30, Loss: 9.4896, Rmse_valid: 10.9600, valid_score: 3955.9, , rmse_test: 13.7085, score_test: 321.9, Learning rate:0.00002000
[Train Summary] Restored best model from epoch 28, rmse_valid: 10.5780, valid_score: 3987.2, rmse_test: 13.7188, score_test: 322.9
[Train Time] start: 2026-04-24 18:23:28, end: 2026-04-24 18:30:59, duration: 0:07:32, total_seconds: 451.64
[Auto Test] command: /usr/bin/python /CMAPSS-release/scipt/test_model.py --sub-dataset FD001 --smooth-rate 30 --sequence-len 30 --feature-num 14 --dataset-root /CMAPSS-release/CMAPSSData/ --max-rul 125 --batch-size 128 --model-path /CMAPSS-release/logs/FD001_A_g_dropout0.3/seed97/model_FD001_0424_182328_seed97.pkl --no-cuda
model_path:/CMAPSS-release/logs/FD001_A_g_dropout0.3/seed97/model_FD001_0424_182328_seed97.pkl
rmse_final:13.600367546081543, score:309.7930603027344
