-----FD004-----
关键参数:
序列长度: 30
批大小(batch_size): 128
最大训练轮数(max_epochs): 30
随机数种子: 2
模型代号(model_code): FD004_A
模型结构(model_structure): encoderdecoder
消融预设(ablation_preset): A - Path graph + GAT + EncoderDecoder-LSTM with AOF
学习率: 0.002
学习率调度器: step
Step步长(step_size): 10
Step衰减系数(gamma): 0.1
空间GAT: 开启
是否使用解码器LSTM: 是
是否使用AOF: 是
Decoder注意力隐层维度: 28
Decoder融合方式: concat
图构建模式(graph_mode): path
GAT层数(num_layers): 2
GAT邻居数(topk): 7
GAT嵌入维度: 8
GAT隐藏层维度: 8
------------------------------
Epoch: 1, Loss: 25.8624, Rmse_valid: 22.0288, valid_score: 94221.7, , rmse_test: 25.0817, score_test: 10733.5, Learning rate:0.00200000
Epoch: 2, Loss: 21.4770, Rmse_valid: 18.9565, valid_score: 48893.6, , rmse_test: 21.7310, score_test: 4195.6, Learning rate:0.00200000
Epoch: 3, Loss: 19.8549, Rmse_valid: 18.9246, valid_score: 65601.7, , rmse_test: 21.5941, score_test: 4670.3, Learning rate:0.00200000
Epoch: 4, Loss: 19.1449, Rmse_valid: 18.3990, valid_score: 58305.8, , rmse_test: 20.1358, score_test: 5063.0, Learning rate:0.00200000
Epoch: 5, Loss: 18.4798, Rmse_valid: 18.2689, valid_score: 63681.9, , rmse_test: 19.7774, score_test: 4343.4, Learning rate:0.00200000
Epoch: 6, Loss: 17.9502, Rmse_valid: 18.6070, valid_score: 70634.6, , rmse_test: 21.4048, score_test: 8447.9, Learning rate:0.00200000
Epoch: 7, Loss: 17.3255, Rmse_valid: 19.6707, valid_score: 66365.2, , rmse_test: 19.9715, score_test: 3796.6, Learning rate:0.00200000
Epoch: 8, Loss: 17.0661, Rmse_valid: 17.7090, valid_score: 52651.6, , rmse_test: 18.6365, score_test: 2468.8, Learning rate:0.00200000
Epoch: 9, Loss: 16.6577, Rmse_valid: 17.7797, valid_score: 31665.7, , rmse_test: 21.0116, score_test: 3212.0, Learning rate:0.00200000
Epoch: 10, Loss: 16.2771, Rmse_valid: 17.5994, valid_score: 42778.1, , rmse_test: 18.3459, score_test: 2530.6, Learning rate:0.00200000
Epoch: 11, Loss: 14.6449, Rmse_valid: 17.1446, valid_score: 47942.1, , rmse_test: 18.4379, score_test: 2730.6, Learning rate:0.00020000
Epoch: 12, Loss: 14.5153, Rmse_valid: 17.1242, valid_score: 48565.9, , rmse_test: 18.6249, score_test: 2712.1, Learning rate:0.00020000
Epoch: 13, Loss: 14.4070, Rmse_valid: 17.1185, valid_score: 47283.1, , rmse_test: 18.4485, score_test: 2654.7, Learning rate:0.00020000
Epoch: 14, Loss: 14.3458, Rmse_valid: 16.8638, valid_score: 43878.4, , rmse_test: 18.4981, score_test: 2564.3, Learning rate:0.00020000
Epoch: 15, Loss: 14.2771, Rmse_valid: 17.0405, valid_score: 42563.1, , rmse_test: 18.3658, score_test: 2447.5, Learning rate:0.00020000
Epoch: 16, Loss: 14.2133, Rmse_valid: 16.8594, valid_score: 42157.1, , rmse_test: 18.6018, score_test: 2621.3, Learning rate:0.00020000
Epoch: 17, Loss: 14.1633, Rmse_valid: 17.2207, valid_score: 53567.6, , rmse_test: 18.7236, score_test: 2735.0, Learning rate:0.00020000
Epoch: 18, Loss: 14.0934, Rmse_valid: 17.2839, valid_score: 51276.5, , rmse_test: 19.4173, score_test: 3588.0, Learning rate:0.00020000
Epoch: 19, Loss: 14.0370, Rmse_valid: 16.9714, valid_score: 48312.1, , rmse_test: 18.5101, score_test: 2694.4, Learning rate:0.00020000
Epoch: 20, Loss: 13.9967, Rmse_valid: 16.8650, valid_score: 47320.5, , rmse_test: 18.4850, score_test: 2589.5, Learning rate:0.00020000
Epoch: 21, Loss: 13.8552, Rmse_valid: 16.9564, valid_score: 49621.3, , rmse_test: 18.6316, score_test: 2850.8, Learning rate:0.00002000
Epoch: 22, Loss: 13.8390, Rmse_valid: 17.0233, valid_score: 50124.1, , rmse_test: 18.6666, score_test: 2845.6, Learning rate:0.00002000
Epoch: 23, Loss: 13.8344, Rmse_valid: 16.9879, valid_score: 48368.7, , rmse_test: 18.7029, score_test: 2797.2, Learning rate:0.00002000
Epoch: 24, Loss: 13.8262, Rmse_valid: 16.7448, valid_score: 48850.3, , rmse_test: 18.7746, score_test: 2912.2, Learning rate:0.00002000
Epoch: 25, Loss: 13.8221, Rmse_valid: 17.0365, valid_score: 49263.8, , rmse_test: 18.6440, score_test: 2782.8, Learning rate:0.00002000
Epoch: 26, Loss: 13.8153, Rmse_valid: 16.8972, valid_score: 49531.0, , rmse_test: 18.7658, score_test: 2975.7, Learning rate:0.00002000
Epoch: 27, Loss: 13.8114, Rmse_valid: 17.2627, valid_score: 48747.3, , rmse_test: 18.5813, score_test: 2693.9, Learning rate:0.00002000
Epoch: 28, Loss: 13.8027, Rmse_valid: 17.2005, valid_score: 49825.5, , rmse_test: 18.7149, score_test: 2839.3, Learning rate:0.00002000
Epoch: 29, Loss: 13.7971, Rmse_valid: 17.0946, valid_score: 50757.8, , rmse_test: 18.8136, score_test: 2957.3, Learning rate:0.00002000
Epoch: 30, Loss: 13.7908, Rmse_valid: 17.0559, valid_score: 51008.4, , rmse_test: 18.6951, score_test: 2838.1, Learning rate:0.00002000
[Train Summary] Restored best model from epoch 24, rmse_valid: 16.7448, valid_score: 48850.3, rmse_test: 18.7746, score_test: 2912.2
[Train Time] start: 2026-04-20 10:05:15, end: 2026-04-20 10:11:57, duration: 0:06:42, total_seconds: 402.49
[Auto Test] command: /usr/bin/python /CMAPSS-release/scipt/test_model.py --sub-dataset FD004 --smooth-rate 40 --sequence-len 30 --feature-num 14 --dataset-root /CMAPSS-release/CMAPSSData/ --max-rul 125 --batch-size 128 --model-path /CMAPSS-release/logs/FD004_FD004_A/seed2/model_FD004_0420_100515_seed2.pkl
model_path:/CMAPSS-release/logs/FD004_FD004_A/seed2/model_FD004_0420_100515_seed2.pkl
rmse_final:18.694164276123047, score:2772.44482421875
