-----FD001-----
关键参数:
序列长度: 30
批大小(batch_size): 128
最大训练轮数(max_epochs): 30
随机数种子: 27
模型代号(model_code): FD001_C
模型结构(model_structure): encoderdecoder
消融预设(ablation_preset): C - Path graph + GAT + Encoder-only LSTM (no decoder, no AOF)
学习率: 0.002
学习率调度器: step
Step步长(step_size): 10
Step衰减系数(gamma): 0.1
空间GAT: 开启
是否使用解码器LSTM: 否
是否使用AOF: 否
图构建模式(graph_mode): path
GAT层数(num_layers): 2
GAT邻居数(topk): 7
GAT嵌入维度: 8
GAT隐藏层维度: 8
------------------------------
Epoch: 1, Loss: 28.9755, Rmse_valid: 20.9427, valid_score: 12909.5, , rmse_test: 22.8965, score_test: 10361.4, Learning rate:0.00200000
Epoch: 2, Loss: 20.0795, Rmse_valid: 17.9802, valid_score: 12160.5, , rmse_test: 22.4327, score_test: 7561.4, Learning rate:0.00200000
Epoch: 3, Loss: 18.0439, Rmse_valid: 15.0707, valid_score: 7106.0, , rmse_test: 17.5311, score_test: 532.6, Learning rate:0.00200000
Epoch: 4, Loss: 15.6311, Rmse_valid: 14.3839, valid_score: 4846.6, , rmse_test: 17.0739, score_test: 410.3, Learning rate:0.00200000
Epoch: 5, Loss: 14.3212, Rmse_valid: 15.8824, valid_score: 12214.4, , rmse_test: 18.5677, score_test: 634.7, Learning rate:0.00200000
Epoch: 6, Loss: 13.4722, Rmse_valid: 17.8497, valid_score: 18726.1, , rmse_test: 19.8497, score_test: 1506.1, Learning rate:0.00200000
Epoch: 7, Loss: 12.7286, Rmse_valid: 13.5986, valid_score: 6323.3, , rmse_test: 16.2235, score_test: 568.1, Learning rate:0.00200000
Epoch: 8, Loss: 12.4521, Rmse_valid: 17.5209, valid_score: 7696.3, , rmse_test: 18.0785, score_test: 507.7, Learning rate:0.00200000
Epoch: 9, Loss: 12.1729, Rmse_valid: 15.2914, valid_score: 13578.9, , rmse_test: 17.4496, score_test: 729.5, Learning rate:0.00200000
Epoch: 10, Loss: 11.9642, Rmse_valid: 14.1711, valid_score: 10989.6, , rmse_test: 16.3250, score_test: 476.2, Learning rate:0.00200000
Epoch: 11, Loss: 10.0321, Rmse_valid: 12.0764, valid_score: 8581.4, , rmse_test: 15.4253, score_test: 465.9, Learning rate:0.00020000
Epoch: 12, Loss: 9.7462, Rmse_valid: 12.7875, valid_score: 8094.6, , rmse_test: 15.3826, score_test: 489.4, Learning rate:0.00020000
Epoch: 13, Loss: 9.6471, Rmse_valid: 12.3662, valid_score: 8586.2, , rmse_test: 15.3123, score_test: 470.5, Learning rate:0.00020000
Epoch: 14, Loss: 9.5368, Rmse_valid: 12.2134, valid_score: 8393.1, , rmse_test: 15.0586, score_test: 432.8, Learning rate:0.00020000
Epoch: 15, Loss: 9.4654, Rmse_valid: 12.0840, valid_score: 7822.9, , rmse_test: 15.2669, score_test: 432.3, Learning rate:0.00020000
Epoch: 16, Loss: 9.3889, Rmse_valid: 11.6034, valid_score: 7477.5, , rmse_test: 15.2121, score_test: 447.7, Learning rate:0.00020000
Epoch: 17, Loss: 9.3384, Rmse_valid: 12.6624, valid_score: 8085.3, , rmse_test: 15.0913, score_test: 449.8, Learning rate:0.00020000
Epoch: 18, Loss: 9.2743, Rmse_valid: 12.4478, valid_score: 8670.6, , rmse_test: 15.4441, score_test: 426.2, Learning rate:0.00020000
Epoch: 19, Loss: 9.2295, Rmse_valid: 12.5460, valid_score: 9454.7, , rmse_test: 15.4549, score_test: 477.8, Learning rate:0.00020000
Epoch: 20, Loss: 9.1613, Rmse_valid: 12.1572, valid_score: 7683.5, , rmse_test: 15.3496, score_test: 416.2, Learning rate:0.00020000
Epoch: 21, Loss: 9.0491, Rmse_valid: 12.2522, valid_score: 7890.9, , rmse_test: 15.1343, score_test: 426.7, Learning rate:0.00002000
Epoch: 22, Loss: 9.0150, Rmse_valid: 12.6436, valid_score: 8104.2, , rmse_test: 15.0979, score_test: 429.8, Learning rate:0.00002000
Epoch: 23, Loss: 9.0170, Rmse_valid: 12.3169, valid_score: 8055.7, , rmse_test: 15.1521, score_test: 430.6, Learning rate:0.00002000
Epoch: 24, Loss: 9.0138, Rmse_valid: 11.9598, valid_score: 7894.2, , rmse_test: 15.1440, score_test: 428.3, Learning rate:0.00002000
Epoch: 25, Loss: 9.0065, Rmse_valid: 12.0331, valid_score: 7985.1, , rmse_test: 15.1414, score_test: 427.6, Learning rate:0.00002000
Epoch: 26, Loss: 8.9975, Rmse_valid: 12.2476, valid_score: 7863.4, , rmse_test: 15.1517, score_test: 414.5, Learning rate:0.00002000
Epoch: 27, Loss: 8.9966, Rmse_valid: 12.0362, valid_score: 7714.7, , rmse_test: 15.1660, score_test: 419.6, Learning rate:0.00002000
Epoch: 28, Loss: 8.9872, Rmse_valid: 12.0473, valid_score: 7890.7, , rmse_test: 15.1301, score_test: 425.0, Learning rate:0.00002000
Epoch: 29, Loss: 8.9784, Rmse_valid: 12.3388, valid_score: 7864.4, , rmse_test: 15.1680, score_test: 425.1, Learning rate:0.00002000
Epoch: 30, Loss: 8.9842, Rmse_valid: 12.1415, valid_score: 7866.2, , rmse_test: 15.1693, score_test: 427.0, Learning rate:0.00002000
[Train Summary] Restored best model from epoch 16, rmse_valid: 11.6034, valid_score: 7477.5, rmse_test: 15.2121, score_test: 447.7
[Train Time] start: 2026-04-20 01:12:20, end: 2026-04-20 01:14:16, duration: 0:01:56, total_seconds: 116.03
[Auto Test] command: /usr/bin/python /CMAPSS-release/scipt/test_model.py --sub-dataset FD001 --smooth-rate 40 --sequence-len 30 --feature-num 14 --dataset-root /CMAPSS-release/CMAPSSData/ --max-rul 125 --batch-size 128 --model-path /CMAPSS-release/logs/FD001_FD001_C/seed27/model_FD001_0420_011220_seed27.pkl
model_path:/CMAPSS-release/logs/FD001_FD001_C/seed27/model_FD001_0420_011220_seed27.pkl
rmse_final:15.137041091918945, score:437.51708984375
