-----FD003-----
关键参数:
序列长度: 30
批大小(batch_size): 128
最大训练轮数(max_epochs): 30
随机数种子: 2
模型代号(model_code): mamba_ED3kgat
模型结构(model_structure): MambaED3KGATRegressor
学习率: 0.002
学习率调度器: step
Step步长(step_size): 10
Step衰减系数(gamma): 0.1
编码器: Mamba + LSTM + GAT
Mamba层数: 2
encoder_hidden_size: 8
mamba_d_state: 16
decoder_attention_size: 28
------------------------------
Epoch: 1, Loss: 35.4538, Rmse_valid: 21.6820, valid_score: 39565.6, , rmse_test: 27.5109, score_test: 17340.6, Learning rate:0.00200000
Epoch: 2, Loss: 23.6785, Rmse_valid: 18.8265, valid_score: 29551.6, , rmse_test: 24.7209, score_test: 3608.0, Learning rate:0.00200000
Epoch: 3, Loss: 20.5808, Rmse_valid: 13.8187, valid_score: 13635.5, , rmse_test: 21.0689, score_test: 2218.5, Learning rate:0.00200000
Epoch: 4, Loss: 18.1017, Rmse_valid: 11.1823, valid_score: 6859.4, , rmse_test: 16.8056, score_test: 1140.8, Learning rate:0.00200000
Epoch: 5, Loss: 16.2730, Rmse_valid: 10.7392, valid_score: 7743.9, , rmse_test: 18.2957, score_test: 1836.3, Learning rate:0.00200000
Epoch: 6, Loss: 15.1215, Rmse_valid: 11.5312, valid_score: 5336.9, , rmse_test: 17.2418, score_test: 1083.5, Learning rate:0.00200000
Epoch: 7, Loss: 14.3410, Rmse_valid: 14.4784, valid_score: 9343.6, , rmse_test: 17.6335, score_test: 1125.9, Learning rate:0.00200000
Epoch: 8, Loss: 13.5553, Rmse_valid: 11.6107, valid_score: 8797.0, , rmse_test: 19.0630, score_test: 1557.7, Learning rate:0.00200000
Epoch: 9, Loss: 12.8881, Rmse_valid: 11.0049, valid_score: 5769.0, , rmse_test: 16.2286, score_test: 1517.0, Learning rate:0.00200000
Epoch: 10, Loss: 12.4567, Rmse_valid: 10.4926, valid_score: 7463.8, , rmse_test: 16.2503, score_test: 1202.3, Learning rate:0.00200000
Epoch: 11, Loss: 11.1334, Rmse_valid: 10.2213, valid_score: 6199.4, , rmse_test: 15.5613, score_test: 1030.4, Learning rate:0.00020000
Epoch: 12, Loss: 10.9062, Rmse_valid: 10.3114, valid_score: 6164.5, , rmse_test: 15.5455, score_test: 932.3, Learning rate:0.00020000
Epoch: 13, Loss: 10.8213, Rmse_valid: 10.7948, valid_score: 6547.0, , rmse_test: 15.1111, score_test: 844.3, Learning rate:0.00020000
Epoch: 14, Loss: 10.7591, Rmse_valid: 10.3934, valid_score: 6518.5, , rmse_test: 15.5352, score_test: 923.7, Learning rate:0.00020000
Epoch: 15, Loss: 10.6463, Rmse_valid: 10.6809, valid_score: 6704.7, , rmse_test: 15.0933, score_test: 746.8, Learning rate:0.00020000
Epoch: 16, Loss: 10.5727, Rmse_valid: 10.2241, valid_score: 6731.4, , rmse_test: 15.3357, score_test: 867.2, Learning rate:0.00020000
Epoch: 17, Loss: 10.5959, Rmse_valid: 9.9648, valid_score: 6149.6, , rmse_test: 15.5136, score_test: 1060.5, Learning rate:0.00020000
Epoch: 18, Loss: 10.4174, Rmse_valid: 10.6111, valid_score: 6482.2, , rmse_test: 14.9286, score_test: 735.3, Learning rate:0.00020000
Epoch: 19, Loss: 10.4204, Rmse_valid: 10.2482, valid_score: 5939.9, , rmse_test: 15.2285, score_test: 957.5, Learning rate:0.00020000
Epoch: 20, Loss: 10.3895, Rmse_valid: 10.2878, valid_score: 6368.1, , rmse_test: 14.9644, score_test: 830.6, Learning rate:0.00020000
Epoch: 21, Loss: 10.2745, Rmse_valid: 10.2052, valid_score: 6151.6, , rmse_test: 14.9963, score_test: 866.1, Learning rate:0.00002000
Epoch: 22, Loss: 10.1516, Rmse_valid: 10.2988, valid_score: 6357.3, , rmse_test: 15.1030, score_test: 877.2, Learning rate:0.00002000
Epoch: 23, Loss: 10.2115, Rmse_valid: 10.1391, valid_score: 6062.4, , rmse_test: 15.0723, score_test: 904.0, Learning rate:0.00002000
Epoch: 24, Loss: 10.2616, Rmse_valid: 10.3759, valid_score: 6357.8, , rmse_test: 15.0983, score_test: 897.5, Learning rate:0.00002000
Epoch: 25, Loss: 10.1567, Rmse_valid: 10.1702, valid_score: 6190.6, , rmse_test: 14.9892, score_test: 835.9, Learning rate:0.00002000
Epoch: 26, Loss: 10.2687, Rmse_valid: 10.2532, valid_score: 6127.6, , rmse_test: 15.0401, score_test: 891.3, Learning rate:0.00002000
Epoch: 27, Loss: 10.2268, Rmse_valid: 10.3253, valid_score: 6256.8, , rmse_test: 15.0707, score_test: 863.6, Learning rate:0.00002000
Epoch: 28, Loss: 10.2322, Rmse_valid: 10.2512, valid_score: 6149.0, , rmse_test: 15.0737, score_test: 898.8, Learning rate:0.00002000
Epoch: 29, Loss: 10.1507, Rmse_valid: 10.2621, valid_score: 6143.6, , rmse_test: 15.1053, score_test: 932.9, Learning rate:0.00002000
Epoch: 30, Loss: 10.2083, Rmse_valid: 10.2072, valid_score: 6328.5, , rmse_test: 15.1684, score_test: 914.6, Learning rate:0.00002000
[Train Summary] Restored best model from epoch 17, rmse_valid: 9.9648, valid_score: 6149.6, rmse_test: 15.5136, score_test: 1060.5
[Train Time] start: 2026-07-02 13:01:16, end: 2026-07-02 13:06:18, duration: 0:05:03, total_seconds: 302.56
[Auto Test] command: /usr/local/miniconda3/envs/HV/bin/python /Mamba_Rul/scipt/test_model.py --sub-dataset FD003 --smooth-rate 30 --sequence-len 30 --feature-num 14 --dataset-root /Mamba_Rul/CMAPSSData/ --max-rul 125 --batch-size 128 --model-path /Mamba_Rul/logs/FD003_mamba_ED3kgat/seed2/model_FD003_0702_130116_seed2.pkl
[Auto Test][ERROR] return_code=1
Traceback (most recent call last):
  File "/Mamba_Rul/scipt/test_model.py", line 194, in <module>
    model = torch.load(model_path, map_location=device)
  File "/usr/local/miniconda3/envs/HV/lib/python3.8/site-packages/torch/serialization.py", line 789, in load
    return _load(opened_zipfile, map_location, pickle_module, **pickle_load_args)
  File "/usr/local/miniconda3/envs/HV/lib/python3.8/site-packages/torch/serialization.py", line 1131, in _load
    result = unpickler.load()
  File "/usr/local/miniconda3/envs/HV/lib/python3.8/site-packages/torch/serialization.py", line 1124, in find_class
    return super().find_class(mod_name, name)
ModuleNotFoundError: No module named 'mamba_ED3kgat_parallel'
