-----FD001-----
关键参数:
序列长度: 30
批大小(batch_size): 128
最大训练轮数(max_epochs): 30
随机数种子: 27
模型代号(model_code): FD001_F
模型结构(model_structure): encoderdecoder
消融预设(ablation_preset): F - KNN graph + GAT + EncoderDecoder-LSTM without AOF
学习率: 0.002
学习率调度器: step
Step步长(step_size): 10
Step衰减系数(gamma): 0.1
空间GAT: 开启
是否使用解码器LSTM: 是
是否使用AOF: 否
Decoder注意力隐层维度: 28
图构建模式(graph_mode): dynamic_knn
GAT层数(num_layers): 2
GAT邻居数(topk): 7
GAT嵌入维度: 8
GAT隐藏层维度: 8
------------------------------
Epoch: 1, Loss: 24.9461, Rmse_valid: 22.6645, valid_score: 19673.4, , rmse_test: 23.7532, score_test: 15220.7, Learning rate:0.00200000
Epoch: 2, Loss: 20.6859, Rmse_valid: 18.9015, valid_score: 11748.1, , rmse_test: 20.8245, score_test: 2582.9, Learning rate:0.00200000
Epoch: 3, Loss: 16.1543, Rmse_valid: 15.2770, valid_score: 9403.9, , rmse_test: 17.5756, score_test: 653.9, Learning rate:0.00200000
Epoch: 4, Loss: 13.1646, Rmse_valid: 13.4622, valid_score: 4994.5, , rmse_test: 15.2772, score_test: 337.0, Learning rate:0.00200000
Epoch: 5, Loss: 12.2169, Rmse_valid: 14.9436, valid_score: 11444.1, , rmse_test: 19.3682, score_test: 1677.7, Learning rate:0.00200000
Epoch: 6, Loss: 11.9170, Rmse_valid: 11.7477, valid_score: 3903.5, , rmse_test: 13.6902, score_test: 385.7, Learning rate:0.00200000
Epoch: 7, Loss: 11.5136, Rmse_valid: 11.4412, valid_score: 4415.3, , rmse_test: 13.8589, score_test: 389.8, Learning rate:0.00200000
Epoch: 8, Loss: 11.2741, Rmse_valid: 12.3968, valid_score: 6058.6, , rmse_test: 14.7526, score_test: 494.6, Learning rate:0.00200000
Epoch: 9, Loss: 11.0757, Rmse_valid: 14.0895, valid_score: 7067.5, , rmse_test: 16.8318, score_test: 587.0, Learning rate:0.00200000
Epoch: 10, Loss: 10.7091, Rmse_valid: 12.7319, valid_score: 5728.1, , rmse_test: 14.9600, score_test: 416.1, Learning rate:0.00200000
Epoch: 11, Loss: 9.5574, Rmse_valid: 10.8775, valid_score: 3771.4, , rmse_test: 13.9406, score_test: 348.2, Learning rate:0.00020000
Epoch: 12, Loss: 9.4399, Rmse_valid: 11.1531, valid_score: 4079.1, , rmse_test: 14.0152, score_test: 367.9, Learning rate:0.00020000
Epoch: 13, Loss: 9.3914, Rmse_valid: 11.1222, valid_score: 3657.2, , rmse_test: 13.7986, score_test: 297.7, Learning rate:0.00020000
Epoch: 14, Loss: 9.3103, Rmse_valid: 11.3420, valid_score: 4167.2, , rmse_test: 13.9852, score_test: 334.8, Learning rate:0.00020000
Epoch: 15, Loss: 9.2377, Rmse_valid: 11.3850, valid_score: 4139.1, , rmse_test: 14.1737, score_test: 379.3, Learning rate:0.00020000
Epoch: 16, Loss: 9.1937, Rmse_valid: 11.1190, valid_score: 3908.4, , rmse_test: 13.9873, score_test: 319.7, Learning rate:0.00020000
Epoch: 17, Loss: 9.1417, Rmse_valid: 11.5461, valid_score: 4215.9, , rmse_test: 14.1503, score_test: 333.2, Learning rate:0.00020000
Epoch: 18, Loss: 9.0772, Rmse_valid: 11.0875, valid_score: 4116.2, , rmse_test: 14.2547, score_test: 356.8, Learning rate:0.00020000
Epoch: 19, Loss: 9.0451, Rmse_valid: 11.3537, valid_score: 4071.5, , rmse_test: 14.0860, score_test: 335.4, Learning rate:0.00020000
Epoch: 20, Loss: 8.9917, Rmse_valid: 11.5526, valid_score: 4033.7, , rmse_test: 14.3078, score_test: 366.1, Learning rate:0.00020000
Epoch: 21, Loss: 8.8958, Rmse_valid: 11.2928, valid_score: 4158.2, , rmse_test: 14.2315, score_test: 348.3, Learning rate:0.00002000
Epoch: 22, Loss: 8.8783, Rmse_valid: 11.3885, valid_score: 4151.3, , rmse_test: 14.2293, score_test: 350.2, Learning rate:0.00002000
Epoch: 23, Loss: 8.8769, Rmse_valid: 11.4316, valid_score: 4085.5, , rmse_test: 14.2004, score_test: 341.3, Learning rate:0.00002000
Epoch: 24, Loss: 8.8641, Rmse_valid: 11.6645, valid_score: 4172.0, , rmse_test: 14.2294, score_test: 345.7, Learning rate:0.00002000
Epoch: 25, Loss: 8.8602, Rmse_valid: 11.2393, valid_score: 4065.0, , rmse_test: 14.2092, score_test: 339.4, Learning rate:0.00002000
Epoch: 26, Loss: 8.8603, Rmse_valid: 11.7391, valid_score: 4125.7, , rmse_test: 14.2140, score_test: 344.1, Learning rate:0.00002000
Epoch: 27, Loss: 8.8545, Rmse_valid: 11.7044, valid_score: 4177.4, , rmse_test: 14.2442, score_test: 350.5, Learning rate:0.00002000
Epoch: 28, Loss: 8.8524, Rmse_valid: 11.4013, valid_score: 4096.6, , rmse_test: 14.2240, score_test: 344.1, Learning rate:0.00002000
Epoch: 29, Loss: 8.8531, Rmse_valid: 11.7648, valid_score: 4168.4, , rmse_test: 14.2588, score_test: 348.2, Learning rate:0.00002000
Epoch: 30, Loss: 8.8411, Rmse_valid: 11.1294, valid_score: 4185.9, , rmse_test: 14.2671, score_test: 350.6, Learning rate:0.00002000
[Train Summary] Restored best model from epoch 11, rmse_valid: 10.8775, valid_score: 3771.4, rmse_test: 13.9406, score_test: 348.2
[Train Time] start: 2026-04-20 23:42:33, end: 2026-04-20 23:44:47, duration: 0:02:14, total_seconds: 134.34
[Auto Test] command: /usr/bin/python /CMAPSS-release/scipt/test_model.py --sub-dataset FD001 --smooth-rate 40 --sequence-len 30 --feature-num 14 --dataset-root /CMAPSS-release/CMAPSSData/ --max-rul 125 --batch-size 128 --model-path /CMAPSS-release/logs/FD001_FD001_F/seed27/model_FD001_0420_234233_seed27.pkl
model_path:/CMAPSS-release/logs/FD001_FD001_F/seed27/model_FD001_0420_234233_seed27.pkl
rmse_final:13.892443656921387, score:337.098876953125
