-----FD002-----
关键参数1:
序列长度: 30
批大小(batch_size): 128
最大训练轮数(max_epochs): 30
随机数种子: 62
模型代号(model_code): MBdecoder
模型结构(model_structure): lstm_mamba_attention
学习率: 0.002
学习率调度器: step
Step步长(step_size): 10
Step衰减系数(gamma): 0.1
编码器: LSTM
编码器后处理: 2层Mamba block
encoder_hidden_size: 8
mamba_num_layers: 2
mamba_d_state: 16
decoder_attention_size: 28
------------------------------
Epoch: 1, Loss: 31.0452, Rmse_valid: 26.9578, valid_score: 144795.9, , rmse_test: 27.2166, score_test: 9541.3, Learning rate:0.00200000
Epoch: 2, Loss: 25.6028, Rmse_valid: 23.3776, valid_score: 116304.2, , rmse_test: 23.1086, score_test: 6658.6, Learning rate:0.00200000
Epoch: 3, Loss: 23.2111, Rmse_valid: 21.6375, valid_score: 137958.3, , rmse_test: 20.2892, score_test: 4874.7, Learning rate:0.00200000
Epoch: 4, Loss: 21.1691, Rmse_valid: 21.0799, valid_score: 125003.0, , rmse_test: 19.4083, score_test: 3646.6, Learning rate:0.00200000
Epoch: 5, Loss: 20.0201, Rmse_valid: 19.0101, valid_score: 71112.5, , rmse_test: 16.9159, score_test: 1751.9, Learning rate:0.00200000
Epoch: 6, Loss: 19.2608, Rmse_valid: 20.6722, valid_score: 73129.7, , rmse_test: 18.2577, score_test: 1913.8, Learning rate:0.00200000
Epoch: 7, Loss: 18.6375, Rmse_valid: 18.3444, valid_score: 49690.9, , rmse_test: 16.2068, score_test: 1158.2, Learning rate:0.00200000
Epoch: 8, Loss: 18.1102, Rmse_valid: 17.6409, valid_score: 75064.7, , rmse_test: 15.3724, score_test: 1349.5, Learning rate:0.00200000
Epoch: 9, Loss: 17.7251, Rmse_valid: 17.8006, valid_score: 37537.8, , rmse_test: 15.4087, score_test: 1023.1, Learning rate:0.00200000
Epoch: 10, Loss: 17.2779, Rmse_valid: 17.9166, valid_score: 53471.8, , rmse_test: 15.8250, score_test: 1558.2, Learning rate:0.00200000
Epoch: 11, Loss: 15.1027, Rmse_valid: 16.8132, valid_score: 54413.1, , rmse_test: 14.6907, score_test: 1319.0, Learning rate:0.00020000
Epoch: 12, Loss: 14.8624, Rmse_valid: 16.5266, valid_score: 52542.0, , rmse_test: 14.3424, score_test: 1163.4, Learning rate:0.00020000
Epoch: 13, Loss: 14.7404, Rmse_valid: 16.0428, valid_score: 41249.2, , rmse_test: 14.0865, score_test: 1084.7, Learning rate:0.00020000
Epoch: 14, Loss: 14.6496, Rmse_valid: 16.2829, valid_score: 51294.2, , rmse_test: 14.3598, score_test: 1298.9, Learning rate:0.00020000
Epoch: 15, Loss: 14.5730, Rmse_valid: 16.8163, valid_score: 44233.7, , rmse_test: 14.1605, score_test: 939.1, Learning rate:0.00020000
Epoch: 16, Loss: 14.5369, Rmse_valid: 16.4017, valid_score: 50691.4, , rmse_test: 14.0461, score_test: 1132.8, Learning rate:0.00020000
Epoch: 17, Loss: 14.4790, Rmse_valid: 15.9777, valid_score: 43728.9, , rmse_test: 13.9731, score_test: 1169.2, Learning rate:0.00020000
Epoch: 18, Loss: 14.4031, Rmse_valid: 16.2751, valid_score: 47999.1, , rmse_test: 14.0741, score_test: 1111.2, Learning rate:0.00020000
Epoch: 19, Loss: 14.3964, Rmse_valid: 16.2280, valid_score: 51569.7, , rmse_test: 14.4767, score_test: 1390.6, Learning rate:0.00020000
Epoch: 20, Loss: 14.3172, Rmse_valid: 16.5134, valid_score: 41735.1, , rmse_test: 14.0476, score_test: 983.9, Learning rate:0.00020000
Epoch: 21, Loss: 14.1724, Rmse_valid: 16.0653, valid_score: 43634.0, , rmse_test: 13.8569, score_test: 1084.3, Learning rate:0.00002000
Epoch: 22, Loss: 14.1681, Rmse_valid: 16.1724, valid_score: 42551.6, , rmse_test: 13.8515, score_test: 1082.7, Learning rate:0.00002000
Epoch: 23, Loss: 14.1581, Rmse_valid: 15.9172, valid_score: 42666.8, , rmse_test: 13.8915, score_test: 1101.9, Learning rate:0.00002000
Epoch: 24, Loss: 14.1378, Rmse_valid: 15.9609, valid_score: 42126.8, , rmse_test: 13.8321, score_test: 1089.6, Learning rate:0.00002000
Epoch: 25, Loss: 14.1494, Rmse_valid: 15.8981, valid_score: 44290.4, , rmse_test: 13.8680, score_test: 1108.7, Learning rate:0.00002000
Epoch: 26, Loss: 14.1400, Rmse_valid: 15.9157, valid_score: 41640.2, , rmse_test: 13.8450, score_test: 1087.2, Learning rate:0.00002000
Epoch: 27, Loss: 14.1291, Rmse_valid: 15.9730, valid_score: 42743.2, , rmse_test: 13.8901, score_test: 1115.3, Learning rate:0.00002000
Epoch: 28, Loss: 14.1162, Rmse_valid: 16.0038, valid_score: 40794.2, , rmse_test: 13.8190, score_test: 1058.8, Learning rate:0.00002000
Epoch: 29, Loss: 14.1257, Rmse_valid: 15.8330, valid_score: 41297.3, , rmse_test: 13.8493, score_test: 1055.8, Learning rate:0.00002000
Epoch: 30, Loss: 14.1087, Rmse_valid: 15.9315, valid_score: 42060.4, , rmse_test: 13.9082, score_test: 1102.9, Learning rate:0.00002000
[Train Summary] Restored best model from epoch 29, rmse_valid: 15.8330, valid_score: 41297.3, rmse_test: 13.8493, score_test: 1055.8
[Train Time] start: 2026-07-03 05:50:09, end: 2026-07-03 05:52:35, duration: 0:02:26, total_seconds: 145.56
[Auto Test] command: /usr/local/miniconda3/envs/HV/bin/python /Mamba_Rul/test_GAT_encoderaef_decodermamba/test_model.py --sub-dataset FD002 --smooth-rate 40 --sequence-len 30 --feature-num 14 --dataset-root /Mamba_Rul/CMAPSSData/ --max-rul 125 --batch-size 128 --model-path /Mamba_Rul/logs/FD002_MBdecoder/seed62/model_FD002_0703_055009_seed62.pkl
model_path:/Mamba_Rul/logs/FD002_MBdecoder/seed62/model_FD002_0703_055009_seed62.pkl
rmse_final:13.792309761047363, score:1022.8414306640625
