-----FD001-----
关键参数:
序列长度: 40
批大小(batch_size): 128
最大训练轮数(max_epochs): 30
随机数种子: 30
模型代号(model_code): GAT_EDmamba+40
模型结构(model_structure): mamba_mamba
学习率: 0.002
学习率调度器: step
Step步长(step_size): 10
Step衰减系数(gamma): 0.1
use_gat: True
gat_hidden_dim: 8
编码器: 2层Mamba
解码器: 2层Mamba
encoder_hidden_size: 16
mamba_num_layers: 2
mamba_d_state: 16
------------------------------
Epoch: 1, Loss: 26.9730, Rmse_valid: 20.9228, valid_score: 10555.3, , rmse_test: 18.6898, score_test: 514.2, Learning rate:0.00200000
Epoch: 2, Loss: 17.8762, Rmse_valid: 17.3762, valid_score: 12576.7, , rmse_test: 18.1290, score_test: 730.3, Learning rate:0.00200000
Epoch: 3, Loss: 15.4507, Rmse_valid: 14.9795, valid_score: 5321.8, , rmse_test: 15.5064, score_test: 364.2, Learning rate:0.00200000
Epoch: 4, Loss: 14.2007, Rmse_valid: 14.9911, valid_score: 6272.6, , rmse_test: 16.4659, score_test: 593.6, Learning rate:0.00200000
Epoch: 5, Loss: 13.6482, Rmse_valid: 12.4502, valid_score: 3750.7, , rmse_test: 15.4173, score_test: 363.2, Learning rate:0.00200000
Epoch: 6, Loss: 12.5706, Rmse_valid: 11.3572, valid_score: 2963.0, , rmse_test: 16.0167, score_test: 488.1, Learning rate:0.00200000
Epoch: 7, Loss: 11.8807, Rmse_valid: 14.4443, valid_score: 4513.4, , rmse_test: 16.6121, score_test: 391.9, Learning rate:0.00200000
Epoch: 8, Loss: 11.9703, Rmse_valid: 12.5868, valid_score: 4293.2, , rmse_test: 14.8238, score_test: 361.5, Learning rate:0.00200000
Epoch: 9, Loss: 11.2137, Rmse_valid: 14.2273, valid_score: 7442.3, , rmse_test: 16.1327, score_test: 527.5, Learning rate:0.00200000
Epoch: 10, Loss: 10.9959, Rmse_valid: 13.5176, valid_score: 5859.4, , rmse_test: 15.3177, score_test: 405.7, Learning rate:0.00200000
Epoch: 11, Loss: 9.0923, Rmse_valid: 12.9329, valid_score: 5546.4, , rmse_test: 14.8891, score_test: 392.3, Learning rate:0.00020000
Epoch: 12, Loss: 8.9070, Rmse_valid: 13.0853, valid_score: 5541.4, , rmse_test: 15.2091, score_test: 411.0, Learning rate:0.00020000
Epoch: 13, Loss: 8.8383, Rmse_valid: 12.9914, valid_score: 5317.7, , rmse_test: 15.4911, score_test: 437.4, Learning rate:0.00020000
Epoch: 14, Loss: 8.7242, Rmse_valid: 13.5839, valid_score: 6332.7, , rmse_test: 15.3481, score_test: 435.2, Learning rate:0.00020000
Epoch: 15, Loss: 8.6424, Rmse_valid: 13.5288, valid_score: 7047.7, , rmse_test: 15.2795, score_test: 430.1, Learning rate:0.00020000
Epoch: 16, Loss: 8.5692, Rmse_valid: 14.2325, valid_score: 7484.4, , rmse_test: 15.8440, score_test: 483.9, Learning rate:0.00020000
Epoch: 17, Loss: 8.4897, Rmse_valid: 14.2827, valid_score: 7225.4, , rmse_test: 15.7602, score_test: 462.3, Learning rate:0.00020000
Epoch: 18, Loss: 8.3980, Rmse_valid: 13.9127, valid_score: 7076.7, , rmse_test: 15.7512, score_test: 464.4, Learning rate:0.00020000
Epoch: 19, Loss: 8.3544, Rmse_valid: 14.1367, valid_score: 7358.8, , rmse_test: 15.5238, score_test: 435.2, Learning rate:0.00020000
Epoch: 20, Loss: 8.3012, Rmse_valid: 14.0153, valid_score: 6510.1, , rmse_test: 15.4942, score_test: 419.1, Learning rate:0.00020000
Epoch: 21, Loss: 8.1774, Rmse_valid: 14.1129, valid_score: 7684.6, , rmse_test: 15.5234, score_test: 439.4, Learning rate:0.00002000
Epoch: 22, Loss: 8.1200, Rmse_valid: 13.9992, valid_score: 7966.3, , rmse_test: 15.5752, score_test: 443.6, Learning rate:0.00002000
Epoch: 23, Loss: 8.1407, Rmse_valid: 14.2496, valid_score: 8212.8, , rmse_test: 15.6235, score_test: 449.4, Learning rate:0.00002000
Epoch: 24, Loss: 8.1016, Rmse_valid: 14.2259, valid_score: 7823.3, , rmse_test: 15.5903, score_test: 444.8, Learning rate:0.00002000
Epoch: 25, Loss: 8.1353, Rmse_valid: 14.1670, valid_score: 7800.8, , rmse_test: 15.5724, score_test: 445.2, Learning rate:0.00002000
Epoch: 26, Loss: 8.1203, Rmse_valid: 14.1748, valid_score: 8153.8, , rmse_test: 15.5488, score_test: 441.9, Learning rate:0.00002000
Epoch: 27, Loss: 8.0995, Rmse_valid: 14.4360, valid_score: 8266.0, , rmse_test: 15.6495, score_test: 448.1, Learning rate:0.00002000
Epoch: 28, Loss: 8.0920, Rmse_valid: 14.1348, valid_score: 8314.7, , rmse_test: 15.6446, score_test: 455.4, Learning rate:0.00002000
Epoch: 29, Loss: 8.0655, Rmse_valid: 14.5175, valid_score: 8570.2, , rmse_test: 15.7161, score_test: 460.1, Learning rate:0.00002000
Epoch: 30, Loss: 8.0670, Rmse_valid: 14.0061, valid_score: 8265.0, , rmse_test: 15.6372, score_test: 452.8, Learning rate:0.00002000
[Train Summary] Restored best model from epoch 6, rmse_valid: 11.3572, valid_score: 2963.0, rmse_test: 16.0167, score_test: 488.1
[Train Time] start: 2026-07-22 09:27:52, end: 2026-07-22 09:31:25, duration: 0:03:33, total_seconds: 213.16
[Auto Test] command: /usr/local/miniconda3/envs/HV/bin/python /Mamba_Rul/test_GAT_EDmamba/test_model.py --sub-dataset FD001 --smooth-rate 30 --sequence-len 40 --feature-num 14 --dataset-root /Mamba_Rul/CMAPSSData/ --max-rul 125 --batch-size 128 --model-path /Mamba_Rul/logs/FD001_GAT_EDmamba+40/seed30/model_FD001_0722_092752_seed30.pkl
model_path:/Mamba_Rul/logs/FD001_GAT_EDmamba+40/seed30/model_FD001_0722_092752_seed30.pkl
rmse_final:16.00374984741211, score:474.7609558105469
