-----FD002-----
关键参数:
序列长度: 30
批大小(batch_size): 128
最大训练轮数(max_epochs): 30
随机数种子: 80
模型代号(model_code): MB
模型结构(model_structure): lstm_mamba_attention
学习率: 0.002
学习率调度器: step
Step步长(step_size): 10
Step衰减系数(gamma): 0.1
编码器: LSTM
编码器后处理: 2层Mamba block
encoder_hidden_size: 8
mamba_num_layers: 2
mamba_d_state: 16
decoder_attention_size: 28
------------------------------
Epoch: 1, Loss: 25.6717, Rmse_valid: 22.4312, valid_score: 99276.4, , rmse_test: 20.8407, score_test: 3897.9, Learning rate:0.00200000
Epoch: 2, Loss: 20.4435, Rmse_valid: 20.2789, valid_score: 53394.7, , rmse_test: 19.1821, score_test: 2185.7, Learning rate:0.00200000
Epoch: 3, Loss: 18.6702, Rmse_valid: 18.6118, valid_score: 43343.6, , rmse_test: 16.4765, score_test: 1372.9, Learning rate:0.00200000
Epoch: 4, Loss: 17.6983, Rmse_valid: 18.6890, valid_score: 65809.0, , rmse_test: 16.8361, score_test: 2014.8, Learning rate:0.00200000
Epoch: 5, Loss: 17.1365, Rmse_valid: 17.6408, valid_score: 38211.8, , rmse_test: 15.7742, score_test: 1270.0, Learning rate:0.00200000
Epoch: 6, Loss: 16.6156, Rmse_valid: 17.9586, valid_score: 58983.8, , rmse_test: 16.3043, score_test: 1954.4, Learning rate:0.00200000
Epoch: 7, Loss: 16.2681, Rmse_valid: 17.8269, valid_score: 40338.0, , rmse_test: 15.3536, score_test: 1283.0, Learning rate:0.00200000
Epoch: 8, Loss: 16.0105, Rmse_valid: 18.2646, valid_score: 40261.9, , rmse_test: 16.3054, score_test: 1607.1, Learning rate:0.00200000
Epoch: 9, Loss: 15.7702, Rmse_valid: 16.8945, valid_score: 35932.2, , rmse_test: 14.3083, score_test: 1105.7, Learning rate:0.00200000
Epoch: 10, Loss: 15.5348, Rmse_valid: 17.3653, valid_score: 44350.3, , rmse_test: 14.9652, score_test: 1525.5, Learning rate:0.00200000
Epoch: 11, Loss: 14.0967, Rmse_valid: 16.0864, valid_score: 25629.5, , rmse_test: 13.8135, score_test: 902.1, Learning rate:0.00020000
Epoch: 12, Loss: 13.9723, Rmse_valid: 16.1773, valid_score: 33591.8, , rmse_test: 14.1186, score_test: 1216.4, Learning rate:0.00020000
Epoch: 13, Loss: 13.9071, Rmse_valid: 16.0784, valid_score: 29342.7, , rmse_test: 13.9121, score_test: 1045.7, Learning rate:0.00020000
Epoch: 14, Loss: 13.8478, Rmse_valid: 15.7909, valid_score: 31587.6, , rmse_test: 14.1591, score_test: 1217.9, Learning rate:0.00020000
Epoch: 15, Loss: 13.7857, Rmse_valid: 15.9362, valid_score: 30927.2, , rmse_test: 13.9599, score_test: 1097.4, Learning rate:0.00020000
Epoch: 16, Loss: 13.7387, Rmse_valid: 15.8207, valid_score: 29991.9, , rmse_test: 13.8029, score_test: 1013.4, Learning rate:0.00020000
Epoch: 17, Loss: 13.6733, Rmse_valid: 15.9994, valid_score: 36406.6, , rmse_test: 14.2023, score_test: 1223.8, Learning rate:0.00020000
Epoch: 18, Loss: 13.6431, Rmse_valid: 15.6290, valid_score: 26746.1, , rmse_test: 13.6439, score_test: 1020.2, Learning rate:0.00020000
Epoch: 19, Loss: 13.5913, Rmse_valid: 15.8503, valid_score: 27488.5, , rmse_test: 13.6562, score_test: 1005.5, Learning rate:0.00020000
Epoch: 20, Loss: 13.5518, Rmse_valid: 15.7184, valid_score: 29231.9, , rmse_test: 13.7053, score_test: 1012.8, Learning rate:0.00020000
Epoch: 21, Loss: 13.4675, Rmse_valid: 15.6544, valid_score: 29414.4, , rmse_test: 13.7502, score_test: 1073.2, Learning rate:0.00002000
Epoch: 22, Loss: 13.4501, Rmse_valid: 15.5263, valid_score: 29008.3, , rmse_test: 13.7957, score_test: 1072.7, Learning rate:0.00002000
Epoch: 23, Loss: 13.4541, Rmse_valid: 15.7500, valid_score: 28939.6, , rmse_test: 13.7765, score_test: 1061.0, Learning rate:0.00002000
Epoch: 24, Loss: 13.4369, Rmse_valid: 15.5462, valid_score: 28549.5, , rmse_test: 13.7448, score_test: 1060.7, Learning rate:0.00002000
Epoch: 25, Loss: 13.4421, Rmse_valid: 15.7092, valid_score: 29056.6, , rmse_test: 13.7534, score_test: 1060.2, Learning rate:0.00002000
Epoch: 26, Loss: 13.4170, Rmse_valid: 15.6246, valid_score: 28932.3, , rmse_test: 13.7247, score_test: 1057.1, Learning rate:0.00002000
Epoch: 27, Loss: 13.4275, Rmse_valid: 15.4929, valid_score: 28792.1, , rmse_test: 13.7628, score_test: 1074.7, Learning rate:0.00002000
Epoch: 28, Loss: 13.4286, Rmse_valid: 15.5944, valid_score: 28165.6, , rmse_test: 13.7425, score_test: 1056.0, Learning rate:0.00002000
Epoch: 29, Loss: 13.4220, Rmse_valid: 15.7369, valid_score: 28769.5, , rmse_test: 13.7713, score_test: 1082.6, Learning rate:0.00002000
Epoch: 30, Loss: 13.4295, Rmse_valid: 15.5054, valid_score: 28160.9, , rmse_test: 13.7497, score_test: 1053.5, Learning rate:0.00002000
[Train Summary] Restored best model from epoch 27, rmse_valid: 15.4929, valid_score: 28792.1, rmse_test: 13.7628, score_test: 1074.7
[Train Time] start: 2026-07-02 06:52:05, end: 2026-07-02 06:56:03, duration: 0:03:59, total_seconds: 238.62
[Auto Test] command: /usr/local/miniconda3/envs/HV/bin/python /Mamba_Rul/scipt/test_model.py --sub-dataset FD002 --smooth-rate 40 --sequence-len 30 --feature-num 14 --dataset-root /Mamba_Rul/CMAPSSData/ --max-rul 125 --batch-size 128 --model-path /Mamba_Rul/logs/FD002_MB/seed80/model_FD002_0702_065205_seed80.pkl
model_path:/Mamba_Rul/logs/FD002_MB/seed80/model_FD002_0702_065205_seed80.pkl
rmse_final:13.663212776184082, score:1032.589599609375
