-----FD003-----
关键参数:
序列长度: 30
批大小(batch_size): 128
最大训练轮数(max_epochs): 30
随机数种子: 17
模型代号(model_code): MB
模型结构(model_structure): lstm_mamba_attention
学习率: 0.002
学习率调度器: step
Step步长(step_size): 10
Step衰减系数(gamma): 0.1
编码器: LSTM
编码器后处理: 2层Mamba block
encoder_hidden_size: 8
mamba_num_layers: 2
mamba_d_state: 16
decoder_attention_size: 28
------------------------------
Epoch: 1, Loss: 25.8417, Rmse_valid: 18.9920, valid_score: 32720.7, , rmse_test: 27.9607, score_test: 11761.7, Learning rate:0.00200000
Epoch: 2, Loss: 18.1619, Rmse_valid: 16.4749, valid_score: 10295.4, , rmse_test: 18.0031, score_test: 1611.5, Learning rate:0.00200000
Epoch: 3, Loss: 16.0121, Rmse_valid: 12.3979, valid_score: 8023.9, , rmse_test: 18.2999, score_test: 2065.6, Learning rate:0.00200000
Epoch: 4, Loss: 14.5985, Rmse_valid: 11.8933, valid_score: 7175.7, , rmse_test: 18.4899, score_test: 1761.3, Learning rate:0.00200000
Epoch: 5, Loss: 13.7640, Rmse_valid: 12.3831, valid_score: 6003.9, , rmse_test: 15.9145, score_test: 1164.8, Learning rate:0.00200000
Epoch: 6, Loss: 13.1130, Rmse_valid: 14.6491, valid_score: 7340.8, , rmse_test: 15.4056, score_test: 890.5, Learning rate:0.00200000
Epoch: 7, Loss: 12.7401, Rmse_valid: 11.8685, valid_score: 6468.1, , rmse_test: 15.5531, score_test: 1105.2, Learning rate:0.00200000
Epoch: 8, Loss: 12.1755, Rmse_valid: 14.7103, valid_score: 7206.8, , rmse_test: 15.4371, score_test: 762.0, Learning rate:0.00200000
Epoch: 9, Loss: 11.9348, Rmse_valid: 12.9308, valid_score: 6846.6, , rmse_test: 15.5003, score_test: 1042.2, Learning rate:0.00200000
Epoch: 10, Loss: 11.7344, Rmse_valid: 12.2361, valid_score: 12583.2, , rmse_test: 21.1631, score_test: 2639.5, Learning rate:0.00200000
Epoch: 11, Loss: 10.7185, Rmse_valid: 10.9136, valid_score: 5893.2, , rmse_test: 15.5103, score_test: 1184.0, Learning rate:0.00020000
Epoch: 12, Loss: 10.5487, Rmse_valid: 10.5509, valid_score: 6080.1, , rmse_test: 15.8434, score_test: 1286.5, Learning rate:0.00020000
Epoch: 13, Loss: 10.4864, Rmse_valid: 10.6597, valid_score: 5913.9, , rmse_test: 15.4909, score_test: 1239.7, Learning rate:0.00020000
Epoch: 14, Loss: 10.4214, Rmse_valid: 10.5491, valid_score: 5648.4, , rmse_test: 15.4664, score_test: 1159.5, Learning rate:0.00020000
Epoch: 15, Loss: 10.3763, Rmse_valid: 10.4868, valid_score: 5155.0, , rmse_test: 15.1282, score_test: 1115.1, Learning rate:0.00020000
Epoch: 16, Loss: 10.3108, Rmse_valid: 10.6680, valid_score: 5316.7, , rmse_test: 14.9856, score_test: 1039.6, Learning rate:0.00020000
Epoch: 17, Loss: 10.3032, Rmse_valid: 10.4539, valid_score: 5283.7, , rmse_test: 15.1235, score_test: 1063.6, Learning rate:0.00020000
Epoch: 18, Loss: 10.2404, Rmse_valid: 10.3734, valid_score: 5194.2, , rmse_test: 15.1481, score_test: 1064.5, Learning rate:0.00020000
Epoch: 19, Loss: 10.2064, Rmse_valid: 10.3458, valid_score: 5550.6, , rmse_test: 15.2676, score_test: 1118.4, Learning rate:0.00020000
Epoch: 20, Loss: 10.2064, Rmse_valid: 10.3934, valid_score: 5372.2, , rmse_test: 15.1052, score_test: 1041.6, Learning rate:0.00020000
Epoch: 21, Loss: 10.1495, Rmse_valid: 10.0992, valid_score: 5228.9, , rmse_test: 15.1587, score_test: 1048.2, Learning rate:0.00002000
Epoch: 22, Loss: 10.0645, Rmse_valid: 10.0949, valid_score: 5243.2, , rmse_test: 15.1407, score_test: 1047.1, Learning rate:0.00002000
Epoch: 23, Loss: 10.0966, Rmse_valid: 10.2891, valid_score: 5084.3, , rmse_test: 14.9352, score_test: 992.1, Learning rate:0.00002000
Epoch: 24, Loss: 10.0776, Rmse_valid: 10.1721, valid_score: 5110.2, , rmse_test: 15.0039, score_test: 1007.4, Learning rate:0.00002000
Epoch: 25, Loss: 10.0902, Rmse_valid: 10.1300, valid_score: 5248.0, , rmse_test: 15.1552, score_test: 1050.1, Learning rate:0.00002000
Epoch: 26, Loss: 10.0910, Rmse_valid: 10.0948, valid_score: 5234.6, , rmse_test: 15.1129, score_test: 1050.3, Learning rate:0.00002000
Epoch: 27, Loss: 10.0947, Rmse_valid: 10.1060, valid_score: 5138.1, , rmse_test: 15.0284, score_test: 1009.5, Learning rate:0.00002000
Epoch: 28, Loss: 10.0947, Rmse_valid: 10.1177, valid_score: 5135.6, , rmse_test: 15.0296, score_test: 1022.6, Learning rate:0.00002000
Epoch: 29, Loss: 10.0495, Rmse_valid: 10.1611, valid_score: 5139.6, , rmse_test: 15.0011, score_test: 1015.5, Learning rate:0.00002000
Epoch: 30, Loss: 10.0899, Rmse_valid: 10.1138, valid_score: 5294.0, , rmse_test: 15.1498, score_test: 1060.4, Learning rate:0.00002000
[Train Summary] Restored best model from epoch 26, rmse_valid: 10.0948, valid_score: 5234.6, rmse_test: 15.1129, score_test: 1050.3
[Train Time] start: 2026-07-02 07:06:06, end: 2026-07-02 07:07:59, duration: 0:01:53, total_seconds: 113.17
[Auto Test] command: /usr/local/miniconda3/envs/HV/bin/python /Mamba_Rul/scipt/test_model.py --sub-dataset FD003 --smooth-rate 30 --sequence-len 30 --feature-num 14 --dataset-root /Mamba_Rul/CMAPSSData/ --max-rul 125 --batch-size 128 --model-path /Mamba_Rul/logs/FD003_MB/seed17/model_FD003_0702_070606_seed17.pkl
model_path:/Mamba_Rul/logs/FD003_MB/seed17/model_FD003_0702_070606_seed17.pkl
rmse_final:14.972975730895996, score:1019.5653686523438
