-----FD002-----
关键参数:
序列长度: 30
批大小(batch_size): 128
最大训练轮数(max_epochs): 30
随机数种子: 30
模型代号(model_code): FD002_D
模型结构(model_structure): encoderdecoder
消融预设(ablation_preset): D - KNN graph + GAT + EncoderDecoder-LSTM with AOF
学习率: 0.002
学习率调度器: step
Step步长(step_size): 10
Step衰减系数(gamma): 0.1
空间GAT: 开启
是否使用解码器LSTM: 是
是否使用AOF: 是
Decoder注意力隐层维度: 28
Decoder融合方式: concat
图构建模式(graph_mode): dynamic_knn
GAT层数(num_layers): 2
GAT邻居数(topk): 7
GAT嵌入维度: 8
GAT隐藏层维度: 8
------------------------------
Epoch: 1, Loss: 27.6604, Rmse_valid: 23.4868, valid_score: 101566.6, , rmse_test: 22.1269, score_test: 4693.2, Learning rate:0.00200000
Epoch: 2, Loss: 20.0930, Rmse_valid: 20.0563, valid_score: 70369.1, , rmse_test: 17.3523, score_test: 1515.5, Learning rate:0.00200000
Epoch: 3, Loss: 18.3597, Rmse_valid: 18.9286, valid_score: 76370.4, , rmse_test: 16.4915, score_test: 1713.4, Learning rate:0.00200000
Epoch: 4, Loss: 17.5086, Rmse_valid: 18.6229, valid_score: 64585.9, , rmse_test: 15.6666, score_test: 1080.7, Learning rate:0.00200000
Epoch: 5, Loss: 16.7874, Rmse_valid: 18.4884, valid_score: 100194.0, , rmse_test: 15.7652, score_test: 1443.8, Learning rate:0.00200000
Epoch: 6, Loss: 16.3599, Rmse_valid: 19.2381, valid_score: 47528.4, , rmse_test: 17.0663, score_test: 1503.8, Learning rate:0.00200000
Epoch: 7, Loss: 16.0436, Rmse_valid: 18.0284, valid_score: 58565.7, , rmse_test: 14.7484, score_test: 1211.4, Learning rate:0.00200000
Epoch: 8, Loss: 15.6762, Rmse_valid: 16.9884, valid_score: 43083.5, , rmse_test: 14.2293, score_test: 879.0, Learning rate:0.00200000
Epoch: 9, Loss: 15.5371, Rmse_valid: 20.4910, valid_score: 92892.8, , rmse_test: 19.5410, score_test: 4444.5, Learning rate:0.00200000
Epoch: 10, Loss: 15.2499, Rmse_valid: 16.9475, valid_score: 50681.2, , rmse_test: 14.2001, score_test: 961.7, Learning rate:0.00200000
Epoch: 11, Loss: 13.4366, Rmse_valid: 16.0113, valid_score: 47265.8, , rmse_test: 13.5511, score_test: 902.9, Learning rate:0.00020000
Epoch: 12, Loss: 13.2358, Rmse_valid: 15.7708, valid_score: 45080.1, , rmse_test: 13.7772, score_test: 1002.0, Learning rate:0.00020000
Epoch: 13, Loss: 13.1562, Rmse_valid: 16.0040, valid_score: 48859.2, , rmse_test: 13.6951, score_test: 980.8, Learning rate:0.00020000
Epoch: 14, Loss: 13.1073, Rmse_valid: 15.6504, valid_score: 44809.1, , rmse_test: 13.5771, score_test: 916.4, Learning rate:0.00020000
Epoch: 15, Loss: 13.0465, Rmse_valid: 15.6894, valid_score: 47686.3, , rmse_test: 13.5304, score_test: 934.8, Learning rate:0.00020000
Epoch: 16, Loss: 12.9963, Rmse_valid: 15.7529, valid_score: 44087.4, , rmse_test: 13.6157, score_test: 962.1, Learning rate:0.00020000
Epoch: 17, Loss: 12.9566, Rmse_valid: 15.9539, valid_score: 41597.1, , rmse_test: 13.6974, score_test: 950.6, Learning rate:0.00020000
Epoch: 18, Loss: 12.9267, Rmse_valid: 15.6534, valid_score: 40967.9, , rmse_test: 13.6274, score_test: 991.4, Learning rate:0.00020000
Epoch: 19, Loss: 12.8783, Rmse_valid: 15.4337, valid_score: 31716.3, , rmse_test: 13.5009, score_test: 900.1, Learning rate:0.00020000
Epoch: 20, Loss: 12.8505, Rmse_valid: 15.6644, valid_score: 39507.7, , rmse_test: 13.6303, score_test: 992.6, Learning rate:0.00020000
Epoch: 21, Loss: 12.7248, Rmse_valid: 15.6841, valid_score: 38912.6, , rmse_test: 13.7427, score_test: 1030.5, Learning rate:0.00002000
Epoch: 22, Loss: 12.7121, Rmse_valid: 15.4986, valid_score: 38960.0, , rmse_test: 13.6137, score_test: 997.3, Learning rate:0.00002000
Epoch: 23, Loss: 12.7058, Rmse_valid: 15.5743, valid_score: 39049.5, , rmse_test: 13.6555, score_test: 995.2, Learning rate:0.00002000
Epoch: 24, Loss: 12.7019, Rmse_valid: 15.6722, valid_score: 40400.0, , rmse_test: 13.6226, score_test: 999.1, Learning rate:0.00002000
Epoch: 25, Loss: 12.6986, Rmse_valid: 15.3659, valid_score: 39264.3, , rmse_test: 13.6930, score_test: 1030.9, Learning rate:0.00002000
Epoch: 26, Loss: 12.6963, Rmse_valid: 15.6016, valid_score: 40977.7, , rmse_test: 13.6533, score_test: 1014.3, Learning rate:0.00002000
Epoch: 27, Loss: 12.6897, Rmse_valid: 15.6797, valid_score: 39843.9, , rmse_test: 13.6811, score_test: 1013.0, Learning rate:0.00002000
Epoch: 28, Loss: 12.6859, Rmse_valid: 15.6717, valid_score: 39277.6, , rmse_test: 13.6549, score_test: 1000.2, Learning rate:0.00002000
Epoch: 29, Loss: 12.6778, Rmse_valid: 15.4284, valid_score: 40153.4, , rmse_test: 13.6409, score_test: 1008.4, Learning rate:0.00002000
Epoch: 30, Loss: 12.6799, Rmse_valid: 15.4111, valid_score: 38237.7, , rmse_test: 13.6274, score_test: 1001.7, Learning rate:0.00002000
[Train Summary] Restored best model from epoch 25, rmse_valid: 15.3659, valid_score: 39264.3, rmse_test: 13.6930, score_test: 1030.9
[Train Time] start: 2026-04-20 06:05:48, end: 2026-04-20 06:12:05, duration: 0:06:16, total_seconds: 376.22
[Auto Test] command: /usr/bin/python /CMAPSS-release/scipt/test_model.py --sub-dataset FD002 --smooth-rate 40 --sequence-len 30 --feature-num 14 --dataset-root /CMAPSS-release/CMAPSSData/ --max-rul 125 --batch-size 128 --model-path /CMAPSS-release/logs/FD002_FD002_D/seed30/model_FD002_0420_060548_seed30.pkl
model_path:/CMAPSS-release/logs/FD002_FD002_D/seed30/model_FD002_0420_060548_seed30.pkl
rmse_final:13.640021324157715, score:990.974365234375
