-----FD003-----
关键参数:
序列长度: 30
批大小(batch_size): 128
最大训练轮数(max_epochs): 30
随机数种子: 51
模型代号(model_code): FD003_C
模型结构(model_structure): encoderdecoder
消融预设(ablation_preset): C - Path graph + GAT + Encoder-only LSTM (no decoder, no AOF)
学习率: 0.002
学习率调度器: step
Step步长(step_size): 10
Step衰减系数(gamma): 0.1
空间GAT: 开启
是否使用解码器LSTM: 否
是否使用AOF: 否
图构建模式(graph_mode): path
GAT层数(num_layers): 2
GAT邻居数(topk): 7
GAT嵌入维度: 8
GAT隐藏层维度: 8
------------------------------
Epoch: 1, Loss: 29.0183, Rmse_valid: 19.6440, valid_score: 27911.9, , rmse_test: 25.7575, score_test: 6586.1, Learning rate:0.00200000
Epoch: 2, Loss: 19.9692, Rmse_valid: 17.3168, valid_score: 20293.1, , rmse_test: 24.3023, score_test: 3999.9, Learning rate:0.00200000
Epoch: 3, Loss: 19.5705, Rmse_valid: 18.2442, valid_score: 27495.8, , rmse_test: 25.7159, score_test: 6555.4, Learning rate:0.00200000
Epoch: 4, Loss: 19.2603, Rmse_valid: 17.3354, valid_score: 24063.2, , rmse_test: 26.1024, score_test: 6609.6, Learning rate:0.00200000
Epoch: 5, Loss: 18.9794, Rmse_valid: 16.9488, valid_score: 27619.7, , rmse_test: 25.8053, score_test: 6171.9, Learning rate:0.00200000
Epoch: 6, Loss: 18.7045, Rmse_valid: 18.1640, valid_score: 21313.1, , rmse_test: 22.6757, score_test: 2168.9, Learning rate:0.00200000
Epoch: 7, Loss: 18.2142, Rmse_valid: 17.7970, valid_score: 21048.8, , rmse_test: 22.6054, score_test: 2302.4, Learning rate:0.00200000
Epoch: 8, Loss: 17.3253, Rmse_valid: 16.4817, valid_score: 20840.4, , rmse_test: 23.2333, score_test: 2764.2, Learning rate:0.00200000
Epoch: 9, Loss: 16.0682, Rmse_valid: 14.7543, valid_score: 22204.0, , rmse_test: 20.8572, score_test: 2338.6, Learning rate:0.00200000
Epoch: 10, Loss: 14.7802, Rmse_valid: 15.0917, valid_score: 23597.1, , rmse_test: 23.6523, score_test: 2809.5, Learning rate:0.00200000
Epoch: 11, Loss: 12.9302, Rmse_valid: 13.7102, valid_score: 15293.0, , rmse_test: 18.2048, score_test: 1410.9, Learning rate:0.00020000
Epoch: 12, Loss: 12.4355, Rmse_valid: 13.8861, valid_score: 16506.8, , rmse_test: 18.4689, score_test: 1326.8, Learning rate:0.00020000
Epoch: 13, Loss: 12.1663, Rmse_valid: 12.9254, valid_score: 17158.0, , rmse_test: 18.3584, score_test: 1546.4, Learning rate:0.00020000
Epoch: 14, Loss: 11.9546, Rmse_valid: 13.2304, valid_score: 16946.3, , rmse_test: 18.4385, score_test: 1435.8, Learning rate:0.00020000
Epoch: 15, Loss: 11.7660, Rmse_valid: 13.3242, valid_score: 15418.1, , rmse_test: 17.8969, score_test: 1324.1, Learning rate:0.00020000
Epoch: 16, Loss: 11.5980, Rmse_valid: 13.1058, valid_score: 16569.9, , rmse_test: 18.8058, score_test: 1490.6, Learning rate:0.00020000
Epoch: 17, Loss: 11.4174, Rmse_valid: 12.8862, valid_score: 13542.0, , rmse_test: 17.9005, score_test: 1397.6, Learning rate:0.00020000
Epoch: 18, Loss: 11.2730, Rmse_valid: 12.5952, valid_score: 12406.1, , rmse_test: 17.8093, score_test: 1418.5, Learning rate:0.00020000
Epoch: 19, Loss: 11.1048, Rmse_valid: 13.0423, valid_score: 12816.6, , rmse_test: 17.8753, score_test: 1383.6, Learning rate:0.00020000
Epoch: 20, Loss: 10.9675, Rmse_valid: 12.5346, valid_score: 13395.7, , rmse_test: 18.1657, score_test: 1451.5, Learning rate:0.00020000
Epoch: 21, Loss: 10.7910, Rmse_valid: 12.5595, valid_score: 12821.9, , rmse_test: 17.8773, score_test: 1377.0, Learning rate:0.00002000
Epoch: 22, Loss: 10.7589, Rmse_valid: 12.4718, valid_score: 12895.6, , rmse_test: 17.9257, score_test: 1425.4, Learning rate:0.00002000
Epoch: 23, Loss: 10.7423, Rmse_valid: 12.6502, valid_score: 12773.2, , rmse_test: 17.8144, score_test: 1409.6, Learning rate:0.00002000
Epoch: 24, Loss: 10.7256, Rmse_valid: 12.3933, valid_score: 12985.6, , rmse_test: 17.9130, score_test: 1405.0, Learning rate:0.00002000
Epoch: 25, Loss: 10.7091, Rmse_valid: 12.5854, valid_score: 12436.7, , rmse_test: 17.7923, score_test: 1354.6, Learning rate:0.00002000
Epoch: 26, Loss: 10.6942, Rmse_valid: 12.5000, valid_score: 12818.0, , rmse_test: 17.8772, score_test: 1393.6, Learning rate:0.00002000
Epoch: 27, Loss: 10.6799, Rmse_valid: 12.3882, valid_score: 13186.8, , rmse_test: 17.9781, score_test: 1433.5, Learning rate:0.00002000
Epoch: 28, Loss: 10.6617, Rmse_valid: 12.6235, valid_score: 12562.3, , rmse_test: 17.8103, score_test: 1378.4, Learning rate:0.00002000
Epoch: 29, Loss: 10.6462, Rmse_valid: 12.4399, valid_score: 12973.9, , rmse_test: 17.9319, score_test: 1412.3, Learning rate:0.00002000
Epoch: 30, Loss: 10.6326, Rmse_valid: 12.3910, valid_score: 12700.3, , rmse_test: 17.9034, score_test: 1415.0, Learning rate:0.00002000
[Train Summary] Restored best model from epoch 27, rmse_valid: 12.3882, valid_score: 13186.8, rmse_test: 17.9781, score_test: 1433.5
[Train Time] start: 2026-04-20 08:56:22, end: 2026-04-20 08:58:39, duration: 0:02:17, total_seconds: 137.49
[Auto Test] command: /usr/bin/python /CMAPSS-release/scipt/test_model.py --sub-dataset FD003 --smooth-rate 40 --sequence-len 30 --feature-num 14 --dataset-root /CMAPSS-release/CMAPSSData/ --max-rul 125 --batch-size 128 --model-path /CMAPSS-release/logs/FD003_FD003_C/seed51/model_FD003_0420_085622_seed51.pkl
model_path:/CMAPSS-release/logs/FD003_FD003_C/seed51/model_FD003_0420_085622_seed51.pkl
rmse_final:17.848249435424805, score:1345.810302734375
