-----FD001-----
关键参数:
序列长度: 30
批大小(batch_size): 128
最大训练轮数(max_epochs): 30
随机数种子: 2
模型代号(model_code): SGFMB
模型结构(model_structure): sgformer_mamba_regressor
学习率: 0.002
学习率调度器: step
Step步长(step_size): 10
Step衰减系数(gamma): 0.1
空间模块: SGFormer(传感器维度全注意力)
d_model: 64
spatial_num_layers: 2
spatial_num_heads: 4
spatial_dropout: 0.1
时间模块: Mamba-style selective SSM (no encoder-decoder)
temporal_num_layers: 2
temporal_d_state: 16
temporal_dropout: 0.1
sensor_pooling: mean
------------------------------
Epoch: 1, Loss: 29.3843, Rmse_valid: 24.4293, valid_score: 24667.2, , rmse_test: 23.6759, score_test: 23925.9, Learning rate:0.00200000
Epoch: 2, Loss: 21.8110, Rmse_valid: 23.2785, valid_score: 35655.4, , rmse_test: 26.7535, score_test: 10827.3, Learning rate:0.00200000
Epoch: 3, Loss: 20.9504, Rmse_valid: 17.6304, valid_score: 8618.8, , rmse_test: 17.2026, score_test: 624.8, Learning rate:0.00200000
Epoch: 4, Loss: 19.2589, Rmse_valid: 22.7063, valid_score: 33295.2, , rmse_test: 25.3536, score_test: 3571.0, Learning rate:0.00200000
Epoch: 5, Loss: 17.2674, Rmse_valid: 17.0655, valid_score: 11939.6, , rmse_test: 18.4122, score_test: 1182.1, Learning rate:0.00200000
Epoch: 6, Loss: 16.5190, Rmse_valid: 18.2459, valid_score: 22862.8, , rmse_test: 18.0919, score_test: 707.2, Learning rate:0.00200000
Epoch: 7, Loss: 15.9004, Rmse_valid: 15.6792, valid_score: 8981.2, , rmse_test: 18.2993, score_test: 889.8, Learning rate:0.00200000
Epoch: 8, Loss: 15.0945, Rmse_valid: 14.0821, valid_score: 9256.9, , rmse_test: 13.9343, score_test: 357.8, Learning rate:0.00200000
Epoch: 9, Loss: 14.9378, Rmse_valid: 15.4029, valid_score: 13282.7, , rmse_test: 14.6438, score_test: 434.7, Learning rate:0.00200000
Epoch: 10, Loss: 14.2778, Rmse_valid: 15.1800, valid_score: 11550.6, , rmse_test: 14.1082, score_test: 423.7, Learning rate:0.00200000
Epoch: 11, Loss: 12.3995, Rmse_valid: 13.8004, valid_score: 7875.9, , rmse_test: 13.4529, score_test: 405.9, Learning rate:0.00020000
Epoch: 12, Loss: 12.0845, Rmse_valid: 13.3132, valid_score: 6996.0, , rmse_test: 13.5553, score_test: 450.9, Learning rate:0.00020000
Epoch: 13, Loss: 11.8820, Rmse_valid: 13.1444, valid_score: 8462.1, , rmse_test: 13.9712, score_test: 504.9, Learning rate:0.00020000
Epoch: 14, Loss: 11.7661, Rmse_valid: 13.1505, valid_score: 6512.3, , rmse_test: 13.4963, score_test: 388.7, Learning rate:0.00020000
Epoch: 15, Loss: 11.6714, Rmse_valid: 13.2767, valid_score: 7924.3, , rmse_test: 13.8248, score_test: 540.1, Learning rate:0.00020000
Epoch: 16, Loss: 11.5798, Rmse_valid: 13.2434, valid_score: 9461.5, , rmse_test: 14.2704, score_test: 596.3, Learning rate:0.00020000
Epoch: 17, Loss: 11.5385, Rmse_valid: 13.3584, valid_score: 8843.1, , rmse_test: 14.0041, score_test: 547.9, Learning rate:0.00020000
Epoch: 18, Loss: 11.4021, Rmse_valid: 14.1196, valid_score: 9785.5, , rmse_test: 14.4158, score_test: 570.2, Learning rate:0.00020000
Epoch: 19, Loss: 11.3636, Rmse_valid: 13.3116, valid_score: 8964.2, , rmse_test: 14.4386, score_test: 707.7, Learning rate:0.00020000
Epoch: 20, Loss: 11.2981, Rmse_valid: 14.6256, valid_score: 9868.1, , rmse_test: 14.6226, score_test: 736.0, Learning rate:0.00020000
Epoch: 21, Loss: 11.1116, Rmse_valid: 13.9769, valid_score: 8881.7, , rmse_test: 14.1949, score_test: 606.4, Learning rate:0.00002000
Epoch: 22, Loss: 11.0450, Rmse_valid: 13.9321, valid_score: 8726.1, , rmse_test: 14.2430, score_test: 612.2, Learning rate:0.00002000
Epoch: 23, Loss: 11.0707, Rmse_valid: 13.7998, valid_score: 8791.1, , rmse_test: 14.2674, score_test: 618.3, Learning rate:0.00002000
Epoch: 24, Loss: 11.0596, Rmse_valid: 13.4260, valid_score: 9036.4, , rmse_test: 14.3035, score_test: 635.1, Learning rate:0.00002000
Epoch: 25, Loss: 10.9949, Rmse_valid: 13.8512, valid_score: 8922.6, , rmse_test: 14.4707, score_test: 648.2, Learning rate:0.00002000
Epoch: 26, Loss: 11.0074, Rmse_valid: 13.9189, valid_score: 8905.2, , rmse_test: 14.2790, score_test: 636.7, Learning rate:0.00002000
Epoch: 27, Loss: 11.0185, Rmse_valid: 13.5034, valid_score: 8771.0, , rmse_test: 14.3045, score_test: 648.1, Learning rate:0.00002000
Epoch: 28, Loss: 10.9987, Rmse_valid: 13.4531, valid_score: 8994.6, , rmse_test: 14.2588, score_test: 622.9, Learning rate:0.00002000
Epoch: 29, Loss: 11.0202, Rmse_valid: 13.7495, valid_score: 8845.0, , rmse_test: 14.3221, score_test: 656.7, Learning rate:0.00002000
Epoch: 30, Loss: 10.9472, Rmse_valid: 13.5123, valid_score: 8779.3, , rmse_test: 14.3398, score_test: 633.3, Learning rate:0.00002000
[Train Summary] Restored best model from epoch 13, rmse_valid: 13.1444, valid_score: 8462.1, rmse_test: 13.9712, score_test: 504.9
[Train Time] start: 2026-05-18 21:36:38, end: 2026-05-18 21:49:30, duration: 0:12:52, total_seconds: 771.69
[Auto Test] command: /usr/bin/python /SGFormer_mamba/scipt/test_model.py --sub-dataset FD001 --smooth-rate 40 --sequence-len 30 --feature-num 14 --dataset-root /SGFormer_mamba/CMAPSSData/ --max-rul 125 --batch-size 128 --model-path /SGFormer_mamba/logs/FD001_SGFMB/seed2/model_FD001_0518_213638_seed2.pkl
model_path:/SGFormer_mamba/logs/FD001_SGFMB/seed2/model_FD001_0518_213638_seed2.pkl
rmse_final:13.827508926391602, score:483.96734619140625
