-----FD002-----
关键参数:
序列长度: 30
批大小(batch_size): 128
最大训练轮数(max_epochs): 30
随机数种子: 2
模型代号(model_code): FD002_D
模型结构(model_structure): encoderdecoder
消融预设(ablation_preset): D - KNN graph + GAT + EncoderDecoder-LSTM with AOF
学习率: 0.002
学习率调度器: step
Step步长(step_size): 10
Step衰减系数(gamma): 0.1
空间GAT: 开启
是否使用解码器LSTM: 是
是否使用AOF: 是
Decoder注意力隐层维度: 28
Decoder融合方式: concat
图构建模式(graph_mode): dynamic_knn
GAT层数(num_layers): 2
GAT邻居数(topk): 7
GAT嵌入维度: 8
GAT隐藏层维度: 8
------------------------------
Epoch: 1, Loss: 25.2468, Rmse_valid: 23.2603, valid_score: 129741.2, , rmse_test: 20.8975, score_test: 3371.5, Learning rate:0.00200000
Epoch: 2, Loss: 19.4170, Rmse_valid: 18.5538, valid_score: 55603.3, , rmse_test: 16.5365, score_test: 1510.3, Learning rate:0.00200000
Epoch: 3, Loss: 18.1374, Rmse_valid: 19.7735, valid_score: 56485.6, , rmse_test: 17.6807, score_test: 1761.0, Learning rate:0.00200000
Epoch: 4, Loss: 17.3597, Rmse_valid: 19.0950, valid_score: 33001.0, , rmse_test: 17.3314, score_test: 1034.3, Learning rate:0.00200000
Epoch: 5, Loss: 16.9208, Rmse_valid: 17.8345, valid_score: 53083.8, , rmse_test: 15.8386, score_test: 1573.1, Learning rate:0.00200000
Epoch: 6, Loss: 16.5076, Rmse_valid: 20.6144, valid_score: 80095.6, , rmse_test: 19.6140, score_test: 3030.5, Learning rate:0.00200000
Epoch: 7, Loss: 16.2449, Rmse_valid: 18.2983, valid_score: 67790.1, , rmse_test: 15.6816, score_test: 1812.2, Learning rate:0.00200000
Epoch: 8, Loss: 15.6983, Rmse_valid: 17.0780, valid_score: 42127.6, , rmse_test: 14.5766, score_test: 1430.5, Learning rate:0.00200000
Epoch: 9, Loss: 15.4550, Rmse_valid: 16.9398, valid_score: 46778.8, , rmse_test: 14.7684, score_test: 1378.5, Learning rate:0.00200000
Epoch: 10, Loss: 15.2613, Rmse_valid: 16.3873, valid_score: 41932.7, , rmse_test: 14.1198, score_test: 1069.0, Learning rate:0.00200000
Epoch: 11, Loss: 13.1614, Rmse_valid: 15.4350, valid_score: 29594.2, , rmse_test: 13.4373, score_test: 953.6, Learning rate:0.00020000
Epoch: 12, Loss: 12.9925, Rmse_valid: 15.5749, valid_score: 29457.9, , rmse_test: 13.2161, score_test: 867.3, Learning rate:0.00020000
Epoch: 13, Loss: 12.8987, Rmse_valid: 15.4741, valid_score: 33429.5, , rmse_test: 13.5246, score_test: 1081.9, Learning rate:0.00020000
Epoch: 14, Loss: 12.8045, Rmse_valid: 15.3202, valid_score: 34296.5, , rmse_test: 13.9048, score_test: 1193.7, Learning rate:0.00020000
Epoch: 15, Loss: 12.7332, Rmse_valid: 15.2355, valid_score: 28602.8, , rmse_test: 13.5389, score_test: 1034.1, Learning rate:0.00020000
Epoch: 16, Loss: 12.6666, Rmse_valid: 15.5212, valid_score: 28867.1, , rmse_test: 13.3294, score_test: 988.0, Learning rate:0.00020000
Epoch: 17, Loss: 12.6044, Rmse_valid: 15.6019, valid_score: 30100.0, , rmse_test: 13.5541, score_test: 1060.6, Learning rate:0.00020000
Epoch: 18, Loss: 12.5502, Rmse_valid: 15.5776, valid_score: 28373.2, , rmse_test: 13.3588, score_test: 967.2, Learning rate:0.00020000
Epoch: 19, Loss: 12.5040, Rmse_valid: 15.6384, valid_score: 32259.8, , rmse_test: 13.6795, score_test: 1155.5, Learning rate:0.00020000
Epoch: 20, Loss: 12.4508, Rmse_valid: 16.1193, valid_score: 27926.5, , rmse_test: 13.8393, score_test: 1035.2, Learning rate:0.00020000
Epoch: 21, Loss: 12.3268, Rmse_valid: 15.5646, valid_score: 29452.5, , rmse_test: 13.5600, score_test: 1079.5, Learning rate:0.00002000
Epoch: 22, Loss: 12.2901, Rmse_valid: 15.4038, valid_score: 28905.5, , rmse_test: 13.4442, score_test: 1052.8, Learning rate:0.00002000
Epoch: 23, Loss: 12.2808, Rmse_valid: 15.6846, valid_score: 29658.2, , rmse_test: 13.4023, score_test: 1030.6, Learning rate:0.00002000
Epoch: 24, Loss: 12.2762, Rmse_valid: 15.6046, valid_score: 29469.0, , rmse_test: 13.5211, score_test: 1066.2, Learning rate:0.00002000
Epoch: 25, Loss: 12.2703, Rmse_valid: 15.4458, valid_score: 29851.1, , rmse_test: 13.5591, score_test: 1099.1, Learning rate:0.00002000
Epoch: 26, Loss: 12.2652, Rmse_valid: 15.6191, valid_score: 29035.9, , rmse_test: 13.4937, score_test: 1066.9, Learning rate:0.00002000
Epoch: 27, Loss: 12.2550, Rmse_valid: 15.5782, valid_score: 29096.0, , rmse_test: 13.5880, score_test: 1087.7, Learning rate:0.00002000
Epoch: 28, Loss: 12.2518, Rmse_valid: 15.5223, valid_score: 28329.7, , rmse_test: 13.4524, score_test: 1041.5, Learning rate:0.00002000
Epoch: 29, Loss: 12.2455, Rmse_valid: 15.6636, valid_score: 29594.2, , rmse_test: 13.5288, score_test: 1077.3, Learning rate:0.00002000
Epoch: 30, Loss: 12.2412, Rmse_valid: 15.6147, valid_score: 29391.8, , rmse_test: 13.5630, score_test: 1102.3, Learning rate:0.00002000
[Train Summary] Restored best model from epoch 15, rmse_valid: 15.2355, valid_score: 28602.8, rmse_test: 13.5389, score_test: 1034.1
[Train Time] start: 2026-04-20 05:40:18, end: 2026-04-20 05:46:32, duration: 0:06:14, total_seconds: 374.43
[Auto Test] command: /usr/bin/python /CMAPSS-release/scipt/test_model.py --sub-dataset FD002 --smooth-rate 40 --sequence-len 30 --feature-num 14 --dataset-root /CMAPSS-release/CMAPSSData/ --max-rul 125 --batch-size 128 --model-path /CMAPSS-release/logs/FD002_FD002_D/seed2/model_FD002_0420_054018_seed2.pkl
model_path:/CMAPSS-release/logs/FD002_FD002_D/seed2/model_FD002_0420_054018_seed2.pkl
rmse_final:13.48257827758789, score:1002.4168701171875
